Iteration	ValueMean	ValueStddev	DerivMean	DerivStddev
1	0.513	0.267	0.173	0.0707
2	0.499	0.251	0.183	0.0645
3	0.493	0.243	0.184	0.0597
4	0.485	0.238	0.186	0.0585
5	0.48	0.233	0.187	0.0553
6	0.474	0.232	0.188	0.0551
7	0.475	0.233	0.187	0.0556
8	0.474	0.233	0.186	0.0554
9	0.472	0.232	0.187	0.055
10	0.471	0.232	0.187	0.0548
11	0.47	0.231	0.187	0.0548
12	0.47	0.232	0.187	0.0549
13	0.469	0.231	0.187	0.0548
14	0.468	0.232	0.187	0.055
15	0.467	0.231	0.187	0.0548
16	0.467	0.231	0.187	0.0548
17	0.467	0.231	0.187	0.0546
18	0.467	0.232	0.187	0.0549
19	0.465	0.232	0.187	0.0548
20	0.465	0.231	0.187	0.0546
21	0.464	0.232	0.187	0.0548
22	0.463	0.231	0.187	0.0547
23	0.462	0.231	0.187	0.0547
24	0.462	0.231	0.187	0.0546
25	0.461	0.231	0.187	0.0546
26	0.461	0.231	0.187	0.0545
27	0.46	0.231	0.187	0.0545
28	0.46	0.231	0.187	0.0546
29	0.461	0.232	0.187	0.0547
30	0.46	0.232	0.187	0.0549
31	0.459	0.232	0.187	0.0549
32	0.458	0.232	0.187	0.0546
33	0.457	0.231	0.187	0.0545
34	0.457	0.231	0.187	0.0546
35	0.457	0.231	0.187	0.0545
36	0.457	0.231	0.187	0.0547
37	0.456	0.232	0.187	0.0549
38	0.457	0.232	0.187	0.0551
39	0.455	0.231	0.187	0.0546
40	0.455	0.232	0.187	0.0547
41	0.455	0.232	0.187	0.0549
42	0.455	0.232	0.187	0.0548
43	0.454	0.231	0.187	0.0545
44	0.453	0.23	0.187	0.0544
45	0.453	0.23	0.187	0.0543
46	0.453	0.231	0.187	0.0545
47	0.452	0.231	0.187	0.0547
48	0.452	0.231	0.187	0.0545
49	0.451	0.231	0.187	0.0546
50	0.451	0.231	0.187	0.0545
51	0.451	0.231	0.187	0.0546
52	0.451	0.231	0.187	0.0547
53	0.45	0.231	0.187	0.0545
54	0.45	0.231	0.187	0.0546
55	0.45	0.231	0.186	0.0547
56	0.449	0.231	0.187	0.0546
57	0.449	0.231	0.186	0.0546
58	0.449	0.231	0.186	0.0547
59	0.449	0.231	0.186	0.0549
60	0.448	0.232	0.186	0.0551
61	0.448	0.232	0.186	0.055
62	0.447	0.231	0.186	0.0547
63	0.447	0.231	0.186	0.0547
64	0.447	0.231	0.186	0.0547
65	0.446	0.231	0.186	0.0548
66	0.446	0.232	0.186	0.0549
67	0.446	0.232	0.186	0.0548
68	0.446	0.232	0.186	0.0549
69	0.446	0.232	0.186	0.0551
70	0.446	0.232	0.186	0.0551
71	0.446	0.232	0.186	0.0552
72	0.446	0.232	0.186	0.0553
73	0.446	0.232	0.186	0.0552
74	0.446	0.232	0.186	0.0553
75	0.446	0.233	0.186	0.0554
76	0.446	0.232	0.186	0.0552
77	0.445	0.232	0.186	0.0552
78	0.445	0.232	0.186	0.0552
79	0.445	0.232	0.186	0.0553
80	0.445	0.232	0.186	0.0551
81	0.444	0.232	0.186	0.0551
82	0.443	0.232	0.186	0.0552
83	0.443	0.232	0.186	0.0552
84	0.444	0.232	0.186	0.0553
85	0.443	0.232	0.186	0.0554
86	0.443	0.232	0.186	0.0553
87	0.443	0.233	0.185	0.0554
88	0.443	0.233	0.185	0.0554
89	0.443	0.233	0.185	0.0554
90	0.443	0.233	0.185	0.0554
91	0.443	0.234	0.185	0.0556
92	0.443	0.234	0.185	0.0556
93	0.443	0.233	0.185	0.0555
94	0.442	0.233	0.185	0.0554
95	0.442	0.233	0.185	0.0555
96	0.442	0.233	0.185	0.0555
97	0.441	0.233	0.185	0.0555
98	0.441	0.233	0.185	0.0555
99	0.441	0.233	0.185	0.0554
100	0.44	0.233	0.185	0.0555
101	0.44	0.233	0.185	0.0556
102	0.44	0.233	0.185	0.0556
103	0.44	0.233	0.185	0.0555
104	0.44	0.233	0.185	0.0555
105	0.44	0.233	0.185	0.0556
106	0.44	0.233	0.185	0.0556
107	0.439	0.233	0.185	0.0556
108	0.439	0.233	0.185	0.0555
109	0.439	0.233	0.185	0.0556
110	0.439	0.233	0.185	0.0557
111	0.439	0.233	0.185	0.0557
112	0.439	0.233	0.185	0.0555
113	0.438	0.233	0.185	0.0557
114	0.439	0.233	0.185	0.0557
115	0.439	0.233	0.185	0.0558
116	0.438	0.233	0.185	0.0557
117	0.439	0.233	0.185	0.0558
118	0.439	0.233	0.185	0.0557
119	0.438	0.233	0.184	0.0557
120	0.438	0.234	0.184	0.0558
121	0.438	0.233	0.185	0.0557
122	0.437	0.233	0.184	0.0557
123	0.437	0.233	0.185	0.0556
124	0.437	0.233	0.185	0.0554
125	0.436	0.233	0.185	0.0553
126	0.437	0.232	0.185	0.0552
127	0.437	0.233	0.185	0.0554
128	0.437	0.233	0.185	0.0554
129	0.436	0.233	0.184	0.0555
130	0.436	0.233	0.185	0.0555
131	0.436	0.233	0.184	0.0556
132	0.435	0.233	0.184	0.0556
133	0.435	0.233	0.184	0.0555
134	0.435	0.233	0.184	0.0555
135	0.435	0.233	0.184	0.0555
136	0.435	0.232	0.184	0.0554
137	0.435	0.232	0.185	0.0553
138	0.435	0.232	0.185	0.0553
139	0.435	0.232	0.184	0.0552
140	0.434	0.232	0.184	0.0552
141	0.434	0.233	0.184	0.0554
142	0.435	0.233	0.184	0.0555
143	0.435	0.233	0.184	0.0557
144	0.435	0.233	0.184	0.0556
145	0.434	0.233	0.184	0.0555
146	0.434	0.234	0.184	0.0557
147	0.434	0.233	0.184	0.0556
148	0.434	0.233	0.184	0.0556
149	0.433	0.233	0.184	0.0555
150	0.433	0.233	0.184	0.0557
151	0.433	0.233	0.184	0.0557
152	0.433	0.233	0.184	0.0556
153	0.433	0.233	0.184	0.0557
154	0.432	0.233	0.184	0.0557
155	0.433	0.233	0.184	0.0556
156	0.433	0.233	0.184	0.0556
157	0.432	0.233	0.184	0.0555
158	0.432	0.233	0.184	0.0557
159	0.432	0.233	0.184	0.0556
160	0.431	0.233	0.184	0.0555
161	0.431	0.233	0.184	0.0556
162	0.431	0.233	0.184	0.0555
163	0.431	0.233	0.184	0.0555
164	0.431	0.234	0.184	0.0557
165	0.431	0.234	0.183	0.0558
166	0.431	0.234	0.183	0.0556
167	0.431	0.234	0.183	0.0557
168	0.431	0.234	0.183	0.0557
169	0.431	0.233	0.183	0.0555
170	0.43	0.233	0.183	0.0556
171	0.431	0.233	0.183	0.0556
172	0.43	0.233	0.184	0.0554
173	0.43	0.233	0.183	0.0555
174	0.43	0.233	0.183	0.0556
175	0.43	0.233	0.184	0.0555
176	0.43	0.233	0.183	0.0555
177	0.43	0.233	0.183	0.0555
178	0.43	0.233	0.183	0.0555
179	0.43	0.233	0.183	0.0555
180	0.43	0.233	0.183	0.0556
181	0.43	0.233	0.183	0.0554
182	0.43	0.233	0.183	0.0555
183	0.43	0.233	0.183	0.0555
184	0.43	0.233	0.183	0.0555
185	0.43	0.234	0.183	0.0556
186	0.429	0.233	0.183	0.0556
187	0.429	0.233	0.183	0.0557
188	0.429	0.233	0.183	0.0555
189	0.428	0.233	0.183	0.0556
190	0.429	0.233	0.183	0.0556
191	0.429	0.233	0.183	0.0557
192	0.429	0.233	0.183	0.0557
193	0.428	0.233	0.183	0.0557
194	0.428	0.233	0.183	0.0557
195	0.428	0.233	0.183	0.0557
196	0.428	0.234	0.183	0.0558
197	0.428	0.234	0.183	0.0558
198	0.428	0.234	0.183	0.0557
199	0.428	0.233	0.183	0.0556
200	0.428	0.234	0.183	0.0557
201	0.428	0.234	0.183	0.0559
202	0.428	0.234	0.183	0.0558
203	0.427	0.234	0.183	0.0558
204	0.427	0.234	0.183	0.0558
205	0.428	0.234	0.183	0.0558
206	0.427	0.234	0.183	0.0558
207	0.427	0.234	0.183	0.0559
208	0.427	0.234	0.183	0.0558
209	0.427	0.234	0.183	0.0558
210	0.427	0.234	0.183	0.0558
211	0.427	0.234	0.183	0.0558
212	0.427	0.234	0.183	0.0558
213	0.427	0.234	0.182	0.0559
214	0.427	0.234	0.182	0.0558
215	0.426	0.233	0.183	0.0557
216	0.426	0.233	0.183	0.0558
217	0.426	0.233	0.182	0.0557
218	0.426	0.233	0.182	0.0557
219	0.425	0.233	0.182	0.0558
220	0.426	0.234	0.182	0.0558
221	0.426	0.233	0.182	0.0558
222	0.425	0.234	0.182	0.0559
223	0.426	0.233	0.182	0.0557
224	0.425	0.233	0.182	0.0558
225	0.425	0.234	0.182	0.0559
226	0.425	0.233	0.182	0.0557
227	0.424	0.233	0.182	0.0557
228	0.424	0.233	0.182	0.0558
229	0.425	0.233	0.182	0.0557
230	0.425	0.233	0.182	0.0557
231	0.425	0.233	0.182	0.0558
232	0.425	0.233	0.182	0.0557
233	0.425	0.233	0.182	0.0556
234	0.425	0.233	0.182	0.0556
235	0.424	0.233	0.182	0.0556
236	0.424	0.233	0.182	0.0556
237	0.424	0.233	0.182	0.0557
238	0.425	0.233	0.182	0.0557
239	0.425	0.233	0.182	0.0558
240	0.425	0.234	0.182	0.0558
241	0.424	0.234	0.182	0.0558
242	0.424	0.233	0.182	0.0558
243	0.424	0.233	0.182	0.0559
244	0.424	0.233	0.182	0.0557
245	0.423	0.233	0.182	0.0557
246	0.423	0.233	0.182	0.0559
247	0.424	0.233	0.182	0.0558
248	0.424	0.233	0.182	0.0557
249	0.424	0.233	0.182	0.0558
250	0.424	0.233	0.182	0.0557
251	0.423	0.233	0.182	0.0558
252	0.423	0.234	0.182	0.0559
253	0.423	0.234	0.182	0.0559
254	0.423	0.234	0.182	0.056
255	0.423	0.234	0.182	0.0559
256	0.424	0.234	0.182	0.0559
257	0.424	0.234	0.182	0.0561
258	0.423	0.234	0.182	0.0561
259	0.424	0.234	0.182	0.056
260	0.423	0.234	0.182	0.0559
261	0.423	0.234	0.182	0.0561
262	0.423	0.234	0.182	0.0561
263	0.423	0.234	0.182	0.0561
264	0.423	0.234	0.181	0.0561
265	0.423	0.234	0.182	0.0561
266	0.423	0.234	0.182	0.056
267	0.423	0.234	0.182	0.0562
268	0.423	0.234	0.182	0.056
269	0.423	0.234	0.182	0.056
270	0.422	0.234	0.181	0.0561
271	0.422	0.234	0.182	0.056
272	0.422	0.234	0.182	0.056
273	0.422	0.234	0.181	0.0561
274	0.422	0.234	0.181	0.056
275	0.423	0.234	0.181	0.0561
276	0.422	0.234	0.181	0.0561
277	0.422	0.234	0.181	0.0562
278	0.422	0.234	0.181	0.0561
279	0.422	0.234	0.181	0.0562
280	0.422	0.234	0.181	0.0562
281	0.422	0.234	0.181	0.0561
282	0.422	0.235	0.181	0.0562
283	0.423	0.235	0.181	0.0562
284	0.422	0.234	0.181	0.0561
285	0.422	0.234	0.181	0.0562
286	0.422	0.234	0.181	0.0561
287	0.422	0.234	0.181	0.056
288	0.422	0.234	0.181	0.0561
289	0.422	0.234	0.181	0.0561
290	0.422	0.234	0.181	0.056
291	0.421	0.234	0.181	0.0561
292	0.421	0.234	0.181	0.0561
293	0.421	0.234	0.181	0.0561
294	0.421	0.234	0.181	0.0561
295	0.421	0.234	0.181	0.0561
296	0.421	0.234	0.181	0.0561
297	0.421	0.234	0.181	0.0561
298	0.421	0.234	0.181	0.0561
299	0.421	0.234	0.181	0.0561
300	0.421	0.234	0.181	0.0562
301	0.421	0.234	0.181	0.0562
302	0.421	0.234	0.181	0.0562
303	0.421	0.234	0.181	0.0562
304	0.421	0.234	0.181	0.0562
305	0.42	0.234	0.181	0.0561
306	0.42	0.234	0.181	0.0562
307	0.421	0.234	0.181	0.0561
308	0.421	0.234	0.181	0.056
309	0.421	0.234	0.181	0.0561
310	0.421	0.234	0.181	0.0561
311	0.421	0.234	0.181	0.0562
312	0.42	0.234	0.181	0.0561
313	0.42	0.234	0.181	0.0561
314	0.42	0.234	0.181	0.0562
315	0.421	0.235	0.181	0.0562
316	0.421	0.235	0.181	0.0562
317	0.421	0.235	0.181	0.0563
318	0.421	0.235	0.181	0.0564
319	0.421	0.234	0.181	0.0562
320	0.42	0.234	0.181	0.0562
321	0.42	0.235	0.181	0.0563
322	0.42	0.234	0.181	0.0562
323	0.42	0.234	0.181	0.0563
324	0.421	0.235	0.181	0.0563
325	0.42	0.234	0.181	0.0563
326	0.42	0.234	0.181	0.0562
327	0.42	0.235	0.181	0.0563
328	0.42	0.235	0.181	0.0564
329	0.42	0.235	0.181	0.0562
330	0.42	0.235	0.181	0.0562
331	0.42	0.235	0.181	0.0562
332	0.42	0.235	0.181	0.0563
333	0.419	0.235	0.18	0.0562
334	0.419	0.235	0.18	0.0563
335	0.42	0.235	0.181	0.0563
336	0.42	0.235	0.18	0.0563
337	0.42	0.235	0.18	0.0563
338	0.42	0.235	0.18	0.0563
339	0.42	0.235	0.18	0.0562
340	0.42	0.235	0.18	0.0562
341	0.419	0.235	0.18	0.0563
342	0.42	0.235	0.18	0.0562
343	0.42	0.235	0.18	0.0562
344	0.419	0.235	0.18	0.0562
345	0.42	0.235	0.18	0.0562
346	0.419	0.235	0.18	0.0562
347	0.42	0.235	0.18	0.0562
348	0.42	0.235	0.18	0.0562
349	0.42	0.235	0.18	0.0562
350	0.42	0.234	0.18	0.0561
351	0.419	0.234	0.18	0.0561
352	0.42	0.234	0.18	0.0561
353	0.419	0.235	0.18	0.0561
354	0.419	0.234	0.18	0.056
355	0.419	0.234	0.18	0.0561
356	0.419	0.235	0.18	0.0562
357	0.419	0.234	0.18	0.0561
358	0.419	0.234	0.18	0.056
359	0.418	0.234	0.18	0.0561
360	0.419	0.235	0.18	0.0561
361	0.419	0.235	0.18	0.0561
362	0.419	0.235	0.18	0.0561
363	0.418	0.235	0.18	0.0561
364	0.418	0.235	0.18	0.0561
365	0.418	0.235	0.18	0.0561
366	0.418	0.234	0.18	0.0561
367	0.418	0.235	0.18	0.0561
368	0.418	0.234	0.18	0.056
369	0.418	0.235	0.18	0.0561
370	0.418	0.234	0.18	0.056
371	0.418	0.234	0.18	0.056
372	0.418	0.234	0.18	0.056
373	0.418	0.234	0.18	0.056
374	0.417	0.235	0.18	0.0561
375	0.417	0.235	0.18	0.0561
376	0.418	0.235	0.18	0.0561
377	0.418	0.234	0.18	0.0561
378	0.418	0.235	0.18	0.0562
379	0.418	0.235	0.18	0.0562
380	0.418	0.235	0.18	0.0562
381	0.417	0.235	0.18	0.0562
382	0.417	0.235	0.18	0.0562
383	0.417	0.235	0.18	0.0562
384	0.417	0.235	0.18	0.0563
385	0.417	0.235	0.18	0.0563
386	0.417	0.235	0.18	0.0563
387	0.418	0.235	0.18	0.0563
388	0.418	0.235	0.18	0.0563
389	0.418	0.235	0.18	0.0562
390	0.417	0.235	0.18	0.0563
391	0.417	0.235	0.18	0.0562
392	0.417	0.235	0.18	0.0562
393	0.418	0.235	0.18	0.0562
394	0.417	0.235	0.18	0.0562
395	0.417	0.235	0.18	0.0562
396	0.417	0.235	0.18	0.0562
397	0.417	0.235	0.18	0.0563
398	0.418	0.236	0.18	0.0563
399	0.417	0.235	0.18	0.0562
400	0.417	0.236	0.179	0.0563
401	0.417	0.236	0.179	0.0563
402	0.417	0.235	0.18	0.0563
403	0.417	0.236	0.18	0.0564
404	0.418	0.236	0.18	0.0563
405	0.418	0.236	0.18	0.0564
406	0.417	0.236	0.179	0.0563
407	0.418	0.236	0.18	0.0562
408	0.418	0.235	0.18	0.0562
409	0.417	0.235	0.18	0.0562
410	0.418	0.235	0.18	0.0561
411	0.417	0.235	0.18	0.0561
412	0.417	0.235	0.18	0.0561
413	0.417	0.235	0.18	0.056
414	0.417	0.235	0.18	0.056
415	0.416	0.235	0.18	0.056
416	0.416	0.235	0.18	0.0561
417	0.417	0.235	0.18	0.0561
418	0.416	0.235	0.179	0.0561
419	0.417	0.235	0.179	0.0561
420	0.416	0.235	0.179	0.0562
421	0.417	0.235	0.179	0.0562
422	0.417	0.235	0.18	0.0562
423	0.417	0.235	0.179	0.0562
424	0.417	0.235	0.179	0.0562
425	0.417	0.235	0.179	0.0561
426	0.417	0.235	0.179	0.0561
427	0.417	0.235	0.179	0.0561
428	0.417	0.235	0.179	0.0562
429	0.417	0.235	0.179	0.0563
430	0.417	0.236	0.179	0.0562
431	0.417	0.236	0.179	0.0563
432	0.417	0.236	0.179	0.0563
433	0.417	0.236	0.179	0.0563
434	0.417	0.236	0.179	0.0563
435	0.417	0.236	0.179	0.0563
436	0.417	0.236	0.179	0.0562
437	0.417	0.236	0.179	0.0562
438	0.417	0.236	0.179	0.0563
439	0.417	0.236	0.179	0.0563
440	0.417	0.236	0.179	0.0561
441	0.417	0.236	0.179	0.0562
442	0.416	0.236	0.179	0.0562
443	0.417	0.236	0.179	0.0563
444	0.417	0.236	0.179	0.0562
445	0.417	0.235	0.179	0.0562
446	0.417	0.235	0.179	0.0561
447	0.417	0.235	0.179	0.0561
448	0.417	0.235	0.179	0.056
449	0.416	0.235	0.179	0.0561
450	0.416	0.235	0.179	0.0561
451	0.416	0.236	0.179	0.0562
452	0.416	0.236	0.179	0.0561
453	0.417	0.236	0.179	0.0562
454	0.417	0.236	0.179	0.0563
455	0.416	0.236	0.179	0.0562
456	0.416	0.236	0.179	0.0562
457	0.417	0.236	0.179	0.0563
458	0.417	0.236	0.179	0.0563
459	0.417	0.236	0.179	0.0563
460	0.416	0.236	0.179	0.0562
461	0.416	0.235	0.179	0.0561
462	0.417	0.236	0.179	0.0562
463	0.417	0.236	0.179	0.0563
464	0.416	0.236	0.179	0.0563
465	0.416	0.236	0.179	0.0562
466	0.416	0.235	0.179	0.0562
467	0.416	0.236	0.179	0.0562
468	0.416	0.235	0.179	0.0562
469	0.416	0.235	0.179	0.0562
470	0.416	0.235	0.179	0.0562
471	0.416	0.235	0.179	0.0562
472	0.416	0.235	0.179	0.0562
473	0.416	0.235	0.179	0.0561
474	0.415	0.235	0.179	0.0561
475	0.416	0.235	0.179	0.0562
476	0.416	0.235	0.179	0.0561
477	0.416	0.235	0.179	0.0562
478	0.416	0.235	0.179	0.0562
479	0.416	0.235	0.179	0.0561
480	0.416	0.235	0.179	0.0561
481	0.416	0.235	0.179	0.0562
482	0.416	0.235	0.179	0.0561
483	0.416	0.235	0.179	0.0561
484	0.416	0.235	0.179	0.0561
485	0.416	0.235	0.179	0.0561
486	0.416	0.235	0.179	0.0561
487	0.416	0.235	0.179	0.056
488	0.416	0.235	0.179	0.0561
489	0.416	0.235	0.179	0.0561
490	0.416	0.235	0.179	0.0561
491	0.416	0.235	0.179	0.0561
492	0.416	0.236	0.179	0.0561
493	0.415	0.236	0.179	0.0561
494	0.416	0.235	0.179	0.0561
495	0.415	0.235	0.179	0.0561
496	0.415	0.235	0.179	0.0561
497	0.415	0.236	0.179	0.0561
498	0.415	0.236	0.179	0.0561
499	0.415	0.236	0.179	0.0561
500	0.415	0.235	0.179	0.056
501	0.415	0.235	0.179	0.056
502	0.415	0.235	0.179	0.056
503	0.415	0.235	0.179	0.056
504	0.415	0.235	0.179	0.056
505	0.415	0.235	0.179	0.056
506	0.415	0.235	0.179	0.056
507	0.415	0.235	0.179	0.0561
508	0.415	0.235	0.179	0.056
509	0.415	0.235	0.179	0.056
510	0.415	0.235	0.179	0.056
511	0.415	0.235	0.179	0.056
512	0.415	0.235	0.179	0.056
513	0.415	0.235	0.179	0.0561
514	0.415	0.235	0.179	0.0561
515	0.415	0.235	0.179	0.0561
516	0.415	0.235	0.179	0.056
517	0.415	0.236	0.179	0.0561
518	0.415	0.235	0.179	0.056
519	0.415	0.236	0.179	0.0561
520	0.415	0.236	0.179	0.056
521	0.415	0.236	0.179	0.0561
522	0.415	0.236	0.179	0.0561
523	0.415	0.236	0.179	0.056
524	0.415	0.236	0.179	0.0561
525	0.415	0.236	0.179	0.0561
526	0.415	0.236	0.179	0.0561
527	0.415	0.236	0.179	0.0561
528	0.415	0.236	0.178	0.0562
529	0.415	0.236	0.179	0.0561
530	0.415	0.236	0.179	0.0561
531	0.415	0.236	0.178	0.0562
532	0.415	0.236	0.179	0.0561
533	0.415	0.236	0.179	0.0561
534	0.415	0.236	0.178	0.0562
535	0.416	0.236	0.179	0.0561
536	0.416	0.236	0.179	0.0561
537	0.415	0.236	0.178	0.0561
538	0.415	0.236	0.179	0.0561
539	0.415	0.236	0.179	0.0561
540	0.415	0.236	0.179	0.0561
541	0.415	0.236	0.179	0.056
542	0.415	0.236	0.179	0.056
543	0.415	0.236	0.178	0.0561
544	0.415	0.236	0.179	0.0561
545	0.415	0.236	0.178	0.0561
546	0.415	0.236	0.178	0.0562
547	0.415	0.236	0.178	0.0561
548	0.415	0.236	0.178	0.0561
549	0.415	0.236	0.178	0.0561
550	0.415	0.236	0.178	0.0562
551	0.415	0.236	0.178	0.0561
552	0.415	0.236	0.178	0.0562
553	0.415	0.236	0.178	0.0561
554	0.415	0.236	0.178	0.0561
555	0.415	0.236	0.178	0.0562
556	0.415	0.236	0.178	0.0561
557	0.414	0.236	0.178	0.0562
558	0.415	0.236	0.178	0.0562
559	0.415	0.236	0.178	0.056
560	0.415	0.236	0.178	0.0561
561	0.414	0.236	0.178	0.0561
562	0.414	0.236	0.178	0.0561
563	0.414	0.236	0.178	0.0561
564	0.414	0.236	0.178	0.0561
565	0.414	0.236	0.178	0.0561
566	0.415	0.236	0.178	0.0561
567	0.414	0.236	0.178	0.0561
568	0.414	0.236	0.178	0.056
569	0.414	0.236	0.178	0.0561
570	0.414	0.236	0.178	0.0562
571	0.414	0.236	0.178	0.0561
572	0.414	0.236	0.178	0.0561
573	0.414	0.236	0.178	0.0562
574	0.414	0.236	0.178	0.0561
575	0.415	0.236	0.178	0.0561
576	0.414	0.236	0.178	0.0562
577	0.415	0.236	0.178	0.0561
578	0.414	0.236	0.178	0.0561
579	0.414	0.236	0.178	0.0562
580	0.414	0.236	0.178	0.056
581	0.415	0.236	0.178	0.056
582	0.414	0.236	0.178	0.056
583	0.414	0.236	0.178	0.0561
584	0.414	0.236	0.178	0.0561
585	0.414	0.236	0.178	0.0561
586	0.415	0.236	0.178	0.056
587	0.415	0.236	0.178	0.0559
588	0.415	0.236	0.178	0.056
589	0.415	0.236	0.178	0.0559
590	0.415	0.235	0.178	0.0559
591	0.415	0.236	0.178	0.056
592	0.414	0.236	0.178	0.056
593	0.414	0.236	0.178	0.0559
594	0.414	0.236	0.178	0.056
595	0.414	0.236	0.178	0.0559
596	0.414	0.236	0.178	0.0559
597	0.415	0.236	0.178	0.056
598	0.415	0.236	0.178	0.0559
599	0.415	0.236	0.178	0.0559
600	0.414	0.236	0.178	0.056
601	0.415	0.236	0.178	0.0559
602	0.414	0.236	0.178	0.0559
603	0.414	0.236	0.178	0.0559
604	0.414	0.236	0.178	0.0559
605	0.415	0.236	0.178	0.0559
606	0.415	0.236	0.178	0.056
607	0.415	0.236	0.178	0.0559
608	0.414	0.236	0.178	0.0559
609	0.414	0.236	0.178	0.0559
610	0.414	0.236	0.178	0.0559
611	0.414	0.236	0.178	0.0559
612	0.414	0.236	0.178	0.056
613	0.414	0.236	0.178	0.0558
614	0.414	0.236	0.178	0.0558
615	0.414	0.236	0.178	0.0559
616	0.415	0.236	0.178	0.0559
617	0.415	0.235	0.178	0.0558
618	0.414	0.236	0.178	0.0559
619	0.414	0.236	0.178	0.0558
620	0.414	0.236	0.178	0.0558
621	0.414	0.236	0.178	0.0559
622	0.414	0.236	0.178	0.0559
623	0.414	0.236	0.178	0.0559
624	0.414	0.236	0.178	0.0559
625	0.414	0.235	0.178	0.0558
626	0.414	0.236	0.178	0.0558
627	0.414	0.236	0.178	0.0559
628	0.414	0.235	0.178	0.0557
629	0.413	0.235	0.178	0.0558
630	0.413	0.236	0.178	0.0558
631	0.414	0.235	0.178	0.0558
632	0.413	0.235	0.178	0.0557
633	0.413	0.235	0.178	0.0557
634	0.413	0.235	0.178	0.0557
635	0.413	0.235	0.178	0.0557
636	0.413	0.236	0.178	0.0558
637	0.413	0.236	0.178	0.0558
638	0.413	0.236	0.178	0.0558
639	0.413	0.236	0.178	0.0558
640	0.413	0.236	0.178	0.0558
641	0.413	0.236	0.178	0.0557
642	0.413	0.236	0.178	0.0558
643	0.413	0.236	0.178	0.0558
644	0.414	0.236	0.178	0.0558
645	0.413	0.236	0.178	0.0558
646	0.414	0.235	0.178	0.0558
647	0.413	0.236	0.178	0.0558
648	0.413	0.236	0.178	0.0558
649	0.413	0.236	0.178	0.0558
650	0.414	0.236	0.178	0.0558
651	0.413	0.236	0.178	0.0559
652	0.414	0.236	0.178	0.0558
653	0.413	0.236	0.178	0.0558
654	0.414	0.236	0.178	0.0558
655	0.414	0.236	0.178	0.0558
656	0.413	0.236	0.178	0.0559
657	0.413	0.236	0.178	0.0558
658	0.413	0.236	0.178	0.0558
659	0.414	0.236	0.178	0.0558
660	0.413	0.236	0.178	0.0559
661	0.413	0.236	0.178	0.0558
662	0.413	0.236	0.178	0.0558
663	0.413	0.236	0.178	0.0558
664	0.413	0.236	0.178	0.0557
665	0.413	0.236	0.178	0.0558
666	0.413	0.236	0.178	0.0558
667	0.413	0.236	0.178	0.0557
668	0.413	0.236	0.178	0.0556
669	0.413	0.236	0.178	0.0558
670	0.413	0.236	0.178	0.0558
671	0.413	0.236	0.178	0.0557
672	0.413	0.236	0.178	0.0557
673	0.413	0.236	0.178	0.0557
674	0.413	0.236	0.178	0.0557
675	0.413	0.236	0.178	0.0557
676	0.413	0.236	0.178	0.0557
677	0.413	0.236	0.178	0.0557
678	0.413	0.236	0.178	0.0557
679	0.413	0.236	0.178	0.0557
680	0.413	0.236	0.178	0.0557
681	0.413	0.236	0.178	0.0557
682	0.413	0.236	0.178	0.0557
683	0.413	0.236	0.178	0.0557
684	0.413	0.236	0.178	0.0557
685	0.413	0.236	0.178	0.0558
686	0.413	0.236	0.178	0.0557
687	0.413	0.236	0.178	0.0558
688	0.413	0.236	0.178	0.0558
689	0.414	0.236	0.178	0.0558
690	0.413	0.236	0.178	0.0557
691	0.413	0.236	0.178	0.0557
692	0.413	0.236	0.178	0.0557
693	0.413	0.236	0.178	0.0557
694	0.414	0.236	0.178	0.0557
695	0.413	0.236	0.178	0.0557
696	0.413	0.236	0.178	0.0556
697	0.413	0.235	0.178	0.0555
698	0.413	0.235	0.178	0.0556
699	0.413	0.235	0.178	0.0556
700	0.413	0.236	0.178	0.0556
701	0.413	0.236	0.178	0.0556
702	0.413	0.235	0.178	0.0555
703	0.413	0.235	0.178	0.0556
704	0.413	0.236	0.178	0.0556
705	0.413	0.235	0.178	0.0556
706	0.413	0.236	0.178	0.0556
707	0.413	0.236	0.178	0.0556
708	0.413	0.235	0.178	0.0556
709	0.413	0.235	0.178	0.0556
710	0.413	0.236	0.178	0.0556
711	0.413	0.236	0.178	0.0556
712	0.414	0.236	0.178	0.0555
713	0.413	0.235	0.178	0.0555
714	0.413	0.236	0.178	0.0556
715	0.413	0.236	0.178	0.0556
716	0.413	0.236	0.178	0.0556
717	0.413	0.235	0.178	0.0556
718	0.412	0.236	0.178	0.0556
719	0.413	0.236	0.178	0.0556
720	0.413	0.236	0.178	0.0556
721	0.413	0.236	0.178	0.0556
722	0.413	0.236	0.178	0.0556
723	0.413	0.236	0.178	0.0556
724	0.413	0.236	0.178	0.0556
725	0.413	0.236	0.178	0.0556
726	0.413	0.236	0.178	0.0556
727	0.413	0.236	0.178	0.0556
728	0.413	0.236	0.178	0.0556
729	0.413	0.236	0.178	0.0556
730	0.413	0.236	0.178	0.0556
731	0.413	0.236	0.178	0.0556
732	0.413	0.236	0.178	0.0556
733	0.413	0.236	0.178	0.0556
734	0.413	0.236	0.178	0.0556
735	0.413	0.236	0.178	0.0556
736	0.413	0.236	0.178	0.0556
737	0.413	0.236	0.178	0.0556
738	0.413	0.236	0.178	0.0556
739	0.413	0.236	0.178	0.0556
740	0.413	0.236	0.178	0.0557
741	0.413	0.236	0.178	0.0556
742	0.413	0.236	0.178	0.0557
743	0.413	0.236	0.178	0.0556
744	0.413	0.236	0.178	0.0555
745	0.413	0.236	0.178	0.0556
746	0.413	0.236	0.178	0.0556
747	0.413	0.236	0.178	0.0555
748	0.413	0.236	0.178	0.0556
749	0.414	0.236	0.178	0.0556
750	0.414	0.236	0.178	0.0555
751	0.414	0.236	0.178	0.0555
752	0.414	0.236	0.178	0.0555
753	0.414	0.236	0.178	0.0555
754	0.414	0.236	0.178	0.0556
755	0.414	0.236	0.178	0.0556
756	0.414	0.236	0.178	0.0555
757	0.414	0.236	0.178	0.0556
758	0.413	0.236	0.178	0.0556
759	0.414	0.236	0.178	0.0556
760	0.413	0.236	0.178	0.0556
761	0.413	0.236	0.178	0.0556
762	0.413	0.236	0.178	0.0555
763	0.413	0.236	0.178	0.0555
764	0.413	0.236	0.178	0.0555
765	0.413	0.236	0.178	0.0555
766	0.413	0.236	0.178	0.0555
767	0.413	0.236	0.178	0.0555
768	0.413	0.236	0.178	0.0555
769	0.413	0.236	0.178	0.0554
770	0.413	0.236	0.178	0.0555
771	0.413	0.236	0.178	0.0555
772	0.413	0.236	0.178	0.0556
773	0.413	0.236	0.178	0.0556
774	0.413	0.236	0.178	0.0556
775	0.413	0.236	0.178	0.0556
776	0.413	0.236	0.178	0.0555
777	0.413	0.236	0.178	0.0555
778	0.413	0.236	0.178	0.0555
779	0.413	0.236	0.178	0.0555
780	0.413	0.236	0.178	0.0555
781	0.413	0.236	0.178	0.0555
782	0.413	0.236	0.178	0.0555
783	0.413	0.236	0.178	0.0556
784	0.413	0.236	0.178	0.0556
785	0.413	0.236	0.178	0.0555
786	0.413	0.236	0.178	0.0555
787	0.413	0.236	0.178	0.0555
788	0.413	0.236	0.178	0.0555
789	0.413	0.236	0.178	0.0554
790	0.412	0.235	0.178	0.0554
791	0.412	0.236	0.178	0.0554
792	0.412	0.236	0.178	0.0554
793	0.412	0.236	0.178	0.0554
794	0.412	0.236	0.178	0.0554
795	0.412	0.236	0.178	0.0554
796	0.412	0.236	0.178	0.0554
797	0.412	0.236	0.178	0.0554
798	0.413	0.236	0.178	0.0554
799	0.413	0.236	0.178	0.0554
800	0.413	0.236	0.178	0.0553
801	0.412	0.236	0.178	0.0553
802	0.413	0.236	0.178	0.0553
803	0.413	0.236	0.178	0.0553
804	0.413	0.236	0.178	0.0553
805	0.413	0.236	0.178	0.0553
806	0.413	0.236	0.178	0.0554
807	0.413	0.236	0.178	0.0553
808	0.413	0.235	0.178	0.0553
809	0.413	0.236	0.178	0.0553
810	0.413	0.236	0.178	0.0554
811	0.413	0.236	0.178	0.0553
812	0.413	0.236	0.178	0.0554
813	0.413	0.235	0.178	0.0553
814	0.413	0.236	0.178	0.0553
815	0.413	0.236	0.178	0.0553
816	0.413	0.236	0.178	0.0553
817	0.413	0.235	0.178	0.0553
818	0.413	0.236	0.178	0.0553
819	0.413	0.236	0.178	0.0553
820	0.412	0.235	0.178	0.0553
821	0.412	0.235	0.178	0.0553
822	0.412	0.235	0.178	0.0553
823	0.412	0.236	0.178	0.0553
824	0.413	0.235	0.178	0.0553
825	0.413	0.236	0.178	0.0553
826	0.412	0.236	0.178	0.0552
827	0.413	0.236	0.178	0.0553
828	0.412	0.236	0.178	0.0553
829	0.413	0.236	0.178	0.0552
830	0.413	0.236	0.178	0.0553
831	0.413	0.236	0.178	0.0553
832	0.413	0.235	0.178	0.0552
833	0.413	0.236	0.178	0.0553
834	0.413	0.236	0.178	0.0553
835	0.413	0.235	0.178	0.0552
836	0.413	0.236	0.178	0.0553
837	0.413	0.235	0.178	0.0552
838	0.412	0.235	0.178	0.0552
839	0.412	0.235	0.178	0.0552
840	0.412	0.235	0.178	0.0552
841	0.412	0.235	0.178	0.0552
842	0.412	0.236	0.178	0.0552
843	0.413	0.236	0.178	0.0552
844	0.412	0.236	0.178	0.0552
845	0.413	0.236	0.178	0.0552
846	0.412	0.236	0.178	0.0552
847	0.413	0.236	0.178	0.0552
848	0.413	0.236	0.178	0.0553
849	0.413	0.236	0.178	0.0552
850	0.413	0.236	0.178	0.0552
851	0.412	0.236	0.177	0.0553
852	0.413	0.236	0.178	0.0553
853	0.413	0.236	0.178	0.0552
854	0.413	0.236	0.178	0.0553
855	0.413	0.236	0.178	0.0553
856	0.412	0.236	0.178	0.0552
857	0.413	0.236	0.178	0.0553
858	0.413	0.236	0.177	0.0553
859	0.412	0.236	0.177	0.0553
860	0.413	0.236	0.177	0.0553
861	0.413	0.236	0.178	0.0553
862	0.413	0.235	0.178	0.0552
863	0.412	0.236	0.178	0.0552
864	0.413	0.236	0.178	0.0552
865	0.412	0.236	0.178	0.0552
866	0.412	0.235	0.178	0.0552
867	0.412	0.236	0.178	0.0553
868	0.412	0.236	0.178	0.0552
869	0.412	0.236	0.177	0.0552
870	0.413	0.236	0.178	0.0552
871	0.413	0.236	0.178	0.0552
872	0.413	0.236	0.178	0.0552
873	0.413	0.236	0.178	0.0553
874	0.413	0.236	0.178	0.0552
875	0.413	0.236	0.177	0.0552
876	0.413	0.236	0.177	0.0552
877	0.412	0.236	0.177	0.0552
878	0.412	0.236	0.177	0.0552
879	0.413	0.236	0.178	0.0552
880	0.412	0.236	0.177	0.0552
881	0.412	0.236	0.178	0.0552
882	0.412	0.236	0.178	0.0552
883	0.412	0.235	0.178	0.0551
884	0.412	0.236	0.178	0.0552
885	0.412	0.235	0.177	0.0551
886	0.412	0.235	0.178	0.0551
887	0.412	0.235	0.178	0.0551
888	0.412	0.235	0.178	0.0551
889	0.412	0.236	0.177	0.0552
890	0.412	0.236	0.177	0.0552
891	0.412	0.236	0.177	0.0552
892	0.412	0.236	0.178	0.0552
893	0.412	0.235	0.178	0.0552
894	0.412	0.235	0.178	0.0552
895	0.412	0.235	0.178	0.0551
896	0.412	0.235	0.178	0.0552
897	0.412	0.235	0.178	0.0552
898	0.412	0.235	0.178	0.0552
899	0.412	0.235	0.178	0.0552
900	0.412	0.235	0.178	0.0552
901	0.412	0.235	0.178	0.0552
902	0.412	0.235	0.178	0.0552
903	0.413	0.236	0.178	0.0552
904	0.412	0.235	0.178	0.0552
905	0.412	0.236	0.178	0.0552
906	0.412	0.236	0.178	0.0552
907	0.412	0.235	0.178	0.0551
908	0.412	0.236	0.178	0.0552
909	0.412	0.236	0.178	0.0552
910	0.412	0.236	0.178	0.0551
911	0.412	0.236	0.178	0.0552
912	0.413	0.236	0.178	0.0552
913	0.412	0.235	0.178	0.0551
914	0.413	0.235	0.178	0.0551
915	0.412	0.236	0.178	0.0551
916	0.413	0.235	0.178	0.0551
917	0.413	0.236	0.178	0.0551
918	0.412	0.235	0.178	0.0551
919	0.412	0.235	0.178	0.0551
920	0.413	0.236	0.178	0.0551
921	0.412	0.236	0.178	0.0551
922	0.413	0.236	0.177	0.0551
923	0.412	0.236	0.177	0.0551
924	0.413	0.236	0.177	0.0551
925	0.412	0.236	0.177	0.0551
926	0.412	0.236	0.177	0.0551
927	0.413	0.236	0.177	0.0551
928	0.412	0.236	0.177	0.0552
929	0.412	0.236	0.177	0.0552
930	0.413	0.236	0.177	0.0552
931	0.413	0.236	0.177	0.0551
932	0.413	0.236	0.177	0.0552
933	0.413	0.236	0.177	0.0551
934	0.413	0.236	0.177	0.0551
935	0.413	0.236	0.177	0.0551
936	0.412	0.236	0.177	0.0551
937	0.412	0.236	0.177	0.0551
938	0.412	0.236	0.177	0.0551
939	0.412	0.236	0.177	0.0551
940	0.412	0.236	0.177	0.0551
941	0.412	0.236	0.177	0.0551
942	0.413	0.236	0.177	0.0551
943	0.412	0.235	0.177	0.055
944	0.412	0.236	0.177	0.055
945	0.412	0.235	0.177	0.055
946	0.412	0.235	0.177	0.055
947	0.412	0.236	0.177	0.0551
948	0.413	0.236	0.177	0.0551
949	0.412	0.235	0.177	0.055
950	0.412	0.236	0.177	0.0551
951	0.413	0.236	0.177	0.0551
952	0.412	0.236	0.177	0.0551
953	0.412	0.236	0.177	0.0551
954	0.412	0.236	0.177	0.055
955	0.412	0.236	0.177	0.055
956	0.412	0.236	0.177	0.0551
957	0.412	0.236	0.177	0.0551
958	0.412	0.236	0.177	0.055
959	0.413	0.236	0.177	0.0551
960	0.413	0.236	0.177	0.0551
961	0.413	0.236	0.177	0.055
962	0.412	0.236	0.177	0.0551
963	0.413	0.236	0.177	0.055
964	0.413	0.236	0.177	0.055
965	0.413	0.236	0.177	0.055
966	0.413	0.236	0.177	0.055
967	0.413	0.236	0.177	0.055
968	0.413	0.236	0.177	0.055
969	0.413	0.235	0.178	0.055
970	0.413	0.235	0.178	0.0549
971	0.413	0.235	0.178	0.055
972	0.413	0.235	0.178	0.0549
973	0.412	0.235	0.177	0.055
974	0.413	0.235	0.177	0.0549
975	0.414	0.234	0.178	0.0545
976	0.415	0.233	0.179	0.054
977	0.415	0.233	0.179	0.0542
978	0.415	0.233	0.179	0.0542
979	0.415	0.233	0.179	0.0542
980	0.415	0.233	0.179	0.0542
981	0.415	0.233	0.179	0.0542
982	0.414	0.233	0.179	0.0542
983	0.415	0.233	0.179	0.0542
984	0.415	0.233	0.179	0.0542
985	0.415	0.233	0.179	0.0543
986	0.414	0.233	0.179	0.0542
987	0.415	0.233	0.179	0.0542
988	0.415	0.233	0.179	0.0542
989	0.414	0.233	0.179	0.0542
990	0.415	0.233	0.179	0.0542
991	0.415	0.233	0.179	0.0542
992	0.415	0.233	0.179	0.0543
993	0.415	0.233	0.179	0.0543
994	0.415	0.233	0.179	0.0543
995	0.414	0.233	0.179	0.0543
996	0.415	0.233	0.179	0.0543
997	0.415	0.233	0.179	0.0543
998	0.415	0.233	0.179	0.0543
999	0.415	0.233	0.179	0.0542
1000	0.415	0.233	0.179	0.0542
1001	0.415	0.233	0.179	0.0543
1002	0.415	0.233	0.179	0.0543
1003	0.415	0.233	0.179	0.0543
1004	0.415	0.233	0.179	0.0543
1005	0.415	0.233	0.179	0.0543
1006	0.415	0.233	0.179	0.0542
1007	0.415	0.233	0.179	0.0543
1008	0.415	0.233	0.179	0.0542
1009	0.415	0.233	0.179	0.0543
1010	0.415	0.233	0.179	0.0543
1011	0.415	0.233	0.179	0.0542
1012	0.415	0.233	0.179	0.0542
1013	0.415	0.233	0.179	0.0543
1014	0.415	0.233	0.179	0.0543
1015	0.415	0.233	0.179	0.0542
1016	0.415	0.233	0.179	0.0543
1017	0.415	0.233	0.179	0.0543
1018	0.415	0.233	0.179	0.0543
1019	0.415	0.233	0.179	0.0543
1020	0.415	0.233	0.179	0.0543
1021	0.415	0.233	0.179	0.0543
1022	0.415	0.233	0.179	0.0543
1023	0.415	0.233	0.179	0.0542
1024	0.415	0.233	0.179	0.0542
1025	0.415	0.233	0.179	0.0543
1026	0.415	0.233	0.179	0.0542
1027	0.415	0.233	0.179	0.0542
1028	0.415	0.233	0.179	0.0543
1029	0.415	0.233	0.179	0.0542
1030	0.415	0.233	0.179	0.0542
1031	0.415	0.233	0.179	0.0543
1032	0.415	0.233	0.179	0.0543
1033	0.415	0.233	0.179	0.0543
1034	0.415	0.233	0.179	0.0543
1035	0.415	0.233	0.179	0.0543
1036	0.415	0.233	0.179	0.0543
1037	0.415	0.233	0.179	0.0543
1038	0.415	0.234	0.179	0.0543
1039	0.415	0.233	0.179	0.0543
1040	0.415	0.234	0.179	0.0543
1041	0.415	0.233	0.179	0.0543
1042	0.415	0.234	0.179	0.0542
1043	0.415	0.234	0.179	0.0542
1044	0.415	0.233	0.179	0.0542
1045	0.415	0.234	0.179	0.0542
1046	0.415	0.234	0.179	0.0542
1047	0.415	0.234	0.179	0.0542
1048	0.415	0.233	0.179	0.0542
1049	0.415	0.233	0.179	0.0542
1050	0.415	0.234	0.179	0.0542
1051	0.415	0.233	0.179	0.0542
1052	0.415	0.233	0.179	0.0542
1053	0.415	0.234	0.179	0.0542
1054	0.415	0.234	0.179	0.0542
1055	0.415	0.233	0.179	0.0542
1056	0.415	0.234	0.179	0.0542
1057	0.415	0.233	0.179	0.0542
1058	0.415	0.233	0.179	0.0542
1059	0.415	0.233	0.179	0.0542
1060	0.415	0.233	0.179	0.0541
1061	0.415	0.233	0.179	0.0542
1062	0.415	0.233	0.179	0.0541
1063	0.415	0.234	0.179	0.0542
1064	0.415	0.233	0.179	0.0542
1065	0.415	0.234	0.179	0.0542
1066	0.415	0.234	0.179	0.0542
1067	0.415	0.234	0.179	0.0542
1068	0.415	0.234	0.179	0.0542
1069	0.415	0.234	0.179	0.0542
1070	0.415	0.234	0.179	0.0542
1071	0.415	0.234	0.179	0.0542
1072	0.415	0.234	0.179	0.0542
1073	0.415	0.234	0.179	0.0542
1074	0.415	0.234	0.179	0.0542
1075	0.415	0.234	0.179	0.0542
1076	0.415	0.234	0.179	0.0542
1077	0.415	0.234	0.179	0.0542
1078	0.415	0.233	0.179	0.0542
1079	0.415	0.234	0.179	0.0542
1080	0.415	0.234	0.179	0.0542
1081	0.415	0.234	0.179	0.0542
1082	0.415	0.234	0.179	0.0542
1083	0.415	0.233	0.179	0.0541
1084	0.414	0.234	0.179	0.0541
1085	0.415	0.233	0.179	0.0541
1086	0.415	0.233	0.179	0.0541
1087	0.415	0.233	0.179	0.0541
1088	0.415	0.233	0.179	0.0541
1089	0.415	0.233	0.179	0.0541
1090	0.415	0.234	0.179	0.0542
1091	0.415	0.234	0.179	0.0542
1092	0.415	0.234	0.179	0.0542
1093	0.415	0.233	0.179	0.0541
1094	0.414	0.233	0.179	0.0541
1095	0.414	0.233	0.179	0.0542
1096	0.414	0.233	0.179	0.0542
1097	0.415	0.234	0.179	0.0542
1098	0.415	0.234	0.179	0.0542
1099	0.415	0.234	0.179	0.0542
1100	0.415	0.233	0.179	0.0541
1101	0.415	0.234	0.179	0.0541
1102	0.415	0.234	0.179	0.0541
1103	0.415	0.234	0.179	0.0542
1104	0.415	0.234	0.179	0.0541
1105	0.415	0.233	0.179	0.0541
1106	0.414	0.233	0.179	0.0541
1107	0.415	0.233	0.179	0.0541
1108	0.415	0.233	0.179	0.0541
1109	0.414	0.233	0.179	0.054
1110	0.414	0.233	0.179	0.054
1111	0.414	0.233	0.179	0.0541
1112	0.415	0.233	0.179	0.054
1113	0.415	0.233	0.179	0.054
1114	0.414	0.233	0.179	0.054
1115	0.414	0.233	0.179	0.0541
1116	0.414	0.233	0.179	0.054
1117	0.415	0.233	0.179	0.054
1118	0.414	0.233	0.179	0.054
1119	0.415	0.233	0.179	0.054
1120	0.414	0.233	0.179	0.0541
1121	0.414	0.233	0.179	0.0541
1122	0.415	0.233	0.179	0.0541
1123	0.415	0.233	0.179	0.0541
1124	0.415	0.233	0.179	0.0541
1125	0.415	0.233	0.179	0.0541
1126	0.415	0.233	0.179	0.0541
1127	0.415	0.233	0.179	0.0541
1128	0.415	0.233	0.179	0.0541
1129	0.415	0.233	0.179	0.0541
1130	0.415	0.233	0.179	0.0541
1131	0.415	0.233	0.179	0.054
1132	0.415	0.233	0.179	0.054
1133	0.415	0.233	0.179	0.0541
1134	0.415	0.234	0.179	0.0541
1135	0.415	0.234	0.179	0.0542
1136	0.417	0.232	0.18	0.0536
1137	0.418	0.23	0.181	0.0532
1138	0.418	0.23	0.181	0.0533
1139	0.418	0.231	0.18	0.0533
1140	0.417	0.231	0.18	0.0533
1141	0.417	0.231	0.18	0.0534
1142	0.417	0.231	0.18	0.0534
1143	0.418	0.231	0.18	0.0534
1144	0.417	0.231	0.18	0.0534
1145	0.418	0.231	0.18	0.0534
1146	0.417	0.231	0.18	0.0534
1147	0.417	0.231	0.18	0.0534
1148	0.417	0.231	0.18	0.0534
1149	0.417	0.231	0.18	0.0534
1150	0.418	0.231	0.18	0.0535
1151	0.418	0.231	0.18	0.0535
1152	0.418	0.231	0.18	0.0535
1153	0.418	0.231	0.18	0.0535
1154	0.418	0.231	0.18	0.0535
1155	0.418	0.231	0.18	0.0535
1156	0.418	0.231	0.18	0.0535
1157	0.417	0.231	0.18	0.0535
1158	0.418	0.231	0.18	0.0535
1159	0.418	0.231	0.18	0.0535
1160	0.418	0.231	0.18	0.0535
1161	0.418	0.231	0.18	0.0535
1162	0.418	0.231	0.18	0.0535
1163	0.417	0.231	0.18	0.0535
1164	0.417	0.231	0.18	0.0534
1165	0.417	0.231	0.18	0.0534
1166	0.417	0.231	0.18	0.0534
1167	0.417	0.231	0.18	0.0534
1168	0.417	0.231	0.18	0.0534
1169	0.417	0.231	0.18	0.0534
1170	0.417	0.231	0.18	0.0534
1171	0.417	0.231	0.18	0.0534
1172	0.417	0.231	0.18	0.0534
1173	0.417	0.231	0.18	0.0534
1174	0.417	0.231	0.18	0.0534
1175	0.418	0.231	0.18	0.0534
1176	0.417	0.231	0.18	0.0534
1177	0.417	0.231	0.18	0.0534
1178	0.417	0.231	0.18	0.0535
1179	0.417	0.231	0.18	0.0534
1180	0.417	0.231	0.18	0.0534
1181	0.417	0.231	0.18	0.0534
1182	0.417	0.231	0.18	0.0535
1183	0.417	0.231	0.18	0.0534
1184	0.417	0.231	0.18	0.0535
1185	0.418	0.231	0.18	0.0535
1186	0.418	0.231	0.18	0.0534
1187	0.418	0.231	0.18	0.0535
1188	0.417	0.231	0.18	0.0534
1189	0.418	0.231	0.18	0.0534
1190	0.418	0.231	0.18	0.0534
1191	0.418	0.231	0.18	0.0534
1192	0.417	0.231	0.18	0.0534
1193	0.418	0.231	0.18	0.0534
1194	0.418	0.231	0.18	0.0534
1195	0.418	0.231	0.18	0.0535
1196	0.417	0.231	0.18	0.0535
1197	0.418	0.231	0.18	0.0534
1198	0.417	0.231	0.18	0.0534
1199	0.417	0.231	0.18	0.0534
1200	0.417	0.231	0.18	0.0534
1201	0.417	0.231	0.18	0.0534
1202	0.418	0.231	0.18	0.0534
1203	0.417	0.231	0.18	0.0534
1204	0.418	0.231	0.18	0.0534
1205	0.417	0.231	0.18	0.0534
1206	0.417	0.232	0.18	0.0535
1207	0.417	0.231	0.18	0.0534
1208	0.417	0.232	0.18	0.0534
1209	0.417	0.231	0.18	0.0534
1210	0.417	0.231	0.18	0.0534
1211	0.417	0.231	0.18	0.0534
1212	0.417	0.232	0.18	0.0535
1213	0.417	0.231	0.18	0.0534
1214	0.417	0.231	0.18	0.0534
1215	0.417	0.231	0.18	0.0534
1216	0.417	0.231	0.18	0.0534
1217	0.417	0.232	0.18	0.0534
1218	0.417	0.231	0.18	0.0534
1219	0.417	0.231	0.18	0.0534
1220	0.417	0.232	0.18	0.0535
1221	0.417	0.231	0.18	0.0534
1222	0.417	0.231	0.18	0.0534
1223	0.417	0.231	0.18	0.0534
1224	0.417	0.231	0.18	0.0534
1225	0.417	0.231	0.18	0.0534
1226	0.417	0.231	0.18	0.0534
1227	0.417	0.231	0.18	0.0534
1228	0.417	0.231	0.18	0.0534
1229	0.417	0.231	0.18	0.0534
1230	0.417	0.231	0.18	0.0534
1231	0.417	0.231	0.18	0.0533
1232	0.417	0.231	0.18	0.0534
1233	0.417	0.231	0.18	0.0534
1234	0.417	0.231	0.18	0.0534
1235	0.417	0.231	0.18	0.0534
1236	0.417	0.231	0.18	0.0533
1237	0.417	0.231	0.18	0.0533
1238	0.417	0.231	0.18	0.0534
1239	0.417	0.231	0.18	0.0534
1240	0.417	0.231	0.18	0.0533
1241	0.417	0.231	0.18	0.0534
1242	0.416	0.231	0.18	0.0534
1243	0.417	0.231	0.18	0.0533
1244	0.417	0.231	0.18	0.0534
1245	0.417	0.231	0.18	0.0533
1246	0.417	0.231	0.18	0.0533
1247	0.417	0.231	0.18	0.0533
1248	0.417	0.231	0.18	0.0533
1249	0.417	0.231	0.18	0.0533
1250	0.417	0.231	0.18	0.0534
1251	0.417	0.231	0.18	0.0534
1252	0.417	0.231	0.18	0.0533
1253	0.417	0.231	0.18	0.0534
1254	0.417	0.231	0.18	0.0534
1255	0.417	0.231	0.18	0.0533
1256	0.417	0.231	0.18	0.0534
1257	0.417	0.231	0.18	0.0533
1258	0.417	0.231	0.18	0.0533
1259	0.417	0.231	0.18	0.0533
1260	0.417	0.231	0.18	0.0533
1261	0.417	0.231	0.18	0.0533
1262	0.417	0.231	0.18	0.0533
1263	0.417	0.231	0.18	0.0533
1264	0.417	0.231	0.18	0.0533
1265	0.417	0.231	0.18	0.0533
1266	0.417	0.231	0.18	0.0533
1267	0.417	0.231	0.18	0.0533
1268	0.417	0.231	0.18	0.0533
1269	0.417	0.231	0.18	0.0532
1270	0.417	0.231	0.18	0.0532
1271	0.416	0.231	0.18	0.0533
1272	0.418	0.23	0.181	0.0528
1273	0.419	0.228	0.182	0.0524
1274	0.419	0.228	0.182	0.0525
1275	0.419	0.228	0.182	0.0525
1276	0.419	0.228	0.182	0.0524
1277	0.419	0.228	0.182	0.0525
1278	0.419	0.229	0.181	0.0526
1279	0.419	0.229	0.181	0.0526
1280	0.419	0.229	0.181	0.0526
1281	0.419	0.229	0.181	0.0526
1282	0.419	0.229	0.181	0.0526
1283	0.419	0.229	0.181	0.0526
1284	0.419	0.229	0.181	0.0526
1285	0.419	0.229	0.181	0.0526
1286	0.419	0.229	0.181	0.0526
1287	0.419	0.229	0.181	0.0526
1288	0.419	0.229	0.181	0.0526
1289	0.419	0.229	0.181	0.0526
1290	0.419	0.229	0.181	0.0526
1291	0.419	0.229	0.181	0.0526
1292	0.419	0.229	0.181	0.0526
1293	0.419	0.229	0.181	0.0526
1294	0.419	0.229	0.181	0.0526
1295	0.419	0.229	0.181	0.0527
1296	0.419	0.229	0.181	0.0526
1297	0.419	0.229	0.181	0.0526
1298	0.419	0.229	0.181	0.0526
1299	0.419	0.229	0.181	0.0526
1300	0.419	0.229	0.181	0.0526
1301	0.419	0.229	0.181	0.0526
1302	0.419	0.229	0.181	0.0526
1303	0.419	0.229	0.181	0.0526
1304	0.419	0.229	0.181	0.0526
1305	0.419	0.229	0.181	0.0525
1306	0.419	0.229	0.181	0.0526
1307	0.419	0.229	0.181	0.0526
1308	0.419	0.229	0.181	0.0526
1309	0.419	0.229	0.181	0.0526
1310	0.419	0.229	0.181	0.0527
1311	0.419	0.229	0.181	0.0526
1312	0.419	0.229	0.181	0.0526
1313	0.419	0.229	0.181	0.0526
1314	0.419	0.229	0.181	0.0526
1315	0.419	0.229	0.181	0.0526
1316	0.419	0.229	0.181	0.0526
1317	0.419	0.229	0.181	0.0526
1318	0.419	0.229	0.181	0.0526
1319	0.419	0.229	0.181	0.0526
1320	0.419	0.229	0.181	0.0526
1321	0.419	0.229	0.181	0.0526
1322	0.419	0.229	0.181	0.0526
1323	0.42	0.229	0.181	0.0526
1324	0.419	0.229	0.181	0.0525
1325	0.419	0.229	0.181	0.0525
1326	0.42	0.229	0.181	0.0526
1327	0.419	0.229	0.181	0.0525
1328	0.419	0.229	0.181	0.0526
1329	0.419	0.229	0.181	0.0526
1330	0.419	0.229	0.181	0.0525
1331	0.419	0.229	0.181	0.0526
1332	0.419	0.229	0.181	0.0526
1333	0.419	0.229	0.181	0.0526
1334	0.419	0.229	0.181	0.0526
1335	0.419	0.229	0.181	0.0526
1336	0.419	0.229	0.181	0.0526
1337	0.419	0.229	0.181	0.0527
1338	0.419	0.229	0.181	0.0526
1339	0.419	0.229	0.181	0.0526
1340	0.419	0.229	0.181	0.0526
1341	0.419	0.229	0.181	0.0526
1342	0.419	0.229	0.181	0.0526
1343	0.419	0.229	0.181	0.0527
1344	0.42	0.229	0.181	0.0527
1345	0.42	0.229	0.181	0.0527
1346	0.42	0.229	0.181	0.0527
1347	0.42	0.229	0.181	0.0527
1348	0.419	0.229	0.181	0.0526
1349	0.419	0.229	0.181	0.0527
1350	0.419	0.229	0.181	0.0526
1351	0.419	0.229	0.181	0.0526
1352	0.419	0.229	0.181	0.0526
1353	0.419	0.229	0.181	0.0526
1354	0.419	0.229	0.181	0.0526
1355	0.419	0.229	0.181	0.0526
1356	0.42	0.229	0.181	0.0526
1357	0.419	0.229	0.181	0.0526
1358	0.419	0.229	0.181	0.0526
1359	0.419	0.229	0.181	0.0526
1360	0.42	0.229	0.181	0.0526
1361	0.419	0.229	0.181	0.0526
1362	0.419	0.229	0.181	0.0526
1363	0.419	0.229	0.181	0.0525
1364	0.419	0.229	0.181	0.0526
1365	0.42	0.229	0.181	0.0526
1366	0.419	0.229	0.181	0.0526
1367	0.419	0.229	0.181	0.0526
1368	0.419	0.229	0.181	0.0526
1369	0.419	0.229	0.181	0.0526
1370	0.42	0.229	0.181	0.0526
1371	0.419	0.229	0.181	0.0526
1372	0.419	0.229	0.181	0.0526
1373	0.42	0.229	0.181	0.0527
1374	0.42	0.229	0.181	0.0527
1375	0.419	0.229	0.181	0.0526
1376	0.419	0.229	0.181	0.0527
1377	0.419	0.229	0.181	0.0526
1378	0.419	0.229	0.181	0.0526
1379	0.419	0.229	0.181	0.0526
1380	0.419	0.229	0.181	0.0525
1381	0.419	0.229	0.181	0.0526
1382	0.419	0.229	0.181	0.0526
1383	0.419	0.229	0.181	0.0526
1384	0.419	0.229	0.181	0.0526
1385	0.419	0.229	0.181	0.0525
1386	0.419	0.229	0.181	0.0525
1387	0.419	0.229	0.181	0.0526
1388	0.419	0.229	0.181	0.0526
1389	0.42	0.229	0.181	0.0526
1390	0.42	0.229	0.181	0.0526
1391	0.42	0.229	0.181	0.0526
1392	0.42	0.229	0.181	0.0526
1393	0.42	0.229	0.181	0.0526
1394	0.42	0.229	0.181	0.0526
1395	0.42	0.229	0.181	0.0526
1396	0.42	0.229	0.181	0.0526
1397	0.419	0.229	0.181	0.0526
1398	0.42	0.229	0.181	0.0526
1399	0.42	0.229	0.181	0.0526
1400	0.42	0.229	0.181	0.0526
1401	0.42	0.229	0.181	0.0525
1402	0.419	0.229	0.181	0.0526
1403	0.419	0.229	0.181	0.0526
1404	0.42	0.229	0.181	0.0526
1405	0.42	0.229	0.181	0.0526
1406	0.42	0.229	0.181	0.0526
1407	0.42	0.229	0.181	0.0525
1408	0.42	0.229	0.181	0.0525
1409	0.42	0.229	0.181	0.0526
1410	0.42	0.229	0.181	0.0525
1411	0.42	0.229	0.181	0.0526
1412	0.42	0.229	0.181	0.0526
1413	0.42	0.229	0.181	0.0525
1414	0.42	0.229	0.181	0.0526
1415	0.42	0.229	0.181	0.0525
1416	0.42	0.229	0.181	0.0526
1417	0.42	0.229	0.181	0.0526
1418	0.42	0.229	0.181	0.0526
1419	0.42	0.229	0.181	0.0526
1420	0.42	0.229	0.181	0.0526
1421	0.42	0.229	0.181	0.0526
1422	0.42	0.229	0.181	0.0526
1423	0.42	0.229	0.181	0.0525
1424	0.42	0.229	0.181	0.0526
1425	0.42	0.229	0.181	0.0526
1426	0.42	0.229	0.181	0.0526
1427	0.419	0.229	0.181	0.0526
1428	0.42	0.229	0.181	0.0525
1429	0.419	0.229	0.181	0.0525
1430	0.42	0.229	0.181	0.0525
1431	0.42	0.229	0.181	0.0526
1432	0.42	0.229	0.181	0.0526
1433	0.42	0.229	0.181	0.0526
1434	0.42	0.229	0.181	0.0526
1435	0.42	0.229	0.181	0.0526
1436	0.42	0.229	0.181	0.0526
1437	0.42	0.229	0.181	0.0526
1438	0.42	0.229	0.181	0.0525
1439	0.42	0.229	0.181	0.0525
1440	0.42	0.229	0.181	0.0525
1441	0.42	0.229	0.181	0.0525
1442	0.42	0.229	0.181	0.0525
1443	0.42	0.229	0.181	0.0525
1444	0.42	0.229	0.181	0.0526
1445	0.42	0.229	0.181	0.0526
1446	0.421	0.228	0.182	0.0521
1447	0.422	0.226	0.183	0.0517
1448	0.422	0.226	0.183	0.0517
1449	0.422	0.226	0.183	0.0517
1450	0.422	0.227	0.183	0.0518
1451	0.422	0.227	0.183	0.0518
1452	0.422	0.227	0.183	0.0518
1453	0.422	0.227	0.183	0.0518
1454	0.422	0.227	0.183	0.0519
1455	0.422	0.227	0.183	0.0518
1456	0.422	0.227	0.183	0.0518
1457	0.422	0.227	0.182	0.0518
1458	0.422	0.227	0.182	0.0519
1459	0.422	0.227	0.183	0.0519
1460	0.423	0.227	0.183	0.0519
1461	0.423	0.227	0.183	0.0519
1462	0.422	0.227	0.182	0.0519
1463	0.422	0.227	0.182	0.0519
1464	0.422	0.227	0.182	0.0519
1465	0.422	0.227	0.182	0.0519
1466	0.422	0.227	0.182	0.0519
1467	0.422	0.227	0.182	0.0519
1468	0.422	0.227	0.182	0.0519
1469	0.422	0.227	0.182	0.0519
1470	0.422	0.227	0.182	0.0519
1471	0.422	0.227	0.182	0.0519
1472	0.422	0.227	0.182	0.0519
1473	0.422	0.227	0.182	0.0519
1474	0.422	0.227	0.182	0.0519
1475	0.422	0.227	0.182	0.0519
1476	0.422	0.227	0.182	0.0519
1477	0.423	0.227	0.182	0.0519
1478	0.422	0.227	0.182	0.0519
1479	0.422	0.227	0.182	0.0519
1480	0.422	0.227	0.182	0.0519
1481	0.422	0.227	0.182	0.0519
1482	0.422	0.227	0.182	0.0519
1483	0.422	0.227	0.182	0.0519
1484	0.422	0.227	0.182	0.0519
1485	0.421	0.227	0.182	0.0519
1486	0.422	0.227	0.182	0.0519
1487	0.422	0.227	0.182	0.0519
1488	0.422	0.227	0.182	0.0519
1489	0.422	0.227	0.182	0.0519
1490	0.421	0.227	0.182	0.0519
1491	0.422	0.227	0.182	0.0519
1492	0.422	0.227	0.182	0.0519
1493	0.422	0.227	0.182	0.0519
1494	0.422	0.227	0.182	0.052
1495	0.422	0.227	0.182	0.052
1496	0.422	0.227	0.182	0.052
1497	0.422	0.227	0.182	0.052
1498	0.422	0.227	0.182	0.0519
1499	0.422	0.227	0.182	0.0519
1500	0.422	0.227	0.182	0.0519
1501	0.422	0.227	0.182	0.0519
1502	0.422	0.227	0.182	0.0519
1503	0.422	0.227	0.182	0.0519
1504	0.422	0.227	0.182	0.0519
1505	0.422	0.227	0.182	0.0519
1506	0.422	0.227	0.182	0.0519
1507	0.422	0.227	0.182	0.0519
1508	0.422	0.227	0.182	0.0519
1509	0.422	0.227	0.182	0.0518
1510	0.422	0.227	0.182	0.0518
1511	0.422	0.227	0.182	0.0519
1512	0.422	0.227	0.182	0.0519
1513	0.422	0.227	0.182	0.0519
1514	0.422	0.227	0.182	0.0519
1515	0.422	0.227	0.182	0.0519
1516	0.422	0.227	0.182	0.0519
1517	0.422	0.227	0.182	0.0519
1518	0.422	0.227	0.182	0.0519
1519	0.422	0.227	0.182	0.0519
1520	0.422	0.227	0.182	0.0519
1521	0.422	0.227	0.182	0.0519
1522	0.422	0.227	0.182	0.0519
1523	0.422	0.227	0.182	0.0519
1524	0.422	0.227	0.182	0.0519
1525	0.422	0.227	0.182	0.0519
1526	0.422	0.227	0.182	0.0519
1527	0.422	0.227	0.182	0.0519
1528	0.422	0.227	0.182	0.0519
1529	0.422	0.227	0.182	0.0519
1530	0.422	0.227	0.182	0.0519
1531	0.422	0.227	0.182	0.0519
1532	0.422	0.227	0.182	0.0519
1533	0.422	0.227	0.182	0.0519
1534	0.422	0.227	0.182	0.0519
1535	0.422	0.227	0.182	0.0519
1536	0.422	0.227	0.182	0.0519
1537	0.422	0.227	0.182	0.0519
1538	0.422	0.227	0.182	0.0519
1539	0.422	0.227	0.182	0.0519
1540	0.422	0.227	0.182	0.0519
1541	0.422	0.227	0.182	0.0519
1542	0.422	0.227	0.182	0.0519
1543	0.422	0.227	0.182	0.0519
1544	0.423	0.227	0.182	0.0519
1545	0.422	0.227	0.182	0.0519
1546	0.422	0.227	0.182	0.0519
1547	0.422	0.227	0.182	0.0518
1548	0.422	0.227	0.182	0.0519
1549	0.422	0.227	0.182	0.0518
1550	0.422	0.227	0.182	0.0518
1551	0.422	0.227	0.182	0.0519
1552	0.422	0.227	0.182	0.0519
1553	0.422	0.227	0.182	0.0519
1554	0.422	0.227	0.182	0.0519
1555	0.422	0.227	0.182	0.0518
1556	0.422	0.227	0.182	0.0518
1557	0.422	0.227	0.182	0.0518
1558	0.422	0.227	0.182	0.0519
1559	0.422	0.227	0.182	0.0519
1560	0.422	0.227	0.182	0.0519
1561	0.422	0.227	0.182	0.0519
1562	0.422	0.227	0.182	0.0518
1563	0.422	0.227	0.182	0.0518
1564	0.422	0.227	0.182	0.0518
1565	0.422	0.227	0.182	0.0518
1566	0.422	0.227	0.182	0.0519
1567	0.422	0.227	0.182	0.0519
1568	0.422	0.227	0.182	0.0518
1569	0.422	0.227	0.182	0.0519
1570	0.422	0.227	0.182	0.0519
1571	0.422	0.227	0.182	0.0519
1572	0.422	0.227	0.182	0.0519
1573	0.422	0.227	0.182	0.0518
1574	0.422	0.227	0.182	0.0518
1575	0.422	0.227	0.182	0.0519
1576	0.422	0.227	0.182	0.0518
1577	0.422	0.227	0.182	0.0519
1578	0.422	0.227	0.182	0.0518
1579	0.422	0.227	0.182	0.0518
1580	0.422	0.227	0.182	0.0518
1581	0.422	0.227	0.182	0.0519
1582	0.422	0.227	0.182	0.0519
1583	0.422	0.227	0.182	0.0518
1584	0.422	0.227	0.182	0.0518
1585	0.422	0.227	0.182	0.0518
1586	0.422	0.227	0.182	0.0518
1587	0.422	0.227	0.182	0.0518
1588	0.422	0.227	0.182	0.0518
1589	0.422	0.227	0.182	0.0518
1590	0.422	0.227	0.182	0.0518
1591	0.422	0.227	0.182	0.0518
1592	0.422	0.227	0.182	0.0517
1593	0.422	0.227	0.182	0.0518
1594	0.422	0.227	0.182	0.0518
1595	0.422	0.227	0.182	0.0518
