Iteration	ValueMean	ValueStddev	DerivMean	DerivStddev
1	0.521	0.267	0.173	0.0719
2	0.5	0.243	0.187	0.063
3	0.493	0.237	0.188	0.0587
4	0.49	0.233	0.189	0.0566
5	0.485	0.229	0.191	0.0537
6	0.481	0.226	0.191	0.0524
7	0.48	0.225	0.191	0.0522
8	0.478	0.225	0.192	0.0521
9	0.476	0.224	0.192	0.0521
10	0.475	0.225	0.191	0.0522
11	0.475	0.224	0.192	0.0519
12	0.473	0.224	0.192	0.0522
13	0.471	0.224	0.192	0.0521
14	0.469	0.223	0.192	0.0519
15	0.468	0.223	0.192	0.0519
16	0.468	0.223	0.192	0.0518
17	0.467	0.224	0.191	0.052
18	0.466	0.224	0.191	0.0519
19	0.465	0.224	0.191	0.0522
20	0.465	0.224	0.191	0.0522
21	0.465	0.225	0.191	0.0526
22	0.464	0.225	0.191	0.0525
23	0.463	0.225	0.191	0.0525
24	0.462	0.224	0.191	0.0525
25	0.462	0.225	0.191	0.0525
26	0.461	0.224	0.191	0.0523
27	0.461	0.224	0.191	0.0521
28	0.46	0.224	0.191	0.0522
29	0.46	0.224	0.191	0.0522
30	0.459	0.224	0.191	0.0521
31	0.459	0.224	0.191	0.0521
32	0.458	0.224	0.191	0.0523
33	0.458	0.223	0.191	0.0522
34	0.458	0.223	0.191	0.0519
35	0.458	0.224	0.191	0.0523
36	0.457	0.224	0.191	0.0524
37	0.457	0.224	0.191	0.0523
38	0.457	0.224	0.191	0.0526
39	0.456	0.224	0.191	0.0525
40	0.456	0.224	0.191	0.0525
41	0.455	0.224	0.191	0.0524
42	0.455	0.223	0.191	0.0521
43	0.454	0.224	0.191	0.0522
44	0.454	0.224	0.191	0.0523
45	0.454	0.224	0.191	0.0525
46	0.454	0.224	0.191	0.0525
47	0.453	0.224	0.191	0.0524
48	0.453	0.224	0.191	0.0525
49	0.453	0.224	0.191	0.0526
50	0.453	0.224	0.191	0.0524
51	0.454	0.225	0.19	0.0527
52	0.453	0.225	0.19	0.0526
53	0.453	0.225	0.19	0.0526
54	0.452	0.225	0.19	0.0527
55	0.452	0.225	0.19	0.0526
56	0.452	0.225	0.19	0.0528
57	0.451	0.224	0.19	0.0526
58	0.451	0.225	0.19	0.0528
59	0.45	0.224	0.19	0.0526
60	0.45	0.224	0.19	0.0525
61	0.45	0.224	0.19	0.0526
62	0.45	0.225	0.19	0.0526
63	0.449	0.224	0.19	0.0525
64	0.449	0.224	0.19	0.0524
65	0.449	0.224	0.19	0.0524
66	0.448	0.224	0.19	0.0525
67	0.449	0.224	0.19	0.0524
68	0.448	0.224	0.19	0.0524
69	0.448	0.224	0.19	0.0525
70	0.448	0.224	0.19	0.0526
71	0.448	0.224	0.19	0.0527
72	0.448	0.224	0.19	0.0528
73	0.448	0.224	0.19	0.0525
74	0.447	0.224	0.19	0.0525
75	0.447	0.224	0.19	0.0524
76	0.447	0.224	0.19	0.0525
77	0.447	0.224	0.19	0.0526
78	0.447	0.224	0.19	0.0527
79	0.446	0.224	0.19	0.0525
80	0.446	0.224	0.19	0.0527
81	0.446	0.224	0.19	0.0527
82	0.446	0.224	0.19	0.0526
83	0.446	0.224	0.19	0.0526
84	0.446	0.224	0.19	0.0526
85	0.446	0.224	0.19	0.0526
86	0.446	0.225	0.19	0.0526
87	0.445	0.224	0.19	0.0526
88	0.445	0.225	0.19	0.0525
89	0.445	0.225	0.189	0.0527
90	0.446	0.225	0.189	0.0527
91	0.445	0.226	0.189	0.0529
92	0.445	0.225	0.189	0.0528
93	0.445	0.225	0.189	0.0528
94	0.445	0.225	0.189	0.0528
95	0.444	0.225	0.189	0.0528
96	0.444	0.225	0.189	0.0527
97	0.444	0.225	0.189	0.0527
98	0.444	0.225	0.189	0.0528
99	0.443	0.225	0.189	0.0526
100	0.443	0.225	0.189	0.0525
101	0.443	0.225	0.189	0.0525
102	0.443	0.225	0.189	0.0526
103	0.443	0.225	0.189	0.0527
104	0.442	0.225	0.189	0.0526
105	0.442	0.225	0.189	0.0525
106	0.442	0.225	0.189	0.0524
107	0.442	0.225	0.189	0.0524
108	0.442	0.225	0.189	0.0525
109	0.442	0.225	0.189	0.0527
110	0.442	0.226	0.189	0.0528
111	0.441	0.225	0.189	0.0527
112	0.441	0.226	0.189	0.0528
113	0.441	0.226	0.189	0.053
114	0.441	0.226	0.189	0.0529
115	0.441	0.226	0.189	0.0529
116	0.441	0.226	0.189	0.0529
117	0.441	0.226	0.189	0.0527
118	0.441	0.226	0.189	0.0529
119	0.441	0.226	0.189	0.0528
120	0.441	0.226	0.189	0.0528
121	0.44	0.226	0.189	0.0528
122	0.44	0.226	0.188	0.0529
123	0.44	0.226	0.188	0.0528
124	0.44	0.226	0.188	0.053
125	0.44	0.226	0.188	0.0531
126	0.441	0.227	0.188	0.0531
127	0.44	0.227	0.188	0.0531
128	0.441	0.227	0.188	0.0532
129	0.44	0.227	0.188	0.0531
130	0.44	0.227	0.188	0.0531
131	0.44	0.226	0.188	0.0529
132	0.44	0.227	0.188	0.0531
133	0.44	0.227	0.188	0.0532
134	0.44	0.227	0.188	0.0533
135	0.439	0.227	0.188	0.0532
136	0.44	0.227	0.188	0.0533
137	0.439	0.227	0.188	0.0532
138	0.439	0.227	0.188	0.0532
139	0.439	0.227	0.188	0.0532
140	0.439	0.227	0.188	0.0532
141	0.439	0.227	0.188	0.0532
142	0.439	0.227	0.188	0.0532
143	0.439	0.228	0.188	0.0532
144	0.438	0.228	0.188	0.0531
145	0.439	0.228	0.187	0.0532
146	0.439	0.228	0.187	0.0533
147	0.438	0.228	0.187	0.0531
148	0.438	0.228	0.187	0.0532
149	0.438	0.228	0.187	0.0533
150	0.438	0.228	0.187	0.0533
151	0.438	0.228	0.187	0.0534
152	0.438	0.228	0.187	0.0534
153	0.438	0.228	0.187	0.0532
154	0.437	0.228	0.187	0.0533
155	0.437	0.228	0.187	0.0534
156	0.437	0.228	0.187	0.0534
157	0.437	0.228	0.187	0.0534
158	0.437	0.228	0.187	0.0534
159	0.437	0.228	0.187	0.0535
160	0.437	0.228	0.187	0.0535
161	0.437	0.229	0.187	0.0535
162	0.437	0.228	0.187	0.0535
163	0.437	0.229	0.187	0.0535
164	0.437	0.229	0.187	0.0535
165	0.437	0.229	0.187	0.0536
166	0.437	0.229	0.187	0.0536
167	0.437	0.229	0.187	0.0538
168	0.437	0.229	0.187	0.0537
169	0.436	0.229	0.187	0.0536
170	0.437	0.229	0.187	0.0537
171	0.436	0.229	0.187	0.0537
172	0.436	0.229	0.187	0.0536
173	0.436	0.229	0.187	0.0536
174	0.436	0.229	0.187	0.0535
175	0.436	0.229	0.187	0.0534
176	0.436	0.229	0.187	0.0534
177	0.437	0.229	0.186	0.0535
178	0.436	0.229	0.186	0.0535
179	0.436	0.229	0.187	0.0533
180	0.436	0.229	0.187	0.0534
181	0.435	0.229	0.187	0.0532
182	0.435	0.229	0.186	0.0532
183	0.435	0.228	0.187	0.0531
184	0.435	0.228	0.187	0.0531
185	0.435	0.229	0.186	0.0532
186	0.435	0.228	0.186	0.0531
187	0.435	0.229	0.186	0.0533
188	0.435	0.229	0.186	0.0534
189	0.435	0.229	0.186	0.0533
190	0.434	0.229	0.186	0.0533
191	0.435	0.229	0.186	0.0532
192	0.435	0.229	0.186	0.0533
193	0.435	0.229	0.186	0.0533
194	0.434	0.229	0.186	0.0533
195	0.435	0.229	0.186	0.0533
196	0.434	0.229	0.186	0.0534
197	0.434	0.229	0.186	0.0534
198	0.434	0.229	0.186	0.0532
199	0.434	0.229	0.186	0.0533
200	0.433	0.228	0.186	0.0532
201	0.434	0.228	0.186	0.0533
202	0.434	0.229	0.186	0.0534
203	0.434	0.229	0.186	0.0534
204	0.434	0.229	0.186	0.0533
205	0.434	0.229	0.186	0.0534
206	0.434	0.229	0.186	0.0534
207	0.434	0.229	0.186	0.0533
208	0.434	0.229	0.186	0.0533
209	0.434	0.229	0.186	0.0533
210	0.434	0.229	0.186	0.0532
211	0.433	0.229	0.186	0.0533
212	0.433	0.229	0.186	0.0533
213	0.434	0.229	0.186	0.0533
214	0.433	0.229	0.186	0.0534
215	0.433	0.229	0.186	0.0535
216	0.433	0.229	0.186	0.0534
217	0.433	0.229	0.186	0.0535
218	0.433	0.229	0.186	0.0535
219	0.433	0.229	0.186	0.0535
220	0.433	0.23	0.186	0.0535
221	0.433	0.229	0.186	0.0534
222	0.433	0.229	0.186	0.0534
223	0.432	0.229	0.186	0.0535
224	0.433	0.23	0.186	0.0535
225	0.433	0.229	0.186	0.0534
226	0.432	0.23	0.186	0.0535
227	0.433	0.23	0.185	0.0536
228	0.433	0.23	0.185	0.0535
229	0.433	0.23	0.185	0.0535
230	0.433	0.23	0.185	0.0534
231	0.433	0.23	0.185	0.0535
232	0.433	0.23	0.185	0.0536
233	0.433	0.23	0.185	0.0536
234	0.433	0.23	0.185	0.0536
235	0.433	0.23	0.185	0.0536
236	0.432	0.23	0.185	0.0537
237	0.432	0.23	0.185	0.0535
238	0.432	0.23	0.185	0.0536
239	0.432	0.23	0.185	0.0535
240	0.432	0.23	0.185	0.0535
241	0.432	0.23	0.185	0.0536
242	0.432	0.23	0.185	0.0535
243	0.433	0.23	0.185	0.0536
244	0.432	0.23	0.185	0.0536
245	0.432	0.23	0.185	0.0536
246	0.433	0.23	0.185	0.0536
247	0.432	0.231	0.185	0.0536
248	0.432	0.23	0.185	0.0535
249	0.432	0.23	0.185	0.0535
250	0.432	0.23	0.185	0.0536
251	0.432	0.23	0.185	0.0536
252	0.432	0.231	0.185	0.0537
253	0.432	0.231	0.185	0.0538
254	0.432	0.231	0.185	0.0537
255	0.432	0.231	0.185	0.0536
256	0.432	0.231	0.185	0.0537
257	0.432	0.231	0.185	0.0538
258	0.432	0.231	0.185	0.0537
259	0.431	0.231	0.185	0.0538
260	0.432	0.231	0.185	0.0537
261	0.432	0.231	0.185	0.0537
262	0.431	0.231	0.185	0.0538
263	0.431	0.231	0.185	0.0537
264	0.431	0.231	0.185	0.0538
265	0.431	0.231	0.185	0.0537
266	0.431	0.231	0.185	0.0536
267	0.431	0.23	0.185	0.0535
268	0.431	0.23	0.185	0.0535
269	0.431	0.23	0.185	0.0535
270	0.431	0.23	0.185	0.0534
271	0.431	0.231	0.184	0.0536
272	0.431	0.231	0.184	0.0537
273	0.431	0.231	0.184	0.0537
274	0.431	0.231	0.184	0.0537
275	0.431	0.231	0.184	0.0538
276	0.431	0.231	0.184	0.0537
277	0.431	0.231	0.184	0.0537
278	0.431	0.231	0.184	0.0537
279	0.431	0.231	0.184	0.0537
280	0.43	0.231	0.184	0.0537
281	0.431	0.231	0.184	0.0536
282	0.431	0.231	0.184	0.0536
283	0.431	0.231	0.184	0.0537
284	0.43	0.231	0.184	0.0537
285	0.43	0.231	0.184	0.0536
286	0.43	0.231	0.184	0.0537
287	0.43	0.231	0.184	0.0537
288	0.431	0.231	0.184	0.0537
289	0.43	0.231	0.184	0.0539
290	0.43	0.231	0.184	0.0539
291	0.43	0.231	0.184	0.0538
292	0.43	0.231	0.184	0.0538
293	0.431	0.231	0.184	0.0539
294	0.431	0.231	0.184	0.0537
295	0.43	0.231	0.184	0.0537
296	0.431	0.231	0.184	0.0538
297	0.431	0.231	0.184	0.0537
298	0.431	0.232	0.184	0.0539
299	0.43	0.232	0.184	0.0538
300	0.431	0.231	0.184	0.0537
301	0.43	0.231	0.184	0.0536
302	0.43	0.232	0.184	0.0537
303	0.431	0.232	0.184	0.0537
304	0.43	0.232	0.184	0.0538
305	0.43	0.232	0.184	0.0538
306	0.431	0.232	0.184	0.0537
307	0.43	0.232	0.184	0.0537
308	0.43	0.232	0.184	0.0537
309	0.43	0.231	0.184	0.0536
310	0.43	0.232	0.184	0.0536
311	0.43	0.231	0.184	0.0535
312	0.43	0.231	0.184	0.0536
313	0.43	0.231	0.184	0.0535
314	0.43	0.231	0.184	0.0535
315	0.43	0.231	0.184	0.0535
316	0.429	0.231	0.184	0.0535
317	0.429	0.231	0.184	0.0534
318	0.43	0.231	0.184	0.0535
319	0.43	0.231	0.184	0.0534
320	0.43	0.231	0.184	0.0535
321	0.429	0.231	0.184	0.0535
322	0.429	0.231	0.184	0.0535
323	0.429	0.231	0.184	0.0535
324	0.429	0.231	0.184	0.0536
325	0.429	0.231	0.184	0.0536
326	0.429	0.231	0.184	0.0535
327	0.429	0.231	0.184	0.0536
328	0.429	0.231	0.184	0.0536
329	0.429	0.232	0.184	0.0536
330	0.429	0.232	0.184	0.0536
331	0.429	0.231	0.184	0.0536
332	0.429	0.232	0.184	0.0536
333	0.429	0.232	0.184	0.0537
334	0.429	0.232	0.184	0.0536
335	0.429	0.232	0.184	0.0536
336	0.429	0.232	0.184	0.0537
337	0.429	0.232	0.184	0.0537
338	0.429	0.231	0.184	0.0536
339	0.429	0.232	0.184	0.0536
340	0.429	0.232	0.184	0.0536
341	0.429	0.231	0.184	0.0536
342	0.429	0.232	0.183	0.0536
343	0.429	0.232	0.184	0.0536
344	0.429	0.232	0.184	0.0536
345	0.429	0.232	0.183	0.0536
346	0.429	0.232	0.184	0.0535
347	0.429	0.232	0.183	0.0535
348	0.429	0.232	0.183	0.0535
349	0.429	0.232	0.183	0.0535
350	0.429	0.232	0.183	0.0536
351	0.429	0.232	0.183	0.0536
352	0.429	0.232	0.183	0.0536
353	0.429	0.232	0.183	0.0536
354	0.429	0.232	0.183	0.0536
355	0.429	0.232	0.183	0.0536
356	0.429	0.232	0.183	0.0535
357	0.429	0.232	0.183	0.0535
358	0.429	0.232	0.183	0.0534
359	0.429	0.232	0.183	0.0534
360	0.429	0.232	0.183	0.0534
361	0.429	0.232	0.183	0.0535
362	0.428	0.232	0.183	0.0536
363	0.429	0.232	0.183	0.0535
364	0.429	0.232	0.183	0.0536
365	0.429	0.232	0.183	0.0536
366	0.429	0.232	0.183	0.0536
367	0.429	0.232	0.183	0.0536
368	0.429	0.232	0.183	0.0536
369	0.429	0.232	0.183	0.0536
370	0.428	0.232	0.183	0.0535
371	0.428	0.232	0.183	0.0535
372	0.428	0.232	0.183	0.0535
373	0.428	0.232	0.183	0.0536
374	0.428	0.232	0.183	0.0535
375	0.428	0.232	0.183	0.0536
376	0.428	0.232	0.183	0.0536
377	0.428	0.232	0.183	0.0537
378	0.428	0.232	0.183	0.0536
379	0.429	0.232	0.183	0.0537
380	0.428	0.232	0.183	0.0537
381	0.428	0.232	0.183	0.0535
382	0.428	0.232	0.183	0.0536
383	0.428	0.233	0.183	0.0537
384	0.428	0.232	0.183	0.0537
385	0.428	0.232	0.183	0.0537
386	0.428	0.233	0.183	0.0537
387	0.428	0.232	0.183	0.0537
388	0.428	0.233	0.183	0.0537
389	0.428	0.232	0.183	0.0536
390	0.428	0.232	0.183	0.0536
391	0.428	0.233	0.183	0.0537
392	0.428	0.233	0.183	0.0537
393	0.428	0.232	0.183	0.0536
394	0.428	0.233	0.183	0.0536
395	0.428	0.233	0.183	0.0536
396	0.428	0.233	0.183	0.0536
397	0.428	0.233	0.183	0.0536
398	0.428	0.233	0.183	0.0536
399	0.428	0.232	0.183	0.0536
400	0.428	0.232	0.183	0.0536
401	0.428	0.232	0.183	0.0536
402	0.428	0.233	0.183	0.0536
403	0.428	0.232	0.183	0.0536
404	0.428	0.232	0.183	0.0536
405	0.428	0.233	0.183	0.0536
406	0.428	0.233	0.183	0.0536
407	0.428	0.233	0.183	0.0536
408	0.428	0.233	0.183	0.0536
409	0.428	0.232	0.183	0.0535
410	0.428	0.233	0.183	0.0536
411	0.428	0.233	0.183	0.0536
412	0.428	0.233	0.183	0.0536
413	0.428	0.233	0.183	0.0535
414	0.428	0.233	0.183	0.0536
415	0.428	0.233	0.183	0.0535
416	0.428	0.232	0.183	0.0534
417	0.428	0.232	0.183	0.0534
418	0.428	0.232	0.183	0.0534
419	0.428	0.233	0.183	0.0535
420	0.427	0.232	0.183	0.0535
421	0.427	0.232	0.183	0.0534
422	0.427	0.232	0.183	0.0534
423	0.427	0.233	0.183	0.0535
424	0.428	0.233	0.183	0.0535
425	0.427	0.233	0.183	0.0535
426	0.428	0.233	0.183	0.0535
427	0.428	0.233	0.183	0.0535
428	0.427	0.233	0.182	0.0535
429	0.427	0.233	0.183	0.0535
430	0.427	0.233	0.183	0.0535
431	0.427	0.233	0.182	0.0535
432	0.427	0.233	0.183	0.0535
433	0.427	0.233	0.183	0.0535
434	0.427	0.233	0.182	0.0536
435	0.427	0.233	0.183	0.0535
436	0.427	0.233	0.182	0.0535
437	0.427	0.233	0.182	0.0535
438	0.427	0.233	0.182	0.0535
439	0.427	0.233	0.182	0.0534
440	0.427	0.233	0.182	0.0535
441	0.427	0.232	0.183	0.0535
442	0.427	0.232	0.182	0.0534
443	0.427	0.233	0.182	0.0535
444	0.427	0.233	0.182	0.0535
445	0.427	0.232	0.183	0.0533
446	0.427	0.233	0.182	0.0535
447	0.427	0.233	0.182	0.0534
448	0.427	0.233	0.182	0.0535
449	0.427	0.233	0.182	0.0535
450	0.427	0.233	0.182	0.0534
451	0.427	0.233	0.182	0.0533
452	0.427	0.233	0.182	0.0534
453	0.427	0.233	0.182	0.0534
454	0.427	0.233	0.182	0.0533
455	0.427	0.233	0.182	0.0535
456	0.427	0.233	0.182	0.0535
457	0.427	0.233	0.182	0.0534
458	0.427	0.233	0.182	0.0535
459	0.427	0.233	0.182	0.0535
460	0.427	0.233	0.182	0.0536
461	0.427	0.233	0.182	0.0536
462	0.427	0.233	0.182	0.0535
463	0.427	0.233	0.182	0.0535
464	0.427	0.233	0.182	0.0535
465	0.427	0.233	0.182	0.0535
466	0.427	0.233	0.182	0.0535
467	0.427	0.233	0.182	0.0535
468	0.427	0.233	0.182	0.0535
469	0.427	0.233	0.182	0.0534
470	0.427	0.233	0.182	0.0534
471	0.427	0.233	0.182	0.0534
472	0.427	0.233	0.182	0.0535
473	0.427	0.233	0.182	0.0535
474	0.427	0.233	0.182	0.0535
475	0.427	0.233	0.182	0.0534
476	0.427	0.233	0.182	0.0534
477	0.427	0.233	0.182	0.0534
478	0.427	0.233	0.182	0.0533
479	0.427	0.233	0.182	0.0534
480	0.427	0.233	0.182	0.0534
481	0.427	0.233	0.182	0.0534
482	0.427	0.233	0.182	0.0534
483	0.427	0.233	0.182	0.0534
484	0.427	0.233	0.182	0.0534
485	0.427	0.233	0.182	0.0534
486	0.427	0.233	0.182	0.0533
487	0.427	0.233	0.182	0.0533
488	0.427	0.233	0.182	0.0534
489	0.427	0.233	0.182	0.0534
490	0.427	0.233	0.182	0.0534
491	0.427	0.233	0.182	0.0534
492	0.427	0.233	0.182	0.0534
493	0.427	0.233	0.182	0.0534
494	0.427	0.233	0.182	0.0535
495	0.427	0.233	0.182	0.0535
496	0.427	0.233	0.182	0.0534
497	0.427	0.233	0.182	0.0535
498	0.427	0.233	0.182	0.0535
499	0.427	0.233	0.182	0.0535
500	0.427	0.234	0.182	0.0535
501	0.427	0.234	0.182	0.0536
502	0.427	0.234	0.182	0.0536
503	0.427	0.234	0.182	0.0536
504	0.427	0.234	0.182	0.0535
505	0.427	0.234	0.182	0.0535
506	0.427	0.234	0.182	0.0535
507	0.427	0.234	0.182	0.0535
508	0.427	0.234	0.182	0.0535
509	0.427	0.234	0.182	0.0535
510	0.427	0.234	0.182	0.0536
511	0.427	0.234	0.182	0.0535
512	0.427	0.234	0.182	0.0535
513	0.427	0.234	0.182	0.0535
514	0.427	0.234	0.182	0.0534
515	0.427	0.234	0.182	0.0535
516	0.427	0.234	0.182	0.0535
517	0.427	0.233	0.182	0.0534
518	0.427	0.234	0.182	0.0535
519	0.427	0.234	0.182	0.0535
520	0.427	0.234	0.182	0.0534
521	0.427	0.234	0.182	0.0534
522	0.427	0.234	0.182	0.0535
523	0.427	0.234	0.182	0.0535
524	0.427	0.234	0.181	0.0536
525	0.427	0.234	0.182	0.0535
526	0.427	0.234	0.182	0.0534
527	0.427	0.234	0.182	0.0534
528	0.427	0.234	0.182	0.0534
529	0.427	0.234	0.182	0.0534
530	0.427	0.234	0.182	0.0534
531	0.427	0.234	0.182	0.0535
532	0.427	0.234	0.182	0.0535
533	0.427	0.234	0.182	0.0535
534	0.427	0.234	0.182	0.0535
535	0.427	0.234	0.182	0.0534
536	0.427	0.234	0.182	0.0535
537	0.427	0.234	0.182	0.0534
538	0.427	0.234	0.182	0.0535
539	0.427	0.234	0.182	0.0535
540	0.427	0.234	0.181	0.0535
541	0.427	0.234	0.182	0.0534
542	0.427	0.234	0.182	0.0534
543	0.427	0.234	0.181	0.0535
544	0.427	0.234	0.181	0.0535
545	0.427	0.234	0.181	0.0535
546	0.427	0.234	0.181	0.0535
547	0.427	0.234	0.181	0.0534
548	0.427	0.234	0.181	0.0535
549	0.427	0.234	0.181	0.0535
550	0.427	0.234	0.181	0.0535
551	0.426	0.234	0.181	0.0534
552	0.426	0.234	0.181	0.0534
553	0.426	0.234	0.181	0.0534
554	0.426	0.234	0.181	0.0534
555	0.426	0.234	0.181	0.0533
556	0.426	0.234	0.181	0.0534
557	0.426	0.234	0.181	0.0534
558	0.427	0.234	0.181	0.0534
559	0.426	0.234	0.181	0.0534
560	0.426	0.234	0.181	0.0534
561	0.427	0.234	0.181	0.0534
562	0.426	0.234	0.181	0.0534
563	0.426	0.234	0.181	0.0534
564	0.426	0.234	0.181	0.0534
565	0.426	0.234	0.181	0.0534
566	0.427	0.234	0.181	0.0533
567	0.426	0.234	0.181	0.0533
568	0.426	0.234	0.181	0.0534
569	0.426	0.234	0.181	0.0534
570	0.427	0.234	0.181	0.0534
571	0.426	0.234	0.181	0.0534
572	0.426	0.234	0.181	0.0534
573	0.426	0.234	0.181	0.0533
574	0.426	0.234	0.181	0.0534
575	0.426	0.234	0.181	0.0534
576	0.427	0.234	0.181	0.0534
577	0.426	0.234	0.181	0.0534
578	0.426	0.234	0.181	0.0533
579	0.426	0.234	0.181	0.0533
580	0.426	0.234	0.181	0.0534
581	0.426	0.234	0.181	0.0534
582	0.426	0.234	0.181	0.0533
583	0.426	0.234	0.181	0.0534
584	0.426	0.234	0.181	0.0534
585	0.427	0.234	0.181	0.0534
586	0.426	0.235	0.181	0.0535
587	0.426	0.234	0.181	0.0534
588	0.427	0.234	0.181	0.0533
589	0.426	0.235	0.181	0.0534
590	0.426	0.235	0.181	0.0534
591	0.427	0.234	0.181	0.0533
592	0.426	0.234	0.181	0.0534
593	0.427	0.235	0.181	0.0534
594	0.427	0.235	0.181	0.0534
595	0.427	0.235	0.181	0.0534
596	0.426	0.234	0.181	0.0534
597	0.426	0.234	0.181	0.0533
598	0.426	0.235	0.181	0.0534
599	0.426	0.234	0.181	0.0533
600	0.426	0.234	0.181	0.0532
601	0.426	0.234	0.181	0.0533
602	0.426	0.234	0.181	0.0533
603	0.426	0.234	0.181	0.0532
604	0.426	0.234	0.181	0.0534
605	0.426	0.234	0.181	0.0534
606	0.426	0.234	0.181	0.0533
607	0.426	0.234	0.181	0.0534
608	0.426	0.235	0.181	0.0534
609	0.426	0.234	0.181	0.0534
610	0.426	0.234	0.181	0.0534
611	0.426	0.234	0.181	0.0534
612	0.426	0.234	0.181	0.0533
613	0.426	0.234	0.181	0.0534
614	0.426	0.234	0.181	0.0534
615	0.426	0.234	0.181	0.0534
616	0.426	0.235	0.181	0.0534
617	0.426	0.234	0.181	0.0534
618	0.426	0.234	0.181	0.0534
619	0.426	0.234	0.181	0.0534
620	0.426	0.235	0.181	0.0534
621	0.426	0.234	0.181	0.0533
622	0.426	0.234	0.181	0.0533
623	0.426	0.234	0.181	0.0533
624	0.426	0.234	0.181	0.0532
625	0.426	0.234	0.181	0.0533
626	0.426	0.234	0.181	0.0533
627	0.426	0.234	0.181	0.0532
628	0.426	0.234	0.181	0.0533
629	0.426	0.234	0.181	0.0532
630	0.426	0.234	0.181	0.0532
631	0.426	0.234	0.181	0.0534
632	0.426	0.234	0.181	0.0533
633	0.426	0.234	0.181	0.0532
634	0.426	0.234	0.181	0.0533
635	0.426	0.234	0.181	0.0533
636	0.426	0.234	0.181	0.0532
637	0.426	0.234	0.181	0.0533
638	0.426	0.234	0.181	0.0533
639	0.426	0.234	0.181	0.0532
640	0.426	0.234	0.181	0.0533
641	0.426	0.234	0.181	0.0533
642	0.426	0.234	0.181	0.0531
643	0.426	0.234	0.181	0.0532
644	0.425	0.234	0.181	0.0533
645	0.426	0.234	0.181	0.0532
646	0.426	0.234	0.181	0.0532
647	0.425	0.234	0.181	0.0532
648	0.426	0.234	0.181	0.0532
649	0.425	0.234	0.181	0.0532
650	0.426	0.234	0.181	0.0532
651	0.426	0.234	0.181	0.0532
652	0.425	0.234	0.181	0.0532
653	0.425	0.234	0.181	0.0532
654	0.426	0.234	0.181	0.0532
655	0.426	0.234	0.181	0.0532
656	0.425	0.234	0.181	0.0531
657	0.426	0.234	0.181	0.0532
658	0.426	0.234	0.181	0.0532
659	0.425	0.234	0.181	0.0532
660	0.426	0.234	0.181	0.0532
661	0.426	0.234	0.181	0.0532
662	0.426	0.234	0.181	0.0532
663	0.426	0.234	0.181	0.0532
664	0.425	0.234	0.181	0.0533
665	0.426	0.234	0.181	0.0532
666	0.426	0.234	0.181	0.0532
667	0.426	0.234	0.181	0.0532
668	0.426	0.234	0.181	0.0532
669	0.426	0.234	0.181	0.0532
670	0.426	0.234	0.181	0.0532
671	0.426	0.234	0.181	0.0532
672	0.426	0.234	0.181	0.0532
673	0.426	0.234	0.181	0.0533
674	0.426	0.234	0.181	0.0532
675	0.426	0.234	0.181	0.0532
676	0.426	0.234	0.181	0.0532
677	0.426	0.234	0.181	0.0533
678	0.426	0.234	0.181	0.0532
679	0.426	0.234	0.181	0.0532
680	0.426	0.234	0.181	0.0532
681	0.426	0.234	0.181	0.0532
682	0.426	0.234	0.181	0.0532
683	0.426	0.234	0.181	0.0532
684	0.426	0.234	0.181	0.0532
685	0.426	0.234	0.181	0.0532
686	0.426	0.234	0.181	0.0532
687	0.426	0.234	0.181	0.0532
688	0.426	0.234	0.181	0.0532
689	0.426	0.234	0.181	0.0532
690	0.426	0.234	0.181	0.0533
691	0.426	0.234	0.181	0.0532
692	0.426	0.234	0.181	0.0532
693	0.426	0.234	0.181	0.0533
694	0.426	0.234	0.181	0.0532
695	0.426	0.234	0.181	0.0532
696	0.426	0.234	0.181	0.0532
697	0.426	0.234	0.181	0.0532
698	0.426	0.234	0.181	0.0532
699	0.426	0.234	0.181	0.0532
700	0.426	0.234	0.181	0.0531
701	0.426	0.234	0.181	0.0532
702	0.426	0.234	0.181	0.0531
703	0.426	0.234	0.181	0.0531
704	0.426	0.234	0.181	0.0531
705	0.426	0.234	0.181	0.053
706	0.426	0.234	0.181	0.0531
707	0.426	0.234	0.181	0.0531
708	0.426	0.234	0.181	0.053
709	0.426	0.234	0.181	0.0531
710	0.426	0.234	0.181	0.0531
711	0.426	0.234	0.181	0.0531
712	0.426	0.234	0.181	0.0532
713	0.426	0.234	0.181	0.0532
714	0.426	0.234	0.181	0.0532
715	0.426	0.234	0.181	0.0531
716	0.426	0.234	0.181	0.0531
717	0.426	0.234	0.181	0.0531
718	0.426	0.234	0.181	0.0531
719	0.426	0.234	0.181	0.0531
720	0.426	0.234	0.181	0.0531
721	0.426	0.234	0.181	0.0531
722	0.426	0.234	0.181	0.0532
723	0.426	0.234	0.181	0.0531
724	0.426	0.234	0.181	0.0531
725	0.426	0.234	0.181	0.0531
726	0.426	0.234	0.181	0.0531
727	0.426	0.234	0.181	0.0531
728	0.426	0.234	0.181	0.0531
729	0.426	0.234	0.181	0.0531
730	0.426	0.234	0.181	0.053
731	0.426	0.234	0.181	0.053
732	0.426	0.234	0.181	0.053
733	0.426	0.234	0.181	0.053
734	0.426	0.234	0.181	0.053
735	0.426	0.234	0.181	0.053
736	0.426	0.234	0.181	0.053
737	0.426	0.234	0.181	0.053
738	0.426	0.234	0.181	0.053
739	0.426	0.235	0.181	0.0531
740	0.426	0.235	0.181	0.053
741	0.426	0.235	0.181	0.0531
742	0.426	0.234	0.181	0.0531
743	0.426	0.235	0.181	0.0531
744	0.426	0.234	0.181	0.053
745	0.426	0.235	0.181	0.053
746	0.426	0.234	0.181	0.053
747	0.426	0.234	0.181	0.0531
748	0.426	0.234	0.181	0.0531
749	0.426	0.234	0.181	0.0531
750	0.426	0.234	0.181	0.053
751	0.426	0.234	0.181	0.053
752	0.426	0.234	0.181	0.0531
753	0.426	0.234	0.181	0.0531
754	0.426	0.234	0.181	0.0531
755	0.426	0.234	0.181	0.0531
756	0.426	0.235	0.181	0.0531
757	0.426	0.234	0.181	0.0531
758	0.426	0.234	0.181	0.0531
759	0.426	0.234	0.181	0.0531
760	0.426	0.234	0.181	0.0531
761	0.426	0.234	0.181	0.0531
762	0.426	0.234	0.181	0.0531
763	0.426	0.235	0.181	0.0531
764	0.426	0.235	0.181	0.0531
765	0.426	0.235	0.18	0.0531
766	0.426	0.234	0.181	0.053
767	0.426	0.234	0.181	0.053
768	0.426	0.234	0.181	0.053
769	0.426	0.234	0.181	0.053
770	0.426	0.234	0.181	0.053
771	0.426	0.234	0.181	0.053
772	0.426	0.234	0.181	0.0531
773	0.426	0.234	0.181	0.053
774	0.426	0.235	0.181	0.0531
775	0.426	0.234	0.181	0.053
776	0.426	0.234	0.181	0.053
777	0.426	0.235	0.181	0.0531
778	0.426	0.234	0.181	0.0531
779	0.426	0.234	0.181	0.0531
780	0.426	0.235	0.181	0.0531
781	0.426	0.234	0.181	0.053
782	0.426	0.235	0.181	0.0531
783	0.426	0.235	0.18	0.0531
784	0.426	0.234	0.181	0.053
785	0.426	0.234	0.181	0.053
786	0.426	0.235	0.18	0.0531
787	0.426	0.234	0.181	0.053
788	0.426	0.234	0.181	0.053
789	0.426	0.235	0.18	0.0531
790	0.426	0.234	0.18	0.053
791	0.426	0.234	0.181	0.053
792	0.426	0.234	0.181	0.053
793	0.426	0.235	0.18	0.053
794	0.426	0.235	0.18	0.0531
795	0.426	0.235	0.18	0.0531
796	0.426	0.235	0.18	0.0531
797	0.426	0.235	0.18	0.0531
798	0.426	0.235	0.18	0.053
799	0.426	0.235	0.18	0.053
800	0.426	0.235	0.18	0.053
801	0.426	0.235	0.18	0.0531
802	0.426	0.235	0.18	0.0531
803	0.426	0.234	0.18	0.053
804	0.426	0.235	0.18	0.053
805	0.426	0.235	0.18	0.0531
806	0.426	0.235	0.18	0.053
807	0.426	0.235	0.18	0.053
808	0.426	0.235	0.18	0.053
809	0.426	0.235	0.18	0.053
810	0.426	0.235	0.18	0.053
811	0.426	0.235	0.18	0.0531
812	0.426	0.235	0.18	0.0531
813	0.426	0.235	0.18	0.0531
814	0.426	0.235	0.18	0.053
815	0.426	0.235	0.18	0.0531
816	0.426	0.235	0.18	0.053
817	0.426	0.235	0.18	0.0531
818	0.426	0.234	0.18	0.053
819	0.426	0.235	0.18	0.053
820	0.426	0.235	0.18	0.053
821	0.426	0.234	0.18	0.053
822	0.426	0.235	0.18	0.053
823	0.426	0.235	0.18	0.0531
824	0.426	0.235	0.18	0.0531
825	0.426	0.235	0.18	0.053
826	0.426	0.234	0.18	0.053
827	0.426	0.234	0.18	0.053
828	0.426	0.234	0.18	0.053
829	0.426	0.235	0.18	0.0531
830	0.426	0.235	0.18	0.0531
831	0.426	0.235	0.18	0.053
832	0.426	0.235	0.18	0.0531
833	0.426	0.235	0.18	0.053
834	0.426	0.234	0.18	0.053
835	0.426	0.235	0.18	0.0531
836	0.426	0.235	0.18	0.0531
837	0.426	0.235	0.18	0.0531
838	0.426	0.235	0.18	0.053
839	0.426	0.235	0.18	0.053
840	0.426	0.235	0.18	0.053
841	0.426	0.235	0.18	0.053
842	0.426	0.235	0.18	0.053
843	0.426	0.235	0.18	0.053
844	0.426	0.235	0.18	0.053
845	0.426	0.235	0.18	0.0531
846	0.426	0.234	0.18	0.0529
847	0.426	0.234	0.18	0.053
848	0.426	0.234	0.18	0.053
849	0.426	0.235	0.18	0.053
850	0.426	0.235	0.18	0.053
851	0.426	0.234	0.18	0.0529
852	0.426	0.234	0.18	0.053
853	0.426	0.235	0.18	0.053
854	0.426	0.235	0.18	0.053
855	0.426	0.235	0.18	0.053
856	0.426	0.235	0.18	0.053
857	0.426	0.235	0.18	0.053
858	0.426	0.235	0.18	0.053
859	0.426	0.235	0.18	0.053
860	0.426	0.234	0.18	0.053
861	0.426	0.235	0.18	0.053
862	0.426	0.235	0.18	0.053
863	0.426	0.234	0.18	0.0529
864	0.426	0.234	0.18	0.053
865	0.426	0.235	0.18	0.053
866	0.426	0.234	0.18	0.0529
867	0.426	0.234	0.18	0.0529
868	0.426	0.235	0.18	0.0529
869	0.426	0.234	0.18	0.0529
870	0.426	0.234	0.18	0.0528
871	0.426	0.235	0.18	0.0529
872	0.426	0.235	0.18	0.0529
873	0.426	0.235	0.18	0.0529
874	0.426	0.235	0.18	0.053
875	0.426	0.235	0.18	0.0529
876	0.426	0.234	0.18	0.0529
877	0.426	0.235	0.18	0.0529
878	0.426	0.234	0.18	0.0529
879	0.425	0.234	0.18	0.0529
880	0.425	0.235	0.18	0.0529
881	0.426	0.234	0.18	0.0529
882	0.426	0.234	0.18	0.053
883	0.426	0.235	0.18	0.053
884	0.426	0.235	0.18	0.053
885	0.426	0.235	0.18	0.0531
886	0.426	0.235	0.18	0.0531
887	0.426	0.235	0.18	0.053
888	0.426	0.235	0.18	0.053
889	0.426	0.235	0.18	0.053
890	0.426	0.235	0.18	0.053
891	0.426	0.234	0.18	0.0529
892	0.426	0.234	0.18	0.053
893	0.426	0.234	0.18	0.0529
894	0.426	0.234	0.18	0.053
895	0.426	0.235	0.18	0.053
896	0.426	0.235	0.18	0.0529
897	0.426	0.235	0.18	0.053
898	0.426	0.234	0.18	0.0529
899	0.426	0.235	0.18	0.053
900	0.425	0.234	0.18	0.0529
901	0.426	0.235	0.18	0.0529
902	0.426	0.234	0.18	0.0529
903	0.426	0.234	0.18	0.0529
904	0.426	0.235	0.18	0.053
905	0.426	0.235	0.18	0.0529
906	0.426	0.235	0.18	0.0529
907	0.426	0.235	0.18	0.053
908	0.426	0.234	0.18	0.0529
909	0.426	0.234	0.18	0.0529
910	0.426	0.234	0.18	0.0529
911	0.426	0.234	0.18	0.0529
912	0.426	0.235	0.18	0.0529
913	0.426	0.235	0.18	0.0529
914	0.426	0.234	0.18	0.0529
915	0.426	0.234	0.18	0.0529
916	0.426	0.235	0.18	0.053
917	0.426	0.234	0.18	0.0528
918	0.426	0.235	0.18	0.0529
919	0.426	0.235	0.18	0.0529
920	0.426	0.234	0.18	0.0528
921	0.425	0.235	0.18	0.0529
922	0.425	0.235	0.18	0.0529
923	0.426	0.235	0.18	0.0529
924	0.426	0.235	0.18	0.0529
925	0.426	0.235	0.18	0.0529
926	0.426	0.235	0.18	0.0529
927	0.426	0.235	0.18	0.053
928	0.425	0.235	0.18	0.053
929	0.426	0.235	0.18	0.0529
930	0.426	0.235	0.18	0.053
931	0.426	0.235	0.18	0.0529
932	0.426	0.235	0.18	0.0529
933	0.426	0.235	0.18	0.053
934	0.426	0.235	0.18	0.053
935	0.426	0.235	0.18	0.0529
936	0.426	0.235	0.18	0.053
937	0.426	0.235	0.18	0.053
938	0.426	0.235	0.18	0.053
939	0.426	0.235	0.18	0.053
940	0.426	0.235	0.18	0.0529
941	0.426	0.235	0.18	0.0529
942	0.426	0.235	0.18	0.0529
943	0.426	0.235	0.18	0.0529
944	0.426	0.235	0.18	0.0528
945	0.426	0.235	0.18	0.0529
946	0.426	0.235	0.18	0.0529
947	0.426	0.235	0.18	0.0529
948	0.426	0.235	0.18	0.0529
949	0.426	0.235	0.18	0.0529
950	0.426	0.235	0.18	0.0529
951	0.426	0.235	0.18	0.0529
952	0.425	0.235	0.18	0.0529
953	0.426	0.234	0.18	0.0529
954	0.426	0.235	0.18	0.0529
955	0.426	0.235	0.18	0.0529
956	0.426	0.234	0.18	0.0528
957	0.426	0.235	0.18	0.0529
958	0.426	0.234	0.18	0.0528
959	0.426	0.234	0.18	0.0529
960	0.426	0.235	0.18	0.0529
961	0.426	0.234	0.18	0.0528
962	0.426	0.234	0.18	0.0528
963	0.426	0.235	0.18	0.0529
964	0.426	0.235	0.18	0.0529
965	0.426	0.234	0.18	0.0528
966	0.426	0.235	0.18	0.0529
967	0.426	0.234	0.18	0.0529
968	0.426	0.234	0.18	0.0528
969	0.426	0.234	0.18	0.0529
970	0.426	0.234	0.18	0.0529
971	0.426	0.234	0.18	0.0528
972	0.426	0.234	0.18	0.0528
973	0.426	0.234	0.18	0.0529
974	0.426	0.235	0.18	0.0529
975	0.427	0.233	0.181	0.0524
976	0.428	0.232	0.182	0.0519
977	0.428	0.232	0.182	0.052
978	0.428	0.232	0.182	0.0521
979	0.428	0.232	0.182	0.0521
980	0.428	0.232	0.182	0.0521
981	0.428	0.232	0.182	0.0522
982	0.428	0.233	0.182	0.0523
983	0.428	0.232	0.182	0.0522
984	0.428	0.232	0.182	0.0522
985	0.428	0.232	0.182	0.0522
986	0.428	0.232	0.182	0.0522
987	0.428	0.232	0.182	0.0522
988	0.428	0.232	0.182	0.0522
989	0.428	0.232	0.182	0.0521
990	0.428	0.233	0.182	0.0522
991	0.428	0.232	0.182	0.0522
992	0.428	0.232	0.182	0.0521
993	0.428	0.233	0.182	0.0522
994	0.428	0.233	0.182	0.0522
995	0.428	0.233	0.182	0.0522
996	0.428	0.233	0.182	0.0522
997	0.428	0.233	0.182	0.0522
998	0.428	0.233	0.182	0.0522
999	0.428	0.233	0.181	0.0523
1000	0.428	0.233	0.181	0.0523
1001	0.428	0.233	0.181	0.0522
1002	0.428	0.233	0.181	0.0523
1003	0.428	0.233	0.181	0.0523
1004	0.428	0.233	0.182	0.0522
1005	0.428	0.233	0.181	0.0523
1006	0.428	0.233	0.181	0.0523
1007	0.428	0.233	0.181	0.0522
1008	0.428	0.233	0.181	0.0523
1009	0.428	0.233	0.181	0.0523
1010	0.428	0.233	0.181	0.0523
1011	0.428	0.233	0.181	0.0523
1012	0.428	0.233	0.181	0.0523
1013	0.429	0.233	0.182	0.0522
1014	0.428	0.233	0.181	0.0523
1015	0.428	0.233	0.181	0.0523
1016	0.428	0.232	0.182	0.0522
1017	0.428	0.233	0.181	0.0523
1018	0.428	0.233	0.181	0.0523
1019	0.428	0.232	0.182	0.0522
1020	0.428	0.233	0.181	0.0522
1021	0.428	0.233	0.181	0.0522
1022	0.428	0.233	0.181	0.0522
1023	0.428	0.233	0.181	0.0524
1024	0.428	0.233	0.181	0.0523
1025	0.428	0.233	0.181	0.0522
1026	0.428	0.233	0.181	0.0523
1027	0.429	0.233	0.181	0.0523
1028	0.428	0.233	0.181	0.0523
1029	0.428	0.233	0.181	0.0523
1030	0.428	0.233	0.181	0.0523
1031	0.428	0.233	0.181	0.0522
1032	0.428	0.233	0.181	0.0523
1033	0.428	0.233	0.181	0.0522
1034	0.428	0.233	0.181	0.0522
1035	0.428	0.233	0.181	0.0522
1036	0.428	0.233	0.181	0.0523
1037	0.428	0.233	0.181	0.0522
1038	0.428	0.233	0.181	0.0522
1039	0.428	0.233	0.181	0.0522
1040	0.428	0.232	0.181	0.0522
1041	0.428	0.233	0.181	0.0522
1042	0.428	0.233	0.181	0.0522
1043	0.428	0.233	0.181	0.0523
1044	0.428	0.233	0.181	0.0523
1045	0.428	0.233	0.181	0.0522
1046	0.428	0.233	0.181	0.0523
1047	0.428	0.233	0.181	0.0522
1048	0.428	0.233	0.181	0.0523
1049	0.428	0.233	0.181	0.0522
1050	0.428	0.233	0.181	0.0522
1051	0.428	0.233	0.181	0.0522
1052	0.428	0.233	0.181	0.0523
1053	0.428	0.233	0.181	0.0522
1054	0.428	0.233	0.181	0.0522
1055	0.428	0.233	0.181	0.0522
1056	0.428	0.233	0.181	0.0522
1057	0.428	0.233	0.181	0.0522
1058	0.428	0.233	0.181	0.0523
1059	0.428	0.233	0.181	0.0523
1060	0.428	0.233	0.181	0.0523
1061	0.428	0.233	0.181	0.0523
1062	0.429	0.233	0.181	0.0523
1063	0.428	0.233	0.181	0.0522
1064	0.428	0.233	0.181	0.0523
1065	0.428	0.233	0.181	0.0523
1066	0.428	0.233	0.181	0.0523
1067	0.428	0.233	0.181	0.0523
1068	0.429	0.233	0.181	0.0523
1069	0.428	0.233	0.181	0.0523
1070	0.428	0.233	0.181	0.0523
1071	0.428	0.233	0.181	0.0523
1072	0.428	0.233	0.181	0.0523
1073	0.428	0.233	0.181	0.0523
1074	0.428	0.233	0.181	0.0523
1075	0.428	0.233	0.181	0.0523
1076	0.428	0.233	0.181	0.0523
1077	0.429	0.233	0.181	0.0523
1078	0.428	0.233	0.181	0.0523
1079	0.428	0.233	0.181	0.0523
1080	0.428	0.233	0.181	0.0522
1081	0.428	0.233	0.181	0.0523
1082	0.428	0.233	0.181	0.0523
1083	0.428	0.233	0.181	0.0523
1084	0.428	0.233	0.181	0.0523
1085	0.428	0.233	0.181	0.0523
1086	0.428	0.233	0.181	0.0523
1087	0.429	0.233	0.181	0.0523
1088	0.429	0.233	0.181	0.0523
1089	0.429	0.233	0.181	0.0523
1090	0.429	0.233	0.181	0.0523
1091	0.428	0.233	0.181	0.0523
1092	0.429	0.233	0.181	0.0523
1093	0.428	0.233	0.181	0.0523
1094	0.429	0.233	0.181	0.0523
1095	0.429	0.233	0.181	0.0522
1096	0.429	0.233	0.181	0.0522
1097	0.429	0.233	0.181	0.0522
1098	0.429	0.233	0.181	0.0522
1099	0.429	0.233	0.181	0.0522
1100	0.429	0.233	0.181	0.0522
1101	0.429	0.233	0.181	0.0522
1102	0.429	0.233	0.181	0.0522
1103	0.429	0.233	0.181	0.0523
1104	0.429	0.233	0.181	0.0522
1105	0.429	0.233	0.181	0.0522
1106	0.429	0.233	0.181	0.0522
1107	0.429	0.233	0.181	0.0522
1108	0.429	0.233	0.181	0.0522
1109	0.429	0.233	0.181	0.0522
1110	0.428	0.233	0.181	0.0523
1111	0.428	0.233	0.181	0.0522
1112	0.428	0.233	0.181	0.0523
1113	0.429	0.233	0.181	0.0523
1114	0.429	0.233	0.181	0.0523
1115	0.429	0.233	0.181	0.0522
1116	0.428	0.233	0.181	0.0523
1117	0.428	0.233	0.181	0.0522
1118	0.428	0.233	0.181	0.0522
1119	0.428	0.233	0.181	0.0522
1120	0.428	0.233	0.181	0.0522
1121	0.429	0.233	0.181	0.0522
1122	0.429	0.233	0.181	0.0522
1123	0.428	0.233	0.181	0.0522
1124	0.428	0.233	0.181	0.0522
1125	0.429	0.233	0.181	0.0522
1126	0.428	0.233	0.181	0.0522
1127	0.429	0.233	0.181	0.0522
1128	0.429	0.233	0.181	0.0522
1129	0.429	0.233	0.181	0.0522
1130	0.429	0.233	0.181	0.0522
1131	0.428	0.233	0.181	0.0522
1132	0.429	0.233	0.181	0.0522
1133	0.429	0.233	0.181	0.0522
1134	0.429	0.233	0.181	0.0522
1135	0.428	0.233	0.181	0.0521
1136	0.429	0.231	0.182	0.0517
1137	0.431	0.23	0.183	0.0512
1138	0.431	0.23	0.183	0.0513
1139	0.43	0.23	0.183	0.0513
1140	0.43	0.23	0.183	0.0513
1141	0.431	0.23	0.183	0.0513
1142	0.431	0.23	0.183	0.0514
1143	0.431	0.23	0.183	0.0514
1144	0.43	0.23	0.183	0.0514
1145	0.431	0.23	0.183	0.0514
1146	0.431	0.23	0.183	0.0514
1147	0.43	0.23	0.183	0.0514
1148	0.43	0.231	0.183	0.0515
1149	0.43	0.23	0.183	0.0515
1150	0.43	0.231	0.183	0.0515
1151	0.43	0.231	0.183	0.0515
1152	0.431	0.231	0.183	0.0515
1153	0.431	0.231	0.183	0.0514
1154	0.431	0.231	0.183	0.0515
1155	0.431	0.231	0.183	0.0515
1156	0.431	0.231	0.182	0.0516
1157	0.43	0.231	0.182	0.0516
1158	0.43	0.231	0.182	0.0515
1159	0.431	0.231	0.182	0.0515
1160	0.43	0.231	0.182	0.0515
1161	0.43	0.231	0.182	0.0515
1162	0.431	0.231	0.182	0.0516
1163	0.431	0.231	0.182	0.0516
1164	0.431	0.231	0.182	0.0516
1165	0.431	0.231	0.182	0.0516
1166	0.431	0.231	0.182	0.0516
1167	0.431	0.231	0.182	0.0516
1168	0.431	0.231	0.182	0.0516
1169	0.431	0.231	0.182	0.0517
1170	0.431	0.231	0.182	0.0517
1171	0.43	0.231	0.182	0.0517
1172	0.431	0.231	0.182	0.0516
1173	0.431	0.231	0.182	0.0516
1174	0.43	0.231	0.182	0.0517
1175	0.43	0.231	0.182	0.0517
1176	0.43	0.231	0.182	0.0517
1177	0.43	0.231	0.182	0.0516
1178	0.431	0.231	0.182	0.0516
1179	0.431	0.231	0.182	0.0516
1180	0.43	0.231	0.182	0.0516
1181	0.43	0.231	0.182	0.0516
1182	0.431	0.231	0.182	0.0516
1183	0.43	0.231	0.182	0.0516
1184	0.431	0.231	0.182	0.0515
1185	0.43	0.231	0.182	0.0515
1186	0.43	0.231	0.182	0.0515
1187	0.43	0.231	0.182	0.0516
1188	0.43	0.231	0.182	0.0516
1189	0.43	0.231	0.182	0.0516
1190	0.43	0.231	0.182	0.0516
1191	0.431	0.231	0.182	0.0516
1192	0.43	0.231	0.182	0.0516
1193	0.431	0.231	0.182	0.0516
1194	0.43	0.231	0.182	0.0517
1195	0.43	0.231	0.182	0.0516
1196	0.43	0.231	0.182	0.0516
1197	0.43	0.231	0.182	0.0516
1198	0.43	0.231	0.182	0.0517
1199	0.431	0.231	0.182	0.0516
1200	0.431	0.231	0.182	0.0516
1201	0.431	0.231	0.182	0.0516
1202	0.431	0.231	0.182	0.0515
1203	0.431	0.231	0.182	0.0515
1204	0.43	0.231	0.182	0.0516
1205	0.43	0.231	0.182	0.0516
1206	0.431	0.231	0.182	0.0516
1207	0.431	0.231	0.182	0.0516
1208	0.431	0.231	0.182	0.0516
1209	0.431	0.231	0.182	0.0516
1210	0.431	0.231	0.182	0.0516
1211	0.43	0.231	0.182	0.0516
1212	0.43	0.231	0.182	0.0515
1213	0.43	0.231	0.182	0.0516
1214	0.431	0.231	0.182	0.0516
1215	0.431	0.231	0.182	0.0516
1216	0.431	0.231	0.182	0.0516
1217	0.43	0.231	0.182	0.0515
1218	0.431	0.231	0.182	0.0515
1219	0.43	0.231	0.182	0.0515
1220	0.43	0.231	0.182	0.0515
1221	0.43	0.231	0.182	0.0515
1222	0.431	0.231	0.182	0.0515
1223	0.431	0.231	0.182	0.0516
1224	0.431	0.231	0.182	0.0516
1225	0.431	0.231	0.182	0.0516
1226	0.431	0.231	0.182	0.0516
1227	0.431	0.231	0.182	0.0515
1228	0.43	0.231	0.182	0.0515
1229	0.431	0.231	0.182	0.0515
1230	0.43	0.231	0.182	0.0516
1231	0.43	0.231	0.182	0.0516
1232	0.431	0.231	0.182	0.0515
1233	0.431	0.231	0.182	0.0515
1234	0.431	0.231	0.182	0.0516
1235	0.43	0.231	0.182	0.0516
1236	0.43	0.231	0.182	0.0515
1237	0.431	0.231	0.182	0.0516
1238	0.43	0.231	0.182	0.0515
1239	0.431	0.231	0.182	0.0515
1240	0.431	0.231	0.182	0.0515
1241	0.431	0.231	0.182	0.0515
1242	0.431	0.231	0.182	0.0516
1243	0.43	0.231	0.182	0.0516
1244	0.431	0.231	0.182	0.0516
1245	0.431	0.231	0.182	0.0516
1246	0.43	0.231	0.182	0.0516
1247	0.43	0.231	0.182	0.0516
1248	0.43	0.231	0.182	0.0516
1249	0.43	0.232	0.182	0.0516
1250	0.431	0.231	0.182	0.0516
1251	0.431	0.231	0.182	0.0516
1252	0.431	0.232	0.182	0.0516
1253	0.431	0.231	0.182	0.0515
1254	0.431	0.231	0.182	0.0515
1255	0.43	0.231	0.182	0.0516
1256	0.431	0.231	0.182	0.0516
1257	0.431	0.231	0.182	0.0515
1258	0.43	0.231	0.182	0.0515
1259	0.43	0.231	0.182	0.0515
1260	0.43	0.231	0.182	0.0515
1261	0.43	0.231	0.182	0.0515
1262	0.43	0.231	0.182	0.0515
1263	0.431	0.231	0.182	0.0515
1264	0.431	0.231	0.182	0.0516
1265	0.431	0.231	0.182	0.0516
1266	0.431	0.231	0.182	0.0516
1267	0.43	0.231	0.182	0.0516
1268	0.431	0.231	0.182	0.0516
1269	0.431	0.231	0.182	0.0516
1270	0.431	0.232	0.182	0.0516
1271	0.43	0.231	0.182	0.0516
1272	0.431	0.23	0.183	0.0511
1273	0.432	0.228	0.184	0.0507
1274	0.432	0.228	0.184	0.0507
1275	0.433	0.229	0.184	0.0508
1276	0.433	0.229	0.184	0.0509
1277	0.433	0.229	0.184	0.0508
1278	0.433	0.229	0.184	0.0508
1279	0.433	0.229	0.184	0.0509
1280	0.433	0.229	0.184	0.0509
1281	0.433	0.229	0.184	0.0508
1282	0.433	0.229	0.184	0.0508
1283	0.433	0.229	0.184	0.0509
1284	0.433	0.229	0.184	0.0508
1285	0.432	0.229	0.184	0.0509
1286	0.433	0.229	0.184	0.0509
1287	0.433	0.229	0.184	0.0509
1288	0.433	0.229	0.184	0.0509
1289	0.433	0.229	0.184	0.0509
1290	0.433	0.229	0.183	0.051
1291	0.432	0.229	0.183	0.051
1292	0.433	0.229	0.183	0.051
1293	0.433	0.229	0.183	0.051
1294	0.433	0.229	0.183	0.051
1295	0.433	0.229	0.183	0.0509
1296	0.433	0.229	0.183	0.051
1297	0.433	0.229	0.183	0.0509
1298	0.433	0.229	0.183	0.0509
1299	0.433	0.229	0.183	0.0509
1300	0.433	0.229	0.183	0.051
1301	0.433	0.229	0.183	0.0509
1302	0.433	0.23	0.183	0.051
1303	0.433	0.229	0.183	0.051
1304	0.433	0.229	0.183	0.0509
1305	0.433	0.229	0.183	0.051
1306	0.433	0.229	0.183	0.051
1307	0.433	0.229	0.183	0.0509
1308	0.432	0.229	0.183	0.051
1309	0.432	0.229	0.183	0.051
1310	0.433	0.229	0.183	0.051
1311	0.433	0.23	0.183	0.051
1312	0.433	0.23	0.183	0.051
1313	0.433	0.229	0.183	0.051
1314	0.432	0.229	0.183	0.051
1315	0.433	0.229	0.183	0.051
1316	0.433	0.229	0.183	0.0509
1317	0.433	0.229	0.183	0.051
1318	0.433	0.229	0.183	0.051
1319	0.433	0.229	0.183	0.051
1320	0.432	0.229	0.183	0.051
1321	0.433	0.229	0.183	0.051
1322	0.433	0.229	0.183	0.051
1323	0.433	0.229	0.183	0.051
1324	0.433	0.229	0.183	0.051
1325	0.433	0.229	0.183	0.051
1326	0.432	0.229	0.183	0.0511
1327	0.433	0.229	0.183	0.051
1328	0.433	0.229	0.183	0.051
1329	0.433	0.229	0.183	0.051
1330	0.433	0.229	0.183	0.051
1331	0.433	0.229	0.183	0.051
1332	0.433	0.229	0.183	0.051
1333	0.433	0.23	0.183	0.051
1334	0.433	0.229	0.183	0.051
1335	0.433	0.23	0.183	0.051
1336	0.433	0.23	0.183	0.051
1337	0.433	0.23	0.183	0.051
1338	0.433	0.23	0.183	0.051
1339	0.433	0.23	0.183	0.051
1340	0.433	0.229	0.183	0.051
1341	0.433	0.23	0.183	0.0511
1342	0.433	0.23	0.183	0.051
1343	0.433	0.229	0.183	0.051
1344	0.433	0.23	0.183	0.0511
1345	0.433	0.23	0.183	0.0511
1346	0.433	0.23	0.183	0.051
1347	0.433	0.23	0.183	0.051
1348	0.433	0.23	0.183	0.051
1349	0.433	0.229	0.183	0.051
1350	0.433	0.23	0.183	0.051
1351	0.433	0.23	0.183	0.051
1352	0.433	0.229	0.183	0.0509
1353	0.433	0.23	0.183	0.051
1354	0.433	0.23	0.183	0.051
1355	0.433	0.23	0.183	0.0509
1356	0.433	0.23	0.183	0.051
1357	0.433	0.23	0.183	0.051
1358	0.433	0.23	0.183	0.051
1359	0.433	0.23	0.183	0.0511
1360	0.433	0.23	0.183	0.0511
1361	0.433	0.23	0.183	0.051
1362	0.433	0.23	0.183	0.051
1363	0.432	0.23	0.183	0.051
1364	0.432	0.229	0.183	0.051
1365	0.432	0.23	0.183	0.0511
1366	0.433	0.23	0.183	0.051
1367	0.433	0.229	0.183	0.051
1368	0.432	0.23	0.183	0.051
1369	0.433	0.23	0.183	0.051
1370	0.433	0.229	0.183	0.0509
1371	0.432	0.229	0.183	0.051
1372	0.432	0.229	0.183	0.0509
1373	0.432	0.229	0.183	0.0509
1374	0.432	0.229	0.183	0.051
1375	0.433	0.23	0.183	0.051
1376	0.433	0.229	0.183	0.0509
1377	0.432	0.229	0.183	0.0509
1378	0.433	0.23	0.183	0.051
1379	0.433	0.229	0.183	0.051
1380	0.433	0.23	0.183	0.051
1381	0.432	0.23	0.183	0.051
1382	0.433	0.23	0.183	0.051
1383	0.433	0.23	0.183	0.051
1384	0.432	0.23	0.183	0.051
1385	0.433	0.229	0.183	0.0509
1386	0.432	0.23	0.183	0.051
1387	0.433	0.23	0.183	0.051
1388	0.433	0.23	0.183	0.051
1389	0.433	0.23	0.183	0.051
1390	0.433	0.23	0.183	0.051
1391	0.433	0.23	0.183	0.0509
1392	0.433	0.23	0.183	0.051
1393	0.433	0.23	0.183	0.051
1394	0.433	0.23	0.183	0.051
1395	0.432	0.23	0.183	0.051
1396	0.432	0.23	0.183	0.051
1397	0.433	0.229	0.183	0.0509
1398	0.432	0.23	0.183	0.051
1399	0.432	0.23	0.183	0.051
1400	0.433	0.23	0.183	0.051
1401	0.432	0.23	0.183	0.051
1402	0.433	0.23	0.183	0.051
1403	0.433	0.229	0.183	0.0509
1404	0.433	0.229	0.183	0.051
1405	0.432	0.229	0.183	0.0509
1406	0.433	0.229	0.183	0.0509
1407	0.433	0.23	0.183	0.051
1408	0.433	0.23	0.183	0.051
1409	0.433	0.229	0.183	0.0509
1410	0.433	0.23	0.183	0.051
1411	0.433	0.23	0.183	0.0509
1412	0.433	0.229	0.183	0.0509
1413	0.433	0.23	0.183	0.051
1414	0.433	0.23	0.183	0.051
1415	0.433	0.23	0.183	0.051
1416	0.433	0.23	0.183	0.051
1417	0.433	0.23	0.183	0.051
1418	0.433	0.23	0.183	0.051
1419	0.433	0.23	0.183	0.051
1420	0.433	0.23	0.183	0.051
1421	0.433	0.23	0.183	0.051
1422	0.433	0.23	0.183	0.051
1423	0.433	0.229	0.183	0.0509
1424	0.433	0.23	0.183	0.051
1425	0.433	0.23	0.183	0.051
1426	0.433	0.229	0.183	0.051
1427	0.433	0.229	0.183	0.0509
1428	0.433	0.23	0.183	0.0509
1429	0.433	0.23	0.183	0.051
1430	0.433	0.23	0.183	0.0509
1431	0.433	0.23	0.183	0.0509
1432	0.433	0.23	0.183	0.0509
1433	0.433	0.23	0.183	0.0509
1434	0.433	0.23	0.183	0.0509
1435	0.433	0.23	0.183	0.0509
1436	0.433	0.23	0.183	0.051
1437	0.433	0.23	0.183	0.0509
1438	0.433	0.229	0.183	0.0509
1439	0.433	0.23	0.183	0.0509
1440	0.433	0.229	0.183	0.0509
1441	0.433	0.23	0.183	0.0509
1442	0.433	0.23	0.183	0.0509
1443	0.433	0.23	0.183	0.051
1444	0.433	0.23	0.183	0.0509
1445	0.433	0.23	0.183	0.0509
1446	0.434	0.228	0.184	0.0505
1447	0.435	0.227	0.185	0.0501
1448	0.435	0.227	0.185	0.0501
1449	0.435	0.227	0.185	0.0502
1450	0.435	0.227	0.185	0.0502
1451	0.435	0.227	0.185	0.0502
1452	0.435	0.227	0.185	0.0503
1453	0.435	0.227	0.185	0.0503
1454	0.435	0.227	0.185	0.0503
1455	0.435	0.227	0.184	0.0503
1456	0.435	0.227	0.184	0.0503
1457	0.435	0.227	0.184	0.0503
1458	0.435	0.227	0.184	0.0503
1459	0.435	0.227	0.184	0.0503
1460	0.435	0.227	0.184	0.0503
1461	0.435	0.227	0.184	0.0503
1462	0.435	0.227	0.184	0.0503
1463	0.435	0.227	0.184	0.0503
1464	0.435	0.227	0.184	0.0503
1465	0.435	0.228	0.184	0.0503
1466	0.435	0.228	0.184	0.0503
1467	0.435	0.228	0.184	0.0504
1468	0.435	0.228	0.184	0.0504
1469	0.435	0.228	0.184	0.0503
1470	0.435	0.228	0.184	0.0503
1471	0.435	0.228	0.184	0.0504
1472	0.435	0.227	0.184	0.0503
1473	0.435	0.228	0.184	0.0503
1474	0.435	0.228	0.184	0.0503
1475	0.435	0.228	0.184	0.0503
1476	0.435	0.228	0.184	0.0503
1477	0.435	0.228	0.184	0.0503
1478	0.435	0.228	0.184	0.0503
1479	0.435	0.228	0.184	0.0503
1480	0.435	0.228	0.184	0.0503
1481	0.435	0.228	0.184	0.0504
1482	0.435	0.228	0.184	0.0503
1483	0.435	0.228	0.184	0.0503
1484	0.435	0.228	0.184	0.0503
1485	0.435	0.228	0.184	0.0503
1486	0.435	0.228	0.184	0.0503
1487	0.435	0.228	0.184	0.0503
1488	0.435	0.228	0.184	0.0503
1489	0.435	0.228	0.184	0.0503
1490	0.435	0.228	0.184	0.0503
1491	0.435	0.228	0.184	0.0503
1492	0.435	0.228	0.184	0.0503
1493	0.435	0.228	0.184	0.0503
1494	0.435	0.228	0.184	0.0503
1495	0.435	0.228	0.184	0.0503
1496	0.435	0.228	0.184	0.0503
1497	0.435	0.228	0.184	0.0503
1498	0.435	0.228	0.184	0.0503
1499	0.435	0.228	0.184	0.0504
1500	0.435	0.228	0.184	0.0504
1501	0.435	0.228	0.184	0.0503
1502	0.435	0.228	0.184	0.0503
1503	0.435	0.228	0.184	0.0504
1504	0.435	0.228	0.184	0.0504
1505	0.435	0.228	0.184	0.0504
1506	0.435	0.228	0.184	0.0504
1507	0.435	0.228	0.184	0.0504
1508	0.435	0.228	0.184	0.0503
1509	0.435	0.228	0.184	0.0504
1510	0.435	0.228	0.184	0.0504
1511	0.435	0.228	0.184	0.0504
1512	0.435	0.228	0.184	0.0503
1513	0.435	0.228	0.184	0.0503
1514	0.435	0.228	0.184	0.0504
1515	0.435	0.228	0.184	0.0503
1516	0.435	0.228	0.184	0.0503
1517	0.435	0.228	0.184	0.0503
1518	0.435	0.228	0.184	0.0503
1519	0.435	0.228	0.184	0.0503
1520	0.435	0.228	0.184	0.0503
1521	0.435	0.228	0.184	0.0503
1522	0.435	0.228	0.184	0.0503
1523	0.435	0.228	0.184	0.0503
1524	0.435	0.228	0.184	0.0503
1525	0.435	0.228	0.184	0.0503
1526	0.435	0.228	0.184	0.0504
1527	0.435	0.228	0.184	0.0504
1528	0.435	0.228	0.184	0.0503
1529	0.435	0.228	0.184	0.0504
1530	0.435	0.228	0.184	0.0504
1531	0.435	0.228	0.184	0.0504
1532	0.435	0.228	0.184	0.0504
1533	0.435	0.228	0.184	0.0504
1534	0.435	0.228	0.184	0.0504
1535	0.435	0.228	0.184	0.0504
1536	0.435	0.228	0.184	0.0504
1537	0.435	0.228	0.184	0.0503
1538	0.435	0.228	0.184	0.0504
1539	0.435	0.228	0.184	0.0503
1540	0.435	0.228	0.184	0.0503
1541	0.435	0.228	0.184	0.0504
1542	0.435	0.228	0.184	0.0504
1543	0.435	0.228	0.184	0.0503
1544	0.435	0.228	0.184	0.0503
1545	0.435	0.228	0.184	0.0503
1546	0.435	0.228	0.184	0.0503
1547	0.435	0.228	0.184	0.0503
1548	0.435	0.228	0.184	0.0504
1549	0.435	0.228	0.184	0.0504
1550	0.435	0.228	0.184	0.0503
1551	0.435	0.228	0.184	0.0503
1552	0.435	0.228	0.184	0.0503
1553	0.435	0.228	0.184	0.0503
1554	0.435	0.228	0.184	0.0504
1555	0.435	0.228	0.184	0.0503
1556	0.435	0.228	0.184	0.0503
1557	0.435	0.228	0.184	0.0503
1558	0.435	0.228	0.184	0.0503
1559	0.435	0.228	0.184	0.0503
1560	0.435	0.228	0.184	0.0503
1561	0.435	0.228	0.184	0.0504
1562	0.435	0.228	0.184	0.0504
1563	0.435	0.228	0.184	0.0503
1564	0.435	0.228	0.184	0.0504
1565	0.435	0.228	0.184	0.0504
1566	0.435	0.228	0.184	0.0504
1567	0.435	0.228	0.184	0.0504
1568	0.435	0.228	0.184	0.0504
1569	0.435	0.228	0.184	0.0504
1570	0.435	0.228	0.184	0.0503
1571	0.435	0.228	0.184	0.0503
1572	0.435	0.228	0.184	0.0503
1573	0.435	0.228	0.184	0.0503
1574	0.435	0.228	0.184	0.0503
1575	0.435	0.228	0.184	0.0503
1576	0.435	0.228	0.184	0.0503
1577	0.435	0.228	0.184	0.0503
1578	0.435	0.228	0.184	0.0502
1579	0.435	0.228	0.184	0.0503
1580	0.435	0.228	0.184	0.0503
1581	0.435	0.228	0.184	0.0503
1582	0.435	0.228	0.184	0.0503
1583	0.435	0.228	0.184	0.0503
1584	0.435	0.228	0.184	0.0503
1585	0.435	0.228	0.184	0.0503
1586	0.435	0.228	0.184	0.0503
1587	0.435	0.228	0.184	0.0503
1588	0.435	0.228	0.184	0.0502
1589	0.435	0.228	0.184	0.0503
1590	0.435	0.228	0.184	0.0503
1591	0.435	0.228	0.184	0.0503
1592	0.435	0.228	0.184	0.0503
1593	0.435	0.228	0.184	0.0503
1594	0.435	0.228	0.184	0.0503
1595	0.435	0.228	0.184	0.0503
