Iteration	ValueMean	ValueStddev	DerivMean	DerivStddev
1	-0.0448	0.647	0.558	0.313
2	-0.0355	0.625	0.587	0.305
3	-0.0297	0.615	0.579	0.291
4	-0.0231	0.612	0.567	0.28
5	-0.0215	0.6	0.568	0.27
6	-0.0177	0.592	0.568	0.259
7	-0.018	0.591	0.564	0.254
8	-0.0156	0.59	0.563	0.251
9	-0.0138	0.588	0.562	0.247
10	-0.0127	0.589	0.56	0.244
11	-0.0145	0.588	0.559	0.241
12	-0.014	0.589	0.557	0.239
13	-0.013	0.589	0.557	0.238
14	-0.0134	0.59	0.557	0.237
15	-0.0127	0.591	0.556	0.235
16	-0.0141	0.591	0.555	0.234
17	-0.0141	0.591	0.553	0.233
18	-0.0125	0.592	0.552	0.232
19	-0.0116	0.593	0.551	0.231
20	-0.0118	0.593	0.55	0.231
21	-0.0109	0.593	0.549	0.23
22	-0.0103	0.595	0.549	0.23
23	-0.0109	0.595	0.547	0.23
24	-0.0106	0.596	0.546	0.229
25	-0.0109	0.596	0.546	0.228
26	-0.0113	0.597	0.545	0.228
27	-0.0103	0.597	0.544	0.228
28	-0.0101	0.598	0.543	0.227
29	-0.00981	0.599	0.542	0.227
30	-0.0104	0.6	0.54	0.226
31	-0.0105	0.602	0.539	0.226
32	-0.0114	0.602	0.538	0.226
33	-0.0108	0.602	0.538	0.226
34	-0.0111	0.602	0.537	0.225
35	-0.0114	0.603	0.536	0.226
36	-0.0112	0.603	0.535	0.225
37	-0.0103	0.605	0.534	0.225
38	-0.0106	0.606	0.533	0.224
39	-0.00983	0.606	0.533	0.224
40	-0.0102	0.606	0.532	0.225
41	-0.0115	0.607	0.531	0.224
42	-0.0108	0.607	0.53	0.224
43	-0.01	0.607	0.529	0.223
44	-0.0115	0.608	0.529	0.223
45	-0.0108	0.609	0.528	0.223
46	-0.0112	0.609	0.526	0.223
47	-0.0113	0.611	0.525	0.223
48	-0.0115	0.61	0.524	0.222
49	-0.0117	0.612	0.523	0.223
50	-0.0115	0.611	0.523	0.222
51	-0.0111	0.612	0.522	0.221
52	-0.0116	0.612	0.521	0.222
53	-0.0118	0.613	0.521	0.221
54	-0.0122	0.613	0.521	0.222
55	-0.0115	0.614	0.519	0.221
56	-0.0114	0.614	0.519	0.222
57	-0.0114	0.614	0.518	0.222
58	-0.0104	0.614	0.518	0.221
59	-0.00922	0.616	0.516	0.221
60	-0.00989	0.617	0.516	0.22
61	-0.0104	0.616	0.515	0.22
62	-0.0109	0.616	0.516	0.22
63	-0.0105	0.617	0.514	0.22
64	-0.0105	0.618	0.514	0.22
65	-0.0111	0.618	0.513	0.22
66	-0.0112	0.618	0.513	0.221
67	-0.011	0.618	0.513	0.22
68	-0.0109	0.618	0.513	0.22
69	-0.0109	0.62	0.511	0.221
70	-0.00946	0.619	0.511	0.22
71	-0.00985	0.62	0.51	0.22
72	-0.00963	0.621	0.509	0.22
73	-0.00944	0.62	0.509	0.22
74	-0.0101	0.621	0.508	0.22
75	-0.00941	0.621	0.508	0.219
76	-0.00966	0.621	0.508	0.219
77	-0.0106	0.621	0.508	0.219
78	-0.0102	0.622	0.507	0.219
79	-0.0106	0.621	0.507	0.219
80	-0.0115	0.621	0.507	0.219
81	-0.0116	0.621	0.507	0.219
82	-0.0114	0.621	0.507	0.219
83	-0.0112	0.622	0.506	0.219
84	-0.0107	0.623	0.505	0.219
85	-0.0108	0.622	0.505	0.218
86	-0.011	0.622	0.505	0.218
87	-0.0106	0.623	0.504	0.218
88	-0.0111	0.623	0.504	0.218
89	-0.0112	0.624	0.504	0.218
90	-0.0113	0.624	0.503	0.218
91	-0.0105	0.624	0.503	0.218
92	-0.0108	0.624	0.502	0.218
93	-0.0105	0.624	0.502	0.218
94	-0.0106	0.624	0.502	0.218
95	-0.0104	0.624	0.502	0.217
96	-0.0106	0.626	0.501	0.218
97	-0.0111	0.625	0.501	0.218
98	-0.0113	0.625	0.501	0.218
99	-0.011	0.625	0.5	0.217
100	-0.0107	0.625	0.5	0.217
101	-0.0113	0.625	0.5	0.217
102	-0.011	0.626	0.499	0.217
103	-0.011	0.626	0.499	0.217
104	-0.0109	0.625	0.499	0.217
105	-0.011	0.626	0.499	0.217
106	-0.0108	0.626	0.499	0.217
107	-0.0113	0.625	0.499	0.216
108	-0.0112	0.626	0.499	0.216
109	-0.0114	0.626	0.498	0.216
110	-0.0113	0.627	0.497	0.216
111	-0.0114	0.627	0.497	0.216
112	-0.0112	0.627	0.497	0.216
113	-0.0107	0.627	0.496	0.215
114	-0.0111	0.627	0.496	0.215
115	-0.011	0.627	0.496	0.216
116	-0.0108	0.626	0.497	0.215
117	-0.0105	0.627	0.496	0.215
118	-0.011	0.627	0.496	0.215
119	-0.0111	0.628	0.495	0.215
120	-0.0103	0.628	0.495	0.215
121	-0.00907	0.628	0.495	0.215
122	-0.00963	0.628	0.495	0.215
123	-0.00957	0.627	0.496	0.214
124	-0.00977	0.628	0.495	0.215
125	-0.0102	0.628	0.495	0.215
126	-0.0109	0.627	0.495	0.214
127	-0.0111	0.628	0.494	0.214
128	-0.0107	0.628	0.494	0.214
129	-0.0116	0.628	0.493	0.214
130	-0.0113	0.628	0.494	0.214
131	-0.0113	0.628	0.494	0.214
132	-0.0123	0.628	0.493	0.214
133	-0.0118	0.628	0.493	0.214
134	-0.0109	0.628	0.493	0.214
135	-0.0112	0.628	0.493	0.214
136	-0.0114	0.628	0.493	0.214
137	-0.011	0.628	0.493	0.214
138	-0.0112	0.628	0.493	0.213
139	-0.0114	0.628	0.492	0.213
140	-0.0119	0.629	0.492	0.213
141	-0.0113	0.629	0.491	0.213
142	-0.0113	0.629	0.491	0.213
143	-0.0116	0.629	0.491	0.213
144	-0.0114	0.629	0.491	0.213
145	-0.0114	0.629	0.491	0.213
146	-0.0111	0.629	0.491	0.213
147	-0.0115	0.629	0.491	0.213
148	-0.0119	0.629	0.49	0.213
149	-0.0122	0.628	0.49	0.212
150	-0.0124	0.629	0.49	0.213
151	-0.0117	0.629	0.49	0.213
152	-0.0117	0.629	0.49	0.212
153	-0.0118	0.629	0.49	0.212
154	-0.0114	0.63	0.489	0.212
155	-0.0116	0.629	0.489	0.212
156	-0.0113	0.629	0.489	0.212
157	-0.012	0.63	0.489	0.212
158	-0.0126	0.629	0.489	0.211
159	-0.0125	0.629	0.489	0.211
160	-0.0118	0.629	0.488	0.211
161	-0.0117	0.629	0.488	0.211
162	-0.0115	0.628	0.489	0.211
163	-0.0118	0.629	0.488	0.21
164	-0.0117	0.629	0.488	0.21
165	-0.0119	0.629	0.488	0.21
166	-0.0116	0.629	0.488	0.21
167	-0.011	0.63	0.487	0.21
168	-0.0113	0.629	0.487	0.21
169	-0.0112	0.63	0.487	0.21
170	-0.0109	0.63	0.486	0.21
171	-0.0111	0.629	0.486	0.209
172	-0.0111	0.629	0.486	0.21
173	-0.0111	0.629	0.487	0.21
174	-0.0115	0.629	0.487	0.21
175	-0.0115	0.629	0.487	0.21
176	-0.0111	0.628	0.487	0.209
177	-0.0106	0.629	0.487	0.21
178	-0.0112	0.629	0.486	0.21
179	-0.0118	0.629	0.487	0.21
180	-0.0117	0.628	0.486	0.209
181	-0.0117	0.629	0.486	0.209
182	-0.0124	0.628	0.486	0.209
183	-0.0125	0.628	0.486	0.209
184	-0.0127	0.629	0.485	0.209
185	-0.0125	0.628	0.486	0.209
186	-0.012	0.628	0.485	0.209
187	-0.0114	0.628	0.485	0.209
188	-0.012	0.628	0.486	0.209
189	-0.0121	0.628	0.486	0.209
190	-0.0119	0.629	0.485	0.209
191	-0.0114	0.629	0.485	0.209
192	-0.0118	0.629	0.485	0.209
193	-0.012	0.629	0.485	0.209
194	-0.012	0.628	0.485	0.208
195	-0.012	0.628	0.485	0.208
196	-0.0118	0.628	0.485	0.208
197	-0.0114	0.628	0.485	0.208
198	-0.012	0.627	0.485	0.207
199	-0.0119	0.628	0.484	0.208
200	-0.0114	0.628	0.484	0.208
201	-0.0121	0.628	0.484	0.208
202	-0.0115	0.629	0.484	0.208
203	-0.0122	0.628	0.484	0.208
204	-0.0116	0.627	0.484	0.207
205	-0.0117	0.628	0.484	0.207
206	-0.0117	0.628	0.484	0.207
207	-0.0111	0.628	0.485	0.207
208	-0.0117	0.628	0.484	0.207
209	-0.0116	0.628	0.484	0.207
210	-0.0111	0.628	0.484	0.207
211	-0.0117	0.628	0.483	0.207
212	-0.0115	0.628	0.483	0.206
213	-0.0122	0.627	0.484	0.206
214	-0.0124	0.628	0.483	0.206
215	-0.0124	0.628	0.483	0.207
216	-0.0128	0.627	0.484	0.206
217	-0.0122	0.628	0.483	0.206
218	-0.0122	0.627	0.483	0.206
219	-0.0123	0.627	0.483	0.206
220	-0.0116	0.628	0.483	0.206
221	-0.0113	0.627	0.483	0.206
222	-0.0117	0.627	0.483	0.205
223	-0.0116	0.627	0.483	0.206
224	-0.0113	0.627	0.483	0.205
225	-0.0114	0.627	0.483	0.206
226	-0.0115	0.627	0.483	0.205
227	-0.0115	0.626	0.484	0.206
228	-0.0123	0.626	0.484	0.206
229	-0.0118	0.626	0.484	0.205
230	-0.0116	0.626	0.483	0.205
231	-0.0119	0.626	0.483	0.205
232	-0.0115	0.627	0.483	0.206
233	-0.0119	0.626	0.483	0.205
234	-0.012	0.626	0.483	0.206
235	-0.0112	0.627	0.482	0.206
236	-0.0113	0.626	0.483	0.205
237	-0.0112	0.626	0.483	0.205
238	-0.0113	0.627	0.483	0.206
239	-0.0109	0.626	0.483	0.205
240	-0.0111	0.626	0.483	0.205
241	-0.0114	0.626	0.483	0.205
242	-0.0115	0.625	0.483	0.205
243	-0.0104	0.626	0.483	0.205
244	-0.0104	0.626	0.482	0.205
245	-0.0114	0.625	0.483	0.205
246	-0.0118	0.625	0.483	0.205
247	-0.0121	0.625	0.483	0.205
248	-0.0118	0.625	0.483	0.205
249	-0.0111	0.625	0.483	0.204
250	-0.0108	0.625	0.483	0.204
251	-0.0115	0.625	0.482	0.204
252	-0.0118	0.625	0.482	0.204
253	-0.0121	0.626	0.482	0.204
254	-0.012	0.625	0.482	0.205
255	-0.0119	0.625	0.482	0.204
256	-0.0117	0.625	0.482	0.204
257	-0.0113	0.625	0.482	0.204
258	-0.0115	0.625	0.482	0.204
259	-0.0116	0.625	0.481	0.204
260	-0.0123	0.625	0.482	0.204
261	-0.0118	0.624	0.482	0.204
262	-0.0116	0.625	0.481	0.205
263	-0.0114	0.625	0.481	0.204
264	-0.0111	0.624	0.482	0.204
265	-0.0113	0.625	0.482	0.204
266	-0.0114	0.624	0.482	0.204
267	-0.0111	0.624	0.482	0.203
268	-0.0105	0.624	0.482	0.203
269	-0.0108	0.624	0.482	0.203
270	-0.0108	0.624	0.481	0.203
271	-0.0111	0.624	0.481	0.204
272	-0.0118	0.623	0.482	0.203
273	-0.0118	0.624	0.482	0.203
274	-0.0112	0.624	0.481	0.203
275	-0.0118	0.624	0.481	0.202
276	-0.0119	0.623	0.481	0.202
277	-0.012	0.624	0.48	0.202
278	-0.0121	0.624	0.481	0.202
279	-0.012	0.624	0.481	0.202
280	-0.012	0.624	0.48	0.202
281	-0.0124	0.623	0.481	0.202
282	-0.0119	0.623	0.481	0.202
283	-0.012	0.624	0.48	0.202
284	-0.0114	0.623	0.481	0.202
285	-0.0115	0.623	0.481	0.202
286	-0.0106	0.623	0.481	0.202
287	-0.0108	0.622	0.481	0.201
288	-0.011	0.622	0.481	0.201
289	-0.0107	0.622	0.481	0.201
290	-0.0109	0.622	0.481	0.201
291	-0.0109	0.622	0.481	0.201
292	-0.011	0.623	0.48	0.202
293	-0.0112	0.623	0.48	0.202
294	-0.011	0.622	0.481	0.201
295	-0.011	0.623	0.48	0.202
296	-0.0112	0.623	0.48	0.202
297	-0.0106	0.622	0.481	0.202
298	-0.0107	0.623	0.48	0.202
299	-0.0107	0.622	0.48	0.201
300	-0.0114	0.622	0.481	0.201
301	-0.0115	0.622	0.481	0.201
302	-0.0118	0.622	0.481	0.201
303	-0.0108	0.621	0.481	0.2
304	-0.0103	0.621	0.48	0.201
305	-0.0103	0.621	0.481	0.201
306	-0.0105	0.621	0.481	0.201
307	-0.0105	0.622	0.48	0.201
308	-0.0109	0.621	0.481	0.201
309	-0.011	0.621	0.481	0.201
310	-0.0109	0.62	0.481	0.201
311	-0.0107	0.62	0.481	0.2
312	-0.0111	0.62	0.481	0.201
313	-0.0106	0.62	0.481	0.2
314	-0.0107	0.621	0.481	0.2
315	-0.0106	0.621	0.48	0.2
316	-0.0111	0.621	0.48	0.2
317	-0.0108	0.621	0.48	0.2
318	-0.0107	0.621	0.48	0.2
319	-0.011	0.62	0.48	0.2
320	-0.0109	0.62	0.48	0.2
321	-0.011	0.621	0.48	0.2
322	-0.0108	0.62	0.48	0.2
323	-0.0108	0.62	0.48	0.2
324	-0.0106	0.62	0.48	0.2
325	-0.0106	0.619	0.481	0.2
326	-0.0103	0.619	0.481	0.2
327	-0.0105	0.62	0.48	0.2
328	-0.0109	0.619	0.48	0.2
329	-0.0108	0.619	0.481	0.2
330	-0.0109	0.619	0.48	0.2
331	-0.0109	0.619	0.481	0.2
332	-0.0103	0.619	0.48	0.2
333	-0.0107	0.619	0.48	0.199
334	-0.0107	0.62	0.48	0.2
335	-0.0104	0.619	0.48	0.199
336	-0.0103	0.619	0.48	0.199
337	-0.0106	0.619	0.48	0.199
338	-0.0106	0.619	0.48	0.199
339	-0.0107	0.619	0.48	0.199
340	-0.00964	0.619	0.479	0.199
341	-0.00978	0.619	0.479	0.199
342	-0.01	0.618	0.48	0.198
343	-0.0103	0.619	0.479	0.199
344	-0.0101	0.619	0.479	0.199
345	-0.0107	0.619	0.479	0.198
346	-0.0105	0.619	0.479	0.198
347	-0.0105	0.619	0.479	0.198
348	-0.0106	0.62	0.479	0.198
349	-0.0104	0.62	0.479	0.199
350	-0.0109	0.62	0.479	0.198
351	-0.0108	0.619	0.479	0.198
352	-0.0115	0.619	0.479	0.198
353	-0.0114	0.619	0.479	0.198
354	-0.0112	0.618	0.479	0.198
355	-0.0113	0.618	0.479	0.198
356	-0.0112	0.619	0.479	0.198
357	-0.0117	0.619	0.479	0.198
358	-0.0113	0.619	0.479	0.198
359	-0.0108	0.619	0.479	0.198
360	-0.0111	0.619	0.478	0.198
361	-0.0108	0.618	0.479	0.198
362	-0.011	0.618	0.479	0.198
363	-0.011	0.618	0.479	0.198
364	-0.0109	0.617	0.479	0.198
365	-0.0109	0.618	0.478	0.198
366	-0.0114	0.618	0.479	0.198
367	-0.0113	0.618	0.478	0.198
368	-0.0109	0.618	0.478	0.198
369	-0.0108	0.618	0.479	0.198
370	-0.0107	0.617	0.479	0.197
371	-0.0112	0.617	0.479	0.198
372	-0.0113	0.617	0.479	0.197
373	-0.0115	0.617	0.479	0.197
374	-0.0109	0.618	0.479	0.198
375	-0.0106	0.617	0.479	0.198
376	-0.0102	0.617	0.479	0.198
377	-0.0103	0.617	0.479	0.197
378	-0.0103	0.618	0.478	0.197
379	-0.00998	0.617	0.479	0.197
380	-0.00987	0.617	0.479	0.198
381	-0.0103	0.617	0.478	0.197
382	-0.0104	0.617	0.479	0.197
383	-0.0108	0.617	0.478	0.197
384	-0.0108	0.617	0.478	0.197
385	-0.0108	0.617	0.478	0.197
386	-0.0106	0.618	0.478	0.198
387	-0.0104	0.617	0.478	0.197
388	-0.0104	0.617	0.478	0.197
389	-0.0104	0.617	0.478	0.197
390	-0.0103	0.617	0.477	0.197
391	-0.0104	0.616	0.478	0.197
392	-0.0108	0.616	0.478	0.196
393	-0.01	0.616	0.478	0.196
394	-0.0104	0.616	0.478	0.196
395	-0.00994	0.616	0.478	0.197
396	-0.00955	0.616	0.478	0.197
397	-0.00958	0.616	0.478	0.196
398	-0.00939	0.616	0.478	0.197
399	-0.0094	0.616	0.478	0.197
400	-0.00898	0.617	0.477	0.196
401	-0.00982	0.616	0.477	0.196
402	-0.00992	0.616	0.477	0.196
403	-0.0103	0.617	0.478	0.196
404	-0.01	0.617	0.477	0.196
405	-0.00945	0.617	0.477	0.197
406	-0.00934	0.616	0.477	0.197
407	-0.0095	0.616	0.477	0.196
408	-0.00908	0.616	0.477	0.196
409	-0.00946	0.616	0.477	0.196
410	-0.0099	0.615	0.478	0.196
411	-0.00975	0.616	0.477	0.196
412	-0.00976	0.616	0.477	0.196
413	-0.0103	0.615	0.477	0.195
414	-0.0106	0.615	0.478	0.195
415	-0.0109	0.615	0.478	0.195
416	-0.0105	0.615	0.477	0.196
417	-0.00988	0.615	0.477	0.196
418	-0.0101	0.615	0.477	0.195
419	-0.0104	0.615	0.477	0.195
420	-0.0102	0.615	0.477	0.195
421	-0.00938	0.615	0.477	0.196
422	-0.00968	0.615	0.477	0.196
423	-0.0101	0.615	0.477	0.196
424	-0.00963	0.614	0.477	0.195
425	-0.00984	0.614	0.478	0.195
426	-0.01	0.614	0.477	0.195
427	-0.0102	0.614	0.478	0.195
428	-0.01	0.614	0.478	0.195
429	-0.00974	0.614	0.477	0.195
430	-0.0102	0.614	0.478	0.195
431	-0.00974	0.615	0.477	0.196
432	-0.00999	0.614	0.477	0.195
433	-0.0102	0.614	0.477	0.195
434	-0.00966	0.615	0.477	0.195
435	-0.00965	0.614	0.477	0.195
436	-0.00968	0.615	0.477	0.195
437	-0.00969	0.614	0.477	0.195
438	-0.00955	0.614	0.477	0.195
439	-0.00977	0.614	0.477	0.195
440	-0.00962	0.614	0.476	0.195
441	-0.00997	0.614	0.477	0.195
442	-0.0103	0.613	0.477	0.195
443	-0.0104	0.614	0.477	0.195
444	-0.0101	0.614	0.477	0.195
445	-0.01	0.613	0.477	0.195
446	-0.0103	0.614	0.477	0.194
447	-0.0103	0.613	0.477	0.194
448	-0.0105	0.613	0.477	0.194
449	-0.0108	0.613	0.477	0.194
450	-0.0102	0.613	0.477	0.194
451	-0.0103	0.613	0.477	0.194
452	-0.01	0.613	0.477	0.194
453	-0.01	0.613	0.477	0.194
454	-0.00974	0.613	0.477	0.194
455	-0.00954	0.613	0.477	0.194
456	-0.00964	0.613	0.477	0.194
457	-0.0097	0.613	0.477	0.194
458	-0.00982	0.613	0.477	0.194
459	-0.00993	0.613	0.477	0.194
460	-0.00936	0.612	0.477	0.194
461	-0.00942	0.613	0.476	0.194
462	-0.00908	0.612	0.476	0.194
463	-0.00967	0.612	0.477	0.194
464	-0.00949	0.613	0.476	0.194
465	-0.00953	0.612	0.477	0.194
466	-0.00934	0.612	0.477	0.194
467	-0.00946	0.613	0.476	0.194
468	-0.00973	0.611	0.477	0.194
469	-0.00972	0.611	0.477	0.194
470	-0.00971	0.612	0.476	0.194
471	-0.01	0.611	0.477	0.194
472	-0.0102	0.611	0.477	0.194
473	-0.0102	0.611	0.477	0.194
474	-0.0107	0.612	0.477	0.194
475	-0.0106	0.611	0.477	0.194
476	-0.0104	0.611	0.477	0.194
477	-0.0102	0.611	0.477	0.194
478	-0.00993	0.611	0.477	0.193
479	-0.00984	0.611	0.477	0.194
480	-0.0102	0.611	0.477	0.194
481	-0.0109	0.611	0.477	0.194
482	-0.0106	0.611	0.477	0.193
483	-0.0108	0.611	0.477	0.193
484	-0.0113	0.611	0.477	0.193
485	-0.0113	0.612	0.476	0.193
486	-0.0109	0.611	0.477	0.193
487	-0.0108	0.61	0.477	0.193
488	-0.0102	0.611	0.476	0.193
489	-0.0102	0.611	0.476	0.193
490	-0.0104	0.611	0.476	0.193
491	-0.0105	0.611	0.476	0.193
492	-0.0103	0.611	0.476	0.193
493	-0.0104	0.611	0.476	0.193
494	-0.0103	0.611	0.476	0.193
495	-0.0103	0.61	0.476	0.193
496	-0.0104	0.61	0.477	0.193
497	-0.0101	0.61	0.476	0.193
498	-0.0105	0.61	0.476	0.193
499	-0.0103	0.61	0.476	0.193
500	-0.0105	0.61	0.476	0.193
501	-0.0102	0.61	0.477	0.193
502	-0.0101	0.61	0.476	0.192
503	-0.0103	0.61	0.476	0.192
504	-0.0102	0.61	0.476	0.192
505	-0.0102	0.61	0.476	0.193
506	-0.0106	0.611	0.476	0.192
507	-0.0107	0.61	0.476	0.192
508	-0.0105	0.609	0.476	0.192
509	-0.0101	0.61	0.476	0.193
510	-0.01	0.609	0.476	0.192
511	-0.0103	0.609	0.476	0.192
512	-0.0105	0.61	0.476	0.193
513	-0.0105	0.61	0.476	0.192
514	-0.0103	0.61	0.476	0.192
515	-0.0102	0.61	0.476	0.192
516	-0.0102	0.61	0.476	0.192
517	-0.0101	0.61	0.476	0.192
518	-0.0102	0.61	0.476	0.192
519	-0.0104	0.609	0.476	0.192
520	-0.0108	0.609	0.476	0.192
521	-0.0107	0.609	0.476	0.192
522	-0.0107	0.609	0.476	0.192
523	-0.0112	0.608	0.477	0.192
524	-0.0109	0.609	0.476	0.192
525	-0.0109	0.609	0.476	0.192
526	-0.0108	0.609	0.476	0.192
527	-0.0105	0.609	0.476	0.192
528	-0.011	0.609	0.476	0.192
529	-0.0109	0.608	0.476	0.192
530	-0.0112	0.609	0.476	0.192
531	-0.0112	0.609	0.476	0.192
532	-0.0113	0.608	0.476	0.192
533	-0.0114	0.609	0.476	0.192
534	-0.0114	0.608	0.477	0.192
535	-0.0113	0.608	0.476	0.192
536	-0.0109	0.608	0.476	0.192
537	-0.011	0.608	0.477	0.192
538	-0.0108	0.608	0.477	0.192
539	-0.0109	0.608	0.477	0.192
540	-0.0107	0.608	0.477	0.192
541	-0.0108	0.607	0.477	0.192
542	-0.0106	0.607	0.477	0.192
543	-0.0104	0.607	0.477	0.192
544	-0.0102	0.608	0.476	0.192
545	-0.0111	0.608	0.476	0.192
546	-0.0114	0.608	0.477	0.192
547	-0.0114	0.608	0.477	0.192
548	-0.0119	0.608	0.476	0.192
549	-0.012	0.607	0.476	0.191
550	-0.0114	0.607	0.476	0.191
551	-0.0109	0.608	0.476	0.191
552	-0.0112	0.608	0.476	0.192
553	-0.011	0.608	0.476	0.192
554	-0.0109	0.607	0.476	0.191
555	-0.011	0.607	0.476	0.191
556	-0.0113	0.608	0.475	0.192
557	-0.011	0.608	0.476	0.191
558	-0.0111	0.607	0.476	0.191
559	-0.0111	0.607	0.476	0.191
560	-0.0112	0.607	0.476	0.191
561	-0.0112	0.607	0.476	0.191
562	-0.0113	0.607	0.476	0.191
563	-0.0113	0.607	0.476	0.191
564	-0.011	0.607	0.476	0.191
565	-0.0109	0.607	0.476	0.191
566	-0.0108	0.607	0.476	0.191
567	-0.0106	0.607	0.476	0.19
568	-0.0105	0.607	0.476	0.191
569	-0.0107	0.607	0.476	0.191
570	-0.0103	0.607	0.476	0.191
571	-0.0101	0.607	0.476	0.191
572	-0.00984	0.607	0.476	0.191
573	-0.01	0.607	0.476	0.191
574	-0.0101	0.607	0.475	0.191
575	-0.0107	0.607	0.475	0.191
576	-0.0104	0.607	0.476	0.191
577	-0.0104	0.607	0.475	0.19
578	-0.0101	0.606	0.476	0.191
579	-0.0104	0.606	0.476	0.19
580	-0.0106	0.607	0.475	0.191
581	-0.0101	0.607	0.475	0.19
582	-0.01	0.607	0.475	0.19
583	-0.0107	0.607	0.475	0.19
584	-0.0108	0.607	0.475	0.191
585	-0.0109	0.606	0.475	0.19
586	-0.011	0.606	0.475	0.191
587	-0.0112	0.606	0.475	0.19
588	-0.0111	0.606	0.476	0.19
589	-0.0107	0.606	0.476	0.19
590	-0.0107	0.606	0.475	0.19
591	-0.0106	0.606	0.475	0.19
592	-0.0101	0.607	0.475	0.19
593	-0.00972	0.606	0.475	0.19
594	-0.00983	0.606	0.475	0.19
595	-0.01	0.606	0.475	0.19
596	-0.0095	0.606	0.475	0.19
597	-0.00935	0.606	0.475	0.19
598	-0.0098	0.606	0.475	0.19
599	-0.0102	0.606	0.475	0.19
600	-0.0103	0.606	0.475	0.19
601	-0.0109	0.606	0.475	0.19
602	-0.0109	0.606	0.475	0.189
603	-0.0111	0.605	0.476	0.189
604	-0.0109	0.605	0.475	0.19
605	-0.0109	0.605	0.475	0.19
606	-0.0108	0.605	0.476	0.19
607	-0.0106	0.605	0.476	0.19
608	-0.0104	0.605	0.475	0.19
609	-0.0103	0.605	0.476	0.19
610	-0.0103	0.604	0.476	0.189
611	-0.0105	0.605	0.475	0.189
612	-0.0105	0.604	0.476	0.189
613	-0.0105	0.605	0.476	0.189
614	-0.0105	0.605	0.475	0.189
615	-0.0103	0.605	0.475	0.189
616	-0.01	0.605	0.475	0.189
617	-0.0105	0.605	0.475	0.189
618	-0.0111	0.605	0.475	0.189
619	-0.0111	0.605	0.475	0.189
620	-0.0113	0.605	0.475	0.189
621	-0.0109	0.604	0.476	0.189
622	-0.0106	0.605	0.475	0.189
623	-0.0104	0.604	0.475	0.189
624	-0.0105	0.603	0.476	0.189
625	-0.0105	0.604	0.475	0.189
626	-0.011	0.604	0.475	0.189
627	-0.0109	0.604	0.476	0.189
628	-0.0112	0.603	0.476	0.189
629	-0.0112	0.604	0.475	0.189
630	-0.0107	0.603	0.476	0.189
631	-0.0113	0.603	0.475	0.189
632	-0.0111	0.604	0.475	0.189
633	-0.0116	0.604	0.475	0.189
634	-0.0111	0.604	0.475	0.189
635	-0.0108	0.604	0.475	0.189
636	-0.0111	0.603	0.475	0.189
637	-0.0111	0.604	0.475	0.189
638	-0.0111	0.604	0.475	0.189
639	-0.0113	0.603	0.475	0.189
640	-0.0111	0.603	0.475	0.189
641	-0.011	0.603	0.475	0.188
642	-0.0112	0.603	0.476	0.189
643	-0.0113	0.603	0.475	0.189
644	-0.0112	0.602	0.475	0.189
645	-0.0109	0.602	0.476	0.189
646	-0.011	0.603	0.475	0.189
647	-0.0109	0.603	0.475	0.189
648	-0.0109	0.602	0.476	0.189
649	-0.0112	0.602	0.476	0.189
650	-0.011	0.603	0.475	0.189
651	-0.0115	0.602	0.475	0.189
652	-0.0112	0.603	0.475	0.189
653	-0.0114	0.603	0.475	0.189
654	-0.0112	0.602	0.475	0.189
655	-0.0111	0.603	0.475	0.189
656	-0.0112	0.603	0.475	0.189
657	-0.0115	0.603	0.475	0.189
658	-0.0114	0.603	0.475	0.189
659	-0.0111	0.603	0.474	0.189
660	-0.0107	0.603	0.475	0.188
661	-0.0112	0.603	0.474	0.188
662	-0.0109	0.603	0.474	0.189
663	-0.0113	0.602	0.475	0.188
664	-0.0114	0.602	0.475	0.188
665	-0.0111	0.602	0.475	0.188
666	-0.0108	0.602	0.475	0.188
667	-0.0106	0.602	0.476	0.188
668	-0.0109	0.602	0.475	0.188
669	-0.0109	0.602	0.475	0.188
670	-0.0118	0.602	0.475	0.188
671	-0.0117	0.602	0.475	0.188
672	-0.0115	0.601	0.475	0.188
673	-0.0113	0.602	0.475	0.188
674	-0.011	0.602	0.475	0.188
675	-0.0115	0.602	0.475	0.188
676	-0.0115	0.602	0.475	0.188
677	-0.0113	0.602	0.475	0.188
678	-0.0114	0.602	0.475	0.188
679	-0.011	0.601	0.475	0.188
680	-0.011	0.601	0.475	0.188
681	-0.011	0.601	0.475	0.188
682	-0.0109	0.601	0.475	0.188
683	-0.011	0.601	0.475	0.188
684	-0.0113	0.601	0.475	0.188
685	-0.011	0.601	0.475	0.188
686	-0.0115	0.601	0.476	0.187
687	-0.0113	0.601	0.476	0.187
688	-0.0114	0.601	0.475	0.188
689	-0.0117	0.601	0.475	0.187
690	-0.0114	0.6	0.475	0.187
691	-0.0113	0.6	0.476	0.187
692	-0.011	0.6	0.476	0.187
693	-0.011	0.6	0.476	0.187
694	-0.0112	0.6	0.476	0.187
695	-0.0111	0.6	0.476	0.187
696	-0.0109	0.6	0.476	0.187
697	-0.0105	0.599	0.476	0.187
698	-0.0108	0.599	0.476	0.187
699	-0.0108	0.6	0.476	0.187
700	-0.0112	0.6	0.476	0.187
701	-0.0114	0.6	0.476	0.187
702	-0.0108	0.6	0.476	0.187
703	-0.0112	0.6	0.476	0.187
704	-0.0108	0.6	0.475	0.187
705	-0.0109	0.6	0.475	0.187
706	-0.0106	0.6	0.475	0.187
707	-0.0101	0.6	0.475	0.187
708	-0.0102	0.599	0.476	0.187
709	-0.0101	0.6	0.475	0.187
710	-0.0102	0.6	0.475	0.187
711	-0.00983	0.6	0.475	0.187
712	-0.0098	0.6	0.475	0.187
713	-0.00997	0.6	0.475	0.187
714	-0.0105	0.6	0.476	0.187
715	-0.0106	0.6	0.475	0.187
716	-0.0106	0.6	0.475	0.187
717	-0.0103	0.6	0.475	0.187
718	-0.0104	0.6	0.475	0.187
719	-0.0106	0.6	0.475	0.186
720	-0.0103	0.599	0.475	0.186
721	-0.0105	0.599	0.476	0.187
722	-0.0104	0.599	0.475	0.187
723	-0.0104	0.599	0.476	0.187
724	-0.0104	0.599	0.475	0.187
725	-0.0107	0.599	0.475	0.187
726	-0.0105	0.599	0.475	0.187
727	-0.0106	0.6	0.475	0.187
728	-0.0101	0.599	0.475	0.187
729	-0.00986	0.599	0.475	0.187
730	-0.01	0.599	0.475	0.187
731	-0.0104	0.599	0.475	0.186
732	-0.0106	0.599	0.475	0.186
733	-0.0107	0.599	0.475	0.186
734	-0.0107	0.599	0.475	0.186
735	-0.011	0.6	0.475	0.186
736	-0.0109	0.599	0.475	0.186
737	-0.0105	0.599	0.475	0.186
738	-0.0106	0.599	0.475	0.187
739	-0.0104	0.599	0.475	0.186
740	-0.0105	0.599	0.475	0.186
741	-0.0108	0.599	0.475	0.186
742	-0.0105	0.599	0.475	0.186
743	-0.0102	0.599	0.475	0.186
744	-0.0103	0.599	0.474	0.186
745	-0.0103	0.599	0.475	0.186
746	-0.0101	0.599	0.475	0.186
747	-0.00989	0.598	0.475	0.186
748	-0.0104	0.598	0.475	0.186
749	-0.0105	0.598	0.475	0.186
750	-0.0105	0.598	0.475	0.186
751	-0.0107	0.598	0.475	0.186
752	-0.0108	0.598	0.475	0.186
753	-0.0108	0.598	0.475	0.186
754	-0.0107	0.598	0.475	0.186
755	-0.0102	0.598	0.475	0.185
756	-0.0101	0.598	0.475	0.186
757	-0.0102	0.598	0.474	0.186
758	-0.0104	0.598	0.474	0.185
759	-0.0107	0.598	0.475	0.185
760	-0.0104	0.598	0.475	0.185
761	-0.0106	0.598	0.475	0.185
762	-0.0106	0.598	0.475	0.185
763	-0.0104	0.598	0.474	0.186
764	-0.0109	0.598	0.474	0.185
765	-0.0115	0.598	0.474	0.186
766	-0.0111	0.598	0.475	0.186
767	-0.0112	0.598	0.475	0.185
768	-0.0113	0.598	0.475	0.185
769	-0.011	0.597	0.475	0.185
770	-0.0113	0.597	0.475	0.185
771	-0.0109	0.598	0.475	0.185
772	-0.0109	0.598	0.475	0.185
773	-0.0111	0.597	0.475	0.185
774	-0.0108	0.597	0.475	0.185
775	-0.011	0.597	0.474	0.185
776	-0.0111	0.597	0.475	0.185
777	-0.0111	0.597	0.475	0.185
778	-0.0113	0.597	0.475	0.185
779	-0.0113	0.597	0.475	0.185
780	-0.0113	0.598	0.474	0.186
781	-0.0112	0.598	0.474	0.186
782	-0.0108	0.597	0.474	0.185
783	-0.0112	0.598	0.474	0.185
784	-0.0112	0.598	0.474	0.185
785	-0.0111	0.597	0.474	0.185
786	-0.0112	0.597	0.474	0.185
787	-0.0116	0.597	0.474	0.185
788	-0.011	0.597	0.474	0.185
789	-0.0112	0.597	0.475	0.185
790	-0.0109	0.597	0.475	0.185
791	-0.0113	0.597	0.475	0.185
792	-0.0113	0.596	0.475	0.185
793	-0.0115	0.597	0.475	0.185
794	-0.0117	0.596	0.475	0.185
795	-0.0116	0.596	0.475	0.185
796	-0.0113	0.596	0.475	0.185
797	-0.011	0.596	0.475	0.185
798	-0.0106	0.597	0.475	0.185
799	-0.011	0.597	0.474	0.185
800	-0.0113	0.597	0.475	0.185
801	-0.011	0.596	0.475	0.185
802	-0.0108	0.596	0.474	0.185
803	-0.011	0.596	0.474	0.185
804	-0.0109	0.597	0.474	0.185
805	-0.0107	0.596	0.474	0.185
806	-0.0108	0.596	0.475	0.185
807	-0.011	0.596	0.474	0.185
808	-0.0109	0.596	0.474	0.185
809	-0.0106	0.596	0.475	0.185
810	-0.011	0.596	0.475	0.185
811	-0.0114	0.596	0.475	0.185
812	-0.0112	0.596	0.475	0.185
813	-0.0111	0.596	0.475	0.185
814	-0.0114	0.596	0.474	0.185
815	-0.0114	0.596	0.474	0.185
816	-0.0117	0.596	0.475	0.185
817	-0.0113	0.596	0.474	0.185
818	-0.0109	0.596	0.474	0.185
819	-0.0109	0.595	0.475	0.185
820	-0.011	0.596	0.474	0.185
821	-0.0112	0.596	0.474	0.185
822	-0.0111	0.596	0.474	0.185
823	-0.0111	0.596	0.474	0.185
824	-0.0108	0.596	0.474	0.184
825	-0.0109	0.596	0.474	0.184
826	-0.011	0.596	0.474	0.184
827	-0.0117	0.595	0.475	0.184
828	-0.0114	0.595	0.475	0.184
829	-0.011	0.596	0.474	0.184
830	-0.0107	0.595	0.474	0.184
831	-0.0108	0.595	0.474	0.184
832	-0.0111	0.595	0.474	0.184
833	-0.0112	0.595	0.475	0.184
834	-0.011	0.595	0.475	0.184
835	-0.0109	0.595	0.475	0.184
836	-0.0109	0.595	0.474	0.184
837	-0.0111	0.595	0.475	0.184
838	-0.011	0.595	0.475	0.184
839	-0.0115	0.595	0.475	0.184
840	-0.0115	0.595	0.475	0.184
841	-0.0116	0.596	0.474	0.184
842	-0.0113	0.595	0.475	0.184
843	-0.0111	0.594	0.475	0.184
844	-0.0111	0.594	0.475	0.184
845	-0.0108	0.594	0.475	0.184
846	-0.0109	0.595	0.475	0.184
847	-0.0109	0.595	0.474	0.184
848	-0.011	0.595	0.475	0.184
849	-0.0111	0.594	0.475	0.184
850	-0.011	0.595	0.474	0.184
851	-0.0111	0.595	0.475	0.183
852	-0.0108	0.594	0.475	0.183
853	-0.0108	0.595	0.474	0.184
854	-0.0111	0.595	0.474	0.184
855	-0.0112	0.594	0.475	0.184
856	-0.011	0.595	0.474	0.184
857	-0.0109	0.594	0.474	0.184
858	-0.0106	0.594	0.474	0.184
859	-0.0107	0.595	0.474	0.184
860	-0.0108	0.595	0.474	0.184
861	-0.0106	0.594	0.474	0.184
862	-0.0105	0.594	0.474	0.184
863	-0.0106	0.594	0.475	0.184
864	-0.0104	0.594	0.474	0.184
865	-0.0103	0.594	0.474	0.184
866	-0.0104	0.594	0.474	0.184
867	-0.0107	0.594	0.474	0.184
868	-0.0107	0.594	0.474	0.184
869	-0.0106	0.594	0.474	0.184
870	-0.0105	0.594	0.475	0.184
871	-0.0103	0.594	0.474	0.184
872	-0.0107	0.593	0.474	0.183
873	-0.0105	0.594	0.474	0.183
874	-0.0109	0.594	0.474	0.184
875	-0.0105	0.594	0.474	0.183
876	-0.0102	0.593	0.474	0.183
877	-0.0101	0.594	0.474	0.183
878	-0.0101	0.593	0.474	0.183
879	-0.0104	0.594	0.474	0.183
880	-0.0103	0.594	0.474	0.183
881	-0.0104	0.593	0.475	0.183
882	-0.0107	0.593	0.474	0.183
883	-0.0109	0.593	0.474	0.183
884	-0.0104	0.594	0.474	0.183
885	-0.0104	0.593	0.474	0.183
886	-0.0101	0.594	0.474	0.183
887	-0.0102	0.593	0.474	0.183
888	-0.0101	0.593	0.474	0.183
889	-0.0102	0.593	0.474	0.183
890	-0.0103	0.593	0.474	0.183
891	-0.0103	0.593	0.474	0.182
892	-0.0104	0.593	0.474	0.183
893	-0.00987	0.593	0.474	0.183
894	-0.00998	0.593	0.474	0.182
895	-0.0102	0.593	0.474	0.183
896	-0.0104	0.592	0.474	0.182
897	-0.0107	0.593	0.474	0.182
898	-0.0106	0.593	0.474	0.183
899	-0.0106	0.593	0.474	0.183
900	-0.0106	0.593	0.474	0.183
901	-0.0107	0.593	0.474	0.183
902	-0.0107	0.592	0.474	0.183
903	-0.0106	0.593	0.474	0.183
904	-0.0105	0.592	0.474	0.182
905	-0.0111	0.592	0.474	0.183
906	-0.0112	0.593	0.474	0.183
907	-0.0112	0.592	0.474	0.183
908	-0.0115	0.592	0.474	0.183
909	-0.0113	0.592	0.474	0.182
910	-0.0114	0.592	0.474	0.183
911	-0.0113	0.592	0.474	0.182
912	-0.0112	0.592	0.474	0.182
913	-0.0111	0.592	0.474	0.182
914	-0.011	0.592	0.474	0.182
915	-0.0115	0.592	0.474	0.182
916	-0.011	0.592	0.474	0.182
917	-0.0107	0.592	0.474	0.182
918	-0.0111	0.592	0.474	0.182
919	-0.0109	0.592	0.474	0.182
920	-0.0109	0.592	0.474	0.182
921	-0.0109	0.592	0.474	0.182
922	-0.0107	0.592	0.474	0.182
923	-0.0107	0.592	0.474	0.182
924	-0.0107	0.592	0.474	0.182
925	-0.0107	0.592	0.473	0.182
926	-0.0104	0.592	0.473	0.182
927	-0.0104	0.593	0.474	0.183
928	-0.0103	0.592	0.474	0.182
929	-0.0103	0.592	0.474	0.182
930	-0.0104	0.592	0.474	0.182
931	-0.0102	0.592	0.474	0.182
932	-0.0101	0.592	0.474	0.182
933	-0.0102	0.592	0.474	0.182
934	-0.01	0.592	0.474	0.182
935	-0.0105	0.592	0.474	0.182
936	-0.0107	0.592	0.474	0.182
937	-0.0104	0.592	0.473	0.182
938	-0.0106	0.591	0.474	0.182
939	-0.0109	0.592	0.474	0.182
940	-0.0107	0.592	0.473	0.182
941	-0.0106	0.592	0.474	0.182
942	-0.0104	0.592	0.473	0.182
943	-0.0104	0.592	0.473	0.182
944	-0.0107	0.592	0.473	0.182
945	-0.0108	0.591	0.473	0.182
946	-0.0109	0.591	0.474	0.182
947	-0.011	0.591	0.474	0.182
948	-0.0112	0.591	0.474	0.182
949	-0.0108	0.591	0.474	0.182
950	-0.0111	0.591	0.474	0.182
951	-0.0109	0.591	0.474	0.182
952	-0.0107	0.591	0.474	0.182
953	-0.0107	0.59	0.474	0.181
954	-0.0104	0.591	0.474	0.181
955	-0.0107	0.591	0.474	0.181
956	-0.011	0.591	0.474	0.182
957	-0.0111	0.591	0.474	0.182
958	-0.0111	0.591	0.474	0.182
959	-0.0111	0.591	0.474	0.182
960	-0.0114	0.591	0.474	0.182
961	-0.0115	0.591	0.474	0.182
962	-0.0114	0.59	0.474	0.181
963	-0.0111	0.591	0.474	0.182
964	-0.0108	0.591	0.474	0.181
965	-0.0109	0.59	0.474	0.181
966	-0.0107	0.591	0.474	0.182
967	-0.0104	0.591	0.474	0.182
968	-0.0103	0.59	0.474	0.182
969	-0.0105	0.591	0.474	0.182
970	-0.0103	0.59	0.474	0.181
971	-0.0105	0.59	0.474	0.181
972	-0.0107	0.59	0.474	0.181
973	-0.0107	0.59	0.474	0.181
974	-0.0107	0.59	0.474	0.181
975	-0.0104	0.588	0.478	0.181
976	-0.0104	0.585	0.482	0.18
977	-0.0102	0.585	0.482	0.18
978	-0.01	0.586	0.481	0.18
979	-0.00988	0.585	0.481	0.18
980	-0.0096	0.585	0.481	0.18
981	-0.00998	0.585	0.481	0.18
982	-0.00994	0.585	0.481	0.18
983	-0.0102	0.585	0.481	0.18
984	-0.0102	0.586	0.48	0.181
985	-0.0102	0.586	0.48	0.181
986	-0.0101	0.586	0.48	0.18
987	-0.0102	0.586	0.48	0.181
988	-0.0101	0.586	0.48	0.181
989	-0.0102	0.586	0.48	0.181
990	-0.0101	0.586	0.48	0.181
991	-0.01	0.586	0.48	0.181
992	-0.00994	0.586	0.479	0.18
993	-0.0102	0.587	0.479	0.181
994	-0.00999	0.586	0.479	0.18
995	-0.00982	0.586	0.479	0.18
996	-0.00948	0.586	0.479	0.18
997	-0.00927	0.586	0.479	0.18
998	-0.00963	0.586	0.479	0.18
999	-0.00959	0.586	0.479	0.181
1000	-0.00975	0.585	0.48	0.18
1001	-0.0101	0.585	0.48	0.18
1002	-0.01	0.586	0.48	0.18
1003	-0.00983	0.586	0.479	0.18
1004	-0.00975	0.586	0.479	0.18
1005	-0.00967	0.586	0.479	0.18
1006	-0.00988	0.586	0.479	0.18
1007	-0.0101	0.586	0.479	0.18
1008	-0.0102	0.586	0.479	0.18
1009	-0.0102	0.586	0.479	0.18
1010	-0.0099	0.586	0.479	0.18
1011	-0.0101	0.586	0.479	0.18
1012	-0.0106	0.586	0.479	0.18
1013	-0.0106	0.585	0.479	0.18
1014	-0.0106	0.586	0.479	0.18
1015	-0.0104	0.585	0.479	0.18
1016	-0.0101	0.586	0.479	0.18
1017	-0.0102	0.586	0.479	0.18
1018	-0.0102	0.586	0.479	0.18
1019	-0.0105	0.585	0.479	0.18
1020	-0.0105	0.586	0.479	0.18
1021	-0.0106	0.586	0.479	0.18
1022	-0.0106	0.585	0.479	0.18
1023	-0.0105	0.586	0.479	0.18
1024	-0.0101	0.586	0.478	0.18
1025	-0.0103	0.586	0.479	0.18
1026	-0.0101	0.586	0.478	0.18
1027	-0.0101	0.586	0.479	0.18
1028	-0.00995	0.586	0.479	0.18
1029	-0.01	0.586	0.478	0.18
1030	-0.00996	0.586	0.478	0.18
1031	-0.00981	0.585	0.479	0.18
1032	-0.00994	0.586	0.478	0.18
1033	-0.00963	0.586	0.478	0.18
1034	-0.00999	0.585	0.479	0.18
1035	-0.0102	0.586	0.478	0.18
1036	-0.0102	0.586	0.478	0.18
1037	-0.01	0.585	0.479	0.18
1038	-0.0099	0.586	0.478	0.18
1039	-0.00979	0.586	0.478	0.18
1040	-0.00974	0.586	0.478	0.18
1041	-0.00941	0.586	0.478	0.18
1042	-0.00949	0.586	0.478	0.18
1043	-0.00971	0.585	0.478	0.18
1044	-0.00946	0.586	0.478	0.18
1045	-0.00972	0.586	0.478	0.18
1046	-0.00977	0.585	0.478	0.18
1047	-0.00972	0.585	0.478	0.18
1048	-0.00972	0.585	0.478	0.18
1049	-0.00984	0.585	0.478	0.179
1050	-0.0101	0.585	0.478	0.18
1051	-0.0101	0.585	0.478	0.179
1052	-0.00987	0.585	0.478	0.179
1053	-0.00997	0.585	0.478	0.179
1054	-0.00991	0.585	0.478	0.179
1055	-0.00981	0.585	0.478	0.179
1056	-0.00982	0.586	0.478	0.179
1057	-0.00959	0.585	0.478	0.179
1058	-0.0096	0.585	0.478	0.179
1059	-0.0099	0.585	0.478	0.179
1060	-0.0101	0.585	0.478	0.179
1061	-0.00997	0.585	0.478	0.179
1062	-0.0101	0.585	0.478	0.179
1063	-0.0103	0.585	0.478	0.179
1064	-0.0104	0.585	0.478	0.179
1065	-0.0104	0.585	0.478	0.179
1066	-0.0102	0.585	0.478	0.179
1067	-0.0101	0.585	0.478	0.179
1068	-0.0103	0.585	0.478	0.179
1069	-0.0103	0.585	0.478	0.179
1070	-0.0101	0.585	0.478	0.179
1071	-0.0101	0.585	0.478	0.179
1072	-0.0101	0.584	0.478	0.179
1073	-0.01	0.584	0.478	0.179
1074	-0.0105	0.584	0.478	0.179
1075	-0.0105	0.585	0.478	0.179
1076	-0.0103	0.585	0.478	0.179
1077	-0.0102	0.584	0.478	0.179
1078	-0.0102	0.584	0.478	0.179
1079	-0.00981	0.584	0.478	0.179
1080	-0.00956	0.584	0.478	0.179
1081	-0.00994	0.585	0.478	0.179
1082	-0.01	0.585	0.478	0.179
1083	-0.0102	0.584	0.478	0.179
1084	-0.0102	0.585	0.478	0.179
1085	-0.01	0.584	0.478	0.179
1086	-0.0103	0.585	0.477	0.179
1087	-0.0105	0.584	0.478	0.179
1088	-0.0103	0.584	0.478	0.179
1089	-0.0101	0.584	0.478	0.179
1090	-0.0103	0.584	0.478	0.179
1091	-0.0102	0.584	0.478	0.179
1092	-0.0103	0.584	0.478	0.179
1093	-0.0105	0.584	0.478	0.179
1094	-0.0103	0.584	0.478	0.179
1095	-0.0104	0.584	0.477	0.179
1096	-0.0105	0.584	0.478	0.179
1097	-0.0105	0.584	0.478	0.179
1098	-0.0105	0.584	0.478	0.179
1099	-0.0107	0.584	0.478	0.179
1100	-0.0104	0.584	0.478	0.179
1101	-0.0103	0.584	0.478	0.179
1102	-0.0105	0.584	0.477	0.179
1103	-0.0101	0.584	0.477	0.179
1104	-0.0101	0.584	0.478	0.179
1105	-0.01	0.583	0.478	0.179
1106	-0.0103	0.584	0.478	0.179
1107	-0.0105	0.584	0.477	0.179
1108	-0.0103	0.584	0.478	0.179
1109	-0.0105	0.584	0.478	0.178
1110	-0.0105	0.583	0.478	0.178
1111	-0.0108	0.583	0.478	0.178
1112	-0.0106	0.583	0.478	0.179
1113	-0.0104	0.584	0.478	0.179
1114	-0.0105	0.584	0.477	0.179
1115	-0.0106	0.584	0.477	0.178
1116	-0.0108	0.584	0.477	0.178
1117	-0.0107	0.584	0.477	0.178
1118	-0.0106	0.583	0.477	0.178
1119	-0.0106	0.583	0.477	0.178
1120	-0.0107	0.583	0.477	0.178
1121	-0.0109	0.583	0.478	0.178
1122	-0.011	0.583	0.478	0.178
1123	-0.0108	0.583	0.478	0.178
1124	-0.011	0.583	0.477	0.178
1125	-0.0108	0.583	0.478	0.178
1126	-0.0106	0.583	0.478	0.178
1127	-0.0106	0.583	0.478	0.178
1128	-0.0105	0.583	0.478	0.178
1129	-0.0106	0.583	0.478	0.178
1130	-0.0106	0.583	0.478	0.178
1131	-0.0106	0.583	0.477	0.178
1132	-0.0104	0.583	0.477	0.178
1133	-0.0104	0.583	0.477	0.178
1134	-0.0104	0.583	0.477	0.178
1135	-0.0106	0.583	0.477	0.178
1136	-0.0105	0.58	0.481	0.178
1137	-0.0106	0.577	0.485	0.177
1138	-0.0102	0.578	0.485	0.177
1139	-0.01	0.578	0.485	0.177
1140	-0.00997	0.579	0.484	0.177
1141	-0.00995	0.579	0.484	0.177
1142	-0.0104	0.578	0.484	0.177
1143	-0.0104	0.578	0.484	0.177
1144	-0.00987	0.579	0.483	0.177
1145	-0.00988	0.579	0.483	0.177
1146	-0.00991	0.579	0.483	0.178
1147	-0.00983	0.579	0.483	0.177
1148	-0.00976	0.579	0.483	0.177
1149	-0.00995	0.579	0.483	0.178
1150	-0.0101	0.579	0.483	0.178
1151	-0.0102	0.579	0.483	0.177
1152	-0.0101	0.579	0.483	0.177
1153	-0.0102	0.579	0.483	0.178
1154	-0.0102	0.579	0.483	0.177
1155	-0.0103	0.579	0.482	0.177
1156	-0.0104	0.579	0.483	0.177
1157	-0.0104	0.579	0.483	0.177
1158	-0.0105	0.579	0.482	0.177
1159	-0.0104	0.579	0.482	0.177
1160	-0.0104	0.579	0.482	0.177
1161	-0.0102	0.579	0.482	0.177
1162	-0.0104	0.579	0.483	0.177
1163	-0.0102	0.579	0.482	0.177
1164	-0.0101	0.578	0.482	0.177
1165	-0.0101	0.579	0.482	0.177
1166	-0.0103	0.579	0.482	0.177
1167	-0.0103	0.579	0.482	0.177
1168	-0.0103	0.579	0.483	0.177
1169	-0.0105	0.579	0.483	0.177
1170	-0.0103	0.579	0.483	0.177
1171	-0.00958	0.58	0.482	0.177
1172	-0.0102	0.579	0.482	0.177
1173	-0.0104	0.579	0.482	0.177
1174	-0.0105	0.579	0.482	0.177
1175	-0.0107	0.579	0.482	0.177
1176	-0.0105	0.579	0.482	0.177
1177	-0.0108	0.579	0.482	0.177
1178	-0.0109	0.579	0.482	0.177
1179	-0.0107	0.579	0.482	0.177
1180	-0.0104	0.579	0.482	0.177
1181	-0.0104	0.579	0.482	0.177
1182	-0.0106	0.578	0.482	0.177
1183	-0.0107	0.579	0.482	0.177
1184	-0.0108	0.579	0.482	0.177
1185	-0.0108	0.579	0.482	0.177
1186	-0.0107	0.579	0.482	0.177
1187	-0.0111	0.579	0.482	0.177
1188	-0.0107	0.579	0.482	0.177
1189	-0.0108	0.579	0.481	0.177
1190	-0.0107	0.579	0.482	0.177
1191	-0.0109	0.579	0.481	0.177
1192	-0.0108	0.579	0.481	0.177
1193	-0.0107	0.579	0.481	0.177
1194	-0.0105	0.579	0.481	0.177
1195	-0.0105	0.579	0.481	0.177
1196	-0.0108	0.579	0.481	0.177
1197	-0.0106	0.579	0.481	0.177
1198	-0.0105	0.579	0.481	0.177
1199	-0.0105	0.579	0.481	0.177
1200	-0.0104	0.579	0.481	0.177
1201	-0.0104	0.579	0.481	0.177
1202	-0.0102	0.579	0.481	0.177
1203	-0.0102	0.579	0.481	0.177
1204	-0.0102	0.579	0.481	0.177
1205	-0.0101	0.579	0.481	0.177
1206	-0.00992	0.579	0.481	0.177
1207	-0.00997	0.579	0.481	0.177
1208	-0.00998	0.579	0.481	0.177
1209	-0.00988	0.579	0.481	0.177
1210	-0.00991	0.579	0.481	0.177
1211	-0.0101	0.579	0.481	0.176
1212	-0.00991	0.579	0.481	0.176
1213	-0.0103	0.579	0.481	0.177
1214	-0.0102	0.579	0.481	0.176
1215	-0.0103	0.579	0.481	0.177
1216	-0.0103	0.579	0.481	0.177
1217	-0.0102	0.579	0.481	0.176
1218	-0.0103	0.578	0.481	0.176
1219	-0.0101	0.579	0.481	0.176
1220	-0.0103	0.578	0.481	0.176
1221	-0.0104	0.578	0.481	0.176
1222	-0.0103	0.579	0.481	0.176
1223	-0.0108	0.578	0.481	0.176
1224	-0.0105	0.578	0.481	0.176
1225	-0.0106	0.578	0.481	0.176
1226	-0.0105	0.578	0.481	0.176
1227	-0.0105	0.578	0.481	0.176
1228	-0.0104	0.578	0.481	0.176
1229	-0.0104	0.578	0.481	0.176
1230	-0.0108	0.578	0.481	0.176
1231	-0.0106	0.578	0.481	0.176
1232	-0.0106	0.578	0.481	0.176
1233	-0.0108	0.578	0.481	0.176
1234	-0.0109	0.578	0.481	0.176
1235	-0.0109	0.578	0.481	0.176
1236	-0.0111	0.578	0.481	0.176
1237	-0.011	0.578	0.481	0.176
1238	-0.011	0.578	0.481	0.176
1239	-0.0108	0.578	0.481	0.176
1240	-0.0107	0.578	0.481	0.176
1241	-0.0108	0.578	0.481	0.176
1242	-0.011	0.577	0.481	0.176
1243	-0.0109	0.578	0.481	0.176
1244	-0.0107	0.578	0.481	0.176
1245	-0.0105	0.578	0.48	0.176
1246	-0.0106	0.578	0.481	0.176
1247	-0.0104	0.578	0.481	0.176
1248	-0.0106	0.578	0.481	0.176
1249	-0.0105	0.578	0.48	0.176
1250	-0.0104	0.578	0.481	0.176
1251	-0.0108	0.577	0.481	0.176
1252	-0.0104	0.578	0.48	0.176
1253	-0.0107	0.578	0.48	0.176
1254	-0.0108	0.577	0.481	0.176
1255	-0.0108	0.578	0.48	0.176
1256	-0.011	0.577	0.481	0.176
1257	-0.0108	0.577	0.481	0.176
1258	-0.0104	0.578	0.48	0.176
1259	-0.0104	0.578	0.48	0.176
1260	-0.0103	0.577	0.48	0.176
1261	-0.0102	0.578	0.48	0.176
1262	-0.0104	0.577	0.48	0.176
1263	-0.0106	0.577	0.48	0.176
1264	-0.0103	0.577	0.48	0.176
1265	-0.0105	0.577	0.481	0.176
1266	-0.0102	0.577	0.481	0.176
1267	-0.0101	0.577	0.48	0.176
1268	-0.0101	0.577	0.48	0.176
1269	-0.0102	0.577	0.48	0.176
1270	-0.0104	0.577	0.48	0.176
1271	-0.0105	0.577	0.481	0.176
1272	-0.0106	0.575	0.484	0.175
1273	-0.0105	0.572	0.488	0.175
1274	-0.0105	0.572	0.488	0.175
1275	-0.0106	0.573	0.487	0.175
1276	-0.0104	0.573	0.487	0.175
1277	-0.0102	0.573	0.487	0.175
1278	-0.01	0.573	0.487	0.175
1279	-0.01	0.573	0.487	0.175
1280	-0.0103	0.573	0.487	0.175
1281	-0.01	0.573	0.486	0.175
1282	-0.00989	0.574	0.486	0.175
1283	-0.00997	0.573	0.486	0.175
1284	-0.0102	0.573	0.486	0.175
1285	-0.0103	0.574	0.486	0.175
1286	-0.0102	0.573	0.486	0.175
1287	-0.0102	0.573	0.486	0.175
1288	-0.0102	0.574	0.486	0.175
1289	-0.0102	0.573	0.486	0.175
1290	-0.00996	0.573	0.486	0.174
1291	-0.00981	0.574	0.485	0.175
1292	-0.0102	0.573	0.486	0.175
1293	-0.0102	0.573	0.486	0.175
1294	-0.0103	0.573	0.486	0.175
1295	-0.0103	0.573	0.486	0.175
1296	-0.0101	0.574	0.485	0.175
1297	-0.0102	0.574	0.485	0.175
1298	-0.00996	0.574	0.485	0.175
1299	-0.0102	0.574	0.485	0.175
1300	-0.00985	0.574	0.485	0.175
1301	-0.00965	0.573	0.485	0.175
1302	-0.00948	0.574	0.485	0.175
1303	-0.00929	0.574	0.485	0.175
1304	-0.00978	0.573	0.485	0.175
1305	-0.0097	0.574	0.485	0.175
1306	-0.0095	0.574	0.485	0.175
1307	-0.00981	0.573	0.485	0.174
1308	-0.00984	0.574	0.485	0.174
1309	-0.0099	0.574	0.485	0.175
1310	-0.00959	0.573	0.485	0.175
1311	-0.00959	0.574	0.484	0.175
1312	-0.00962	0.574	0.484	0.174
1313	-0.00941	0.574	0.484	0.174
1314	-0.00947	0.574	0.484	0.174
1315	-0.00942	0.574	0.484	0.174
1316	-0.0097	0.574	0.484	0.174
1317	-0.00952	0.574	0.484	0.174
1318	-0.00986	0.573	0.485	0.174
1319	-0.00966	0.573	0.485	0.174
1320	-0.0098	0.573	0.484	0.174
1321	-0.00975	0.574	0.484	0.174
1322	-0.00999	0.573	0.485	0.174
1323	-0.00991	0.573	0.484	0.174
1324	-0.00971	0.573	0.485	0.174
1325	-0.01	0.573	0.485	0.174
1326	-0.00995	0.573	0.484	0.174
1327	-0.00986	0.573	0.484	0.174
1328	-0.01	0.573	0.485	0.174
1329	-0.0102	0.574	0.484	0.174
1330	-0.0101	0.574	0.484	0.174
1331	-0.0101	0.573	0.484	0.174
1332	-0.00982	0.573	0.484	0.174
1333	-0.01	0.573	0.484	0.174
1334	-0.0102	0.573	0.484	0.174
1335	-0.0102	0.573	0.484	0.174
1336	-0.0103	0.573	0.484	0.174
1337	-0.0102	0.573	0.484	0.174
1338	-0.0103	0.574	0.484	0.174
1339	-0.0102	0.574	0.484	0.174
1340	-0.0101	0.573	0.484	0.174
1341	-0.01	0.574	0.484	0.174
1342	-0.0101	0.574	0.484	0.174
1343	-0.0103	0.573	0.484	0.174
1344	-0.0106	0.574	0.483	0.174
1345	-0.0105	0.574	0.483	0.174
1346	-0.0108	0.573	0.484	0.174
1347	-0.0106	0.573	0.484	0.174
1348	-0.0104	0.573	0.483	0.174
1349	-0.0103	0.574	0.484	0.174
1350	-0.0101	0.574	0.483	0.174
1351	-0.01	0.574	0.483	0.174
1352	-0.00992	0.573	0.484	0.174
1353	-0.00995	0.574	0.483	0.174
1354	-0.0101	0.573	0.483	0.174
1355	-0.0101	0.573	0.483	0.174
1356	-0.01	0.573	0.484	0.174
1357	-0.0104	0.573	0.484	0.174
1358	-0.0105	0.573	0.484	0.174
1359	-0.0103	0.573	0.483	0.174
1360	-0.00998	0.574	0.483	0.174
1361	-0.00999	0.573	0.484	0.174
1362	-0.0103	0.573	0.484	0.174
1363	-0.0102	0.573	0.483	0.174
1364	-0.0101	0.573	0.483	0.174
1365	-0.0101	0.573	0.483	0.174
1366	-0.0102	0.573	0.483	0.174
1367	-0.0104	0.573	0.484	0.174
1368	-0.0102	0.573	0.483	0.174
1369	-0.0102	0.573	0.483	0.174
1370	-0.01	0.573	0.483	0.174
1371	-0.0102	0.573	0.484	0.174
1372	-0.0101	0.573	0.483	0.174
1373	-0.00986	0.573	0.484	0.174
1374	-0.0099	0.573	0.483	0.174
1375	-0.00971	0.573	0.483	0.174
1376	-0.01	0.573	0.484	0.174
1377	-0.0101	0.573	0.483	0.174
1378	-0.01	0.573	0.483	0.174
1379	-0.0101	0.573	0.484	0.174
1380	-0.01	0.573	0.483	0.174
1381	-0.00998	0.573	0.483	0.174
1382	-0.0102	0.573	0.483	0.174
1383	-0.0102	0.573	0.483	0.174
1384	-0.00994	0.573	0.483	0.174
1385	-0.0102	0.573	0.483	0.174
1386	-0.0101	0.573	0.483	0.174
1387	-0.0103	0.573	0.483	0.174
1388	-0.0107	0.573	0.483	0.174
1389	-0.0104	0.573	0.483	0.174
1390	-0.01	0.573	0.483	0.174
1391	-0.0099	0.572	0.483	0.174
1392	-0.00986	0.573	0.483	0.174
1393	-0.0097	0.573	0.483	0.174
1394	-0.00988	0.572	0.483	0.174
1395	-0.0095	0.573	0.483	0.174
1396	-0.00959	0.573	0.483	0.174
1397	-0.00959	0.572	0.483	0.174
1398	-0.00962	0.573	0.483	0.174
1399	-0.00966	0.573	0.483	0.174
1400	-0.00965	0.573	0.483	0.173
1401	-0.00952	0.573	0.483	0.174
1402	-0.00955	0.573	0.483	0.174
1403	-0.0097	0.572	0.483	0.173
1404	-0.00933	0.573	0.482	0.173
1405	-0.00927	0.573	0.482	0.173
1406	-0.0095	0.572	0.483	0.173
1407	-0.00974	0.573	0.482	0.173
1408	-0.0095	0.572	0.483	0.173
1409	-0.00973	0.572	0.483	0.173
1410	-0.00995	0.573	0.482	0.173
1411	-0.00977	0.573	0.482	0.174
1412	-0.00978	0.572	0.483	0.173
1413	-0.01	0.572	0.483	0.173
1414	-0.00993	0.572	0.483	0.173
1415	-0.00993	0.572	0.483	0.174
1416	-0.0101	0.572	0.483	0.173
1417	-0.00997	0.572	0.482	0.173
1418	-0.00992	0.572	0.482	0.173
1419	-0.00993	0.572	0.482	0.173
1420	-0.00986	0.572	0.482	0.173
1421	-0.01	0.572	0.482	0.173
1422	-0.00988	0.572	0.482	0.173
1423	-0.00987	0.572	0.482	0.173
1424	-0.00999	0.572	0.482	0.173
1425	-0.0101	0.572	0.482	0.173
1426	-0.0101	0.572	0.483	0.173
1427	-0.0104	0.572	0.482	0.173
1428	-0.0102	0.572	0.482	0.173
1429	-0.00996	0.572	0.482	0.173
1430	-0.00971	0.572	0.482	0.173
1431	-0.0101	0.572	0.482	0.173
1432	-0.0102	0.572	0.482	0.173
1433	-0.0104	0.572	0.482	0.173
1434	-0.0103	0.571	0.482	0.173
1435	-0.0104	0.572	0.482	0.173
1436	-0.0104	0.571	0.483	0.173
1437	-0.0103	0.571	0.483	0.173
1438	-0.0104	0.571	0.483	0.173
1439	-0.0102	0.571	0.482	0.173
1440	-0.0102	0.572	0.482	0.173
1441	-0.00981	0.571	0.482	0.173
1442	-0.0102	0.571	0.482	0.173
1443	-0.0105	0.572	0.482	0.173
1444	-0.0102	0.572	0.482	0.173
1445	-0.0103	0.572	0.482	0.173
1446	-0.0104	0.569	0.486	0.173
1447	-0.0102	0.566	0.49	0.172
1448	-0.0101	0.567	0.49	0.172
1449	-0.00981	0.567	0.489	0.172
1450	-0.01	0.567	0.489	0.172
1451	-0.00992	0.567	0.489	0.172
1452	-0.00994	0.567	0.489	0.172
1453	-0.0102	0.567	0.489	0.172
1454	-0.0103	0.567	0.489	0.172
1455	-0.0103	0.567	0.489	0.172
1456	-0.0101	0.567	0.489	0.172
1457	-0.0101	0.567	0.489	0.172
1458	-0.00988	0.567	0.489	0.172
1459	-0.00984	0.567	0.489	0.172
1460	-0.00972	0.567	0.489	0.172
1461	-0.00956	0.567	0.489	0.172
1462	-0.00997	0.567	0.488	0.172
1463	-0.00992	0.567	0.488	0.172
1464	-0.0101	0.567	0.488	0.172
1465	-0.0101	0.567	0.488	0.172
1466	-0.00982	0.567	0.488	0.172
1467	-0.0101	0.567	0.488	0.172
1468	-0.00992	0.567	0.488	0.172
1469	-0.00989	0.567	0.488	0.172
1470	-0.00999	0.567	0.488	0.172
1471	-0.01	0.567	0.488	0.172
1472	-0.00987	0.568	0.487	0.172
1473	-0.0099	0.568	0.488	0.172
1474	-0.01	0.568	0.487	0.172
1475	-0.00998	0.568	0.487	0.172
1476	-0.0098	0.568	0.487	0.172
1477	-0.00961	0.568	0.487	0.172
1478	-0.00937	0.568	0.487	0.172
1479	-0.00913	0.568	0.487	0.172
1480	-0.00931	0.568	0.487	0.172
1481	-0.00931	0.568	0.487	0.172
1482	-0.00929	0.568	0.487	0.172
1483	-0.00952	0.568	0.487	0.172
1484	-0.00943	0.568	0.487	0.172
1485	-0.00943	0.568	0.487	0.172
1486	-0.00953	0.567	0.487	0.172
1487	-0.00967	0.568	0.487	0.172
1488	-0.00977	0.568	0.487	0.172
1489	-0.00973	0.568	0.487	0.172
1490	-0.00985	0.568	0.487	0.172
1491	-0.00967	0.568	0.487	0.172
1492	-0.00966	0.567	0.487	0.172
1493	-0.00962	0.568	0.487	0.172
1494	-0.00959	0.568	0.487	0.172
1495	-0.00977	0.567	0.487	0.172
1496	-0.00972	0.568	0.487	0.172
1497	-0.00971	0.568	0.487	0.172
1498	-0.00984	0.568	0.487	0.171
1499	-0.00999	0.567	0.487	0.171
1500	-0.0104	0.568	0.487	0.171
1501	-0.0104	0.567	0.487	0.171
1502	-0.0107	0.567	0.487	0.171
1503	-0.0104	0.567	0.487	0.171
1504	-0.0105	0.567	0.487	0.171
1505	-0.0106	0.567	0.487	0.171
1506	-0.0103	0.567	0.487	0.171
1507	-0.0103	0.568	0.487	0.171
1508	-0.0104	0.567	0.486	0.171
1509	-0.0105	0.567	0.487	0.171
1510	-0.0106	0.567	0.487	0.171
1511	-0.0104	0.567	0.487	0.171
1512	-0.0104	0.567	0.486	0.171
1513	-0.0102	0.567	0.486	0.171
1514	-0.0101	0.567	0.486	0.171
1515	-0.0102	0.567	0.486	0.171
1516	-0.0101	0.567	0.486	0.171
1517	-0.0101	0.567	0.486	0.171
1518	-0.01	0.567	0.486	0.171
1519	-0.0101	0.567	0.486	0.171
1520	-0.00987	0.567	0.486	0.171
1521	-0.00997	0.567	0.486	0.171
1522	-0.0103	0.567	0.486	0.171
1523	-0.0102	0.567	0.486	0.171
1524	-0.0101	0.567	0.486	0.171
1525	-0.0101	0.567	0.486	0.171
1526	-0.0101	0.567	0.486	0.171
1527	-0.0103	0.567	0.486	0.171
1528	-0.0102	0.567	0.486	0.171
1529	-0.0101	0.567	0.486	0.171
1530	-0.0101	0.567	0.486	0.171
1531	-0.0102	0.567	0.486	0.171
1532	-0.00999	0.567	0.486	0.171
1533	-0.01	0.567	0.486	0.171
1534	-0.0104	0.567	0.486	0.171
1535	-0.0102	0.567	0.486	0.171
1536	-0.0103	0.567	0.486	0.171
1537	-0.0102	0.567	0.486	0.171
1538	-0.0102	0.567	0.486	0.171
1539	-0.0103	0.567	0.486	0.171
1540	-0.0103	0.567	0.486	0.171
1541	-0.01	0.567	0.486	0.171
1542	-0.00978	0.567	0.486	0.171
1543	-0.00977	0.567	0.486	0.172
1544	-0.00966	0.567	0.486	0.171
1545	-0.00994	0.566	0.486	0.171
1546	-0.00997	0.567	0.486	0.171
1547	-0.00973	0.566	0.486	0.171
1548	-0.00999	0.567	0.486	0.171
1549	-0.00995	0.567	0.486	0.171
1550	-0.00973	0.566	0.486	0.171
1551	-0.00974	0.567	0.486	0.171
1552	-0.00994	0.566	0.486	0.171
1553	-0.0102	0.567	0.486	0.171
1554	-0.00994	0.567	0.486	0.171
1555	-0.00986	0.567	0.486	0.171
1556	-0.01	0.567	0.486	0.171
1557	-0.0102	0.567	0.486	0.171
1558	-0.00988	0.567	0.486	0.171
1559	-0.00978	0.567	0.485	0.171
1560	-0.00963	0.567	0.486	0.171
1561	-0.00943	0.567	0.486	0.171
1562	-0.00947	0.567	0.485	0.171
1563	-0.00975	0.567	0.486	0.171
1564	-0.00964	0.567	0.485	0.171
1565	-0.00957	0.566	0.486	0.171
1566	-0.00991	0.567	0.486	0.171
1567	-0.00993	0.566	0.486	0.171
1568	-0.00985	0.567	0.486	0.171
1569	-0.00968	0.567	0.485	0.171
1570	-0.00978	0.567	0.486	0.171
1571	-0.00955	0.567	0.485	0.171
1572	-0.00961	0.567	0.485	0.171
1573	-0.00995	0.566	0.486	0.171
1574	-0.00975	0.566	0.485	0.171
1575	-0.00962	0.566	0.486	0.171
1576	-0.00956	0.566	0.485	0.171
1577	-0.00945	0.567	0.485	0.171
1578	-0.00968	0.566	0.486	0.171
1579	-0.00979	0.566	0.485	0.171
1580	-0.00974	0.567	0.485	0.171
1581	-0.00984	0.567	0.485	0.171
1582	-0.0096	0.566	0.485	0.171
1583	-0.00969	0.567	0.485	0.171
1584	-0.00988	0.566	0.485	0.171
1585	-0.0101	0.567	0.485	0.171
1586	-0.00977	0.567	0.485	0.171
1587	-0.00992	0.566	0.485	0.171
1588	-0.01	0.566	0.485	0.171
1589	-0.00991	0.567	0.485	0.171
1590	-0.00998	0.566	0.485	0.171
1591	-0.00992	0.566	0.485	0.171
1592	-0.00996	0.567	0.485	0.171
1593	-0.0099	0.567	0.485	0.171
1594	-0.00995	0.567	0.485	0.171
1595	-0.01	0.567	0.485	0.171
