Iteration	ValueMean	ValueStddev	DerivMean	DerivStddev
5	0.503	0.265	0.167	0.066
6	0.482	0.26	0.172	0.0637
7	0.482	0.254	0.171	0.0607
8	0.48	0.253	0.172	0.0597
9	0.478	0.252	0.172	0.0587
10	0.476	0.25	0.172	0.0579
11	0.474	0.248	0.173	0.0569
12	0.471	0.247	0.173	0.0562
13	0.47	0.246	0.172	0.0558
14	0.469	0.246	0.172	0.0555
15	0.466	0.245	0.172	0.055
16	0.465	0.244	0.172	0.0547
17	0.464	0.244	0.172	0.0546
18	0.464	0.244	0.171	0.0544
19	0.463	0.243	0.171	0.0541
20	0.462	0.243	0.171	0.054
21	0.462	0.243	0.171	0.0539
22	0.462	0.243	0.17	0.0536
23	0.46	0.242	0.17	0.0533
24	0.46	0.242	0.17	0.0533
25	0.46	0.242	0.17	0.053
26	0.46	0.242	0.169	0.0532
27	0.459	0.242	0.169	0.0531
28	0.458	0.242	0.169	0.0531
29	0.458	0.242	0.169	0.053
30	0.457	0.242	0.169	0.0527
31	0.457	0.242	0.168	0.0528
32	0.457	0.242	0.168	0.0527
33	0.456	0.242	0.168	0.0526
34	0.456	0.242	0.168	0.0525
35	0.455	0.242	0.168	0.0523
36	0.455	0.242	0.168	0.0523
37	0.455	0.242	0.168	0.0522
38	0.455	0.242	0.167	0.0523
39	0.455	0.242	0.167	0.0521
40	0.455	0.242	0.167	0.0521
41	0.454	0.242	0.167	0.0521
42	0.454	0.242	0.167	0.0521
43	0.454	0.242	0.166	0.0521
44	0.454	0.242	0.166	0.0522
45	0.454	0.242	0.166	0.0522
46	0.454	0.242	0.166	0.0521
47	0.454	0.242	0.166	0.0521
48	0.453	0.242	0.166	0.0519
49	0.453	0.242	0.166	0.0518
50	0.453	0.242	0.166	0.0517
51	0.453	0.242	0.166	0.0518
52	0.453	0.242	0.166	0.0517
53	0.452	0.242	0.165	0.0517
54	0.452	0.242	0.165	0.0516
55	0.452	0.242	0.165	0.0517
56	0.451	0.242	0.165	0.0516
57	0.451	0.242	0.165	0.0515
58	0.451	0.242	0.165	0.0516
59	0.451	0.242	0.165	0.0516
60	0.45	0.242	0.165	0.0516
61	0.45	0.242	0.165	0.0515
62	0.45	0.242	0.165	0.0513
63	0.451	0.242	0.165	0.0513
64	0.45	0.242	0.165	0.0514
65	0.45	0.242	0.164	0.0514
66	0.45	0.242	0.164	0.0514
67	0.449	0.242	0.164	0.0513
68	0.449	0.242	0.164	0.0513
69	0.45	0.241	0.164	0.0511
70	0.449	0.241	0.164	0.0511
71	0.449	0.241	0.164	0.0512
72	0.45	0.242	0.164	0.0511
73	0.449	0.242	0.164	0.0511
74	0.449	0.242	0.164	0.0512
75	0.45	0.242	0.164	0.051
76	0.448	0.241	0.164	0.051
77	0.449	0.242	0.164	0.0511
78	0.45	0.242	0.164	0.0511
79	0.449	0.242	0.164	0.051
80	0.449	0.242	0.164	0.051
81	0.449	0.242	0.164	0.051
82	0.448	0.242	0.164	0.0508
83	0.448	0.242	0.163	0.051
84	0.448	0.241	0.164	0.0508
85	0.447	0.242	0.163	0.0508
86	0.448	0.242	0.163	0.0508
87	0.448	0.242	0.163	0.0509
88	0.447	0.242	0.163	0.0509
89	0.448	0.242	0.163	0.0508
90	0.447	0.242	0.163	0.0508
91	0.447	0.242	0.163	0.0508
92	0.447	0.242	0.163	0.0508
93	0.447	0.242	0.163	0.0508
94	0.445	0.242	0.163	0.0508
95	0.446	0.242	0.163	0.0509
96	0.447	0.243	0.163	0.0509
97	0.446	0.242	0.163	0.0508
98	0.446	0.242	0.163	0.0508
99	0.447	0.242	0.163	0.0507
100	0.445	0.243	0.163	0.0509
101	0.446	0.243	0.163	0.0508
102	0.447	0.243	0.163	0.0509
103	0.446	0.243	0.163	0.0508
104	0.446	0.243	0.163	0.051
105	0.447	0.243	0.163	0.051
106	0.446	0.243	0.162	0.051
107	0.447	0.243	0.162	0.051
108	0.447	0.243	0.162	0.0508
109	0.446	0.243	0.162	0.051
110	0.446	0.243	0.162	0.0509
111	0.447	0.243	0.162	0.0509
112	0.446	0.243	0.162	0.0511
113	0.447	0.243	0.162	0.0509
114	0.447	0.243	0.162	0.0509
115	0.446	0.243	0.162	0.0509
116	0.446	0.243	0.162	0.051
117	0.446	0.243	0.162	0.0509
118	0.445	0.243	0.162	0.0509
119	0.445	0.243	0.162	0.0509
120	0.446	0.243	0.162	0.0509
121	0.444	0.243	0.162	0.051
122	0.445	0.243	0.162	0.0509
123	0.445	0.243	0.162	0.0508
124	0.445	0.243	0.162	0.0509
125	0.444	0.244	0.162	0.0509
126	0.444	0.243	0.162	0.0508
127	0.444	0.243	0.162	0.0508
128	0.444	0.243	0.162	0.0508
129	0.445	0.244	0.162	0.051
130	0.445	0.244	0.162	0.0508
131	0.444	0.243	0.162	0.0507
132	0.445	0.244	0.162	0.0507
133	0.444	0.244	0.162	0.0507
134	0.444	0.244	0.162	0.0506
135	0.444	0.243	0.162	0.0506
136	0.443	0.243	0.162	0.0506
137	0.444	0.243	0.162	0.0506
138	0.444	0.244	0.162	0.0506
139	0.443	0.244	0.162	0.0506
140	0.444	0.244	0.162	0.0507
141	0.444	0.244	0.162	0.0505
142	0.443	0.244	0.162	0.0506
143	0.443	0.244	0.162	0.0507
144	0.444	0.244	0.162	0.0507
145	0.443	0.244	0.162	0.0507
146	0.443	0.244	0.162	0.0507
147	0.443	0.244	0.162	0.0507
148	0.442	0.244	0.161	0.0508
149	0.442	0.244	0.161	0.0507
150	0.444	0.244	0.161	0.0506
151	0.443	0.244	0.161	0.0507
152	0.443	0.244	0.161	0.0507
153	0.443	0.244	0.161	0.0507
154	0.443	0.245	0.161	0.0508
155	0.443	0.245	0.161	0.0507
156	0.443	0.245	0.161	0.0507
157	0.442	0.245	0.161	0.0508
158	0.442	0.245	0.161	0.0508
159	0.444	0.245	0.161	0.0507
160	0.444	0.245	0.161	0.0507
161	0.443	0.245	0.161	0.0507
162	0.443	0.245	0.161	0.0507
163	0.442	0.245	0.161	0.0507
164	0.443	0.245	0.161	0.0507
165	0.443	0.244	0.161	0.0506
166	0.443	0.244	0.161	0.0506
167	0.442	0.245	0.161	0.0506
168	0.443	0.245	0.161	0.0505
169	0.442	0.244	0.161	0.0506
170	0.443	0.245	0.161	0.0506
171	0.444	0.245	0.161	0.0506
172	0.442	0.244	0.161	0.0507
173	0.442	0.245	0.161	0.0507
174	0.443	0.245	0.161	0.0506
175	0.442	0.245	0.161	0.0508
176	0.443	0.245	0.161	0.0508
177	0.443	0.245	0.161	0.0507
178	0.442	0.245	0.161	0.0507
179	0.443	0.245	0.161	0.0506
180	0.443	0.245	0.161	0.0505
181	0.441	0.245	0.161	0.0506
182	0.442	0.245	0.161	0.0505
183	0.442	0.245	0.161	0.0505
184	0.441	0.245	0.161	0.0505
185	0.442	0.245	0.161	0.0506
186	0.442	0.245	0.161	0.0505
187	0.443	0.245	0.161	0.0505
188	0.442	0.245	0.161	0.0505
189	0.442	0.245	0.161	0.0504
190	0.443	0.245	0.161	0.0504
191	0.442	0.245	0.161	0.0503
192	0.442	0.245	0.161	0.0504
193	0.443	0.245	0.161	0.0504
194	0.442	0.245	0.161	0.0504
195	0.442	0.245	0.161	0.0505
196	0.443	0.245	0.161	0.0505
197	0.442	0.245	0.161	0.0505
198	0.443	0.245	0.161	0.0503
199	0.443	0.245	0.161	0.0504
200	0.442	0.245	0.161	0.0504
201	0.443	0.245	0.161	0.0505
202	0.444	0.245	0.161	0.0505
203	0.442	0.245	0.161	0.0505
204	0.442	0.245	0.161	0.0504
205	0.443	0.245	0.161	0.0505
206	0.442	0.245	0.161	0.0503
207	0.442	0.245	0.161	0.0504
208	0.443	0.245	0.161	0.0503
209	0.442	0.245	0.161	0.0504
210	0.443	0.245	0.161	0.0503
211	0.443	0.245	0.161	0.0503
212	0.442	0.245	0.16	0.0504
213	0.443	0.245	0.161	0.0504
214	0.443	0.245	0.161	0.0503
215	0.442	0.245	0.161	0.0503
216	0.442	0.245	0.161	0.0503
217	0.444	0.245	0.161	0.0504
218	0.442	0.245	0.16	0.0503
219	0.442	0.245	0.16	0.0503
220	0.444	0.245	0.16	0.0502
221	0.443	0.244	0.16	0.0502
222	0.443	0.245	0.161	0.0502
223	0.444	0.245	0.16	0.0503
224	0.443	0.245	0.16	0.0502
225	0.443	0.245	0.16	0.0502
226	0.444	0.245	0.16	0.0502
227	0.443	0.245	0.16	0.0503
228	0.443	0.245	0.161	0.0502
229	0.444	0.245	0.161	0.0501
230	0.443	0.245	0.16	0.0502
231	0.443	0.245	0.161	0.0502
232	0.444	0.245	0.16	0.0502
233	0.443	0.245	0.16	0.0503
234	0.443	0.245	0.16	0.0503
235	0.444	0.245	0.16	0.0502
236	0.443	0.245	0.16	0.0502
237	0.443	0.245	0.16	0.0502
238	0.444	0.245	0.16	0.0503
239	0.443	0.245	0.16	0.0503
240	0.444	0.245	0.16	0.0503
241	0.444	0.245	0.16	0.0502
242	0.443	0.245	0.16	0.0501
243	0.443	0.245	0.16	0.0502
244	0.444	0.245	0.16	0.0501
245	0.444	0.245	0.16	0.0501
246	0.444	0.245	0.16	0.0501
247	0.445	0.245	0.16	0.0501
248	0.444	0.245	0.16	0.0502
249	0.444	0.245	0.16	0.0501
250	0.445	0.245	0.16	0.0502
251	0.443	0.245	0.16	0.0502
252	0.444	0.246	0.16	0.0502
253	0.445	0.245	0.16	0.0501
254	0.444	0.245	0.16	0.0502
255	0.443	0.245	0.16	0.0502
256	0.444	0.245	0.16	0.0501
257	0.443	0.245	0.16	0.0501
258	0.444	0.245	0.16	0.05
259	0.444	0.245	0.16	0.05
260	0.444	0.245	0.16	0.05
261	0.444	0.245	0.16	0.05
262	0.445	0.245	0.16	0.05
263	0.444	0.245	0.16	0.0501
264	0.444	0.245	0.16	0.0501
265	0.445	0.245	0.16	0.05
266	0.443	0.245	0.16	0.05
267	0.444	0.245	0.16	0.0499
268	0.445	0.245	0.16	0.0499
269	0.444	0.245	0.16	0.0499
270	0.444	0.245	0.16	0.0499
271	0.445	0.245	0.16	0.0499
272	0.444	0.245	0.16	0.0499
273	0.444	0.245	0.16	0.0498
274	0.445	0.245	0.16	0.0498
275	0.443	0.245	0.16	0.0498
276	0.443	0.245	0.16	0.0498
277	0.444	0.245	0.16	0.0498
278	0.443	0.245	0.16	0.0499
279	0.443	0.245	0.16	0.0499
280	0.444	0.245	0.16	0.0498
281	0.444	0.245	0.16	0.0499
282	0.444	0.245	0.16	0.0499
283	0.445	0.245	0.16	0.0498
284	0.444	0.245	0.16	0.0498
285	0.444	0.245	0.16	0.0498
286	0.445	0.245	0.16	0.0497
287	0.443	0.245	0.16	0.0498
288	0.444	0.245	0.16	0.0498
289	0.444	0.245	0.16	0.0498
290	0.443	0.245	0.16	0.0498
291	0.444	0.245	0.16	0.0497
292	0.445	0.245	0.16	0.0497
293	0.444	0.245	0.16	0.0497
294	0.445	0.245	0.16	0.0497
295	0.446	0.245	0.16	0.0497
296	0.444	0.245	0.16	0.0497
297	0.444	0.245	0.16	0.0497
298	0.446	0.245	0.16	0.0497
299	0.444	0.245	0.16	0.0497
300	0.444	0.245	0.16	0.0497
301	0.446	0.245	0.16	0.0497
302	0.445	0.245	0.16	0.0497
303	0.445	0.245	0.16	0.0497
304	0.446	0.245	0.16	0.0496
305	0.445	0.246	0.16	0.0497
306	0.445	0.246	0.16	0.0496
307	0.445	0.246	0.16	0.0497
308	0.446	0.245	0.16	0.0496
309	0.445	0.245	0.16	0.0496
310	0.445	0.246	0.16	0.0497
311	0.445	0.245	0.16	0.0495
312	0.445	0.245	0.16	0.0496
313	0.445	0.245	0.16	0.0496
314	0.446	0.245	0.16	0.0496
315	0.445	0.245	0.16	0.0495
316	0.446	0.245	0.16	0.0495
317	0.445	0.245	0.16	0.0494
318	0.445	0.245	0.16	0.0495
319	0.445	0.245	0.16	0.0494
320	0.446	0.245	0.16	0.0495
321	0.446	0.245	0.16	0.0495
322	0.445	0.245	0.16	0.0495
323	0.445	0.245	0.16	0.0495
324	0.445	0.245	0.16	0.0495
325	0.445	0.245	0.16	0.0495
326	0.446	0.245	0.16	0.0494
327	0.446	0.245	0.16	0.0494
328	0.445	0.245	0.16	0.0494
329	0.445	0.245	0.16	0.0494
330	0.445	0.245	0.16	0.0494
331	0.445	0.245	0.16	0.0494
332	0.445	0.245	0.16	0.0494
333	0.446	0.245	0.16	0.0494
334	0.446	0.245	0.16	0.0494
335	0.446	0.245	0.16	0.0494
336	0.446	0.245	0.16	0.0494
337	0.446	0.245	0.16	0.0494
338	0.447	0.245	0.16	0.0494
339	0.447	0.245	0.16	0.0493
340	0.446	0.245	0.16	0.0492
341	0.447	0.245	0.16	0.0493
342	0.446	0.245	0.16	0.0493
343	0.447	0.245	0.16	0.0492
344	0.447	0.245	0.16	0.0494
345	0.447	0.245	0.16	0.0493
346	0.447	0.245	0.16	0.0494
347	0.446	0.245	0.16	0.0494
348	0.447	0.245	0.16	0.0493
349	0.447	0.245	0.16	0.0494
350	0.447	0.245	0.16	0.0493
351	0.447	0.245	0.16	0.0493
352	0.447	0.245	0.16	0.0493
353	0.446	0.245	0.16	0.0493
354	0.446	0.245	0.16	0.0494
355	0.447	0.245	0.16	0.0494
356	0.447	0.245	0.16	0.0493
357	0.447	0.245	0.16	0.0493
358	0.446	0.245	0.16	0.0492
359	0.447	0.245	0.16	0.0492
360	0.447	0.245	0.16	0.0493
361	0.447	0.245	0.16	0.0493
362	0.448	0.246	0.16	0.0494
363	0.447	0.245	0.16	0.0493
364	0.447	0.245	0.16	0.0493
365	0.447	0.245	0.16	0.0493
366	0.447	0.245	0.16	0.0493
367	0.447	0.245	0.16	0.0493
368	0.448	0.245	0.16	0.0493
369	0.448	0.245	0.16	0.0492
370	0.448	0.245	0.16	0.0492
371	0.448	0.245	0.16	0.0492
372	0.448	0.245	0.16	0.0492
373	0.448	0.245	0.16	0.0492
374	0.447	0.245	0.16	0.0492
375	0.447	0.245	0.16	0.0492
376	0.448	0.245	0.16	0.0493
377	0.448	0.245	0.16	0.0491
378	0.448	0.245	0.16	0.0492
379	0.447	0.245	0.16	0.0492
380	0.447	0.245	0.16	0.0491
381	0.447	0.245	0.16	0.0492
382	0.448	0.245	0.16	0.0492
383	0.448	0.245	0.16	0.0492
384	0.448	0.245	0.16	0.0492
385	0.448	0.245	0.16	0.0492
386	0.448	0.245	0.16	0.0491
387	0.448	0.245	0.16	0.0491
388	0.448	0.245	0.16	0.0492
389	0.448	0.245	0.16	0.0491
390	0.448	0.245	0.16	0.049
391	0.448	0.245	0.16	0.049
392	0.447	0.245	0.16	0.049
393	0.448	0.245	0.16	0.0491
394	0.447	0.245	0.16	0.0491
395	0.448	0.245	0.16	0.0492
396	0.448	0.245	0.16	0.0491
397	0.448	0.245	0.16	0.0491
398	0.448	0.245	0.16	0.0491
399	0.449	0.245	0.16	0.0491
400	0.449	0.245	0.16	0.0491
401	0.449	0.245	0.16	0.049
402	0.448	0.245	0.16	0.0491
403	0.448	0.244	0.16	0.049
404	0.448	0.245	0.16	0.049
405	0.449	0.245	0.16	0.049
406	0.449	0.245	0.16	0.049
407	0.449	0.244	0.16	0.0489
408	0.449	0.245	0.16	0.049
409	0.448	0.245	0.16	0.0491
410	0.449	0.245	0.16	0.0491
411	0.449	0.245	0.16	0.0491
412	0.449	0.245	0.16	0.049
413	0.449	0.245	0.16	0.049
414	0.449	0.245	0.16	0.049
415	0.449	0.245	0.16	0.049
416	0.449	0.244	0.16	0.049
417	0.449	0.244	0.16	0.049
418	0.449	0.245	0.16	0.049
419	0.45	0.244	0.16	0.0489
420	0.449	0.244	0.16	0.0488
421	0.449	0.244	0.16	0.0489
422	0.449	0.244	0.16	0.0489
423	0.449	0.244	0.16	0.0488
424	0.449	0.244	0.16	0.049
425	0.45	0.244	0.16	0.0489
426	0.449	0.244	0.16	0.0489
427	0.449	0.244	0.16	0.0489
428	0.449	0.244	0.16	0.0489
429	0.449	0.244	0.16	0.0488
430	0.449	0.244	0.16	0.0489
431	0.449	0.245	0.16	0.0489
432	0.449	0.244	0.16	0.0488
433	0.45	0.244	0.16	0.0489
434	0.449	0.244	0.16	0.0489
435	0.449	0.244	0.16	0.0488
436	0.451	0.244	0.16	0.0488
437	0.45	0.244	0.16	0.0488
438	0.45	0.244	0.16	0.0487
439	0.45	0.244	0.16	0.0488
440	0.449	0.244	0.16	0.0487
441	0.45	0.244	0.16	0.0488
442	0.45	0.244	0.16	0.0488
443	0.449	0.244	0.16	0.0488
444	0.45	0.244	0.16	0.0487
445	0.451	0.244	0.16	0.0488
446	0.45	0.244	0.16	0.0488
447	0.449	0.244	0.16	0.0488
448	0.45	0.244	0.16	0.0487
449	0.45	0.244	0.16	0.0488
450	0.45	0.244	0.16	0.0488
451	0.451	0.244	0.16	0.0488
452	0.45	0.244	0.16	0.0488
453	0.45	0.244	0.16	0.0489
454	0.45	0.244	0.16	0.0487
455	0.449	0.244	0.16	0.0487
456	0.45	0.244	0.16	0.0488
457	0.45	0.244	0.16	0.0487
458	0.45	0.244	0.16	0.0488
459	0.45	0.244	0.16	0.0487
460	0.45	0.244	0.16	0.0487
461	0.45	0.244	0.16	0.0486
462	0.45	0.244	0.16	0.0487
463	0.45	0.244	0.16	0.0487
464	0.45	0.244	0.16	0.0487
465	0.45	0.244	0.16	0.0487
466	0.451	0.244	0.16	0.0487
467	0.45	0.244	0.16	0.0487
468	0.45	0.244	0.16	0.0486
469	0.451	0.244	0.16	0.0486
470	0.45	0.244	0.16	0.0486
471	0.451	0.244	0.16	0.0486
472	0.451	0.244	0.16	0.0486
473	0.451	0.244	0.16	0.0487
474	0.451	0.244	0.16	0.0486
475	0.45	0.244	0.16	0.0487
476	0.45	0.244	0.16	0.0487
477	0.45	0.244	0.16	0.0487
478	0.451	0.244	0.16	0.0487
479	0.451	0.244	0.16	0.0487
480	0.451	0.244	0.16	0.0488
481	0.452	0.244	0.16	0.0487
482	0.451	0.244	0.16	0.0487
483	0.45	0.244	0.16	0.0487
484	0.451	0.244	0.16	0.0487
485	0.45	0.244	0.16	0.0487
486	0.451	0.244	0.16	0.0486
487	0.452	0.244	0.16	0.0487
488	0.452	0.244	0.16	0.0487
489	0.451	0.244	0.16	0.0487
490	0.452	0.244	0.16	0.0486
491	0.451	0.244	0.16	0.0487
492	0.45	0.244	0.16	0.0486
493	0.451	0.244	0.16	0.0486
494	0.451	0.244	0.16	0.0486
495	0.451	0.244	0.16	0.0486
496	0.451	0.244	0.16	0.0485
497	0.45	0.244	0.16	0.0485
498	0.451	0.244	0.16	0.0485
499	0.452	0.244	0.16	0.0485
500	0.451	0.244	0.16	0.0486
501	0.451	0.244	0.16	0.0486
502	0.452	0.244	0.16	0.0486
503	0.451	0.244	0.16	0.0486
504	0.451	0.244	0.16	0.0486
505	0.452	0.244	0.16	0.0486
506	0.451	0.244	0.16	0.0486
507	0.451	0.244	0.16	0.0486
508	0.452	0.244	0.16	0.0485
509	0.451	0.244	0.16	0.0485
510	0.451	0.244	0.16	0.0485
511	0.452	0.244	0.16	0.0485
512	0.452	0.244	0.16	0.0485
513	0.451	0.244	0.16	0.0485
514	0.452	0.244	0.16	0.0485
515	0.451	0.244	0.16	0.0485
516	0.451	0.244	0.16	0.0486
517	0.452	0.244	0.16	0.0485
518	0.451	0.244	0.16	0.0485
519	0.451	0.244	0.16	0.0485
520	0.452	0.244	0.16	0.0485
521	0.451	0.244	0.16	0.0485
522	0.452	0.244	0.16	0.0485
523	0.452	0.244	0.16	0.0485
524	0.451	0.244	0.16	0.0484
525	0.452	0.244	0.16	0.0485
526	0.452	0.244	0.16	0.0484
527	0.452	0.244	0.16	0.0484
528	0.452	0.244	0.16	0.0484
529	0.452	0.244	0.16	0.0485
530	0.452	0.244	0.16	0.0485
531	0.451	0.244	0.16	0.0484
532	0.452	0.244	0.16	0.0484
533	0.452	0.244	0.16	0.0484
534	0.452	0.244	0.16	0.0484
535	0.452	0.244	0.16	0.0484
536	0.452	0.243	0.16	0.0483
537	0.452	0.244	0.16	0.0484
538	0.453	0.244	0.16	0.0483
539	0.452	0.243	0.16	0.0483
540	0.452	0.243	0.16	0.0484
541	0.453	0.243	0.16	0.0483
542	0.452	0.243	0.16	0.0484
543	0.452	0.244	0.16	0.0484
544	0.453	0.243	0.16	0.0484
545	0.452	0.243	0.16	0.0484
546	0.452	0.244	0.16	0.0484
547	0.453	0.244	0.16	0.0484
548	0.453	0.243	0.16	0.0483
549	0.452	0.244	0.16	0.0484
550	0.453	0.244	0.16	0.0484
551	0.453	0.244	0.16	0.0484
552	0.453	0.244	0.16	0.0484
553	0.453	0.243	0.16	0.0484
554	0.453	0.244	0.16	0.0485
555	0.453	0.243	0.16	0.0484
556	0.453	0.243	0.16	0.0484
557	0.452	0.243	0.16	0.0485
558	0.453	0.243	0.16	0.0483
559	0.454	0.243	0.16	0.0484
560	0.454	0.243	0.16	0.0484
561	0.453	0.243	0.16	0.0483
562	0.454	0.243	0.16	0.0484
563	0.454	0.243	0.16	0.0484
564	0.453	0.243	0.16	0.0483
565	0.454	0.243	0.16	0.0483
566	0.453	0.243	0.16	0.0483
567	0.453	0.243	0.16	0.0484
568	0.454	0.243	0.16	0.0483
569	0.453	0.243	0.16	0.0482
570	0.454	0.243	0.16	0.0483
571	0.454	0.243	0.16	0.0482
572	0.454	0.243	0.16	0.0483
573	0.454	0.243	0.16	0.0482
574	0.454	0.243	0.16	0.0481
575	0.453	0.243	0.16	0.0481
576	0.454	0.243	0.16	0.0482
577	0.454	0.243	0.16	0.0482
578	0.454	0.243	0.16	0.0482
579	0.453	0.243	0.16	0.0482
580	0.455	0.243	0.16	0.0482
581	0.454	0.243	0.16	0.0481
582	0.454	0.243	0.16	0.0481
583	0.454	0.243	0.16	0.0481
584	0.454	0.243	0.16	0.0481
585	0.454	0.243	0.16	0.0481
586	0.455	0.243	0.16	0.0481
587	0.455	0.243	0.16	0.0481
588	0.454	0.243	0.16	0.0482
589	0.455	0.243	0.16	0.0482
590	0.454	0.243	0.16	0.0481
591	0.454	0.243	0.16	0.0481
592	0.454	0.243	0.16	0.0481
593	0.454	0.243	0.16	0.0481
594	0.454	0.243	0.16	0.0481
595	0.455	0.243	0.16	0.0481
596	0.454	0.243	0.16	0.0481
597	0.454	0.243	0.16	0.0481
598	0.455	0.243	0.16	0.0481
599	0.454	0.243	0.16	0.0481
600	0.454	0.243	0.16	0.0482
601	0.455	0.243	0.16	0.0481
602	0.455	0.243	0.16	0.0481
603	0.454	0.243	0.16	0.0482
604	0.455	0.243	0.16	0.0481
605	0.454	0.243	0.16	0.0482
606	0.454	0.243	0.16	0.0483
607	0.455	0.243	0.16	0.0482
608	0.454	0.243	0.16	0.0482
609	0.455	0.243	0.16	0.0483
610	0.456	0.243	0.16	0.0481
611	0.455	0.243	0.16	0.0482
612	0.454	0.243	0.16	0.0482
613	0.456	0.243	0.16	0.0482
614	0.455	0.243	0.16	0.0482
615	0.455	0.243	0.16	0.0482
616	0.456	0.243	0.16	0.0481
617	0.455	0.243	0.16	0.0482
618	0.454	0.243	0.16	0.0483
619	0.455	0.243	0.16	0.0482
620	0.454	0.243	0.16	0.0482
621	0.455	0.243	0.16	0.0481
622	0.455	0.243	0.16	0.0481
623	0.455	0.243	0.16	0.0482
624	0.455	0.243	0.16	0.0482
625	0.454	0.242	0.16	0.0481
626	0.455	0.243	0.16	0.0482
627	0.455	0.243	0.16	0.0482
628	0.456	0.243	0.16	0.0482
629	0.455	0.243	0.16	0.0482
630	0.455	0.243	0.16	0.0482
631	0.456	0.243	0.16	0.0481
632	0.455	0.243	0.16	0.0482
633	0.455	0.243	0.16	0.0482
634	0.456	0.243	0.16	0.0482
635	0.455	0.243	0.16	0.0482
636	0.455	0.243	0.16	0.0482
637	0.456	0.242	0.16	0.0481
638	0.456	0.243	0.16	0.0481
639	0.455	0.243	0.16	0.0482
640	0.456	0.243	0.16	0.0481
641	0.456	0.243	0.16	0.0481
642	0.456	0.243	0.16	0.0481
643	0.456	0.243	0.16	0.0482
644	0.455	0.243	0.16	0.0482
645	0.457	0.243	0.16	0.0482
646	0.457	0.243	0.16	0.0481
647	0.457	0.243	0.16	0.0482
648	0.456	0.243	0.16	0.0482
649	0.457	0.243	0.16	0.0481
650	0.456	0.243	0.16	0.0481
651	0.457	0.243	0.16	0.0481
652	0.457	0.243	0.16	0.0481
653	0.456	0.243	0.16	0.048
654	0.456	0.243	0.16	0.0481
655	0.457	0.243	0.16	0.0481
656	0.456	0.243	0.16	0.0481
657	0.456	0.243	0.16	0.0481
658	0.456	0.243	0.16	0.0481
659	0.456	0.243	0.16	0.0481
660	0.456	0.243	0.16	0.0481
661	0.457	0.243	0.16	0.048
662	0.456	0.243	0.16	0.048
663	0.457	0.242	0.16	0.048
664	0.457	0.242	0.16	0.048
665	0.456	0.243	0.16	0.0481
666	0.456	0.243	0.16	0.048
667	0.458	0.242	0.16	0.048
668	0.457	0.242	0.16	0.048
669	0.456	0.243	0.16	0.0481
670	0.457	0.242	0.16	0.048
671	0.456	0.243	0.16	0.048
672	0.457	0.243	0.16	0.048
673	0.457	0.242	0.161	0.0479
674	0.456	0.242	0.16	0.0479
675	0.457	0.242	0.161	0.0479
676	0.457	0.242	0.161	0.0479
677	0.457	0.242	0.161	0.0479
678	0.457	0.242	0.161	0.0479
679	0.457	0.242	0.161	0.0479
680	0.457	0.242	0.161	0.0479
681	0.457	0.242	0.161	0.0479
682	0.457	0.242	0.161	0.0479
683	0.457	0.242	0.161	0.0479
684	0.457	0.243	0.161	0.0479
685	0.457	0.242	0.161	0.0479
686	0.457	0.242	0.161	0.0479
687	0.457	0.243	0.161	0.048
688	0.457	0.243	0.161	0.048
689	0.458	0.243	0.161	0.048
690	0.458	0.242	0.161	0.0479
691	0.458	0.243	0.161	0.0479
692	0.458	0.242	0.161	0.0479
693	0.458	0.243	0.16	0.0479
694	0.457	0.242	0.161	0.0479
695	0.458	0.243	0.16	0.0479
696	0.458	0.242	0.161	0.0479
697	0.458	0.242	0.161	0.0479
698	0.458	0.242	0.161	0.0479
699	0.458	0.242	0.161	0.0479
700	0.458	0.243	0.16	0.048
701	0.458	0.242	0.16	0.0479
702	0.458	0.242	0.161	0.048
703	0.458	0.242	0.161	0.0479
704	0.458	0.242	0.16	0.0479
705	0.458	0.242	0.16	0.0479
706	0.458	0.242	0.161	0.0479
707	0.458	0.242	0.161	0.0479
708	0.458	0.242	0.161	0.0479
709	0.458	0.242	0.161	0.0479
710	0.458	0.242	0.161	0.0479
711	0.459	0.242	0.161	0.0479
712	0.459	0.242	0.161	0.0479
713	0.458	0.242	0.161	0.048
714	0.458	0.242	0.161	0.0479
715	0.459	0.242	0.161	0.0479
716	0.459	0.242	0.161	0.0479
717	0.458	0.242	0.161	0.0479
718	0.458	0.242	0.16	0.0479
719	0.458	0.242	0.161	0.0479
720	0.459	0.242	0.161	0.0479
721	0.458	0.242	0.161	0.0479
722	0.459	0.242	0.161	0.048
723	0.459	0.242	0.161	0.0479
724	0.459	0.242	0.161	0.048
725	0.458	0.242	0.161	0.0479
726	0.459	0.242	0.161	0.0478
727	0.458	0.242	0.161	0.0478
728	0.459	0.242	0.161	0.0479
729	0.459	0.242	0.161	0.0479
730	0.459	0.242	0.161	0.0478
731	0.459	0.242	0.161	0.0478
732	0.459	0.242	0.161	0.0478
733	0.459	0.242	0.161	0.0478
734	0.459	0.242	0.161	0.0478
735	0.459	0.242	0.161	0.0479
736	0.459	0.242	0.161	0.0478
737	0.459	0.242	0.161	0.0478
738	0.459	0.242	0.161	0.0478
739	0.46	0.242	0.161	0.0478
740	0.459	0.242	0.161	0.0478
741	0.459	0.242	0.161	0.0478
742	0.459	0.242	0.161	0.0478
743	0.46	0.242	0.161	0.0478
744	0.46	0.242	0.161	0.0478
745	0.46	0.242	0.161	0.0478
746	0.46	0.242	0.161	0.0478
747	0.459	0.242	0.161	0.0478
748	0.46	0.242	0.161	0.0478
749	0.46	0.242	0.161	0.0478
750	0.46	0.242	0.161	0.0479
751	0.46	0.242	0.161	0.0478
752	0.46	0.242	0.161	0.0478
753	0.46	0.242	0.161	0.0478
754	0.46	0.242	0.161	0.0478
755	0.46	0.242	0.161	0.0478
756	0.46	0.242	0.161	0.0478
757	0.46	0.242	0.161	0.0478
758	0.46	0.242	0.161	0.0478
759	0.46	0.242	0.161	0.0478
760	0.46	0.242	0.161	0.0478
761	0.46	0.242	0.161	0.0478
762	0.46	0.242	0.161	0.0478
763	0.46	0.242	0.161	0.0478
764	0.46	0.242	0.161	0.0478
765	0.46	0.242	0.161	0.0478
766	0.46	0.242	0.161	0.0477
767	0.461	0.242	0.161	0.0477
768	0.46	0.242	0.16	0.0478
769	0.46	0.242	0.16	0.0478
770	0.459	0.242	0.16	0.0478
771	0.459	0.242	0.16	0.0478
772	0.46	0.242	0.16	0.0478
773	0.46	0.242	0.161	0.0478
774	0.461	0.242	0.161	0.0479
775	0.461	0.242	0.161	0.0478
776	0.46	0.242	0.161	0.0478
777	0.46	0.242	0.161	0.0478
778	0.46	0.242	0.161	0.0478
779	0.46	0.242	0.161	0.0479
780	0.46	0.242	0.161	0.0478
781	0.46	0.242	0.161	0.0478
782	0.461	0.242	0.161	0.0477
783	0.461	0.242	0.161	0.0477
784	0.461	0.242	0.161	0.0478
785	0.461	0.242	0.161	0.0478
786	0.461	0.242	0.161	0.0478
787	0.46	0.242	0.161	0.0478
788	0.461	0.242	0.161	0.0478
789	0.461	0.242	0.161	0.0478
790	0.461	0.242	0.161	0.0477
791	0.461	0.242	0.161	0.0478
792	0.461	0.242	0.161	0.0478
793	0.461	0.242	0.161	0.0478
794	0.461	0.242	0.161	0.0478
795	0.461	0.242	0.161	0.0477
796	0.461	0.242	0.161	0.0477
797	0.461	0.242	0.161	0.0477
798	0.461	0.242	0.161	0.0477
799	0.46	0.242	0.161	0.0478
800	0.461	0.242	0.161	0.0477
801	0.461	0.242	0.161	0.0477
802	0.46	0.242	0.161	0.0477
803	0.46	0.242	0.16	0.0477
804	0.461	0.242	0.161	0.0476
805	0.461	0.242	0.161	0.0477
806	0.461	0.242	0.161	0.0477
807	0.461	0.242	0.161	0.0476
808	0.461	0.242	0.161	0.0477
809	0.461	0.242	0.161	0.0477
810	0.462	0.242	0.161	0.0477
811	0.461	0.242	0.161	0.0478
812	0.461	0.242	0.161	0.0477
813	0.462	0.242	0.161	0.0476
814	0.461	0.242	0.161	0.0477
815	0.462	0.242	0.161	0.0477
816	0.462	0.242	0.161	0.0477
817	0.462	0.242	0.161	0.0477
818	0.462	0.242	0.161	0.0477
819	0.462	0.242	0.161	0.0476
820	0.461	0.242	0.161	0.0477
821	0.462	0.242	0.161	0.0477
822	0.463	0.242	0.161	0.0476
823	0.461	0.242	0.161	0.0477
824	0.461	0.242	0.161	0.0477
825	0.462	0.241	0.161	0.0476
826	0.462	0.242	0.161	0.0477
827	0.462	0.242	0.161	0.0477
828	0.463	0.242	0.161	0.0477
829	0.462	0.241	0.161	0.0477
830	0.462	0.242	0.161	0.0476
831	0.462	0.242	0.161	0.0476
832	0.462	0.242	0.161	0.0477
833	0.462	0.242	0.161	0.0477
834	0.463	0.242	0.161	0.0477
835	0.462	0.241	0.161	0.0477
836	0.462	0.242	0.161	0.0477
837	0.462	0.241	0.161	0.0476
838	0.462	0.242	0.161	0.0477
839	0.462	0.242	0.161	0.0477
840	0.463	0.242	0.161	0.0476
841	0.462	0.241	0.161	0.0476
842	0.463	0.242	0.161	0.0477
843	0.463	0.242	0.161	0.0477
844	0.462	0.241	0.161	0.0476
845	0.463	0.241	0.161	0.0476
846	0.463	0.241	0.161	0.0477
847	0.463	0.241	0.161	0.0477
848	0.463	0.242	0.161	0.0477
849	0.463	0.241	0.161	0.0476
850	0.463	0.242	0.161	0.0477
851	0.463	0.242	0.161	0.0477
852	0.464	0.241	0.161	0.0476
853	0.463	0.241	0.161	0.0476
854	0.463	0.241	0.161	0.0477
855	0.463	0.241	0.161	0.0476
856	0.463	0.241	0.161	0.0476
857	0.463	0.242	0.161	0.0476
858	0.464	0.241	0.161	0.0476
859	0.463	0.241	0.161	0.0476
860	0.463	0.241	0.161	0.0476
861	0.464	0.241	0.161	0.0476
862	0.463	0.241	0.161	0.0476
863	0.463	0.241	0.161	0.0476
864	0.464	0.241	0.161	0.0475
865	0.463	0.241	0.161	0.0475
866	0.463	0.241	0.161	0.0476
867	0.463	0.241	0.161	0.0475
868	0.463	0.241	0.161	0.0475
869	0.463	0.241	0.161	0.0475
870	0.464	0.241	0.161	0.0475
871	0.463	0.241	0.161	0.0476
872	0.464	0.241	0.161	0.0476
873	0.464	0.241	0.161	0.0475
874	0.463	0.241	0.161	0.0476
875	0.464	0.241	0.161	0.0475
876	0.464	0.241	0.161	0.0476
877	0.463	0.241	0.161	0.0475
878	0.463	0.241	0.161	0.0475
879	0.464	0.241	0.161	0.0475
880	0.464	0.241	0.161	0.0475
881	0.464	0.241	0.161	0.0476
882	0.464	0.241	0.161	0.0476
883	0.464	0.241	0.161	0.0475
884	0.464	0.241	0.161	0.0476
885	0.465	0.241	0.161	0.0475
886	0.464	0.241	0.161	0.0476
887	0.464	0.241	0.161	0.0475
888	0.465	0.241	0.161	0.0475
889	0.465	0.241	0.161	0.0475
890	0.464	0.241	0.161	0.0476
891	0.465	0.241	0.161	0.0476
892	0.464	0.241	0.161	0.0475
893	0.465	0.241	0.161	0.0475
894	0.465	0.241	0.161	0.0476
895	0.465	0.241	0.161	0.0476
896	0.465	0.241	0.161	0.0476
897	0.465	0.241	0.161	0.0476
898	0.465	0.241	0.161	0.0475
899	0.465	0.241	0.161	0.0476
900	0.465	0.241	0.161	0.0475
901	0.464	0.241	0.161	0.0476
902	0.465	0.241	0.161	0.0475
903	0.465	0.241	0.161	0.0475
904	0.465	0.241	0.161	0.0475
905	0.465	0.241	0.161	0.0475
906	0.465	0.241	0.161	0.0475
907	0.465	0.241	0.161	0.0475
908	0.465	0.241	0.161	0.0475
909	0.465	0.241	0.161	0.0475
910	0.464	0.241	0.161	0.0475
911	0.465	0.241	0.161	0.0475
912	0.465	0.241	0.161	0.0476
913	0.465	0.241	0.161	0.0475
914	0.465	0.241	0.161	0.0475
915	0.466	0.241	0.161	0.0476
916	0.465	0.241	0.161	0.0476
917	0.465	0.241	0.161	0.0476
918	0.466	0.241	0.161	0.0476
919	0.465	0.241	0.161	0.0476
920	0.466	0.241	0.161	0.0476
921	0.466	0.241	0.161	0.0475
922	0.465	0.241	0.161	0.0475
923	0.466	0.241	0.161	0.0475
924	0.466	0.241	0.161	0.0474
925	0.465	0.241	0.161	0.0475
926	0.465	0.241	0.161	0.0475
927	0.466	0.241	0.161	0.0474
928	0.466	0.241	0.161	0.0474
929	0.465	0.241	0.161	0.0474
930	0.466	0.241	0.161	0.0474
931	0.466	0.241	0.161	0.0474
932	0.466	0.241	0.161	0.0475
933	0.466	0.241	0.161	0.0474
934	0.466	0.241	0.161	0.0475
935	0.466	0.241	0.161	0.0475
936	0.467	0.241	0.161	0.0474
937	0.466	0.241	0.161	0.0474
938	0.466	0.241	0.161	0.0474
939	0.466	0.241	0.161	0.0474
940	0.466	0.241	0.161	0.0475
941	0.466	0.241	0.161	0.0475
942	0.467	0.24	0.161	0.0474
943	0.466	0.241	0.161	0.0474
944	0.466	0.241	0.161	0.0475
945	0.467	0.241	0.161	0.0474
946	0.466	0.241	0.161	0.0474
947	0.466	0.241	0.161	0.0474
948	0.466	0.241	0.161	0.0474
949	0.466	0.24	0.161	0.0473
950	0.466	0.241	0.161	0.0474
951	0.466	0.24	0.161	0.0473
952	0.466	0.24	0.161	0.0473
953	0.466	0.241	0.161	0.0474
954	0.467	0.24	0.161	0.0473
955	0.466	0.241	0.161	0.0474
956	0.466	0.241	0.161	0.0474
957	0.467	0.24	0.161	0.0474
958	0.466	0.24	0.161	0.0474
959	0.467	0.24	0.161	0.0474
960	0.467	0.24	0.161	0.0474
961	0.466	0.241	0.161	0.0474
962	0.466	0.24	0.161	0.0474
963	0.467	0.24	0.161	0.0474
964	0.467	0.24	0.161	0.0474
965	0.467	0.241	0.161	0.0475
966	0.467	0.24	0.161	0.0473
967	0.466	0.24	0.161	0.0474
968	0.467	0.241	0.161	0.0474
969	0.468	0.24	0.161	0.0474
970	0.467	0.24	0.161	0.0474
971	0.467	0.241	0.161	0.0474
972	0.467	0.241	0.161	0.0474
973	0.467	0.24	0.161	0.0474
974	0.466	0.24	0.161	0.0474
975	0.468	0.238	0.162	0.047
976	0.468	0.237	0.163	0.0465
977	0.468	0.237	0.163	0.0466
978	0.469	0.237	0.163	0.0466
979	0.468	0.237	0.163	0.0467
980	0.468	0.238	0.163	0.0467
981	0.468	0.237	0.163	0.0466
982	0.468	0.238	0.162	0.0468
983	0.468	0.238	0.162	0.0468
984	0.469	0.238	0.163	0.0467
985	0.469	0.238	0.162	0.0467
986	0.469	0.238	0.163	0.0467
987	0.469	0.238	0.162	0.0467
988	0.469	0.238	0.162	0.0467
989	0.469	0.238	0.162	0.0468
990	0.469	0.238	0.162	0.0467
991	0.469	0.238	0.162	0.0468
992	0.469	0.238	0.162	0.0468
993	0.469	0.238	0.162	0.0468
994	0.468	0.238	0.162	0.0468
995	0.468	0.238	0.162	0.0468
996	0.469	0.238	0.162	0.0468
997	0.469	0.238	0.162	0.0468
998	0.468	0.238	0.162	0.0467
999	0.469	0.238	0.162	0.0467
1000	0.469	0.238	0.162	0.0468
1001	0.468	0.238	0.162	0.0468
1002	0.469	0.238	0.162	0.0467
1003	0.469	0.238	0.162	0.0468
1004	0.468	0.238	0.162	0.0468
1005	0.468	0.238	0.162	0.0468
1006	0.469	0.238	0.162	0.0468
1007	0.469	0.238	0.162	0.0468
1008	0.469	0.238	0.162	0.0468
1009	0.468	0.238	0.162	0.0468
1010	0.468	0.238	0.162	0.0468
1011	0.469	0.238	0.162	0.0468
1012	0.468	0.238	0.162	0.0468
1013	0.468	0.238	0.162	0.0468
1014	0.469	0.238	0.162	0.0467
1015	0.469	0.238	0.162	0.0468
1016	0.469	0.238	0.162	0.0468
1017	0.469	0.238	0.162	0.0467
1018	0.469	0.238	0.162	0.0468
1019	0.469	0.238	0.162	0.0468
1020	0.469	0.238	0.162	0.0468
1021	0.469	0.238	0.162	0.0467
1022	0.469	0.238	0.162	0.0468
1023	0.469	0.238	0.162	0.0468
1024	0.469	0.238	0.162	0.0468
1025	0.469	0.238	0.162	0.0468
1026	0.469	0.238	0.162	0.0467
1027	0.47	0.238	0.162	0.0468
1028	0.469	0.238	0.162	0.0468
1029	0.47	0.238	0.162	0.0468
1030	0.469	0.238	0.162	0.0469
1031	0.469	0.238	0.162	0.0469
1032	0.47	0.238	0.162	0.0468
1033	0.47	0.238	0.162	0.0468
1034	0.47	0.238	0.162	0.0469
1035	0.47	0.238	0.162	0.0468
1036	0.47	0.238	0.162	0.0468
1037	0.469	0.238	0.162	0.0468
1038	0.47	0.238	0.162	0.0468
1039	0.47	0.238	0.162	0.0468
1040	0.469	0.238	0.162	0.0468
1041	0.47	0.238	0.162	0.0468
1042	0.47	0.238	0.162	0.0468
1043	0.469	0.238	0.162	0.0468
1044	0.47	0.238	0.162	0.0467
1045	0.47	0.238	0.162	0.0467
1046	0.47	0.238	0.162	0.0468
1047	0.47	0.238	0.162	0.0468
1048	0.47	0.238	0.162	0.0468
1049	0.47	0.238	0.162	0.0468
1050	0.47	0.238	0.162	0.0468
1051	0.47	0.238	0.162	0.0468
1052	0.47	0.238	0.162	0.0468
1053	0.47	0.238	0.162	0.0468
1054	0.47	0.238	0.162	0.0468
1055	0.47	0.238	0.162	0.0468
1056	0.47	0.238	0.162	0.0468
1057	0.47	0.238	0.162	0.0468
1058	0.47	0.238	0.162	0.0468
1059	0.47	0.238	0.162	0.0469
1060	0.47	0.238	0.162	0.0468
1061	0.47	0.238	0.162	0.0469
1062	0.47	0.238	0.162	0.0468
1063	0.47	0.238	0.162	0.0468
1064	0.47	0.238	0.162	0.0468
1065	0.47	0.238	0.162	0.0468
1066	0.471	0.238	0.162	0.0468
1067	0.47	0.238	0.162	0.0468
1068	0.471	0.238	0.162	0.0467
1069	0.471	0.238	0.162	0.0467
1070	0.471	0.238	0.162	0.0467
1071	0.471	0.238	0.162	0.0468
1072	0.47	0.238	0.162	0.0467
1073	0.47	0.238	0.162	0.0468
1074	0.47	0.238	0.162	0.0467
1075	0.47	0.238	0.162	0.0467
1076	0.471	0.238	0.162	0.0467
1077	0.471	0.238	0.162	0.0468
1078	0.471	0.238	0.162	0.0467
1079	0.471	0.238	0.162	0.0468
1080	0.471	0.238	0.162	0.0467
1081	0.471	0.238	0.162	0.0467
1082	0.471	0.238	0.162	0.0467
1083	0.471	0.238	0.162	0.0468
1084	0.471	0.238	0.162	0.0468
1085	0.471	0.238	0.162	0.0468
1086	0.471	0.238	0.162	0.0468
1087	0.471	0.238	0.162	0.0467
1088	0.471	0.238	0.162	0.0468
1089	0.471	0.238	0.162	0.0468
1090	0.471	0.238	0.162	0.0467
1091	0.47	0.238	0.162	0.0467
1092	0.471	0.238	0.162	0.0467
1093	0.471	0.238	0.162	0.0468
1094	0.47	0.238	0.162	0.0467
1095	0.471	0.238	0.162	0.0467
1096	0.471	0.238	0.162	0.0467
1097	0.471	0.238	0.162	0.0467
1098	0.471	0.238	0.162	0.0467
1099	0.471	0.238	0.162	0.0467
1100	0.471	0.238	0.162	0.0468
1101	0.471	0.238	0.162	0.0468
1102	0.471	0.238	0.162	0.0467
1103	0.471	0.238	0.162	0.0467
1104	0.471	0.238	0.162	0.0467
1105	0.471	0.238	0.162	0.0467
1106	0.471	0.238	0.162	0.0467
1107	0.471	0.238	0.162	0.0467
1108	0.471	0.238	0.162	0.0467
1109	0.472	0.238	0.162	0.0468
1110	0.471	0.238	0.162	0.0467
1111	0.471	0.238	0.162	0.0467
1112	0.471	0.238	0.162	0.0467
1113	0.472	0.238	0.162	0.0468
1114	0.471	0.238	0.162	0.0467
1115	0.471	0.238	0.162	0.0467
1116	0.471	0.238	0.162	0.0468
1117	0.472	0.238	0.162	0.0467
1118	0.472	0.238	0.162	0.0467
1119	0.472	0.238	0.162	0.0467
1120	0.471	0.238	0.162	0.0468
1121	0.471	0.238	0.162	0.0467
1122	0.472	0.238	0.162	0.0467
1123	0.472	0.238	0.162	0.0467
1124	0.471	0.238	0.162	0.0468
1125	0.471	0.238	0.162	0.0467
1126	0.472	0.238	0.162	0.0468
1127	0.472	0.238	0.162	0.0468
1128	0.472	0.238	0.162	0.0468
1129	0.472	0.238	0.162	0.0467
1130	0.472	0.238	0.162	0.0467
1131	0.472	0.238	0.162	0.0468
1132	0.471	0.238	0.162	0.0468
1133	0.472	0.238	0.162	0.0467
1134	0.472	0.238	0.162	0.0467
1135	0.472	0.238	0.162	0.0467
1136	0.473	0.236	0.163	0.0463
1137	0.473	0.234	0.164	0.0459
1138	0.474	0.234	0.164	0.046
1139	0.473	0.234	0.164	0.046
1140	0.474	0.235	0.164	0.0461
1141	0.473	0.235	0.164	0.0461
1142	0.474	0.235	0.164	0.0461
1143	0.473	0.235	0.164	0.0461
1144	0.474	0.235	0.164	0.0461
1145	0.474	0.235	0.164	0.0461
1146	0.473	0.235	0.163	0.0462
1147	0.473	0.235	0.163	0.0462
1148	0.474	0.235	0.163	0.0462
1149	0.473	0.235	0.163	0.0461
1150	0.474	0.235	0.163	0.0462
1151	0.474	0.235	0.163	0.0462
1152	0.474	0.235	0.163	0.0462
1153	0.474	0.235	0.164	0.0461
1154	0.474	0.235	0.163	0.0461
1155	0.474	0.235	0.164	0.0461
1156	0.475	0.235	0.164	0.0461
1157	0.474	0.235	0.164	0.0461
1158	0.474	0.235	0.163	0.0462
1159	0.474	0.235	0.163	0.0462
1160	0.474	0.235	0.163	0.0462
1161	0.474	0.235	0.163	0.0461
1162	0.474	0.235	0.163	0.0462
1163	0.474	0.235	0.163	0.0462
1164	0.474	0.235	0.163	0.0462
1165	0.474	0.235	0.163	0.0462
1166	0.474	0.235	0.163	0.0462
1167	0.474	0.235	0.163	0.0462
1168	0.474	0.236	0.163	0.0463
1169	0.474	0.235	0.163	0.0462
1170	0.475	0.235	0.163	0.0462
1171	0.475	0.235	0.163	0.0462
1172	0.474	0.235	0.163	0.0461
1173	0.475	0.235	0.163	0.0461
1174	0.474	0.235	0.163	0.0461
1175	0.474	0.235	0.163	0.0462
1176	0.475	0.235	0.163	0.0461
1177	0.474	0.235	0.163	0.0462
1178	0.474	0.235	0.163	0.0462
1179	0.474	0.235	0.163	0.0461
1180	0.474	0.235	0.163	0.0462
1181	0.475	0.235	0.163	0.0462
1182	0.475	0.235	0.163	0.0462
1183	0.474	0.235	0.163	0.0462
1184	0.475	0.235	0.163	0.0462
1185	0.475	0.235	0.163	0.0462
1186	0.475	0.235	0.163	0.0462
1187	0.475	0.236	0.163	0.0463
1188	0.476	0.235	0.163	0.0462
1189	0.475	0.235	0.163	0.0462
1190	0.475	0.235	0.163	0.0462
1191	0.475	0.235	0.163	0.0462
1192	0.475	0.235	0.163	0.0462
1193	0.476	0.235	0.163	0.0462
1194	0.475	0.235	0.163	0.0462
1195	0.475	0.235	0.163	0.0461
1196	0.475	0.235	0.163	0.0462
1197	0.475	0.235	0.163	0.0462
1198	0.475	0.235	0.163	0.0461
1199	0.475	0.235	0.163	0.0461
1200	0.475	0.235	0.163	0.0461
1201	0.475	0.235	0.163	0.0461
1202	0.475	0.235	0.163	0.0461
1203	0.476	0.235	0.163	0.0461
1204	0.475	0.235	0.163	0.0461
1205	0.475	0.235	0.163	0.0462
1206	0.476	0.235	0.163	0.0462
1207	0.475	0.235	0.163	0.0461
1208	0.475	0.235	0.163	0.0462
1209	0.475	0.235	0.163	0.0461
1210	0.475	0.235	0.163	0.0461
1211	0.475	0.235	0.163	0.0462
1212	0.475	0.235	0.163	0.0462
1213	0.475	0.235	0.163	0.0462
1214	0.476	0.235	0.163	0.0462
1215	0.475	0.235	0.163	0.0462
1216	0.475	0.235	0.163	0.0461
1217	0.475	0.235	0.163	0.0462
1218	0.475	0.235	0.163	0.0462
1219	0.475	0.235	0.163	0.0461
1220	0.475	0.235	0.163	0.0462
1221	0.476	0.235	0.163	0.0462
1222	0.475	0.235	0.163	0.0462
1223	0.476	0.235	0.163	0.0462
1224	0.476	0.235	0.163	0.0462
1225	0.475	0.235	0.163	0.0462
1226	0.475	0.235	0.163	0.0462
1227	0.476	0.235	0.163	0.0462
1228	0.475	0.235	0.163	0.0462
1229	0.475	0.235	0.163	0.0461
1230	0.476	0.235	0.163	0.0462
1231	0.475	0.235	0.163	0.0462
1232	0.475	0.235	0.163	0.0462
1233	0.476	0.235	0.163	0.0461
1234	0.475	0.235	0.163	0.0462
1235	0.476	0.235	0.163	0.0462
1236	0.476	0.235	0.163	0.0462
1237	0.475	0.235	0.163	0.0462
1238	0.476	0.235	0.163	0.0462
1239	0.476	0.235	0.163	0.0462
1240	0.475	0.235	0.163	0.0462
1241	0.475	0.235	0.163	0.0462
1242	0.476	0.235	0.163	0.0462
1243	0.476	0.235	0.163	0.0462
1244	0.476	0.235	0.163	0.0462
1245	0.476	0.235	0.163	0.0462
1246	0.476	0.235	0.163	0.0462
1247	0.476	0.235	0.163	0.0462
1248	0.476	0.235	0.163	0.0461
1249	0.476	0.235	0.163	0.0461
1250	0.476	0.235	0.163	0.0462
1251	0.476	0.235	0.163	0.0461
1252	0.475	0.235	0.163	0.0461
1253	0.476	0.235	0.163	0.0461
1254	0.476	0.235	0.163	0.0461
1255	0.476	0.235	0.163	0.0461
1256	0.476	0.235	0.163	0.0461
1257	0.476	0.235	0.163	0.0461
1258	0.476	0.235	0.163	0.0461
1259	0.476	0.235	0.163	0.0461
1260	0.476	0.235	0.163	0.0461
1261	0.476	0.235	0.163	0.0461
1262	0.476	0.235	0.163	0.0462
1263	0.476	0.235	0.163	0.0462
1264	0.476	0.235	0.163	0.0461
1265	0.476	0.235	0.163	0.0462
1266	0.477	0.235	0.163	0.0461
1267	0.476	0.235	0.163	0.0461
1268	0.476	0.235	0.163	0.0462
1269	0.477	0.235	0.163	0.0461
1270	0.477	0.235	0.163	0.0461
1271	0.476	0.235	0.163	0.0462
1272	0.477	0.233	0.164	0.0457
1273	0.478	0.232	0.165	0.0453
1274	0.477	0.232	0.165	0.0454
1275	0.477	0.232	0.165	0.0454
1276	0.477	0.232	0.165	0.0454
1277	0.478	0.232	0.165	0.0455
1278	0.478	0.232	0.165	0.0455
1279	0.477	0.232	0.165	0.0455
1280	0.478	0.232	0.165	0.0455
1281	0.478	0.232	0.165	0.0455
1282	0.478	0.232	0.165	0.0455
1283	0.478	0.233	0.165	0.0455
1284	0.479	0.233	0.165	0.0455
1285	0.478	0.232	0.165	0.0455
1286	0.478	0.233	0.165	0.0456
1287	0.479	0.233	0.165	0.0455
1288	0.478	0.233	0.164	0.0455
1289	0.479	0.233	0.165	0.0456
1290	0.479	0.233	0.164	0.0455
1291	0.478	0.233	0.164	0.0455
1292	0.478	0.233	0.164	0.0455
1293	0.478	0.233	0.164	0.0456
1294	0.478	0.233	0.164	0.0456
1295	0.478	0.233	0.164	0.0456
1296	0.478	0.233	0.164	0.0455
1297	0.478	0.233	0.164	0.0455
1298	0.478	0.233	0.164	0.0456
1299	0.478	0.233	0.164	0.0455
1300	0.478	0.233	0.164	0.0455
1301	0.478	0.233	0.164	0.0456
1302	0.479	0.233	0.164	0.0456
1303	0.478	0.233	0.164	0.0456
1304	0.479	0.233	0.164	0.0456
1305	0.478	0.233	0.164	0.0455
1306	0.478	0.233	0.164	0.0456
1307	0.478	0.233	0.164	0.0456
1308	0.478	0.233	0.164	0.0455
1309	0.478	0.233	0.164	0.0456
1310	0.479	0.233	0.164	0.0456
1311	0.478	0.233	0.164	0.0456
1312	0.478	0.233	0.164	0.0455
1313	0.478	0.233	0.164	0.0456
1314	0.479	0.233	0.164	0.0456
1315	0.478	0.233	0.164	0.0456
1316	0.478	0.233	0.164	0.0456
1317	0.479	0.233	0.164	0.0456
1318	0.479	0.233	0.164	0.0456
1319	0.478	0.233	0.164	0.0456
1320	0.478	0.233	0.164	0.0456
1321	0.478	0.233	0.164	0.0456
1322	0.478	0.233	0.164	0.0457
1323	0.479	0.233	0.164	0.0456
1324	0.478	0.233	0.164	0.0456
1325	0.478	0.233	0.164	0.0456
1326	0.479	0.233	0.164	0.0456
1327	0.479	0.233	0.164	0.0456
1328	0.479	0.233	0.164	0.0456
1329	0.479	0.233	0.164	0.0456
1330	0.479	0.233	0.164	0.0457
1331	0.478	0.233	0.164	0.0457
1332	0.479	0.233	0.164	0.0456
1333	0.479	0.233	0.164	0.0456
1334	0.479	0.233	0.164	0.0456
1335	0.48	0.233	0.164	0.0456
1336	0.479	0.233	0.164	0.0456
1337	0.479	0.233	0.164	0.0456
1338	0.479	0.233	0.164	0.0456
1339	0.479	0.233	0.164	0.0456
1340	0.479	0.233	0.164	0.0456
1341	0.479	0.233	0.164	0.0456
1342	0.479	0.233	0.164	0.0456
1343	0.479	0.233	0.164	0.0456
1344	0.479	0.233	0.164	0.0456
1345	0.479	0.233	0.164	0.0456
1346	0.479	0.233	0.164	0.0457
1347	0.48	0.233	0.164	0.0456
1348	0.479	0.233	0.164	0.0456
1349	0.479	0.233	0.164	0.0456
1350	0.48	0.233	0.164	0.0456
1351	0.479	0.233	0.164	0.0456
1352	0.479	0.233	0.164	0.0456
1353	0.48	0.233	0.164	0.0456
1354	0.479	0.233	0.164	0.0456
1355	0.479	0.233	0.164	0.0457
1356	0.479	0.233	0.164	0.0457
1357	0.479	0.233	0.164	0.0457
1358	0.479	0.233	0.164	0.0457
1359	0.48	0.233	0.164	0.0456
1360	0.479	0.233	0.164	0.0456
1361	0.479	0.233	0.164	0.0457
1362	0.48	0.233	0.164	0.0457
1363	0.479	0.233	0.164	0.0456
1364	0.479	0.233	0.164	0.0457
1365	0.48	0.233	0.164	0.0456
1366	0.48	0.233	0.164	0.0456
1367	0.479	0.233	0.164	0.0456
1368	0.48	0.233	0.164	0.0456
1369	0.48	0.233	0.164	0.0456
1370	0.479	0.233	0.164	0.0456
1371	0.48	0.233	0.164	0.0456
1372	0.48	0.233	0.164	0.0456
1373	0.479	0.233	0.164	0.0456
1374	0.48	0.233	0.164	0.0456
1375	0.48	0.233	0.164	0.0457
1376	0.48	0.233	0.164	0.0456
1377	0.48	0.233	0.164	0.0456
1378	0.48	0.233	0.164	0.0456
1379	0.48	0.233	0.164	0.0457
1380	0.481	0.233	0.164	0.0456
1381	0.48	0.233	0.164	0.0456
1382	0.48	0.233	0.164	0.0456
1383	0.48	0.233	0.164	0.0457
1384	0.48	0.233	0.164	0.0457
1385	0.48	0.233	0.164	0.0456
1386	0.481	0.233	0.164	0.0456
1387	0.48	0.233	0.164	0.0456
1388	0.48	0.233	0.164	0.0456
1389	0.481	0.233	0.164	0.0456
1390	0.481	0.233	0.164	0.0456
1391	0.48	0.233	0.164	0.0456
1392	0.481	0.233	0.164	0.0455
1393	0.48	0.233	0.164	0.0456
1394	0.48	0.233	0.164	0.0456
1395	0.481	0.232	0.164	0.0456
1396	0.48	0.233	0.164	0.0456
1397	0.48	0.233	0.164	0.0456
1398	0.481	0.232	0.164	0.0455
1399	0.48	0.233	0.164	0.0456
1400	0.481	0.233	0.164	0.0456
1401	0.48	0.233	0.164	0.0456
1402	0.48	0.232	0.164	0.0456
1403	0.48	0.233	0.164	0.0456
1404	0.481	0.233	0.164	0.0456
1405	0.48	0.232	0.164	0.0455
1406	0.48	0.233	0.164	0.0456
1407	0.48	0.233	0.164	0.0456
1408	0.481	0.233	0.164	0.0456
1409	0.48	0.233	0.164	0.0456
1410	0.481	0.233	0.164	0.0456
1411	0.48	0.233	0.164	0.0456
1412	0.48	0.233	0.164	0.0456
1413	0.481	0.233	0.164	0.0456
1414	0.481	0.232	0.164	0.0455
1415	0.48	0.232	0.164	0.0456
1416	0.48	0.233	0.164	0.0456
1417	0.481	0.232	0.164	0.0455
1418	0.481	0.232	0.164	0.0455
1419	0.481	0.232	0.164	0.0455
1420	0.48	0.232	0.164	0.0456
1421	0.481	0.232	0.164	0.0456
1422	0.481	0.233	0.164	0.0456
1423	0.481	0.233	0.164	0.0456
1424	0.481	0.233	0.164	0.0456
1425	0.481	0.232	0.164	0.0456
1426	0.481	0.232	0.164	0.0456
1427	0.481	0.232	0.164	0.0456
1428	0.481	0.232	0.164	0.0456
1429	0.481	0.232	0.164	0.0455
1430	0.48	0.232	0.164	0.0455
1431	0.481	0.232	0.164	0.0455
1432	0.481	0.232	0.164	0.0456
1433	0.48	0.232	0.164	0.0455
1434	0.481	0.232	0.164	0.0455
1435	0.481	0.232	0.164	0.0456
1436	0.481	0.232	0.164	0.0455
1437	0.481	0.232	0.164	0.0455
1438	0.481	0.232	0.164	0.0456
1439	0.481	0.232	0.164	0.0456
1440	0.481	0.232	0.164	0.0455
1441	0.48	0.232	0.164	0.0455
1442	0.481	0.232	0.164	0.0456
1443	0.481	0.232	0.164	0.0455
1444	0.481	0.232	0.164	0.0456
1445	0.481	0.232	0.164	0.0456
1446	0.482	0.23	0.165	0.0451
1447	0.482	0.229	0.166	0.0447
1448	0.482	0.229	0.166	0.0447
1449	0.482	0.229	0.166	0.0448
1450	0.482	0.229	0.166	0.0448
1451	0.482	0.229	0.166	0.0448
1452	0.482	0.23	0.166	0.0449
1453	0.482	0.23	0.166	0.0449
1454	0.483	0.23	0.166	0.0449
1455	0.483	0.23	0.165	0.0449
1456	0.483	0.23	0.165	0.0449
1457	0.483	0.23	0.165	0.0449
1458	0.482	0.23	0.165	0.0449
1459	0.483	0.23	0.165	0.0449
1460	0.482	0.23	0.165	0.0449
1461	0.483	0.23	0.165	0.0449
1462	0.483	0.23	0.165	0.045
1463	0.483	0.23	0.165	0.045
1464	0.483	0.23	0.165	0.045
1465	0.483	0.23	0.165	0.045
1466	0.483	0.23	0.165	0.045
1467	0.483	0.23	0.165	0.0451
1468	0.483	0.23	0.165	0.045
1469	0.483	0.23	0.165	0.045
1470	0.483	0.23	0.165	0.045
1471	0.483	0.23	0.165	0.045
1472	0.483	0.23	0.165	0.045
1473	0.483	0.23	0.165	0.045
1474	0.483	0.23	0.165	0.0451
1475	0.483	0.23	0.165	0.045
1476	0.483	0.23	0.165	0.0451
1477	0.483	0.23	0.165	0.045
1478	0.483	0.23	0.165	0.045
1479	0.483	0.23	0.165	0.045
1480	0.483	0.23	0.165	0.045
1481	0.483	0.23	0.165	0.045
1482	0.483	0.23	0.165	0.045
1483	0.483	0.23	0.165	0.045
1484	0.483	0.23	0.165	0.045
1485	0.483	0.23	0.165	0.0451
1486	0.483	0.23	0.165	0.045
1487	0.483	0.23	0.165	0.045
1488	0.483	0.23	0.165	0.0451
1489	0.483	0.23	0.165	0.045
1490	0.483	0.23	0.165	0.0451
1491	0.483	0.23	0.165	0.0451
1492	0.483	0.23	0.165	0.0451
1493	0.483	0.23	0.165	0.0451
1494	0.483	0.23	0.165	0.0451
1495	0.483	0.23	0.165	0.045
1496	0.483	0.23	0.165	0.0451
1497	0.483	0.23	0.165	0.0451
1498	0.483	0.23	0.165	0.0451
1499	0.483	0.23	0.165	0.045
1500	0.483	0.23	0.165	0.0451
1501	0.483	0.23	0.165	0.045
1502	0.483	0.23	0.165	0.045
1503	0.483	0.23	0.165	0.045
1504	0.484	0.23	0.165	0.0451
1505	0.483	0.23	0.165	0.0451
1506	0.483	0.23	0.165	0.0451
1507	0.484	0.23	0.165	0.0451
1508	0.483	0.23	0.165	0.0451
1509	0.484	0.23	0.165	0.0451
1510	0.484	0.23	0.165	0.0451
1511	0.484	0.23	0.165	0.0451
1512	0.483	0.23	0.165	0.0451
1513	0.483	0.23	0.165	0.0451
1514	0.483	0.23	0.165	0.0451
1515	0.484	0.23	0.165	0.045
1516	0.484	0.23	0.165	0.045
1517	0.483	0.23	0.165	0.045
1518	0.484	0.23	0.165	0.0451
1519	0.484	0.23	0.165	0.0451
1520	0.484	0.23	0.165	0.0451
1521	0.484	0.23	0.165	0.0451
1522	0.484	0.23	0.165	0.0451
1523	0.484	0.23	0.165	0.0452
1524	0.484	0.23	0.165	0.045
1525	0.483	0.23	0.165	0.045
1526	0.483	0.23	0.165	0.0451
1527	0.484	0.23	0.165	0.0451
1528	0.484	0.23	0.165	0.0451
1529	0.483	0.23	0.165	0.045
1530	0.484	0.23	0.165	0.0451
1531	0.483	0.23	0.165	0.0451
1532	0.484	0.23	0.165	0.0451
1533	0.483	0.23	0.165	0.0451
1534	0.484	0.23	0.165	0.0451
1535	0.484	0.23	0.165	0.0451
1536	0.484	0.23	0.165	0.0451
1537	0.484	0.23	0.165	0.0451
1538	0.483	0.23	0.165	0.0451
1539	0.483	0.23	0.165	0.0451
1540	0.484	0.23	0.165	0.0451
1541	0.484	0.23	0.165	0.0451
1542	0.484	0.23	0.165	0.0451
1543	0.484	0.23	0.165	0.045
1544	0.484	0.23	0.165	0.0451
1545	0.484	0.23	0.165	0.0451
1546	0.484	0.23	0.165	0.0451
1547	0.484	0.23	0.165	0.0451
1548	0.484	0.23	0.165	0.0451
1549	0.485	0.23	0.165	0.0451
1550	0.485	0.23	0.165	0.0451
1551	0.485	0.23	0.165	0.0451
1552	0.484	0.23	0.165	0.0451
1553	0.484	0.23	0.165	0.0452
1554	0.484	0.23	0.165	0.0451
1555	0.485	0.23	0.165	0.0451
1556	0.485	0.23	0.165	0.0451
1557	0.484	0.23	0.165	0.0451
1558	0.484	0.23	0.165	0.0451
1559	0.485	0.23	0.165	0.045
1560	0.484	0.23	0.165	0.0451
1561	0.485	0.23	0.165	0.0451
1562	0.484	0.23	0.165	0.0451
1563	0.484	0.23	0.165	0.045
1564	0.485	0.23	0.165	0.045
1565	0.485	0.23	0.165	0.045
1566	0.484	0.23	0.165	0.045
1567	0.485	0.23	0.165	0.0451
1568	0.484	0.23	0.165	0.045
1569	0.484	0.23	0.165	0.045
1570	0.484	0.23	0.165	0.0451
1571	0.484	0.23	0.165	0.045
1572	0.485	0.23	0.165	0.0451
1573	0.485	0.23	0.165	0.0451
1574	0.485	0.23	0.165	0.045
1575	0.484	0.23	0.165	0.0451
1576	0.485	0.23	0.165	0.0451
1577	0.484	0.23	0.165	0.045
1578	0.484	0.23	0.165	0.0451
1579	0.485	0.23	0.165	0.0451
1580	0.484	0.23	0.165	0.0451
1581	0.485	0.23	0.165	0.0451
1582	0.485	0.23	0.165	0.045
1583	0.485	0.23	0.165	0.045
1584	0.485	0.23	0.165	0.0451
1585	0.485	0.23	0.165	0.0451
1586	0.484	0.23	0.165	0.045
1587	0.485	0.23	0.165	0.0451
1588	0.485	0.23	0.165	0.045
1589	0.485	0.23	0.165	0.0451
1590	0.485	0.23	0.165	0.0451
1591	0.485	0.23	0.165	0.045
1592	0.485	0.23	0.165	0.045
1593	0.484	0.23	0.165	0.0451
1594	0.485	0.23	0.165	0.0451
1595	0.485	0.23	0.165	0.0451
