Iteration	ValueMean	ValueStddev	DerivMean	DerivStddev
5	0.00439	0.66	0.48	0.275
6	0.00233	0.675	0.452	0.254
7	0.000725	0.663	0.432	0.23
8	0.00176	0.662	0.424	0.22
9	0.000324	0.661	0.421	0.215
10	0.000388	0.657	0.42	0.206
11	0.000934	0.653	0.419	0.2
12	-0.000248	0.649	0.417	0.195
13	-0.000158	0.646	0.415	0.189
14	-0.000529	0.645	0.412	0.185
15	-1.92e-05	0.644	0.41	0.181
16	-1.77e-05	0.643	0.407	0.178
17	-0.000794	0.642	0.404	0.175
18	-0.000321	0.641	0.403	0.173
19	-0.00061	0.641	0.4	0.17
20	-0.00117	0.641	0.398	0.169
21	-0.000773	0.64	0.395	0.167
22	-0.000413	0.64	0.393	0.166
23	-3.35e-06	0.64	0.39	0.164
24	0.00028	0.639	0.388	0.163
25	0.000272	0.639	0.386	0.161
26	-0.000258	0.64	0.384	0.161
27	0.00058	0.639	0.382	0.16
28	0.00143	0.64	0.38	0.159
29	0.000704	0.641	0.378	0.159
30	0.00127	0.64	0.377	0.157
31	0.00134	0.639	0.376	0.157
32	0.00183	0.64	0.374	0.156
33	0.00255	0.641	0.372	0.156
34	0.002	0.641	0.371	0.155
35	0.00161	0.641	0.369	0.155
36	0.00202	0.641	0.369	0.155
37	0.00245	0.641	0.367	0.154
38	0.00327	0.642	0.366	0.153
39	0.00308	0.641	0.365	0.153
40	0.00381	0.642	0.363	0.153
41	0.00411	0.642	0.362	0.152
42	0.00441	0.642	0.361	0.151
43	0.00448	0.643	0.36	0.151
44	0.00465	0.643	0.359	0.151
45	0.00496	0.642	0.358	0.151
46	0.004	0.643	0.357	0.15
47	0.00408	0.643	0.357	0.151
48	0.00428	0.643	0.356	0.15
49	0.0039	0.643	0.355	0.15
50	0.00326	0.642	0.355	0.15
51	0.00314	0.642	0.354	0.149
52	0.00334	0.643	0.353	0.149
53	0.00335	0.642	0.353	0.149
54	0.00355	0.642	0.352	0.149
55	0.00343	0.643	0.351	0.149
56	0.00371	0.643	0.351	0.149
57	0.00359	0.643	0.35	0.149
58	0.00398	0.643	0.35	0.149
59	0.00357	0.643	0.349	0.148
60	0.00355	0.643	0.349	0.149
61	0.00381	0.642	0.349	0.148
62	0.00342	0.642	0.348	0.148
63	0.00391	0.643	0.347	0.148
64	0.00437	0.643	0.346	0.147
65	0.00472	0.643	0.347	0.147
66	0.00497	0.642	0.347	0.147
67	0.00503	0.642	0.346	0.147
68	0.00526	0.642	0.345	0.147
69	0.00478	0.642	0.345	0.146
70	0.00468	0.642	0.344	0.146
71	0.00437	0.643	0.344	0.147
72	0.00433	0.643	0.344	0.147
73	0.00513	0.642	0.344	0.146
74	0.00471	0.643	0.343	0.147
75	0.00472	0.642	0.343	0.147
76	0.00533	0.642	0.343	0.147
77	0.00501	0.642	0.342	0.147
78	0.00512	0.643	0.342	0.147
79	0.0057	0.642	0.342	0.146
80	0.00587	0.642	0.341	0.146
81	0.00599	0.643	0.341	0.146
82	0.00623	0.641	0.341	0.146
83	0.00613	0.642	0.341	0.146
84	0.00633	0.642	0.34	0.146
85	0.00604	0.642	0.34	0.146
86	0.00601	0.642	0.34	0.146
87	0.00562	0.642	0.34	0.146
88	0.00553	0.643	0.34	0.146
89	0.00606	0.642	0.339	0.146
90	0.00612	0.642	0.339	0.146
91	0.00594	0.642	0.339	0.146
92	0.00651	0.642	0.339	0.146
93	0.00607	0.641	0.339	0.145
94	0.00633	0.643	0.338	0.146
95	0.00637	0.643	0.338	0.146
96	0.00653	0.642	0.338	0.146
97	0.00718	0.642	0.338	0.145
98	0.00703	0.641	0.337	0.145
99	0.00692	0.642	0.337	0.145
100	0.00707	0.642	0.337	0.145
101	0.00674	0.642	0.337	0.145
102	0.00671	0.642	0.337	0.145
103	0.00747	0.642	0.336	0.145
104	0.0072	0.643	0.336	0.145
105	0.00713	0.643	0.336	0.145
106	0.00706	0.642	0.336	0.145
107	0.00709	0.642	0.336	0.145
108	0.00732	0.641	0.336	0.145
109	0.00759	0.642	0.336	0.144
110	0.00811	0.641	0.335	0.144
111	0.00791	0.641	0.335	0.144
112	0.00803	0.642	0.335	0.144
113	0.00774	0.642	0.335	0.144
114	0.00781	0.642	0.334	0.144
115	0.00847	0.642	0.334	0.144
116	0.00822	0.642	0.334	0.144
117	0.00864	0.643	0.334	0.144
118	0.00907	0.643	0.334	0.144
119	0.00905	0.643	0.334	0.144
120	0.00873	0.643	0.334	0.144
121	0.00821	0.643	0.333	0.144
122	0.00837	0.643	0.333	0.144
123	0.00824	0.642	0.333	0.144
124	0.00827	0.642	0.333	0.144
125	0.00822	0.642	0.333	0.143
126	0.00813	0.642	0.333	0.144
127	0.00866	0.641	0.333	0.143
128	0.00862	0.642	0.333	0.143
129	0.00791	0.643	0.333	0.143
130	0.00882	0.642	0.332	0.143
131	0.00856	0.641	0.333	0.143
132	0.00865	0.642	0.332	0.143
133	0.00852	0.642	0.332	0.143
134	0.00889	0.642	0.332	0.143
135	0.00875	0.642	0.332	0.143
136	0.00937	0.642	0.332	0.143
137	0.00924	0.642	0.331	0.143
138	0.00881	0.642	0.331	0.142
139	0.0092	0.642	0.331	0.142
140	0.00892	0.642	0.332	0.142
141	0.00901	0.642	0.331	0.142
142	0.00924	0.642	0.331	0.142
143	0.00902	0.642	0.331	0.143
144	0.00906	0.642	0.331	0.142
145	0.0093	0.642	0.331	0.142
146	0.00901	0.641	0.331	0.142
147	0.00952	0.642	0.331	0.142
148	0.00934	0.642	0.331	0.142
149	0.00921	0.641	0.33	0.142
150	0.00962	0.641	0.33	0.142
151	0.00984	0.641	0.331	0.142
152	0.00999	0.642	0.33	0.142
153	0.0096	0.642	0.33	0.141
154	0.0102	0.642	0.33	0.142
155	0.0101	0.641	0.33	0.141
156	0.00985	0.642	0.33	0.141
157	0.0103	0.641	0.33	0.141
158	0.00959	0.641	0.33	0.141
159	0.00947	0.641	0.33	0.141
160	0.0103	0.641	0.33	0.141
161	0.0103	0.642	0.329	0.141
162	0.0104	0.641	0.33	0.14
163	0.0106	0.641	0.329	0.14
164	0.0104	0.641	0.329	0.14
165	0.0098	0.641	0.329	0.14
166	0.0107	0.641	0.329	0.14
167	0.0104	0.641	0.329	0.14
168	0.0101	0.642	0.329	0.14
169	0.0106	0.641	0.329	0.141
170	0.01	0.641	0.329	0.14
171	0.00978	0.641	0.329	0.14
172	0.0101	0.641	0.329	0.14
173	0.00989	0.641	0.329	0.14
174	0.0101	0.641	0.329	0.14
175	0.01	0.641	0.329	0.14
176	0.01	0.641	0.329	0.14
177	0.00986	0.641	0.329	0.14
178	0.01	0.641	0.329	0.14
179	0.0103	0.641	0.329	0.14
180	0.00923	0.641	0.329	0.14
181	0.00976	0.641	0.328	0.14
182	0.00943	0.641	0.329	0.14
183	0.00942	0.64	0.329	0.14
184	0.01	0.64	0.329	0.14
185	0.0105	0.64	0.329	0.14
186	0.0102	0.64	0.328	0.14
187	0.0106	0.64	0.328	0.14
188	0.0107	0.64	0.328	0.139
189	0.011	0.641	0.328	0.14
190	0.0102	0.64	0.328	0.14
191	0.0102	0.641	0.328	0.14
192	0.01	0.641	0.328	0.14
193	0.0106	0.641	0.328	0.139
194	0.0112	0.64	0.328	0.139
195	0.0112	0.641	0.328	0.139
196	0.0113	0.64	0.328	0.139
197	0.0115	0.641	0.327	0.139
198	0.0113	0.64	0.328	0.139
199	0.0115	0.64	0.328	0.139
200	0.0116	0.64	0.327	0.139
201	0.0117	0.64	0.327	0.139
202	0.0122	0.641	0.327	0.139
203	0.012	0.641	0.327	0.139
204	0.0119	0.641	0.326	0.139
205	0.0116	0.641	0.327	0.139
206	0.0118	0.641	0.327	0.139
207	0.0119	0.641	0.327	0.139
208	0.0119	0.64	0.327	0.139
209	0.012	0.64	0.326	0.139
210	0.0119	0.64	0.327	0.138
211	0.0116	0.64	0.327	0.138
212	0.0123	0.64	0.327	0.138
213	0.0117	0.64	0.327	0.138
214	0.0118	0.64	0.327	0.138
215	0.0118	0.64	0.327	0.138
216	0.0114	0.64	0.327	0.138
217	0.012	0.64	0.327	0.138
218	0.0123	0.64	0.327	0.138
219	0.0122	0.64	0.327	0.138
220	0.0125	0.64	0.326	0.138
221	0.012	0.64	0.326	0.138
222	0.0118	0.64	0.327	0.138
223	0.0124	0.639	0.327	0.138
224	0.012	0.64	0.327	0.138
225	0.0115	0.639	0.327	0.138
226	0.0117	0.64	0.327	0.138
227	0.0119	0.64	0.327	0.138
228	0.0118	0.639	0.327	0.138
229	0.0118	0.639	0.327	0.137
230	0.0121	0.639	0.327	0.138
231	0.0126	0.639	0.327	0.138
232	0.0123	0.639	0.327	0.138
233	0.0125	0.639	0.327	0.138
234	0.0126	0.639	0.326	0.138
235	0.013	0.639	0.326	0.138
236	0.0127	0.639	0.326	0.138
237	0.013	0.639	0.326	0.137
238	0.013	0.64	0.326	0.138
239	0.0132	0.639	0.326	0.137
240	0.0128	0.639	0.326	0.138
241	0.0126	0.639	0.326	0.138
242	0.0128	0.639	0.326	0.137
243	0.0127	0.639	0.326	0.137
244	0.0126	0.639	0.326	0.137
245	0.0123	0.638	0.326	0.137
246	0.0122	0.638	0.326	0.137
247	0.0122	0.638	0.326	0.137
248	0.0123	0.638	0.326	0.137
249	0.0122	0.638	0.326	0.137
250	0.0123	0.638	0.326	0.137
251	0.0123	0.639	0.325	0.137
252	0.0125	0.638	0.326	0.137
253	0.0128	0.639	0.325	0.137
254	0.0131	0.639	0.325	0.137
255	0.0129	0.639	0.325	0.137
256	0.013	0.639	0.325	0.137
257	0.0126	0.639	0.325	0.137
258	0.0125	0.639	0.325	0.137
259	0.0122	0.638	0.325	0.137
260	0.0125	0.639	0.325	0.137
261	0.0127	0.639	0.325	0.137
262	0.0128	0.639	0.325	0.137
263	0.013	0.639	0.325	0.137
264	0.0126	0.638	0.325	0.136
265	0.0127	0.638	0.325	0.137
266	0.013	0.638	0.325	0.137
267	0.0131	0.638	0.325	0.137
268	0.0125	0.638	0.325	0.137
269	0.0131	0.639	0.325	0.137
270	0.013	0.639	0.325	0.136
271	0.0132	0.639	0.325	0.137
272	0.013	0.638	0.325	0.136
273	0.013	0.638	0.325	0.136
274	0.013	0.638	0.325	0.137
275	0.013	0.638	0.325	0.136
276	0.0125	0.639	0.325	0.137
277	0.0126	0.638	0.325	0.137
278	0.0126	0.638	0.325	0.136
279	0.0132	0.638	0.325	0.136
280	0.0132	0.638	0.325	0.136
281	0.0135	0.638	0.325	0.136
282	0.0129	0.638	0.325	0.136
283	0.0134	0.638	0.324	0.136
284	0.0134	0.638	0.325	0.136
285	0.0132	0.637	0.325	0.136
286	0.0132	0.638	0.325	0.136
287	0.0133	0.638	0.325	0.136
288	0.0133	0.637	0.325	0.136
289	0.0135	0.638	0.325	0.136
290	0.014	0.638	0.324	0.136
291	0.0137	0.638	0.325	0.136
292	0.0132	0.637	0.325	0.136
293	0.0144	0.637	0.324	0.136
294	0.0146	0.637	0.324	0.136
295	0.0145	0.637	0.325	0.136
296	0.0143	0.637	0.325	0.136
297	0.0138	0.637	0.325	0.136
298	0.0141	0.637	0.325	0.136
299	0.0142	0.637	0.325	0.136
300	0.0139	0.637	0.325	0.136
301	0.0132	0.637	0.325	0.136
302	0.0132	0.637	0.325	0.136
303	0.0135	0.637	0.324	0.136
304	0.0137	0.637	0.325	0.136
305	0.0137	0.637	0.324	0.136
306	0.0137	0.637	0.324	0.136
307	0.0137	0.637	0.324	0.136
308	0.0137	0.637	0.324	0.136
309	0.0138	0.637	0.324	0.136
310	0.014	0.637	0.325	0.136
311	0.0138	0.637	0.325	0.136
312	0.014	0.637	0.324	0.136
313	0.0144	0.636	0.324	0.135
314	0.0139	0.637	0.324	0.136
315	0.014	0.637	0.324	0.135
316	0.0142	0.636	0.324	0.135
317	0.0141	0.636	0.324	0.135
318	0.0139	0.637	0.324	0.136
319	0.014	0.637	0.324	0.135
320	0.0144	0.637	0.325	0.135
321	0.0143	0.636	0.325	0.135
322	0.0141	0.636	0.325	0.135
323	0.0139	0.636	0.324	0.135
324	0.0136	0.636	0.324	0.136
325	0.0139	0.636	0.324	0.135
326	0.0143	0.636	0.324	0.135
327	0.0144	0.636	0.324	0.135
328	0.014	0.636	0.324	0.135
329	0.0139	0.636	0.324	0.135
330	0.014	0.636	0.324	0.135
331	0.0139	0.636	0.324	0.135
332	0.014	0.636	0.324	0.135
333	0.0136	0.636	0.324	0.135
334	0.0133	0.636	0.324	0.135
335	0.0137	0.636	0.324	0.135
336	0.014	0.636	0.324	0.135
337	0.0136	0.635	0.324	0.135
338	0.0137	0.635	0.324	0.135
339	0.0138	0.635	0.324	0.135
340	0.0137	0.635	0.324	0.135
341	0.0139	0.635	0.324	0.135
342	0.0139	0.635	0.324	0.135
343	0.0136	0.635	0.324	0.134
344	0.0139	0.636	0.323	0.134
345	0.0143	0.635	0.324	0.134
346	0.0146	0.636	0.324	0.134
347	0.0143	0.636	0.324	0.134
348	0.0142	0.635	0.324	0.134
349	0.014	0.635	0.324	0.134
350	0.0138	0.635	0.324	0.135
351	0.0138	0.635	0.324	0.135
352	0.0142	0.636	0.324	0.135
353	0.0144	0.635	0.324	0.135
354	0.0143	0.635	0.324	0.134
355	0.0143	0.635	0.324	0.134
356	0.0144	0.635	0.325	0.135
357	0.0148	0.634	0.324	0.134
358	0.0147	0.634	0.324	0.134
359	0.0147	0.635	0.324	0.135
360	0.0146	0.635	0.324	0.135
361	0.0143	0.635	0.324	0.134
362	0.0146	0.635	0.324	0.134
363	0.0145	0.635	0.324	0.134
364	0.0144	0.635	0.324	0.134
365	0.0141	0.635	0.324	0.135
366	0.0143	0.635	0.324	0.134
367	0.0142	0.635	0.324	0.134
368	0.0138	0.634	0.324	0.134
369	0.0135	0.635	0.324	0.134
370	0.0142	0.635	0.324	0.134
371	0.0144	0.635	0.324	0.134
372	0.0147	0.634	0.324	0.134
373	0.0144	0.634	0.324	0.134
374	0.0147	0.634	0.324	0.134
375	0.0147	0.634	0.324	0.134
376	0.0147	0.634	0.324	0.134
377	0.0145	0.633	0.324	0.134
378	0.0146	0.634	0.324	0.134
379	0.0145	0.634	0.324	0.134
380	0.0144	0.634	0.324	0.134
381	0.0146	0.634	0.324	0.135
382	0.0144	0.634	0.324	0.134
383	0.0143	0.634	0.324	0.134
384	0.0145	0.633	0.324	0.134
385	0.0144	0.634	0.324	0.134
386	0.0147	0.634	0.324	0.134
387	0.0144	0.634	0.324	0.134
388	0.015	0.634	0.324	0.134
389	0.0151	0.633	0.324	0.134
390	0.015	0.633	0.324	0.134
391	0.0153	0.634	0.324	0.134
392	0.0151	0.633	0.323	0.134
393	0.0147	0.633	0.324	0.134
394	0.0147	0.633	0.324	0.134
395	0.0152	0.633	0.324	0.134
396	0.0145	0.633	0.324	0.134
397	0.0147	0.633	0.324	0.134
398	0.0147	0.633	0.324	0.134
399	0.0143	0.633	0.324	0.134
400	0.0144	0.632	0.324	0.134
401	0.0143	0.632	0.324	0.134
402	0.0145	0.633	0.324	0.134
403	0.0148	0.632	0.324	0.134
404	0.015	0.632	0.324	0.134
405	0.0149	0.633	0.324	0.134
406	0.0149	0.632	0.324	0.134
407	0.0143	0.632	0.325	0.134
408	0.0144	0.632	0.324	0.134
409	0.0143	0.632	0.324	0.134
410	0.014	0.632	0.324	0.133
411	0.0136	0.632	0.325	0.134
412	0.0144	0.632	0.324	0.134
413	0.014	0.632	0.325	0.134
414	0.0144	0.632	0.325	0.133
415	0.0143	0.631	0.325	0.133
416	0.0142	0.632	0.324	0.134
417	0.0139	0.632	0.324	0.134
418	0.0142	0.632	0.324	0.134
419	0.0143	0.631	0.324	0.134
420	0.0139	0.632	0.324	0.134
421	0.0142	0.632	0.324	0.134
422	0.014	0.632	0.325	0.134
423	0.014	0.631	0.325	0.133
424	0.0143	0.632	0.325	0.133
425	0.0143	0.632	0.324	0.133
426	0.0145	0.632	0.324	0.133
427	0.0143	0.632	0.324	0.133
428	0.0139	0.632	0.324	0.134
429	0.0142	0.632	0.324	0.133
430	0.0142	0.632	0.324	0.133
431	0.0145	0.631	0.324	0.133
432	0.0139	0.632	0.324	0.134
433	0.0139	0.632	0.325	0.134
434	0.014	0.631	0.324	0.134
435	0.0145	0.631	0.325	0.133
436	0.0148	0.631	0.324	0.134
437	0.0146	0.631	0.324	0.134
438	0.0143	0.631	0.324	0.133
439	0.0144	0.631	0.324	0.134
440	0.0145	0.631	0.324	0.134
441	0.0144	0.632	0.324	0.134
442	0.0145	0.631	0.324	0.134
443	0.0144	0.631	0.324	0.134
444	0.0145	0.631	0.325	0.133
445	0.0144	0.631	0.324	0.133
446	0.0143	0.631	0.324	0.134
447	0.0142	0.631	0.325	0.134
448	0.0142	0.631	0.324	0.134
449	0.0145	0.631	0.324	0.134
450	0.014	0.631	0.324	0.133
451	0.0144	0.631	0.324	0.133
452	0.0145	0.63	0.325	0.133
453	0.0142	0.631	0.325	0.133
454	0.0142	0.63	0.324	0.133
455	0.014	0.631	0.324	0.133
456	0.0144	0.631	0.324	0.133
457	0.014	0.631	0.324	0.133
458	0.0142	0.631	0.324	0.133
459	0.0142	0.631	0.324	0.133
460	0.014	0.63	0.324	0.133
461	0.0144	0.63	0.324	0.133
462	0.0143	0.63	0.325	0.133
463	0.0138	0.63	0.324	0.133
464	0.0137	0.63	0.324	0.133
465	0.0141	0.63	0.324	0.133
466	0.0143	0.63	0.325	0.133
467	0.0145	0.63	0.324	0.133
468	0.0143	0.63	0.324	0.133
469	0.014	0.63	0.324	0.133
470	0.0143	0.63	0.324	0.133
471	0.0141	0.63	0.324	0.133
472	0.014	0.63	0.324	0.133
473	0.0143	0.63	0.324	0.133
474	0.0142	0.63	0.324	0.133
475	0.0139	0.63	0.324	0.133
476	0.014	0.63	0.324	0.133
477	0.0142	0.63	0.324	0.132
478	0.0143	0.63	0.324	0.132
479	0.0145	0.63	0.324	0.133
480	0.0141	0.63	0.324	0.133
481	0.0143	0.63	0.324	0.133
482	0.0143	0.63	0.324	0.133
483	0.0144	0.63	0.324	0.133
484	0.0139	0.629	0.325	0.133
485	0.0141	0.629	0.325	0.133
486	0.0145	0.629	0.325	0.133
487	0.0142	0.629	0.325	0.133
488	0.0141	0.629	0.324	0.133
489	0.0139	0.629	0.324	0.132
490	0.0136	0.629	0.324	0.132
491	0.0136	0.629	0.324	0.132
492	0.014	0.629	0.324	0.133
493	0.0142	0.629	0.324	0.133
494	0.0143	0.629	0.324	0.133
495	0.0141	0.629	0.324	0.133
496	0.0143	0.629	0.325	0.133
497	0.0144	0.629	0.325	0.133
498	0.0142	0.629	0.325	0.133
499	0.0141	0.629	0.325	0.133
500	0.0147	0.629	0.324	0.133
501	0.0142	0.628	0.325	0.133
502	0.014	0.628	0.324	0.133
503	0.0139	0.629	0.324	0.133
504	0.014	0.628	0.325	0.133
505	0.0142	0.629	0.324	0.133
506	0.0142	0.629	0.324	0.133
507	0.014	0.629	0.324	0.133
508	0.0143	0.629	0.325	0.133
509	0.0143	0.629	0.325	0.133
510	0.0146	0.629	0.324	0.133
511	0.0144	0.628	0.325	0.133
512	0.0145	0.628	0.325	0.133
513	0.0146	0.628	0.324	0.133
514	0.0144	0.628	0.325	0.133
515	0.0144	0.628	0.324	0.133
516	0.0146	0.628	0.325	0.133
517	0.0145	0.628	0.325	0.132
518	0.0148	0.628	0.325	0.133
519	0.0145	0.628	0.324	0.133
520	0.0145	0.628	0.325	0.133
521	0.0144	0.628	0.324	0.133
522	0.0142	0.628	0.325	0.133
523	0.0141	0.628	0.324	0.133
524	0.0148	0.628	0.324	0.133
525	0.0145	0.628	0.324	0.133
526	0.0143	0.628	0.324	0.133
527	0.0145	0.628	0.325	0.133
528	0.0145	0.628	0.325	0.133
529	0.0145	0.628	0.325	0.133
530	0.015	0.628	0.325	0.133
531	0.0148	0.627	0.325	0.132
532	0.015	0.627	0.325	0.132
533	0.0152	0.627	0.325	0.132
534	0.0148	0.627	0.324	0.133
535	0.0152	0.627	0.325	0.132
536	0.0152	0.627	0.325	0.132
537	0.0152	0.628	0.325	0.132
538	0.0152	0.627	0.324	0.132
539	0.0147	0.627	0.325	0.132
540	0.0144	0.627	0.325	0.132
541	0.0144	0.627	0.325	0.132
542	0.0145	0.627	0.325	0.132
543	0.0143	0.627	0.325	0.132
544	0.0143	0.628	0.324	0.132
545	0.0146	0.627	0.325	0.132
546	0.0144	0.626	0.325	0.132
547	0.0143	0.627	0.325	0.132
548	0.0142	0.627	0.325	0.132
549	0.0143	0.627	0.325	0.132
550	0.0142	0.626	0.325	0.132
551	0.0145	0.627	0.325	0.133
552	0.0145	0.627	0.324	0.132
553	0.0143	0.628	0.324	0.132
554	0.0143	0.627	0.324	0.132
555	0.0142	0.627	0.324	0.132
556	0.0143	0.627	0.324	0.132
557	0.0141	0.627	0.325	0.132
558	0.0141	0.627	0.324	0.132
559	0.0143	0.627	0.325	0.132
560	0.0146	0.627	0.325	0.132
561	0.0142	0.627	0.325	0.132
562	0.014	0.627	0.325	0.132
563	0.0143	0.627	0.325	0.132
564	0.0142	0.627	0.325	0.132
565	0.014	0.627	0.325	0.132
566	0.0142	0.627	0.325	0.132
567	0.0142	0.627	0.325	0.132
568	0.0141	0.627	0.325	0.132
569	0.0142	0.626	0.325	0.132
570	0.0142	0.627	0.325	0.132
571	0.0138	0.627	0.325	0.132
572	0.0141	0.627	0.324	0.132
573	0.0143	0.626	0.325	0.132
574	0.0142	0.626	0.325	0.132
575	0.0145	0.626	0.324	0.132
576	0.0142	0.626	0.325	0.132
577	0.0143	0.626	0.325	0.132
578	0.0144	0.626	0.325	0.132
579	0.0142	0.626	0.325	0.132
580	0.0145	0.626	0.325	0.132
581	0.0146	0.626	0.325	0.132
582	0.0142	0.626	0.325	0.132
583	0.014	0.626	0.325	0.132
584	0.0143	0.626	0.325	0.132
585	0.0144	0.626	0.324	0.132
586	0.014	0.626	0.325	0.132
587	0.0141	0.626	0.325	0.132
588	0.014	0.626	0.325	0.132
589	0.0141	0.626	0.324	0.132
590	0.0141	0.626	0.325	0.132
591	0.0142	0.626	0.325	0.132
592	0.0139	0.626	0.325	0.132
593	0.0141	0.626	0.324	0.132
594	0.0138	0.626	0.325	0.132
595	0.0139	0.625	0.324	0.132
596	0.0139	0.625	0.325	0.132
597	0.0138	0.626	0.325	0.132
598	0.0137	0.626	0.325	0.131
599	0.0144	0.626	0.325	0.132
600	0.0143	0.625	0.325	0.131
601	0.0139	0.626	0.325	0.132
602	0.0139	0.626	0.324	0.132
603	0.014	0.625	0.324	0.132
604	0.0142	0.626	0.324	0.131
605	0.0141	0.626	0.324	0.131
606	0.0142	0.626	0.325	0.131
607	0.0138	0.626	0.325	0.132
608	0.0142	0.625	0.325	0.132
609	0.0143	0.626	0.325	0.132
610	0.0141	0.626	0.325	0.132
611	0.0138	0.626	0.324	0.132
612	0.0139	0.626	0.325	0.132
613	0.0139	0.626	0.325	0.132
614	0.0138	0.625	0.325	0.132
615	0.0135	0.625	0.325	0.131
616	0.0136	0.626	0.324	0.132
617	0.0141	0.626	0.324	0.132
618	0.0138	0.626	0.325	0.132
619	0.0139	0.626	0.325	0.131
620	0.0138	0.626	0.324	0.132
621	0.0135	0.626	0.324	0.131
622	0.0139	0.625	0.325	0.132
623	0.0143	0.625	0.325	0.131
624	0.0142	0.625	0.325	0.131
625	0.0142	0.625	0.325	0.131
626	0.0144	0.625	0.325	0.131
627	0.0143	0.625	0.325	0.131
628	0.0145	0.625	0.325	0.131
629	0.0144	0.625	0.324	0.131
630	0.0143	0.625	0.325	0.131
631	0.0145	0.624	0.325	0.131
632	0.014	0.625	0.325	0.131
633	0.014	0.624	0.325	0.131
634	0.0143	0.625	0.325	0.131
635	0.0142	0.625	0.325	0.131
636	0.0141	0.625	0.325	0.131
637	0.0142	0.625	0.324	0.131
638	0.0143	0.625	0.325	0.131
639	0.0143	0.625	0.325	0.131
640	0.0141	0.625	0.325	0.131
641	0.0139	0.625	0.325	0.131
642	0.0138	0.625	0.325	0.131
643	0.0137	0.625	0.325	0.131
644	0.0138	0.625	0.325	0.131
645	0.014	0.624	0.325	0.131
646	0.0136	0.625	0.325	0.131
647	0.0137	0.625	0.325	0.131
648	0.0134	0.624	0.325	0.131
649	0.0136	0.624	0.325	0.131
650	0.0137	0.625	0.325	0.131
651	0.0137	0.623	0.325	0.131
652	0.0138	0.624	0.325	0.131
653	0.0141	0.624	0.325	0.131
654	0.0139	0.624	0.325	0.131
655	0.0137	0.624	0.324	0.131
656	0.0133	0.624	0.325	0.131
657	0.0135	0.624	0.325	0.131
658	0.0137	0.624	0.325	0.131
659	0.0134	0.624	0.325	0.131
660	0.0137	0.624	0.325	0.131
661	0.0138	0.625	0.324	0.131
662	0.0141	0.624	0.324	0.131
663	0.0138	0.624	0.324	0.131
664	0.0141	0.624	0.324	0.131
665	0.014	0.625	0.324	0.131
666	0.0132	0.624	0.325	0.131
667	0.0132	0.624	0.325	0.131
668	0.0136	0.624	0.325	0.13
669	0.014	0.624	0.324	0.131
670	0.0142	0.624	0.325	0.131
671	0.014	0.624	0.325	0.131
672	0.014	0.623	0.325	0.13
673	0.0139	0.624	0.325	0.13
674	0.0137	0.624	0.325	0.13
675	0.0134	0.624	0.325	0.131
676	0.0132	0.623	0.325	0.131
677	0.0136	0.624	0.325	0.131
678	0.0137	0.624	0.325	0.131
679	0.0137	0.623	0.325	0.13
680	0.0136	0.623	0.325	0.13
681	0.0139	0.624	0.325	0.131
682	0.0138	0.624	0.325	0.131
683	0.0137	0.624	0.325	0.131
684	0.0136	0.624	0.325	0.131
685	0.0136	0.624	0.325	0.131
686	0.0133	0.624	0.325	0.131
687	0.0134	0.624	0.325	0.131
688	0.0134	0.624	0.325	0.131
689	0.0134	0.623	0.325	0.131
690	0.0135	0.623	0.325	0.131
691	0.0136	0.623	0.325	0.13
692	0.0136	0.623	0.325	0.131
693	0.0134	0.623	0.325	0.13
694	0.0133	0.623	0.325	0.131
695	0.0136	0.623	0.325	0.13
696	0.0134	0.623	0.325	0.13
697	0.0135	0.623	0.325	0.13
698	0.0135	0.623	0.325	0.13
699	0.0132	0.623	0.324	0.13
700	0.0138	0.623	0.324	0.13
701	0.0133	0.623	0.325	0.13
702	0.0133	0.623	0.325	0.13
703	0.0133	0.623	0.325	0.13
704	0.0135	0.623	0.325	0.13
705	0.0131	0.623	0.325	0.13
706	0.0132	0.623	0.325	0.13
707	0.013	0.623	0.325	0.13
708	0.0128	0.623	0.325	0.13
709	0.0128	0.623	0.325	0.13
710	0.013	0.623	0.325	0.13
711	0.0129	0.623	0.325	0.13
712	0.0127	0.623	0.325	0.13
713	0.0129	0.623	0.325	0.13
714	0.0132	0.622	0.325	0.13
715	0.0129	0.623	0.325	0.13
716	0.0132	0.623	0.325	0.13
717	0.013	0.622	0.325	0.13
718	0.0131	0.623	0.325	0.13
719	0.0132	0.623	0.325	0.13
720	0.0132	0.622	0.325	0.13
721	0.0132	0.622	0.325	0.13
722	0.0128	0.623	0.325	0.13
723	0.013	0.622	0.326	0.13
724	0.0131	0.622	0.325	0.13
725	0.0132	0.622	0.325	0.13
726	0.013	0.622	0.325	0.13
727	0.0133	0.622	0.325	0.13
728	0.0132	0.622	0.325	0.13
729	0.0131	0.622	0.325	0.13
730	0.0131	0.622	0.325	0.13
731	0.0131	0.622	0.325	0.13
732	0.0131	0.622	0.325	0.13
733	0.0133	0.622	0.325	0.13
734	0.0132	0.622	0.325	0.13
735	0.0135	0.622	0.325	0.13
736	0.0136	0.622	0.325	0.13
737	0.0132	0.622	0.325	0.13
738	0.0132	0.622	0.325	0.13
739	0.013	0.622	0.325	0.13
740	0.013	0.622	0.325	0.13
741	0.0132	0.622	0.325	0.13
742	0.0129	0.622	0.325	0.13
743	0.0129	0.622	0.325	0.13
744	0.0129	0.622	0.324	0.13
745	0.013	0.622	0.325	0.13
746	0.013	0.622	0.325	0.13
747	0.0128	0.622	0.324	0.13
748	0.013	0.622	0.325	0.13
749	0.0131	0.621	0.325	0.13
750	0.0129	0.622	0.325	0.13
751	0.013	0.622	0.324	0.13
752	0.0131	0.622	0.324	0.13
753	0.0134	0.622	0.325	0.13
754	0.0129	0.622	0.325	0.13
755	0.0129	0.622	0.325	0.13
756	0.0128	0.621	0.325	0.13
757	0.0126	0.622	0.325	0.13
758	0.0123	0.622	0.325	0.13
759	0.0125	0.621	0.325	0.13
760	0.0126	0.622	0.325	0.13
761	0.0129	0.622	0.325	0.13
762	0.0128	0.622	0.325	0.13
763	0.0126	0.622	0.325	0.13
764	0.0129	0.622	0.325	0.13
765	0.0127	0.622	0.325	0.13
766	0.0128	0.622	0.325	0.13
767	0.0127	0.622	0.325	0.13
768	0.0126	0.622	0.324	0.13
769	0.0127	0.622	0.325	0.13
770	0.0128	0.622	0.325	0.13
771	0.0126	0.621	0.325	0.129
772	0.0129	0.622	0.325	0.13
773	0.0128	0.621	0.325	0.129
774	0.0128	0.621	0.325	0.13
775	0.013	0.622	0.325	0.13
776	0.013	0.621	0.325	0.13
777	0.0127	0.621	0.325	0.13
778	0.0127	0.621	0.325	0.13
779	0.0126	0.621	0.325	0.129
780	0.0129	0.621	0.325	0.13
781	0.0125	0.621	0.325	0.13
782	0.0127	0.622	0.324	0.13
783	0.0127	0.621	0.325	0.13
784	0.0122	0.622	0.325	0.13
785	0.012	0.621	0.324	0.13
786	0.012	0.621	0.325	0.129
787	0.012	0.622	0.324	0.129
788	0.0119	0.622	0.324	0.129
789	0.0121	0.621	0.325	0.129
790	0.012	0.621	0.324	0.129
791	0.012	0.622	0.325	0.129
792	0.0119	0.621	0.325	0.129
793	0.0122	0.621	0.325	0.129
794	0.0118	0.621	0.325	0.129
795	0.0122	0.621	0.325	0.129
796	0.0121	0.621	0.324	0.129
797	0.0123	0.621	0.325	0.129
798	0.0117	0.621	0.324	0.129
799	0.0118	0.621	0.324	0.129
800	0.0117	0.621	0.325	0.129
801	0.0117	0.621	0.324	0.129
802	0.0121	0.621	0.324	0.129
803	0.0122	0.621	0.325	0.129
804	0.012	0.621	0.324	0.129
805	0.0122	0.621	0.325	0.129
806	0.0118	0.621	0.325	0.129
807	0.0116	0.621	0.325	0.129
808	0.0114	0.621	0.325	0.129
809	0.0117	0.621	0.325	0.129
810	0.0118	0.621	0.325	0.129
811	0.012	0.621	0.325	0.129
812	0.0117	0.62	0.325	0.129
813	0.0118	0.62	0.325	0.129
814	0.0119	0.62	0.325	0.129
815	0.0119	0.621	0.324	0.129
816	0.0118	0.621	0.325	0.129
817	0.0118	0.621	0.324	0.129
818	0.0115	0.62	0.325	0.129
819	0.0117	0.621	0.324	0.129
820	0.0118	0.621	0.324	0.129
821	0.0115	0.621	0.325	0.129
822	0.0116	0.62	0.325	0.129
823	0.0115	0.621	0.325	0.129
824	0.0116	0.62	0.325	0.129
825	0.0116	0.62	0.325	0.129
826	0.0114	0.621	0.325	0.129
827	0.0115	0.62	0.325	0.129
828	0.0115	0.62	0.325	0.129
829	0.0118	0.62	0.325	0.129
830	0.0116	0.62	0.325	0.129
831	0.0116	0.62	0.325	0.129
832	0.0121	0.62	0.325	0.129
833	0.0119	0.62	0.325	0.129
834	0.0113	0.62	0.325	0.129
835	0.0114	0.62	0.325	0.129
836	0.0115	0.62	0.325	0.129
837	0.0119	0.62	0.325	0.129
838	0.0119	0.62	0.325	0.129
839	0.0116	0.62	0.325	0.129
840	0.0118	0.62	0.325	0.129
841	0.0118	0.62	0.325	0.129
842	0.0116	0.62	0.325	0.129
843	0.0114	0.62	0.325	0.129
844	0.0115	0.62	0.325	0.129
845	0.0117	0.62	0.325	0.129
846	0.0116	0.62	0.325	0.129
847	0.011	0.62	0.325	0.129
848	0.0115	0.62	0.325	0.129
849	0.0115	0.619	0.325	0.129
850	0.0116	0.62	0.325	0.129
851	0.0116	0.62	0.325	0.129
852	0.0115	0.62	0.325	0.129
853	0.0119	0.62	0.325	0.129
854	0.0119	0.619	0.325	0.129
855	0.0119	0.619	0.325	0.129
856	0.0118	0.62	0.325	0.129
857	0.0115	0.619	0.325	0.129
858	0.0116	0.619	0.325	0.129
859	0.0119	0.619	0.325	0.129
860	0.0118	0.619	0.325	0.129
861	0.0118	0.619	0.325	0.129
862	0.0119	0.619	0.325	0.129
863	0.012	0.619	0.325	0.129
864	0.0119	0.62	0.325	0.129
865	0.0122	0.619	0.325	0.129
866	0.012	0.62	0.325	0.128
867	0.0122	0.619	0.325	0.128
868	0.0122	0.619	0.325	0.129
869	0.0119	0.619	0.325	0.128
870	0.012	0.619	0.325	0.129
871	0.0118	0.619	0.325	0.129
872	0.0116	0.619	0.325	0.129
873	0.0119	0.618	0.325	0.128
874	0.0118	0.619	0.325	0.129
875	0.0115	0.619	0.325	0.129
876	0.0118	0.619	0.325	0.128
877	0.0119	0.619	0.325	0.128
878	0.0118	0.619	0.325	0.128
879	0.0116	0.619	0.325	0.128
880	0.012	0.619	0.325	0.128
881	0.0121	0.619	0.325	0.129
882	0.012	0.619	0.325	0.129
883	0.0119	0.619	0.325	0.128
884	0.012	0.619	0.324	0.128
885	0.012	0.619	0.325	0.128
886	0.0122	0.619	0.325	0.129
887	0.0121	0.619	0.325	0.128
888	0.0118	0.619	0.325	0.128
889	0.0116	0.619	0.325	0.128
890	0.0116	0.619	0.325	0.128
891	0.0117	0.619	0.325	0.128
892	0.0118	0.619	0.325	0.128
893	0.0118	0.619	0.325	0.128
894	0.0117	0.619	0.325	0.128
895	0.0114	0.619	0.325	0.129
896	0.0118	0.619	0.325	0.129
897	0.0115	0.619	0.325	0.128
898	0.0117	0.618	0.325	0.128
899	0.0117	0.619	0.325	0.128
900	0.0114	0.619	0.325	0.128
901	0.0115	0.619	0.325	0.128
902	0.0115	0.619	0.325	0.128
903	0.0114	0.619	0.325	0.128
904	0.0117	0.618	0.325	0.128
905	0.0112	0.618	0.325	0.128
906	0.011	0.619	0.325	0.128
907	0.0115	0.618	0.325	0.128
908	0.0113	0.618	0.325	0.128
909	0.0113	0.618	0.325	0.128
910	0.0112	0.618	0.325	0.128
911	0.0116	0.618	0.325	0.128
912	0.0112	0.618	0.325	0.128
913	0.0114	0.618	0.325	0.128
914	0.0111	0.619	0.325	0.128
915	0.0112	0.618	0.325	0.128
916	0.0112	0.618	0.325	0.128
917	0.0109	0.618	0.325	0.128
918	0.0116	0.618	0.325	0.128
919	0.0113	0.619	0.325	0.128
920	0.0112	0.618	0.326	0.128
921	0.0111	0.618	0.326	0.128
922	0.0115	0.618	0.325	0.128
923	0.0113	0.618	0.325	0.128
924	0.0112	0.618	0.325	0.128
925	0.011	0.618	0.326	0.128
926	0.0109	0.618	0.325	0.128
927	0.0108	0.618	0.325	0.128
928	0.0109	0.618	0.325	0.128
929	0.0112	0.618	0.325	0.128
930	0.0112	0.618	0.325	0.128
931	0.0113	0.618	0.326	0.128
932	0.0111	0.617	0.326	0.128
933	0.011	0.617	0.326	0.128
934	0.0111	0.618	0.325	0.128
935	0.0108	0.618	0.325	0.128
936	0.011	0.618	0.325	0.128
937	0.011	0.618	0.325	0.128
938	0.0108	0.618	0.325	0.128
939	0.011	0.617	0.325	0.128
940	0.0109	0.618	0.326	0.128
941	0.0109	0.618	0.326	0.128
942	0.0109	0.617	0.325	0.128
943	0.0109	0.617	0.325	0.128
944	0.0108	0.617	0.325	0.128
945	0.0106	0.618	0.325	0.128
946	0.0106	0.617	0.325	0.128
947	0.0106	0.618	0.325	0.128
948	0.0106	0.618	0.325	0.128
949	0.0107	0.618	0.326	0.128
950	0.0105	0.618	0.325	0.128
951	0.0105	0.617	0.325	0.128
952	0.0108	0.617	0.326	0.127
953	0.0108	0.617	0.325	0.128
954	0.0106	0.617	0.326	0.127
955	0.011	0.617	0.326	0.128
956	0.0108	0.617	0.325	0.128
957	0.0106	0.617	0.325	0.127
958	0.0106	0.617	0.325	0.128
959	0.011	0.617	0.325	0.128
960	0.0108	0.617	0.326	0.128
961	0.0109	0.617	0.326	0.128
962	0.0107	0.617	0.325	0.127
963	0.0107	0.617	0.326	0.128
964	0.0109	0.617	0.325	0.128
965	0.0103	0.617	0.325	0.128
966	0.0104	0.618	0.325	0.128
967	0.0109	0.617	0.326	0.128
968	0.0107	0.617	0.325	0.127
969	0.0104	0.618	0.325	0.128
970	0.0105	0.617	0.325	0.127
971	0.0107	0.617	0.326	0.128
972	0.0109	0.617	0.325	0.128
973	0.0107	0.617	0.325	0.127
974	0.0107	0.617	0.325	0.127
975	0.0107	0.614	0.328	0.127
976	0.011	0.612	0.33	0.127
977	0.0105	0.614	0.33	0.127
978	0.0108	0.614	0.329	0.128
979	0.011	0.614	0.328	0.128
980	0.0111	0.614	0.328	0.127
981	0.011	0.614	0.328	0.127
982	0.0109	0.615	0.328	0.127
983	0.0108	0.614	0.328	0.128
984	0.0111	0.615	0.327	0.128
985	0.0112	0.615	0.327	0.128
986	0.011	0.615	0.327	0.128
987	0.0109	0.615	0.327	0.128
988	0.011	0.615	0.327	0.128
989	0.0109	0.615	0.327	0.127
990	0.0108	0.615	0.327	0.128
991	0.0108	0.615	0.327	0.128
992	0.0109	0.615	0.327	0.127
993	0.0108	0.615	0.327	0.127
994	0.0107	0.615	0.327	0.127
995	0.0108	0.615	0.327	0.127
996	0.0106	0.615	0.327	0.128
997	0.0105	0.615	0.327	0.127
998	0.0104	0.615	0.326	0.127
999	0.0106	0.615	0.327	0.127
1000	0.0108	0.615	0.327	0.127
1001	0.0108	0.615	0.326	0.127
1002	0.0109	0.616	0.326	0.127
1003	0.0108	0.615	0.327	0.127
1004	0.0108	0.615	0.327	0.127
1005	0.011	0.615	0.327	0.127
1006	0.0109	0.615	0.327	0.127
1007	0.0105	0.615	0.327	0.127
1008	0.0105	0.616	0.326	0.128
1009	0.0108	0.615	0.327	0.128
1010	0.0105	0.615	0.326	0.127
1011	0.0108	0.616	0.326	0.127
1012	0.0108	0.616	0.326	0.127
1013	0.0107	0.616	0.326	0.127
1014	0.0106	0.616	0.326	0.127
1015	0.0107	0.616	0.326	0.127
1016	0.0106	0.616	0.326	0.127
1017	0.0104	0.616	0.326	0.127
1018	0.0108	0.616	0.326	0.128
1019	0.0105	0.615	0.326	0.127
1020	0.0106	0.616	0.326	0.127
1021	0.0107	0.615	0.326	0.127
1022	0.0105	0.615	0.326	0.127
1023	0.0105	0.615	0.326	0.127
1024	0.0105	0.615	0.326	0.127
1025	0.0107	0.615	0.326	0.127
1026	0.0105	0.615	0.326	0.127
1027	0.0105	0.615	0.326	0.127
1028	0.0101	0.615	0.327	0.127
1029	0.0101	0.616	0.326	0.127
1030	0.01	0.616	0.326	0.127
1031	0.01	0.615	0.326	0.127
1032	0.0102	0.616	0.326	0.127
1033	0.0102	0.615	0.326	0.127
1034	0.0101	0.616	0.326	0.127
1035	0.0103	0.615	0.326	0.127
1036	0.0101	0.615	0.326	0.127
1037	0.01	0.615	0.326	0.127
1038	0.0104	0.615	0.326	0.127
1039	0.0103	0.615	0.326	0.127
1040	0.00997	0.615	0.326	0.127
1041	0.00964	0.615	0.327	0.127
1042	0.00994	0.615	0.326	0.127
1043	0.00991	0.615	0.326	0.127
1044	0.0101	0.615	0.326	0.127
1045	0.0103	0.615	0.326	0.127
1046	0.0101	0.615	0.326	0.127
1047	0.00987	0.615	0.327	0.127
1048	0.00991	0.615	0.326	0.127
1049	0.00991	0.615	0.327	0.127
1050	0.0101	0.615	0.326	0.127
1051	0.0101	0.615	0.327	0.127
1052	0.00986	0.615	0.326	0.127
1053	0.00993	0.615	0.326	0.127
1054	0.00987	0.615	0.326	0.127
1055	0.0101	0.615	0.326	0.127
1056	0.0101	0.615	0.326	0.127
1057	0.0101	0.615	0.326	0.127
1058	0.0103	0.615	0.326	0.127
1059	0.01	0.615	0.326	0.127
1060	0.00986	0.615	0.326	0.127
1061	0.00998	0.615	0.326	0.127
1062	0.00983	0.615	0.326	0.127
1063	0.00979	0.615	0.327	0.127
1064	0.01	0.614	0.326	0.126
1065	0.00996	0.615	0.326	0.126
1066	0.0101	0.615	0.326	0.127
1067	0.0099	0.615	0.326	0.126
1068	0.00989	0.615	0.326	0.126
1069	0.00986	0.615	0.326	0.127
1070	0.00975	0.615	0.326	0.126
1071	0.0101	0.615	0.326	0.126
1072	0.0101	0.614	0.326	0.126
1073	0.00995	0.615	0.326	0.127
1074	0.0101	0.614	0.326	0.126
1075	0.00991	0.614	0.326	0.126
1076	0.00977	0.615	0.326	0.126
1077	0.00964	0.615	0.326	0.126
1078	0.0099	0.615	0.326	0.127
1079	0.00998	0.614	0.326	0.126
1080	0.0097	0.615	0.326	0.126
1081	0.00981	0.615	0.326	0.127
1082	0.0101	0.614	0.326	0.126
1083	0.01	0.614	0.327	0.127
1084	0.00993	0.614	0.326	0.126
1085	0.0102	0.614	0.326	0.126
1086	0.00982	0.614	0.326	0.126
1087	0.01	0.614	0.326	0.126
1088	0.00981	0.614	0.326	0.126
1089	0.00989	0.615	0.326	0.127
1090	0.0103	0.614	0.327	0.126
1091	0.0104	0.614	0.326	0.126
1092	0.0102	0.614	0.326	0.126
1093	0.0102	0.614	0.326	0.126
1094	0.0102	0.614	0.326	0.126
1095	0.0101	0.614	0.326	0.126
1096	0.0102	0.615	0.326	0.126
1097	0.0101	0.614	0.326	0.126
1098	0.0101	0.614	0.326	0.126
1099	0.00984	0.614	0.326	0.126
1100	0.00993	0.614	0.326	0.126
1101	0.00979	0.615	0.326	0.126
1102	0.00996	0.614	0.326	0.126
1103	0.00993	0.614	0.326	0.126
1104	0.00973	0.614	0.326	0.126
1105	0.00982	0.614	0.326	0.126
1106	0.00988	0.614	0.326	0.126
1107	0.00963	0.614	0.326	0.126
1108	0.00957	0.614	0.326	0.126
1109	0.00955	0.615	0.326	0.126
1110	0.00931	0.614	0.326	0.126
1111	0.0097	0.615	0.325	0.126
1112	0.00951	0.614	0.326	0.126
1113	0.00967	0.614	0.326	0.126
1114	0.00949	0.614	0.326	0.126
1115	0.00958	0.614	0.326	0.126
1116	0.00941	0.614	0.326	0.126
1117	0.00937	0.614	0.326	0.126
1118	0.00922	0.614	0.326	0.126
1119	0.0093	0.614	0.325	0.126
1120	0.00946	0.615	0.326	0.126
1121	0.00945	0.614	0.326	0.126
1122	0.00934	0.614	0.326	0.126
1123	0.00952	0.614	0.326	0.126
1124	0.00936	0.614	0.326	0.126
1125	0.00913	0.614	0.325	0.126
1126	0.00955	0.614	0.326	0.126
1127	0.00939	0.614	0.326	0.126
1128	0.00938	0.614	0.326	0.126
1129	0.00943	0.614	0.326	0.126
1130	0.00954	0.614	0.326	0.126
1131	0.00958	0.614	0.326	0.126
1132	0.00986	0.614	0.326	0.126
1133	0.00969	0.614	0.326	0.126
1134	0.00981	0.614	0.326	0.126
1135	0.00942	0.614	0.326	0.126
1136	0.00952	0.612	0.328	0.126
1137	0.0097	0.61	0.329	0.126
1138	0.00973	0.611	0.329	0.126
1139	0.00979	0.611	0.329	0.126
1140	0.00956	0.611	0.328	0.126
1141	0.00953	0.612	0.328	0.126
1142	0.00953	0.611	0.328	0.126
1143	0.0092	0.612	0.328	0.126
1144	0.00918	0.612	0.328	0.126
1145	0.00903	0.612	0.328	0.126
1146	0.00899	0.612	0.328	0.126
1147	0.00893	0.612	0.328	0.126
1148	0.00907	0.612	0.328	0.126
1149	0.00926	0.612	0.328	0.126
1150	0.00938	0.612	0.328	0.126
1151	0.00931	0.612	0.328	0.126
1152	0.00931	0.612	0.328	0.126
1153	0.00916	0.612	0.327	0.126
1154	0.0094	0.612	0.327	0.126
1155	0.00916	0.613	0.327	0.126
1156	0.00953	0.612	0.328	0.126
1157	0.00936	0.612	0.327	0.126
1158	0.00937	0.612	0.328	0.126
1159	0.00926	0.612	0.327	0.126
1160	0.00924	0.612	0.327	0.126
1161	0.0095	0.612	0.327	0.126
1162	0.00948	0.612	0.327	0.125
1163	0.00928	0.612	0.327	0.125
1164	0.00946	0.612	0.327	0.126
1165	0.0092	0.612	0.327	0.126
1166	0.00935	0.612	0.327	0.125
1167	0.00935	0.612	0.327	0.125
1168	0.00919	0.612	0.327	0.125
1169	0.00935	0.612	0.327	0.125
1170	0.00946	0.612	0.327	0.125
1171	0.00942	0.612	0.327	0.125
1172	0.00941	0.612	0.327	0.125
1173	0.00951	0.612	0.327	0.125
1174	0.00972	0.612	0.327	0.125
1175	0.00932	0.612	0.327	0.125
1176	0.00952	0.613	0.327	0.125
1177	0.00975	0.612	0.327	0.125
1178	0.00931	0.613	0.327	0.125
1179	0.00932	0.612	0.327	0.125
1180	0.00933	0.612	0.327	0.125
1181	0.00905	0.613	0.327	0.125
1182	0.00924	0.612	0.326	0.125
1183	0.0092	0.612	0.327	0.125
1184	0.00893	0.612	0.327	0.125
1185	0.00882	0.612	0.327	0.125
1186	0.00919	0.612	0.327	0.125
1187	0.00939	0.612	0.327	0.125
1188	0.00893	0.612	0.327	0.125
1189	0.00927	0.612	0.327	0.125
1190	0.00905	0.612	0.327	0.125
1191	0.00916	0.612	0.327	0.125
1192	0.0092	0.612	0.327	0.125
1193	0.00944	0.612	0.327	0.125
1194	0.00941	0.612	0.327	0.125
1195	0.00956	0.612	0.327	0.125
1196	0.00954	0.612	0.327	0.125
1197	0.00953	0.612	0.327	0.125
1198	0.00969	0.612	0.326	0.125
1199	0.00964	0.612	0.327	0.125
1200	0.00954	0.612	0.327	0.125
1201	0.00942	0.612	0.327	0.125
1202	0.00932	0.612	0.327	0.125
1203	0.00936	0.613	0.326	0.125
1204	0.00939	0.612	0.327	0.125
1205	0.00955	0.612	0.326	0.125
1206	0.00929	0.612	0.326	0.125
1207	0.00941	0.612	0.326	0.125
1208	0.00916	0.612	0.326	0.125
1209	0.00911	0.612	0.326	0.125
1210	0.00922	0.612	0.326	0.125
1211	0.009	0.612	0.326	0.125
1212	0.00929	0.612	0.326	0.125
1213	0.00958	0.612	0.326	0.125
1214	0.00948	0.612	0.327	0.125
1215	0.00958	0.612	0.327	0.124
1216	0.00956	0.612	0.327	0.124
1217	0.00953	0.612	0.326	0.125
1218	0.00916	0.612	0.327	0.125
1219	0.00902	0.612	0.326	0.125
1220	0.00926	0.612	0.326	0.125
1221	0.00894	0.613	0.326	0.125
1222	0.00914	0.612	0.326	0.125
1223	0.00917	0.612	0.326	0.125
1224	0.00901	0.612	0.326	0.125
1225	0.00898	0.612	0.326	0.125
1226	0.00907	0.612	0.326	0.125
1227	0.00872	0.612	0.326	0.124
1228	0.00891	0.612	0.326	0.124
1229	0.00872	0.612	0.326	0.124
1230	0.00894	0.612	0.327	0.125
1231	0.00898	0.612	0.326	0.125
1232	0.00919	0.612	0.326	0.124
1233	0.00907	0.612	0.326	0.124
1234	0.00914	0.612	0.326	0.124
1235	0.00879	0.612	0.326	0.124
1236	0.00877	0.612	0.326	0.124
1237	0.00869	0.612	0.326	0.124
1238	0.0088	0.612	0.326	0.124
1239	0.00894	0.612	0.326	0.125
1240	0.00886	0.612	0.326	0.125
1241	0.00891	0.612	0.326	0.124
1242	0.00893	0.612	0.326	0.124
1243	0.00907	0.612	0.326	0.124
1244	0.00885	0.612	0.326	0.124
1245	0.00882	0.612	0.326	0.124
1246	0.0087	0.612	0.326	0.124
1247	0.00871	0.612	0.326	0.124
1248	0.00898	0.612	0.326	0.124
1249	0.00894	0.612	0.326	0.124
1250	0.00891	0.611	0.327	0.124
1251	0.00883	0.612	0.327	0.124
1252	0.00886	0.612	0.326	0.124
1253	0.00874	0.612	0.326	0.124
1254	0.00865	0.612	0.327	0.124
1255	0.00862	0.611	0.326	0.124
1256	0.00863	0.611	0.326	0.124
1257	0.00866	0.611	0.326	0.124
1258	0.00884	0.611	0.326	0.124
1259	0.00887	0.611	0.326	0.124
1260	0.00885	0.612	0.326	0.124
1261	0.00898	0.612	0.326	0.124
1262	0.00883	0.612	0.326	0.124
1263	0.00883	0.612	0.326	0.124
1264	0.00907	0.611	0.326	0.124
1265	0.00905	0.612	0.327	0.124
1266	0.00901	0.612	0.326	0.124
1267	0.00914	0.611	0.326	0.124
1268	0.00932	0.611	0.326	0.124
1269	0.00915	0.611	0.327	0.124
1270	0.00934	0.611	0.326	0.124
1271	0.00928	0.611	0.327	0.124
1272	0.00908	0.609	0.329	0.124
1273	0.00933	0.608	0.33	0.124
1274	0.00905	0.608	0.33	0.124
1275	0.0092	0.609	0.329	0.124
1276	0.00896	0.609	0.329	0.124
1277	0.00889	0.608	0.33	0.124
1278	0.00885	0.609	0.329	0.124
1279	0.00898	0.609	0.329	0.124
1280	0.00901	0.609	0.329	0.124
1281	0.00869	0.61	0.328	0.124
1282	0.00878	0.609	0.328	0.124
1283	0.00875	0.61	0.328	0.124
1284	0.00871	0.61	0.329	0.124
1285	0.00876	0.609	0.328	0.124
1286	0.00886	0.609	0.328	0.124
1287	0.00879	0.61	0.328	0.124
1288	0.00887	0.61	0.328	0.124
1289	0.00888	0.61	0.328	0.124
1290	0.00892	0.61	0.328	0.124
1291	0.00922	0.61	0.328	0.124
1292	0.00912	0.609	0.328	0.124
1293	0.00911	0.61	0.328	0.124
1294	0.00913	0.61	0.328	0.124
1295	0.00895	0.61	0.327	0.124
1296	0.00901	0.61	0.328	0.124
1297	0.00885	0.61	0.327	0.124
1298	0.00884	0.61	0.328	0.123
1299	0.00881	0.61	0.327	0.124
1300	0.00866	0.61	0.328	0.124
1301	0.00882	0.61	0.327	0.124
1302	0.00885	0.61	0.327	0.124
1303	0.00883	0.61	0.327	0.123
1304	0.00883	0.61	0.327	0.123
1305	0.00869	0.61	0.327	0.123
1306	0.00876	0.61	0.327	0.124
1307	0.00878	0.61	0.327	0.124
1308	0.00872	0.61	0.327	0.123
1309	0.00902	0.61	0.327	0.124
1310	0.00918	0.61	0.327	0.123
1311	0.00908	0.61	0.327	0.124
1312	0.00899	0.61	0.327	0.123
1313	0.00901	0.61	0.327	0.124
1314	0.00886	0.61	0.327	0.123
1315	0.00876	0.61	0.327	0.124
1316	0.00858	0.61	0.327	0.124
1317	0.00879	0.61	0.327	0.124
1318	0.00864	0.61	0.327	0.124
1319	0.00849	0.61	0.327	0.123
1320	0.00838	0.61	0.327	0.123
1321	0.00857	0.61	0.327	0.124
1322	0.00875	0.61	0.327	0.123
1323	0.00867	0.61	0.327	0.123
1324	0.00859	0.61	0.327	0.123
1325	0.00889	0.61	0.327	0.123
1326	0.00876	0.61	0.327	0.123
1327	0.00883	0.61	0.327	0.123
1328	0.00875	0.61	0.327	0.123
1329	0.00841	0.61	0.327	0.123
1330	0.00842	0.61	0.327	0.123
1331	0.00839	0.61	0.327	0.123
1332	0.00871	0.61	0.327	0.123
1333	0.00877	0.61	0.327	0.123
1334	0.0086	0.61	0.327	0.123
1335	0.00865	0.61	0.327	0.123
1336	0.00841	0.61	0.327	0.123
1337	0.00855	0.609	0.327	0.123
1338	0.00849	0.61	0.327	0.123
1339	0.00863	0.609	0.327	0.123
1340	0.0086	0.609	0.327	0.123
1341	0.0087	0.61	0.327	0.123
1342	0.00898	0.609	0.327	0.123
1343	0.00879	0.61	0.327	0.123
1344	0.00877	0.61	0.327	0.123
1345	0.00874	0.609	0.327	0.123
1346	0.00869	0.61	0.327	0.123
1347	0.00862	0.61	0.327	0.123
1348	0.0088	0.61	0.327	0.123
1349	0.00875	0.609	0.327	0.123
1350	0.00859	0.609	0.327	0.123
1351	0.00852	0.61	0.327	0.123
1352	0.00877	0.609	0.327	0.123
1353	0.00876	0.61	0.327	0.123
1354	0.00878	0.61	0.327	0.123
1355	0.00862	0.61	0.327	0.123
1356	0.00857	0.61	0.327	0.123
1357	0.00865	0.61	0.327	0.123
1358	0.00854	0.61	0.327	0.123
1359	0.00859	0.61	0.327	0.123
1360	0.00892	0.609	0.327	0.123
1361	0.00856	0.61	0.327	0.123
1362	0.0087	0.61	0.327	0.123
1363	0.00886	0.61	0.327	0.123
1364	0.00874	0.61	0.327	0.123
1365	0.00911	0.61	0.327	0.123
1366	0.00914	0.609	0.327	0.123
1367	0.00875	0.609	0.327	0.123
1368	0.00888	0.609	0.327	0.123
1369	0.00869	0.609	0.327	0.123
1370	0.00861	0.609	0.327	0.123
1371	0.00874	0.61	0.327	0.123
1372	0.00849	0.609	0.327	0.123
1373	0.00829	0.609	0.327	0.123
1374	0.00867	0.609	0.327	0.123
1375	0.00878	0.609	0.327	0.123
1376	0.00856	0.609	0.327	0.122
1377	0.00891	0.609	0.327	0.123
1378	0.00867	0.609	0.327	0.123
1379	0.00885	0.609	0.327	0.123
1380	0.00876	0.609	0.327	0.123
1381	0.00895	0.609	0.327	0.123
1382	0.0089	0.609	0.327	0.122
1383	0.00903	0.609	0.327	0.123
1384	0.00898	0.609	0.327	0.123
1385	0.009	0.609	0.327	0.123
1386	0.00914	0.61	0.327	0.123
1387	0.00888	0.609	0.327	0.122
1388	0.00877	0.609	0.327	0.122
1389	0.0087	0.609	0.327	0.122
1390	0.0085	0.61	0.327	0.123
1391	0.00845	0.609	0.327	0.122
1392	0.00859	0.609	0.327	0.122
1393	0.00863	0.609	0.327	0.122
1394	0.00881	0.609	0.327	0.122
1395	0.00854	0.609	0.327	0.122
1396	0.00883	0.609	0.327	0.122
1397	0.00869	0.609	0.327	0.122
1398	0.00859	0.609	0.327	0.122
1399	0.00862	0.609	0.327	0.122
1400	0.00866	0.609	0.327	0.122
1401	0.0087	0.609	0.327	0.122
1402	0.00858	0.609	0.327	0.122
1403	0.00858	0.61	0.327	0.123
1404	0.00885	0.609	0.327	0.123
1405	0.00871	0.609	0.327	0.122
1406	0.00869	0.61	0.327	0.122
1407	0.00878	0.61	0.327	0.122
1408	0.00881	0.609	0.327	0.122
1409	0.00902	0.609	0.327	0.122
1410	0.00883	0.609	0.327	0.122
1411	0.00888	0.61	0.326	0.122
1412	0.00899	0.609	0.326	0.122
1413	0.00912	0.609	0.327	0.122
1414	0.00883	0.609	0.327	0.122
1415	0.00863	0.609	0.327	0.122
1416	0.00869	0.609	0.326	0.122
1417	0.00884	0.609	0.327	0.122
1418	0.00881	0.609	0.327	0.122
1419	0.00859	0.609	0.327	0.122
1420	0.00868	0.609	0.326	0.122
1421	0.00868	0.61	0.326	0.122
1422	0.00885	0.61	0.326	0.122
1423	0.0088	0.609	0.326	0.122
1424	0.00867	0.609	0.327	0.122
1425	0.00875	0.609	0.327	0.122
1426	0.00859	0.609	0.326	0.122
1427	0.00853	0.609	0.326	0.122
1428	0.00834	0.609	0.327	0.122
1429	0.00849	0.609	0.327	0.122
1430	0.00868	0.609	0.326	0.122
1431	0.00891	0.609	0.327	0.122
1432	0.00878	0.609	0.327	0.122
1433	0.00851	0.609	0.327	0.122
1434	0.00855	0.609	0.326	0.122
1435	0.00841	0.609	0.326	0.122
1436	0.00847	0.609	0.327	0.122
1437	0.00835	0.609	0.327	0.122
1438	0.00865	0.609	0.326	0.122
1439	0.00869	0.609	0.327	0.122
1440	0.00862	0.609	0.327	0.122
1441	0.00856	0.609	0.326	0.122
1442	0.00867	0.609	0.327	0.122
1443	0.00852	0.609	0.327	0.122
1444	0.00849	0.609	0.327	0.122
1445	0.00844	0.609	0.327	0.122
1446	0.00847	0.607	0.329	0.122
1447	0.0085	0.605	0.33	0.122
1448	0.0086	0.606	0.33	0.121
1449	0.00859	0.606	0.329	0.122
1450	0.00859	0.607	0.329	0.122
1451	0.00854	0.607	0.329	0.122
1452	0.00862	0.607	0.329	0.122
1453	0.00881	0.607	0.329	0.122
1454	0.00852	0.607	0.328	0.122
1455	0.00866	0.607	0.328	0.122
1456	0.00857	0.607	0.328	0.122
1457	0.00838	0.607	0.328	0.122
1458	0.00867	0.607	0.328	0.122
1459	0.00842	0.608	0.328	0.122
1460	0.00835	0.608	0.328	0.122
1461	0.00832	0.607	0.328	0.122
1462	0.00852	0.607	0.328	0.122
1463	0.00862	0.607	0.328	0.122
1464	0.00856	0.607	0.328	0.122
1465	0.00863	0.607	0.328	0.122
1466	0.00863	0.607	0.328	0.122
1467	0.00879	0.607	0.328	0.122
1468	0.00876	0.607	0.328	0.121
1469	0.00892	0.607	0.328	0.121
1470	0.0088	0.607	0.328	0.121
1471	0.0087	0.607	0.328	0.121
1472	0.00879	0.608	0.328	0.122
1473	0.00874	0.607	0.328	0.121
1474	0.00871	0.607	0.328	0.121
1475	0.00854	0.608	0.327	0.121
1476	0.00856	0.608	0.327	0.122
1477	0.00861	0.607	0.328	0.121
1478	0.00857	0.607	0.327	0.121
1479	0.00833	0.607	0.327	0.121
1480	0.00825	0.608	0.327	0.122
1481	0.00838	0.607	0.327	0.121
1482	0.00847	0.608	0.327	0.121
1483	0.00846	0.608	0.327	0.122
1484	0.00832	0.608	0.327	0.121
1485	0.00864	0.607	0.327	0.121
1486	0.00877	0.607	0.328	0.121
1487	0.00857	0.608	0.327	0.121
1488	0.00858	0.608	0.327	0.121
1489	0.00874	0.608	0.327	0.121
1490	0.00873	0.608	0.327	0.121
1491	0.00878	0.608	0.327	0.121
1492	0.0085	0.608	0.327	0.121
1493	0.0087	0.608	0.327	0.121
1494	0.00862	0.608	0.327	0.121
1495	0.00872	0.608	0.327	0.121
1496	0.00876	0.608	0.327	0.121
1497	0.00844	0.608	0.327	0.121
1498	0.00861	0.608	0.327	0.121
1499	0.00862	0.607	0.327	0.121
1500	0.00852	0.608	0.327	0.121
1501	0.00874	0.608	0.327	0.121
1502	0.00889	0.608	0.327	0.121
1503	0.00856	0.608	0.327	0.121
1504	0.00864	0.608	0.327	0.121
1505	0.0086	0.608	0.326	0.121
1506	0.00885	0.608	0.327	0.121
1507	0.00891	0.608	0.327	0.121
1508	0.00866	0.608	0.327	0.121
1509	0.00877	0.608	0.327	0.121
1510	0.00889	0.608	0.327	0.121
1511	0.00892	0.608	0.327	0.121
1512	0.00862	0.608	0.327	0.121
1513	0.00866	0.608	0.327	0.121
1514	0.00866	0.608	0.327	0.121
1515	0.00874	0.607	0.327	0.121
1516	0.00883	0.608	0.327	0.121
1517	0.0088	0.607	0.327	0.121
1518	0.00892	0.608	0.327	0.121
1519	0.00877	0.608	0.327	0.121
1520	0.00866	0.608	0.327	0.121
1521	0.00883	0.608	0.327	0.121
1522	0.0088	0.608	0.327	0.121
1523	0.00876	0.608	0.327	0.121
1524	0.00866	0.608	0.327	0.121
1525	0.00873	0.607	0.327	0.121
1526	0.0089	0.607	0.327	0.121
1527	0.00874	0.608	0.327	0.121
1528	0.00874	0.607	0.327	0.121
1529	0.00866	0.607	0.327	0.121
1530	0.00822	0.608	0.327	0.121
1531	0.00844	0.607	0.327	0.121
1532	0.00861	0.607	0.327	0.121
1533	0.00838	0.608	0.327	0.121
1534	0.00868	0.607	0.327	0.121
1535	0.00888	0.607	0.327	0.121
1536	0.00879	0.607	0.327	0.121
1537	0.00871	0.607	0.327	0.121
1538	0.00869	0.608	0.327	0.121
1539	0.00851	0.607	0.327	0.12
1540	0.00846	0.607	0.327	0.121
1541	0.0087	0.608	0.327	0.121
1542	0.00847	0.608	0.326	0.121
1543	0.00857	0.608	0.326	0.121
1544	0.00854	0.607	0.327	0.121
1545	0.00865	0.607	0.327	0.121
1546	0.00861	0.607	0.327	0.12
1547	0.00855	0.607	0.327	0.12
1548	0.00852	0.607	0.326	0.12
1549	0.00857	0.608	0.327	0.121
1550	0.0086	0.607	0.327	0.121
1551	0.00864	0.607	0.327	0.12
1552	0.00865	0.607	0.327	0.12
1553	0.00879	0.607	0.327	0.12
1554	0.00883	0.608	0.326	0.121
1555	0.00881	0.608	0.326	0.12
1556	0.00879	0.607	0.327	0.12
1557	0.00859	0.608	0.327	0.12
1558	0.00858	0.607	0.327	0.12
1559	0.0085	0.607	0.327	0.12
1560	0.00846	0.607	0.326	0.12
1561	0.00835	0.607	0.327	0.12
1562	0.00848	0.607	0.327	0.12
1563	0.0085	0.607	0.326	0.12
1564	0.00851	0.607	0.326	0.12
1565	0.00863	0.607	0.326	0.12
1566	0.00835	0.607	0.326	0.12
1567	0.00839	0.607	0.327	0.12
1568	0.00864	0.607	0.327	0.12
1569	0.0085	0.607	0.326	0.12
1570	0.00857	0.607	0.327	0.12
1571	0.00833	0.607	0.326	0.12
1572	0.00835	0.607	0.327	0.12
1573	0.00806	0.607	0.326	0.12
1574	0.00839	0.607	0.326	0.12
1575	0.00828	0.607	0.326	0.12
1576	0.00816	0.608	0.326	0.12
1577	0.00826	0.607	0.326	0.12
1578	0.00842	0.607	0.326	0.12
1579	0.00856	0.607	0.326	0.12
1580	0.0084	0.607	0.326	0.12
1581	0.00833	0.607	0.327	0.12
1582	0.00838	0.607	0.326	0.12
1583	0.0085	0.607	0.326	0.12
1584	0.00835	0.607	0.326	0.12
1585	0.00837	0.608	0.326	0.12
1586	0.00821	0.607	0.326	0.12
1587	0.00837	0.608	0.326	0.12
1588	0.00855	0.607	0.326	0.12
1589	0.00864	0.607	0.326	0.12
1590	0.00832	0.607	0.326	0.12
1591	0.00851	0.607	0.326	0.12
1592	0.00834	0.607	0.326	0.12
1593	0.00836	0.607	0.326	0.12
1594	0.00862	0.607	0.326	0.12
1595	0.00848	0.607	0.326	0.12
