Iteration	ValueMean	ValueStddev	DerivMean	DerivStddev
1	0.507	0.27	0.171	0.0692
2	0.509	0.253	0.182	0.0627
3	0.511	0.249	0.182	0.0593
4	0.515	0.249	0.181	0.0579
5	0.513	0.245	0.183	0.0559
6	0.512	0.242	0.183	0.0547
7	0.511	0.241	0.184	0.0544
8	0.51	0.241	0.184	0.0542
9	0.51	0.24	0.184	0.0539
10	0.508	0.24	0.184	0.0536
11	0.508	0.24	0.184	0.0535
12	0.508	0.24	0.184	0.0538
13	0.508	0.24	0.184	0.0538
14	0.507	0.24	0.185	0.0536
15	0.506	0.24	0.185	0.0537
16	0.504	0.24	0.185	0.0537
17	0.504	0.24	0.184	0.0537
18	0.504	0.24	0.185	0.0536
19	0.503	0.24	0.185	0.0536
20	0.502	0.24	0.185	0.0536
21	0.501	0.24	0.184	0.0538
22	0.5	0.24	0.185	0.0537
23	0.499	0.24	0.185	0.0538
24	0.498	0.24	0.185	0.0538
25	0.498	0.24	0.185	0.0538
26	0.497	0.24	0.185	0.0536
27	0.496	0.239	0.185	0.0535
28	0.495	0.239	0.185	0.0536
29	0.495	0.239	0.185	0.0537
30	0.494	0.239	0.185	0.0536
31	0.493	0.239	0.185	0.0535
32	0.492	0.24	0.185	0.0537
33	0.492	0.24	0.185	0.0536
34	0.491	0.239	0.185	0.0536
35	0.49	0.239	0.185	0.0537
36	0.489	0.239	0.185	0.0538
37	0.489	0.239	0.185	0.0538
38	0.488	0.239	0.185	0.054
39	0.487	0.239	0.185	0.0538
40	0.487	0.239	0.185	0.0537
41	0.486	0.239	0.185	0.0537
42	0.485	0.238	0.185	0.0537
43	0.484	0.239	0.185	0.0537
44	0.484	0.238	0.185	0.0536
45	0.483	0.239	0.185	0.0537
46	0.483	0.239	0.185	0.0537
47	0.482	0.239	0.185	0.0538
48	0.481	0.239	0.185	0.0538
49	0.481	0.239	0.185	0.054
50	0.48	0.239	0.185	0.0539
51	0.479	0.239	0.185	0.054
52	0.479	0.239	0.185	0.0541
53	0.478	0.239	0.185	0.054
54	0.478	0.239	0.185	0.0541
55	0.477	0.239	0.185	0.054
56	0.476	0.239	0.185	0.0541
57	0.476	0.239	0.185	0.0541
58	0.475	0.239	0.185	0.0541
59	0.475	0.239	0.185	0.054
60	0.475	0.238	0.185	0.0539
61	0.474	0.238	0.185	0.054
62	0.473	0.238	0.185	0.054
63	0.473	0.238	0.185	0.0538
64	0.473	0.238	0.185	0.0538
65	0.472	0.238	0.185	0.054
66	0.472	0.238	0.185	0.054
67	0.471	0.238	0.185	0.0538
68	0.471	0.238	0.185	0.0538
69	0.47	0.238	0.185	0.0539
70	0.47	0.238	0.185	0.0539
71	0.47	0.239	0.185	0.054
72	0.469	0.239	0.185	0.0541
73	0.469	0.238	0.185	0.0538
74	0.468	0.238	0.185	0.0537
75	0.467	0.238	0.185	0.0537
76	0.467	0.238	0.185	0.0539
77	0.467	0.238	0.185	0.0539
78	0.466	0.238	0.185	0.0539
79	0.465	0.238	0.185	0.0539
80	0.465	0.239	0.184	0.0539
81	0.465	0.238	0.185	0.0538
82	0.464	0.238	0.184	0.0538
83	0.463	0.238	0.184	0.0539
84	0.463	0.239	0.184	0.0539
85	0.462	0.239	0.184	0.0538
86	0.461	0.239	0.184	0.0539
87	0.461	0.239	0.184	0.0539
88	0.46	0.239	0.184	0.0539
89	0.46	0.239	0.184	0.0539
90	0.459	0.239	0.184	0.054
91	0.458	0.239	0.184	0.054
92	0.458	0.239	0.184	0.054
93	0.457	0.239	0.184	0.054
94	0.457	0.238	0.184	0.0539
95	0.457	0.239	0.184	0.0539
96	0.456	0.239	0.184	0.0539
97	0.455	0.239	0.184	0.0539
98	0.455	0.239	0.184	0.0539
99	0.454	0.239	0.184	0.0539
100	0.453	0.238	0.184	0.0538
101	0.453	0.239	0.184	0.0538
102	0.453	0.239	0.184	0.0539
103	0.452	0.239	0.184	0.054
104	0.452	0.239	0.184	0.0539
105	0.452	0.239	0.184	0.0538
106	0.451	0.239	0.184	0.0537
107	0.45	0.239	0.183	0.0538
108	0.45	0.239	0.183	0.0538
109	0.449	0.239	0.183	0.054
110	0.449	0.239	0.183	0.054
111	0.449	0.239	0.183	0.0539
112	0.448	0.239	0.183	0.054
113	0.447	0.239	0.183	0.054
114	0.447	0.239	0.183	0.054
115	0.446	0.239	0.183	0.0541
116	0.446	0.239	0.183	0.054
117	0.446	0.239	0.183	0.0539
118	0.446	0.239	0.183	0.054
119	0.445	0.239	0.183	0.0539
120	0.445	0.239	0.183	0.0539
121	0.444	0.239	0.183	0.054
122	0.443	0.239	0.183	0.054
123	0.443	0.239	0.183	0.054
124	0.443	0.239	0.183	0.0541
125	0.442	0.239	0.182	0.0541
126	0.442	0.239	0.182	0.0541
127	0.441	0.239	0.182	0.054
128	0.44	0.239	0.182	0.0542
129	0.44	0.239	0.182	0.0542
130	0.439	0.24	0.182	0.0541
131	0.439	0.239	0.182	0.054
132	0.439	0.239	0.182	0.054
133	0.438	0.24	0.182	0.0541
134	0.438	0.24	0.182	0.0542
135	0.437	0.24	0.182	0.0541
136	0.437	0.24	0.182	0.0542
137	0.436	0.24	0.181	0.0542
138	0.436	0.24	0.181	0.0543
139	0.436	0.24	0.181	0.0543
140	0.436	0.24	0.182	0.0542
141	0.435	0.24	0.181	0.0542
142	0.434	0.24	0.181	0.0542
143	0.434	0.24	0.181	0.0541
144	0.434	0.24	0.181	0.0541
145	0.433	0.24	0.181	0.0542
146	0.433	0.24	0.181	0.0543
147	0.432	0.24	0.181	0.0542
148	0.432	0.24	0.181	0.0544
149	0.431	0.24	0.181	0.0543
150	0.431	0.24	0.181	0.0544
151	0.43	0.24	0.181	0.0543
152	0.43	0.24	0.18	0.0544
153	0.429	0.24	0.181	0.0542
154	0.429	0.24	0.18	0.0542
155	0.429	0.24	0.18	0.0542
156	0.428	0.24	0.18	0.0543
157	0.428	0.24	0.18	0.0544
158	0.427	0.24	0.18	0.0543
159	0.427	0.24	0.18	0.0543
160	0.426	0.24	0.18	0.0545
161	0.426	0.24	0.18	0.0544
162	0.426	0.24	0.18	0.0544
163	0.425	0.24	0.18	0.0545
164	0.425	0.24	0.18	0.0545
165	0.424	0.24	0.18	0.0546
166	0.424	0.241	0.179	0.0547
167	0.423	0.241	0.179	0.0548
168	0.423	0.241	0.179	0.0547
169	0.422	0.241	0.179	0.0546
170	0.422	0.241	0.179	0.0545
171	0.422	0.241	0.179	0.0546
172	0.421	0.24	0.179	0.0546
173	0.421	0.24	0.179	0.0546
174	0.421	0.24	0.179	0.0545
175	0.42	0.241	0.179	0.0546
176	0.42	0.24	0.179	0.0545
177	0.42	0.24	0.179	0.0545
178	0.419	0.24	0.179	0.0545
179	0.419	0.24	0.179	0.0545
180	0.419	0.24	0.179	0.0546
181	0.418	0.24	0.179	0.0545
182	0.418	0.24	0.179	0.0545
183	0.418	0.24	0.179	0.0544
184	0.417	0.24	0.179	0.0544
185	0.417	0.241	0.178	0.0545
186	0.416	0.24	0.178	0.0545
187	0.416	0.241	0.178	0.0547
188	0.416	0.241	0.178	0.0547
189	0.415	0.241	0.178	0.0547
190	0.415	0.241	0.178	0.0546
191	0.415	0.24	0.178	0.0546
192	0.415	0.24	0.178	0.0546
193	0.414	0.241	0.178	0.0547
194	0.413	0.241	0.178	0.0548
195	0.413	0.241	0.178	0.0548
196	0.413	0.241	0.178	0.0548
197	0.413	0.241	0.178	0.0548
198	0.413	0.24	0.178	0.0547
199	0.412	0.241	0.178	0.0548
200	0.412	0.241	0.177	0.0548
201	0.411	0.24	0.177	0.0547
202	0.411	0.24	0.178	0.0547
203	0.411	0.24	0.177	0.0547
204	0.411	0.24	0.177	0.0547
205	0.411	0.24	0.177	0.0547
206	0.41	0.24	0.177	0.0546
207	0.41	0.24	0.177	0.0546
208	0.41	0.24	0.177	0.0546
209	0.409	0.24	0.177	0.0546
210	0.409	0.24	0.177	0.0546
211	0.409	0.24	0.177	0.0547
212	0.408	0.24	0.177	0.0547
213	0.408	0.24	0.177	0.0547
214	0.408	0.24	0.177	0.0548
215	0.407	0.24	0.177	0.0548
216	0.407	0.24	0.177	0.0548
217	0.407	0.241	0.177	0.0549
218	0.406	0.24	0.176	0.055
219	0.406	0.24	0.176	0.0549
220	0.406	0.24	0.177	0.0548
221	0.405	0.24	0.176	0.0549
222	0.405	0.24	0.176	0.0549
223	0.405	0.24	0.176	0.055
224	0.405	0.24	0.176	0.055
225	0.404	0.24	0.176	0.055
226	0.404	0.24	0.176	0.0551
227	0.403	0.24	0.176	0.0552
228	0.403	0.24	0.176	0.0551
229	0.403	0.24	0.176	0.0552
230	0.403	0.24	0.176	0.0551
231	0.402	0.24	0.176	0.0552
232	0.402	0.24	0.176	0.0552
233	0.402	0.24	0.176	0.0553
234	0.401	0.24	0.176	0.0554
235	0.401	0.24	0.175	0.0554
236	0.401	0.241	0.175	0.0554
237	0.401	0.24	0.175	0.0552
238	0.401	0.24	0.175	0.0552
239	0.4	0.24	0.175	0.0552
240	0.4	0.24	0.175	0.0552
241	0.4	0.24	0.175	0.0553
242	0.399	0.24	0.175	0.0553
243	0.399	0.24	0.175	0.0553
244	0.399	0.24	0.175	0.0553
245	0.398	0.24	0.175	0.0554
246	0.398	0.24	0.175	0.0554
247	0.397	0.24	0.175	0.0555
248	0.397	0.24	0.175	0.0555
249	0.397	0.24	0.175	0.0554
250	0.397	0.24	0.175	0.0554
251	0.397	0.24	0.175	0.0554
252	0.397	0.24	0.175	0.0555
253	0.396	0.24	0.175	0.0556
254	0.396	0.24	0.175	0.0556
255	0.396	0.24	0.175	0.0555
256	0.395	0.24	0.174	0.0556
257	0.395	0.24	0.174	0.0557
258	0.395	0.24	0.174	0.0556
259	0.394	0.24	0.174	0.0557
260	0.394	0.24	0.174	0.0557
261	0.394	0.24	0.174	0.0557
262	0.394	0.24	0.174	0.0557
263	0.393	0.24	0.174	0.0556
264	0.393	0.24	0.174	0.0557
265	0.393	0.24	0.174	0.0558
266	0.393	0.24	0.174	0.0557
267	0.393	0.24	0.174	0.0556
268	0.392	0.24	0.174	0.0556
269	0.392	0.24	0.174	0.0557
270	0.392	0.24	0.174	0.0557
271	0.391	0.24	0.174	0.0558
272	0.391	0.24	0.173	0.0559
273	0.391	0.24	0.173	0.0559
274	0.39	0.24	0.173	0.0559
275	0.39	0.24	0.173	0.056
276	0.39	0.24	0.173	0.0559
277	0.39	0.24	0.173	0.056
278	0.389	0.24	0.173	0.056
279	0.389	0.24	0.173	0.056
280	0.389	0.24	0.173	0.056
281	0.388	0.24	0.173	0.0561
282	0.388	0.24	0.173	0.056
283	0.388	0.24	0.173	0.0562
284	0.388	0.24	0.173	0.0562
285	0.388	0.24	0.173	0.0562
286	0.387	0.24	0.173	0.0561
287	0.387	0.24	0.173	0.0562
288	0.387	0.24	0.173	0.0561
289	0.387	0.239	0.173	0.0561
290	0.386	0.24	0.173	0.0562
291	0.386	0.239	0.173	0.0562
292	0.386	0.239	0.173	0.0561
293	0.385	0.239	0.172	0.0563
294	0.385	0.239	0.173	0.0562
295	0.385	0.239	0.172	0.0562
296	0.385	0.239	0.172	0.0563
297	0.384	0.239	0.172	0.0562
298	0.384	0.239	0.172	0.0563
299	0.384	0.239	0.172	0.0563
300	0.384	0.239	0.172	0.0562
301	0.384	0.239	0.172	0.0563
302	0.383	0.239	0.172	0.0564
303	0.383	0.239	0.172	0.0563
304	0.382	0.239	0.172	0.0565
305	0.382	0.239	0.172	0.0565
306	0.382	0.239	0.172	0.0564
307	0.382	0.239	0.172	0.0565
308	0.382	0.239	0.172	0.0564
309	0.382	0.239	0.172	0.0563
310	0.381	0.239	0.172	0.0564
311	0.381	0.239	0.172	0.0563
312	0.381	0.239	0.172	0.0564
313	0.38	0.239	0.172	0.0564
314	0.38	0.239	0.172	0.0564
315	0.38	0.239	0.172	0.0563
316	0.38	0.239	0.171	0.0564
317	0.38	0.239	0.171	0.0564
318	0.38	0.239	0.171	0.0563
319	0.38	0.239	0.171	0.0564
320	0.379	0.239	0.171	0.0565
321	0.379	0.239	0.171	0.0565
322	0.379	0.239	0.171	0.0564
323	0.379	0.239	0.171	0.0565
324	0.378	0.239	0.171	0.0566
325	0.378	0.239	0.171	0.0566
326	0.378	0.239	0.171	0.0566
327	0.378	0.239	0.171	0.0566
328	0.377	0.239	0.171	0.0566
329	0.377	0.239	0.171	0.0566
330	0.377	0.239	0.171	0.0566
331	0.377	0.239	0.171	0.0566
332	0.376	0.239	0.171	0.0567
333	0.376	0.239	0.171	0.0567
334	0.376	0.239	0.17	0.0568
335	0.376	0.239	0.17	0.0566
336	0.376	0.239	0.17	0.0567
337	0.375	0.239	0.17	0.0567
338	0.375	0.238	0.17	0.0567
339	0.375	0.238	0.17	0.0567
340	0.375	0.238	0.17	0.0568
341	0.375	0.238	0.17	0.0567
342	0.374	0.238	0.17	0.0568
343	0.374	0.238	0.17	0.0568
344	0.374	0.238	0.17	0.0568
345	0.374	0.238	0.17	0.0568
346	0.373	0.238	0.17	0.0568
347	0.373	0.238	0.17	0.0568
348	0.373	0.238	0.17	0.0568
349	0.373	0.238	0.17	0.0569
350	0.373	0.238	0.17	0.0569
351	0.373	0.238	0.17	0.0569
352	0.373	0.238	0.17	0.0569
353	0.372	0.238	0.17	0.057
354	0.372	0.238	0.17	0.057
355	0.372	0.238	0.17	0.057
356	0.372	0.238	0.17	0.0569
357	0.371	0.238	0.17	0.0569
358	0.371	0.238	0.17	0.0569
359	0.371	0.238	0.17	0.0569
360	0.371	0.238	0.17	0.0569
361	0.371	0.238	0.169	0.057
362	0.371	0.238	0.169	0.057
363	0.37	0.238	0.169	0.0569
364	0.37	0.238	0.169	0.057
365	0.37	0.238	0.169	0.057
366	0.37	0.238	0.169	0.0571
367	0.37	0.238	0.169	0.0571
368	0.37	0.238	0.169	0.0571
369	0.369	0.238	0.169	0.0571
370	0.369	0.238	0.169	0.0571
371	0.369	0.238	0.169	0.0571
372	0.369	0.238	0.169	0.0571
373	0.368	0.238	0.169	0.0571
374	0.368	0.238	0.169	0.0571
375	0.368	0.238	0.169	0.0572
376	0.368	0.238	0.169	0.0572
377	0.368	0.238	0.169	0.0572
378	0.368	0.237	0.169	0.0572
379	0.367	0.237	0.169	0.0572
380	0.367	0.237	0.169	0.0572
381	0.367	0.237	0.169	0.0572
382	0.367	0.237	0.169	0.0573
383	0.367	0.237	0.169	0.0573
384	0.366	0.237	0.169	0.0574
385	0.366	0.237	0.168	0.0574
386	0.366	0.237	0.168	0.0574
387	0.366	0.237	0.168	0.0573
388	0.365	0.237	0.168	0.0573
389	0.365	0.237	0.168	0.0573
390	0.365	0.237	0.168	0.0573
391	0.365	0.237	0.168	0.0573
392	0.365	0.237	0.168	0.0574
393	0.365	0.237	0.168	0.0573
394	0.364	0.237	0.168	0.0574
395	0.364	0.237	0.168	0.0574
396	0.364	0.237	0.168	0.0575
397	0.364	0.237	0.168	0.0575
398	0.364	0.237	0.168	0.0575
399	0.364	0.237	0.168	0.0575
400	0.363	0.237	0.168	0.0575
401	0.363	0.237	0.168	0.0575
402	0.363	0.237	0.168	0.0576
403	0.363	0.237	0.168	0.0576
404	0.363	0.237	0.168	0.0576
405	0.362	0.237	0.168	0.0576
406	0.362	0.237	0.168	0.0576
407	0.362	0.237	0.168	0.0576
408	0.362	0.237	0.168	0.0576
409	0.362	0.237	0.167	0.0576
410	0.362	0.237	0.167	0.0576
411	0.362	0.237	0.167	0.0576
412	0.361	0.237	0.167	0.0577
413	0.361	0.237	0.167	0.0576
414	0.361	0.237	0.167	0.0577
415	0.361	0.237	0.167	0.0577
416	0.36	0.236	0.167	0.0576
417	0.36	0.237	0.167	0.0577
418	0.36	0.237	0.167	0.0577
419	0.36	0.237	0.167	0.0578
420	0.36	0.236	0.167	0.0577
421	0.36	0.236	0.167	0.0577
422	0.36	0.237	0.167	0.0578
423	0.359	0.236	0.167	0.0578
424	0.359	0.237	0.167	0.0578
425	0.359	0.236	0.167	0.0579
426	0.359	0.236	0.167	0.0579
427	0.359	0.236	0.167	0.0579
428	0.359	0.236	0.167	0.0579
429	0.359	0.236	0.167	0.0578
430	0.358	0.236	0.167	0.0579
431	0.358	0.236	0.167	0.0578
432	0.358	0.236	0.167	0.0579
433	0.358	0.236	0.167	0.0579
434	0.357	0.236	0.167	0.058
435	0.358	0.236	0.167	0.0579
436	0.357	0.236	0.167	0.0579
437	0.357	0.236	0.166	0.0579
438	0.357	0.236	0.166	0.058
439	0.357	0.236	0.166	0.0579
440	0.357	0.236	0.166	0.058
441	0.357	0.236	0.166	0.058
442	0.356	0.236	0.166	0.058
443	0.356	0.236	0.166	0.0581
444	0.356	0.236	0.166	0.058
445	0.356	0.236	0.166	0.058
446	0.356	0.236	0.166	0.0581
447	0.356	0.236	0.166	0.0581
448	0.355	0.236	0.166	0.0581
449	0.355	0.236	0.166	0.0581
450	0.355	0.236	0.166	0.0581
451	0.355	0.236	0.166	0.058
452	0.355	0.236	0.166	0.0582
453	0.355	0.236	0.166	0.0582
454	0.355	0.236	0.166	0.0582
455	0.354	0.236	0.166	0.0583
456	0.355	0.236	0.166	0.0582
457	0.354	0.236	0.166	0.0582
458	0.354	0.235	0.166	0.0582
459	0.354	0.235	0.166	0.0582
460	0.354	0.235	0.166	0.0582
461	0.354	0.235	0.166	0.0582
462	0.354	0.235	0.166	0.0582
463	0.353	0.235	0.166	0.0583
464	0.353	0.235	0.166	0.0582
465	0.353	0.235	0.166	0.0582
466	0.353	0.235	0.166	0.0583
467	0.353	0.235	0.166	0.0583
468	0.353	0.235	0.165	0.0583
469	0.352	0.235	0.165	0.0583
470	0.352	0.235	0.165	0.0583
471	0.352	0.235	0.165	0.0583
472	0.352	0.235	0.165	0.0584
473	0.352	0.235	0.165	0.0584
474	0.352	0.235	0.165	0.0583
475	0.352	0.235	0.165	0.0584
476	0.351	0.235	0.165	0.0584
477	0.351	0.235	0.165	0.0583
478	0.351	0.235	0.165	0.0583
479	0.351	0.235	0.165	0.0584
480	0.351	0.235	0.165	0.0584
481	0.351	0.235	0.165	0.0584
482	0.35	0.235	0.165	0.0584
483	0.351	0.235	0.165	0.0583
484	0.35	0.235	0.165	0.0584
485	0.35	0.235	0.165	0.0584
486	0.35	0.235	0.165	0.0585
487	0.35	0.235	0.165	0.0585
488	0.349	0.235	0.165	0.0585
489	0.35	0.235	0.165	0.0585
490	0.349	0.235	0.165	0.0586
491	0.349	0.235	0.164	0.0586
492	0.349	0.235	0.164	0.0586
493	0.349	0.235	0.164	0.0586
494	0.349	0.235	0.164	0.0586
495	0.348	0.235	0.164	0.0586
496	0.348	0.235	0.164	0.0586
497	0.348	0.235	0.164	0.0586
498	0.348	0.235	0.164	0.0586
499	0.348	0.234	0.164	0.0586
500	0.348	0.235	0.164	0.0587
501	0.348	0.235	0.164	0.0587
502	0.347	0.235	0.164	0.0587
503	0.347	0.235	0.164	0.0587
504	0.347	0.234	0.164	0.0587
505	0.347	0.235	0.164	0.0587
506	0.347	0.235	0.164	0.0588
507	0.347	0.235	0.164	0.0588
508	0.347	0.234	0.164	0.0587
509	0.346	0.234	0.164	0.0588
510	0.346	0.234	0.164	0.0588
511	0.346	0.234	0.164	0.0588
512	0.346	0.234	0.164	0.0588
513	0.346	0.234	0.164	0.0588
514	0.346	0.234	0.164	0.0588
515	0.346	0.234	0.164	0.0588
516	0.346	0.234	0.164	0.0588
517	0.345	0.234	0.164	0.0588
518	0.345	0.235	0.163	0.0589
519	0.345	0.234	0.163	0.0589
520	0.345	0.234	0.163	0.0589
521	0.345	0.234	0.163	0.0589
522	0.345	0.234	0.163	0.0589
523	0.345	0.234	0.163	0.0589
524	0.344	0.234	0.163	0.0589
525	0.344	0.234	0.163	0.0589
526	0.344	0.234	0.163	0.0588
527	0.344	0.234	0.163	0.0589
528	0.344	0.234	0.163	0.0589
529	0.344	0.234	0.163	0.0589
530	0.344	0.234	0.163	0.0589
531	0.344	0.234	0.163	0.059
532	0.343	0.234	0.163	0.059
533	0.343	0.234	0.163	0.0591
534	0.343	0.234	0.163	0.059
535	0.343	0.234	0.163	0.059
536	0.343	0.234	0.163	0.059
537	0.343	0.234	0.163	0.059
538	0.343	0.234	0.163	0.059
539	0.343	0.234	0.163	0.059
540	0.342	0.234	0.163	0.0591
541	0.342	0.234	0.163	0.0591
542	0.342	0.234	0.163	0.059
543	0.342	0.234	0.163	0.059
544	0.342	0.234	0.163	0.0591
545	0.342	0.234	0.163	0.0591
546	0.341	0.234	0.163	0.059
547	0.341	0.234	0.163	0.059
548	0.341	0.234	0.163	0.059
549	0.341	0.234	0.162	0.0591
550	0.341	0.234	0.162	0.059
551	0.341	0.233	0.162	0.059
552	0.341	0.234	0.162	0.059
553	0.341	0.234	0.162	0.0591
554	0.34	0.234	0.162	0.0591
555	0.34	0.234	0.162	0.0591
556	0.34	0.234	0.162	0.0591
557	0.34	0.234	0.162	0.0591
558	0.34	0.234	0.162	0.0591
559	0.34	0.234	0.162	0.0592
560	0.34	0.233	0.162	0.0592
561	0.34	0.233	0.162	0.0591
562	0.34	0.233	0.162	0.0592
563	0.339	0.233	0.162	0.0592
564	0.339	0.234	0.162	0.0592
565	0.339	0.234	0.162	0.0593
566	0.339	0.233	0.162	0.0593
567	0.339	0.233	0.162	0.0592
568	0.339	0.233	0.162	0.0593
569	0.339	0.233	0.162	0.0593
570	0.339	0.233	0.162	0.0592
571	0.338	0.233	0.162	0.0593
572	0.338	0.233	0.162	0.0593
573	0.338	0.233	0.162	0.0592
574	0.338	0.233	0.162	0.0593
575	0.338	0.233	0.162	0.0594
576	0.338	0.233	0.162	0.0593
577	0.338	0.233	0.162	0.0593
578	0.338	0.233	0.162	0.0593
579	0.338	0.233	0.162	0.0592
580	0.338	0.233	0.162	0.0593
581	0.337	0.233	0.161	0.0593
582	0.338	0.233	0.161	0.0593
583	0.337	0.233	0.161	0.0594
584	0.337	0.233	0.161	0.0594
585	0.337	0.233	0.161	0.0594
586	0.337	0.233	0.161	0.0595
587	0.337	0.233	0.161	0.0594
588	0.337	0.233	0.161	0.0594
589	0.337	0.233	0.161	0.0594
590	0.336	0.233	0.161	0.0594
591	0.337	0.233	0.161	0.0594
592	0.336	0.233	0.161	0.0594
593	0.336	0.233	0.161	0.0595
594	0.336	0.233	0.161	0.0595
595	0.336	0.233	0.161	0.0595
596	0.336	0.233	0.161	0.0595
597	0.336	0.233	0.161	0.0594
598	0.335	0.233	0.161	0.0595
599	0.335	0.233	0.161	0.0595
600	0.335	0.233	0.161	0.0595
601	0.335	0.233	0.161	0.0595
602	0.335	0.233	0.161	0.0595
603	0.335	0.233	0.161	0.0594
604	0.335	0.233	0.161	0.0595
605	0.335	0.233	0.161	0.0595
606	0.335	0.232	0.161	0.0595
607	0.334	0.232	0.161	0.0595
608	0.334	0.232	0.161	0.0595
609	0.334	0.232	0.161	0.0595
610	0.334	0.233	0.161	0.0596
611	0.334	0.233	0.161	0.0596
612	0.334	0.232	0.161	0.0596
613	0.334	0.232	0.161	0.0596
614	0.334	0.232	0.161	0.0596
615	0.334	0.232	0.161	0.0596
616	0.334	0.232	0.16	0.0596
617	0.333	0.232	0.16	0.0596
618	0.333	0.232	0.16	0.0596
619	0.333	0.232	0.16	0.0597
620	0.333	0.232	0.16	0.0597
621	0.333	0.232	0.16	0.0596
622	0.333	0.232	0.16	0.0596
623	0.333	0.232	0.16	0.0596
624	0.333	0.232	0.16	0.0596
625	0.333	0.232	0.16	0.0596
626	0.333	0.232	0.16	0.0596
627	0.333	0.232	0.16	0.0596
628	0.332	0.232	0.16	0.0597
629	0.332	0.232	0.16	0.0597
630	0.332	0.232	0.16	0.0596
631	0.332	0.232	0.16	0.0597
632	0.331	0.232	0.16	0.0598
633	0.332	0.232	0.16	0.0597
634	0.332	0.232	0.16	0.0597
635	0.332	0.232	0.16	0.0596
636	0.332	0.232	0.16	0.0596
637	0.331	0.232	0.16	0.0597
638	0.331	0.232	0.16	0.0597
639	0.331	0.232	0.16	0.0597
640	0.331	0.232	0.16	0.0597
641	0.331	0.232	0.16	0.0598
642	0.331	0.232	0.16	0.0596
643	0.331	0.232	0.16	0.0598
644	0.33	0.232	0.16	0.0598
645	0.331	0.232	0.16	0.0596
646	0.33	0.232	0.16	0.0598
647	0.33	0.232	0.16	0.0598
648	0.33	0.232	0.16	0.0598
649	0.33	0.232	0.16	0.0598
650	0.33	0.232	0.16	0.0597
651	0.33	0.231	0.16	0.0597
652	0.33	0.232	0.159	0.0598
653	0.329	0.231	0.159	0.0598
654	0.329	0.231	0.159	0.0598
655	0.329	0.231	0.159	0.0598
656	0.329	0.231	0.159	0.0598
657	0.329	0.231	0.159	0.0598
658	0.329	0.231	0.159	0.0598
659	0.329	0.231	0.159	0.0599
660	0.329	0.231	0.159	0.0598
661	0.329	0.231	0.159	0.0599
662	0.328	0.231	0.159	0.0599
663	0.328	0.231	0.159	0.0599
664	0.328	0.231	0.159	0.06
665	0.328	0.231	0.159	0.0599
666	0.328	0.231	0.159	0.06
667	0.328	0.231	0.159	0.0599
668	0.328	0.231	0.159	0.06
669	0.328	0.231	0.159	0.0599
670	0.328	0.231	0.159	0.0599
671	0.328	0.231	0.159	0.0599
672	0.327	0.231	0.159	0.0599
673	0.327	0.231	0.159	0.0599
674	0.327	0.231	0.159	0.06
675	0.327	0.231	0.159	0.0599
676	0.327	0.231	0.159	0.06
677	0.327	0.231	0.159	0.06
678	0.327	0.231	0.159	0.06
679	0.327	0.231	0.159	0.0599
680	0.327	0.231	0.159	0.06
681	0.327	0.231	0.159	0.06
682	0.327	0.231	0.159	0.0599
683	0.326	0.231	0.159	0.06
684	0.326	0.231	0.158	0.06
685	0.326	0.231	0.158	0.06
686	0.326	0.231	0.159	0.06
687	0.326	0.231	0.159	0.06
688	0.326	0.231	0.158	0.06
689	0.326	0.231	0.158	0.06
690	0.326	0.231	0.158	0.06
691	0.326	0.231	0.158	0.06
692	0.326	0.231	0.158	0.06
693	0.326	0.231	0.158	0.06
694	0.326	0.23	0.158	0.06
695	0.325	0.23	0.158	0.06
696	0.325	0.23	0.158	0.06
697	0.325	0.231	0.158	0.06
698	0.325	0.231	0.158	0.0601
699	0.325	0.231	0.158	0.0601
700	0.325	0.23	0.158	0.06
701	0.325	0.23	0.158	0.0601
702	0.325	0.23	0.158	0.0601
703	0.325	0.23	0.158	0.06
704	0.325	0.23	0.158	0.06
705	0.324	0.23	0.158	0.06
706	0.324	0.23	0.158	0.06
707	0.324	0.23	0.158	0.06
708	0.324	0.23	0.158	0.06
709	0.324	0.23	0.158	0.0601
710	0.324	0.23	0.158	0.0601
711	0.324	0.23	0.158	0.0602
712	0.324	0.23	0.158	0.0602
713	0.324	0.23	0.158	0.0602
714	0.324	0.23	0.158	0.0602
715	0.323	0.23	0.158	0.0602
716	0.323	0.23	0.158	0.0601
717	0.323	0.23	0.158	0.0602
718	0.323	0.23	0.158	0.0602
719	0.323	0.23	0.158	0.0602
720	0.323	0.23	0.158	0.0602
721	0.323	0.23	0.158	0.0602
722	0.323	0.23	0.158	0.0602
723	0.323	0.23	0.158	0.0603
724	0.323	0.23	0.158	0.0602
725	0.323	0.23	0.158	0.0602
726	0.323	0.23	0.157	0.0603
727	0.322	0.23	0.157	0.0603
728	0.322	0.23	0.157	0.0602
729	0.322	0.23	0.157	0.0602
730	0.322	0.23	0.157	0.0602
731	0.322	0.23	0.157	0.0603
732	0.322	0.23	0.157	0.0602
733	0.322	0.23	0.157	0.0603
734	0.322	0.23	0.157	0.0602
735	0.322	0.23	0.157	0.0603
736	0.322	0.23	0.157	0.0603
737	0.322	0.23	0.157	0.0603
738	0.321	0.23	0.157	0.0604
739	0.322	0.23	0.157	0.0603
740	0.321	0.23	0.157	0.0603
741	0.321	0.23	0.157	0.0603
742	0.321	0.23	0.157	0.0603
743	0.321	0.23	0.157	0.0603
744	0.321	0.23	0.157	0.0603
745	0.321	0.23	0.157	0.0604
746	0.321	0.23	0.157	0.0604
747	0.321	0.23	0.157	0.0604
748	0.32	0.23	0.157	0.0604
749	0.32	0.23	0.157	0.0604
750	0.32	0.23	0.157	0.0603
751	0.32	0.23	0.157	0.0603
752	0.32	0.23	0.157	0.0604
753	0.32	0.229	0.157	0.0603
754	0.32	0.23	0.157	0.0603
755	0.32	0.23	0.157	0.0604
756	0.32	0.23	0.157	0.0604
757	0.32	0.229	0.157	0.0603
758	0.32	0.229	0.157	0.0603
759	0.32	0.229	0.157	0.0604
760	0.32	0.229	0.157	0.0605
761	0.319	0.229	0.157	0.0604
762	0.319	0.23	0.157	0.0605
763	0.319	0.23	0.156	0.0605
764	0.319	0.229	0.157	0.0605
765	0.319	0.229	0.157	0.0605
766	0.319	0.229	0.157	0.0604
767	0.319	0.229	0.156	0.0604
768	0.319	0.229	0.157	0.0604
769	0.319	0.229	0.156	0.0604
770	0.319	0.229	0.156	0.0604
771	0.319	0.229	0.156	0.0605
772	0.319	0.229	0.156	0.0605
773	0.319	0.229	0.156	0.0605
774	0.318	0.229	0.156	0.0605
775	0.318	0.229	0.156	0.0606
776	0.318	0.229	0.156	0.0605
777	0.318	0.229	0.156	0.0605
778	0.318	0.229	0.156	0.0605
779	0.318	0.229	0.156	0.0605
780	0.318	0.229	0.156	0.0605
781	0.318	0.229	0.156	0.0605
782	0.318	0.229	0.156	0.0605
783	0.318	0.229	0.156	0.0605
784	0.318	0.229	0.156	0.0605
785	0.317	0.229	0.156	0.0605
786	0.317	0.229	0.156	0.0605
787	0.317	0.229	0.156	0.0606
788	0.317	0.229	0.156	0.0606
789	0.317	0.229	0.156	0.0606
790	0.317	0.229	0.156	0.0606
791	0.317	0.229	0.156	0.0606
792	0.317	0.229	0.156	0.0606
793	0.317	0.229	0.156	0.0606
794	0.317	0.229	0.156	0.0606
795	0.317	0.229	0.156	0.0607
796	0.317	0.229	0.156	0.0608
797	0.316	0.229	0.156	0.0608
798	0.316	0.229	0.156	0.0607
799	0.316	0.229	0.156	0.0607
800	0.316	0.229	0.156	0.0607
801	0.316	0.229	0.156	0.0607
802	0.316	0.229	0.156	0.0608
803	0.316	0.229	0.156	0.0607
804	0.316	0.229	0.156	0.0607
805	0.316	0.229	0.156	0.0607
806	0.316	0.229	0.156	0.0607
807	0.316	0.229	0.156	0.0607
808	0.316	0.229	0.156	0.0607
809	0.316	0.228	0.156	0.0607
810	0.316	0.228	0.156	0.0607
811	0.316	0.228	0.156	0.0607
812	0.315	0.228	0.155	0.0607
813	0.315	0.228	0.155	0.0607
814	0.315	0.228	0.155	0.0607
815	0.315	0.228	0.155	0.0607
816	0.315	0.228	0.155	0.0607
817	0.315	0.228	0.155	0.0608
818	0.315	0.228	0.155	0.0607
819	0.315	0.228	0.155	0.0607
820	0.315	0.228	0.155	0.0607
821	0.315	0.228	0.155	0.0607
822	0.315	0.228	0.155	0.0607
823	0.314	0.228	0.155	0.0607
824	0.315	0.228	0.155	0.0607
825	0.314	0.228	0.155	0.0608
826	0.314	0.228	0.155	0.0607
827	0.315	0.228	0.155	0.0607
828	0.314	0.228	0.155	0.0607
829	0.314	0.228	0.155	0.0608
830	0.314	0.228	0.155	0.0608
831	0.314	0.228	0.155	0.0608
832	0.314	0.228	0.155	0.0608
833	0.314	0.228	0.155	0.0608
834	0.314	0.228	0.155	0.0608
835	0.314	0.228	0.155	0.0609
836	0.314	0.228	0.155	0.0608
837	0.314	0.228	0.155	0.0608
838	0.314	0.228	0.155	0.0608
839	0.314	0.228	0.155	0.0608
840	0.314	0.228	0.155	0.0608
841	0.313	0.228	0.155	0.0608
842	0.313	0.228	0.155	0.0608
843	0.314	0.228	0.155	0.0607
844	0.313	0.228	0.155	0.0608
845	0.313	0.228	0.155	0.0608
846	0.313	0.228	0.155	0.0608
847	0.313	0.228	0.155	0.0608
848	0.313	0.228	0.155	0.0608
849	0.313	0.228	0.155	0.0608
850	0.313	0.228	0.155	0.0609
851	0.313	0.228	0.155	0.0608
852	0.313	0.228	0.155	0.0609
853	0.313	0.228	0.155	0.0609
854	0.313	0.228	0.155	0.0609
855	0.313	0.228	0.155	0.0609
856	0.312	0.228	0.155	0.0609
857	0.312	0.228	0.155	0.0609
858	0.312	0.228	0.155	0.0609
859	0.312	0.228	0.155	0.0609
860	0.312	0.228	0.155	0.0609
861	0.312	0.228	0.154	0.0609
862	0.312	0.228	0.154	0.0609
863	0.312	0.228	0.154	0.0609
864	0.312	0.228	0.154	0.0609
865	0.312	0.228	0.154	0.0609
866	0.312	0.228	0.154	0.0609
867	0.312	0.227	0.154	0.0608
868	0.312	0.227	0.154	0.0609
869	0.312	0.227	0.154	0.0608
870	0.312	0.227	0.154	0.0608
871	0.312	0.227	0.154	0.0608
872	0.312	0.227	0.154	0.0608
873	0.312	0.227	0.154	0.0608
874	0.311	0.227	0.154	0.0609
875	0.311	0.227	0.154	0.0608
876	0.311	0.227	0.154	0.0608
877	0.311	0.227	0.154	0.0608
878	0.311	0.227	0.154	0.0608
879	0.311	0.227	0.154	0.0609
880	0.311	0.227	0.154	0.061
881	0.311	0.227	0.154	0.0609
882	0.311	0.227	0.154	0.0609
883	0.311	0.227	0.154	0.0609
884	0.311	0.227	0.154	0.0609
885	0.31	0.227	0.154	0.0609
886	0.31	0.227	0.154	0.061
887	0.311	0.227	0.154	0.0609
888	0.31	0.227	0.154	0.061
889	0.31	0.227	0.154	0.0609
890	0.31	0.227	0.154	0.0609
891	0.31	0.227	0.154	0.0609
892	0.31	0.227	0.154	0.061
893	0.31	0.227	0.154	0.0609
894	0.31	0.227	0.154	0.0609
895	0.31	0.227	0.154	0.0609
896	0.31	0.227	0.154	0.0609
897	0.31	0.227	0.154	0.061
898	0.31	0.227	0.154	0.0609
899	0.31	0.227	0.154	0.061
900	0.31	0.227	0.154	0.061
901	0.31	0.227	0.154	0.0609
902	0.31	0.227	0.154	0.061
903	0.31	0.227	0.154	0.0609
904	0.309	0.227	0.154	0.061
905	0.309	0.227	0.154	0.0609
906	0.309	0.227	0.154	0.0609
907	0.309	0.227	0.154	0.0609
908	0.309	0.227	0.154	0.0608
909	0.309	0.227	0.154	0.0609
910	0.309	0.227	0.154	0.0609
911	0.309	0.227	0.154	0.0609
912	0.309	0.227	0.154	0.0609
913	0.309	0.227	0.153	0.061
914	0.309	0.227	0.153	0.0609
915	0.309	0.227	0.153	0.0609
916	0.308	0.227	0.153	0.061
917	0.308	0.227	0.153	0.0609
918	0.308	0.227	0.153	0.061
919	0.308	0.227	0.153	0.061
920	0.308	0.227	0.153	0.0609
921	0.308	0.227	0.153	0.061
922	0.308	0.227	0.153	0.061
923	0.308	0.226	0.153	0.061
924	0.308	0.227	0.153	0.0611
925	0.308	0.227	0.153	0.0611
926	0.308	0.227	0.153	0.061
927	0.308	0.227	0.153	0.061
928	0.307	0.227	0.153	0.0611
929	0.308	0.226	0.153	0.061
930	0.307	0.226	0.153	0.0611
931	0.307	0.226	0.153	0.0611
932	0.307	0.226	0.153	0.0611
933	0.307	0.226	0.153	0.061
934	0.307	0.226	0.153	0.0611
935	0.307	0.226	0.153	0.0611
936	0.307	0.226	0.153	0.0611
937	0.307	0.226	0.153	0.0611
938	0.307	0.226	0.153	0.061
939	0.307	0.226	0.153	0.0611
940	0.307	0.226	0.153	0.0611
941	0.307	0.226	0.153	0.0611
942	0.307	0.226	0.153	0.0612
943	0.307	0.226	0.153	0.0611
944	0.307	0.226	0.153	0.061
945	0.307	0.226	0.153	0.061
946	0.306	0.226	0.153	0.0611
947	0.307	0.226	0.153	0.061
948	0.307	0.226	0.153	0.061
949	0.306	0.226	0.153	0.061
950	0.306	0.226	0.153	0.0611
951	0.306	0.226	0.153	0.0611
952	0.306	0.226	0.153	0.0611
953	0.306	0.226	0.153	0.061
954	0.306	0.226	0.153	0.0611
955	0.306	0.226	0.153	0.0611
956	0.306	0.226	0.153	0.061
957	0.306	0.226	0.153	0.0611
958	0.306	0.226	0.153	0.061
959	0.306	0.226	0.153	0.061
960	0.306	0.226	0.153	0.0611
961	0.306	0.226	0.153	0.0611
962	0.306	0.226	0.153	0.061
963	0.305	0.226	0.153	0.0611
964	0.305	0.226	0.153	0.0611
965	0.305	0.226	0.153	0.061
966	0.305	0.226	0.153	0.0611
967	0.305	0.226	0.153	0.0611
968	0.305	0.226	0.153	0.061
969	0.305	0.226	0.153	0.0611
970	0.305	0.226	0.153	0.0611
971	0.305	0.226	0.153	0.0611
972	0.305	0.226	0.153	0.0611
973	0.305	0.226	0.152	0.0611
974	0.305	0.226	0.152	0.0612
975	0.307	0.224	0.154	0.0606
976	0.308	0.223	0.155	0.0601
977	0.308	0.223	0.155	0.0601
978	0.308	0.223	0.155	0.0603
979	0.308	0.223	0.155	0.0602
980	0.308	0.223	0.155	0.0602
981	0.307	0.223	0.155	0.0603
982	0.307	0.223	0.155	0.0603
983	0.307	0.223	0.155	0.0603
984	0.307	0.223	0.155	0.0603
985	0.307	0.223	0.154	0.0602
986	0.307	0.223	0.155	0.0602
987	0.307	0.223	0.154	0.0603
988	0.307	0.223	0.155	0.0602
989	0.307	0.223	0.154	0.0603
990	0.307	0.223	0.154	0.0603
991	0.307	0.223	0.154	0.0603
992	0.307	0.223	0.154	0.0603
993	0.307	0.223	0.154	0.0603
994	0.307	0.223	0.154	0.0604
995	0.307	0.223	0.154	0.0604
996	0.307	0.223	0.154	0.0603
997	0.306	0.223	0.154	0.0604
998	0.306	0.223	0.154	0.0604
999	0.306	0.223	0.154	0.0605
1000	0.306	0.223	0.154	0.0605
1001	0.306	0.223	0.154	0.0604
1002	0.306	0.223	0.154	0.0604
1003	0.306	0.223	0.154	0.0604
1004	0.306	0.223	0.154	0.0604
1005	0.306	0.223	0.154	0.0604
1006	0.306	0.223	0.154	0.0605
1007	0.306	0.223	0.154	0.0604
1008	0.306	0.223	0.154	0.0604
1009	0.306	0.223	0.154	0.0605
1010	0.306	0.223	0.154	0.0604
1011	0.306	0.223	0.154	0.0605
1012	0.306	0.223	0.154	0.0605
1013	0.306	0.223	0.154	0.0604
1014	0.305	0.223	0.154	0.0605
1015	0.305	0.223	0.154	0.0605
1016	0.306	0.223	0.154	0.0605
1017	0.305	0.223	0.154	0.0605
1018	0.305	0.223	0.154	0.0605
1019	0.305	0.223	0.154	0.0605
1020	0.305	0.223	0.154	0.0605
1021	0.305	0.223	0.154	0.0605
1022	0.305	0.223	0.154	0.0605
1023	0.305	0.223	0.154	0.0606
1024	0.305	0.223	0.154	0.0606
1025	0.305	0.223	0.154	0.0605
1026	0.305	0.223	0.154	0.0605
1027	0.305	0.223	0.154	0.0605
1028	0.305	0.223	0.154	0.0605
1029	0.305	0.223	0.154	0.0605
1030	0.305	0.223	0.154	0.0606
1031	0.305	0.223	0.154	0.0605
1032	0.304	0.223	0.154	0.0605
1033	0.304	0.223	0.153	0.0606
1034	0.304	0.223	0.153	0.0606
1035	0.304	0.222	0.154	0.0605
1036	0.304	0.222	0.153	0.0606
1037	0.304	0.222	0.154	0.0605
1038	0.304	0.222	0.153	0.0606
1039	0.304	0.222	0.153	0.0606
1040	0.304	0.222	0.153	0.0605
1041	0.304	0.222	0.153	0.0606
1042	0.304	0.222	0.153	0.0605
1043	0.304	0.222	0.153	0.0606
1044	0.304	0.222	0.153	0.0606
1045	0.304	0.222	0.153	0.0606
1046	0.304	0.222	0.153	0.0606
1047	0.304	0.222	0.153	0.0606
1048	0.303	0.222	0.153	0.0606
1049	0.303	0.222	0.153	0.0606
1050	0.303	0.222	0.153	0.0606
1051	0.303	0.222	0.153	0.0605
1052	0.303	0.222	0.153	0.0605
1053	0.303	0.222	0.153	0.0606
1054	0.303	0.222	0.153	0.0606
1055	0.303	0.222	0.153	0.0606
1056	0.303	0.222	0.153	0.0606
1057	0.303	0.222	0.153	0.0606
1058	0.303	0.222	0.153	0.0606
1059	0.303	0.222	0.153	0.0607
1060	0.303	0.222	0.153	0.0606
1061	0.303	0.222	0.153	0.0606
1062	0.303	0.222	0.153	0.0606
1063	0.303	0.222	0.153	0.0606
1064	0.303	0.222	0.153	0.0606
1065	0.303	0.222	0.153	0.0606
1066	0.303	0.222	0.153	0.0606
1067	0.303	0.222	0.153	0.0606
1068	0.302	0.222	0.153	0.0607
1069	0.302	0.222	0.153	0.0606
1070	0.302	0.222	0.153	0.0607
1071	0.302	0.222	0.153	0.0607
1072	0.302	0.222	0.153	0.0607
1073	0.302	0.222	0.153	0.0607
1074	0.302	0.222	0.153	0.0607
1075	0.302	0.222	0.153	0.0607
1076	0.302	0.222	0.153	0.0607
1077	0.302	0.222	0.153	0.0607
1078	0.302	0.222	0.153	0.0607
1079	0.302	0.222	0.153	0.0607
1080	0.302	0.222	0.153	0.0607
1081	0.302	0.222	0.153	0.0607
1082	0.302	0.222	0.153	0.0607
1083	0.302	0.222	0.152	0.0608
1084	0.302	0.222	0.152	0.0607
1085	0.302	0.222	0.152	0.0607
1086	0.301	0.222	0.152	0.0607
1087	0.301	0.222	0.152	0.0607
1088	0.301	0.222	0.152	0.0607
1089	0.301	0.222	0.152	0.0607
1090	0.301	0.222	0.152	0.0608
1091	0.301	0.222	0.152	0.0607
1092	0.301	0.222	0.152	0.0607
1093	0.301	0.222	0.152	0.0608
1094	0.301	0.222	0.152	0.0608
1095	0.301	0.222	0.152	0.0607
1096	0.301	0.222	0.152	0.0607
1097	0.301	0.222	0.152	0.0607
1098	0.301	0.222	0.152	0.0607
1099	0.301	0.222	0.152	0.0607
1100	0.301	0.222	0.152	0.0607
1101	0.301	0.222	0.152	0.0608
1102	0.301	0.222	0.152	0.0608
1103	0.3	0.222	0.152	0.0607
1104	0.301	0.222	0.152	0.0607
1105	0.3	0.222	0.152	0.0607
1106	0.3	0.222	0.152	0.0608
1107	0.3	0.222	0.152	0.0608
1108	0.3	0.222	0.152	0.0608
1109	0.3	0.222	0.152	0.0608
1110	0.3	0.222	0.152	0.0608
1111	0.3	0.222	0.152	0.0607
1112	0.3	0.222	0.152	0.0607
1113	0.3	0.222	0.152	0.0608
1114	0.3	0.222	0.152	0.0607
1115	0.3	0.222	0.152	0.0607
1116	0.3	0.222	0.152	0.0607
1117	0.3	0.222	0.152	0.0607
1118	0.3	0.222	0.152	0.0608
1119	0.3	0.222	0.152	0.0608
1120	0.3	0.222	0.152	0.0608
1121	0.3	0.222	0.152	0.0608
1122	0.3	0.222	0.152	0.0608
1123	0.3	0.222	0.152	0.0607
1124	0.3	0.222	0.152	0.0607
1125	0.3	0.222	0.152	0.0608
1126	0.3	0.222	0.152	0.0608
1127	0.299	0.222	0.152	0.0608
1128	0.299	0.222	0.152	0.0608
1129	0.299	0.221	0.152	0.0608
1130	0.299	0.222	0.152	0.0608
1131	0.299	0.221	0.152	0.0608
1132	0.299	0.221	0.152	0.0607
1133	0.299	0.221	0.152	0.0607
1134	0.299	0.221	0.152	0.0607
1135	0.299	0.221	0.152	0.0608
1136	0.3	0.22	0.153	0.0603
1137	0.302	0.219	0.154	0.0598
1138	0.302	0.219	0.154	0.0598
1139	0.302	0.219	0.154	0.0599
1140	0.302	0.219	0.154	0.0599
1141	0.302	0.219	0.154	0.0599
1142	0.301	0.219	0.154	0.0599
1143	0.301	0.219	0.154	0.0599
1144	0.301	0.219	0.154	0.06
1145	0.301	0.219	0.154	0.06
1146	0.301	0.219	0.154	0.0599
1147	0.301	0.219	0.154	0.06
1148	0.301	0.219	0.154	0.06
1149	0.301	0.219	0.154	0.06
1150	0.301	0.219	0.154	0.06
1151	0.301	0.219	0.154	0.06
1152	0.301	0.219	0.154	0.06
1153	0.301	0.219	0.154	0.06
1154	0.301	0.219	0.154	0.06
1155	0.301	0.219	0.154	0.06
1156	0.3	0.219	0.153	0.0601
1157	0.3	0.219	0.153	0.06
1158	0.3	0.219	0.154	0.06
1159	0.3	0.219	0.153	0.06
1160	0.3	0.219	0.153	0.0601
1161	0.3	0.219	0.153	0.0601
1162	0.3	0.219	0.153	0.0601
1163	0.3	0.219	0.153	0.0601
1164	0.3	0.219	0.153	0.0601
1165	0.3	0.219	0.153	0.0601
1166	0.3	0.219	0.153	0.0601
1167	0.3	0.219	0.153	0.0601
1168	0.3	0.219	0.153	0.0601
1169	0.3	0.219	0.153	0.0601
1170	0.3	0.219	0.153	0.0602
1171	0.3	0.219	0.153	0.0602
1172	0.3	0.219	0.153	0.0601
1173	0.3	0.219	0.153	0.0601
1174	0.3	0.219	0.153	0.0602
1175	0.3	0.219	0.153	0.0602
1176	0.3	0.219	0.153	0.0602
1177	0.3	0.219	0.153	0.0602
1178	0.3	0.219	0.153	0.0602
1179	0.3	0.219	0.153	0.0601
1180	0.299	0.219	0.153	0.0602
1181	0.299	0.218	0.153	0.0601
1182	0.299	0.218	0.153	0.0602
1183	0.299	0.218	0.153	0.0602
1184	0.299	0.218	0.153	0.0602
1185	0.299	0.218	0.153	0.0602
1186	0.299	0.218	0.153	0.0602
1187	0.299	0.218	0.153	0.0602
1188	0.299	0.218	0.153	0.0602
1189	0.299	0.219	0.153	0.0603
1190	0.299	0.219	0.153	0.0602
1191	0.299	0.218	0.153	0.0602
1192	0.299	0.218	0.153	0.0602
1193	0.299	0.218	0.153	0.0602
1194	0.299	0.218	0.153	0.0602
1195	0.299	0.218	0.153	0.0602
1196	0.298	0.218	0.153	0.0602
1197	0.298	0.218	0.153	0.0602
1198	0.298	0.218	0.153	0.0602
1199	0.298	0.218	0.153	0.0602
1200	0.299	0.218	0.153	0.0602
1201	0.298	0.218	0.153	0.0602
1202	0.298	0.218	0.153	0.0602
1203	0.298	0.218	0.153	0.0602
1204	0.298	0.218	0.153	0.0602
1205	0.298	0.218	0.153	0.0602
1206	0.298	0.218	0.153	0.0602
1207	0.298	0.218	0.153	0.0602
1208	0.298	0.218	0.153	0.0602
1209	0.298	0.218	0.152	0.0603
1210	0.298	0.218	0.152	0.0603
1211	0.298	0.218	0.152	0.0603
1212	0.298	0.218	0.152	0.0603
1213	0.298	0.218	0.152	0.0603
1214	0.298	0.218	0.152	0.0603
1215	0.298	0.218	0.152	0.0603
1216	0.297	0.218	0.152	0.0603
1217	0.298	0.218	0.152	0.0603
1218	0.297	0.218	0.152	0.0603
1219	0.297	0.218	0.152	0.0603
1220	0.298	0.218	0.152	0.0603
1221	0.297	0.218	0.152	0.0603
1222	0.297	0.218	0.152	0.0603
1223	0.297	0.218	0.152	0.0603
1224	0.297	0.218	0.152	0.0603
1225	0.297	0.218	0.152	0.0604
1226	0.297	0.218	0.152	0.0603
1227	0.297	0.218	0.152	0.0603
1228	0.297	0.218	0.152	0.0603
1229	0.297	0.218	0.152	0.0603
1230	0.297	0.218	0.152	0.0603
1231	0.297	0.218	0.152	0.0603
1232	0.297	0.218	0.152	0.0603
1233	0.297	0.218	0.152	0.0603
1234	0.297	0.218	0.152	0.0604
1235	0.297	0.218	0.152	0.0604
1236	0.297	0.218	0.152	0.0603
1237	0.296	0.218	0.152	0.0604
1238	0.297	0.218	0.152	0.0603
1239	0.296	0.218	0.152	0.0604
1240	0.296	0.218	0.152	0.0604
1241	0.296	0.218	0.152	0.0603
1242	0.296	0.218	0.152	0.0603
1243	0.296	0.218	0.152	0.0603
1244	0.296	0.218	0.152	0.0604
1245	0.296	0.218	0.152	0.0604
1246	0.296	0.218	0.152	0.0604
1247	0.296	0.218	0.152	0.0604
1248	0.296	0.218	0.152	0.0604
1249	0.296	0.218	0.152	0.0604
1250	0.296	0.218	0.152	0.0604
1251	0.296	0.218	0.152	0.0604
1252	0.295	0.218	0.152	0.0604
1253	0.296	0.218	0.152	0.0604
1254	0.296	0.218	0.152	0.0604
1255	0.295	0.218	0.152	0.0604
1256	0.296	0.218	0.152	0.0604
1257	0.295	0.218	0.152	0.0604
1258	0.295	0.218	0.152	0.0604
1259	0.295	0.218	0.152	0.0604
1260	0.295	0.218	0.152	0.0604
1261	0.295	0.218	0.152	0.0604
1262	0.295	0.218	0.151	0.0604
1263	0.295	0.218	0.152	0.0604
1264	0.295	0.218	0.152	0.0604
1265	0.295	0.218	0.151	0.0604
1266	0.295	0.218	0.151	0.0604
1267	0.295	0.218	0.151	0.0604
1268	0.295	0.218	0.151	0.0604
1269	0.295	0.218	0.151	0.0604
1270	0.295	0.218	0.151	0.0604
1271	0.295	0.218	0.151	0.0604
1272	0.296	0.216	0.153	0.0599
1273	0.298	0.215	0.154	0.0594
1274	0.298	0.215	0.154	0.0594
1275	0.298	0.215	0.154	0.0595
1276	0.297	0.215	0.154	0.0595
1277	0.297	0.215	0.154	0.0595
1278	0.298	0.215	0.154	0.0595
1279	0.297	0.215	0.154	0.0595
1280	0.297	0.215	0.154	0.0595
1281	0.297	0.215	0.154	0.0595
1282	0.297	0.215	0.154	0.0595
1283	0.297	0.215	0.154	0.0595
1284	0.297	0.215	0.153	0.0595
1285	0.297	0.215	0.153	0.0596
1286	0.297	0.215	0.153	0.0596
1287	0.297	0.215	0.153	0.0596
1288	0.297	0.215	0.153	0.0596
1289	0.297	0.215	0.153	0.0596
1290	0.297	0.215	0.153	0.0596
1291	0.297	0.215	0.153	0.0596
1292	0.297	0.215	0.153	0.0596
1293	0.297	0.215	0.153	0.0596
1294	0.297	0.215	0.153	0.0596
1295	0.297	0.215	0.153	0.0596
1296	0.297	0.215	0.153	0.0596
1297	0.297	0.215	0.153	0.0596
1298	0.297	0.215	0.153	0.0596
1299	0.296	0.215	0.153	0.0596
1300	0.296	0.215	0.153	0.0597
1301	0.296	0.215	0.153	0.0596
1302	0.296	0.215	0.153	0.0597
1303	0.296	0.215	0.153	0.0597
1304	0.296	0.215	0.153	0.0596
1305	0.296	0.215	0.153	0.0597
1306	0.296	0.215	0.153	0.0597
1307	0.296	0.215	0.153	0.0596
1308	0.296	0.215	0.153	0.0597
1309	0.296	0.215	0.153	0.0597
1310	0.296	0.215	0.153	0.0596
1311	0.296	0.215	0.153	0.0596
1312	0.296	0.215	0.153	0.0596
1313	0.296	0.215	0.153	0.0596
1314	0.296	0.215	0.153	0.0597
1315	0.296	0.215	0.153	0.0597
1316	0.296	0.215	0.153	0.0596
1317	0.296	0.215	0.153	0.0597
1318	0.296	0.215	0.153	0.0597
1319	0.296	0.215	0.153	0.0597
1320	0.296	0.215	0.153	0.0598
1321	0.295	0.215	0.153	0.0598
1322	0.296	0.215	0.153	0.0597
1323	0.295	0.215	0.153	0.0597
1324	0.295	0.215	0.153	0.0598
1325	0.295	0.215	0.153	0.0598
1326	0.295	0.215	0.153	0.0598
1327	0.295	0.215	0.153	0.0597
1328	0.295	0.215	0.153	0.0597
1329	0.295	0.215	0.153	0.0598
1330	0.295	0.215	0.153	0.0598
1331	0.295	0.215	0.153	0.0597
1332	0.295	0.215	0.153	0.0598
1333	0.295	0.215	0.152	0.0598
1334	0.295	0.215	0.153	0.0598
1335	0.295	0.215	0.153	0.0598
1336	0.295	0.215	0.152	0.0598
1337	0.295	0.215	0.152	0.0598
1338	0.295	0.215	0.152	0.0598
1339	0.295	0.215	0.152	0.0598
1340	0.295	0.215	0.152	0.0598
1341	0.294	0.215	0.152	0.0599
1342	0.294	0.215	0.152	0.0598
1343	0.294	0.215	0.152	0.0598
1344	0.294	0.215	0.152	0.0599
1345	0.294	0.215	0.152	0.0598
1346	0.294	0.215	0.152	0.0598
1347	0.294	0.215	0.152	0.0598
1348	0.294	0.215	0.152	0.0598
1349	0.294	0.215	0.152	0.0598
1350	0.294	0.215	0.152	0.0598
1351	0.294	0.215	0.152	0.0598
1352	0.294	0.215	0.152	0.0598
1353	0.294	0.215	0.152	0.0598
1354	0.294	0.215	0.152	0.0599
1355	0.294	0.215	0.152	0.0598
1356	0.294	0.215	0.152	0.0598
1357	0.294	0.215	0.152	0.0598
1358	0.294	0.215	0.152	0.0599
1359	0.294	0.215	0.152	0.0599
1360	0.294	0.215	0.152	0.0599
1361	0.294	0.215	0.152	0.0598
1362	0.294	0.215	0.152	0.0599
1363	0.293	0.215	0.152	0.0599
1364	0.294	0.215	0.152	0.0599
1365	0.294	0.215	0.152	0.0599
1366	0.293	0.215	0.152	0.0599
1367	0.294	0.215	0.152	0.0598
1368	0.293	0.215	0.152	0.0599
1369	0.293	0.215	0.152	0.0599
1370	0.293	0.215	0.152	0.0598
1371	0.293	0.215	0.152	0.0599
1372	0.293	0.215	0.152	0.0599
1373	0.293	0.215	0.152	0.0599
1374	0.293	0.215	0.152	0.0599
1375	0.293	0.215	0.152	0.0599
1376	0.293	0.215	0.152	0.0599
1377	0.293	0.215	0.152	0.0599
1378	0.293	0.215	0.152	0.0599
1379	0.293	0.215	0.152	0.0599
1380	0.293	0.215	0.152	0.0599
1381	0.293	0.215	0.152	0.06
1382	0.293	0.214	0.152	0.0599
1383	0.293	0.214	0.152	0.0599
1384	0.292	0.215	0.152	0.06
1385	0.293	0.215	0.152	0.0599
1386	0.293	0.215	0.152	0.0599
1387	0.293	0.214	0.152	0.0599
1388	0.293	0.214	0.152	0.0599
1389	0.292	0.214	0.152	0.06
1390	0.292	0.214	0.152	0.0599
1391	0.292	0.214	0.152	0.0599
1392	0.292	0.214	0.152	0.0599
1393	0.292	0.214	0.152	0.0599
1394	0.292	0.214	0.152	0.0599
1395	0.292	0.214	0.151	0.0599
1396	0.292	0.214	0.151	0.0599
1397	0.292	0.214	0.151	0.0599
1398	0.292	0.214	0.151	0.0599
1399	0.292	0.214	0.151	0.0599
1400	0.292	0.214	0.151	0.0599
1401	0.292	0.214	0.151	0.0599
1402	0.292	0.214	0.151	0.0599
1403	0.292	0.214	0.151	0.0598
1404	0.292	0.214	0.151	0.0599
1405	0.292	0.214	0.151	0.0599
1406	0.292	0.214	0.151	0.0599
1407	0.292	0.214	0.151	0.0599
1408	0.292	0.214	0.151	0.0599
1409	0.292	0.214	0.151	0.0599
1410	0.292	0.214	0.151	0.06
1411	0.292	0.214	0.151	0.06
1412	0.292	0.214	0.151	0.0599
1413	0.291	0.214	0.151	0.06
1414	0.291	0.214	0.151	0.06
1415	0.291	0.214	0.151	0.06
1416	0.291	0.214	0.151	0.06
1417	0.291	0.214	0.151	0.0599
1418	0.291	0.214	0.151	0.0599
1419	0.291	0.214	0.151	0.06
1420	0.291	0.214	0.151	0.06
1421	0.291	0.214	0.151	0.06
1422	0.291	0.214	0.151	0.06
1423	0.291	0.214	0.151	0.06
1424	0.291	0.214	0.151	0.0599
1425	0.291	0.214	0.151	0.06
1426	0.291	0.214	0.151	0.06
1427	0.291	0.214	0.151	0.06
1428	0.291	0.214	0.151	0.06
1429	0.291	0.214	0.151	0.06
1430	0.291	0.214	0.151	0.06
1431	0.291	0.214	0.151	0.06
1432	0.29	0.214	0.151	0.06
1433	0.291	0.214	0.151	0.06
1434	0.291	0.214	0.151	0.06
1435	0.291	0.214	0.151	0.06
1436	0.29	0.214	0.151	0.06
1437	0.29	0.214	0.151	0.06
1438	0.29	0.214	0.151	0.06
1439	0.29	0.214	0.151	0.06
1440	0.29	0.214	0.151	0.06
1441	0.29	0.214	0.151	0.06
1442	0.29	0.214	0.151	0.06
1443	0.29	0.214	0.151	0.06
1444	0.29	0.214	0.151	0.06
1445	0.29	0.214	0.151	0.06
1446	0.292	0.213	0.152	0.0595
1447	0.293	0.211	0.153	0.0591
1448	0.293	0.211	0.153	0.0591
1449	0.293	0.211	0.153	0.0591
1450	0.293	0.211	0.153	0.0591
1451	0.293	0.211	0.153	0.0591
1452	0.293	0.211	0.153	0.0591
1453	0.293	0.211	0.153	0.0591
1454	0.293	0.211	0.153	0.0591
1455	0.293	0.211	0.153	0.0591
1456	0.293	0.212	0.153	0.0591
1457	0.293	0.211	0.153	0.0591
1458	0.292	0.211	0.153	0.0592
1459	0.292	0.211	0.153	0.0592
1460	0.293	0.211	0.153	0.0592
1461	0.292	0.211	0.153	0.0592
1462	0.292	0.211	0.153	0.0592
1463	0.292	0.211	0.153	0.0592
1464	0.292	0.211	0.153	0.0592
1465	0.292	0.211	0.153	0.0592
1466	0.292	0.211	0.153	0.0592
1467	0.292	0.211	0.153	0.0592
1468	0.292	0.211	0.153	0.0592
1469	0.292	0.211	0.153	0.0592
1470	0.292	0.211	0.153	0.0592
1471	0.292	0.212	0.153	0.0592
1472	0.292	0.211	0.153	0.0592
1473	0.292	0.211	0.153	0.0592
1474	0.292	0.211	0.153	0.0592
1475	0.292	0.211	0.153	0.0592
1476	0.292	0.211	0.153	0.0592
1477	0.292	0.211	0.152	0.0592
1478	0.292	0.211	0.153	0.0592
1479	0.292	0.211	0.152	0.0592
1480	0.292	0.211	0.152	0.0592
1481	0.292	0.211	0.152	0.0593
1482	0.292	0.211	0.152	0.0593
1483	0.292	0.211	0.152	0.0593
1484	0.292	0.211	0.152	0.0592
1485	0.291	0.211	0.152	0.0593
1486	0.291	0.211	0.152	0.0592
1487	0.291	0.211	0.152	0.0593
1488	0.291	0.211	0.152	0.0593
1489	0.291	0.211	0.152	0.0593
1490	0.291	0.211	0.152	0.0593
1491	0.291	0.211	0.152	0.0593
1492	0.291	0.211	0.152	0.0593
1493	0.291	0.211	0.152	0.0593
1494	0.291	0.211	0.152	0.0593
1495	0.291	0.211	0.152	0.0593
1496	0.291	0.211	0.152	0.0593
1497	0.291	0.211	0.152	0.0593
1498	0.291	0.211	0.152	0.0593
1499	0.291	0.211	0.152	0.0594
1500	0.291	0.211	0.152	0.0593
1501	0.291	0.211	0.152	0.0593
1502	0.291	0.211	0.152	0.0593
1503	0.291	0.211	0.152	0.0594
1504	0.291	0.211	0.152	0.0594
1505	0.291	0.211	0.152	0.0594
1506	0.291	0.211	0.152	0.0594
1507	0.29	0.211	0.152	0.0594
1508	0.291	0.211	0.152	0.0594
1509	0.291	0.211	0.152	0.0593
1510	0.29	0.211	0.152	0.0594
1511	0.291	0.211	0.152	0.0594
1512	0.29	0.211	0.152	0.0594
1513	0.29	0.211	0.152	0.0594
1514	0.29	0.211	0.152	0.0594
1515	0.29	0.211	0.152	0.0594
1516	0.29	0.211	0.152	0.0594
1517	0.29	0.211	0.152	0.0594
1518	0.29	0.211	0.152	0.0594
1519	0.29	0.211	0.152	0.0594
1520	0.29	0.211	0.152	0.0594
1521	0.29	0.211	0.152	0.0594
1522	0.29	0.211	0.152	0.0594
1523	0.29	0.211	0.152	0.0594
1524	0.29	0.211	0.152	0.0594
1525	0.29	0.211	0.152	0.0594
1526	0.29	0.211	0.152	0.0594
1527	0.29	0.211	0.152	0.0594
1528	0.29	0.211	0.152	0.0594
1529	0.29	0.211	0.152	0.0594
1530	0.289	0.211	0.152	0.0594
1531	0.29	0.211	0.152	0.0594
1532	0.29	0.211	0.152	0.0594
1533	0.29	0.211	0.152	0.0594
1534	0.289	0.211	0.152	0.0594
1535	0.289	0.211	0.151	0.0594
1536	0.289	0.211	0.151	0.0594
1537	0.289	0.211	0.152	0.0594
1538	0.289	0.211	0.151	0.0594
1539	0.289	0.211	0.151	0.0594
1540	0.289	0.211	0.151	0.0594
1541	0.289	0.211	0.151	0.0594
1542	0.289	0.211	0.151	0.0594
1543	0.289	0.211	0.151	0.0595
1544	0.289	0.211	0.151	0.0594
1545	0.289	0.211	0.151	0.0594
1546	0.289	0.211	0.151	0.0594
1547	0.289	0.211	0.151	0.0595
1548	0.289	0.211	0.151	0.0594
1549	0.289	0.211	0.151	0.0595
1550	0.289	0.211	0.151	0.0594
1551	0.289	0.211	0.151	0.0594
1552	0.289	0.211	0.151	0.0594
1553	0.289	0.211	0.151	0.0594
1554	0.288	0.211	0.151	0.0594
1555	0.289	0.211	0.151	0.0594
1556	0.289	0.211	0.151	0.0594
1557	0.289	0.211	0.151	0.0594
1558	0.289	0.211	0.151	0.0594
1559	0.288	0.211	0.151	0.0595
1560	0.289	0.211	0.151	0.0594
1561	0.288	0.211	0.151	0.0595
1562	0.288	0.211	0.151	0.0595
1563	0.288	0.211	0.151	0.0595
1564	0.288	0.211	0.151	0.0595
1565	0.288	0.211	0.151	0.0595
1566	0.288	0.211	0.151	0.0595
1567	0.288	0.211	0.151	0.0595
1568	0.288	0.211	0.151	0.0595
1569	0.288	0.211	0.151	0.0595
1570	0.288	0.211	0.151	0.0595
1571	0.288	0.211	0.151	0.0595
1572	0.288	0.211	0.151	0.0594
1573	0.288	0.211	0.151	0.0595
1574	0.288	0.211	0.151	0.0595
1575	0.288	0.211	0.151	0.0595
1576	0.288	0.211	0.151	0.0595
1577	0.288	0.211	0.151	0.0596
1578	0.288	0.211	0.151	0.0595
1579	0.288	0.211	0.151	0.0595
1580	0.288	0.211	0.151	0.0596
1581	0.288	0.211	0.151	0.0595
1582	0.288	0.211	0.151	0.0595
1583	0.288	0.211	0.151	0.0595
1584	0.288	0.211	0.151	0.0595
1585	0.288	0.211	0.151	0.0595
1586	0.288	0.211	0.151	0.0595
1587	0.288	0.211	0.151	0.0595
1588	0.287	0.211	0.151	0.0595
1589	0.287	0.211	0.151	0.0596
1590	0.287	0.211	0.151	0.0595
1591	0.287	0.211	0.151	0.0596
1592	0.287	0.211	0.151	0.0596
1593	0.287	0.211	0.151	0.0595
1594	0.287	0.211	0.151	0.0595
1595	0.287	0.211	0.151	0.0596
