Iteration	ValueMean	ValueStddev	DerivMean	DerivStddev
5	0.506	0.269	0.162	0.0621
6	0.491	0.271	0.164	0.0605
7	0.492	0.27	0.162	0.0581
8	0.492	0.27	0.161	0.0574
9	0.492	0.271	0.161	0.057
10	0.493	0.269	0.161	0.0564
11	0.492	0.268	0.161	0.0558
12	0.491	0.267	0.161	0.0551
13	0.49	0.266	0.161	0.0547
14	0.49	0.265	0.161	0.0544
15	0.489	0.265	0.161	0.0542
16	0.488	0.265	0.161	0.054
17	0.488	0.265	0.16	0.054
18	0.488	0.264	0.16	0.0538
19	0.487	0.264	0.16	0.0534
20	0.486	0.264	0.16	0.0533
21	0.486	0.264	0.159	0.0532
22	0.486	0.263	0.159	0.0529
23	0.485	0.263	0.159	0.0527
24	0.485	0.263	0.159	0.0526
25	0.485	0.262	0.158	0.0524
26	0.484	0.262	0.158	0.0525
27	0.484	0.262	0.158	0.0523
28	0.484	0.262	0.158	0.0523
29	0.483	0.262	0.157	0.0522
30	0.482	0.261	0.157	0.0519
31	0.482	0.261	0.157	0.0518
32	0.481	0.261	0.157	0.0518
33	0.48	0.261	0.157	0.0518
34	0.48	0.261	0.157	0.0518
35	0.479	0.261	0.157	0.0516
36	0.479	0.261	0.157	0.0516
37	0.478	0.26	0.156	0.0515
38	0.478	0.261	0.156	0.0515
39	0.478	0.261	0.156	0.0514
40	0.478	0.261	0.156	0.0514
41	0.477	0.26	0.156	0.0513
42	0.477	0.26	0.156	0.0512
43	0.476	0.26	0.155	0.0511
44	0.476	0.26	0.155	0.051
45	0.476	0.26	0.155	0.051
46	0.476	0.26	0.155	0.051
47	0.475	0.26	0.155	0.0509
48	0.474	0.259	0.155	0.0509
49	0.474	0.259	0.155	0.0507
50	0.473	0.259	0.155	0.0506
51	0.473	0.259	0.155	0.0506
52	0.472	0.259	0.155	0.0507
53	0.472	0.259	0.154	0.0507
54	0.471	0.259	0.154	0.0507
55	0.47	0.259	0.154	0.0506
56	0.47	0.26	0.154	0.0507
57	0.469	0.26	0.154	0.0506
58	0.469	0.26	0.154	0.0506
59	0.469	0.26	0.154	0.0506
60	0.468	0.26	0.154	0.0507
61	0.468	0.26	0.153	0.0506
62	0.467	0.26	0.153	0.0505
63	0.467	0.26	0.153	0.0505
64	0.467	0.26	0.153	0.0504
65	0.466	0.26	0.153	0.0504
66	0.466	0.259	0.153	0.0503
67	0.466	0.259	0.153	0.0502
68	0.465	0.259	0.153	0.0502
69	0.465	0.259	0.153	0.0501
70	0.464	0.259	0.153	0.0502
71	0.464	0.259	0.153	0.0503
72	0.463	0.259	0.153	0.0502
73	0.463	0.259	0.153	0.0502
74	0.463	0.259	0.153	0.0501
75	0.462	0.259	0.152	0.0501
76	0.462	0.259	0.152	0.0501
77	0.462	0.259	0.152	0.0502
78	0.462	0.259	0.152	0.0501
79	0.461	0.259	0.152	0.0499
80	0.461	0.259	0.152	0.05
81	0.46	0.259	0.152	0.05
82	0.46	0.259	0.152	0.0499
83	0.46	0.259	0.152	0.0499
84	0.459	0.259	0.152	0.0498
85	0.459	0.259	0.152	0.0498
86	0.459	0.259	0.152	0.0499
87	0.458	0.259	0.152	0.0499
88	0.458	0.259	0.152	0.0499
89	0.458	0.259	0.151	0.0498
90	0.457	0.259	0.151	0.0498
91	0.457	0.259	0.151	0.0497
92	0.456	0.259	0.151	0.0498
93	0.456	0.259	0.151	0.0498
94	0.456	0.259	0.151	0.0498
95	0.455	0.259	0.151	0.0498
96	0.454	0.259	0.151	0.0498
97	0.454	0.258	0.151	0.0496
98	0.454	0.259	0.151	0.0497
99	0.453	0.259	0.151	0.0496
100	0.454	0.259	0.151	0.0497
101	0.453	0.259	0.151	0.0497
102	0.453	0.259	0.151	0.0497
103	0.452	0.259	0.151	0.0497
104	0.452	0.259	0.151	0.0498
105	0.452	0.259	0.15	0.0498
106	0.452	0.259	0.151	0.0498
107	0.451	0.259	0.15	0.0498
108	0.451	0.259	0.15	0.0497
109	0.451	0.259	0.15	0.0497
110	0.451	0.259	0.15	0.0498
111	0.45	0.259	0.15	0.0497
112	0.45	0.259	0.15	0.0497
113	0.45	0.259	0.15	0.0497
114	0.449	0.259	0.15	0.0497
115	0.449	0.259	0.15	0.0497
116	0.449	0.259	0.15	0.0497
117	0.448	0.259	0.15	0.0497
118	0.448	0.259	0.15	0.0497
119	0.448	0.259	0.15	0.0497
120	0.447	0.259	0.15	0.0497
121	0.447	0.259	0.15	0.0498
122	0.447	0.259	0.15	0.0498
123	0.446	0.259	0.15	0.0497
124	0.446	0.259	0.15	0.0498
125	0.445	0.259	0.15	0.0499
126	0.445	0.259	0.15	0.0498
127	0.444	0.259	0.15	0.0497
128	0.444	0.259	0.15	0.0497
129	0.443	0.259	0.15	0.0498
130	0.444	0.259	0.15	0.0497
131	0.443	0.259	0.149	0.0497
132	0.443	0.259	0.149	0.0497
133	0.443	0.259	0.149	0.0497
134	0.443	0.259	0.149	0.0498
135	0.442	0.259	0.149	0.0498
136	0.442	0.258	0.149	0.0496
137	0.442	0.259	0.149	0.0496
138	0.441	0.259	0.149	0.0497
139	0.441	0.259	0.149	0.0497
140	0.44	0.259	0.149	0.0498
141	0.44	0.258	0.149	0.0497
142	0.44	0.259	0.149	0.0497
143	0.44	0.259	0.149	0.0497
144	0.439	0.259	0.149	0.0497
145	0.439	0.258	0.149	0.0497
146	0.439	0.259	0.149	0.0498
147	0.439	0.259	0.149	0.0497
148	0.438	0.259	0.149	0.0497
149	0.438	0.258	0.149	0.0497
150	0.437	0.259	0.149	0.0497
151	0.437	0.259	0.149	0.0497
152	0.437	0.259	0.149	0.0498
153	0.437	0.259	0.149	0.0498
154	0.436	0.259	0.149	0.0498
155	0.436	0.259	0.148	0.0498
156	0.436	0.259	0.149	0.0499
157	0.436	0.258	0.149	0.0498
158	0.436	0.258	0.149	0.0498
159	0.434	0.258	0.149	0.0498
160	0.434	0.258	0.148	0.0498
161	0.435	0.258	0.148	0.0498
162	0.434	0.258	0.148	0.0498
163	0.433	0.258	0.148	0.0498
164	0.433	0.258	0.148	0.0499
165	0.433	0.258	0.148	0.0499
166	0.433	0.258	0.148	0.0498
167	0.433	0.258	0.148	0.0499
168	0.432	0.258	0.148	0.05
169	0.432	0.258	0.148	0.0499
170	0.432	0.258	0.148	0.0499
171	0.431	0.258	0.148	0.05
172	0.432	0.258	0.148	0.0499
173	0.431	0.258	0.148	0.05
174	0.431	0.258	0.148	0.05
175	0.43	0.258	0.148	0.0501
176	0.43	0.258	0.148	0.0501
177	0.43	0.258	0.148	0.0501
178	0.43	0.258	0.148	0.0501
179	0.429	0.258	0.148	0.05
180	0.429	0.258	0.148	0.0499
181	0.429	0.258	0.148	0.0501
182	0.429	0.258	0.148	0.05
183	0.428	0.257	0.148	0.0501
184	0.429	0.257	0.148	0.05
185	0.428	0.258	0.148	0.0501
186	0.428	0.258	0.148	0.0501
187	0.427	0.258	0.148	0.0501
188	0.427	0.257	0.148	0.0501
189	0.427	0.258	0.148	0.0502
190	0.426	0.258	0.148	0.0502
191	0.426	0.257	0.148	0.0501
192	0.426	0.257	0.148	0.0501
193	0.426	0.257	0.148	0.0502
194	0.426	0.257	0.148	0.05
195	0.425	0.257	0.147	0.0501
196	0.425	0.257	0.147	0.0501
197	0.425	0.257	0.148	0.0502
198	0.425	0.257	0.147	0.0501
199	0.424	0.257	0.147	0.0501
200	0.425	0.257	0.147	0.0501
201	0.424	0.257	0.147	0.0501
202	0.423	0.257	0.147	0.0501
203	0.423	0.256	0.148	0.0501
204	0.423	0.257	0.147	0.0501
205	0.423	0.257	0.147	0.0502
206	0.423	0.257	0.147	0.0501
207	0.422	0.257	0.147	0.0502
208	0.422	0.257	0.147	0.0501
209	0.422	0.257	0.147	0.0501
210	0.421	0.256	0.147	0.0501
211	0.421	0.257	0.147	0.0502
212	0.422	0.256	0.147	0.0502
213	0.421	0.256	0.147	0.0501
214	0.421	0.256	0.147	0.0501
215	0.421	0.256	0.147	0.0501
216	0.421	0.256	0.147	0.0502
217	0.42	0.257	0.147	0.0503
218	0.42	0.256	0.147	0.0502
219	0.42	0.256	0.147	0.0502
220	0.42	0.256	0.147	0.0502
221	0.419	0.256	0.147	0.0502
222	0.419	0.256	0.147	0.0502
223	0.419	0.256	0.147	0.0503
224	0.419	0.256	0.147	0.0502
225	0.419	0.256	0.147	0.0502
226	0.418	0.256	0.147	0.0503
227	0.418	0.256	0.147	0.0503
228	0.418	0.256	0.147	0.0503
229	0.417	0.256	0.147	0.0503
230	0.417	0.256	0.147	0.0503
231	0.417	0.256	0.147	0.0503
232	0.417	0.256	0.146	0.0504
233	0.417	0.256	0.146	0.0504
234	0.417	0.256	0.147	0.0504
235	0.417	0.256	0.146	0.0503
236	0.416	0.256	0.147	0.0503
237	0.416	0.256	0.147	0.0504
238	0.416	0.256	0.146	0.0505
239	0.416	0.256	0.146	0.0504
240	0.416	0.256	0.146	0.0504
241	0.416	0.256	0.146	0.0504
242	0.416	0.255	0.146	0.0504
243	0.416	0.256	0.146	0.0504
244	0.415	0.256	0.146	0.0504
245	0.415	0.255	0.146	0.0504
246	0.415	0.255	0.146	0.0504
247	0.414	0.255	0.146	0.0504
248	0.414	0.255	0.146	0.0504
249	0.415	0.255	0.146	0.0504
250	0.413	0.256	0.146	0.0505
251	0.413	0.255	0.146	0.0505
252	0.413	0.255	0.146	0.0505
253	0.413	0.255	0.146	0.0505
254	0.413	0.255	0.146	0.0505
255	0.413	0.255	0.146	0.0505
256	0.412	0.255	0.146	0.0505
257	0.412	0.255	0.146	0.0505
258	0.412	0.255	0.146	0.0505
259	0.412	0.255	0.146	0.0504
260	0.412	0.255	0.146	0.0505
261	0.411	0.255	0.146	0.0504
262	0.41	0.255	0.146	0.0505
263	0.411	0.255	0.146	0.0505
264	0.411	0.255	0.146	0.0505
265	0.41	0.255	0.146	0.0506
266	0.41	0.254	0.146	0.0505
267	0.41	0.254	0.146	0.0505
268	0.409	0.255	0.146	0.0506
269	0.41	0.255	0.146	0.0506
270	0.41	0.255	0.146	0.0506
271	0.409	0.255	0.146	0.0507
272	0.409	0.255	0.146	0.0506
273	0.408	0.255	0.146	0.0506
274	0.408	0.255	0.146	0.0507
275	0.408	0.254	0.146	0.0506
276	0.408	0.254	0.146	0.0507
277	0.407	0.254	0.146	0.0507
278	0.408	0.254	0.146	0.0506
279	0.408	0.254	0.146	0.0506
280	0.407	0.254	0.146	0.0507
281	0.407	0.254	0.146	0.0507
282	0.407	0.254	0.146	0.0507
283	0.406	0.254	0.146	0.0507
284	0.406	0.254	0.146	0.0507
285	0.406	0.254	0.146	0.0507
286	0.405	0.254	0.145	0.0507
287	0.406	0.254	0.146	0.0507
288	0.406	0.254	0.145	0.0507
289	0.405	0.254	0.145	0.0507
290	0.406	0.254	0.146	0.0507
291	0.404	0.254	0.145	0.0507
292	0.405	0.254	0.145	0.0508
293	0.405	0.254	0.145	0.0508
294	0.405	0.254	0.145	0.0508
295	0.404	0.254	0.145	0.0508
296	0.404	0.254	0.145	0.0508
297	0.404	0.254	0.145	0.0508
298	0.404	0.254	0.145	0.0508
299	0.404	0.254	0.145	0.0508
300	0.404	0.254	0.145	0.0508
301	0.403	0.254	0.145	0.0509
302	0.403	0.253	0.145	0.0508
303	0.403	0.253	0.145	0.0508
304	0.403	0.253	0.145	0.0509
305	0.403	0.253	0.145	0.0508
306	0.403	0.253	0.145	0.0509
307	0.402	0.254	0.145	0.0509
308	0.402	0.254	0.145	0.0509
309	0.402	0.254	0.145	0.0509
310	0.402	0.254	0.145	0.0509
311	0.402	0.254	0.145	0.0509
312	0.401	0.254	0.145	0.0509
313	0.401	0.254	0.145	0.0509
314	0.401	0.254	0.145	0.051
315	0.401	0.253	0.145	0.0509
316	0.401	0.253	0.145	0.0509
317	0.401	0.253	0.145	0.0509
318	0.4	0.253	0.145	0.051
319	0.4	0.253	0.145	0.0509
320	0.4	0.253	0.145	0.0509
321	0.4	0.253	0.145	0.0509
322	0.399	0.253	0.145	0.051
323	0.399	0.253	0.145	0.0509
324	0.399	0.253	0.145	0.051
325	0.399	0.253	0.145	0.051
326	0.398	0.253	0.145	0.051
327	0.398	0.253	0.145	0.051
328	0.398	0.253	0.145	0.051
329	0.398	0.253	0.145	0.051
330	0.398	0.253	0.145	0.051
331	0.398	0.253	0.145	0.051
332	0.398	0.253	0.145	0.0511
333	0.397	0.253	0.144	0.051
334	0.397	0.253	0.145	0.051
335	0.397	0.253	0.144	0.051
336	0.397	0.253	0.144	0.051
337	0.397	0.253	0.144	0.051
338	0.396	0.253	0.144	0.051
339	0.396	0.252	0.144	0.0509
340	0.396	0.252	0.144	0.0509
341	0.396	0.252	0.144	0.051
342	0.396	0.252	0.144	0.0509
343	0.396	0.252	0.144	0.0509
344	0.396	0.253	0.144	0.051
345	0.396	0.253	0.144	0.051
346	0.395	0.253	0.144	0.0511
347	0.396	0.253	0.144	0.051
348	0.395	0.252	0.144	0.051
349	0.395	0.253	0.144	0.0511
350	0.394	0.252	0.144	0.0511
351	0.395	0.252	0.144	0.0511
352	0.394	0.252	0.144	0.0511
353	0.394	0.252	0.144	0.0511
354	0.394	0.252	0.144	0.0511
355	0.394	0.252	0.144	0.0511
356	0.394	0.252	0.144	0.0512
357	0.394	0.252	0.144	0.0511
358	0.394	0.252	0.144	0.0511
359	0.393	0.252	0.144	0.0512
360	0.393	0.252	0.144	0.0511
361	0.393	0.252	0.144	0.0512
362	0.393	0.252	0.144	0.0512
363	0.393	0.252	0.144	0.0512
364	0.392	0.252	0.144	0.0512
365	0.393	0.252	0.144	0.0512
366	0.393	0.252	0.144	0.0512
367	0.392	0.252	0.144	0.0512
368	0.392	0.252	0.144	0.0512
369	0.392	0.252	0.144	0.0512
370	0.391	0.252	0.144	0.0512
371	0.391	0.252	0.144	0.0512
372	0.391	0.252	0.144	0.0511
373	0.391	0.252	0.144	0.0512
374	0.39	0.252	0.144	0.0512
375	0.39	0.252	0.144	0.0512
376	0.39	0.252	0.144	0.0512
377	0.39	0.252	0.144	0.0512
378	0.39	0.252	0.144	0.0512
379	0.389	0.252	0.144	0.0512
380	0.389	0.252	0.144	0.0512
381	0.389	0.252	0.144	0.0512
382	0.389	0.252	0.143	0.0513
383	0.389	0.252	0.143	0.0512
384	0.389	0.251	0.144	0.0512
385	0.388	0.252	0.143	0.0513
386	0.388	0.252	0.143	0.0513
387	0.388	0.252	0.143	0.0513
388	0.388	0.252	0.143	0.0513
389	0.388	0.252	0.143	0.0512
390	0.388	0.251	0.143	0.0512
391	0.388	0.251	0.143	0.0512
392	0.387	0.251	0.143	0.0512
393	0.387	0.251	0.143	0.0512
394	0.387	0.251	0.143	0.0512
395	0.387	0.252	0.143	0.0513
396	0.387	0.251	0.143	0.0513
397	0.387	0.251	0.143	0.0513
398	0.387	0.251	0.143	0.0513
399	0.386	0.252	0.143	0.0514
400	0.386	0.251	0.143	0.0514
401	0.385	0.251	0.143	0.0513
402	0.386	0.251	0.143	0.0513
403	0.386	0.251	0.143	0.0513
404	0.386	0.251	0.143	0.0513
405	0.386	0.251	0.143	0.0513
406	0.385	0.251	0.143	0.0514
407	0.385	0.25	0.143	0.0513
408	0.385	0.251	0.143	0.0513
409	0.385	0.251	0.143	0.0514
410	0.385	0.251	0.143	0.0513
411	0.384	0.251	0.143	0.0513
412	0.384	0.251	0.143	0.0513
413	0.384	0.251	0.143	0.0513
414	0.384	0.251	0.143	0.0513
415	0.384	0.251	0.143	0.0513
416	0.383	0.25	0.143	0.0514
417	0.383	0.25	0.143	0.0513
418	0.383	0.25	0.143	0.0514
419	0.383	0.25	0.143	0.0513
420	0.383	0.25	0.143	0.0513
421	0.383	0.25	0.143	0.0514
422	0.382	0.25	0.143	0.0513
423	0.382	0.25	0.143	0.0513
424	0.382	0.25	0.143	0.0514
425	0.382	0.25	0.143	0.0514
426	0.382	0.25	0.143	0.0514
427	0.382	0.25	0.143	0.0514
428	0.381	0.25	0.143	0.0514
429	0.381	0.25	0.143	0.0514
430	0.381	0.25	0.143	0.0514
431	0.381	0.25	0.143	0.0514
432	0.381	0.25	0.143	0.0514
433	0.381	0.25	0.143	0.0514
434	0.381	0.25	0.143	0.0514
435	0.381	0.25	0.143	0.0514
436	0.381	0.25	0.142	0.0514
437	0.381	0.25	0.142	0.0514
438	0.381	0.25	0.142	0.0514
439	0.381	0.25	0.143	0.0514
440	0.38	0.25	0.143	0.0514
441	0.38	0.25	0.142	0.0514
442	0.38	0.25	0.142	0.0515
443	0.38	0.25	0.142	0.0514
444	0.38	0.25	0.142	0.0514
445	0.379	0.25	0.142	0.0515
446	0.379	0.25	0.142	0.0514
447	0.379	0.25	0.142	0.0515
448	0.379	0.25	0.142	0.0515
449	0.379	0.25	0.142	0.0515
450	0.379	0.25	0.142	0.0515
451	0.378	0.25	0.142	0.0515
452	0.379	0.25	0.142	0.0514
453	0.379	0.25	0.142	0.0515
454	0.378	0.249	0.142	0.0514
455	0.378	0.249	0.142	0.0514
456	0.378	0.25	0.142	0.0515
457	0.377	0.249	0.142	0.0514
458	0.378	0.249	0.142	0.0515
459	0.377	0.249	0.142	0.0515
460	0.377	0.249	0.142	0.0515
461	0.377	0.249	0.142	0.0514
462	0.377	0.249	0.142	0.0515
463	0.377	0.249	0.142	0.0514
464	0.376	0.249	0.142	0.0515
465	0.377	0.249	0.142	0.0515
466	0.376	0.249	0.142	0.0516
467	0.376	0.249	0.142	0.0515
468	0.376	0.249	0.142	0.0515
469	0.376	0.249	0.142	0.0515
470	0.376	0.249	0.142	0.0514
471	0.376	0.249	0.142	0.0515
472	0.375	0.249	0.142	0.0515
473	0.375	0.249	0.142	0.0515
474	0.375	0.249	0.142	0.0515
475	0.375	0.249	0.142	0.0515
476	0.375	0.249	0.142	0.0515
477	0.375	0.249	0.142	0.0515
478	0.375	0.249	0.142	0.0516
479	0.375	0.249	0.142	0.0516
480	0.374	0.249	0.142	0.0517
481	0.374	0.249	0.142	0.0516
482	0.374	0.249	0.142	0.0515
483	0.374	0.249	0.142	0.0516
484	0.374	0.249	0.142	0.0516
485	0.374	0.249	0.142	0.0516
486	0.374	0.249	0.142	0.0515
487	0.374	0.249	0.142	0.0515
488	0.373	0.249	0.142	0.0515
489	0.373	0.249	0.142	0.0516
490	0.373	0.249	0.142	0.0516
491	0.373	0.249	0.142	0.0515
492	0.373	0.249	0.142	0.0515
493	0.373	0.248	0.142	0.0514
494	0.373	0.248	0.142	0.0515
495	0.373	0.248	0.142	0.0514
496	0.373	0.248	0.142	0.0515
497	0.373	0.248	0.142	0.0515
498	0.373	0.248	0.142	0.0515
499	0.372	0.248	0.142	0.0516
500	0.372	0.249	0.142	0.0516
501	0.372	0.248	0.142	0.0516
502	0.372	0.248	0.141	0.0516
503	0.372	0.248	0.141	0.0516
504	0.372	0.248	0.141	0.0516
505	0.371	0.249	0.141	0.0516
506	0.371	0.248	0.141	0.0515
507	0.372	0.248	0.141	0.0515
508	0.371	0.248	0.141	0.0516
509	0.371	0.248	0.141	0.0515
510	0.371	0.248	0.141	0.0515
511	0.37	0.248	0.141	0.0516
512	0.37	0.248	0.141	0.0516
513	0.37	0.248	0.141	0.0516
514	0.37	0.248	0.141	0.0516
515	0.37	0.248	0.141	0.0517
516	0.37	0.248	0.141	0.0516
517	0.369	0.248	0.141	0.0516
518	0.369	0.248	0.141	0.0516
519	0.369	0.248	0.141	0.0516
520	0.369	0.248	0.141	0.0517
521	0.369	0.248	0.141	0.0517
522	0.369	0.248	0.141	0.0517
523	0.369	0.248	0.141	0.0517
524	0.369	0.248	0.141	0.0516
525	0.369	0.248	0.141	0.0516
526	0.369	0.248	0.141	0.0516
527	0.368	0.248	0.141	0.0516
528	0.368	0.248	0.141	0.0517
529	0.368	0.248	0.141	0.0516
530	0.368	0.248	0.141	0.0517
531	0.368	0.247	0.141	0.0516
532	0.368	0.247	0.141	0.0516
533	0.368	0.247	0.141	0.0516
534	0.368	0.248	0.141	0.0516
535	0.367	0.247	0.141	0.0516
536	0.367	0.247	0.141	0.0516
537	0.368	0.248	0.141	0.0516
538	0.367	0.247	0.141	0.0516
539	0.367	0.247	0.141	0.0516
540	0.367	0.247	0.141	0.0516
541	0.367	0.247	0.141	0.0516
542	0.367	0.247	0.141	0.0516
543	0.367	0.247	0.141	0.0517
544	0.367	0.247	0.141	0.0517
545	0.367	0.247	0.141	0.0516
546	0.366	0.247	0.141	0.0517
547	0.366	0.247	0.141	0.0517
548	0.366	0.247	0.141	0.0517
549	0.366	0.247	0.141	0.0517
550	0.366	0.247	0.141	0.0517
551	0.366	0.247	0.141	0.0517
552	0.365	0.247	0.141	0.0517
553	0.365	0.247	0.141	0.0517
554	0.365	0.247	0.141	0.0517
555	0.365	0.247	0.141	0.0516
556	0.365	0.247	0.141	0.0516
557	0.365	0.247	0.141	0.0517
558	0.365	0.247	0.141	0.0516
559	0.364	0.247	0.141	0.0517
560	0.364	0.247	0.141	0.0517
561	0.365	0.247	0.141	0.0516
562	0.364	0.247	0.141	0.0517
563	0.364	0.246	0.141	0.0517
564	0.364	0.247	0.141	0.0517
565	0.364	0.247	0.141	0.0517
566	0.364	0.247	0.141	0.0517
567	0.364	0.247	0.141	0.0516
568	0.363	0.246	0.141	0.0517
569	0.363	0.246	0.141	0.0516
570	0.363	0.246	0.14	0.0517
571	0.363	0.246	0.14	0.0517
572	0.363	0.246	0.14	0.0517
573	0.363	0.246	0.14	0.0516
574	0.363	0.246	0.14	0.0516
575	0.363	0.246	0.141	0.0515
576	0.363	0.246	0.14	0.0516
577	0.363	0.246	0.14	0.0517
578	0.362	0.246	0.14	0.0517
579	0.363	0.246	0.14	0.0516
580	0.362	0.246	0.14	0.0517
581	0.362	0.246	0.14	0.0516
582	0.362	0.246	0.14	0.0517
583	0.362	0.246	0.14	0.0517
584	0.362	0.246	0.14	0.0516
585	0.362	0.246	0.14	0.0517
586	0.361	0.246	0.14	0.0517
587	0.361	0.246	0.14	0.0517
588	0.361	0.246	0.14	0.0517
589	0.361	0.246	0.14	0.0517
590	0.361	0.246	0.14	0.0516
591	0.361	0.246	0.14	0.0516
592	0.361	0.246	0.14	0.0516
593	0.361	0.245	0.14	0.0516
594	0.361	0.246	0.14	0.0516
595	0.36	0.246	0.14	0.0517
596	0.361	0.246	0.14	0.0516
597	0.36	0.245	0.14	0.0516
598	0.36	0.246	0.14	0.0517
599	0.36	0.246	0.14	0.0517
600	0.36	0.246	0.14	0.0517
601	0.36	0.246	0.14	0.0518
602	0.36	0.246	0.14	0.0517
603	0.36	0.246	0.14	0.0517
604	0.359	0.246	0.14	0.0517
605	0.36	0.246	0.14	0.0518
606	0.36	0.246	0.14	0.0518
607	0.359	0.246	0.14	0.0517
608	0.359	0.246	0.14	0.0517
609	0.359	0.246	0.14	0.0518
610	0.359	0.246	0.14	0.0518
611	0.359	0.246	0.14	0.0517
612	0.36	0.246	0.14	0.0517
613	0.358	0.246	0.14	0.0518
614	0.359	0.246	0.14	0.0518
615	0.359	0.245	0.14	0.0517
616	0.358	0.246	0.14	0.0518
617	0.359	0.246	0.14	0.0518
618	0.358	0.246	0.14	0.0518
619	0.358	0.245	0.14	0.0518
620	0.358	0.245	0.14	0.0518
621	0.358	0.245	0.14	0.0518
622	0.358	0.245	0.14	0.0518
623	0.358	0.245	0.14	0.0517
624	0.358	0.245	0.14	0.0517
625	0.358	0.245	0.14	0.0517
626	0.357	0.245	0.14	0.0518
627	0.358	0.245	0.14	0.0517
628	0.357	0.245	0.14	0.0517
629	0.357	0.245	0.14	0.0517
630	0.357	0.245	0.14	0.0517
631	0.357	0.245	0.14	0.0517
632	0.357	0.245	0.14	0.0517
633	0.357	0.245	0.14	0.0517
634	0.357	0.245	0.139	0.0518
635	0.357	0.245	0.14	0.0517
636	0.356	0.245	0.14	0.0517
637	0.356	0.245	0.139	0.0518
638	0.356	0.245	0.14	0.0517
639	0.356	0.245	0.14	0.0517
640	0.356	0.245	0.139	0.0518
641	0.356	0.244	0.139	0.0517
642	0.356	0.245	0.139	0.0517
643	0.356	0.245	0.139	0.0517
644	0.356	0.245	0.139	0.0517
645	0.355	0.245	0.139	0.0518
646	0.355	0.245	0.139	0.0518
647	0.355	0.245	0.139	0.0518
648	0.355	0.245	0.139	0.0518
649	0.355	0.245	0.139	0.0518
650	0.355	0.245	0.139	0.0518
651	0.355	0.244	0.139	0.0517
652	0.355	0.245	0.139	0.0518
653	0.355	0.244	0.139	0.0518
654	0.355	0.244	0.139	0.0517
655	0.354	0.245	0.139	0.0518
656	0.355	0.244	0.139	0.0517
657	0.355	0.244	0.139	0.0518
658	0.354	0.245	0.139	0.0518
659	0.354	0.244	0.139	0.0517
660	0.354	0.244	0.139	0.0518
661	0.354	0.244	0.139	0.0518
662	0.354	0.244	0.139	0.0517
663	0.354	0.244	0.139	0.0518
664	0.354	0.244	0.139	0.0518
665	0.354	0.245	0.139	0.0518
666	0.354	0.244	0.139	0.0517
667	0.353	0.244	0.139	0.0518
668	0.353	0.244	0.139	0.0518
669	0.354	0.244	0.139	0.0518
670	0.353	0.244	0.139	0.0519
671	0.353	0.244	0.139	0.0519
672	0.353	0.244	0.139	0.0518
673	0.353	0.244	0.139	0.0519
674	0.353	0.244	0.139	0.0519
675	0.353	0.244	0.139	0.0518
676	0.352	0.244	0.139	0.0518
677	0.352	0.244	0.139	0.0519
678	0.353	0.244	0.139	0.0519
679	0.352	0.244	0.139	0.0518
680	0.352	0.244	0.139	0.0519
681	0.352	0.243	0.139	0.0518
682	0.352	0.244	0.139	0.0519
683	0.352	0.244	0.139	0.0519
684	0.352	0.244	0.139	0.0519
685	0.352	0.244	0.139	0.0519
686	0.352	0.244	0.139	0.0519
687	0.352	0.244	0.139	0.0519
688	0.351	0.244	0.139	0.0519
689	0.351	0.244	0.139	0.0519
690	0.351	0.244	0.139	0.0518
691	0.351	0.244	0.139	0.0519
692	0.351	0.244	0.139	0.0519
693	0.351	0.244	0.139	0.0519
694	0.351	0.244	0.139	0.0519
695	0.351	0.244	0.139	0.0519
696	0.351	0.244	0.139	0.0518
697	0.351	0.244	0.139	0.0519
698	0.35	0.244	0.139	0.0519
699	0.35	0.244	0.139	0.0519
700	0.35	0.244	0.139	0.0519
701	0.35	0.243	0.139	0.0518
702	0.35	0.244	0.139	0.052
703	0.35	0.244	0.139	0.0519
704	0.35	0.244	0.139	0.0518
705	0.35	0.243	0.139	0.0519
706	0.349	0.243	0.139	0.0519
707	0.35	0.243	0.138	0.0519
708	0.349	0.243	0.139	0.0519
709	0.35	0.243	0.139	0.0518
710	0.35	0.243	0.139	0.0518
711	0.349	0.243	0.138	0.0518
712	0.349	0.243	0.138	0.0519
713	0.349	0.243	0.138	0.0519
714	0.349	0.243	0.138	0.0519
715	0.349	0.243	0.138	0.0518
716	0.349	0.243	0.138	0.0518
717	0.349	0.243	0.138	0.0518
718	0.349	0.243	0.138	0.0519
719	0.349	0.243	0.138	0.0519
720	0.349	0.243	0.138	0.0519
721	0.349	0.243	0.138	0.0519
722	0.348	0.243	0.138	0.052
723	0.348	0.243	0.138	0.0519
724	0.348	0.243	0.138	0.0519
725	0.348	0.243	0.138	0.0519
726	0.348	0.243	0.138	0.0518
727	0.348	0.243	0.138	0.0518
728	0.348	0.243	0.138	0.0519
729	0.347	0.243	0.138	0.0519
730	0.347	0.243	0.138	0.0518
731	0.347	0.243	0.138	0.0519
732	0.347	0.243	0.138	0.0518
733	0.347	0.243	0.138	0.0519
734	0.347	0.243	0.138	0.0518
735	0.347	0.243	0.138	0.0518
736	0.347	0.243	0.138	0.0518
737	0.347	0.243	0.138	0.0518
738	0.347	0.242	0.138	0.0518
739	0.347	0.243	0.138	0.0519
740	0.347	0.243	0.138	0.0519
741	0.347	0.243	0.138	0.0518
742	0.347	0.243	0.138	0.0518
743	0.346	0.242	0.138	0.0518
744	0.346	0.242	0.138	0.0518
745	0.346	0.242	0.138	0.0518
746	0.346	0.242	0.138	0.0518
747	0.346	0.242	0.138	0.0518
748	0.346	0.242	0.138	0.0518
749	0.346	0.242	0.138	0.0518
750	0.346	0.242	0.138	0.0519
751	0.346	0.242	0.138	0.0519
752	0.345	0.242	0.138	0.0519
753	0.346	0.242	0.138	0.0519
754	0.346	0.242	0.138	0.0519
755	0.345	0.242	0.138	0.0518
756	0.346	0.242	0.138	0.0518
757	0.345	0.242	0.138	0.0518
758	0.345	0.242	0.138	0.0518
759	0.345	0.242	0.138	0.0519
760	0.345	0.242	0.138	0.0519
761	0.345	0.242	0.138	0.0519
762	0.345	0.242	0.138	0.0519
763	0.345	0.242	0.138	0.0519
764	0.345	0.242	0.138	0.0519
765	0.345	0.242	0.138	0.0519
766	0.345	0.242	0.138	0.0519
767	0.344	0.242	0.138	0.0519
768	0.345	0.242	0.138	0.0519
769	0.345	0.242	0.138	0.0519
770	0.345	0.242	0.138	0.0518
771	0.345	0.242	0.138	0.0518
772	0.344	0.242	0.138	0.0519
773	0.344	0.242	0.138	0.0519
774	0.344	0.242	0.138	0.0519
775	0.344	0.242	0.138	0.052
776	0.344	0.242	0.138	0.0519
777	0.344	0.242	0.138	0.0519
778	0.344	0.242	0.138	0.0518
779	0.343	0.242	0.138	0.0519
780	0.344	0.242	0.138	0.0519
781	0.344	0.242	0.138	0.0519
782	0.343	0.242	0.137	0.0519
783	0.343	0.242	0.138	0.0518
784	0.343	0.242	0.137	0.0519
785	0.343	0.242	0.137	0.0519
786	0.343	0.242	0.137	0.0519
787	0.343	0.241	0.138	0.0518
788	0.343	0.241	0.137	0.0518
789	0.342	0.242	0.137	0.0519
790	0.342	0.241	0.137	0.0519
791	0.342	0.242	0.137	0.0519
792	0.342	0.242	0.137	0.0519
793	0.342	0.242	0.137	0.0519
794	0.342	0.241	0.137	0.0519
795	0.342	0.241	0.137	0.0519
796	0.342	0.241	0.137	0.0519
797	0.342	0.241	0.137	0.0519
798	0.342	0.241	0.137	0.0519
799	0.342	0.241	0.137	0.0519
800	0.342	0.241	0.137	0.0519
801	0.342	0.241	0.137	0.0519
802	0.341	0.241	0.137	0.0519
803	0.342	0.241	0.137	0.0519
804	0.341	0.241	0.137	0.0519
805	0.341	0.241	0.137	0.0519
806	0.341	0.241	0.137	0.0519
807	0.341	0.241	0.137	0.0519
808	0.341	0.241	0.137	0.0519
809	0.341	0.241	0.137	0.0519
810	0.34	0.241	0.137	0.0519
811	0.341	0.241	0.137	0.0519
812	0.34	0.241	0.137	0.0519
813	0.34	0.241	0.137	0.0519
814	0.34	0.241	0.137	0.0519
815	0.34	0.241	0.137	0.0519
816	0.34	0.241	0.137	0.052
817	0.34	0.241	0.137	0.0519
818	0.34	0.241	0.137	0.0519
819	0.34	0.241	0.137	0.0519
820	0.34	0.241	0.137	0.052
821	0.34	0.241	0.137	0.052
822	0.34	0.241	0.137	0.052
823	0.34	0.241	0.137	0.052
824	0.34	0.241	0.137	0.0519
825	0.339	0.241	0.137	0.052
826	0.339	0.241	0.137	0.052
827	0.339	0.24	0.137	0.0519
828	0.339	0.241	0.137	0.052
829	0.339	0.241	0.137	0.0519
830	0.339	0.241	0.137	0.0519
831	0.339	0.241	0.137	0.0519
832	0.339	0.241	0.137	0.052
833	0.339	0.241	0.137	0.0519
834	0.339	0.241	0.137	0.0519
835	0.338	0.241	0.137	0.052
836	0.338	0.241	0.137	0.052
837	0.339	0.241	0.137	0.052
838	0.339	0.241	0.137	0.052
839	0.338	0.241	0.137	0.052
840	0.338	0.241	0.137	0.0519
841	0.338	0.241	0.137	0.0519
842	0.338	0.241	0.137	0.052
843	0.338	0.241	0.137	0.052
844	0.338	0.24	0.137	0.0519
845	0.338	0.241	0.137	0.0519
846	0.337	0.24	0.137	0.052
847	0.337	0.24	0.137	0.052
848	0.337	0.24	0.136	0.052
849	0.337	0.24	0.137	0.052
850	0.337	0.24	0.137	0.052
851	0.337	0.24	0.137	0.052
852	0.337	0.24	0.136	0.052
853	0.337	0.24	0.137	0.052
854	0.337	0.24	0.136	0.052
855	0.337	0.24	0.136	0.052
856	0.337	0.24	0.136	0.052
857	0.337	0.24	0.136	0.052
858	0.337	0.24	0.136	0.052
859	0.337	0.24	0.136	0.0519
860	0.337	0.24	0.136	0.0519
861	0.337	0.24	0.136	0.052
862	0.337	0.24	0.136	0.052
863	0.337	0.24	0.136	0.052
864	0.336	0.24	0.136	0.052
865	0.336	0.24	0.136	0.052
866	0.336	0.24	0.136	0.052
867	0.337	0.24	0.136	0.0519
868	0.337	0.24	0.136	0.052
869	0.336	0.24	0.136	0.052
870	0.336	0.24	0.136	0.0519
871	0.336	0.24	0.136	0.052
872	0.336	0.24	0.136	0.052
873	0.336	0.24	0.136	0.052
874	0.336	0.24	0.136	0.052
875	0.336	0.24	0.136	0.0519
876	0.336	0.24	0.136	0.052
877	0.336	0.24	0.136	0.0519
878	0.335	0.24	0.136	0.0519
879	0.335	0.24	0.136	0.0519
880	0.335	0.24	0.136	0.0519
881	0.335	0.24	0.136	0.052
882	0.335	0.24	0.136	0.052
883	0.335	0.24	0.136	0.052
884	0.335	0.24	0.136	0.0521
885	0.334	0.24	0.136	0.0521
886	0.335	0.24	0.136	0.052
887	0.335	0.24	0.136	0.052
888	0.334	0.24	0.136	0.0521
889	0.335	0.24	0.136	0.052
890	0.335	0.24	0.136	0.0521
891	0.334	0.24	0.136	0.0521
892	0.334	0.24	0.136	0.052
893	0.334	0.24	0.136	0.052
894	0.334	0.24	0.136	0.0521
895	0.334	0.24	0.136	0.0521
896	0.334	0.24	0.136	0.052
897	0.334	0.24	0.136	0.052
898	0.334	0.24	0.136	0.052
899	0.334	0.24	0.136	0.052
900	0.334	0.24	0.136	0.052
901	0.334	0.24	0.136	0.052
902	0.334	0.24	0.136	0.052
903	0.334	0.24	0.136	0.052
904	0.334	0.24	0.136	0.052
905	0.334	0.24	0.136	0.052
906	0.333	0.24	0.136	0.052
907	0.334	0.24	0.136	0.052
908	0.333	0.24	0.136	0.052
909	0.333	0.239	0.136	0.052
910	0.333	0.239	0.136	0.052
911	0.333	0.239	0.136	0.052
912	0.333	0.239	0.136	0.0521
913	0.332	0.239	0.136	0.0521
914	0.333	0.239	0.136	0.052
915	0.333	0.239	0.136	0.052
916	0.333	0.239	0.136	0.0521
917	0.333	0.239	0.136	0.0521
918	0.332	0.239	0.136	0.0521
919	0.332	0.239	0.136	0.0521
920	0.332	0.239	0.136	0.0521
921	0.332	0.239	0.136	0.052
922	0.332	0.239	0.136	0.052
923	0.332	0.239	0.136	0.052
924	0.332	0.239	0.136	0.0521
925	0.332	0.239	0.136	0.052
926	0.332	0.239	0.136	0.052
927	0.332	0.239	0.136	0.052
928	0.332	0.239	0.136	0.052
929	0.332	0.239	0.136	0.052
930	0.332	0.239	0.135	0.0521
931	0.332	0.239	0.135	0.052
932	0.332	0.239	0.136	0.052
933	0.331	0.239	0.135	0.0521
934	0.331	0.239	0.135	0.052
935	0.332	0.239	0.135	0.052
936	0.331	0.239	0.135	0.052
937	0.331	0.239	0.135	0.052
938	0.331	0.239	0.135	0.052
939	0.331	0.239	0.135	0.052
940	0.331	0.239	0.135	0.052
941	0.331	0.239	0.135	0.0521
942	0.331	0.239	0.135	0.0521
943	0.331	0.238	0.135	0.052
944	0.331	0.239	0.135	0.0521
945	0.33	0.239	0.135	0.0522
946	0.331	0.239	0.135	0.0521
947	0.33	0.239	0.135	0.0521
948	0.331	0.239	0.135	0.0521
949	0.331	0.239	0.135	0.052
950	0.33	0.239	0.135	0.052
951	0.33	0.239	0.135	0.052
952	0.33	0.238	0.135	0.052
953	0.33	0.239	0.135	0.052
954	0.33	0.239	0.135	0.0521
955	0.33	0.239	0.135	0.0521
956	0.33	0.239	0.135	0.052
957	0.33	0.239	0.135	0.052
958	0.33	0.239	0.135	0.052
959	0.33	0.239	0.135	0.052
960	0.33	0.238	0.135	0.0521
961	0.33	0.239	0.135	0.0521
962	0.33	0.239	0.135	0.052
963	0.329	0.238	0.135	0.0521
964	0.329	0.238	0.135	0.0521
965	0.33	0.238	0.135	0.052
966	0.329	0.238	0.135	0.052
967	0.33	0.238	0.135	0.052
968	0.329	0.239	0.135	0.052
969	0.329	0.239	0.135	0.0522
970	0.329	0.238	0.135	0.0521
971	0.329	0.238	0.135	0.052
972	0.329	0.238	0.135	0.0521
973	0.329	0.238	0.135	0.0521
974	0.329	0.238	0.135	0.0521
975	0.33	0.237	0.136	0.0518
976	0.333	0.235	0.138	0.0513
977	0.332	0.236	0.137	0.0514
978	0.332	0.236	0.137	0.0515
979	0.332	0.236	0.137	0.0515
980	0.332	0.236	0.137	0.0515
981	0.332	0.236	0.137	0.0514
982	0.332	0.236	0.137	0.0515
983	0.331	0.236	0.137	0.0516
984	0.331	0.236	0.137	0.0516
985	0.331	0.236	0.137	0.0515
986	0.331	0.236	0.137	0.0516
987	0.331	0.236	0.137	0.0516
988	0.331	0.236	0.137	0.0516
989	0.331	0.236	0.137	0.0516
990	0.331	0.236	0.137	0.0516
991	0.331	0.236	0.136	0.0517
992	0.331	0.236	0.136	0.0516
993	0.331	0.236	0.136	0.0517
994	0.33	0.236	0.136	0.0517
995	0.331	0.236	0.136	0.0516
996	0.33	0.236	0.136	0.0517
997	0.33	0.236	0.136	0.0517
998	0.33	0.236	0.136	0.0516
999	0.33	0.236	0.136	0.0517
1000	0.33	0.236	0.136	0.0517
1001	0.33	0.236	0.136	0.0516
1002	0.33	0.236	0.136	0.0517
1003	0.33	0.236	0.136	0.0517
1004	0.33	0.236	0.136	0.0517
1005	0.329	0.236	0.136	0.0517
1006	0.329	0.236	0.136	0.0517
1007	0.329	0.236	0.136	0.0517
1008	0.329	0.236	0.136	0.0518
1009	0.329	0.236	0.136	0.0517
1010	0.329	0.236	0.136	0.0517
1011	0.329	0.236	0.136	0.0518
1012	0.329	0.236	0.136	0.0518
1013	0.329	0.236	0.136	0.0518
1014	0.329	0.236	0.136	0.0518
1015	0.329	0.236	0.136	0.0518
1016	0.329	0.236	0.136	0.0517
1017	0.329	0.236	0.136	0.0517
1018	0.329	0.236	0.136	0.0518
1019	0.329	0.236	0.136	0.0518
1020	0.328	0.236	0.136	0.0518
1021	0.329	0.236	0.136	0.0517
1022	0.329	0.236	0.136	0.0517
1023	0.328	0.236	0.136	0.0518
1024	0.328	0.236	0.136	0.0518
1025	0.329	0.236	0.136	0.0518
1026	0.328	0.236	0.136	0.0518
1027	0.328	0.236	0.136	0.0518
1028	0.328	0.236	0.136	0.0518
1029	0.328	0.236	0.136	0.0518
1030	0.328	0.236	0.136	0.0518
1031	0.328	0.236	0.136	0.0518
1032	0.327	0.236	0.135	0.0518
1033	0.328	0.236	0.136	0.0518
1034	0.328	0.236	0.136	0.0518
1035	0.328	0.236	0.136	0.0518
1036	0.327	0.236	0.136	0.0518
1037	0.328	0.236	0.136	0.0517
1038	0.327	0.236	0.135	0.0518
1039	0.327	0.236	0.136	0.0518
1040	0.327	0.236	0.136	0.0518
1041	0.327	0.236	0.135	0.0519
1042	0.327	0.236	0.136	0.0518
1043	0.327	0.236	0.135	0.0518
1044	0.327	0.236	0.135	0.0518
1045	0.327	0.236	0.135	0.0518
1046	0.327	0.236	0.135	0.0519
1047	0.327	0.236	0.135	0.0518
1048	0.327	0.236	0.135	0.0518
1049	0.327	0.236	0.135	0.0518
1050	0.327	0.236	0.135	0.0518
1051	0.326	0.236	0.135	0.0518
1052	0.326	0.236	0.135	0.0518
1053	0.326	0.236	0.135	0.0518
1054	0.326	0.236	0.135	0.0518
1055	0.326	0.236	0.135	0.0518
1056	0.326	0.236	0.135	0.0518
1057	0.326	0.236	0.135	0.0518
1058	0.326	0.236	0.135	0.0519
1059	0.326	0.236	0.135	0.0519
1060	0.326	0.236	0.135	0.0519
1061	0.326	0.236	0.135	0.0519
1062	0.326	0.236	0.135	0.0518
1063	0.326	0.236	0.135	0.0519
1064	0.326	0.236	0.135	0.0518
1065	0.326	0.236	0.135	0.0518
1066	0.326	0.236	0.135	0.0519
1067	0.326	0.236	0.135	0.0519
1068	0.325	0.236	0.135	0.0519
1069	0.325	0.235	0.135	0.0518
1070	0.325	0.235	0.135	0.0518
1071	0.325	0.236	0.135	0.0519
1072	0.326	0.236	0.135	0.0518
1073	0.325	0.236	0.135	0.0519
1074	0.325	0.236	0.135	0.0518
1075	0.325	0.235	0.135	0.0518
1076	0.325	0.235	0.135	0.0518
1077	0.325	0.236	0.135	0.0518
1078	0.325	0.235	0.135	0.0518
1079	0.325	0.236	0.135	0.0518
1080	0.325	0.235	0.135	0.0518
1081	0.325	0.235	0.135	0.0518
1082	0.325	0.235	0.135	0.0519
1083	0.325	0.235	0.135	0.0519
1084	0.325	0.235	0.135	0.0519
1085	0.325	0.235	0.135	0.0519
1086	0.324	0.235	0.135	0.0519
1087	0.324	0.235	0.135	0.0519
1088	0.324	0.235	0.135	0.0519
1089	0.324	0.235	0.135	0.0519
1090	0.324	0.235	0.135	0.0519
1091	0.324	0.235	0.135	0.0518
1092	0.324	0.235	0.135	0.0518
1093	0.324	0.235	0.135	0.0519
1094	0.324	0.235	0.135	0.0518
1095	0.324	0.235	0.135	0.0519
1096	0.324	0.235	0.135	0.0518
1097	0.324	0.235	0.135	0.0518
1098	0.324	0.235	0.135	0.0519
1099	0.324	0.235	0.135	0.0518
1100	0.324	0.235	0.135	0.0519
1101	0.324	0.235	0.135	0.0519
1102	0.324	0.235	0.135	0.0519
1103	0.324	0.235	0.135	0.0518
1104	0.323	0.235	0.135	0.0518
1105	0.323	0.235	0.135	0.0518
1106	0.323	0.235	0.135	0.0519
1107	0.323	0.235	0.135	0.0518
1108	0.323	0.235	0.135	0.0519
1109	0.323	0.235	0.135	0.0519
1110	0.323	0.235	0.135	0.0519
1111	0.323	0.235	0.135	0.0519
1112	0.323	0.235	0.135	0.0519
1113	0.323	0.235	0.135	0.0519
1114	0.323	0.235	0.135	0.0519
1115	0.323	0.235	0.134	0.0519
1116	0.323	0.235	0.135	0.0519
1117	0.323	0.235	0.134	0.0519
1118	0.323	0.235	0.134	0.0519
1119	0.323	0.235	0.134	0.0519
1120	0.323	0.235	0.134	0.0519
1121	0.323	0.235	0.134	0.0519
1122	0.323	0.235	0.134	0.0519
1123	0.322	0.235	0.134	0.0519
1124	0.323	0.235	0.134	0.0519
1125	0.323	0.235	0.134	0.0518
1126	0.322	0.235	0.134	0.0519
1127	0.322	0.235	0.134	0.0519
1128	0.322	0.235	0.134	0.0519
1129	0.322	0.235	0.134	0.0519
1130	0.322	0.235	0.134	0.0519
1131	0.322	0.235	0.134	0.0519
1132	0.322	0.235	0.134	0.0519
1133	0.322	0.235	0.134	0.0519
1134	0.322	0.235	0.134	0.0519
1135	0.322	0.235	0.134	0.0519
1136	0.324	0.233	0.136	0.0515
1137	0.326	0.232	0.137	0.0512
1138	0.325	0.232	0.136	0.0512
1139	0.325	0.233	0.136	0.0513
1140	0.325	0.233	0.136	0.0513
1141	0.325	0.233	0.136	0.0513
1142	0.325	0.233	0.136	0.0513
1143	0.325	0.233	0.136	0.0513
1144	0.324	0.233	0.136	0.0514
1145	0.324	0.233	0.136	0.0514
1146	0.325	0.233	0.136	0.0514
1147	0.325	0.233	0.136	0.0514
1148	0.324	0.233	0.136	0.0514
1149	0.325	0.233	0.136	0.0514
1150	0.324	0.233	0.136	0.0515
1151	0.324	0.233	0.136	0.0515
1152	0.324	0.233	0.136	0.0515
1153	0.324	0.233	0.136	0.0515
1154	0.324	0.233	0.136	0.0515
1155	0.324	0.233	0.136	0.0515
1156	0.323	0.233	0.136	0.0515
1157	0.324	0.233	0.136	0.0515
1158	0.324	0.233	0.136	0.0515
1159	0.323	0.233	0.136	0.0515
1160	0.323	0.233	0.136	0.0516
1161	0.323	0.233	0.135	0.0515
1162	0.323	0.233	0.135	0.0516
1163	0.323	0.233	0.135	0.0516
1164	0.323	0.233	0.135	0.0516
1165	0.323	0.233	0.135	0.0516
1166	0.323	0.233	0.135	0.0516
1167	0.323	0.233	0.135	0.0516
1168	0.323	0.233	0.135	0.0516
1169	0.323	0.233	0.135	0.0516
1170	0.323	0.233	0.135	0.0516
1171	0.322	0.233	0.135	0.0516
1172	0.323	0.233	0.135	0.0516
1173	0.322	0.233	0.135	0.0516
1174	0.322	0.233	0.135	0.0516
1175	0.322	0.233	0.135	0.0517
1176	0.322	0.233	0.135	0.0516
1177	0.322	0.233	0.135	0.0516
1178	0.322	0.233	0.135	0.0516
1179	0.322	0.233	0.135	0.0516
1180	0.322	0.233	0.135	0.0516
1181	0.322	0.233	0.135	0.0516
1182	0.322	0.233	0.135	0.0516
1183	0.322	0.233	0.135	0.0516
1184	0.322	0.233	0.135	0.0516
1185	0.322	0.233	0.135	0.0516
1186	0.321	0.233	0.135	0.0516
1187	0.321	0.233	0.135	0.0517
1188	0.321	0.233	0.135	0.0517
1189	0.321	0.233	0.135	0.0517
1190	0.321	0.233	0.135	0.0517
1191	0.321	0.233	0.135	0.0517
1192	0.321	0.233	0.135	0.0517
1193	0.321	0.233	0.135	0.0517
1194	0.321	0.233	0.135	0.0516
1195	0.321	0.233	0.135	0.0516
1196	0.321	0.233	0.135	0.0517
1197	0.321	0.233	0.135	0.0517
1198	0.321	0.233	0.135	0.0516
1199	0.321	0.233	0.135	0.0516
1200	0.321	0.233	0.135	0.0517
1201	0.321	0.233	0.135	0.0516
1202	0.321	0.233	0.135	0.0516
1203	0.321	0.233	0.135	0.0516
1204	0.321	0.233	0.135	0.0516
1205	0.321	0.233	0.135	0.0517
1206	0.32	0.233	0.135	0.0517
1207	0.32	0.232	0.135	0.0516
1208	0.32	0.233	0.135	0.0517
1209	0.32	0.233	0.135	0.0516
1210	0.32	0.233	0.135	0.0516
1211	0.32	0.233	0.135	0.0516
1212	0.32	0.233	0.135	0.0517
1213	0.32	0.233	0.135	0.0517
1214	0.32	0.233	0.135	0.0517
1215	0.32	0.233	0.135	0.0517
1216	0.32	0.233	0.135	0.0516
1217	0.32	0.233	0.134	0.0517
1218	0.32	0.233	0.134	0.0517
1219	0.32	0.233	0.135	0.0516
1220	0.32	0.233	0.134	0.0517
1221	0.32	0.233	0.134	0.0517
1222	0.32	0.233	0.134	0.0517
1223	0.319	0.233	0.134	0.0517
1224	0.319	0.233	0.134	0.0517
1225	0.32	0.233	0.134	0.0516
1226	0.32	0.233	0.134	0.0516
1227	0.319	0.233	0.134	0.0516
1228	0.319	0.233	0.134	0.0516
1229	0.32	0.232	0.134	0.0516
1230	0.32	0.232	0.134	0.0516
1231	0.319	0.232	0.134	0.0517
1232	0.319	0.232	0.134	0.0516
1233	0.319	0.233	0.134	0.0516
1234	0.319	0.232	0.134	0.0516
1235	0.319	0.232	0.134	0.0516
1236	0.319	0.232	0.134	0.0516
1237	0.319	0.232	0.134	0.0516
1238	0.319	0.232	0.134	0.0516
1239	0.319	0.232	0.134	0.0517
1240	0.319	0.232	0.134	0.0516
1241	0.319	0.232	0.134	0.0516
1242	0.319	0.232	0.134	0.0516
1243	0.318	0.232	0.134	0.0517
1244	0.318	0.232	0.134	0.0517
1245	0.318	0.232	0.134	0.0517
1246	0.319	0.232	0.134	0.0517
1247	0.318	0.232	0.134	0.0517
1248	0.318	0.232	0.134	0.0517
1249	0.318	0.232	0.134	0.0517
1250	0.318	0.232	0.134	0.0517
1251	0.318	0.232	0.134	0.0517
1252	0.318	0.232	0.134	0.0516
1253	0.318	0.232	0.134	0.0516
1254	0.318	0.232	0.134	0.0517
1255	0.318	0.232	0.134	0.0517
1256	0.318	0.232	0.134	0.0517
1257	0.318	0.232	0.134	0.0517
1258	0.317	0.232	0.134	0.0517
1259	0.318	0.232	0.134	0.0517
1260	0.318	0.232	0.134	0.0517
1261	0.317	0.232	0.134	0.0517
1262	0.317	0.232	0.134	0.0517
1263	0.317	0.232	0.134	0.0517
1264	0.318	0.232	0.134	0.0517
1265	0.317	0.232	0.134	0.0517
1266	0.317	0.232	0.134	0.0517
1267	0.317	0.232	0.134	0.0517
1268	0.317	0.232	0.134	0.0517
1269	0.317	0.232	0.134	0.0517
1270	0.317	0.232	0.134	0.0517
1271	0.317	0.232	0.134	0.0517
1272	0.319	0.231	0.135	0.0513
1273	0.321	0.229	0.136	0.051
1274	0.321	0.229	0.136	0.0511
1275	0.32	0.23	0.136	0.0511
1276	0.321	0.23	0.136	0.0511
1277	0.32	0.23	0.136	0.0511
1278	0.32	0.23	0.136	0.0512
1279	0.32	0.23	0.136	0.0512
1280	0.32	0.23	0.136	0.0512
1281	0.32	0.23	0.136	0.0512
1282	0.32	0.23	0.136	0.0512
1283	0.32	0.23	0.136	0.0512
1284	0.319	0.23	0.136	0.0513
1285	0.319	0.23	0.136	0.0513
1286	0.319	0.23	0.135	0.0513
1287	0.319	0.23	0.135	0.0513
1288	0.319	0.23	0.135	0.0513
1289	0.319	0.23	0.135	0.0514
1290	0.319	0.23	0.135	0.0513
1291	0.319	0.23	0.135	0.0513
1292	0.319	0.23	0.135	0.0512
1293	0.319	0.23	0.135	0.0513
1294	0.319	0.23	0.135	0.0513
1295	0.319	0.23	0.135	0.0513
1296	0.319	0.23	0.135	0.0513
1297	0.319	0.23	0.135	0.0513
1298	0.319	0.23	0.135	0.0513
1299	0.318	0.23	0.135	0.0513
1300	0.319	0.23	0.135	0.0513
1301	0.319	0.23	0.135	0.0513
1302	0.318	0.23	0.135	0.0513
1303	0.318	0.23	0.135	0.0513
1304	0.318	0.23	0.135	0.0513
1305	0.318	0.23	0.135	0.0513
1306	0.318	0.23	0.135	0.0513
1307	0.318	0.23	0.135	0.0513
1308	0.318	0.23	0.135	0.0514
1309	0.318	0.23	0.135	0.0514
1310	0.318	0.23	0.135	0.0514
1311	0.318	0.23	0.135	0.0514
1312	0.318	0.23	0.135	0.0513
1313	0.318	0.23	0.135	0.0514
1314	0.317	0.23	0.135	0.0514
1315	0.318	0.23	0.135	0.0514
1316	0.318	0.23	0.135	0.0514
1317	0.317	0.23	0.135	0.0515
1318	0.317	0.23	0.135	0.0514
1319	0.317	0.23	0.135	0.0514
1320	0.317	0.23	0.135	0.0513
1321	0.317	0.23	0.135	0.0514
1322	0.317	0.23	0.135	0.0513
1323	0.317	0.23	0.135	0.0514
1324	0.317	0.23	0.135	0.0514
1325	0.317	0.23	0.135	0.0514
1326	0.317	0.23	0.135	0.0515
1327	0.317	0.23	0.135	0.0514
1328	0.317	0.23	0.135	0.0514
1329	0.317	0.23	0.134	0.0515
1330	0.317	0.23	0.135	0.0514
1331	0.317	0.23	0.135	0.0514
1332	0.316	0.23	0.134	0.0514
1333	0.316	0.23	0.134	0.0514
1334	0.316	0.23	0.134	0.0514
1335	0.316	0.23	0.134	0.0515
1336	0.316	0.23	0.134	0.0514
1337	0.316	0.23	0.134	0.0514
1338	0.316	0.23	0.134	0.0514
1339	0.316	0.23	0.134	0.0514
1340	0.316	0.23	0.134	0.0514
1341	0.316	0.23	0.134	0.0515
1342	0.316	0.23	0.134	0.0514
1343	0.316	0.23	0.134	0.0515
1344	0.316	0.23	0.134	0.0515
1345	0.316	0.23	0.134	0.0515
1346	0.316	0.23	0.134	0.0515
1347	0.316	0.23	0.134	0.0515
1348	0.316	0.23	0.134	0.0515
1349	0.316	0.23	0.134	0.0514
1350	0.316	0.23	0.134	0.0515
1351	0.315	0.23	0.134	0.0515
1352	0.316	0.23	0.134	0.0515
1353	0.315	0.23	0.134	0.0515
1354	0.315	0.23	0.134	0.0515
1355	0.316	0.23	0.134	0.0515
1356	0.315	0.23	0.134	0.0516
1357	0.315	0.23	0.134	0.0515
1358	0.315	0.23	0.134	0.0515
1359	0.315	0.23	0.134	0.0515
1360	0.315	0.23	0.134	0.0515
1361	0.315	0.23	0.134	0.0515
1362	0.315	0.23	0.134	0.0516
1363	0.315	0.23	0.134	0.0515
1364	0.315	0.23	0.134	0.0515
1365	0.315	0.23	0.134	0.0515
1366	0.315	0.23	0.134	0.0515
1367	0.315	0.23	0.134	0.0514
1368	0.314	0.23	0.134	0.0515
1369	0.315	0.23	0.134	0.0515
1370	0.315	0.23	0.134	0.0514
1371	0.315	0.23	0.134	0.0515
1372	0.314	0.23	0.134	0.0515
1373	0.315	0.23	0.134	0.0515
1374	0.314	0.23	0.134	0.0515
1375	0.314	0.23	0.134	0.0516
1376	0.314	0.23	0.134	0.0515
1377	0.314	0.23	0.134	0.0515
1378	0.314	0.23	0.134	0.0515
1379	0.314	0.23	0.134	0.0516
1380	0.314	0.23	0.134	0.0515
1381	0.314	0.23	0.134	0.0515
1382	0.314	0.23	0.134	0.0514
1383	0.314	0.23	0.134	0.0516
1384	0.314	0.23	0.134	0.0515
1385	0.314	0.23	0.134	0.0514
1386	0.314	0.23	0.134	0.0515
1387	0.314	0.23	0.134	0.0515
1388	0.314	0.23	0.134	0.0515
1389	0.314	0.23	0.134	0.0515
1390	0.313	0.23	0.134	0.0515
1391	0.314	0.23	0.134	0.0515
1392	0.314	0.229	0.134	0.0515
1393	0.313	0.229	0.134	0.0515
1394	0.314	0.229	0.134	0.0515
1395	0.313	0.229	0.134	0.0515
1396	0.314	0.23	0.134	0.0515
1397	0.313	0.23	0.134	0.0515
1398	0.313	0.229	0.134	0.0515
1399	0.313	0.23	0.134	0.0515
1400	0.313	0.23	0.134	0.0516
1401	0.313	0.23	0.134	0.0516
1402	0.313	0.229	0.134	0.0515
1403	0.313	0.229	0.134	0.0516
1404	0.312	0.23	0.133	0.0516
1405	0.313	0.229	0.134	0.0515
1406	0.313	0.23	0.134	0.0515
1407	0.312	0.23	0.133	0.0516
1408	0.312	0.229	0.133	0.0516
1409	0.313	0.229	0.133	0.0515
1410	0.312	0.229	0.133	0.0515
1411	0.313	0.229	0.133	0.0515
1412	0.313	0.229	0.133	0.0515
1413	0.312	0.229	0.133	0.0515
1414	0.312	0.229	0.133	0.0515
1415	0.312	0.229	0.133	0.0515
1416	0.312	0.229	0.133	0.0515
1417	0.312	0.229	0.133	0.0515
1418	0.312	0.229	0.133	0.0515
1419	0.312	0.229	0.133	0.0515
1420	0.312	0.229	0.133	0.0515
1421	0.312	0.229	0.133	0.0515
1422	0.312	0.229	0.133	0.0515
1423	0.312	0.229	0.133	0.0515
1424	0.312	0.229	0.133	0.0515
1425	0.312	0.229	0.133	0.0515
1426	0.312	0.229	0.133	0.0515
1427	0.312	0.229	0.133	0.0515
1428	0.312	0.229	0.133	0.0515
1429	0.312	0.229	0.133	0.0515
1430	0.312	0.229	0.133	0.0515
1431	0.311	0.229	0.133	0.0515
1432	0.312	0.229	0.133	0.0515
1433	0.311	0.229	0.133	0.0515
1434	0.311	0.229	0.133	0.0515
1435	0.311	0.229	0.133	0.0515
1436	0.311	0.229	0.133	0.0515
1437	0.311	0.229	0.133	0.0515
1438	0.311	0.229	0.133	0.0515
1439	0.311	0.229	0.133	0.0515
1440	0.311	0.229	0.133	0.0515
1441	0.311	0.229	0.133	0.0515
1442	0.311	0.229	0.133	0.0516
1443	0.311	0.229	0.133	0.0515
1444	0.311	0.229	0.133	0.0515
1445	0.311	0.229	0.133	0.0516
1446	0.313	0.228	0.134	0.0512
1447	0.315	0.226	0.135	0.0508
1448	0.314	0.226	0.135	0.0508
1449	0.314	0.227	0.135	0.0509
1450	0.314	0.227	0.135	0.0509
1451	0.314	0.227	0.135	0.051
1452	0.314	0.227	0.135	0.051
1453	0.314	0.227	0.135	0.051
1454	0.314	0.227	0.135	0.0511
1455	0.314	0.227	0.135	0.051
1456	0.313	0.227	0.135	0.0511
1457	0.313	0.227	0.135	0.0511
1458	0.313	0.227	0.135	0.051
1459	0.313	0.227	0.135	0.0511
1460	0.313	0.227	0.135	0.0511
1461	0.313	0.227	0.135	0.0511
1462	0.313	0.227	0.135	0.0512
1463	0.313	0.227	0.134	0.0512
1464	0.313	0.227	0.134	0.0512
1465	0.313	0.227	0.134	0.0512
1466	0.312	0.227	0.134	0.0512
1467	0.312	0.227	0.134	0.0512
1468	0.313	0.227	0.134	0.0511
1469	0.313	0.227	0.134	0.0511
1470	0.312	0.227	0.134	0.0512
1471	0.312	0.227	0.134	0.0511
1472	0.312	0.227	0.134	0.0512
1473	0.312	0.227	0.134	0.0512
1474	0.312	0.227	0.134	0.0512
1475	0.312	0.227	0.134	0.0512
1476	0.312	0.227	0.134	0.0512
1477	0.312	0.227	0.134	0.0512
1478	0.312	0.227	0.134	0.0512
1479	0.312	0.227	0.134	0.0512
1480	0.312	0.227	0.134	0.0512
1481	0.312	0.227	0.134	0.0512
1482	0.312	0.227	0.134	0.0512
1483	0.312	0.227	0.134	0.0512
1484	0.312	0.227	0.134	0.0512
1485	0.312	0.227	0.134	0.0513
1486	0.312	0.227	0.134	0.0513
1487	0.311	0.227	0.134	0.0512
1488	0.312	0.227	0.134	0.0512
1489	0.311	0.227	0.134	0.0512
1490	0.311	0.227	0.134	0.0512
1491	0.311	0.227	0.134	0.0513
1492	0.311	0.227	0.134	0.0513
1493	0.311	0.227	0.134	0.0513
1494	0.311	0.227	0.134	0.0512
1495	0.311	0.227	0.134	0.0511
1496	0.311	0.227	0.134	0.0512
1497	0.311	0.227	0.134	0.0512
1498	0.311	0.227	0.134	0.0512
1499	0.311	0.227	0.134	0.0512
1500	0.311	0.227	0.134	0.0513
1501	0.311	0.227	0.134	0.0512
1502	0.311	0.227	0.134	0.0512
1503	0.311	0.227	0.134	0.0512
1504	0.311	0.227	0.134	0.0512
1505	0.311	0.227	0.134	0.0512
1506	0.311	0.227	0.134	0.0512
1507	0.311	0.227	0.134	0.0512
1508	0.311	0.227	0.134	0.0513
1509	0.31	0.227	0.134	0.0512
1510	0.311	0.227	0.134	0.0512
1511	0.31	0.227	0.134	0.0512
1512	0.31	0.227	0.134	0.0513
1513	0.311	0.227	0.134	0.0513
1514	0.31	0.227	0.134	0.0513
1515	0.31	0.227	0.133	0.0513
1516	0.31	0.227	0.133	0.0513
1517	0.31	0.227	0.134	0.0512
1518	0.31	0.227	0.133	0.0513
1519	0.31	0.227	0.133	0.0513
1520	0.31	0.227	0.133	0.0512
1521	0.31	0.227	0.133	0.0512
1522	0.31	0.227	0.133	0.0513
1523	0.31	0.227	0.133	0.0513
1524	0.31	0.227	0.133	0.0512
1525	0.31	0.227	0.133	0.0512
1526	0.31	0.227	0.133	0.0513
1527	0.31	0.227	0.133	0.0513
1528	0.31	0.227	0.133	0.0513
1529	0.31	0.227	0.133	0.0513
1530	0.309	0.227	0.133	0.0513
1531	0.31	0.227	0.133	0.0513
1532	0.31	0.227	0.133	0.0513
1533	0.31	0.227	0.133	0.0513
1534	0.31	0.227	0.133	0.0513
1535	0.309	0.227	0.133	0.0513
1536	0.309	0.227	0.133	0.0513
1537	0.31	0.227	0.133	0.0513
1538	0.31	0.227	0.133	0.0513
1539	0.31	0.227	0.133	0.0513
1540	0.309	0.227	0.133	0.0513
1541	0.309	0.227	0.133	0.0513
1542	0.309	0.227	0.133	0.0513
1543	0.309	0.227	0.133	0.0513
1544	0.309	0.227	0.133	0.0513
1545	0.309	0.227	0.133	0.0513
1546	0.309	0.227	0.133	0.0513
1547	0.309	0.227	0.133	0.0513
1548	0.309	0.227	0.133	0.0513
1549	0.309	0.227	0.133	0.0514
1550	0.309	0.227	0.133	0.0513
1551	0.309	0.227	0.133	0.0513
1552	0.309	0.227	0.133	0.0513
1553	0.308	0.227	0.133	0.0513
1554	0.309	0.227	0.133	0.0513
1555	0.308	0.227	0.133	0.0513
1556	0.308	0.227	0.133	0.0513
1557	0.309	0.227	0.133	0.0512
1558	0.309	0.227	0.133	0.0513
1559	0.308	0.227	0.133	0.0513
1560	0.308	0.227	0.133	0.0513
1561	0.308	0.227	0.133	0.0512
1562	0.308	0.227	0.133	0.0512
1563	0.309	0.227	0.133	0.0512
1564	0.308	0.227	0.133	0.0512
1565	0.308	0.227	0.133	0.0512
1566	0.308	0.227	0.133	0.0512
1567	0.308	0.227	0.133	0.0513
1568	0.308	0.227	0.133	0.0513
1569	0.308	0.227	0.133	0.0512
1570	0.308	0.227	0.133	0.0513
1571	0.308	0.227	0.133	0.0512
1572	0.308	0.227	0.133	0.0513
1573	0.308	0.227	0.133	0.0513
1574	0.307	0.227	0.133	0.0513
1575	0.308	0.227	0.133	0.0513
1576	0.308	0.227	0.133	0.0512
1577	0.308	0.227	0.133	0.0512
1578	0.308	0.227	0.133	0.0512
1579	0.308	0.227	0.133	0.0512
1580	0.307	0.227	0.133	0.0512
1581	0.307	0.227	0.133	0.0513
1582	0.308	0.227	0.133	0.0512
1583	0.308	0.227	0.133	0.0512
1584	0.307	0.227	0.133	0.0512
1585	0.307	0.227	0.133	0.0512
1586	0.307	0.227	0.133	0.0512
1587	0.307	0.227	0.133	0.0513
1588	0.307	0.227	0.133	0.0512
1589	0.307	0.227	0.133	0.0512
1590	0.307	0.227	0.133	0.0512
1591	0.307	0.227	0.133	0.0512
1592	0.307	0.227	0.133	0.0512
1593	0.307	0.227	0.133	0.0512
1594	0.307	0.227	0.133	0.0512
1595	0.307	0.227	0.133	0.0513
