Iteration	ValueMean	ValueStddev	DerivMean	DerivStddev
3	0.494	0.268	0.164	0.0655
4	0.484	0.272	0.167	0.0633
5	0.49	0.266	0.166	0.0597
6	0.499	0.263	0.167	0.0568
7	0.503	0.261	0.167	0.0556
8	0.505	0.26	0.167	0.0554
9	0.505	0.26	0.167	0.0551
10	0.505	0.259	0.167	0.0548
11	0.505	0.258	0.167	0.0545
12	0.505	0.257	0.167	0.0543
13	0.504	0.258	0.167	0.0543
14	0.504	0.257	0.167	0.0539
15	0.503	0.257	0.167	0.0539
16	0.503	0.257	0.167	0.0537
17	0.503	0.257	0.167	0.0536
18	0.503	0.256	0.167	0.0535
19	0.502	0.256	0.167	0.0533
20	0.501	0.256	0.167	0.053
21	0.502	0.256	0.167	0.0531
22	0.501	0.256	0.167	0.0529
23	0.5	0.256	0.167	0.0529
24	0.5	0.255	0.167	0.0529
25	0.5	0.256	0.166	0.0529
26	0.5	0.256	0.166	0.0528
27	0.499	0.256	0.166	0.0528
28	0.499	0.255	0.166	0.0528
29	0.499	0.255	0.166	0.0527
30	0.498	0.255	0.166	0.0528
31	0.498	0.255	0.166	0.0526
32	0.498	0.255	0.166	0.0525
33	0.496	0.255	0.166	0.0526
34	0.496	0.255	0.166	0.0524
35	0.495	0.255	0.166	0.0524
36	0.495	0.254	0.166	0.0522
37	0.495	0.254	0.166	0.0522
38	0.495	0.254	0.166	0.0522
39	0.494	0.254	0.166	0.0522
40	0.494	0.254	0.166	0.0523
41	0.493	0.254	0.166	0.0522
42	0.492	0.253	0.166	0.052
43	0.492	0.254	0.166	0.0521
44	0.492	0.253	0.166	0.052
45	0.491	0.253	0.165	0.052
46	0.491	0.253	0.165	0.052
47	0.49	0.253	0.165	0.052
48	0.489	0.253	0.165	0.052
49	0.488	0.253	0.165	0.0518
50	0.488	0.253	0.165	0.0518
51	0.488	0.253	0.165	0.0517
52	0.488	0.253	0.165	0.0518
53	0.487	0.253	0.165	0.052
54	0.487	0.253	0.165	0.0519
55	0.486	0.253	0.165	0.0519
56	0.485	0.253	0.165	0.0519
57	0.484	0.253	0.165	0.0518
58	0.484	0.253	0.165	0.0518
59	0.483	0.253	0.165	0.0518
60	0.483	0.253	0.165	0.0519
61	0.482	0.252	0.165	0.0518
62	0.481	0.252	0.165	0.0517
63	0.481	0.253	0.165	0.0517
64	0.48	0.252	0.165	0.0517
65	0.48	0.252	0.165	0.0517
66	0.48	0.252	0.165	0.0517
67	0.48	0.252	0.165	0.0517
68	0.48	0.252	0.165	0.0517
69	0.479	0.252	0.165	0.0516
70	0.478	0.251	0.165	0.0515
71	0.478	0.251	0.165	0.0516
72	0.478	0.252	0.165	0.0517
73	0.477	0.251	0.165	0.0515
74	0.477	0.251	0.165	0.0516
75	0.477	0.251	0.165	0.0516
76	0.476	0.251	0.165	0.0516
77	0.475	0.251	0.164	0.0517
78	0.475	0.251	0.164	0.0517
79	0.475	0.251	0.164	0.0516
80	0.475	0.251	0.164	0.0516
81	0.474	0.251	0.164	0.0516
82	0.473	0.251	0.164	0.0516
83	0.473	0.251	0.164	0.0516
84	0.472	0.251	0.164	0.0517
85	0.472	0.25	0.164	0.0516
86	0.472	0.25	0.164	0.0516
87	0.472	0.251	0.164	0.0517
88	0.471	0.251	0.164	0.0517
89	0.471	0.251	0.164	0.0517
90	0.471	0.251	0.164	0.0517
91	0.47	0.251	0.164	0.0517
92	0.47	0.251	0.164	0.0518
93	0.47	0.251	0.164	0.0517
94	0.469	0.251	0.164	0.0519
95	0.468	0.251	0.164	0.0519
96	0.468	0.251	0.164	0.052
97	0.468	0.251	0.164	0.0519
98	0.468	0.251	0.164	0.0519
99	0.467	0.25	0.164	0.0518
100	0.466	0.251	0.164	0.0518
101	0.466	0.25	0.164	0.0518
102	0.466	0.25	0.164	0.0519
103	0.465	0.25	0.164	0.0519
104	0.465	0.25	0.164	0.0519
105	0.464	0.25	0.164	0.0519
106	0.464	0.25	0.164	0.0519
107	0.463	0.25	0.164	0.0518
108	0.463	0.25	0.164	0.0518
109	0.463	0.25	0.164	0.0518
110	0.463	0.25	0.163	0.0519
111	0.463	0.25	0.163	0.052
112	0.462	0.25	0.163	0.052
113	0.462	0.25	0.163	0.052
114	0.462	0.25	0.163	0.0521
115	0.461	0.25	0.163	0.052
116	0.46	0.25	0.163	0.052
117	0.46	0.25	0.163	0.0521
118	0.459	0.25	0.163	0.052
119	0.459	0.25	0.163	0.0521
120	0.458	0.25	0.163	0.0522
121	0.458	0.25	0.163	0.0522
122	0.458	0.25	0.163	0.0522
123	0.458	0.251	0.163	0.0522
124	0.457	0.25	0.163	0.0521
125	0.457	0.25	0.163	0.0521
126	0.457	0.25	0.163	0.0522
127	0.456	0.25	0.163	0.0521
128	0.455	0.25	0.163	0.0522
129	0.455	0.25	0.163	0.0522
130	0.454	0.25	0.163	0.0522
131	0.453	0.25	0.163	0.0523
132	0.453	0.25	0.163	0.0523
133	0.453	0.25	0.163	0.0522
134	0.452	0.25	0.163	0.0522
135	0.452	0.25	0.163	0.0524
136	0.452	0.25	0.163	0.0523
137	0.452	0.25	0.163	0.0522
138	0.451	0.25	0.163	0.0524
139	0.451	0.25	0.163	0.0524
140	0.451	0.25	0.162	0.0524
141	0.451	0.25	0.162	0.0524
142	0.45	0.25	0.163	0.0524
143	0.45	0.25	0.162	0.0523
144	0.449	0.25	0.162	0.0524
145	0.449	0.25	0.162	0.0525
146	0.449	0.25	0.162	0.0525
147	0.448	0.25	0.162	0.0526
148	0.448	0.25	0.162	0.0525
149	0.448	0.25	0.162	0.0525
150	0.447	0.25	0.162	0.0525
151	0.446	0.249	0.162	0.0524
152	0.446	0.249	0.162	0.0525
153	0.446	0.25	0.162	0.0526
154	0.446	0.249	0.162	0.0524
155	0.445	0.249	0.162	0.0524
156	0.444	0.249	0.162	0.0525
157	0.444	0.249	0.162	0.0524
158	0.444	0.249	0.162	0.0524
159	0.443	0.249	0.162	0.0525
160	0.443	0.249	0.162	0.0524
161	0.443	0.249	0.162	0.0526
162	0.443	0.249	0.162	0.0526
163	0.443	0.249	0.162	0.0525
164	0.442	0.249	0.162	0.0526
165	0.442	0.249	0.162	0.0526
166	0.442	0.249	0.162	0.0524
167	0.441	0.249	0.162	0.0526
168	0.441	0.249	0.162	0.0526
169	0.441	0.249	0.162	0.0525
170	0.44	0.249	0.162	0.0525
171	0.44	0.249	0.162	0.0525
172	0.439	0.248	0.162	0.0523
173	0.439	0.248	0.162	0.0524
174	0.439	0.249	0.162	0.0524
175	0.438	0.248	0.162	0.0524
176	0.438	0.248	0.162	0.0524
177	0.437	0.249	0.161	0.0524
178	0.437	0.248	0.161	0.0524
179	0.437	0.249	0.161	0.0525
180	0.437	0.249	0.161	0.0526
181	0.437	0.249	0.161	0.0526
182	0.437	0.249	0.161	0.0528
183	0.436	0.249	0.161	0.0527
184	0.436	0.248	0.161	0.0525
185	0.436	0.248	0.161	0.0526
186	0.435	0.249	0.161	0.0527
187	0.435	0.248	0.161	0.0527
188	0.435	0.248	0.161	0.0527
189	0.435	0.249	0.161	0.0527
190	0.434	0.249	0.161	0.0527
191	0.434	0.248	0.161	0.0526
192	0.434	0.248	0.161	0.0527
193	0.433	0.248	0.161	0.0527
194	0.433	0.248	0.161	0.0527
195	0.433	0.248	0.161	0.0527
196	0.433	0.248	0.161	0.0527
197	0.432	0.248	0.161	0.0527
198	0.432	0.248	0.161	0.0527
199	0.432	0.248	0.161	0.0528
200	0.432	0.248	0.161	0.0528
201	0.431	0.248	0.161	0.0528
202	0.431	0.248	0.16	0.0527
203	0.431	0.248	0.161	0.0527
204	0.43	0.248	0.16	0.0528
205	0.43	0.248	0.16	0.0528
206	0.43	0.248	0.16	0.0528
207	0.429	0.248	0.16	0.0529
208	0.429	0.248	0.16	0.0529
209	0.429	0.248	0.16	0.0528
210	0.429	0.248	0.16	0.0529
211	0.428	0.248	0.16	0.0528
212	0.429	0.248	0.16	0.0528
213	0.428	0.248	0.16	0.0529
214	0.428	0.248	0.16	0.0529
215	0.428	0.248	0.16	0.0529
216	0.428	0.248	0.16	0.0529
217	0.428	0.248	0.16	0.053
218	0.428	0.248	0.16	0.053
219	0.427	0.248	0.16	0.0529
220	0.427	0.248	0.16	0.0529
221	0.426	0.248	0.16	0.0529
222	0.425	0.247	0.16	0.0529
223	0.425	0.247	0.16	0.0529
224	0.425	0.247	0.16	0.0529
225	0.425	0.247	0.16	0.0529
226	0.425	0.247	0.16	0.0529
227	0.424	0.247	0.16	0.053
228	0.423	0.247	0.16	0.0529
229	0.423	0.247	0.16	0.0528
230	0.423	0.247	0.16	0.0529
231	0.422	0.247	0.16	0.0529
232	0.422	0.247	0.16	0.0529
233	0.422	0.247	0.16	0.0529
234	0.422	0.247	0.16	0.053
235	0.423	0.247	0.16	0.053
236	0.422	0.248	0.159	0.0531
237	0.422	0.247	0.159	0.053
238	0.421	0.247	0.159	0.053
239	0.422	0.248	0.159	0.0531
240	0.421	0.247	0.159	0.0531
241	0.421	0.247	0.159	0.0531
242	0.42	0.247	0.159	0.0531
243	0.42	0.248	0.159	0.0532
244	0.419	0.247	0.159	0.0532
245	0.419	0.247	0.159	0.0531
246	0.419	0.248	0.159	0.0532
247	0.419	0.247	0.159	0.0531
248	0.419	0.247	0.159	0.0532
249	0.418	0.247	0.159	0.0532
250	0.418	0.247	0.159	0.0531
251	0.418	0.247	0.159	0.0531
252	0.418	0.247	0.159	0.0531
253	0.417	0.247	0.159	0.0531
254	0.417	0.247	0.159	0.0531
255	0.417	0.247	0.159	0.0531
256	0.416	0.247	0.158	0.0532
257	0.416	0.247	0.159	0.0532
258	0.416	0.247	0.159	0.0533
259	0.416	0.247	0.158	0.0533
260	0.416	0.247	0.158	0.0533
261	0.416	0.247	0.158	0.0533
262	0.415	0.247	0.158	0.0533
263	0.415	0.247	0.158	0.0533
264	0.415	0.248	0.158	0.0533
265	0.414	0.248	0.158	0.0533
266	0.414	0.247	0.158	0.0532
267	0.414	0.247	0.158	0.0533
268	0.414	0.248	0.158	0.0533
269	0.414	0.247	0.158	0.0533
270	0.414	0.248	0.158	0.0534
271	0.413	0.248	0.158	0.0534
272	0.413	0.248	0.158	0.0534
273	0.413	0.248	0.158	0.0534
274	0.413	0.248	0.158	0.0534
275	0.413	0.248	0.158	0.0534
276	0.413	0.247	0.158	0.0534
277	0.412	0.247	0.158	0.0533
278	0.412	0.247	0.158	0.0533
279	0.412	0.247	0.158	0.0534
280	0.412	0.247	0.158	0.0533
281	0.411	0.247	0.158	0.0534
282	0.411	0.247	0.158	0.0534
283	0.411	0.247	0.158	0.0534
284	0.41	0.247	0.158	0.0535
285	0.41	0.247	0.158	0.0535
286	0.41	0.247	0.157	0.0535
287	0.41	0.247	0.157	0.0535
288	0.41	0.247	0.157	0.0534
289	0.409	0.247	0.157	0.0534
290	0.409	0.247	0.157	0.0534
291	0.409	0.247	0.157	0.0535
292	0.408	0.247	0.157	0.0535
293	0.409	0.247	0.157	0.0535
294	0.408	0.247	0.157	0.0536
295	0.408	0.247	0.157	0.0536
296	0.407	0.247	0.157	0.0535
297	0.407	0.247	0.157	0.0535
298	0.407	0.247	0.157	0.0535
299	0.407	0.247	0.157	0.0535
300	0.407	0.247	0.157	0.0536
301	0.406	0.247	0.157	0.0536
302	0.406	0.247	0.157	0.0535
303	0.406	0.247	0.157	0.0536
304	0.405	0.247	0.157	0.0536
305	0.406	0.247	0.157	0.0537
306	0.405	0.247	0.157	0.0536
307	0.405	0.247	0.157	0.0537
308	0.405	0.246	0.157	0.0536
309	0.405	0.246	0.157	0.0537
310	0.404	0.247	0.157	0.0537
311	0.404	0.246	0.157	0.0537
312	0.404	0.247	0.157	0.0538
313	0.404	0.247	0.157	0.0537
314	0.403	0.247	0.156	0.0538
315	0.403	0.246	0.157	0.0537
316	0.403	0.246	0.157	0.0538
317	0.402	0.246	0.156	0.0536
318	0.402	0.246	0.156	0.0536
319	0.402	0.246	0.156	0.0536
320	0.402	0.246	0.156	0.0537
321	0.402	0.246	0.156	0.0537
322	0.402	0.246	0.156	0.0536
323	0.401	0.246	0.156	0.0536
324	0.401	0.246	0.156	0.0535
325	0.401	0.246	0.156	0.0535
326	0.401	0.246	0.156	0.0536
327	0.4	0.246	0.156	0.0536
328	0.4	0.246	0.156	0.0536
329	0.4	0.246	0.156	0.0536
330	0.4	0.246	0.156	0.0536
331	0.4	0.246	0.156	0.0536
332	0.399	0.246	0.156	0.0537
333	0.399	0.246	0.156	0.0537
334	0.399	0.246	0.156	0.0537
335	0.398	0.246	0.156	0.0537
336	0.398	0.246	0.156	0.0537
337	0.398	0.246	0.156	0.0537
338	0.398	0.246	0.156	0.0537
339	0.398	0.246	0.156	0.0538
340	0.398	0.246	0.156	0.0537
341	0.398	0.246	0.156	0.0537
342	0.398	0.246	0.156	0.0537
343	0.397	0.246	0.156	0.0537
344	0.397	0.246	0.156	0.0538
345	0.397	0.246	0.155	0.0538
346	0.396	0.246	0.155	0.0538
347	0.396	0.246	0.155	0.0538
348	0.396	0.245	0.155	0.0537
349	0.396	0.245	0.156	0.0538
350	0.395	0.245	0.155	0.0538
351	0.396	0.246	0.155	0.0538
352	0.395	0.245	0.155	0.0538
353	0.395	0.245	0.155	0.0537
354	0.395	0.245	0.155	0.0537
355	0.395	0.245	0.155	0.0537
356	0.394	0.245	0.155	0.0538
357	0.395	0.245	0.155	0.0538
358	0.394	0.245	0.155	0.0538
359	0.394	0.245	0.155	0.0539
360	0.394	0.245	0.155	0.0538
361	0.394	0.245	0.155	0.0537
362	0.394	0.246	0.155	0.0538
363	0.394	0.246	0.155	0.0538
364	0.394	0.245	0.155	0.0538
365	0.394	0.245	0.155	0.0538
366	0.393	0.245	0.155	0.0537
367	0.393	0.245	0.155	0.0537
368	0.393	0.245	0.155	0.0538
369	0.392	0.245	0.155	0.0537
370	0.392	0.245	0.155	0.0538
371	0.392	0.245	0.155	0.0538
372	0.392	0.245	0.155	0.0539
373	0.392	0.245	0.155	0.0539
374	0.392	0.245	0.155	0.0538
375	0.391	0.245	0.155	0.0538
376	0.391	0.245	0.154	0.0538
377	0.391	0.245	0.154	0.0538
378	0.391	0.245	0.154	0.0538
379	0.391	0.245	0.154	0.0538
380	0.39	0.245	0.154	0.0538
381	0.39	0.245	0.154	0.0539
382	0.39	0.245	0.154	0.0538
383	0.39	0.245	0.154	0.0538
384	0.389	0.245	0.154	0.0538
385	0.389	0.245	0.154	0.0538
386	0.389	0.245	0.154	0.0538
387	0.389	0.245	0.154	0.0538
388	0.389	0.245	0.154	0.0539
389	0.389	0.245	0.154	0.0539
390	0.389	0.245	0.154	0.0538
391	0.389	0.245	0.154	0.0538
392	0.389	0.245	0.154	0.0538
393	0.389	0.245	0.154	0.0538
394	0.388	0.245	0.154	0.0538
395	0.388	0.245	0.154	0.0538
396	0.388	0.245	0.154	0.0539
397	0.388	0.245	0.154	0.0539
398	0.388	0.245	0.154	0.0539
399	0.388	0.245	0.154	0.0539
400	0.388	0.245	0.154	0.054
401	0.388	0.245	0.154	0.054
402	0.387	0.245	0.153	0.054
403	0.387	0.245	0.154	0.0539
404	0.387	0.245	0.154	0.0539
405	0.387	0.245	0.154	0.0539
406	0.386	0.245	0.154	0.0539
407	0.387	0.244	0.154	0.0539
408	0.386	0.244	0.154	0.0539
409	0.386	0.245	0.153	0.0539
410	0.386	0.244	0.153	0.0538
411	0.385	0.244	0.153	0.0539
412	0.386	0.244	0.153	0.0538
413	0.386	0.244	0.153	0.0539
414	0.385	0.244	0.153	0.0539
415	0.385	0.244	0.153	0.0539
416	0.385	0.244	0.153	0.0539
417	0.385	0.244	0.153	0.054
418	0.384	0.244	0.153	0.054
419	0.384	0.244	0.153	0.054
420	0.384	0.244	0.153	0.0539
421	0.384	0.244	0.153	0.0539
422	0.384	0.244	0.153	0.054
423	0.384	0.244	0.153	0.054
424	0.383	0.244	0.153	0.054
425	0.383	0.244	0.153	0.054
426	0.383	0.244	0.153	0.0539
427	0.383	0.244	0.153	0.0539
428	0.383	0.244	0.153	0.054
429	0.383	0.244	0.153	0.0539
430	0.382	0.244	0.153	0.0539
431	0.382	0.244	0.153	0.0538
432	0.382	0.244	0.153	0.0539
433	0.382	0.244	0.153	0.0539
434	0.382	0.244	0.153	0.0539
435	0.382	0.244	0.153	0.0539
436	0.382	0.244	0.153	0.054
437	0.382	0.244	0.153	0.0539
438	0.382	0.244	0.153	0.054
439	0.381	0.244	0.153	0.054
440	0.381	0.244	0.153	0.054
441	0.381	0.244	0.152	0.054
442	0.381	0.244	0.152	0.0541
443	0.381	0.244	0.152	0.054
444	0.381	0.244	0.152	0.054
445	0.38	0.244	0.152	0.054
446	0.381	0.244	0.152	0.054
447	0.38	0.244	0.152	0.0539
448	0.38	0.243	0.152	0.0539
449	0.38	0.244	0.152	0.0539
450	0.38	0.244	0.152	0.0539
451	0.38	0.244	0.152	0.0539
452	0.379	0.244	0.152	0.054
453	0.379	0.244	0.152	0.054
454	0.38	0.244	0.152	0.0539
455	0.379	0.244	0.152	0.054
456	0.379	0.244	0.152	0.054
457	0.379	0.244	0.152	0.0541
458	0.379	0.244	0.152	0.054
459	0.379	0.244	0.152	0.0541
460	0.378	0.244	0.152	0.054
461	0.379	0.244	0.152	0.0539
462	0.378	0.244	0.152	0.054
463	0.378	0.244	0.152	0.0541
464	0.378	0.244	0.152	0.054
465	0.378	0.244	0.152	0.054
466	0.378	0.243	0.152	0.054
467	0.378	0.243	0.152	0.0539
468	0.377	0.243	0.152	0.054
469	0.377	0.243	0.152	0.054
470	0.377	0.243	0.152	0.054
471	0.377	0.244	0.152	0.054
472	0.377	0.244	0.152	0.0541
473	0.377	0.244	0.152	0.054
474	0.377	0.244	0.152	0.054
475	0.376	0.244	0.152	0.0541
476	0.376	0.243	0.152	0.0539
477	0.376	0.243	0.152	0.0539
478	0.376	0.243	0.151	0.054
479	0.376	0.243	0.151	0.0539
480	0.376	0.243	0.151	0.054
481	0.376	0.243	0.151	0.054
482	0.375	0.243	0.151	0.0539
483	0.375	0.243	0.151	0.054
484	0.375	0.243	0.151	0.054
485	0.375	0.243	0.151	0.054
486	0.375	0.243	0.151	0.054
487	0.375	0.243	0.151	0.054
488	0.375	0.243	0.151	0.054
489	0.374	0.243	0.151	0.054
490	0.374	0.243	0.151	0.054
491	0.374	0.243	0.151	0.054
492	0.374	0.243	0.151	0.0541
493	0.374	0.243	0.151	0.0542
494	0.374	0.243	0.151	0.0541
495	0.374	0.243	0.151	0.0541
496	0.373	0.243	0.151	0.0542
497	0.373	0.243	0.151	0.0541
498	0.373	0.242	0.151	0.054
499	0.373	0.243	0.151	0.0541
500	0.373	0.243	0.151	0.0541
501	0.372	0.243	0.151	0.0541
502	0.372	0.243	0.151	0.0541
503	0.372	0.243	0.151	0.0541
504	0.372	0.243	0.151	0.0541
505	0.371	0.243	0.151	0.0542
506	0.371	0.243	0.151	0.0541
507	0.371	0.243	0.151	0.0541
508	0.371	0.243	0.151	0.0541
509	0.371	0.243	0.151	0.0541
510	0.371	0.243	0.151	0.054
511	0.371	0.243	0.15	0.0542
512	0.37	0.243	0.15	0.0541
513	0.37	0.243	0.15	0.0542
514	0.37	0.243	0.151	0.0541
515	0.37	0.243	0.151	0.0541
516	0.37	0.242	0.15	0.0541
517	0.369	0.242	0.15	0.0541
518	0.369	0.242	0.15	0.0541
519	0.369	0.243	0.15	0.0541
520	0.369	0.243	0.15	0.0541
521	0.369	0.243	0.15	0.0541
522	0.369	0.243	0.15	0.0541
523	0.369	0.243	0.15	0.0541
524	0.369	0.242	0.15	0.0541
525	0.368	0.243	0.15	0.0541
526	0.368	0.243	0.15	0.0541
527	0.368	0.242	0.15	0.0541
528	0.368	0.243	0.15	0.0541
529	0.368	0.243	0.15	0.0541
530	0.368	0.243	0.15	0.0541
531	0.368	0.243	0.15	0.0541
532	0.368	0.243	0.15	0.0541
533	0.368	0.242	0.15	0.0541
534	0.368	0.243	0.15	0.054
535	0.368	0.243	0.15	0.0541
536	0.368	0.242	0.15	0.054
537	0.368	0.243	0.15	0.0541
538	0.367	0.243	0.15	0.0541
539	0.367	0.242	0.15	0.0541
540	0.367	0.243	0.15	0.0541
541	0.367	0.243	0.15	0.0541
542	0.367	0.243	0.15	0.0542
543	0.367	0.242	0.15	0.0541
544	0.366	0.243	0.149	0.0541
545	0.366	0.243	0.15	0.0541
546	0.366	0.242	0.15	0.0541
547	0.365	0.242	0.149	0.0542
548	0.366	0.242	0.15	0.054
549	0.366	0.242	0.15	0.0541
550	0.365	0.242	0.15	0.0541
551	0.365	0.242	0.15	0.0541
552	0.365	0.242	0.15	0.0541
553	0.365	0.242	0.15	0.054
554	0.365	0.242	0.149	0.0541
555	0.365	0.242	0.15	0.054
556	0.364	0.242	0.149	0.054
557	0.364	0.242	0.149	0.0541
558	0.364	0.242	0.149	0.0541
559	0.364	0.242	0.149	0.0541
560	0.364	0.242	0.149	0.0541
561	0.364	0.242	0.149	0.0541
562	0.364	0.242	0.149	0.0541
563	0.364	0.242	0.149	0.0541
564	0.363	0.242	0.149	0.054
565	0.363	0.242	0.149	0.0542
566	0.363	0.241	0.149	0.0541
567	0.363	0.241	0.149	0.0541
568	0.363	0.242	0.149	0.0541
569	0.363	0.241	0.149	0.054
570	0.362	0.241	0.149	0.054
571	0.363	0.241	0.149	0.0541
572	0.362	0.241	0.149	0.054
573	0.362	0.241	0.149	0.0541
574	0.362	0.241	0.149	0.054
575	0.362	0.241	0.149	0.054
576	0.362	0.241	0.149	0.054
577	0.362	0.241	0.149	0.054
578	0.362	0.241	0.149	0.054
579	0.362	0.241	0.149	0.054
580	0.362	0.241	0.149	0.054
581	0.362	0.241	0.149	0.054
582	0.361	0.241	0.149	0.0541
583	0.361	0.241	0.149	0.0541
584	0.361	0.241	0.149	0.054
585	0.362	0.241	0.149	0.054
586	0.361	0.241	0.149	0.054
587	0.361	0.241	0.149	0.0541
588	0.361	0.241	0.149	0.0541
589	0.361	0.241	0.149	0.0541
590	0.361	0.241	0.149	0.0541
591	0.361	0.241	0.149	0.0542
592	0.361	0.241	0.148	0.0542
593	0.361	0.241	0.148	0.0542
594	0.36	0.241	0.148	0.0543
595	0.36	0.241	0.148	0.0542
596	0.36	0.241	0.148	0.0542
597	0.36	0.241	0.148	0.0543
598	0.36	0.241	0.148	0.0542
599	0.36	0.241	0.148	0.0542
600	0.36	0.241	0.148	0.0542
601	0.36	0.241	0.148	0.0542
602	0.359	0.241	0.148	0.0541
603	0.359	0.241	0.148	0.0542
604	0.359	0.241	0.148	0.0542
605	0.359	0.241	0.148	0.0542
606	0.359	0.241	0.148	0.0542
607	0.358	0.241	0.148	0.0542
608	0.359	0.241	0.148	0.0541
609	0.358	0.241	0.148	0.0542
610	0.358	0.241	0.148	0.0542
611	0.359	0.241	0.148	0.0542
612	0.358	0.241	0.148	0.0543
613	0.358	0.241	0.148	0.0543
614	0.358	0.241	0.148	0.0543
615	0.358	0.241	0.148	0.0542
616	0.358	0.241	0.148	0.0542
617	0.358	0.241	0.148	0.0542
618	0.358	0.241	0.148	0.0542
619	0.357	0.241	0.148	0.0542
620	0.357	0.241	0.148	0.0542
621	0.357	0.241	0.148	0.0541
622	0.357	0.241	0.148	0.0542
623	0.357	0.241	0.148	0.0542
624	0.357	0.241	0.148	0.0542
625	0.357	0.241	0.148	0.0541
626	0.356	0.24	0.148	0.0541
627	0.356	0.24	0.148	0.0541
628	0.356	0.24	0.148	0.0541
629	0.356	0.24	0.148	0.0541
630	0.356	0.24	0.148	0.0541
631	0.356	0.24	0.148	0.0541
632	0.356	0.24	0.148	0.0541
633	0.355	0.24	0.148	0.0542
634	0.355	0.24	0.147	0.0542
635	0.355	0.24	0.147	0.0541
636	0.355	0.24	0.148	0.0541
637	0.355	0.24	0.147	0.0541
638	0.355	0.24	0.148	0.0541
639	0.355	0.24	0.148	0.0542
640	0.354	0.24	0.147	0.0542
641	0.355	0.24	0.147	0.0541
642	0.354	0.24	0.147	0.0542
643	0.354	0.24	0.147	0.0543
644	0.354	0.24	0.147	0.0542
645	0.354	0.24	0.147	0.0542
646	0.354	0.239	0.147	0.0541
647	0.354	0.24	0.147	0.0542
648	0.353	0.24	0.147	0.0542
649	0.353	0.239	0.147	0.0542
650	0.353	0.24	0.147	0.0542
651	0.353	0.239	0.147	0.0542
652	0.353	0.239	0.147	0.0542
653	0.353	0.239	0.147	0.0542
654	0.352	0.239	0.147	0.0543
655	0.353	0.239	0.147	0.0542
656	0.352	0.239	0.147	0.0543
657	0.353	0.239	0.147	0.0542
658	0.353	0.239	0.147	0.0542
659	0.353	0.239	0.147	0.0542
660	0.352	0.239	0.147	0.0543
661	0.352	0.239	0.147	0.0542
662	0.352	0.239	0.147	0.0542
663	0.352	0.239	0.147	0.0542
664	0.352	0.239	0.147	0.0542
665	0.352	0.239	0.147	0.0542
666	0.351	0.239	0.147	0.0542
667	0.351	0.239	0.147	0.0542
668	0.351	0.239	0.147	0.0542
669	0.351	0.239	0.147	0.0543
670	0.351	0.239	0.147	0.0542
671	0.351	0.239	0.147	0.0543
672	0.35	0.239	0.147	0.0543
673	0.351	0.239	0.147	0.0543
674	0.351	0.239	0.147	0.0543
675	0.35	0.239	0.147	0.0543
676	0.35	0.239	0.147	0.0542
677	0.35	0.239	0.147	0.0543
678	0.35	0.239	0.147	0.0542
679	0.35	0.239	0.146	0.0542
680	0.35	0.239	0.146	0.0542
681	0.35	0.239	0.147	0.0542
682	0.35	0.239	0.146	0.0541
683	0.349	0.239	0.146	0.0542
684	0.349	0.239	0.146	0.0543
685	0.349	0.239	0.146	0.0543
686	0.349	0.239	0.146	0.0543
687	0.349	0.239	0.146	0.0543
688	0.349	0.239	0.146	0.0543
689	0.349	0.239	0.146	0.0543
690	0.349	0.239	0.146	0.0543
691	0.349	0.239	0.146	0.0543
692	0.348	0.239	0.146	0.0544
693	0.349	0.239	0.146	0.0543
694	0.349	0.239	0.146	0.0543
695	0.349	0.239	0.146	0.0543
696	0.349	0.239	0.146	0.0543
697	0.348	0.239	0.146	0.0543
698	0.349	0.239	0.146	0.0544
699	0.348	0.239	0.146	0.0544
700	0.348	0.239	0.146	0.0543
701	0.348	0.239	0.146	0.0543
702	0.348	0.239	0.146	0.0543
703	0.348	0.239	0.146	0.0543
704	0.348	0.239	0.146	0.0543
705	0.348	0.239	0.146	0.0543
706	0.347	0.239	0.146	0.0544
707	0.347	0.239	0.146	0.0544
708	0.347	0.239	0.146	0.0544
709	0.347	0.239	0.146	0.0544
710	0.347	0.239	0.146	0.0544
711	0.347	0.239	0.146	0.0544
712	0.347	0.239	0.146	0.0544
713	0.347	0.239	0.146	0.0544
714	0.347	0.239	0.146	0.0544
715	0.347	0.239	0.146	0.0543
716	0.347	0.239	0.146	0.0543
717	0.346	0.239	0.146	0.0543
718	0.346	0.239	0.146	0.0544
719	0.346	0.239	0.146	0.0544
720	0.346	0.239	0.146	0.0543
721	0.346	0.239	0.146	0.0543
722	0.346	0.239	0.146	0.0544
723	0.346	0.239	0.146	0.0544
724	0.345	0.239	0.145	0.0544
725	0.345	0.239	0.145	0.0544
726	0.345	0.238	0.145	0.0543
727	0.345	0.239	0.145	0.0543
728	0.345	0.239	0.145	0.0544
729	0.345	0.239	0.145	0.0544
730	0.345	0.239	0.145	0.0543
731	0.345	0.238	0.145	0.0544
732	0.345	0.239	0.145	0.0544
733	0.344	0.238	0.145	0.0544
734	0.345	0.238	0.145	0.0544
735	0.344	0.238	0.145	0.0544
736	0.345	0.238	0.145	0.0543
737	0.344	0.238	0.145	0.0544
738	0.344	0.238	0.145	0.0544
739	0.344	0.238	0.145	0.0544
740	0.344	0.238	0.145	0.0544
741	0.344	0.238	0.145	0.0544
742	0.344	0.238	0.145	0.0544
743	0.343	0.238	0.145	0.0544
744	0.343	0.238	0.145	0.0544
745	0.343	0.238	0.145	0.0544
746	0.343	0.238	0.145	0.0544
747	0.343	0.238	0.145	0.0544
748	0.343	0.238	0.145	0.0544
749	0.343	0.238	0.145	0.0544
750	0.343	0.238	0.145	0.0544
751	0.343	0.238	0.145	0.0544
752	0.343	0.238	0.145	0.0544
753	0.343	0.238	0.145	0.0544
754	0.343	0.238	0.145	0.0543
755	0.342	0.237	0.145	0.0544
756	0.342	0.237	0.145	0.0544
757	0.343	0.237	0.145	0.0544
758	0.342	0.238	0.145	0.0544
759	0.342	0.237	0.145	0.0544
760	0.342	0.237	0.145	0.0544
761	0.342	0.238	0.145	0.0544
762	0.342	0.238	0.145	0.0545
763	0.342	0.238	0.145	0.0544
764	0.342	0.238	0.145	0.0544
765	0.342	0.238	0.145	0.0544
766	0.342	0.238	0.145	0.0544
767	0.342	0.237	0.145	0.0544
768	0.341	0.238	0.145	0.0544
769	0.342	0.238	0.145	0.0544
770	0.341	0.238	0.145	0.0544
771	0.341	0.238	0.145	0.0544
772	0.341	0.238	0.145	0.0544
773	0.341	0.238	0.145	0.0544
774	0.341	0.238	0.145	0.0544
775	0.341	0.238	0.145	0.0544
776	0.341	0.238	0.145	0.0544
777	0.341	0.238	0.144	0.0544
778	0.34	0.238	0.144	0.0545
779	0.34	0.238	0.144	0.0545
780	0.34	0.238	0.144	0.0545
781	0.34	0.237	0.144	0.0544
782	0.34	0.237	0.144	0.0544
783	0.34	0.238	0.144	0.0545
784	0.34	0.238	0.144	0.0545
785	0.34	0.237	0.144	0.0544
786	0.34	0.237	0.144	0.0544
787	0.34	0.237	0.144	0.0545
788	0.34	0.237	0.144	0.0544
789	0.34	0.237	0.144	0.0544
790	0.34	0.237	0.144	0.0544
791	0.34	0.237	0.144	0.0545
792	0.339	0.237	0.144	0.0544
793	0.339	0.237	0.144	0.0544
794	0.339	0.237	0.144	0.0543
795	0.339	0.237	0.144	0.0544
796	0.339	0.237	0.144	0.0544
797	0.339	0.237	0.144	0.0544
798	0.339	0.237	0.144	0.0544
799	0.339	0.237	0.144	0.0544
800	0.339	0.237	0.144	0.0544
801	0.339	0.237	0.144	0.0545
802	0.339	0.237	0.144	0.0545
803	0.339	0.237	0.144	0.0544
804	0.338	0.237	0.144	0.0545
805	0.338	0.237	0.144	0.0544
806	0.338	0.237	0.144	0.0545
807	0.338	0.237	0.144	0.0545
808	0.338	0.237	0.144	0.0544
809	0.338	0.237	0.144	0.0545
810	0.338	0.237	0.144	0.0545
811	0.338	0.236	0.144	0.0544
812	0.337	0.237	0.144	0.0545
813	0.337	0.237	0.144	0.0544
814	0.337	0.236	0.144	0.0545
815	0.337	0.237	0.144	0.0545
816	0.337	0.237	0.144	0.0545
817	0.337	0.236	0.144	0.0545
818	0.337	0.236	0.144	0.0545
819	0.337	0.236	0.144	0.0545
820	0.337	0.237	0.144	0.0545
821	0.336	0.237	0.144	0.0546
822	0.336	0.237	0.144	0.0546
823	0.336	0.236	0.144	0.0545
824	0.336	0.236	0.144	0.0545
825	0.336	0.236	0.144	0.0545
826	0.336	0.236	0.144	0.0545
827	0.336	0.236	0.144	0.0545
828	0.336	0.236	0.144	0.0545
829	0.336	0.236	0.144	0.0546
830	0.336	0.236	0.144	0.0545
831	0.336	0.236	0.144	0.0545
832	0.336	0.236	0.144	0.0545
833	0.336	0.236	0.144	0.0545
834	0.335	0.236	0.143	0.0545
835	0.335	0.236	0.143	0.0546
836	0.335	0.236	0.143	0.0544
837	0.335	0.236	0.143	0.0544
838	0.335	0.236	0.143	0.0544
839	0.335	0.236	0.143	0.0545
840	0.335	0.236	0.143	0.0545
841	0.335	0.236	0.143	0.0545
842	0.335	0.236	0.143	0.0545
843	0.335	0.236	0.143	0.0545
844	0.335	0.236	0.143	0.0545
845	0.334	0.236	0.143	0.0545
846	0.334	0.236	0.143	0.0545
847	0.334	0.236	0.143	0.0545
848	0.334	0.236	0.143	0.0545
849	0.334	0.236	0.143	0.0546
850	0.334	0.236	0.143	0.0545
851	0.334	0.236	0.143	0.0545
852	0.333	0.236	0.143	0.0546
853	0.334	0.235	0.143	0.0546
854	0.334	0.235	0.143	0.0545
855	0.334	0.235	0.143	0.0545
856	0.334	0.235	0.143	0.0545
857	0.334	0.236	0.143	0.0546
858	0.333	0.236	0.143	0.0546
859	0.334	0.236	0.143	0.0545
860	0.334	0.235	0.143	0.0544
861	0.333	0.235	0.143	0.0545
862	0.333	0.236	0.143	0.0546
863	0.333	0.235	0.143	0.0545
864	0.333	0.235	0.143	0.0545
865	0.333	0.236	0.143	0.0546
866	0.333	0.235	0.143	0.0546
867	0.332	0.235	0.143	0.0545
868	0.333	0.235	0.143	0.0544
869	0.333	0.235	0.143	0.0545
870	0.332	0.235	0.143	0.0545
871	0.333	0.235	0.143	0.0545
872	0.332	0.235	0.143	0.0546
873	0.332	0.235	0.143	0.0545
874	0.333	0.235	0.143	0.0545
875	0.332	0.235	0.143	0.0545
876	0.332	0.235	0.143	0.0546
877	0.332	0.235	0.143	0.0545
878	0.332	0.235	0.143	0.0546
879	0.332	0.235	0.143	0.0545
880	0.332	0.235	0.143	0.0545
881	0.332	0.235	0.143	0.0546
882	0.332	0.235	0.143	0.0546
883	0.332	0.235	0.143	0.0546
884	0.332	0.235	0.143	0.0545
885	0.332	0.235	0.143	0.0546
886	0.332	0.235	0.143	0.0546
887	0.332	0.235	0.143	0.0545
888	0.331	0.235	0.142	0.0546
889	0.332	0.235	0.142	0.0546
890	0.332	0.235	0.142	0.0546
891	0.331	0.235	0.142	0.0546
892	0.331	0.235	0.142	0.0546
893	0.331	0.235	0.142	0.0546
894	0.331	0.235	0.142	0.0546
895	0.331	0.235	0.142	0.0546
896	0.331	0.235	0.142	0.0546
897	0.331	0.235	0.142	0.0546
898	0.331	0.235	0.142	0.0546
899	0.331	0.235	0.142	0.0546
900	0.331	0.235	0.142	0.0546
901	0.331	0.235	0.142	0.0546
902	0.33	0.235	0.142	0.0546
903	0.33	0.235	0.142	0.0547
904	0.331	0.235	0.142	0.0545
905	0.33	0.235	0.142	0.0546
906	0.33	0.235	0.142	0.0546
907	0.33	0.235	0.142	0.0546
908	0.33	0.235	0.142	0.0546
909	0.33	0.235	0.142	0.0546
910	0.33	0.235	0.142	0.0546
911	0.33	0.235	0.142	0.0546
912	0.33	0.235	0.142	0.0546
913	0.33	0.235	0.142	0.0546
914	0.329	0.235	0.142	0.0546
915	0.33	0.235	0.142	0.0546
916	0.33	0.235	0.142	0.0546
917	0.33	0.235	0.142	0.0546
918	0.329	0.235	0.142	0.0546
919	0.329	0.235	0.142	0.0545
920	0.329	0.235	0.142	0.0546
921	0.329	0.235	0.142	0.0546
922	0.329	0.235	0.142	0.0546
923	0.329	0.235	0.142	0.0546
924	0.329	0.235	0.142	0.0546
925	0.328	0.235	0.142	0.0546
926	0.328	0.235	0.142	0.0546
927	0.328	0.235	0.142	0.0546
928	0.328	0.235	0.142	0.0547
929	0.328	0.235	0.142	0.0547
930	0.328	0.235	0.142	0.0547
931	0.328	0.235	0.142	0.0547
932	0.328	0.235	0.142	0.0546
933	0.328	0.234	0.142	0.0546
934	0.328	0.235	0.142	0.0547
935	0.328	0.234	0.142	0.0546
936	0.327	0.234	0.142	0.0546
937	0.327	0.234	0.142	0.0546
938	0.327	0.234	0.142	0.0546
939	0.327	0.234	0.142	0.0546
940	0.327	0.234	0.142	0.0546
941	0.327	0.234	0.142	0.0546
942	0.327	0.234	0.142	0.0546
943	0.327	0.234	0.142	0.0546
944	0.327	0.234	0.142	0.0546
945	0.327	0.234	0.142	0.0546
946	0.327	0.234	0.142	0.0546
947	0.327	0.234	0.142	0.0545
948	0.327	0.234	0.142	0.0546
949	0.327	0.234	0.141	0.0546
950	0.327	0.234	0.141	0.0546
951	0.327	0.234	0.141	0.0546
952	0.327	0.234	0.141	0.0547
953	0.326	0.234	0.141	0.0546
954	0.327	0.234	0.141	0.0546
955	0.327	0.234	0.141	0.0546
956	0.327	0.234	0.141	0.0546
957	0.327	0.234	0.141	0.0546
958	0.327	0.234	0.141	0.0547
959	0.326	0.234	0.141	0.0546
960	0.326	0.234	0.141	0.0547
961	0.326	0.234	0.141	0.0547
962	0.326	0.234	0.141	0.0546
963	0.326	0.234	0.141	0.0547
964	0.326	0.234	0.141	0.0547
965	0.326	0.234	0.141	0.0546
966	0.326	0.233	0.141	0.0546
967	0.325	0.233	0.141	0.0547
968	0.325	0.234	0.141	0.0547
969	0.325	0.233	0.141	0.0546
970	0.325	0.233	0.141	0.0547
971	0.325	0.234	0.141	0.0547
972	0.325	0.233	0.141	0.0546
973	0.325	0.233	0.141	0.0546
974	0.325	0.234	0.141	0.0547
975	0.326	0.232	0.142	0.0542
976	0.328	0.23	0.144	0.0538
977	0.328	0.231	0.143	0.0538
978	0.328	0.231	0.143	0.0539
979	0.328	0.231	0.143	0.0539
980	0.328	0.231	0.143	0.0539
981	0.328	0.231	0.143	0.0539
982	0.328	0.231	0.143	0.054
983	0.327	0.231	0.143	0.0539
984	0.327	0.231	0.143	0.054
985	0.327	0.231	0.143	0.054
986	0.327	0.231	0.143	0.054
987	0.327	0.231	0.143	0.054
988	0.327	0.231	0.143	0.054
989	0.327	0.231	0.143	0.0541
990	0.327	0.231	0.143	0.054
991	0.327	0.231	0.143	0.0541
992	0.327	0.231	0.143	0.0541
993	0.327	0.231	0.143	0.0541
994	0.327	0.231	0.143	0.0541
995	0.327	0.231	0.143	0.0542
996	0.326	0.231	0.143	0.0541
997	0.326	0.231	0.143	0.0542
998	0.326	0.231	0.143	0.0542
999	0.326	0.231	0.143	0.0542
1000	0.326	0.231	0.143	0.0541
1001	0.326	0.231	0.143	0.0542
1002	0.326	0.231	0.143	0.0541
1003	0.326	0.231	0.143	0.0542
1004	0.326	0.231	0.142	0.0542
1005	0.326	0.231	0.142	0.0542
1006	0.326	0.231	0.142	0.0542
1007	0.326	0.231	0.142	0.0543
1008	0.326	0.231	0.142	0.0542
1009	0.326	0.231	0.142	0.0543
1010	0.326	0.231	0.142	0.0543
1011	0.326	0.231	0.142	0.0543
1012	0.326	0.231	0.142	0.0542
1013	0.326	0.231	0.142	0.0543
1014	0.326	0.231	0.142	0.0542
1015	0.325	0.231	0.142	0.0543
1016	0.325	0.231	0.142	0.0543
1017	0.325	0.231	0.142	0.0543
1018	0.325	0.231	0.142	0.0543
1019	0.325	0.231	0.142	0.0543
1020	0.325	0.231	0.142	0.0543
1021	0.325	0.231	0.142	0.0543
1022	0.325	0.231	0.142	0.0543
1023	0.325	0.231	0.142	0.0543
1024	0.325	0.231	0.142	0.0543
1025	0.325	0.231	0.142	0.0543
1026	0.325	0.231	0.142	0.0542
1027	0.325	0.231	0.142	0.0542
1028	0.325	0.231	0.142	0.0543
1029	0.325	0.231	0.142	0.0543
1030	0.324	0.231	0.142	0.0543
1031	0.324	0.231	0.142	0.0543
1032	0.325	0.231	0.142	0.0543
1033	0.324	0.231	0.142	0.0543
1034	0.324	0.231	0.142	0.0543
1035	0.324	0.231	0.142	0.0543
1036	0.324	0.231	0.142	0.0543
1037	0.324	0.231	0.142	0.0544
1038	0.324	0.231	0.142	0.0543
1039	0.324	0.231	0.142	0.0544
1040	0.324	0.231	0.142	0.0544
1041	0.323	0.231	0.141	0.0545
1042	0.324	0.231	0.142	0.0544
1043	0.324	0.231	0.142	0.0544
1044	0.324	0.231	0.142	0.0544
1045	0.324	0.231	0.142	0.0544
1046	0.324	0.231	0.142	0.0544
1047	0.323	0.231	0.142	0.0544
1048	0.323	0.231	0.141	0.0544
1049	0.323	0.231	0.141	0.0544
1050	0.323	0.231	0.141	0.0544
1051	0.323	0.231	0.141	0.0544
1052	0.323	0.231	0.141	0.0544
1053	0.323	0.231	0.141	0.0544
1054	0.323	0.231	0.141	0.0544
1055	0.323	0.231	0.141	0.0543
1056	0.323	0.231	0.141	0.0544
1057	0.323	0.23	0.141	0.0543
1058	0.322	0.23	0.141	0.0544
1059	0.322	0.23	0.141	0.0544
1060	0.322	0.23	0.141	0.0543
1061	0.322	0.23	0.141	0.0544
1062	0.322	0.23	0.141	0.0543
1063	0.322	0.23	0.141	0.0543
1064	0.322	0.23	0.141	0.0544
1065	0.322	0.23	0.141	0.0543
1066	0.322	0.23	0.141	0.0544
1067	0.322	0.23	0.141	0.0544
1068	0.322	0.23	0.141	0.0544
1069	0.322	0.23	0.141	0.0544
1070	0.321	0.23	0.141	0.0545
1071	0.321	0.23	0.141	0.0544
1072	0.321	0.23	0.141	0.0544
1073	0.321	0.23	0.141	0.0544
1074	0.321	0.23	0.141	0.0544
1075	0.321	0.23	0.141	0.0544
1076	0.321	0.23	0.141	0.0545
1077	0.321	0.23	0.141	0.0545
1078	0.321	0.23	0.141	0.0544
1079	0.32	0.23	0.141	0.0545
1080	0.321	0.23	0.141	0.0544
1081	0.321	0.23	0.141	0.0544
1082	0.321	0.23	0.141	0.0545
1083	0.321	0.23	0.141	0.0544
1084	0.32	0.23	0.141	0.0544
1085	0.32	0.23	0.141	0.0545
1086	0.32	0.23	0.141	0.0544
1087	0.32	0.23	0.141	0.0544
1088	0.32	0.23	0.141	0.0545
1089	0.32	0.23	0.141	0.0545
1090	0.32	0.23	0.141	0.0545
1091	0.32	0.23	0.141	0.0544
1092	0.32	0.23	0.141	0.0545
1093	0.32	0.23	0.141	0.0545
1094	0.32	0.23	0.141	0.0545
1095	0.319	0.23	0.141	0.0545
1096	0.319	0.23	0.141	0.0544
1097	0.319	0.23	0.141	0.0545
1098	0.32	0.23	0.141	0.0544
1099	0.319	0.23	0.141	0.0544
1100	0.319	0.23	0.141	0.0544
1101	0.319	0.23	0.141	0.0545
1102	0.319	0.23	0.141	0.0545
1103	0.319	0.23	0.141	0.0545
1104	0.319	0.23	0.141	0.0545
1105	0.319	0.229	0.141	0.0544
1106	0.319	0.23	0.14	0.0545
1107	0.319	0.229	0.141	0.0545
1108	0.318	0.229	0.141	0.0545
1109	0.318	0.229	0.14	0.0545
1110	0.318	0.229	0.14	0.0545
1111	0.319	0.229	0.14	0.0545
1112	0.318	0.229	0.14	0.0545
1113	0.318	0.229	0.14	0.0545
1114	0.318	0.229	0.14	0.0545
1115	0.318	0.229	0.14	0.0545
1116	0.318	0.229	0.14	0.0545
1117	0.319	0.229	0.14	0.0545
1118	0.318	0.229	0.14	0.0545
1119	0.318	0.229	0.14	0.0545
1120	0.318	0.229	0.14	0.0545
1121	0.318	0.229	0.14	0.0545
1122	0.318	0.23	0.14	0.0545
1123	0.318	0.23	0.14	0.0546
1124	0.318	0.23	0.14	0.0545
1125	0.318	0.229	0.14	0.0546
1126	0.318	0.229	0.14	0.0546
1127	0.318	0.229	0.14	0.0546
1128	0.318	0.23	0.14	0.0546
1129	0.318	0.23	0.14	0.0546
1130	0.318	0.23	0.14	0.0546
1131	0.317	0.23	0.14	0.0546
1132	0.317	0.229	0.14	0.0545
1133	0.317	0.229	0.14	0.0545
1134	0.317	0.229	0.14	0.0546
1135	0.317	0.229	0.14	0.0546
1136	0.319	0.228	0.141	0.0542
1137	0.32	0.227	0.142	0.0538
1138	0.32	0.227	0.142	0.0538
1139	0.32	0.227	0.142	0.0538
1140	0.32	0.227	0.142	0.0538
1141	0.32	0.227	0.142	0.0539
1142	0.32	0.227	0.142	0.0539
1143	0.32	0.227	0.142	0.0539
1144	0.32	0.227	0.142	0.0539
1145	0.32	0.227	0.142	0.0539
1146	0.32	0.227	0.142	0.0539
1147	0.319	0.227	0.142	0.054
1148	0.32	0.227	0.142	0.054
1149	0.32	0.227	0.142	0.054
1150	0.319	0.227	0.142	0.0541
1151	0.319	0.227	0.142	0.054
1152	0.319	0.227	0.142	0.0541
1153	0.319	0.227	0.142	0.054
1154	0.319	0.227	0.142	0.0541
1155	0.319	0.227	0.142	0.054
1156	0.319	0.227	0.142	0.0541
1157	0.319	0.227	0.142	0.0541
1158	0.319	0.227	0.142	0.0541
1159	0.319	0.227	0.142	0.0541
1160	0.319	0.227	0.142	0.0541
1161	0.319	0.227	0.142	0.0541
1162	0.319	0.227	0.142	0.054
1163	0.319	0.227	0.141	0.0541
1164	0.319	0.227	0.141	0.054
1165	0.319	0.227	0.141	0.0541
1166	0.319	0.227	0.141	0.0541
1167	0.319	0.227	0.141	0.0541
1168	0.319	0.227	0.142	0.0541
1169	0.318	0.227	0.141	0.0541
1170	0.318	0.227	0.141	0.0541
1171	0.318	0.227	0.141	0.0541
1172	0.318	0.227	0.141	0.0541
1173	0.318	0.227	0.141	0.0541
1174	0.318	0.227	0.141	0.0541
1175	0.318	0.227	0.141	0.0542
1176	0.318	0.227	0.141	0.0541
1177	0.318	0.227	0.141	0.0541
1178	0.318	0.227	0.141	0.0542
1179	0.318	0.227	0.141	0.0542
1180	0.318	0.227	0.141	0.0541
1181	0.318	0.227	0.141	0.0542
1182	0.318	0.227	0.141	0.0542
1183	0.318	0.227	0.141	0.0541
1184	0.317	0.227	0.141	0.0542
1185	0.317	0.227	0.141	0.0542
1186	0.317	0.227	0.141	0.0542
1187	0.317	0.226	0.141	0.0541
1188	0.317	0.227	0.141	0.0541
1189	0.317	0.227	0.141	0.0542
1190	0.317	0.227	0.141	0.0542
1191	0.317	0.226	0.141	0.0542
1192	0.317	0.227	0.141	0.0542
1193	0.317	0.227	0.141	0.0542
1194	0.317	0.227	0.141	0.0542
1195	0.317	0.227	0.141	0.0541
1196	0.317	0.227	0.141	0.0541
1197	0.317	0.227	0.141	0.0542
1198	0.317	0.227	0.141	0.0542
1199	0.317	0.227	0.141	0.0542
1200	0.316	0.227	0.141	0.0541
1201	0.317	0.227	0.141	0.0541
1202	0.316	0.227	0.141	0.0542
1203	0.316	0.226	0.141	0.0542
1204	0.316	0.226	0.141	0.0542
1205	0.316	0.227	0.141	0.0542
1206	0.316	0.226	0.141	0.0542
1207	0.316	0.226	0.141	0.0542
1208	0.316	0.227	0.141	0.0543
1209	0.316	0.226	0.141	0.0543
1210	0.316	0.226	0.141	0.0543
1211	0.316	0.226	0.141	0.0543
1212	0.315	0.226	0.141	0.0543
1213	0.315	0.226	0.141	0.0543
1214	0.315	0.226	0.141	0.0543
1215	0.315	0.226	0.141	0.0543
1216	0.316	0.226	0.141	0.0542
1217	0.315	0.226	0.14	0.0543
1218	0.315	0.226	0.14	0.0543
1219	0.315	0.226	0.141	0.0543
1220	0.315	0.226	0.141	0.0543
1221	0.315	0.226	0.141	0.0543
1222	0.315	0.226	0.141	0.0543
1223	0.315	0.226	0.141	0.0543
1224	0.315	0.226	0.14	0.0543
1225	0.315	0.226	0.14	0.0543
1226	0.315	0.226	0.14	0.0543
1227	0.315	0.226	0.14	0.0543
1228	0.315	0.226	0.14	0.0543
1229	0.315	0.226	0.14	0.0543
1230	0.315	0.226	0.14	0.0543
1231	0.315	0.226	0.14	0.0543
1232	0.315	0.226	0.14	0.0543
1233	0.314	0.226	0.14	0.0543
1234	0.314	0.226	0.14	0.0543
1235	0.314	0.226	0.14	0.0543
1236	0.314	0.226	0.14	0.0543
1237	0.314	0.226	0.14	0.0543
1238	0.314	0.226	0.14	0.0542
1239	0.314	0.226	0.14	0.0543
1240	0.314	0.226	0.14	0.0542
1241	0.314	0.226	0.14	0.0543
1242	0.314	0.226	0.14	0.0543
1243	0.314	0.226	0.14	0.0542
1244	0.314	0.226	0.14	0.0543
1245	0.314	0.226	0.14	0.0543
1246	0.314	0.226	0.14	0.0543
1247	0.314	0.226	0.14	0.0544
1248	0.314	0.226	0.14	0.0543
1249	0.314	0.226	0.14	0.0543
1250	0.314	0.226	0.14	0.0543
1251	0.313	0.226	0.14	0.0543
1252	0.314	0.226	0.14	0.0543
1253	0.314	0.226	0.14	0.0543
1254	0.313	0.226	0.14	0.0543
1255	0.313	0.226	0.14	0.0543
1256	0.313	0.226	0.14	0.0543
1257	0.313	0.226	0.14	0.0543
1258	0.313	0.226	0.14	0.0543
1259	0.313	0.226	0.14	0.0543
1260	0.313	0.226	0.14	0.0542
1261	0.313	0.226	0.14	0.0543
1262	0.313	0.226	0.14	0.0543
1263	0.313	0.226	0.14	0.0542
1264	0.313	0.226	0.14	0.0543
1265	0.313	0.226	0.14	0.0543
1266	0.313	0.226	0.14	0.0543
1267	0.313	0.226	0.14	0.0543
1268	0.313	0.226	0.14	0.0543
1269	0.313	0.226	0.14	0.0543
1270	0.313	0.226	0.14	0.0542
1271	0.312	0.226	0.14	0.0543
1272	0.314	0.224	0.141	0.0539
1273	0.316	0.223	0.142	0.0534
1274	0.316	0.223	0.142	0.0535
1275	0.316	0.223	0.142	0.0536
1276	0.316	0.223	0.142	0.0536
1277	0.315	0.223	0.142	0.0536
1278	0.315	0.223	0.142	0.0537
1279	0.315	0.223	0.142	0.0536
1280	0.315	0.223	0.142	0.0537
1281	0.315	0.223	0.142	0.0537
1282	0.315	0.223	0.142	0.0536
1283	0.315	0.223	0.142	0.0537
1284	0.315	0.223	0.142	0.0538
1285	0.315	0.223	0.142	0.0537
1286	0.315	0.223	0.142	0.0538
1287	0.314	0.223	0.142	0.0538
1288	0.315	0.223	0.142	0.0538
1289	0.314	0.223	0.141	0.0538
1290	0.314	0.223	0.141	0.0538
1291	0.314	0.223	0.141	0.0537
1292	0.315	0.223	0.141	0.0538
1293	0.314	0.223	0.141	0.0538
1294	0.314	0.223	0.141	0.0538
1295	0.314	0.223	0.141	0.0538
1296	0.314	0.223	0.141	0.0538
1297	0.314	0.223	0.141	0.0538
1298	0.314	0.223	0.141	0.0538
1299	0.314	0.223	0.141	0.0537
1300	0.314	0.223	0.141	0.0538
1301	0.314	0.223	0.141	0.0538
1302	0.313	0.223	0.141	0.0538
1303	0.313	0.223	0.141	0.0539
1304	0.314	0.223	0.141	0.0539
1305	0.314	0.223	0.141	0.0538
1306	0.313	0.223	0.141	0.0539
1307	0.313	0.223	0.141	0.0539
1308	0.313	0.223	0.141	0.0539
1309	0.313	0.223	0.141	0.0539
1310	0.313	0.223	0.141	0.0539
1311	0.313	0.223	0.141	0.0539
1312	0.313	0.223	0.141	0.0538
1313	0.313	0.223	0.141	0.0539
1314	0.313	0.223	0.141	0.0539
1315	0.313	0.223	0.141	0.0539
1316	0.313	0.223	0.141	0.0539
1317	0.313	0.223	0.141	0.0539
1318	0.313	0.223	0.141	0.0539
1319	0.312	0.223	0.141	0.054
1320	0.313	0.223	0.141	0.0539
1321	0.313	0.223	0.141	0.054
1322	0.312	0.223	0.141	0.0539
1323	0.313	0.223	0.141	0.0539
1324	0.312	0.223	0.141	0.054
1325	0.312	0.223	0.141	0.0539
1326	0.312	0.223	0.141	0.0539
1327	0.312	0.223	0.141	0.0539
1328	0.312	0.223	0.141	0.0539
1329	0.312	0.223	0.141	0.054
1330	0.312	0.223	0.141	0.054
1331	0.312	0.223	0.141	0.0539
1332	0.312	0.223	0.141	0.0539
1333	0.312	0.223	0.141	0.0539
1334	0.312	0.223	0.141	0.0539
1335	0.312	0.223	0.14	0.054
1336	0.311	0.223	0.14	0.054
1337	0.311	0.223	0.14	0.054
1338	0.312	0.223	0.14	0.0539
1339	0.311	0.223	0.14	0.0539
1340	0.311	0.223	0.14	0.054
1341	0.311	0.223	0.14	0.054
1342	0.311	0.223	0.14	0.054
1343	0.311	0.223	0.14	0.054
1344	0.311	0.223	0.14	0.054
1345	0.311	0.223	0.14	0.054
1346	0.311	0.223	0.14	0.054
1347	0.311	0.223	0.14	0.054
1348	0.311	0.223	0.14	0.054
1349	0.311	0.223	0.14	0.054
1350	0.311	0.223	0.14	0.054
1351	0.311	0.223	0.14	0.054
1352	0.311	0.223	0.14	0.054
1353	0.311	0.223	0.14	0.054
1354	0.311	0.223	0.14	0.054
1355	0.311	0.223	0.14	0.054
1356	0.311	0.223	0.14	0.0541
1357	0.31	0.223	0.14	0.0541
1358	0.31	0.223	0.14	0.054
1359	0.31	0.222	0.14	0.054
1360	0.31	0.222	0.14	0.054
1361	0.31	0.223	0.14	0.0541
1362	0.31	0.223	0.14	0.054
1363	0.31	0.223	0.14	0.0541
1364	0.31	0.223	0.14	0.0541
1365	0.31	0.223	0.14	0.054
1366	0.31	0.223	0.14	0.054
1367	0.31	0.223	0.14	0.054
1368	0.31	0.223	0.14	0.0541
1369	0.31	0.223	0.14	0.0541
1370	0.31	0.223	0.14	0.054
1371	0.31	0.223	0.14	0.054
1372	0.31	0.222	0.14	0.054
1373	0.309	0.222	0.14	0.0541
1374	0.309	0.222	0.14	0.0541
1375	0.309	0.222	0.14	0.054
1376	0.309	0.222	0.14	0.0541
1377	0.309	0.222	0.14	0.0541
1378	0.309	0.222	0.14	0.0541
1379	0.309	0.222	0.14	0.0541
1380	0.309	0.223	0.14	0.0541
1381	0.309	0.223	0.14	0.0541
1382	0.309	0.223	0.14	0.0541
1383	0.309	0.223	0.14	0.0541
1384	0.309	0.223	0.14	0.0541
1385	0.309	0.223	0.14	0.0542
1386	0.309	0.222	0.14	0.0541
1387	0.308	0.222	0.14	0.0541
1388	0.308	0.222	0.14	0.0541
1389	0.308	0.222	0.14	0.0541
1390	0.308	0.222	0.14	0.0541
1391	0.308	0.222	0.14	0.054
1392	0.308	0.222	0.14	0.0541
1393	0.308	0.222	0.14	0.0541
1394	0.308	0.222	0.14	0.0541
1395	0.308	0.222	0.14	0.0541
1396	0.308	0.222	0.14	0.0541
1397	0.308	0.222	0.14	0.0541
1398	0.308	0.222	0.14	0.0541
1399	0.308	0.222	0.14	0.0541
1400	0.308	0.222	0.14	0.0542
1401	0.308	0.222	0.14	0.0541
1402	0.308	0.222	0.14	0.0541
1403	0.308	0.222	0.139	0.0541
1404	0.308	0.222	0.14	0.0541
1405	0.308	0.222	0.14	0.0541
1406	0.308	0.222	0.139	0.0541
1407	0.308	0.222	0.139	0.0541
1408	0.308	0.222	0.139	0.0541
1409	0.308	0.222	0.139	0.0542
1410	0.308	0.222	0.139	0.0541
1411	0.308	0.222	0.139	0.0541
1412	0.308	0.222	0.139	0.0541
1413	0.307	0.222	0.139	0.0541
1414	0.307	0.222	0.139	0.0542
1415	0.307	0.222	0.139	0.0541
1416	0.307	0.222	0.139	0.0541
1417	0.307	0.222	0.139	0.0542
1418	0.307	0.222	0.139	0.0542
1419	0.307	0.222	0.139	0.0542
1420	0.307	0.222	0.139	0.0542
1421	0.307	0.222	0.139	0.0542
1422	0.307	0.222	0.139	0.0541
1423	0.307	0.222	0.139	0.0541
1424	0.307	0.222	0.139	0.0541
1425	0.307	0.222	0.139	0.0541
1426	0.307	0.222	0.139	0.0541
1427	0.307	0.222	0.139	0.0542
1428	0.307	0.222	0.139	0.0541
1429	0.307	0.222	0.139	0.0542
1430	0.307	0.222	0.139	0.0542
1431	0.307	0.222	0.139	0.0542
1432	0.307	0.222	0.139	0.0542
1433	0.307	0.222	0.139	0.0542
1434	0.307	0.222	0.139	0.0542
1435	0.307	0.222	0.139	0.0542
1436	0.306	0.222	0.139	0.0542
1437	0.306	0.222	0.139	0.0542
1438	0.306	0.222	0.139	0.0542
1439	0.306	0.222	0.139	0.0542
1440	0.306	0.222	0.139	0.0542
1441	0.306	0.222	0.139	0.0542
1442	0.306	0.222	0.139	0.0543
1443	0.306	0.222	0.139	0.0542
1444	0.306	0.222	0.139	0.0542
1445	0.306	0.222	0.139	0.0542
1446	0.308	0.22	0.14	0.0538
1447	0.31	0.219	0.141	0.0534
1448	0.309	0.219	0.141	0.0535
1449	0.31	0.219	0.141	0.0535
1450	0.309	0.22	0.141	0.0536
1451	0.309	0.219	0.141	0.0536
1452	0.309	0.22	0.141	0.0535
1453	0.309	0.22	0.141	0.0536
1454	0.309	0.22	0.141	0.0536
1455	0.309	0.22	0.141	0.0536
1456	0.309	0.22	0.141	0.0536
1457	0.309	0.22	0.141	0.0536
1458	0.309	0.22	0.141	0.0536
1459	0.309	0.22	0.141	0.0536
1460	0.308	0.219	0.141	0.0537
1461	0.309	0.219	0.141	0.0536
1462	0.308	0.219	0.141	0.0536
1463	0.308	0.22	0.141	0.0536
1464	0.308	0.22	0.141	0.0537
1465	0.308	0.22	0.141	0.0537
1466	0.308	0.219	0.141	0.0537
1467	0.308	0.22	0.141	0.0537
1468	0.308	0.219	0.141	0.0537
1469	0.308	0.219	0.14	0.0537
1470	0.308	0.219	0.14	0.0537
1471	0.308	0.22	0.14	0.0537
1472	0.308	0.22	0.14	0.0537
1473	0.308	0.219	0.14	0.0537
1474	0.308	0.219	0.14	0.0536
1475	0.308	0.219	0.14	0.0537
1476	0.307	0.219	0.14	0.0537
1477	0.308	0.219	0.14	0.0537
1478	0.307	0.219	0.14	0.0537
1479	0.308	0.219	0.14	0.0537
1480	0.308	0.219	0.14	0.0538
1481	0.308	0.219	0.14	0.0537
1482	0.307	0.219	0.14	0.0538
1483	0.308	0.219	0.14	0.0537
1484	0.307	0.22	0.14	0.0537
1485	0.307	0.22	0.14	0.0538
1486	0.307	0.219	0.14	0.0537
1487	0.307	0.22	0.14	0.0537
1488	0.307	0.22	0.14	0.0538
1489	0.307	0.22	0.14	0.0538
1490	0.307	0.22	0.14	0.0538
1491	0.307	0.22	0.14	0.0538
1492	0.307	0.219	0.14	0.0538
1493	0.307	0.22	0.14	0.0538
1494	0.307	0.219	0.14	0.0538
1495	0.307	0.219	0.14	0.0538
1496	0.307	0.219	0.14	0.0538
1497	0.307	0.219	0.14	0.0538
1498	0.307	0.219	0.14	0.0538
1499	0.307	0.219	0.14	0.0538
1500	0.306	0.22	0.14	0.0538
1501	0.307	0.219	0.14	0.0538
1502	0.306	0.219	0.14	0.0538
1503	0.306	0.219	0.14	0.0538
1504	0.306	0.219	0.14	0.0538
1505	0.306	0.219	0.14	0.0538
1506	0.306	0.219	0.14	0.0538
1507	0.306	0.219	0.14	0.0538
1508	0.306	0.22	0.14	0.0538
1509	0.306	0.22	0.14	0.0538
1510	0.306	0.22	0.14	0.0538
1511	0.306	0.22	0.14	0.0538
1512	0.306	0.22	0.14	0.0538
1513	0.306	0.22	0.14	0.0539
1514	0.306	0.22	0.14	0.0539
1515	0.306	0.22	0.139	0.0539
1516	0.306	0.22	0.14	0.0539
1517	0.306	0.22	0.14	0.0538
1518	0.306	0.22	0.14	0.0539
1519	0.306	0.22	0.14	0.0539
1520	0.305	0.219	0.139	0.0539
1521	0.306	0.22	0.139	0.0539
1522	0.306	0.22	0.139	0.0539
1523	0.305	0.22	0.139	0.0539
1524	0.305	0.219	0.139	0.0539
1525	0.305	0.219	0.139	0.0538
1526	0.305	0.219	0.139	0.0539
1527	0.305	0.219	0.139	0.0538
1528	0.305	0.219	0.139	0.0538
1529	0.305	0.219	0.139	0.0538
1530	0.305	0.219	0.139	0.0538
1531	0.305	0.219	0.139	0.0539
1532	0.305	0.219	0.139	0.0539
1533	0.305	0.219	0.139	0.0539
1534	0.305	0.219	0.139	0.0539
1535	0.305	0.219	0.139	0.0539
1536	0.304	0.219	0.139	0.0539
1537	0.305	0.219	0.139	0.0539
1538	0.305	0.219	0.139	0.0539
1539	0.305	0.219	0.139	0.0539
1540	0.304	0.219	0.139	0.0539
1541	0.305	0.219	0.139	0.0539
1542	0.305	0.219	0.139	0.0538
1543	0.304	0.219	0.139	0.0539
1544	0.304	0.219	0.139	0.0539
1545	0.304	0.219	0.139	0.0539
1546	0.304	0.219	0.139	0.0539
1547	0.304	0.219	0.139	0.0539
1548	0.304	0.219	0.139	0.0539
1549	0.304	0.219	0.139	0.0539
1550	0.304	0.219	0.139	0.0539
1551	0.304	0.219	0.139	0.0539
1552	0.304	0.219	0.139	0.0539
1553	0.304	0.219	0.139	0.0539
1554	0.304	0.219	0.139	0.0539
1555	0.304	0.219	0.139	0.0539
1556	0.304	0.219	0.139	0.0538
1557	0.304	0.219	0.139	0.0539
1558	0.304	0.219	0.139	0.0539
1559	0.304	0.219	0.139	0.0539
1560	0.304	0.219	0.139	0.0539
1561	0.304	0.219	0.139	0.0539
1562	0.304	0.219	0.139	0.0539
1563	0.304	0.219	0.139	0.0539
1564	0.303	0.219	0.139	0.054
1565	0.304	0.219	0.139	0.0539
1566	0.303	0.219	0.139	0.0539
1567	0.303	0.219	0.139	0.0539
1568	0.303	0.219	0.139	0.0539
1569	0.303	0.219	0.139	0.0539
1570	0.303	0.219	0.139	0.054
1571	0.303	0.219	0.139	0.0539
1572	0.303	0.219	0.139	0.0539
1573	0.303	0.219	0.139	0.0539
1574	0.303	0.219	0.139	0.0539
1575	0.303	0.219	0.139	0.0539
1576	0.303	0.219	0.139	0.054
1577	0.303	0.219	0.139	0.0539
1578	0.303	0.219	0.139	0.0539
1579	0.303	0.219	0.139	0.0539
1580	0.303	0.219	0.139	0.0539
1581	0.303	0.219	0.139	0.0539
1582	0.303	0.219	0.139	0.0539
1583	0.303	0.219	0.139	0.0539
1584	0.303	0.219	0.139	0.054
1585	0.303	0.219	0.139	0.054
1586	0.303	0.219	0.139	0.0539
1587	0.303	0.219	0.139	0.0539
1588	0.302	0.219	0.139	0.054
1589	0.302	0.219	0.139	0.054
1590	0.302	0.219	0.139	0.054
1591	0.302	0.219	0.139	0.054
1592	0.302	0.218	0.139	0.0539
1593	0.302	0.219	0.138	0.054
1594	0.302	0.219	0.138	0.054
1595	0.302	0.219	0.138	0.054
