Iteration	ValueMean	ValueStddev	DerivMean	DerivStddev
5	0.496	0.278	0.157	0.0661
6	0.507	0.277	0.16	0.0642
7	0.51	0.273	0.159	0.0595
8	0.511	0.273	0.159	0.0587
9	0.51	0.274	0.158	0.0583
10	0.508	0.272	0.159	0.0577
11	0.505	0.27	0.159	0.0572
12	0.505	0.269	0.159	0.0567
13	0.504	0.268	0.159	0.056
14	0.503	0.267	0.159	0.0557
15	0.501	0.266	0.16	0.0553
16	0.5	0.266	0.159	0.0551
17	0.501	0.265	0.159	0.0547
18	0.5	0.265	0.159	0.0545
19	0.498	0.264	0.159	0.0543
20	0.497	0.264	0.159	0.0541
21	0.498	0.264	0.158	0.0539
22	0.497	0.264	0.158	0.0537
23	0.496	0.263	0.158	0.0536
24	0.495	0.263	0.158	0.0534
25	0.495	0.262	0.157	0.0531
26	0.495	0.262	0.157	0.053
27	0.494	0.262	0.157	0.0528
28	0.493	0.262	0.157	0.0527
29	0.493	0.262	0.157	0.0527
30	0.492	0.262	0.157	0.0525
31	0.492	0.262	0.156	0.0524
32	0.491	0.261	0.156	0.0522
33	0.49	0.262	0.156	0.0522
34	0.49	0.261	0.156	0.0521
35	0.489	0.261	0.156	0.0521
36	0.489	0.261	0.156	0.0519
37	0.488	0.261	0.155	0.052
38	0.488	0.261	0.155	0.052
39	0.488	0.262	0.155	0.052
40	0.488	0.261	0.155	0.0518
41	0.487	0.261	0.155	0.0518
42	0.485	0.262	0.154	0.0518
43	0.485	0.261	0.154	0.0518
44	0.485	0.261	0.154	0.0517
45	0.484	0.262	0.154	0.0517
46	0.484	0.261	0.154	0.0516
47	0.483	0.262	0.154	0.0516
48	0.482	0.261	0.154	0.0515
49	0.482	0.261	0.154	0.0514
50	0.481	0.261	0.153	0.0513
51	0.48	0.261	0.153	0.0513
52	0.48	0.261	0.153	0.0512
53	0.479	0.261	0.153	0.0511
54	0.479	0.261	0.153	0.0511
55	0.478	0.261	0.153	0.0512
56	0.478	0.261	0.153	0.0512
57	0.477	0.261	0.153	0.0512
58	0.476	0.261	0.153	0.0511
59	0.476	0.261	0.153	0.0511
60	0.475	0.261	0.152	0.0512
61	0.475	0.261	0.152	0.0512
62	0.474	0.261	0.152	0.0512
63	0.474	0.261	0.152	0.0513
64	0.473	0.261	0.152	0.0511
65	0.473	0.261	0.152	0.0511
66	0.473	0.261	0.152	0.0511
67	0.472	0.261	0.152	0.051
68	0.472	0.261	0.152	0.0511
69	0.472	0.261	0.152	0.051
70	0.471	0.261	0.151	0.0509
71	0.47	0.261	0.151	0.0511
72	0.47	0.261	0.151	0.0511
73	0.469	0.261	0.151	0.0511
74	0.469	0.261	0.151	0.0511
75	0.468	0.261	0.151	0.0511
76	0.468	0.261	0.151	0.051
77	0.468	0.261	0.151	0.0511
78	0.467	0.261	0.151	0.0511
79	0.467	0.261	0.15	0.0509
80	0.466	0.261	0.15	0.0509
81	0.466	0.261	0.15	0.051
82	0.466	0.261	0.15	0.0508
83	0.465	0.261	0.15	0.0509
84	0.465	0.261	0.15	0.0508
85	0.464	0.261	0.15	0.0509
86	0.464	0.261	0.15	0.0509
87	0.464	0.261	0.15	0.0509
88	0.463	0.261	0.15	0.0508
89	0.463	0.262	0.15	0.0509
90	0.463	0.261	0.15	0.0507
91	0.462	0.261	0.15	0.0507
92	0.462	0.262	0.149	0.051
93	0.462	0.261	0.149	0.0508
94	0.461	0.262	0.149	0.0509
95	0.461	0.262	0.149	0.0509
96	0.461	0.262	0.149	0.0508
97	0.46	0.261	0.149	0.0506
98	0.459	0.262	0.149	0.0506
99	0.459	0.262	0.149	0.0507
100	0.459	0.262	0.149	0.0507
101	0.458	0.262	0.149	0.0508
102	0.458	0.262	0.149	0.0507
103	0.458	0.262	0.149	0.0507
104	0.458	0.262	0.149	0.0507
105	0.457	0.262	0.148	0.0506
106	0.457	0.262	0.148	0.0506
107	0.456	0.262	0.148	0.0506
108	0.456	0.262	0.148	0.0505
109	0.455	0.262	0.148	0.0505
110	0.455	0.262	0.148	0.0505
111	0.455	0.262	0.148	0.0505
112	0.454	0.262	0.148	0.0504
113	0.454	0.262	0.148	0.0504
114	0.453	0.262	0.148	0.0504
115	0.453	0.262	0.148	0.0504
116	0.452	0.263	0.148	0.0505
117	0.452	0.263	0.148	0.0506
118	0.452	0.263	0.148	0.0506
119	0.452	0.263	0.147	0.0506
120	0.451	0.263	0.147	0.0507
121	0.451	0.263	0.147	0.0507
122	0.451	0.263	0.147	0.0506
123	0.45	0.263	0.147	0.0507
124	0.45	0.263	0.147	0.0505
125	0.449	0.263	0.147	0.0505
126	0.449	0.263	0.147	0.0505
127	0.449	0.263	0.147	0.0504
128	0.448	0.264	0.147	0.0505
129	0.448	0.264	0.147	0.0505
130	0.448	0.264	0.146	0.0504
131	0.447	0.264	0.146	0.0504
132	0.448	0.264	0.146	0.0505
133	0.447	0.264	0.146	0.0504
134	0.447	0.264	0.146	0.0505
135	0.447	0.264	0.146	0.0504
136	0.446	0.264	0.146	0.0504
137	0.446	0.264	0.146	0.0505
138	0.446	0.264	0.146	0.0505
139	0.445	0.264	0.146	0.0506
140	0.444	0.264	0.146	0.0507
141	0.444	0.264	0.146	0.0506
142	0.444	0.264	0.146	0.0506
143	0.444	0.265	0.146	0.0506
144	0.443	0.264	0.146	0.0506
145	0.443	0.264	0.146	0.0506
146	0.443	0.265	0.145	0.0507
147	0.443	0.264	0.145	0.0505
148	0.442	0.264	0.145	0.0505
149	0.442	0.265	0.145	0.0506
150	0.442	0.265	0.145	0.0506
151	0.442	0.265	0.145	0.0507
152	0.441	0.265	0.145	0.0507
153	0.441	0.265	0.145	0.0506
154	0.441	0.265	0.145	0.0505
155	0.44	0.265	0.145	0.0506
156	0.44	0.266	0.145	0.0507
157	0.44	0.265	0.145	0.0506
158	0.439	0.265	0.145	0.0507
159	0.439	0.265	0.145	0.0507
160	0.439	0.265	0.145	0.0505
161	0.438	0.266	0.144	0.0507
162	0.438	0.265	0.144	0.0506
163	0.438	0.266	0.144	0.0506
164	0.437	0.266	0.144	0.0506
165	0.437	0.266	0.144	0.0506
166	0.437	0.265	0.144	0.0505
167	0.436	0.266	0.144	0.0506
168	0.436	0.266	0.144	0.0506
169	0.436	0.265	0.144	0.0506
170	0.435	0.266	0.144	0.0507
171	0.435	0.266	0.144	0.0507
172	0.435	0.266	0.144	0.0506
173	0.434	0.266	0.144	0.0507
174	0.435	0.266	0.144	0.0507
175	0.434	0.266	0.144	0.0507
176	0.434	0.266	0.144	0.0508
177	0.434	0.266	0.144	0.0508
178	0.434	0.266	0.144	0.0508
179	0.433	0.266	0.143	0.0507
180	0.433	0.266	0.143	0.0508
181	0.432	0.267	0.143	0.0508
182	0.432	0.267	0.143	0.0508
183	0.432	0.266	0.143	0.0508
184	0.432	0.266	0.143	0.0507
185	0.431	0.267	0.143	0.0507
186	0.431	0.267	0.143	0.0507
187	0.431	0.267	0.143	0.0507
188	0.431	0.267	0.143	0.0506
189	0.431	0.267	0.143	0.0508
190	0.431	0.267	0.143	0.0507
191	0.43	0.267	0.143	0.0507
192	0.43	0.267	0.143	0.0508
193	0.43	0.267	0.143	0.0507
194	0.43	0.267	0.143	0.0507
195	0.429	0.267	0.143	0.0508
196	0.429	0.267	0.143	0.0508
197	0.429	0.267	0.142	0.0508
198	0.428	0.267	0.142	0.0508
199	0.428	0.267	0.142	0.0508
200	0.428	0.267	0.142	0.0508
201	0.427	0.267	0.142	0.0508
202	0.427	0.267	0.142	0.0508
203	0.427	0.267	0.142	0.0508
204	0.427	0.267	0.142	0.0509
205	0.427	0.267	0.142	0.0509
206	0.427	0.267	0.142	0.0509
207	0.426	0.267	0.142	0.0509
208	0.426	0.267	0.142	0.0509
209	0.426	0.267	0.142	0.0508
210	0.425	0.267	0.142	0.0508
211	0.425	0.267	0.142	0.0509
212	0.425	0.267	0.142	0.0509
213	0.425	0.267	0.142	0.0509
214	0.424	0.267	0.142	0.0511
215	0.424	0.267	0.142	0.051
216	0.424	0.267	0.142	0.051
217	0.423	0.267	0.142	0.051
218	0.423	0.267	0.142	0.0509
219	0.423	0.267	0.141	0.051
220	0.423	0.267	0.141	0.051
221	0.423	0.267	0.141	0.051
222	0.422	0.267	0.141	0.051
223	0.422	0.267	0.141	0.0511
224	0.422	0.267	0.141	0.051
225	0.422	0.267	0.141	0.0511
226	0.422	0.268	0.141	0.0511
227	0.421	0.268	0.141	0.0512
228	0.421	0.268	0.141	0.0512
229	0.421	0.267	0.141	0.051
230	0.421	0.267	0.141	0.0511
231	0.42	0.268	0.141	0.0511
232	0.42	0.267	0.141	0.0511
233	0.42	0.267	0.141	0.051
234	0.42	0.268	0.141	0.0512
235	0.419	0.267	0.141	0.0511
236	0.419	0.267	0.141	0.0511
237	0.419	0.268	0.141	0.0512
238	0.419	0.268	0.141	0.0512
239	0.419	0.267	0.141	0.051
240	0.418	0.268	0.141	0.0511
241	0.419	0.267	0.141	0.0511
242	0.418	0.267	0.141	0.0511
243	0.418	0.268	0.141	0.0511
244	0.418	0.268	0.141	0.0512
245	0.417	0.267	0.14	0.0511
246	0.417	0.268	0.14	0.0512
247	0.417	0.267	0.14	0.0511
248	0.417	0.267	0.14	0.0512
249	0.417	0.267	0.14	0.0512
250	0.416	0.268	0.14	0.0512
251	0.416	0.268	0.14	0.0513
252	0.416	0.268	0.14	0.0513
253	0.416	0.268	0.14	0.0512
254	0.415	0.267	0.14	0.0513
255	0.415	0.268	0.14	0.0513
256	0.415	0.268	0.14	0.0513
257	0.415	0.268	0.14	0.0513
258	0.415	0.268	0.14	0.0513
259	0.414	0.268	0.14	0.0513
260	0.414	0.268	0.14	0.0513
261	0.414	0.267	0.14	0.0513
262	0.414	0.267	0.14	0.0513
263	0.413	0.268	0.14	0.0513
264	0.413	0.268	0.14	0.0513
265	0.413	0.267	0.14	0.0513
266	0.413	0.268	0.14	0.0513
267	0.412	0.268	0.14	0.0514
268	0.412	0.268	0.14	0.0514
269	0.412	0.268	0.14	0.0513
270	0.412	0.268	0.139	0.0514
271	0.412	0.268	0.139	0.0514
272	0.412	0.268	0.139	0.0514
273	0.411	0.268	0.139	0.0514
274	0.411	0.268	0.139	0.0514
275	0.411	0.267	0.139	0.0514
276	0.41	0.268	0.139	0.0515
277	0.41	0.268	0.139	0.0514
278	0.41	0.268	0.139	0.0514
279	0.41	0.268	0.139	0.0515
280	0.41	0.268	0.139	0.0515
281	0.41	0.268	0.139	0.0515
282	0.409	0.268	0.139	0.0515
283	0.409	0.268	0.139	0.0515
284	0.409	0.268	0.139	0.0515
285	0.408	0.268	0.139	0.0515
286	0.408	0.268	0.139	0.0515
287	0.408	0.268	0.139	0.0515
288	0.408	0.268	0.139	0.0515
289	0.408	0.268	0.139	0.0516
290	0.407	0.268	0.139	0.0515
291	0.407	0.268	0.139	0.0516
292	0.407	0.268	0.139	0.0516
293	0.407	0.268	0.138	0.0515
294	0.406	0.268	0.138	0.0517
295	0.406	0.268	0.138	0.0516
296	0.406	0.268	0.138	0.0516
297	0.406	0.268	0.138	0.0517
298	0.406	0.268	0.138	0.0516
299	0.405	0.268	0.138	0.0516
300	0.405	0.268	0.138	0.0517
301	0.405	0.268	0.138	0.0517
302	0.405	0.268	0.138	0.0516
303	0.404	0.268	0.138	0.0517
304	0.404	0.268	0.138	0.0517
305	0.404	0.268	0.138	0.0516
306	0.404	0.268	0.138	0.0517
307	0.404	0.268	0.138	0.0517
308	0.403	0.268	0.138	0.0516
309	0.403	0.268	0.138	0.0517
310	0.403	0.268	0.138	0.0517
311	0.403	0.268	0.138	0.0517
312	0.403	0.268	0.138	0.0517
313	0.403	0.268	0.138	0.0517
314	0.403	0.268	0.138	0.0517
315	0.403	0.268	0.138	0.0516
316	0.403	0.268	0.138	0.0517
317	0.402	0.268	0.138	0.0517
318	0.402	0.268	0.138	0.0518
319	0.402	0.268	0.138	0.0517
320	0.402	0.268	0.138	0.0518
321	0.402	0.268	0.138	0.0516
322	0.402	0.268	0.138	0.0517
323	0.401	0.268	0.138	0.0516
324	0.401	0.268	0.138	0.0517
325	0.401	0.268	0.138	0.0517
326	0.401	0.268	0.138	0.0517
327	0.401	0.268	0.138	0.0517
328	0.401	0.268	0.138	0.0517
329	0.401	0.268	0.138	0.0516
330	0.4	0.268	0.137	0.0517
331	0.4	0.268	0.137	0.0517
332	0.4	0.268	0.137	0.0517
333	0.4	0.268	0.137	0.0518
334	0.399	0.268	0.137	0.0518
335	0.399	0.268	0.137	0.0518
336	0.399	0.268	0.137	0.0518
337	0.399	0.268	0.137	0.0517
338	0.399	0.268	0.137	0.0517
339	0.399	0.268	0.137	0.0517
340	0.399	0.268	0.137	0.0517
341	0.398	0.268	0.137	0.0517
342	0.398	0.268	0.137	0.0517
343	0.398	0.268	0.137	0.0517
344	0.398	0.268	0.137	0.0517
345	0.398	0.268	0.137	0.0517
346	0.398	0.268	0.137	0.0518
347	0.397	0.268	0.137	0.0518
348	0.397	0.268	0.137	0.0517
349	0.397	0.268	0.137	0.0517
350	0.397	0.268	0.137	0.0517
351	0.397	0.268	0.137	0.0518
352	0.396	0.268	0.137	0.0518
353	0.396	0.268	0.137	0.0517
354	0.396	0.268	0.137	0.0517
355	0.396	0.268	0.137	0.0517
356	0.396	0.268	0.137	0.0517
357	0.396	0.268	0.137	0.0517
358	0.395	0.268	0.137	0.0517
359	0.395	0.268	0.137	0.0517
360	0.395	0.268	0.137	0.0517
361	0.395	0.268	0.137	0.0517
362	0.395	0.268	0.137	0.0518
363	0.395	0.268	0.137	0.0517
364	0.395	0.268	0.137	0.0517
365	0.395	0.268	0.136	0.0518
366	0.395	0.268	0.136	0.0517
367	0.394	0.268	0.136	0.0517
368	0.394	0.268	0.136	0.0517
369	0.394	0.268	0.136	0.0517
370	0.394	0.268	0.136	0.0517
371	0.393	0.268	0.136	0.0518
372	0.393	0.268	0.136	0.0518
373	0.393	0.268	0.136	0.0518
374	0.393	0.268	0.136	0.0517
375	0.393	0.268	0.136	0.0518
376	0.392	0.268	0.136	0.0519
377	0.392	0.268	0.136	0.0517
378	0.392	0.268	0.136	0.0517
379	0.392	0.268	0.136	0.0518
380	0.392	0.268	0.136	0.0518
381	0.392	0.268	0.136	0.0518
382	0.392	0.268	0.136	0.0518
383	0.392	0.268	0.136	0.0517
384	0.392	0.268	0.136	0.0517
385	0.391	0.268	0.136	0.0518
386	0.391	0.268	0.136	0.0518
387	0.391	0.268	0.136	0.0518
388	0.39	0.268	0.136	0.0518
389	0.391	0.268	0.136	0.0518
390	0.39	0.268	0.136	0.0518
391	0.39	0.268	0.136	0.0517
392	0.39	0.268	0.136	0.0517
393	0.389	0.268	0.135	0.0517
394	0.389	0.268	0.136	0.0518
395	0.389	0.268	0.136	0.0518
396	0.389	0.268	0.136	0.0517
397	0.389	0.268	0.136	0.0517
398	0.389	0.268	0.136	0.0517
399	0.389	0.268	0.136	0.0517
400	0.388	0.268	0.135	0.0518
401	0.388	0.268	0.135	0.0518
402	0.388	0.268	0.135	0.0518
403	0.388	0.268	0.135	0.0516
404	0.388	0.268	0.135	0.0516
405	0.388	0.268	0.135	0.0517
406	0.387	0.268	0.135	0.0517
407	0.387	0.268	0.135	0.0517
408	0.387	0.268	0.135	0.0517
409	0.387	0.268	0.135	0.0517
410	0.387	0.268	0.135	0.0517
411	0.387	0.268	0.135	0.0517
412	0.387	0.267	0.135	0.0517
413	0.387	0.268	0.135	0.0517
414	0.386	0.268	0.135	0.0517
415	0.386	0.268	0.135	0.0517
416	0.386	0.268	0.135	0.0518
417	0.386	0.268	0.135	0.0518
418	0.385	0.268	0.135	0.0518
419	0.385	0.268	0.135	0.0518
420	0.386	0.267	0.135	0.0517
421	0.385	0.268	0.135	0.0518
422	0.385	0.268	0.135	0.0517
423	0.385	0.267	0.135	0.0517
424	0.385	0.268	0.135	0.0517
425	0.384	0.267	0.135	0.0517
426	0.385	0.267	0.135	0.0517
427	0.384	0.267	0.135	0.0517
428	0.384	0.267	0.135	0.0517
429	0.384	0.267	0.135	0.0516
430	0.384	0.267	0.135	0.0517
431	0.384	0.267	0.135	0.0517
432	0.384	0.267	0.135	0.0517
433	0.384	0.268	0.135	0.0517
434	0.384	0.267	0.135	0.0517
435	0.383	0.267	0.135	0.0517
436	0.384	0.267	0.135	0.0516
437	0.383	0.267	0.135	0.0517
438	0.383	0.267	0.135	0.0516
439	0.383	0.267	0.135	0.0517
440	0.383	0.267	0.135	0.0516
441	0.382	0.267	0.134	0.0518
442	0.382	0.267	0.135	0.0517
443	0.382	0.267	0.134	0.0516
444	0.382	0.267	0.134	0.0516
445	0.382	0.267	0.134	0.0517
446	0.382	0.267	0.134	0.0517
447	0.381	0.267	0.134	0.0518
448	0.382	0.267	0.134	0.0517
449	0.381	0.267	0.134	0.0517
450	0.381	0.267	0.134	0.0517
451	0.381	0.267	0.134	0.0517
452	0.381	0.267	0.134	0.0516
453	0.381	0.267	0.134	0.0517
454	0.381	0.267	0.134	0.0516
455	0.381	0.267	0.134	0.0516
456	0.38	0.267	0.134	0.0517
457	0.38	0.267	0.134	0.0517
458	0.38	0.267	0.134	0.0516
459	0.38	0.267	0.134	0.0517
460	0.38	0.267	0.134	0.0516
461	0.38	0.267	0.134	0.0516
462	0.38	0.267	0.134	0.0516
463	0.38	0.267	0.134	0.0516
464	0.38	0.267	0.134	0.0516
465	0.379	0.267	0.134	0.0517
466	0.379	0.267	0.134	0.0517
467	0.38	0.267	0.134	0.0516
468	0.379	0.267	0.134	0.0517
469	0.379	0.267	0.134	0.0516
470	0.379	0.267	0.134	0.0516
471	0.379	0.267	0.134	0.0516
472	0.378	0.267	0.134	0.0516
473	0.378	0.267	0.134	0.0516
474	0.378	0.267	0.134	0.0516
475	0.378	0.267	0.134	0.0516
476	0.378	0.267	0.134	0.0516
477	0.378	0.267	0.134	0.0516
478	0.378	0.267	0.134	0.0516
479	0.378	0.267	0.134	0.0515
480	0.377	0.267	0.133	0.0516
481	0.377	0.267	0.133	0.0516
482	0.377	0.267	0.134	0.0516
483	0.377	0.267	0.134	0.0516
484	0.377	0.267	0.134	0.0516
485	0.377	0.267	0.134	0.0516
486	0.376	0.267	0.133	0.0516
487	0.376	0.267	0.133	0.0516
488	0.376	0.267	0.133	0.0516
489	0.376	0.267	0.133	0.0516
490	0.376	0.267	0.133	0.0516
491	0.376	0.267	0.133	0.0515
492	0.376	0.267	0.133	0.0516
493	0.376	0.267	0.133	0.0516
494	0.376	0.267	0.133	0.0515
495	0.375	0.267	0.133	0.0516
496	0.376	0.266	0.133	0.0515
497	0.375	0.266	0.133	0.0515
498	0.375	0.266	0.133	0.0516
499	0.375	0.266	0.133	0.0516
500	0.375	0.266	0.133	0.0516
501	0.375	0.266	0.133	0.0516
502	0.375	0.266	0.133	0.0516
503	0.375	0.266	0.133	0.0515
504	0.374	0.266	0.133	0.0515
505	0.374	0.266	0.133	0.0515
506	0.374	0.266	0.133	0.0516
507	0.373	0.266	0.133	0.0516
508	0.374	0.266	0.133	0.0516
509	0.374	0.266	0.133	0.0516
510	0.373	0.267	0.133	0.0516
511	0.373	0.266	0.133	0.0516
512	0.373	0.266	0.133	0.0516
513	0.373	0.266	0.133	0.0516
514	0.373	0.266	0.133	0.0516
515	0.373	0.266	0.133	0.0516
516	0.373	0.266	0.133	0.0516
517	0.373	0.266	0.133	0.0515
518	0.373	0.266	0.133	0.0516
519	0.372	0.266	0.133	0.0516
520	0.372	0.266	0.133	0.0515
521	0.372	0.266	0.133	0.0515
522	0.372	0.266	0.133	0.0516
523	0.372	0.266	0.133	0.0515
524	0.372	0.266	0.133	0.0515
525	0.372	0.266	0.133	0.0516
526	0.372	0.266	0.133	0.0516
527	0.372	0.266	0.133	0.0515
528	0.371	0.266	0.133	0.0516
529	0.371	0.266	0.133	0.0516
530	0.371	0.266	0.133	0.0516
531	0.371	0.266	0.133	0.0515
532	0.371	0.266	0.133	0.0515
533	0.371	0.266	0.133	0.0515
534	0.371	0.266	0.133	0.0516
535	0.371	0.266	0.133	0.0516
536	0.371	0.266	0.133	0.0515
537	0.37	0.266	0.132	0.0516
538	0.37	0.266	0.132	0.0516
539	0.37	0.266	0.133	0.0516
540	0.37	0.266	0.132	0.0516
541	0.37	0.266	0.132	0.0515
542	0.37	0.266	0.132	0.0515
543	0.37	0.266	0.132	0.0515
544	0.369	0.266	0.132	0.0515
545	0.37	0.266	0.132	0.0515
546	0.37	0.266	0.132	0.0515
547	0.369	0.266	0.132	0.0516
548	0.369	0.266	0.132	0.0515
549	0.369	0.266	0.132	0.0515
550	0.369	0.266	0.132	0.0515
551	0.369	0.266	0.132	0.0515
552	0.369	0.266	0.132	0.0515
553	0.368	0.266	0.132	0.0515
554	0.369	0.266	0.132	0.0515
555	0.368	0.266	0.132	0.0515
556	0.369	0.266	0.132	0.0515
557	0.368	0.266	0.132	0.0515
558	0.368	0.266	0.132	0.0515
559	0.368	0.266	0.132	0.0514
560	0.368	0.265	0.132	0.0514
561	0.368	0.265	0.132	0.0514
562	0.368	0.265	0.132	0.0514
563	0.368	0.265	0.132	0.0515
564	0.368	0.266	0.132	0.0515
565	0.368	0.265	0.132	0.0515
566	0.368	0.265	0.132	0.0514
567	0.367	0.265	0.132	0.0515
568	0.367	0.265	0.132	0.0515
569	0.367	0.265	0.132	0.0514
570	0.367	0.266	0.132	0.0516
571	0.367	0.265	0.132	0.0515
572	0.367	0.265	0.132	0.0515
573	0.367	0.265	0.132	0.0515
574	0.367	0.265	0.132	0.0514
575	0.367	0.265	0.132	0.0514
576	0.366	0.265	0.132	0.0514
577	0.366	0.265	0.132	0.0514
578	0.366	0.265	0.132	0.0515
579	0.366	0.265	0.132	0.0514
580	0.366	0.265	0.132	0.0515
581	0.366	0.265	0.132	0.0515
582	0.366	0.265	0.132	0.0515
583	0.366	0.265	0.132	0.0515
584	0.366	0.265	0.132	0.0514
585	0.365	0.265	0.132	0.0515
586	0.366	0.265	0.132	0.0514
587	0.365	0.265	0.132	0.0514
588	0.365	0.265	0.132	0.0514
589	0.365	0.265	0.132	0.0515
590	0.365	0.265	0.132	0.0514
591	0.365	0.265	0.132	0.0515
592	0.365	0.265	0.132	0.0514
593	0.365	0.265	0.132	0.0514
594	0.364	0.265	0.132	0.0514
595	0.365	0.265	0.132	0.0513
596	0.364	0.265	0.132	0.0513
597	0.364	0.265	0.132	0.0514
598	0.364	0.265	0.132	0.0514
599	0.364	0.265	0.132	0.0514
600	0.364	0.265	0.132	0.0514
601	0.364	0.265	0.132	0.0514
602	0.364	0.265	0.132	0.0513
603	0.364	0.265	0.131	0.0514
604	0.364	0.265	0.132	0.0514
605	0.364	0.265	0.131	0.0514
606	0.363	0.265	0.131	0.0515
607	0.364	0.265	0.132	0.0514
608	0.364	0.265	0.132	0.0514
609	0.363	0.265	0.132	0.0514
610	0.363	0.265	0.132	0.0514
611	0.363	0.265	0.131	0.0513
612	0.363	0.265	0.131	0.0514
613	0.363	0.265	0.131	0.0514
614	0.363	0.265	0.131	0.0514
615	0.363	0.265	0.131	0.0514
616	0.363	0.265	0.131	0.0513
617	0.362	0.265	0.131	0.0513
618	0.362	0.265	0.131	0.0514
619	0.362	0.265	0.131	0.0514
620	0.362	0.265	0.131	0.0514
621	0.362	0.265	0.131	0.0514
622	0.362	0.265	0.131	0.0513
623	0.362	0.265	0.131	0.0513
624	0.362	0.265	0.131	0.0514
625	0.362	0.265	0.131	0.0513
626	0.361	0.265	0.131	0.0514
627	0.361	0.265	0.131	0.0514
628	0.361	0.265	0.131	0.0513
629	0.361	0.265	0.131	0.0513
630	0.361	0.265	0.131	0.0513
631	0.361	0.265	0.131	0.0513
632	0.361	0.264	0.131	0.0513
633	0.361	0.264	0.131	0.0513
634	0.361	0.264	0.131	0.0513
635	0.361	0.264	0.131	0.0513
636	0.36	0.265	0.131	0.0513
637	0.36	0.264	0.131	0.0513
638	0.36	0.264	0.131	0.0513
639	0.36	0.265	0.131	0.0513
640	0.36	0.264	0.131	0.0513
641	0.36	0.264	0.131	0.0513
642	0.36	0.264	0.131	0.0513
643	0.36	0.264	0.131	0.0513
644	0.36	0.264	0.131	0.0513
645	0.359	0.264	0.131	0.0513
646	0.36	0.264	0.131	0.0513
647	0.359	0.264	0.131	0.0513
648	0.359	0.264	0.131	0.0513
649	0.359	0.264	0.131	0.0513
650	0.359	0.264	0.131	0.0513
651	0.359	0.264	0.131	0.0512
652	0.359	0.264	0.131	0.0513
653	0.359	0.264	0.131	0.0513
654	0.359	0.264	0.131	0.0513
655	0.359	0.264	0.131	0.0513
656	0.358	0.264	0.131	0.0513
657	0.358	0.264	0.131	0.0513
658	0.358	0.264	0.131	0.0513
659	0.358	0.264	0.13	0.0513
660	0.358	0.264	0.131	0.0513
661	0.358	0.264	0.131	0.0513
662	0.358	0.264	0.13	0.0512
663	0.358	0.264	0.13	0.0513
664	0.358	0.264	0.13	0.0513
665	0.358	0.264	0.13	0.0514
666	0.358	0.264	0.13	0.0513
667	0.358	0.264	0.13	0.0513
668	0.358	0.264	0.13	0.0513
669	0.357	0.264	0.13	0.0513
670	0.357	0.264	0.13	0.0513
671	0.357	0.264	0.13	0.0513
672	0.357	0.264	0.13	0.0513
673	0.357	0.264	0.13	0.0513
674	0.357	0.264	0.13	0.0513
675	0.357	0.264	0.13	0.0513
676	0.357	0.264	0.13	0.0513
677	0.357	0.264	0.13	0.0514
678	0.357	0.264	0.13	0.0513
679	0.357	0.264	0.13	0.0513
680	0.356	0.264	0.13	0.0513
681	0.356	0.264	0.13	0.0513
682	0.356	0.264	0.13	0.0513
683	0.356	0.264	0.13	0.0513
684	0.356	0.264	0.13	0.0513
685	0.356	0.264	0.13	0.0513
686	0.356	0.264	0.13	0.0513
687	0.356	0.264	0.13	0.0514
688	0.356	0.264	0.13	0.0514
689	0.356	0.264	0.13	0.0514
690	0.356	0.264	0.13	0.0513
691	0.356	0.264	0.13	0.0513
692	0.355	0.264	0.13	0.0512
693	0.355	0.264	0.13	0.0513
694	0.355	0.264	0.13	0.0513
695	0.355	0.264	0.13	0.0513
696	0.355	0.264	0.13	0.0513
697	0.355	0.264	0.13	0.0513
698	0.355	0.264	0.13	0.0513
699	0.355	0.264	0.13	0.0513
700	0.355	0.264	0.13	0.0513
701	0.355	0.264	0.13	0.0512
702	0.355	0.264	0.13	0.0513
703	0.355	0.264	0.13	0.0513
704	0.354	0.264	0.13	0.0513
705	0.355	0.264	0.13	0.0513
706	0.354	0.264	0.13	0.0513
707	0.354	0.264	0.13	0.0513
708	0.354	0.263	0.13	0.0512
709	0.354	0.264	0.13	0.0513
710	0.354	0.264	0.13	0.0513
711	0.354	0.264	0.13	0.0513
712	0.354	0.264	0.13	0.0513
713	0.354	0.264	0.13	0.0513
714	0.354	0.264	0.13	0.0512
715	0.354	0.264	0.13	0.0512
716	0.354	0.264	0.13	0.0513
717	0.354	0.264	0.13	0.0512
718	0.353	0.264	0.13	0.0513
719	0.353	0.264	0.13	0.0512
720	0.353	0.263	0.13	0.0512
721	0.353	0.263	0.13	0.0512
722	0.353	0.264	0.13	0.0514
723	0.353	0.264	0.13	0.0513
724	0.353	0.264	0.129	0.0513
725	0.353	0.264	0.13	0.0513
726	0.353	0.263	0.13	0.0512
727	0.353	0.263	0.129	0.0512
728	0.352	0.263	0.129	0.0512
729	0.353	0.263	0.13	0.0512
730	0.352	0.263	0.13	0.0512
731	0.352	0.263	0.13	0.0512
732	0.352	0.263	0.129	0.0512
733	0.352	0.263	0.129	0.0513
734	0.352	0.263	0.129	0.0512
735	0.352	0.263	0.129	0.0513
736	0.352	0.263	0.129	0.0513
737	0.352	0.263	0.129	0.0512
738	0.352	0.263	0.129	0.0512
739	0.351	0.263	0.129	0.0513
740	0.351	0.263	0.129	0.0512
741	0.352	0.263	0.129	0.0512
742	0.352	0.263	0.129	0.0512
743	0.351	0.263	0.129	0.0512
744	0.351	0.263	0.129	0.0512
745	0.351	0.263	0.129	0.0511
746	0.351	0.263	0.129	0.0512
747	0.351	0.263	0.129	0.0512
748	0.351	0.263	0.129	0.0512
749	0.351	0.263	0.129	0.0512
750	0.351	0.263	0.129	0.0512
751	0.35	0.263	0.129	0.0512
752	0.351	0.263	0.129	0.0512
753	0.35	0.263	0.129	0.0513
754	0.35	0.263	0.129	0.0512
755	0.351	0.263	0.129	0.0513
756	0.351	0.263	0.129	0.0512
757	0.35	0.263	0.129	0.0512
758	0.35	0.263	0.129	0.0512
759	0.35	0.263	0.129	0.0512
760	0.35	0.263	0.129	0.0513
761	0.35	0.263	0.129	0.0512
762	0.35	0.263	0.129	0.0512
763	0.35	0.263	0.129	0.0512
764	0.35	0.263	0.129	0.0512
765	0.35	0.263	0.129	0.0513
766	0.35	0.263	0.129	0.0512
767	0.35	0.263	0.129	0.0512
768	0.349	0.263	0.129	0.0512
769	0.349	0.263	0.129	0.0512
770	0.349	0.263	0.129	0.0512
771	0.349	0.263	0.129	0.0512
772	0.349	0.263	0.129	0.0512
773	0.349	0.263	0.129	0.0512
774	0.349	0.263	0.129	0.0512
775	0.349	0.263	0.129	0.0513
776	0.349	0.263	0.129	0.0512
777	0.349	0.263	0.129	0.0512
778	0.349	0.263	0.129	0.0512
779	0.349	0.263	0.129	0.0512
780	0.348	0.263	0.129	0.0512
781	0.348	0.263	0.129	0.0512
782	0.348	0.263	0.129	0.0512
783	0.348	0.263	0.129	0.0512
784	0.348	0.263	0.129	0.0512
785	0.348	0.263	0.129	0.0512
786	0.348	0.263	0.129	0.0512
787	0.348	0.263	0.129	0.0512
788	0.348	0.263	0.129	0.0512
789	0.348	0.263	0.129	0.0512
790	0.348	0.263	0.128	0.0512
791	0.347	0.263	0.128	0.0512
792	0.347	0.263	0.128	0.0512
793	0.347	0.263	0.128	0.0512
794	0.347	0.263	0.128	0.0511
795	0.347	0.263	0.128	0.0512
796	0.347	0.263	0.128	0.0512
797	0.347	0.263	0.128	0.0512
798	0.347	0.263	0.128	0.0512
799	0.347	0.263	0.128	0.0512
800	0.347	0.262	0.128	0.0512
801	0.347	0.263	0.128	0.0512
802	0.347	0.262	0.128	0.0511
803	0.347	0.263	0.128	0.0512
804	0.347	0.262	0.128	0.0511
805	0.347	0.262	0.128	0.0511
806	0.346	0.262	0.128	0.0512
807	0.347	0.262	0.128	0.0511
808	0.347	0.262	0.128	0.0511
809	0.346	0.262	0.128	0.0511
810	0.346	0.263	0.128	0.0512
811	0.346	0.263	0.128	0.0512
812	0.346	0.262	0.128	0.0511
813	0.346	0.262	0.128	0.0511
814	0.346	0.262	0.128	0.0511
815	0.346	0.262	0.128	0.0511
816	0.346	0.262	0.128	0.0512
817	0.346	0.262	0.128	0.0511
818	0.346	0.262	0.128	0.0511
819	0.346	0.262	0.128	0.0511
820	0.346	0.262	0.128	0.0511
821	0.346	0.262	0.128	0.0512
822	0.346	0.262	0.128	0.0511
823	0.346	0.262	0.128	0.0511
824	0.346	0.262	0.128	0.0511
825	0.345	0.262	0.128	0.0511
826	0.345	0.262	0.128	0.0512
827	0.345	0.262	0.128	0.0511
828	0.345	0.262	0.128	0.0511
829	0.345	0.262	0.128	0.051
830	0.345	0.262	0.128	0.0511
831	0.345	0.262	0.128	0.0511
832	0.345	0.262	0.128	0.051
833	0.345	0.262	0.128	0.0511
834	0.345	0.262	0.128	0.051
835	0.345	0.262	0.128	0.051
836	0.345	0.262	0.128	0.0511
837	0.345	0.262	0.128	0.051
838	0.345	0.262	0.128	0.0511
839	0.345	0.262	0.128	0.0511
840	0.345	0.262	0.128	0.0511
841	0.345	0.262	0.128	0.0511
842	0.344	0.262	0.128	0.0511
843	0.344	0.262	0.128	0.0511
844	0.344	0.262	0.128	0.0511
845	0.344	0.262	0.128	0.0512
846	0.344	0.262	0.128	0.0511
847	0.344	0.262	0.128	0.0511
848	0.344	0.262	0.128	0.0511
849	0.344	0.262	0.128	0.0511
850	0.344	0.262	0.128	0.0511
851	0.344	0.262	0.128	0.0512
852	0.344	0.262	0.128	0.0511
853	0.344	0.262	0.128	0.0511
854	0.344	0.262	0.128	0.0511
855	0.343	0.262	0.128	0.0511
856	0.343	0.262	0.128	0.0512
857	0.343	0.262	0.128	0.0512
858	0.343	0.262	0.128	0.0511
859	0.343	0.262	0.128	0.0511
860	0.343	0.262	0.128	0.0511
861	0.343	0.262	0.128	0.0511
862	0.343	0.262	0.128	0.0511
863	0.343	0.262	0.128	0.0512
864	0.343	0.262	0.128	0.0511
865	0.343	0.262	0.128	0.0511
866	0.343	0.262	0.128	0.0512
867	0.343	0.262	0.128	0.0511
868	0.343	0.262	0.128	0.0512
869	0.343	0.262	0.128	0.0512
870	0.343	0.262	0.128	0.0511
871	0.343	0.262	0.128	0.0511
872	0.342	0.262	0.128	0.0511
873	0.343	0.261	0.128	0.0511
874	0.342	0.261	0.128	0.0511
875	0.342	0.262	0.128	0.0511
876	0.342	0.262	0.128	0.0511
877	0.342	0.261	0.128	0.051
878	0.342	0.262	0.128	0.0511
879	0.342	0.262	0.128	0.0511
880	0.342	0.261	0.128	0.051
881	0.342	0.261	0.128	0.0511
882	0.342	0.261	0.128	0.0511
883	0.342	0.261	0.128	0.051
884	0.341	0.262	0.127	0.0511
885	0.341	0.261	0.127	0.051
886	0.342	0.262	0.127	0.0511
887	0.342	0.261	0.127	0.0511
888	0.342	0.261	0.127	0.0511
889	0.342	0.261	0.127	0.0511
890	0.341	0.261	0.127	0.0511
891	0.341	0.262	0.127	0.0511
892	0.341	0.261	0.127	0.051
893	0.341	0.261	0.127	0.0511
894	0.341	0.261	0.127	0.0511
895	0.341	0.261	0.127	0.0511
896	0.341	0.261	0.127	0.0511
897	0.341	0.261	0.127	0.0511
898	0.341	0.261	0.127	0.0511
899	0.341	0.261	0.127	0.0511
900	0.341	0.261	0.127	0.0511
901	0.341	0.261	0.127	0.0511
902	0.34	0.261	0.127	0.0511
903	0.341	0.261	0.127	0.0511
904	0.341	0.261	0.127	0.0511
905	0.341	0.261	0.127	0.0511
906	0.34	0.261	0.127	0.0511
907	0.34	0.261	0.127	0.0511
908	0.34	0.261	0.127	0.0511
909	0.34	0.261	0.127	0.0511
910	0.34	0.261	0.127	0.0511
911	0.34	0.261	0.127	0.0511
912	0.34	0.261	0.127	0.0511
913	0.34	0.261	0.127	0.051
914	0.34	0.261	0.127	0.0511
915	0.34	0.261	0.127	0.0511
916	0.34	0.261	0.127	0.0511
917	0.34	0.261	0.127	0.0511
918	0.339	0.261	0.127	0.0511
919	0.339	0.261	0.127	0.0511
920	0.339	0.261	0.127	0.0511
921	0.34	0.261	0.127	0.051
922	0.34	0.261	0.127	0.051
923	0.339	0.261	0.127	0.0511
924	0.339	0.261	0.127	0.0511
925	0.339	0.261	0.127	0.0511
926	0.339	0.261	0.127	0.0511
927	0.339	0.261	0.127	0.0511
928	0.339	0.261	0.127	0.0511
929	0.339	0.261	0.127	0.0511
930	0.339	0.261	0.127	0.0511
931	0.339	0.261	0.127	0.0511
932	0.339	0.261	0.127	0.0511
933	0.339	0.261	0.127	0.051
934	0.339	0.261	0.127	0.0511
935	0.338	0.261	0.127	0.0511
936	0.338	0.261	0.127	0.0511
937	0.339	0.261	0.127	0.0511
938	0.339	0.261	0.127	0.0511
939	0.339	0.261	0.127	0.051
940	0.339	0.261	0.127	0.0511
941	0.338	0.261	0.127	0.0511
942	0.338	0.261	0.127	0.0511
943	0.338	0.261	0.127	0.051
944	0.338	0.261	0.127	0.0512
945	0.338	0.261	0.127	0.0511
946	0.338	0.261	0.127	0.051
947	0.338	0.261	0.127	0.0511
948	0.338	0.261	0.127	0.0511
949	0.338	0.261	0.127	0.0511
950	0.338	0.261	0.127	0.0512
951	0.338	0.261	0.127	0.051
952	0.338	0.261	0.127	0.0511
953	0.337	0.261	0.127	0.0511
954	0.338	0.261	0.127	0.0511
955	0.338	0.261	0.127	0.0511
956	0.337	0.261	0.127	0.0511
957	0.337	0.261	0.127	0.051
958	0.337	0.261	0.127	0.0511
959	0.337	0.261	0.127	0.0511
960	0.337	0.261	0.127	0.051
961	0.337	0.261	0.127	0.0511
962	0.337	0.261	0.127	0.0511
963	0.337	0.261	0.127	0.0511
964	0.337	0.261	0.127	0.0511
965	0.337	0.261	0.126	0.0511
966	0.337	0.261	0.127	0.0511
967	0.337	0.261	0.127	0.0511
968	0.337	0.261	0.126	0.0511
969	0.337	0.261	0.126	0.0511
970	0.337	0.261	0.127	0.0511
971	0.337	0.261	0.127	0.0511
972	0.337	0.261	0.126	0.0511
973	0.337	0.261	0.126	0.0511
974	0.337	0.261	0.126	0.0511
975	0.338	0.259	0.128	0.0507
976	0.34	0.257	0.129	0.0503
977	0.339	0.258	0.129	0.0505
978	0.339	0.258	0.128	0.0505
979	0.339	0.258	0.128	0.0504
980	0.339	0.258	0.128	0.0505
981	0.339	0.258	0.128	0.0504
982	0.339	0.258	0.128	0.0505
983	0.339	0.258	0.128	0.0505
984	0.339	0.258	0.128	0.0505
985	0.339	0.258	0.128	0.0505
986	0.338	0.258	0.128	0.0506
987	0.339	0.258	0.128	0.0505
988	0.339	0.258	0.128	0.0506
989	0.339	0.258	0.128	0.0506
990	0.339	0.258	0.128	0.0506
991	0.338	0.258	0.128	0.0506
992	0.338	0.258	0.128	0.0506
993	0.339	0.258	0.128	0.0506
994	0.338	0.258	0.128	0.0506
995	0.338	0.258	0.128	0.0506
996	0.338	0.258	0.128	0.0506
997	0.338	0.258	0.128	0.0506
998	0.338	0.258	0.128	0.0506
999	0.338	0.258	0.128	0.0506
1000	0.338	0.258	0.128	0.0506
1001	0.338	0.258	0.128	0.0506
1002	0.338	0.258	0.128	0.0506
1003	0.338	0.258	0.128	0.0506
1004	0.338	0.258	0.128	0.0507
1005	0.338	0.258	0.128	0.0507
1006	0.338	0.258	0.128	0.0506
1007	0.337	0.258	0.128	0.0506
1008	0.337	0.258	0.127	0.0507
1009	0.337	0.258	0.128	0.0506
1010	0.337	0.258	0.127	0.0507
1011	0.337	0.258	0.127	0.0506
1012	0.337	0.258	0.127	0.0507
1013	0.337	0.258	0.127	0.0507
1014	0.337	0.258	0.127	0.0507
1015	0.337	0.258	0.127	0.0507
1016	0.336	0.258	0.127	0.0508
1017	0.337	0.258	0.127	0.0507
1018	0.336	0.258	0.127	0.0507
1019	0.336	0.258	0.127	0.0507
1020	0.336	0.258	0.127	0.0507
1021	0.337	0.258	0.127	0.0507
1022	0.337	0.258	0.127	0.0507
1023	0.337	0.258	0.127	0.0507
1024	0.337	0.258	0.127	0.0507
1025	0.336	0.258	0.127	0.0507
1026	0.337	0.258	0.127	0.0507
1027	0.336	0.258	0.127	0.0507
1028	0.336	0.258	0.127	0.0507
1029	0.336	0.258	0.127	0.0507
1030	0.336	0.258	0.127	0.0507
1031	0.336	0.258	0.127	0.0507
1032	0.336	0.258	0.127	0.0506
1033	0.336	0.258	0.127	0.0506
1034	0.336	0.258	0.127	0.0507
1035	0.336	0.258	0.127	0.0506
1036	0.336	0.258	0.127	0.0506
1037	0.336	0.258	0.127	0.0506
1038	0.336	0.258	0.127	0.0507
1039	0.336	0.258	0.127	0.0506
1040	0.335	0.258	0.127	0.0507
1041	0.336	0.258	0.127	0.0507
1042	0.335	0.258	0.127	0.0507
1043	0.335	0.258	0.127	0.0507
1044	0.335	0.258	0.127	0.0507
1045	0.335	0.258	0.127	0.0507
1046	0.335	0.258	0.127	0.0508
1047	0.335	0.258	0.127	0.0507
1048	0.335	0.258	0.127	0.0507
1049	0.335	0.258	0.127	0.0508
1050	0.335	0.258	0.127	0.0508
1051	0.335	0.258	0.127	0.0508
1052	0.335	0.258	0.127	0.0507
1053	0.335	0.258	0.127	0.0507
1054	0.335	0.258	0.127	0.0508
1055	0.335	0.258	0.127	0.0507
1056	0.335	0.258	0.127	0.0507
1057	0.334	0.258	0.127	0.0507
1058	0.334	0.258	0.127	0.0508
1059	0.334	0.258	0.127	0.0508
1060	0.334	0.258	0.127	0.0507
1061	0.334	0.258	0.127	0.0508
1062	0.334	0.258	0.127	0.0508
1063	0.334	0.258	0.127	0.0508
1064	0.334	0.258	0.127	0.0507
1065	0.334	0.258	0.127	0.0508
1066	0.334	0.258	0.127	0.0508
1067	0.334	0.258	0.127	0.0508
1068	0.334	0.258	0.127	0.0508
1069	0.334	0.258	0.127	0.0508
1070	0.334	0.258	0.126	0.0507
1071	0.334	0.258	0.126	0.0508
1072	0.334	0.258	0.127	0.0508
1073	0.334	0.258	0.127	0.0508
1074	0.334	0.258	0.126	0.0508
1075	0.334	0.258	0.126	0.0508
1076	0.333	0.258	0.126	0.0508
1077	0.333	0.258	0.126	0.0508
1078	0.333	0.258	0.126	0.0508
1079	0.333	0.258	0.126	0.0508
1080	0.333	0.258	0.126	0.0508
1081	0.333	0.258	0.126	0.0508
1082	0.333	0.258	0.126	0.0507
1083	0.333	0.258	0.126	0.0508
1084	0.333	0.258	0.126	0.0507
1085	0.333	0.258	0.126	0.0508
1086	0.333	0.258	0.126	0.0508
1087	0.333	0.258	0.126	0.0507
1088	0.333	0.258	0.126	0.0508
1089	0.333	0.258	0.126	0.0508
1090	0.333	0.258	0.126	0.0508
1091	0.333	0.258	0.126	0.0508
1092	0.333	0.258	0.126	0.0507
1093	0.333	0.258	0.126	0.0508
1094	0.333	0.258	0.126	0.0508
1095	0.333	0.258	0.126	0.0508
1096	0.332	0.258	0.126	0.0508
1097	0.332	0.258	0.126	0.0508
1098	0.332	0.258	0.126	0.0508
1099	0.332	0.258	0.126	0.0507
1100	0.332	0.258	0.126	0.0508
1101	0.332	0.258	0.126	0.0508
1102	0.332	0.258	0.126	0.0508
1103	0.333	0.258	0.126	0.0507
1104	0.332	0.258	0.126	0.0507
1105	0.332	0.258	0.126	0.0507
1106	0.332	0.258	0.126	0.0508
1107	0.332	0.258	0.126	0.0507
1108	0.332	0.258	0.126	0.0507
1109	0.332	0.258	0.126	0.0507
1110	0.332	0.258	0.126	0.0507
1111	0.332	0.258	0.126	0.0507
1112	0.332	0.258	0.126	0.0507
1113	0.332	0.258	0.126	0.0507
1114	0.332	0.258	0.126	0.0507
1115	0.332	0.258	0.126	0.0507
1116	0.332	0.258	0.126	0.0507
1117	0.332	0.258	0.126	0.0507
1118	0.332	0.258	0.126	0.0507
1119	0.332	0.258	0.126	0.0507
1120	0.331	0.258	0.126	0.0507
1121	0.332	0.258	0.126	0.0507
1122	0.331	0.258	0.126	0.0507
1123	0.331	0.258	0.126	0.0507
1124	0.331	0.258	0.126	0.0507
1125	0.331	0.258	0.126	0.0507
1126	0.331	0.258	0.126	0.0507
1127	0.331	0.258	0.126	0.0507
1128	0.331	0.258	0.126	0.0507
1129	0.331	0.258	0.126	0.0507
1130	0.331	0.258	0.126	0.0507
1131	0.331	0.258	0.126	0.0507
1132	0.331	0.258	0.126	0.0507
1133	0.331	0.258	0.126	0.0507
1134	0.331	0.258	0.126	0.0507
1135	0.331	0.258	0.126	0.0507
1136	0.332	0.256	0.127	0.0503
1137	0.334	0.255	0.128	0.0499
1138	0.333	0.255	0.128	0.05
1139	0.333	0.255	0.128	0.05
1140	0.333	0.255	0.127	0.0501
1141	0.333	0.255	0.127	0.0501
1142	0.333	0.255	0.127	0.0501
1143	0.333	0.255	0.127	0.0501
1144	0.333	0.255	0.127	0.0501
1145	0.333	0.255	0.127	0.0501
1146	0.333	0.255	0.127	0.0501
1147	0.333	0.255	0.127	0.0501
1148	0.333	0.255	0.127	0.0501
1149	0.333	0.255	0.127	0.0501
1150	0.332	0.256	0.127	0.0502
1151	0.333	0.256	0.127	0.0502
1152	0.333	0.256	0.127	0.0502
1153	0.333	0.256	0.127	0.0502
1154	0.332	0.256	0.127	0.0502
1155	0.332	0.256	0.127	0.0502
1156	0.332	0.256	0.127	0.0502
1157	0.332	0.256	0.127	0.0502
1158	0.332	0.256	0.127	0.0502
1159	0.332	0.255	0.127	0.0502
1160	0.332	0.256	0.127	0.0503
1161	0.332	0.256	0.127	0.0502
1162	0.332	0.256	0.127	0.0502
1163	0.332	0.256	0.127	0.0503
1164	0.331	0.256	0.127	0.0503
1165	0.332	0.256	0.127	0.0503
1166	0.331	0.256	0.127	0.0503
1167	0.332	0.256	0.127	0.0503
1168	0.331	0.256	0.127	0.0504
1169	0.331	0.256	0.127	0.0503
1170	0.331	0.256	0.127	0.0503
1171	0.331	0.256	0.127	0.0502
1172	0.331	0.256	0.127	0.0503
1173	0.331	0.256	0.127	0.0502
1174	0.331	0.256	0.127	0.0502
1175	0.331	0.256	0.127	0.0502
1176	0.331	0.256	0.127	0.0503
1177	0.331	0.256	0.127	0.0502
1178	0.331	0.256	0.127	0.0503
1179	0.331	0.256	0.126	0.0502
1180	0.331	0.255	0.127	0.0502
1181	0.331	0.256	0.126	0.0503
1182	0.331	0.256	0.126	0.0503
1183	0.331	0.256	0.127	0.0503
1184	0.331	0.256	0.126	0.0503
1185	0.331	0.256	0.126	0.0503
1186	0.331	0.256	0.126	0.0502
1187	0.33	0.256	0.126	0.0503
1188	0.331	0.256	0.126	0.0502
1189	0.33	0.256	0.126	0.0503
1190	0.33	0.256	0.126	0.0503
1191	0.33	0.256	0.126	0.0503
1192	0.33	0.256	0.126	0.0503
1193	0.33	0.256	0.126	0.0504
1194	0.33	0.256	0.126	0.0503
1195	0.33	0.256	0.126	0.0503
1196	0.33	0.256	0.126	0.0503
1197	0.33	0.256	0.126	0.0503
1198	0.33	0.256	0.126	0.0503
1199	0.33	0.256	0.126	0.0504
1200	0.33	0.256	0.126	0.0503
1201	0.33	0.256	0.126	0.0503
1202	0.33	0.256	0.126	0.0503
1203	0.33	0.256	0.126	0.0503
1204	0.33	0.256	0.126	0.0503
1205	0.33	0.256	0.126	0.0503
1206	0.33	0.256	0.126	0.0503
1207	0.33	0.256	0.126	0.0503
1208	0.329	0.256	0.126	0.0503
1209	0.329	0.256	0.126	0.0503
1210	0.329	0.256	0.126	0.0503
1211	0.329	0.256	0.126	0.0503
1212	0.329	0.256	0.126	0.0503
1213	0.329	0.256	0.126	0.0503
1214	0.329	0.256	0.126	0.0503
1215	0.329	0.256	0.126	0.0503
1216	0.329	0.256	0.126	0.0503
1217	0.329	0.256	0.126	0.0503
1218	0.329	0.256	0.126	0.0503
1219	0.329	0.256	0.126	0.0502
1220	0.329	0.256	0.126	0.0503
1221	0.329	0.256	0.126	0.0503
1222	0.329	0.256	0.126	0.0503
1223	0.329	0.256	0.126	0.0503
1224	0.329	0.256	0.126	0.0502
1225	0.328	0.256	0.126	0.0503
1226	0.328	0.256	0.126	0.0503
1227	0.328	0.255	0.126	0.0502
1228	0.328	0.256	0.126	0.0502
1229	0.328	0.256	0.126	0.0502
1230	0.328	0.256	0.126	0.0503
1231	0.328	0.256	0.126	0.0503
1232	0.328	0.256	0.126	0.0503
1233	0.328	0.256	0.126	0.0503
1234	0.328	0.256	0.126	0.0503
1235	0.328	0.256	0.126	0.0503
1236	0.328	0.256	0.126	0.0502
1237	0.328	0.256	0.126	0.0502
1238	0.328	0.256	0.126	0.0502
1239	0.328	0.256	0.126	0.0503
1240	0.328	0.256	0.126	0.0502
1241	0.328	0.256	0.126	0.0502
1242	0.328	0.256	0.126	0.0503
1243	0.328	0.256	0.126	0.0503
1244	0.328	0.256	0.126	0.0503
1245	0.328	0.256	0.126	0.0502
1246	0.328	0.256	0.126	0.0503
1247	0.328	0.256	0.126	0.0503
1248	0.327	0.256	0.126	0.0503
1249	0.327	0.256	0.125	0.0503
1250	0.327	0.256	0.126	0.0503
1251	0.328	0.256	0.126	0.0502
1252	0.327	0.256	0.126	0.0502
1253	0.327	0.256	0.125	0.0503
1254	0.327	0.256	0.126	0.0503
1255	0.327	0.255	0.126	0.0502
1256	0.327	0.256	0.126	0.0503
1257	0.327	0.255	0.125	0.0502
1258	0.327	0.256	0.125	0.0503
1259	0.327	0.256	0.125	0.0502
1260	0.327	0.256	0.125	0.0503
1261	0.327	0.256	0.125	0.0503
1262	0.327	0.256	0.125	0.0503
1263	0.327	0.256	0.125	0.0503
1264	0.327	0.255	0.125	0.0503
1265	0.327	0.256	0.125	0.0504
1266	0.327	0.256	0.125	0.0503
1267	0.327	0.256	0.125	0.0503
1268	0.326	0.256	0.125	0.0503
1269	0.327	0.256	0.125	0.0503
1270	0.327	0.255	0.125	0.0502
1271	0.326	0.256	0.125	0.0503
1272	0.328	0.254	0.127	0.0499
1273	0.329	0.252	0.128	0.0496
1274	0.329	0.253	0.127	0.0496
1275	0.33	0.253	0.127	0.0496
1276	0.329	0.253	0.127	0.0497
1277	0.329	0.253	0.127	0.0497
1278	0.329	0.253	0.127	0.0497
1279	0.329	0.253	0.127	0.0497
1280	0.329	0.253	0.127	0.0497
1281	0.329	0.253	0.127	0.0497
1282	0.329	0.253	0.127	0.0497
1283	0.329	0.253	0.127	0.0497
1284	0.329	0.253	0.127	0.0498
1285	0.329	0.253	0.127	0.0497
1286	0.329	0.253	0.127	0.0498
1287	0.329	0.253	0.127	0.0498
1288	0.329	0.253	0.127	0.0498
1289	0.328	0.253	0.127	0.0498
1290	0.328	0.253	0.127	0.0498
1291	0.328	0.253	0.127	0.0498
1292	0.328	0.253	0.127	0.0498
1293	0.328	0.253	0.127	0.0498
1294	0.328	0.253	0.127	0.0498
1295	0.328	0.253	0.126	0.0498
1296	0.328	0.253	0.126	0.0499
1297	0.328	0.253	0.127	0.0498
1298	0.328	0.253	0.126	0.0498
1299	0.328	0.253	0.127	0.0498
1300	0.328	0.253	0.126	0.0498
1301	0.328	0.253	0.126	0.0499
1302	0.328	0.253	0.127	0.0498
1303	0.328	0.253	0.126	0.0498
1304	0.328	0.253	0.126	0.0499
1305	0.328	0.253	0.126	0.0498
1306	0.327	0.253	0.126	0.0499
1307	0.327	0.253	0.126	0.0499
1308	0.327	0.253	0.126	0.0498
1309	0.327	0.253	0.126	0.0498
1310	0.327	0.253	0.126	0.0499
1311	0.327	0.253	0.126	0.0499
1312	0.327	0.253	0.126	0.0498
1313	0.327	0.253	0.126	0.0499
1314	0.327	0.253	0.126	0.0499
1315	0.327	0.253	0.126	0.0499
1316	0.327	0.253	0.126	0.0499
1317	0.327	0.253	0.126	0.0499
1318	0.327	0.253	0.126	0.0499
1319	0.326	0.253	0.126	0.0499
1320	0.327	0.253	0.126	0.0499
1321	0.327	0.253	0.126	0.0499
1322	0.327	0.253	0.126	0.0499
1323	0.327	0.254	0.126	0.0499
1324	0.327	0.253	0.126	0.0499
1325	0.326	0.254	0.126	0.0499
1326	0.326	0.254	0.126	0.0499
1327	0.326	0.254	0.126	0.0499
1328	0.326	0.254	0.126	0.0499
1329	0.326	0.253	0.126	0.0499
1330	0.326	0.253	0.126	0.0498
1331	0.326	0.254	0.126	0.0498
1332	0.326	0.253	0.126	0.0498
1333	0.326	0.253	0.126	0.0498
1334	0.326	0.254	0.126	0.0499
1335	0.326	0.253	0.126	0.0498
1336	0.326	0.253	0.126	0.0499
1337	0.326	0.253	0.126	0.0499
1338	0.326	0.253	0.126	0.0499
1339	0.326	0.253	0.126	0.0498
1340	0.326	0.253	0.126	0.0499
1341	0.326	0.254	0.126	0.0499
1342	0.326	0.254	0.126	0.0499
1343	0.326	0.254	0.126	0.0499
1344	0.326	0.253	0.126	0.0498
1345	0.326	0.254	0.126	0.0499
1346	0.325	0.254	0.126	0.0499
1347	0.325	0.253	0.126	0.0499
1348	0.325	0.253	0.126	0.0499
1349	0.326	0.253	0.126	0.0499
1350	0.325	0.253	0.126	0.0499
1351	0.325	0.253	0.126	0.0499
1352	0.325	0.253	0.126	0.0499
1353	0.325	0.253	0.126	0.0499
1354	0.325	0.253	0.126	0.0499
1355	0.325	0.253	0.126	0.0499
1356	0.325	0.253	0.126	0.0499
1357	0.325	0.253	0.126	0.0499
1358	0.325	0.253	0.126	0.0499
1359	0.325	0.253	0.125	0.0499
1360	0.325	0.253	0.126	0.0498
1361	0.325	0.254	0.125	0.0499
1362	0.325	0.253	0.125	0.0499
1363	0.325	0.253	0.125	0.0498
1364	0.325	0.253	0.125	0.0499
1365	0.325	0.254	0.125	0.0499
1366	0.325	0.253	0.125	0.0499
1367	0.325	0.254	0.125	0.0499
1368	0.325	0.254	0.125	0.0499
1369	0.325	0.253	0.125	0.0498
1370	0.324	0.254	0.125	0.0498
1371	0.324	0.253	0.125	0.0498
1372	0.325	0.253	0.125	0.0498
1373	0.325	0.253	0.125	0.0498
1374	0.324	0.253	0.125	0.0498
1375	0.324	0.253	0.125	0.0498
1376	0.324	0.253	0.125	0.0498
1377	0.324	0.253	0.125	0.0498
1378	0.324	0.253	0.125	0.0498
1379	0.324	0.254	0.125	0.0499
1380	0.324	0.253	0.125	0.0498
1381	0.324	0.253	0.125	0.0498
1382	0.324	0.253	0.125	0.0498
1383	0.324	0.253	0.125	0.0499
1384	0.324	0.253	0.125	0.0498
1385	0.324	0.253	0.125	0.0499
1386	0.323	0.254	0.125	0.0499
1387	0.324	0.253	0.125	0.0499
1388	0.324	0.253	0.125	0.0499
1389	0.324	0.253	0.125	0.0499
1390	0.324	0.253	0.125	0.0499
1391	0.323	0.253	0.125	0.0499
1392	0.324	0.253	0.125	0.0498
1393	0.324	0.253	0.125	0.0498
1394	0.323	0.253	0.125	0.0499
1395	0.323	0.253	0.125	0.0498
1396	0.323	0.253	0.125	0.0498
1397	0.323	0.253	0.125	0.0499
1398	0.323	0.253	0.125	0.0498
1399	0.323	0.253	0.125	0.0498
1400	0.323	0.253	0.125	0.0498
1401	0.323	0.253	0.125	0.0498
1402	0.323	0.253	0.125	0.0498
1403	0.323	0.253	0.125	0.0499
1404	0.323	0.253	0.125	0.0499
1405	0.323	0.253	0.125	0.0498
1406	0.323	0.253	0.125	0.0499
1407	0.323	0.253	0.125	0.0498
1408	0.323	0.253	0.125	0.0498
1409	0.322	0.253	0.125	0.0498
1410	0.322	0.253	0.125	0.0498
1411	0.322	0.253	0.125	0.0498
1412	0.323	0.253	0.125	0.0498
1413	0.323	0.253	0.125	0.0497
1414	0.323	0.253	0.125	0.0497
1415	0.323	0.253	0.125	0.0497
1416	0.322	0.253	0.125	0.0497
1417	0.322	0.253	0.125	0.0498
1418	0.322	0.253	0.125	0.0498
1419	0.322	0.253	0.125	0.0498
1420	0.322	0.253	0.125	0.0498
1421	0.322	0.253	0.125	0.0497
1422	0.322	0.253	0.125	0.0497
1423	0.322	0.253	0.125	0.0498
1424	0.322	0.253	0.125	0.0498
1425	0.322	0.253	0.125	0.0497
1426	0.322	0.253	0.125	0.0498
1427	0.322	0.253	0.125	0.0498
1428	0.322	0.253	0.125	0.0498
1429	0.322	0.253	0.125	0.0497
1430	0.322	0.253	0.125	0.0497
1431	0.322	0.253	0.125	0.0497
1432	0.322	0.253	0.125	0.0497
1433	0.322	0.253	0.125	0.0498
1434	0.322	0.253	0.125	0.0498
1435	0.322	0.253	0.125	0.0498
1436	0.322	0.253	0.125	0.0498
1437	0.322	0.253	0.125	0.0498
1438	0.321	0.253	0.125	0.0498
1439	0.321	0.253	0.125	0.0498
1440	0.322	0.253	0.125	0.0497
1441	0.322	0.253	0.125	0.0498
1442	0.321	0.253	0.125	0.0498
1443	0.322	0.253	0.125	0.0497
1444	0.321	0.253	0.125	0.0498
1445	0.321	0.253	0.124	0.0498
1446	0.323	0.252	0.126	0.0494
1447	0.324	0.25	0.127	0.0491
1448	0.324	0.25	0.127	0.0491
1449	0.324	0.25	0.126	0.0492
1450	0.324	0.25	0.126	0.0492
1451	0.324	0.251	0.126	0.0492
1452	0.324	0.251	0.126	0.0492
1453	0.324	0.251	0.126	0.0492
1454	0.324	0.251	0.126	0.0492
1455	0.324	0.251	0.126	0.0493
1456	0.324	0.251	0.126	0.0492
1457	0.324	0.251	0.126	0.0493
1458	0.324	0.251	0.126	0.0493
1459	0.323	0.251	0.126	0.0493
1460	0.324	0.251	0.126	0.0493
1461	0.324	0.251	0.126	0.0493
1462	0.323	0.251	0.126	0.0493
1463	0.323	0.251	0.126	0.0493
1464	0.323	0.251	0.126	0.0493
1465	0.323	0.251	0.126	0.0493
1466	0.323	0.251	0.126	0.0494
1467	0.323	0.251	0.126	0.0493
1468	0.323	0.251	0.126	0.0493
1469	0.323	0.251	0.126	0.0493
1470	0.323	0.251	0.126	0.0493
1471	0.323	0.251	0.126	0.0493
1472	0.323	0.251	0.126	0.0494
1473	0.323	0.251	0.126	0.0494
1474	0.323	0.251	0.126	0.0494
1475	0.323	0.251	0.126	0.0494
1476	0.322	0.251	0.126	0.0494
1477	0.323	0.251	0.126	0.0494
1478	0.323	0.251	0.126	0.0493
1479	0.323	0.251	0.126	0.0493
1480	0.322	0.251	0.126	0.0494
1481	0.322	0.251	0.125	0.0494
1482	0.322	0.251	0.125	0.0494
1483	0.322	0.251	0.125	0.0494
1484	0.322	0.251	0.125	0.0494
1485	0.322	0.251	0.126	0.0494
1486	0.322	0.251	0.126	0.0494
1487	0.322	0.251	0.126	0.0494
1488	0.322	0.251	0.125	0.0494
1489	0.322	0.251	0.125	0.0494
1490	0.322	0.251	0.125	0.0494
1491	0.322	0.251	0.125	0.0495
1492	0.322	0.251	0.125	0.0494
1493	0.322	0.251	0.125	0.0494
1494	0.322	0.251	0.125	0.0494
1495	0.322	0.251	0.125	0.0494
1496	0.322	0.251	0.125	0.0494
1497	0.322	0.251	0.125	0.0494
1498	0.322	0.251	0.125	0.0494
1499	0.322	0.251	0.125	0.0494
1500	0.321	0.251	0.125	0.0494
1501	0.321	0.251	0.125	0.0494
1502	0.321	0.251	0.125	0.0494
1503	0.321	0.251	0.125	0.0494
1504	0.321	0.251	0.125	0.0494
1505	0.321	0.251	0.125	0.0493
1506	0.321	0.251	0.125	0.0494
1507	0.321	0.251	0.125	0.0494
1508	0.321	0.251	0.125	0.0494
1509	0.321	0.251	0.125	0.0494
1510	0.321	0.251	0.125	0.0494
1511	0.321	0.251	0.125	0.0494
1512	0.321	0.251	0.125	0.0494
1513	0.321	0.251	0.125	0.0494
1514	0.321	0.251	0.125	0.0494
1515	0.321	0.251	0.125	0.0494
1516	0.321	0.251	0.125	0.0494
1517	0.321	0.251	0.125	0.0494
1518	0.321	0.251	0.125	0.0494
1519	0.321	0.251	0.125	0.0494
1520	0.32	0.251	0.125	0.0495
1521	0.32	0.251	0.125	0.0495
1522	0.32	0.251	0.125	0.0494
1523	0.32	0.251	0.125	0.0495
1524	0.32	0.251	0.125	0.0494
1525	0.32	0.251	0.125	0.0494
1526	0.32	0.251	0.125	0.0494
1527	0.32	0.251	0.125	0.0494
1528	0.32	0.251	0.125	0.0495
1529	0.32	0.251	0.125	0.0495
1530	0.32	0.251	0.125	0.0495
1531	0.32	0.251	0.125	0.0494
1532	0.32	0.251	0.125	0.0494
1533	0.32	0.251	0.125	0.0495
1534	0.32	0.251	0.125	0.0494
1535	0.32	0.251	0.125	0.0494
1536	0.32	0.251	0.125	0.0494
1537	0.32	0.251	0.125	0.0494
1538	0.32	0.251	0.125	0.0494
1539	0.32	0.251	0.125	0.0495
1540	0.32	0.251	0.125	0.0494
1541	0.32	0.251	0.125	0.0494
1542	0.32	0.251	0.125	0.0494
1543	0.32	0.251	0.125	0.0494
1544	0.32	0.251	0.125	0.0494
1545	0.319	0.251	0.125	0.0494
1546	0.32	0.251	0.125	0.0494
1547	0.32	0.251	0.125	0.0494
1548	0.319	0.251	0.125	0.0494
1549	0.319	0.251	0.125	0.0495
1550	0.319	0.251	0.125	0.0494
1551	0.319	0.251	0.125	0.0495
1552	0.319	0.251	0.125	0.0494
1553	0.319	0.251	0.125	0.0494
1554	0.319	0.251	0.124	0.0495
1555	0.319	0.251	0.124	0.0494
1556	0.319	0.251	0.124	0.0494
1557	0.319	0.251	0.124	0.0494
1558	0.319	0.251	0.124	0.0494
1559	0.319	0.251	0.125	0.0494
1560	0.319	0.251	0.124	0.0494
1561	0.319	0.251	0.124	0.0494
1562	0.319	0.251	0.124	0.0494
1563	0.319	0.251	0.124	0.0494
1564	0.319	0.251	0.124	0.0494
1565	0.319	0.251	0.124	0.0494
1566	0.319	0.251	0.124	0.0494
1567	0.319	0.251	0.124	0.0494
1568	0.319	0.251	0.124	0.0494
1569	0.319	0.251	0.124	0.0494
1570	0.318	0.251	0.124	0.0494
1571	0.319	0.251	0.124	0.0494
1572	0.319	0.251	0.124	0.0494
1573	0.318	0.251	0.124	0.0494
1574	0.319	0.251	0.124	0.0494
1575	0.318	0.251	0.124	0.0494
1576	0.318	0.251	0.124	0.0494
1577	0.318	0.251	0.124	0.0494
1578	0.318	0.251	0.124	0.0494
1579	0.318	0.251	0.124	0.0494
1580	0.318	0.251	0.124	0.0494
1581	0.318	0.251	0.124	0.0494
1582	0.318	0.251	0.124	0.0494
1583	0.318	0.251	0.124	0.0494
1584	0.318	0.251	0.124	0.0494
1585	0.318	0.251	0.124	0.0494
1586	0.318	0.251	0.124	0.0494
1587	0.318	0.251	0.124	0.0494
1588	0.318	0.251	0.124	0.0494
1589	0.318	0.251	0.124	0.0494
1590	0.318	0.251	0.124	0.0494
1591	0.318	0.251	0.124	0.0494
1592	0.318	0.251	0.124	0.0493
1593	0.317	0.251	0.124	0.0494
1594	0.318	0.251	0.124	0.0494
1595	0.317	0.251	0.124	0.0494
