Iteration	ValueMean	ValueStddev	DerivMean	DerivStddev
1	0.518	0.272	0.169	0.0697
2	0.498	0.256	0.18	0.0635
3	0.496	0.253	0.179	0.0599
4	0.502	0.253	0.179	0.0583
5	0.5	0.251	0.18	0.0573
6	0.497	0.25	0.18	0.0558
7	0.497	0.249	0.18	0.0551
8	0.496	0.248	0.18	0.0551
9	0.495	0.248	0.181	0.0548
10	0.494	0.247	0.181	0.0545
11	0.493	0.246	0.181	0.0543
12	0.492	0.247	0.181	0.0546
13	0.49	0.247	0.181	0.0546
14	0.489	0.246	0.181	0.0545
15	0.489	0.246	0.181	0.0547
16	0.489	0.246	0.181	0.0546
17	0.489	0.246	0.181	0.0546
18	0.488	0.245	0.181	0.0545
19	0.487	0.245	0.181	0.0545
20	0.486	0.245	0.181	0.0544
21	0.486	0.245	0.181	0.0546
22	0.485	0.245	0.181	0.0544
23	0.485	0.245	0.181	0.0544
24	0.484	0.245	0.181	0.0543
25	0.484	0.245	0.181	0.0543
26	0.483	0.244	0.182	0.0542
27	0.482	0.244	0.182	0.0543
28	0.481	0.244	0.181	0.0543
29	0.481	0.244	0.182	0.0543
30	0.48	0.244	0.182	0.0543
31	0.48	0.244	0.182	0.0542
32	0.479	0.244	0.182	0.0543
33	0.479	0.244	0.182	0.0543
34	0.478	0.244	0.182	0.0542
35	0.478	0.244	0.182	0.0544
36	0.477	0.244	0.182	0.0544
37	0.477	0.243	0.182	0.0544
38	0.477	0.244	0.182	0.0545
39	0.476	0.244	0.182	0.0545
40	0.475	0.244	0.182	0.0544
41	0.475	0.243	0.182	0.0545
42	0.474	0.243	0.182	0.0543
43	0.474	0.243	0.182	0.0543
44	0.473	0.243	0.182	0.0544
45	0.473	0.244	0.181	0.0546
46	0.472	0.244	0.181	0.0545
47	0.471	0.243	0.182	0.0545
48	0.471	0.244	0.181	0.0547
49	0.471	0.244	0.181	0.0547
50	0.47	0.243	0.181	0.0545
51	0.47	0.243	0.181	0.0546
52	0.47	0.243	0.181	0.0545
53	0.469	0.243	0.181	0.0546
54	0.468	0.243	0.181	0.0546
55	0.468	0.243	0.181	0.0546
56	0.468	0.243	0.181	0.0547
57	0.468	0.243	0.181	0.0547
58	0.467	0.243	0.181	0.0548
59	0.466	0.243	0.181	0.0547
60	0.465	0.243	0.181	0.0547
61	0.465	0.242	0.182	0.0547
62	0.464	0.242	0.182	0.0548
63	0.463	0.242	0.182	0.0546
64	0.463	0.242	0.182	0.0545
65	0.462	0.242	0.182	0.0546
66	0.462	0.242	0.182	0.0546
67	0.461	0.242	0.182	0.0547
68	0.462	0.242	0.182	0.0547
69	0.462	0.242	0.181	0.0547
70	0.461	0.242	0.181	0.0548
71	0.46	0.242	0.182	0.0548
72	0.46	0.242	0.182	0.0548
73	0.459	0.242	0.182	0.0547
74	0.458	0.242	0.182	0.0547
75	0.458	0.241	0.182	0.0546
76	0.458	0.242	0.181	0.0547
77	0.457	0.242	0.181	0.0548
78	0.457	0.242	0.181	0.0548
79	0.456	0.242	0.181	0.0547
80	0.455	0.242	0.181	0.0548
81	0.455	0.242	0.181	0.0548
82	0.455	0.242	0.181	0.0548
83	0.455	0.242	0.181	0.0548
84	0.455	0.242	0.181	0.0548
85	0.454	0.241	0.181	0.0548
86	0.454	0.242	0.181	0.0548
87	0.454	0.242	0.181	0.0549
88	0.453	0.242	0.181	0.055
89	0.453	0.242	0.181	0.0551
90	0.453	0.242	0.181	0.055
91	0.453	0.242	0.181	0.0551
92	0.452	0.242	0.181	0.055
93	0.452	0.242	0.181	0.055
94	0.451	0.241	0.181	0.0549
95	0.451	0.242	0.181	0.055
96	0.451	0.241	0.181	0.055
97	0.45	0.241	0.181	0.055
98	0.449	0.241	0.181	0.055
99	0.449	0.241	0.181	0.0549
100	0.449	0.241	0.181	0.0549
101	0.448	0.241	0.181	0.055
102	0.448	0.241	0.181	0.055
103	0.448	0.242	0.18	0.0551
104	0.448	0.241	0.18	0.055
105	0.447	0.241	0.181	0.055
106	0.446	0.241	0.181	0.0551
107	0.446	0.241	0.181	0.055
108	0.446	0.241	0.18	0.0552
109	0.446	0.241	0.18	0.0553
110	0.445	0.241	0.18	0.0553
111	0.445	0.241	0.18	0.0552
112	0.445	0.241	0.18	0.0553
113	0.444	0.241	0.18	0.0553
114	0.444	0.241	0.18	0.0554
115	0.443	0.241	0.18	0.0554
116	0.443	0.241	0.18	0.0553
117	0.443	0.241	0.18	0.0552
118	0.443	0.241	0.18	0.0553
119	0.442	0.241	0.18	0.0553
120	0.442	0.241	0.18	0.0554
121	0.441	0.241	0.18	0.0555
122	0.441	0.241	0.18	0.0555
123	0.441	0.241	0.18	0.0555
124	0.441	0.241	0.18	0.0556
125	0.441	0.241	0.18	0.0556
126	0.441	0.242	0.179	0.0556
127	0.44	0.242	0.179	0.0556
128	0.439	0.242	0.179	0.0557
129	0.439	0.241	0.179	0.0557
130	0.439	0.241	0.179	0.0556
131	0.438	0.241	0.179	0.0555
132	0.438	0.241	0.179	0.0556
133	0.438	0.241	0.179	0.0556
134	0.438	0.241	0.179	0.0557
135	0.437	0.241	0.179	0.0557
136	0.437	0.241	0.179	0.0557
137	0.437	0.241	0.179	0.0556
138	0.436	0.242	0.179	0.0558
139	0.436	0.242	0.179	0.0557
140	0.436	0.241	0.179	0.0557
141	0.436	0.242	0.179	0.0558
142	0.435	0.241	0.179	0.0557
143	0.435	0.241	0.179	0.0557
144	0.434	0.241	0.179	0.0557
145	0.434	0.242	0.179	0.0557
146	0.434	0.242	0.179	0.0558
147	0.433	0.241	0.179	0.0557
148	0.433	0.242	0.178	0.0558
149	0.433	0.242	0.178	0.0559
150	0.433	0.242	0.178	0.0559
151	0.433	0.241	0.178	0.0559
152	0.432	0.242	0.178	0.0559
153	0.432	0.242	0.178	0.056
154	0.432	0.242	0.178	0.056
155	0.431	0.242	0.178	0.0561
156	0.431	0.242	0.178	0.0561
157	0.43	0.242	0.178	0.0561
158	0.43	0.242	0.178	0.0561
159	0.43	0.242	0.178	0.0561
160	0.43	0.242	0.178	0.0561
161	0.43	0.242	0.178	0.056
162	0.43	0.242	0.178	0.0561
163	0.429	0.242	0.178	0.0561
164	0.429	0.242	0.178	0.0562
165	0.429	0.242	0.177	0.0563
166	0.429	0.242	0.177	0.0562
167	0.429	0.242	0.177	0.0563
168	0.429	0.242	0.177	0.0562
169	0.428	0.242	0.177	0.0563
170	0.428	0.242	0.177	0.0562
171	0.427	0.242	0.177	0.0563
172	0.427	0.243	0.177	0.0564
173	0.427	0.242	0.177	0.0563
174	0.427	0.242	0.177	0.0563
175	0.426	0.243	0.177	0.0563
176	0.426	0.242	0.177	0.0563
177	0.426	0.243	0.177	0.0563
178	0.426	0.242	0.177	0.0563
179	0.426	0.242	0.177	0.0563
180	0.425	0.242	0.177	0.0563
181	0.424	0.242	0.177	0.0564
182	0.424	0.242	0.177	0.0564
183	0.424	0.242	0.177	0.0563
184	0.424	0.242	0.177	0.0564
185	0.424	0.242	0.177	0.0564
186	0.423	0.242	0.177	0.0563
187	0.423	0.242	0.177	0.0565
188	0.423	0.242	0.176	0.0565
189	0.423	0.242	0.176	0.0564
190	0.422	0.242	0.176	0.0565
191	0.422	0.242	0.176	0.0566
192	0.422	0.242	0.176	0.0565
193	0.422	0.243	0.176	0.0565
194	0.422	0.242	0.176	0.0565
195	0.421	0.242	0.176	0.0565
196	0.421	0.243	0.176	0.0566
197	0.421	0.243	0.176	0.0566
198	0.42	0.242	0.176	0.0565
199	0.42	0.242	0.176	0.0565
200	0.42	0.242	0.176	0.0565
201	0.42	0.242	0.176	0.0565
202	0.42	0.242	0.176	0.0565
203	0.42	0.242	0.176	0.0565
204	0.42	0.242	0.176	0.0565
205	0.419	0.243	0.176	0.0566
206	0.419	0.242	0.176	0.0565
207	0.419	0.242	0.176	0.0566
208	0.419	0.242	0.176	0.0565
209	0.418	0.242	0.176	0.0566
210	0.418	0.242	0.176	0.0566
211	0.418	0.243	0.175	0.0566
212	0.417	0.242	0.175	0.0567
213	0.417	0.242	0.175	0.0566
214	0.417	0.242	0.175	0.0567
215	0.417	0.242	0.175	0.0567
216	0.417	0.242	0.175	0.0566
217	0.417	0.242	0.175	0.0567
218	0.416	0.243	0.175	0.0568
219	0.416	0.242	0.175	0.0567
220	0.416	0.243	0.175	0.0567
221	0.416	0.242	0.175	0.0567
222	0.416	0.242	0.175	0.0567
223	0.415	0.243	0.175	0.0568
224	0.415	0.243	0.175	0.0568
225	0.415	0.243	0.175	0.0568
226	0.415	0.243	0.175	0.0568
227	0.415	0.243	0.175	0.0569
228	0.415	0.243	0.175	0.0568
229	0.414	0.243	0.175	0.0567
230	0.414	0.243	0.175	0.0568
231	0.414	0.243	0.174	0.0568
232	0.414	0.243	0.174	0.0569
233	0.414	0.243	0.174	0.0569
234	0.414	0.243	0.174	0.0569
235	0.414	0.243	0.174	0.0569
236	0.413	0.243	0.174	0.0569
237	0.413	0.243	0.174	0.0568
238	0.413	0.243	0.174	0.0569
239	0.412	0.243	0.174	0.0569
240	0.412	0.243	0.174	0.0568
241	0.412	0.243	0.174	0.0569
242	0.412	0.243	0.174	0.0569
243	0.412	0.243	0.174	0.0569
244	0.412	0.243	0.174	0.0569
245	0.411	0.243	0.174	0.057
246	0.411	0.243	0.174	0.0569
247	0.411	0.243	0.174	0.057
248	0.411	0.243	0.174	0.057
249	0.411	0.243	0.174	0.0569
250	0.411	0.243	0.174	0.057
251	0.41	0.243	0.174	0.057
252	0.41	0.243	0.173	0.057
253	0.41	0.243	0.173	0.057
254	0.41	0.243	0.173	0.0571
255	0.41	0.243	0.173	0.057
256	0.409	0.243	0.173	0.0571
257	0.409	0.243	0.173	0.0571
258	0.41	0.243	0.173	0.057
259	0.409	0.243	0.173	0.0572
260	0.409	0.243	0.173	0.0571
261	0.408	0.243	0.173	0.0571
262	0.408	0.243	0.173	0.0571
263	0.408	0.243	0.173	0.057
264	0.408	0.243	0.173	0.057
265	0.408	0.243	0.173	0.0571
266	0.408	0.243	0.173	0.0571
267	0.408	0.243	0.173	0.0569
268	0.407	0.243	0.173	0.057
269	0.407	0.243	0.173	0.057
270	0.407	0.243	0.173	0.0569
271	0.407	0.243	0.173	0.057
272	0.407	0.243	0.173	0.057
273	0.406	0.243	0.173	0.0571
274	0.406	0.243	0.173	0.0571
275	0.406	0.244	0.172	0.0571
276	0.406	0.243	0.173	0.057
277	0.406	0.244	0.172	0.0571
278	0.405	0.244	0.172	0.0571
279	0.405	0.243	0.172	0.0571
280	0.405	0.244	0.172	0.0571
281	0.405	0.244	0.172	0.0571
282	0.405	0.243	0.172	0.0571
283	0.404	0.243	0.172	0.0572
284	0.404	0.243	0.172	0.0572
285	0.404	0.243	0.172	0.0572
286	0.404	0.243	0.172	0.0571
287	0.403	0.243	0.172	0.0572
288	0.404	0.243	0.172	0.0571
289	0.404	0.243	0.172	0.0572
290	0.403	0.243	0.172	0.0572
291	0.403	0.243	0.172	0.0571
292	0.403	0.243	0.172	0.0572
293	0.403	0.244	0.172	0.0572
294	0.403	0.243	0.172	0.0571
295	0.402	0.243	0.172	0.0571
296	0.402	0.244	0.172	0.0572
297	0.402	0.244	0.172	0.0572
298	0.402	0.244	0.172	0.0573
299	0.401	0.244	0.172	0.0573
300	0.401	0.243	0.172	0.0572
301	0.401	0.244	0.172	0.0572
302	0.401	0.244	0.171	0.0573
303	0.401	0.244	0.171	0.0573
304	0.4	0.244	0.171	0.0573
305	0.401	0.244	0.171	0.0573
306	0.4	0.243	0.171	0.0573
307	0.4	0.244	0.171	0.0573
308	0.4	0.244	0.171	0.0574
309	0.4	0.244	0.171	0.0573
310	0.4	0.243	0.171	0.0572
311	0.399	0.243	0.171	0.0572
312	0.399	0.243	0.171	0.0573
313	0.399	0.243	0.171	0.0573
314	0.399	0.243	0.171	0.0572
315	0.399	0.243	0.171	0.0571
316	0.398	0.243	0.171	0.0572
317	0.399	0.243	0.171	0.0572
318	0.398	0.243	0.171	0.0572
319	0.398	0.243	0.171	0.0573
320	0.398	0.243	0.171	0.0573
321	0.398	0.243	0.171	0.0573
322	0.398	0.243	0.171	0.0573
323	0.398	0.244	0.171	0.0573
324	0.397	0.243	0.171	0.0572
325	0.397	0.243	0.171	0.0573
326	0.397	0.243	0.171	0.0573
327	0.397	0.243	0.171	0.0573
328	0.397	0.243	0.171	0.0573
329	0.397	0.244	0.17	0.0574
330	0.397	0.244	0.17	0.0574
331	0.397	0.243	0.171	0.0573
332	0.397	0.243	0.171	0.0573
333	0.396	0.244	0.17	0.0573
334	0.396	0.244	0.17	0.0574
335	0.396	0.243	0.17	0.0573
336	0.396	0.244	0.17	0.0573
337	0.396	0.244	0.17	0.0573
338	0.395	0.244	0.17	0.0574
339	0.395	0.244	0.17	0.0574
340	0.395	0.244	0.17	0.0574
341	0.395	0.243	0.17	0.0573
342	0.395	0.243	0.17	0.0574
343	0.394	0.243	0.17	0.0574
344	0.394	0.243	0.17	0.0574
345	0.394	0.243	0.17	0.0574
346	0.394	0.243	0.17	0.0573
347	0.394	0.243	0.17	0.0573
348	0.394	0.243	0.17	0.0573
349	0.393	0.243	0.17	0.0573
350	0.393	0.243	0.17	0.0573
351	0.393	0.243	0.17	0.0574
352	0.393	0.243	0.17	0.0574
353	0.393	0.243	0.17	0.0575
354	0.393	0.243	0.17	0.0575
355	0.393	0.243	0.17	0.0575
356	0.393	0.243	0.17	0.0574
357	0.393	0.243	0.17	0.0574
358	0.392	0.243	0.17	0.0574
359	0.392	0.243	0.17	0.0574
360	0.392	0.243	0.17	0.0574
361	0.392	0.243	0.17	0.0574
362	0.392	0.243	0.17	0.0574
363	0.392	0.243	0.17	0.0574
364	0.392	0.244	0.169	0.0575
365	0.392	0.244	0.169	0.0575
366	0.392	0.244	0.169	0.0576
367	0.392	0.244	0.169	0.0575
368	0.392	0.244	0.169	0.0575
369	0.391	0.243	0.169	0.0574
370	0.391	0.244	0.169	0.0575
371	0.391	0.243	0.169	0.0575
372	0.391	0.243	0.169	0.0575
373	0.39	0.243	0.169	0.0575
374	0.39	0.244	0.169	0.0575
375	0.391	0.243	0.169	0.0575
376	0.39	0.243	0.169	0.0575
377	0.39	0.243	0.169	0.0575
378	0.39	0.243	0.169	0.0576
379	0.39	0.243	0.169	0.0576
380	0.39	0.243	0.169	0.0575
381	0.39	0.243	0.169	0.0575
382	0.389	0.243	0.169	0.0576
383	0.39	0.243	0.169	0.0576
384	0.39	0.243	0.169	0.0575
385	0.389	0.243	0.169	0.0576
386	0.389	0.243	0.169	0.0576
387	0.389	0.243	0.169	0.0576
388	0.389	0.244	0.169	0.0576
389	0.389	0.243	0.169	0.0576
390	0.389	0.243	0.169	0.0576
391	0.388	0.243	0.169	0.0576
392	0.388	0.243	0.169	0.0577
393	0.388	0.243	0.169	0.0576
394	0.388	0.243	0.169	0.0577
395	0.388	0.243	0.168	0.0577
396	0.388	0.243	0.168	0.0577
397	0.388	0.243	0.168	0.0577
398	0.387	0.244	0.168	0.0578
399	0.387	0.243	0.168	0.0578
400	0.387	0.243	0.168	0.0577
401	0.387	0.243	0.168	0.0578
402	0.387	0.243	0.168	0.0578
403	0.387	0.244	0.168	0.0577
404	0.387	0.243	0.168	0.0577
405	0.387	0.244	0.168	0.0577
406	0.387	0.243	0.168	0.0577
407	0.387	0.244	0.168	0.0577
408	0.386	0.243	0.168	0.0577
409	0.386	0.243	0.168	0.0577
410	0.386	0.244	0.168	0.0578
411	0.386	0.244	0.168	0.0578
412	0.386	0.244	0.168	0.0578
413	0.386	0.244	0.168	0.0578
414	0.385	0.244	0.168	0.0579
415	0.385	0.243	0.168	0.0578
416	0.385	0.243	0.168	0.0577
417	0.385	0.243	0.168	0.0577
418	0.385	0.243	0.168	0.0578
419	0.385	0.243	0.168	0.0579
420	0.385	0.243	0.168	0.0578
421	0.385	0.243	0.168	0.0579
422	0.385	0.243	0.168	0.0578
423	0.384	0.243	0.168	0.0579
424	0.384	0.243	0.168	0.0579
425	0.384	0.243	0.168	0.0579
426	0.384	0.243	0.168	0.0579
427	0.384	0.243	0.168	0.0578
428	0.384	0.243	0.168	0.0578
429	0.384	0.243	0.168	0.0578
430	0.384	0.243	0.168	0.0578
431	0.384	0.243	0.167	0.0578
432	0.383	0.243	0.168	0.0578
433	0.383	0.243	0.167	0.0578
434	0.383	0.243	0.167	0.0579
435	0.383	0.243	0.167	0.0578
436	0.382	0.243	0.167	0.0579
437	0.382	0.243	0.167	0.0578
438	0.382	0.243	0.167	0.0578
439	0.382	0.243	0.167	0.0579
440	0.382	0.243	0.167	0.0579
441	0.382	0.243	0.167	0.0579
442	0.382	0.243	0.167	0.0579
443	0.382	0.243	0.167	0.0579
444	0.382	0.243	0.167	0.0579
445	0.382	0.243	0.167	0.0579
446	0.381	0.243	0.167	0.058
447	0.381	0.243	0.167	0.0579
448	0.381	0.243	0.167	0.058
449	0.381	0.243	0.167	0.058
450	0.381	0.243	0.167	0.0579
451	0.381	0.243	0.167	0.0579
452	0.381	0.243	0.167	0.0579
453	0.381	0.243	0.167	0.0579
454	0.381	0.243	0.167	0.0578
455	0.381	0.243	0.167	0.0579
456	0.381	0.243	0.167	0.058
457	0.38	0.243	0.167	0.0579
458	0.38	0.243	0.167	0.0579
459	0.38	0.243	0.167	0.0579
460	0.38	0.243	0.167	0.058
461	0.38	0.243	0.166	0.058
462	0.38	0.243	0.166	0.058
463	0.38	0.244	0.166	0.0581
464	0.38	0.243	0.167	0.058
465	0.38	0.243	0.166	0.058
466	0.379	0.243	0.166	0.0581
467	0.379	0.243	0.166	0.0581
468	0.379	0.243	0.167	0.058
469	0.379	0.243	0.166	0.058
470	0.379	0.243	0.166	0.058
471	0.379	0.243	0.166	0.0581
472	0.379	0.243	0.166	0.0581
473	0.379	0.243	0.166	0.0581
474	0.379	0.243	0.166	0.0581
475	0.379	0.243	0.166	0.0581
476	0.379	0.243	0.166	0.0581
477	0.378	0.243	0.166	0.0581
478	0.378	0.243	0.166	0.0581
479	0.378	0.243	0.166	0.0582
480	0.378	0.243	0.166	0.0581
481	0.378	0.243	0.166	0.0581
482	0.378	0.243	0.166	0.0582
483	0.378	0.243	0.166	0.0581
484	0.378	0.243	0.166	0.0581
485	0.378	0.243	0.166	0.0581
486	0.378	0.243	0.166	0.0581
487	0.377	0.243	0.166	0.0581
488	0.377	0.243	0.166	0.0582
489	0.377	0.243	0.166	0.0581
490	0.377	0.243	0.166	0.0581
491	0.377	0.243	0.166	0.0582
492	0.377	0.243	0.166	0.0582
493	0.377	0.243	0.166	0.0582
494	0.377	0.243	0.166	0.0582
495	0.377	0.243	0.166	0.0582
496	0.377	0.243	0.166	0.0582
497	0.377	0.243	0.166	0.0583
498	0.376	0.243	0.166	0.0582
499	0.376	0.243	0.166	0.0582
500	0.376	0.243	0.166	0.0583
501	0.376	0.243	0.166	0.0583
502	0.376	0.243	0.166	0.0583
503	0.376	0.243	0.165	0.0583
504	0.376	0.243	0.166	0.0582
505	0.376	0.243	0.165	0.0583
506	0.376	0.243	0.165	0.0583
507	0.376	0.243	0.165	0.0583
508	0.376	0.243	0.165	0.0583
509	0.375	0.243	0.165	0.0584
510	0.375	0.243	0.165	0.0584
511	0.375	0.243	0.165	0.0584
512	0.375	0.243	0.165	0.0584
513	0.375	0.243	0.165	0.0583
514	0.375	0.243	0.165	0.0583
515	0.375	0.243	0.165	0.0583
516	0.375	0.243	0.165	0.0584
517	0.374	0.243	0.165	0.0583
518	0.374	0.243	0.165	0.0584
519	0.374	0.243	0.165	0.0584
520	0.374	0.243	0.165	0.0583
521	0.374	0.243	0.165	0.0583
522	0.374	0.243	0.165	0.0583
523	0.373	0.243	0.165	0.0584
524	0.373	0.243	0.165	0.0584
525	0.373	0.243	0.165	0.0584
526	0.374	0.243	0.165	0.0584
527	0.373	0.243	0.165	0.0584
528	0.373	0.243	0.165	0.0584
529	0.373	0.243	0.165	0.0584
530	0.373	0.243	0.165	0.0584
531	0.373	0.243	0.165	0.0585
532	0.373	0.243	0.165	0.0585
533	0.372	0.243	0.165	0.0585
534	0.372	0.243	0.165	0.0584
535	0.372	0.243	0.165	0.0584
536	0.372	0.243	0.165	0.0584
537	0.372	0.243	0.165	0.0584
538	0.372	0.243	0.165	0.0584
539	0.371	0.243	0.165	0.0585
540	0.372	0.243	0.164	0.0585
541	0.371	0.243	0.165	0.0585
542	0.371	0.243	0.164	0.0585
543	0.371	0.243	0.164	0.0585
544	0.371	0.243	0.164	0.0585
545	0.371	0.243	0.164	0.0585
546	0.371	0.243	0.164	0.0584
547	0.371	0.243	0.164	0.0584
548	0.371	0.243	0.164	0.0585
549	0.371	0.243	0.164	0.0584
550	0.371	0.243	0.164	0.0585
551	0.37	0.243	0.164	0.0585
552	0.37	0.243	0.164	0.0584
553	0.37	0.243	0.164	0.0584
554	0.37	0.243	0.164	0.0584
555	0.37	0.243	0.164	0.0584
556	0.37	0.243	0.164	0.0584
557	0.37	0.243	0.164	0.0584
558	0.37	0.243	0.164	0.0584
559	0.37	0.243	0.164	0.0584
560	0.37	0.243	0.164	0.0584
561	0.37	0.243	0.164	0.0584
562	0.37	0.243	0.164	0.0584
563	0.37	0.243	0.164	0.0585
564	0.37	0.243	0.164	0.0584
565	0.37	0.243	0.164	0.0585
566	0.369	0.243	0.164	0.0584
567	0.369	0.242	0.164	0.0583
568	0.369	0.243	0.164	0.0585
569	0.369	0.243	0.164	0.0584
570	0.369	0.243	0.164	0.0584
571	0.369	0.243	0.164	0.0584
572	0.369	0.243	0.164	0.0585
573	0.369	0.243	0.164	0.0584
574	0.369	0.243	0.164	0.0584
575	0.369	0.243	0.164	0.0585
576	0.369	0.242	0.164	0.0584
577	0.368	0.243	0.164	0.0585
578	0.368	0.243	0.164	0.0585
579	0.368	0.242	0.164	0.0585
580	0.368	0.243	0.164	0.0585
581	0.368	0.242	0.164	0.0585
582	0.368	0.242	0.164	0.0584
583	0.368	0.243	0.164	0.0584
584	0.368	0.243	0.164	0.0584
585	0.368	0.243	0.164	0.0584
586	0.368	0.243	0.163	0.0585
587	0.368	0.243	0.163	0.0585
588	0.368	0.243	0.163	0.0585
589	0.367	0.243	0.163	0.0586
590	0.367	0.243	0.163	0.0586
591	0.367	0.243	0.163	0.0585
592	0.367	0.243	0.163	0.0586
593	0.367	0.243	0.163	0.0586
594	0.367	0.243	0.163	0.0586
595	0.367	0.243	0.163	0.0586
596	0.367	0.243	0.163	0.0587
597	0.367	0.243	0.163	0.0586
598	0.367	0.243	0.163	0.0586
599	0.367	0.243	0.163	0.0586
600	0.366	0.243	0.163	0.0585
601	0.366	0.243	0.163	0.0586
602	0.366	0.243	0.163	0.0585
603	0.366	0.242	0.163	0.0585
604	0.366	0.243	0.163	0.0586
605	0.366	0.243	0.163	0.0586
606	0.366	0.242	0.163	0.0586
607	0.366	0.243	0.163	0.0586
608	0.366	0.243	0.163	0.0586
609	0.366	0.243	0.163	0.0586
610	0.365	0.243	0.163	0.0587
611	0.365	0.243	0.163	0.0587
612	0.365	0.242	0.163	0.0586
613	0.365	0.242	0.163	0.0586
614	0.365	0.243	0.163	0.0587
615	0.365	0.242	0.163	0.0586
616	0.365	0.243	0.163	0.0587
617	0.365	0.243	0.163	0.0587
618	0.365	0.242	0.163	0.0586
619	0.365	0.243	0.163	0.0587
620	0.364	0.242	0.163	0.0587
621	0.364	0.242	0.163	0.0586
622	0.364	0.242	0.163	0.0586
623	0.364	0.242	0.163	0.0586
624	0.364	0.242	0.163	0.0585
625	0.364	0.242	0.163	0.0586
626	0.364	0.242	0.163	0.0586
627	0.364	0.242	0.163	0.0586
628	0.364	0.242	0.162	0.0587
629	0.364	0.242	0.162	0.0586
630	0.364	0.242	0.163	0.0586
631	0.364	0.242	0.162	0.0587
632	0.363	0.243	0.162	0.0587
633	0.364	0.242	0.162	0.0587
634	0.363	0.243	0.162	0.0587
635	0.363	0.242	0.162	0.0586
636	0.363	0.242	0.162	0.0586
637	0.363	0.242	0.162	0.0587
638	0.363	0.242	0.162	0.0586
639	0.363	0.242	0.162	0.0586
640	0.363	0.242	0.162	0.0586
641	0.363	0.242	0.162	0.0587
642	0.363	0.242	0.162	0.0586
643	0.363	0.242	0.162	0.0586
644	0.363	0.242	0.162	0.0587
645	0.363	0.242	0.162	0.0586
646	0.362	0.242	0.162	0.0587
647	0.363	0.242	0.162	0.0587
648	0.362	0.242	0.162	0.0587
649	0.362	0.242	0.162	0.0587
650	0.362	0.242	0.162	0.0588
651	0.362	0.242	0.162	0.0587
652	0.362	0.242	0.162	0.0587
653	0.362	0.242	0.162	0.0587
654	0.362	0.242	0.162	0.0587
655	0.361	0.242	0.162	0.0587
656	0.361	0.242	0.162	0.0587
657	0.362	0.242	0.162	0.0587
658	0.362	0.242	0.162	0.0587
659	0.361	0.242	0.162	0.0588
660	0.361	0.242	0.162	0.0587
661	0.361	0.242	0.162	0.0587
662	0.361	0.242	0.162	0.0587
663	0.361	0.242	0.162	0.0587
664	0.361	0.242	0.162	0.0588
665	0.361	0.242	0.162	0.0588
666	0.361	0.242	0.162	0.0587
667	0.361	0.242	0.162	0.0588
668	0.361	0.242	0.162	0.0587
669	0.361	0.242	0.162	0.0587
670	0.361	0.242	0.162	0.0588
671	0.361	0.242	0.162	0.0588
672	0.36	0.242	0.162	0.0587
673	0.36	0.242	0.162	0.0588
674	0.36	0.242	0.162	0.0588
675	0.36	0.242	0.162	0.0587
676	0.36	0.242	0.162	0.0588
677	0.36	0.242	0.162	0.0588
678	0.361	0.242	0.162	0.0588
679	0.361	0.242	0.162	0.0588
680	0.36	0.242	0.162	0.0588
681	0.36	0.242	0.161	0.0588
682	0.36	0.242	0.162	0.0588
683	0.36	0.242	0.162	0.0588
684	0.36	0.242	0.161	0.0588
685	0.36	0.242	0.162	0.0588
686	0.36	0.242	0.162	0.0588
687	0.36	0.242	0.161	0.0588
688	0.36	0.242	0.162	0.0588
689	0.36	0.242	0.161	0.0588
690	0.36	0.242	0.161	0.0588
691	0.36	0.242	0.161	0.0588
692	0.359	0.242	0.161	0.0589
693	0.359	0.242	0.161	0.0588
694	0.359	0.242	0.161	0.0588
695	0.359	0.242	0.161	0.0588
696	0.359	0.242	0.161	0.0587
697	0.359	0.242	0.161	0.0587
698	0.359	0.242	0.161	0.0588
699	0.358	0.242	0.161	0.0588
700	0.359	0.242	0.161	0.0587
701	0.359	0.242	0.161	0.0587
702	0.358	0.242	0.161	0.0587
703	0.358	0.242	0.161	0.0587
704	0.358	0.242	0.161	0.0587
705	0.358	0.242	0.161	0.0587
706	0.358	0.242	0.161	0.0587
707	0.358	0.242	0.161	0.0586
708	0.358	0.242	0.161	0.0587
709	0.358	0.242	0.161	0.0588
710	0.358	0.242	0.161	0.0587
711	0.358	0.242	0.161	0.0587
712	0.358	0.242	0.161	0.0588
713	0.358	0.242	0.161	0.0588
714	0.358	0.242	0.161	0.0588
715	0.358	0.242	0.161	0.0588
716	0.357	0.241	0.161	0.0588
717	0.357	0.241	0.161	0.0587
718	0.357	0.242	0.161	0.0588
719	0.358	0.242	0.161	0.0587
720	0.357	0.241	0.161	0.0587
721	0.357	0.241	0.161	0.0587
722	0.357	0.241	0.161	0.0587
723	0.357	0.241	0.161	0.0587
724	0.357	0.241	0.161	0.0587
725	0.357	0.241	0.161	0.0587
726	0.357	0.241	0.161	0.0587
727	0.357	0.241	0.161	0.0587
728	0.357	0.241	0.161	0.0587
729	0.356	0.241	0.161	0.0587
730	0.356	0.241	0.161	0.0587
731	0.356	0.242	0.161	0.0588
732	0.356	0.241	0.161	0.0587
733	0.356	0.241	0.161	0.0587
734	0.357	0.241	0.161	0.0587
735	0.356	0.241	0.161	0.0587
736	0.356	0.241	0.161	0.0587
737	0.356	0.241	0.161	0.0587
738	0.356	0.241	0.161	0.0587
739	0.356	0.241	0.161	0.0588
740	0.356	0.241	0.161	0.0587
741	0.356	0.241	0.161	0.0588
742	0.356	0.241	0.161	0.0587
743	0.356	0.242	0.16	0.0588
744	0.356	0.241	0.16	0.0588
745	0.356	0.241	0.16	0.0588
746	0.356	0.241	0.16	0.0588
747	0.356	0.241	0.16	0.0588
748	0.356	0.242	0.16	0.0589
749	0.355	0.241	0.16	0.0589
750	0.355	0.241	0.16	0.0588
751	0.355	0.241	0.16	0.0588
752	0.355	0.241	0.16	0.0589
753	0.355	0.241	0.16	0.0588
754	0.355	0.241	0.16	0.0588
755	0.355	0.241	0.16	0.0588
756	0.355	0.241	0.16	0.0588
757	0.355	0.241	0.16	0.0589
758	0.355	0.241	0.16	0.0588
759	0.355	0.241	0.16	0.0588
760	0.355	0.241	0.16	0.0589
761	0.355	0.241	0.16	0.0589
762	0.354	0.241	0.16	0.0589
763	0.354	0.241	0.16	0.0589
764	0.354	0.241	0.16	0.0589
765	0.354	0.241	0.16	0.059
766	0.354	0.241	0.16	0.0589
767	0.354	0.241	0.16	0.0589
768	0.354	0.241	0.16	0.0589
769	0.354	0.241	0.16	0.0589
770	0.354	0.241	0.16	0.0589
771	0.354	0.241	0.16	0.0589
772	0.354	0.241	0.16	0.0589
773	0.354	0.241	0.16	0.0589
774	0.354	0.241	0.16	0.0589
775	0.353	0.241	0.16	0.0589
776	0.353	0.241	0.16	0.0589
777	0.353	0.241	0.16	0.059
778	0.353	0.241	0.16	0.0589
779	0.353	0.241	0.16	0.0589
780	0.353	0.241	0.16	0.0589
781	0.353	0.241	0.16	0.0589
782	0.353	0.241	0.16	0.0589
783	0.353	0.241	0.16	0.0588
784	0.353	0.241	0.16	0.0589
785	0.353	0.241	0.16	0.0589
786	0.353	0.241	0.16	0.0589
787	0.353	0.241	0.16	0.059
788	0.353	0.241	0.16	0.0589
789	0.353	0.241	0.16	0.0589
790	0.353	0.241	0.16	0.0589
791	0.353	0.241	0.16	0.0589
792	0.352	0.241	0.16	0.0589
793	0.352	0.241	0.16	0.0589
794	0.352	0.241	0.16	0.0589
795	0.352	0.241	0.159	0.059
796	0.352	0.241	0.159	0.059
797	0.352	0.241	0.159	0.059
798	0.352	0.241	0.159	0.059
799	0.352	0.241	0.159	0.059
800	0.352	0.241	0.159	0.059
801	0.352	0.241	0.159	0.059
802	0.352	0.241	0.159	0.0591
803	0.352	0.241	0.159	0.059
804	0.352	0.241	0.159	0.059
805	0.352	0.241	0.159	0.0591
806	0.352	0.241	0.16	0.0589
807	0.352	0.241	0.16	0.0589
808	0.352	0.241	0.159	0.059
809	0.352	0.241	0.159	0.059
810	0.352	0.241	0.159	0.059
811	0.352	0.241	0.159	0.059
812	0.351	0.241	0.159	0.059
813	0.351	0.241	0.159	0.0591
814	0.351	0.241	0.159	0.059
815	0.351	0.241	0.159	0.059
816	0.351	0.241	0.159	0.059
817	0.351	0.241	0.159	0.0591
818	0.351	0.241	0.159	0.059
819	0.351	0.241	0.159	0.0591
820	0.351	0.241	0.159	0.0591
821	0.351	0.241	0.159	0.059
822	0.351	0.241	0.159	0.0591
823	0.351	0.241	0.159	0.0591
824	0.351	0.241	0.159	0.0591
825	0.351	0.241	0.159	0.0591
826	0.351	0.241	0.159	0.0591
827	0.351	0.241	0.159	0.059
828	0.351	0.241	0.159	0.0591
829	0.351	0.241	0.159	0.0591
830	0.351	0.241	0.159	0.0591
831	0.351	0.241	0.159	0.0591
832	0.35	0.241	0.159	0.0591
833	0.35	0.241	0.159	0.0591
834	0.35	0.241	0.159	0.059
835	0.35	0.241	0.159	0.0591
836	0.35	0.241	0.159	0.059
837	0.35	0.241	0.159	0.0591
838	0.35	0.241	0.159	0.059
839	0.35	0.241	0.159	0.059
840	0.35	0.241	0.159	0.0591
841	0.35	0.241	0.159	0.0591
842	0.35	0.241	0.159	0.059
843	0.35	0.241	0.159	0.059
844	0.35	0.241	0.159	0.0591
845	0.35	0.24	0.159	0.0591
846	0.35	0.24	0.159	0.059
847	0.35	0.241	0.159	0.0591
848	0.349	0.241	0.159	0.0591
849	0.349	0.24	0.159	0.0591
850	0.349	0.241	0.159	0.0591
851	0.349	0.24	0.159	0.059
852	0.349	0.241	0.159	0.0591
853	0.349	0.241	0.159	0.0591
854	0.349	0.241	0.159	0.059
855	0.349	0.24	0.159	0.0591
856	0.349	0.241	0.159	0.0591
857	0.349	0.24	0.159	0.0591
858	0.349	0.24	0.159	0.0591
859	0.349	0.24	0.159	0.0591
860	0.349	0.24	0.159	0.0591
861	0.349	0.24	0.159	0.0591
862	0.348	0.24	0.159	0.0591
863	0.348	0.24	0.159	0.0591
864	0.348	0.241	0.159	0.0592
865	0.348	0.241	0.159	0.0591
866	0.348	0.24	0.159	0.059
867	0.348	0.24	0.159	0.059
868	0.348	0.24	0.159	0.0591
869	0.348	0.24	0.159	0.0591
870	0.348	0.24	0.159	0.0591
871	0.348	0.24	0.159	0.0591
872	0.348	0.24	0.159	0.059
873	0.348	0.24	0.159	0.059
874	0.348	0.24	0.158	0.0591
875	0.348	0.24	0.159	0.059
876	0.348	0.24	0.159	0.0591
877	0.348	0.241	0.158	0.0592
878	0.348	0.24	0.158	0.0591
879	0.348	0.24	0.158	0.0591
880	0.348	0.241	0.158	0.0592
881	0.348	0.241	0.158	0.0591
882	0.348	0.24	0.158	0.0591
883	0.348	0.24	0.158	0.0592
884	0.348	0.24	0.158	0.0591
885	0.347	0.24	0.158	0.0592
886	0.347	0.24	0.158	0.0592
887	0.348	0.24	0.158	0.0591
888	0.347	0.241	0.158	0.0591
889	0.347	0.24	0.158	0.0591
890	0.347	0.24	0.158	0.0591
891	0.347	0.24	0.158	0.0591
892	0.347	0.24	0.158	0.0592
893	0.347	0.24	0.158	0.0591
894	0.347	0.24	0.158	0.0591
895	0.347	0.24	0.158	0.0592
896	0.347	0.24	0.158	0.0591
897	0.346	0.24	0.158	0.0592
898	0.347	0.24	0.158	0.0591
899	0.347	0.24	0.158	0.0591
900	0.346	0.24	0.158	0.0592
901	0.347	0.24	0.158	0.0592
902	0.346	0.24	0.158	0.0591
903	0.347	0.24	0.158	0.0591
904	0.346	0.24	0.158	0.0592
905	0.346	0.24	0.158	0.0592
906	0.346	0.24	0.158	0.0593
907	0.346	0.24	0.158	0.0593
908	0.346	0.24	0.158	0.0592
909	0.346	0.24	0.158	0.0592
910	0.346	0.24	0.158	0.0591
911	0.346	0.24	0.158	0.0591
912	0.346	0.24	0.158	0.0591
913	0.346	0.24	0.158	0.0592
914	0.346	0.24	0.158	0.0592
915	0.346	0.24	0.158	0.0591
916	0.345	0.24	0.158	0.0592
917	0.346	0.24	0.158	0.0591
918	0.345	0.24	0.158	0.0591
919	0.345	0.24	0.158	0.0591
920	0.345	0.24	0.158	0.0591
921	0.345	0.24	0.158	0.0592
922	0.345	0.24	0.158	0.0592
923	0.345	0.24	0.158	0.0591
924	0.345	0.24	0.158	0.0592
925	0.345	0.24	0.158	0.0592
926	0.345	0.24	0.158	0.0591
927	0.345	0.24	0.158	0.0592
928	0.345	0.24	0.158	0.0592
929	0.345	0.24	0.158	0.0592
930	0.345	0.24	0.158	0.0593
931	0.345	0.24	0.158	0.0593
932	0.345	0.24	0.158	0.0591
933	0.345	0.24	0.158	0.0592
934	0.345	0.24	0.158	0.0592
935	0.345	0.24	0.158	0.0592
936	0.345	0.24	0.158	0.0592
937	0.344	0.24	0.158	0.0593
938	0.345	0.24	0.158	0.0592
939	0.344	0.24	0.158	0.0593
940	0.344	0.24	0.158	0.0592
941	0.345	0.24	0.158	0.0592
942	0.344	0.24	0.158	0.0592
943	0.344	0.24	0.158	0.0592
944	0.344	0.24	0.158	0.0592
945	0.344	0.24	0.158	0.0592
946	0.344	0.24	0.158	0.0593
947	0.344	0.24	0.158	0.0592
948	0.344	0.24	0.158	0.0592
949	0.344	0.24	0.158	0.0592
950	0.344	0.24	0.158	0.0592
951	0.344	0.24	0.157	0.0593
952	0.344	0.24	0.157	0.0593
953	0.344	0.24	0.158	0.0592
954	0.344	0.24	0.157	0.0593
955	0.344	0.24	0.157	0.0593
956	0.344	0.239	0.158	0.0592
957	0.343	0.24	0.157	0.0593
958	0.344	0.239	0.158	0.0592
959	0.343	0.239	0.158	0.0592
960	0.343	0.24	0.157	0.0592
961	0.343	0.239	0.157	0.0592
962	0.343	0.239	0.157	0.0592
963	0.343	0.239	0.157	0.0592
964	0.343	0.24	0.157	0.0593
965	0.343	0.239	0.157	0.0592
966	0.343	0.239	0.157	0.0593
967	0.343	0.239	0.157	0.0593
968	0.343	0.239	0.157	0.0592
969	0.343	0.239	0.157	0.0593
970	0.343	0.239	0.157	0.0593
971	0.343	0.239	0.157	0.0592
972	0.343	0.239	0.157	0.0593
973	0.343	0.239	0.157	0.0593
974	0.343	0.239	0.157	0.0593
975	0.344	0.238	0.158	0.0588
976	0.345	0.237	0.159	0.0585
977	0.345	0.237	0.159	0.0585
978	0.345	0.237	0.159	0.0586
979	0.345	0.237	0.159	0.0586
980	0.345	0.237	0.159	0.0586
981	0.345	0.237	0.159	0.0587
982	0.345	0.237	0.159	0.0587
983	0.345	0.237	0.159	0.0586
984	0.345	0.237	0.159	0.0587
985	0.344	0.237	0.159	0.0587
986	0.345	0.237	0.159	0.0586
987	0.344	0.237	0.159	0.0587
988	0.344	0.237	0.159	0.0587
989	0.344	0.237	0.159	0.0587
990	0.344	0.237	0.159	0.0587
991	0.344	0.237	0.159	0.0587
992	0.344	0.237	0.159	0.0587
993	0.344	0.237	0.159	0.0587
994	0.344	0.237	0.159	0.0587
995	0.344	0.237	0.159	0.0587
996	0.344	0.237	0.159	0.0588
997	0.344	0.237	0.159	0.0588
998	0.344	0.237	0.159	0.0587
999	0.344	0.237	0.159	0.0588
1000	0.344	0.237	0.159	0.0588
1001	0.344	0.237	0.159	0.0587
1002	0.344	0.237	0.159	0.0588
1003	0.344	0.237	0.159	0.0588
1004	0.344	0.237	0.159	0.0588
1005	0.344	0.237	0.159	0.0588
1006	0.344	0.237	0.159	0.0588
1007	0.344	0.237	0.159	0.0588
1008	0.343	0.237	0.159	0.0588
1009	0.343	0.237	0.159	0.0589
1010	0.343	0.237	0.159	0.0588
1011	0.343	0.237	0.159	0.0588
1012	0.343	0.237	0.158	0.0589
1013	0.343	0.237	0.159	0.0588
1014	0.343	0.237	0.158	0.0588
1015	0.343	0.237	0.158	0.0588
1016	0.343	0.237	0.159	0.0587
1017	0.343	0.237	0.158	0.0588
1018	0.343	0.237	0.158	0.0588
1019	0.343	0.237	0.159	0.0587
1020	0.343	0.237	0.158	0.0588
1021	0.343	0.237	0.158	0.0588
1022	0.343	0.237	0.158	0.0588
1023	0.343	0.237	0.158	0.0589
1024	0.343	0.237	0.158	0.0588
1025	0.343	0.237	0.158	0.0588
1026	0.343	0.237	0.158	0.0588
1027	0.343	0.237	0.158	0.0588
1028	0.342	0.237	0.158	0.0589
1029	0.342	0.237	0.158	0.0589
1030	0.342	0.237	0.158	0.059
1031	0.342	0.237	0.158	0.0589
1032	0.342	0.237	0.158	0.0589
1033	0.342	0.237	0.158	0.0589
1034	0.342	0.237	0.158	0.0589
1035	0.342	0.237	0.158	0.0588
1036	0.342	0.237	0.158	0.0589
1037	0.342	0.237	0.158	0.0588
1038	0.342	0.237	0.158	0.0589
1039	0.342	0.237	0.158	0.0589
1040	0.342	0.237	0.158	0.0589
1041	0.342	0.237	0.158	0.0589
1042	0.342	0.237	0.158	0.0589
1043	0.342	0.237	0.158	0.0589
1044	0.342	0.237	0.158	0.0589
1045	0.341	0.237	0.158	0.0589
1046	0.341	0.237	0.158	0.0589
1047	0.341	0.237	0.158	0.0589
1048	0.341	0.237	0.158	0.0589
1049	0.341	0.237	0.158	0.0589
1050	0.341	0.237	0.158	0.0589
1051	0.341	0.237	0.158	0.0589
1052	0.341	0.237	0.158	0.0589
1053	0.341	0.237	0.158	0.0589
1054	0.341	0.237	0.158	0.0589
1055	0.341	0.237	0.158	0.0589
1056	0.341	0.237	0.158	0.0589
1057	0.341	0.237	0.158	0.0589
1058	0.341	0.237	0.158	0.0589
1059	0.341	0.237	0.158	0.0589
1060	0.341	0.237	0.158	0.0589
1061	0.341	0.237	0.158	0.0589
1062	0.341	0.237	0.158	0.0589
1063	0.341	0.237	0.158	0.0589
1064	0.341	0.237	0.158	0.059
1065	0.341	0.237	0.158	0.059
1066	0.341	0.237	0.158	0.0589
1067	0.34	0.237	0.158	0.059
1068	0.34	0.237	0.158	0.059
1069	0.34	0.237	0.158	0.059
1070	0.34	0.237	0.158	0.059
1071	0.34	0.237	0.158	0.059
1072	0.34	0.237	0.158	0.0589
1073	0.34	0.237	0.158	0.059
1074	0.34	0.237	0.158	0.059
1075	0.34	0.237	0.158	0.059
1076	0.34	0.237	0.158	0.059
1077	0.34	0.237	0.158	0.0589
1078	0.34	0.237	0.158	0.059
1079	0.34	0.237	0.158	0.059
1080	0.34	0.237	0.158	0.059
1081	0.34	0.237	0.157	0.059
1082	0.34	0.237	0.157	0.059
1083	0.34	0.237	0.157	0.059
1084	0.34	0.237	0.158	0.059
1085	0.34	0.237	0.157	0.0591
1086	0.34	0.237	0.157	0.059
1087	0.34	0.237	0.157	0.059
1088	0.339	0.237	0.157	0.059
1089	0.339	0.237	0.157	0.059
1090	0.339	0.237	0.157	0.059
1091	0.339	0.237	0.157	0.059
1092	0.339	0.237	0.157	0.0589
1093	0.339	0.237	0.157	0.059
1094	0.339	0.236	0.157	0.059
1095	0.339	0.236	0.157	0.059
1096	0.339	0.237	0.157	0.059
1097	0.339	0.236	0.157	0.059
1098	0.339	0.236	0.157	0.0589
1099	0.339	0.236	0.157	0.0589
1100	0.339	0.236	0.157	0.0589
1101	0.339	0.236	0.157	0.059
1102	0.339	0.236	0.157	0.059
1103	0.338	0.236	0.157	0.059
1104	0.339	0.236	0.157	0.059
1105	0.339	0.236	0.157	0.059
1106	0.339	0.236	0.157	0.059
1107	0.339	0.236	0.157	0.059
1108	0.339	0.237	0.157	0.059
1109	0.339	0.237	0.157	0.059
1110	0.339	0.237	0.157	0.059
1111	0.338	0.236	0.157	0.059
1112	0.338	0.236	0.157	0.059
1113	0.338	0.236	0.157	0.059
1114	0.338	0.236	0.157	0.059
1115	0.338	0.236	0.157	0.059
1116	0.338	0.236	0.157	0.059
1117	0.338	0.236	0.157	0.059
1118	0.338	0.236	0.157	0.0591
1119	0.338	0.236	0.157	0.059
1120	0.338	0.236	0.157	0.059
1121	0.338	0.236	0.157	0.059
1122	0.338	0.236	0.157	0.059
1123	0.338	0.236	0.157	0.059
1124	0.338	0.236	0.157	0.059
1125	0.338	0.236	0.157	0.059
1126	0.338	0.236	0.157	0.059
1127	0.338	0.236	0.157	0.059
1128	0.337	0.236	0.157	0.059
1129	0.337	0.236	0.157	0.059
1130	0.337	0.236	0.157	0.059
1131	0.337	0.236	0.157	0.059
1132	0.337	0.236	0.157	0.059
1133	0.337	0.236	0.157	0.0589
1134	0.337	0.236	0.157	0.059
1135	0.337	0.236	0.157	0.059
1136	0.338	0.235	0.158	0.0586
1137	0.34	0.233	0.159	0.0582
1138	0.339	0.233	0.159	0.0582
1139	0.339	0.233	0.159	0.0582
1140	0.339	0.233	0.159	0.0583
1141	0.339	0.233	0.159	0.0582
1142	0.339	0.233	0.159	0.0583
1143	0.339	0.233	0.159	0.0583
1144	0.339	0.234	0.159	0.0583
1145	0.339	0.234	0.159	0.0583
1146	0.339	0.233	0.159	0.0583
1147	0.339	0.234	0.159	0.0584
1148	0.339	0.234	0.159	0.0584
1149	0.339	0.234	0.159	0.0584
1150	0.339	0.234	0.159	0.0584
1151	0.339	0.234	0.159	0.0584
1152	0.339	0.234	0.159	0.0584
1153	0.339	0.234	0.159	0.0584
1154	0.339	0.234	0.159	0.0584
1155	0.339	0.234	0.159	0.0584
1156	0.339	0.234	0.159	0.0585
1157	0.339	0.234	0.159	0.0585
1158	0.339	0.233	0.159	0.0584
1159	0.339	0.234	0.159	0.0584
1160	0.339	0.234	0.159	0.0585
1161	0.339	0.234	0.159	0.0585
1162	0.339	0.234	0.159	0.0585
1163	0.339	0.234	0.159	0.0585
1164	0.339	0.234	0.159	0.0585
1165	0.338	0.234	0.159	0.0585
1166	0.338	0.234	0.158	0.0585
1167	0.339	0.234	0.158	0.0585
1168	0.338	0.234	0.158	0.0585
1169	0.338	0.234	0.158	0.0586
1170	0.338	0.234	0.158	0.0586
1171	0.338	0.234	0.158	0.0586
1172	0.338	0.234	0.158	0.0586
1173	0.338	0.234	0.158	0.0586
1174	0.338	0.234	0.158	0.0586
1175	0.338	0.234	0.158	0.0586
1176	0.338	0.234	0.158	0.0586
1177	0.338	0.234	0.158	0.0586
1178	0.338	0.234	0.158	0.0586
1179	0.338	0.234	0.158	0.0586
1180	0.338	0.234	0.158	0.0586
1181	0.338	0.234	0.158	0.0585
1182	0.338	0.233	0.158	0.0586
1183	0.338	0.234	0.158	0.0586
1184	0.338	0.233	0.158	0.0586
1185	0.338	0.234	0.158	0.0586
1186	0.338	0.234	0.158	0.0586
1187	0.337	0.234	0.158	0.0586
1188	0.337	0.234	0.158	0.0586
1189	0.337	0.234	0.158	0.0587
1190	0.337	0.233	0.158	0.0586
1191	0.337	0.234	0.158	0.0587
1192	0.337	0.234	0.158	0.0587
1193	0.337	0.233	0.158	0.0586
1194	0.337	0.234	0.158	0.0587
1195	0.337	0.234	0.158	0.0587
1196	0.337	0.233	0.158	0.0586
1197	0.337	0.233	0.158	0.0587
1198	0.337	0.233	0.158	0.0587
1199	0.337	0.233	0.158	0.0586
1200	0.337	0.233	0.158	0.0586
1201	0.337	0.233	0.158	0.0586
1202	0.337	0.233	0.158	0.0586
1203	0.337	0.233	0.158	0.0586
1204	0.336	0.233	0.158	0.0587
1205	0.337	0.233	0.158	0.0586
1206	0.336	0.233	0.158	0.0587
1207	0.336	0.234	0.158	0.0587
1208	0.336	0.233	0.158	0.0587
1209	0.336	0.234	0.158	0.0587
1210	0.336	0.234	0.158	0.0587
1211	0.336	0.233	0.158	0.0586
1212	0.336	0.233	0.158	0.0586
1213	0.336	0.233	0.158	0.0587
1214	0.336	0.233	0.158	0.0587
1215	0.336	0.233	0.158	0.0587
1216	0.336	0.234	0.158	0.0587
1217	0.336	0.233	0.158	0.0587
1218	0.336	0.234	0.158	0.0587
1219	0.336	0.234	0.158	0.0587
1220	0.336	0.233	0.158	0.0586
1221	0.336	0.233	0.158	0.0587
1222	0.336	0.233	0.158	0.0587
1223	0.336	0.234	0.158	0.0587
1224	0.336	0.234	0.158	0.0587
1225	0.336	0.234	0.158	0.0587
1226	0.336	0.234	0.158	0.0587
1227	0.336	0.234	0.158	0.0587
1228	0.336	0.233	0.158	0.0587
1229	0.336	0.233	0.158	0.0587
1230	0.336	0.234	0.158	0.0587
1231	0.336	0.234	0.158	0.0587
1232	0.336	0.233	0.158	0.0586
1233	0.335	0.233	0.158	0.0587
1234	0.335	0.234	0.158	0.0587
1235	0.335	0.233	0.158	0.0587
1236	0.335	0.233	0.158	0.0588
1237	0.335	0.234	0.157	0.0588
1238	0.335	0.233	0.158	0.0587
1239	0.335	0.234	0.157	0.0588
1240	0.335	0.233	0.157	0.0587
1241	0.335	0.233	0.157	0.0587
1242	0.335	0.233	0.157	0.0587
1243	0.335	0.233	0.157	0.0587
1244	0.335	0.233	0.157	0.0587
1245	0.335	0.234	0.157	0.0587
1246	0.335	0.234	0.157	0.0588
1247	0.335	0.233	0.157	0.0587
1248	0.335	0.234	0.157	0.0588
1249	0.335	0.233	0.157	0.0588
1250	0.335	0.233	0.157	0.0588
1251	0.335	0.233	0.157	0.0588
1252	0.335	0.233	0.157	0.0588
1253	0.335	0.233	0.157	0.0587
1254	0.335	0.233	0.157	0.0587
1255	0.335	0.233	0.157	0.0588
1256	0.334	0.233	0.157	0.0587
1257	0.334	0.233	0.157	0.0588
1258	0.334	0.233	0.157	0.0587
1259	0.334	0.233	0.157	0.0587
1260	0.334	0.233	0.157	0.0587
1261	0.334	0.233	0.157	0.0587
1262	0.334	0.233	0.157	0.0587
1263	0.334	0.233	0.157	0.0587
1264	0.334	0.233	0.157	0.0588
1265	0.334	0.233	0.157	0.0588
1266	0.334	0.233	0.157	0.0587
1267	0.334	0.233	0.157	0.0588
1268	0.334	0.233	0.157	0.0588
1269	0.334	0.233	0.157	0.0589
1270	0.334	0.233	0.157	0.0588
1271	0.334	0.233	0.157	0.0588
1272	0.335	0.232	0.158	0.0584
1273	0.336	0.23	0.159	0.058
1274	0.336	0.23	0.159	0.058
1275	0.336	0.231	0.159	0.0581
1276	0.336	0.231	0.159	0.0581
1277	0.336	0.23	0.159	0.0581
1278	0.336	0.231	0.159	0.0581
1279	0.336	0.231	0.159	0.0581
1280	0.336	0.231	0.159	0.0581
1281	0.336	0.231	0.159	0.0582
1282	0.336	0.231	0.159	0.0582
1283	0.336	0.231	0.159	0.0581
1284	0.336	0.231	0.159	0.0582
1285	0.336	0.231	0.159	0.0582
1286	0.336	0.231	0.159	0.0582
1287	0.336	0.231	0.159	0.0582
1288	0.335	0.231	0.159	0.0583
1289	0.336	0.231	0.159	0.0582
1290	0.335	0.231	0.159	0.0583
1291	0.335	0.231	0.159	0.0583
1292	0.335	0.231	0.159	0.0582
1293	0.335	0.231	0.159	0.0583
1294	0.335	0.231	0.159	0.0583
1295	0.335	0.231	0.159	0.0583
1296	0.335	0.231	0.159	0.0583
1297	0.335	0.231	0.159	0.0583
1298	0.335	0.231	0.159	0.0582
1299	0.335	0.231	0.159	0.0583
1300	0.335	0.231	0.159	0.0583
1301	0.335	0.231	0.159	0.0583
1302	0.335	0.231	0.159	0.0583
1303	0.335	0.231	0.159	0.0583
1304	0.335	0.231	0.159	0.0583
1305	0.335	0.231	0.159	0.0583
1306	0.335	0.231	0.159	0.0584
1307	0.335	0.231	0.159	0.0583
1308	0.335	0.231	0.159	0.0583
1309	0.335	0.231	0.159	0.0584
1310	0.335	0.231	0.159	0.0583
1311	0.335	0.231	0.159	0.0583
1312	0.335	0.231	0.158	0.0584
1313	0.335	0.231	0.159	0.0583
1314	0.334	0.231	0.158	0.0584
1315	0.335	0.231	0.158	0.0583
1316	0.335	0.231	0.158	0.0583
1317	0.334	0.231	0.158	0.0584
1318	0.334	0.231	0.158	0.0584
1319	0.335	0.231	0.158	0.0583
1320	0.334	0.231	0.158	0.0584
1321	0.334	0.231	0.158	0.0584
1322	0.334	0.231	0.158	0.0583
1323	0.334	0.231	0.158	0.0584
1324	0.334	0.231	0.158	0.0584
1325	0.334	0.231	0.158	0.0584
1326	0.334	0.231	0.158	0.0584
1327	0.334	0.231	0.158	0.0584
1328	0.334	0.231	0.158	0.0583
1329	0.334	0.231	0.158	0.0584
1330	0.334	0.231	0.158	0.0585
1331	0.334	0.231	0.158	0.0584
1332	0.334	0.231	0.158	0.0584
1333	0.334	0.231	0.158	0.0584
1334	0.334	0.231	0.158	0.0584
1335	0.334	0.231	0.158	0.0585
1336	0.334	0.231	0.158	0.0585
1337	0.334	0.231	0.158	0.0584
1338	0.334	0.231	0.158	0.0584
1339	0.334	0.231	0.158	0.0585
1340	0.334	0.231	0.158	0.0584
1341	0.334	0.231	0.158	0.0585
1342	0.333	0.231	0.158	0.0585
1343	0.333	0.231	0.158	0.0585
1344	0.333	0.231	0.158	0.0585
1345	0.333	0.231	0.158	0.0585
1346	0.333	0.231	0.158	0.0584
1347	0.333	0.231	0.158	0.0584
1348	0.333	0.231	0.158	0.0584
1349	0.333	0.231	0.158	0.0584
1350	0.333	0.231	0.158	0.0584
1351	0.333	0.231	0.158	0.0584
1352	0.333	0.231	0.158	0.0584
1353	0.333	0.231	0.158	0.0584
1354	0.333	0.231	0.158	0.0585
1355	0.333	0.231	0.158	0.0584
1356	0.333	0.231	0.158	0.0585
1357	0.333	0.231	0.158	0.0584
1358	0.333	0.231	0.158	0.0584
1359	0.333	0.231	0.158	0.0585
1360	0.333	0.231	0.158	0.0585
1361	0.333	0.231	0.158	0.0585
1362	0.333	0.231	0.158	0.0585
1363	0.333	0.231	0.158	0.0585
1364	0.333	0.231	0.158	0.0585
1365	0.332	0.231	0.158	0.0585
1366	0.332	0.231	0.158	0.0585
1367	0.333	0.231	0.158	0.0585
1368	0.332	0.231	0.158	0.0585
1369	0.332	0.231	0.158	0.0585
1370	0.332	0.231	0.158	0.0584
1371	0.332	0.231	0.158	0.0585
1372	0.332	0.231	0.158	0.0585
1373	0.332	0.231	0.158	0.0585
1374	0.332	0.231	0.158	0.0585
1375	0.332	0.231	0.158	0.0585
1376	0.332	0.23	0.158	0.0585
1377	0.332	0.231	0.158	0.0585
1378	0.332	0.231	0.158	0.0585
1379	0.332	0.231	0.158	0.0585
1380	0.332	0.231	0.158	0.0585
1381	0.332	0.231	0.158	0.0585
1382	0.332	0.23	0.158	0.0585
1383	0.332	0.231	0.158	0.0585
1384	0.332	0.231	0.158	0.0586
1385	0.332	0.23	0.158	0.0585
1386	0.332	0.231	0.158	0.0585
1387	0.332	0.231	0.158	0.0585
1388	0.332	0.23	0.158	0.0585
1389	0.331	0.23	0.158	0.0585
1390	0.331	0.23	0.157	0.0585
1391	0.331	0.23	0.158	0.0585
1392	0.331	0.23	0.157	0.0585
1393	0.331	0.23	0.158	0.0585
1394	0.331	0.23	0.157	0.0585
1395	0.331	0.23	0.157	0.0585
1396	0.331	0.23	0.157	0.0586
1397	0.331	0.23	0.157	0.0585
1398	0.331	0.23	0.157	0.0586
1399	0.331	0.23	0.157	0.0586
1400	0.331	0.23	0.157	0.0586
1401	0.331	0.23	0.157	0.0586
1402	0.331	0.23	0.157	0.0585
1403	0.331	0.23	0.157	0.0585
1404	0.331	0.23	0.157	0.0585
1405	0.331	0.23	0.157	0.0586
1406	0.331	0.23	0.157	0.0585
1407	0.331	0.23	0.157	0.0586
1408	0.331	0.23	0.157	0.0586
1409	0.331	0.23	0.157	0.0585
1410	0.331	0.23	0.157	0.0586
1411	0.331	0.23	0.157	0.0586
1412	0.331	0.23	0.157	0.0585
1413	0.331	0.23	0.157	0.0586
1414	0.33	0.231	0.157	0.0586
1415	0.33	0.231	0.157	0.0586
1416	0.33	0.231	0.157	0.0586
1417	0.33	0.23	0.157	0.0586
1418	0.331	0.23	0.157	0.0586
1419	0.33	0.23	0.157	0.0586
1420	0.33	0.23	0.157	0.0586
1421	0.33	0.23	0.157	0.0586
1422	0.33	0.23	0.157	0.0586
1423	0.33	0.23	0.157	0.0586
1424	0.33	0.23	0.157	0.0586
1425	0.33	0.23	0.157	0.0586
1426	0.33	0.23	0.157	0.0586
1427	0.33	0.23	0.157	0.0586
1428	0.33	0.23	0.157	0.0586
1429	0.33	0.23	0.157	0.0586
1430	0.33	0.23	0.157	0.0587
1431	0.33	0.23	0.157	0.0586
1432	0.33	0.23	0.157	0.0586
1433	0.33	0.23	0.157	0.0586
1434	0.33	0.23	0.157	0.0586
1435	0.33	0.23	0.157	0.0586
1436	0.33	0.23	0.157	0.0586
1437	0.33	0.23	0.157	0.0586
1438	0.33	0.23	0.157	0.0586
1439	0.33	0.23	0.157	0.0587
1440	0.33	0.23	0.157	0.0586
1441	0.33	0.23	0.157	0.0586
1442	0.33	0.23	0.157	0.0586
1443	0.329	0.23	0.157	0.0587
1444	0.329	0.23	0.157	0.0586
1445	0.329	0.23	0.157	0.0587
1446	0.331	0.229	0.158	0.0582
1447	0.332	0.228	0.159	0.0579
1448	0.332	0.228	0.159	0.058
1449	0.332	0.228	0.159	0.058
1450	0.332	0.228	0.159	0.058
1451	0.332	0.228	0.159	0.058
1452	0.332	0.228	0.159	0.058
1453	0.332	0.228	0.159	0.058
1454	0.332	0.228	0.159	0.058
1455	0.332	0.228	0.159	0.0581
1456	0.332	0.228	0.159	0.0581
1457	0.332	0.228	0.159	0.058
1458	0.331	0.228	0.159	0.0581
1459	0.331	0.228	0.159	0.0581
1460	0.331	0.228	0.159	0.0581
1461	0.331	0.228	0.159	0.0581
1462	0.331	0.228	0.159	0.0581
1463	0.331	0.228	0.159	0.0581
1464	0.331	0.228	0.159	0.0581
1465	0.331	0.228	0.159	0.0581
1466	0.331	0.228	0.159	0.0581
1467	0.331	0.228	0.159	0.0581
1468	0.331	0.228	0.159	0.0582
1469	0.331	0.228	0.159	0.0582
1470	0.331	0.228	0.159	0.0582
1471	0.331	0.228	0.158	0.0582
1472	0.331	0.228	0.159	0.0582
1473	0.331	0.228	0.159	0.0582
1474	0.331	0.228	0.158	0.0581
1475	0.331	0.228	0.159	0.0581
1476	0.331	0.228	0.158	0.0581
1477	0.331	0.228	0.158	0.0582
1478	0.331	0.228	0.159	0.0581
1479	0.331	0.228	0.159	0.0581
1480	0.331	0.228	0.158	0.0582
1481	0.331	0.228	0.158	0.0582
1482	0.331	0.228	0.158	0.0582
1483	0.33	0.228	0.158	0.0582
1484	0.33	0.228	0.158	0.0582
1485	0.33	0.228	0.158	0.0582
1486	0.33	0.228	0.158	0.0582
1487	0.33	0.228	0.158	0.0582
1488	0.33	0.228	0.158	0.0582
1489	0.33	0.228	0.158	0.0582
1490	0.33	0.228	0.158	0.0582
1491	0.33	0.228	0.158	0.0582
1492	0.33	0.228	0.158	0.0582
1493	0.33	0.228	0.158	0.0582
1494	0.33	0.228	0.158	0.0582
1495	0.33	0.228	0.158	0.0582
1496	0.33	0.228	0.158	0.0582
1497	0.33	0.228	0.158	0.0582
1498	0.33	0.228	0.158	0.0582
1499	0.33	0.228	0.158	0.0582
1500	0.33	0.228	0.158	0.0582
1501	0.33	0.228	0.158	0.0582
1502	0.33	0.228	0.158	0.0582
1503	0.33	0.228	0.158	0.0583
1504	0.33	0.228	0.158	0.0583
1505	0.33	0.228	0.158	0.0583
1506	0.33	0.228	0.158	0.0583
1507	0.33	0.228	0.158	0.0583
1508	0.33	0.228	0.158	0.0583
1509	0.33	0.228	0.158	0.0583
1510	0.33	0.228	0.158	0.0583
1511	0.329	0.228	0.158	0.0583
1512	0.329	0.228	0.158	0.0583
1513	0.33	0.228	0.158	0.0583
1514	0.329	0.228	0.158	0.0583
1515	0.329	0.228	0.158	0.0583
1516	0.329	0.228	0.158	0.0583
1517	0.329	0.228	0.158	0.0583
1518	0.329	0.228	0.158	0.0583
1519	0.329	0.228	0.158	0.0583
1520	0.329	0.228	0.158	0.0583
1521	0.329	0.228	0.158	0.0583
1522	0.329	0.228	0.158	0.0583
1523	0.329	0.228	0.158	0.0583
1524	0.329	0.227	0.158	0.0583
1525	0.329	0.228	0.158	0.0583
1526	0.329	0.228	0.158	0.0583
1527	0.329	0.228	0.158	0.0583
1528	0.329	0.228	0.158	0.0583
1529	0.329	0.228	0.158	0.0583
1530	0.329	0.228	0.158	0.0583
1531	0.329	0.228	0.158	0.0583
1532	0.329	0.228	0.158	0.0583
1533	0.329	0.228	0.158	0.0584
1534	0.328	0.228	0.158	0.0584
1535	0.328	0.228	0.158	0.0584
1536	0.328	0.228	0.158	0.0584
1537	0.328	0.228	0.158	0.0583
1538	0.328	0.228	0.158	0.0583
1539	0.328	0.227	0.158	0.0583
1540	0.328	0.227	0.158	0.0583
1541	0.328	0.227	0.158	0.0583
1542	0.328	0.227	0.158	0.0583
1543	0.328	0.227	0.158	0.0583
1544	0.328	0.227	0.158	0.0583
1545	0.328	0.227	0.158	0.0583
1546	0.328	0.227	0.158	0.0583
1547	0.328	0.228	0.158	0.0584
1548	0.328	0.227	0.158	0.0583
1549	0.328	0.227	0.158	0.0584
1550	0.328	0.227	0.158	0.0583
1551	0.328	0.227	0.158	0.0583
1552	0.328	0.227	0.158	0.0583
1553	0.328	0.227	0.158	0.0584
1554	0.328	0.227	0.158	0.0584
1555	0.328	0.227	0.158	0.0584
1556	0.328	0.227	0.158	0.0583
1557	0.328	0.227	0.158	0.0583
1558	0.328	0.227	0.158	0.0583
1559	0.328	0.228	0.157	0.0584
1560	0.328	0.227	0.157	0.0583
1561	0.328	0.228	0.157	0.0584
1562	0.328	0.227	0.157	0.0584
1563	0.327	0.227	0.157	0.0584
1564	0.327	0.228	0.157	0.0585
1565	0.327	0.227	0.157	0.0584
1566	0.327	0.227	0.157	0.0584
1567	0.327	0.227	0.157	0.0584
1568	0.327	0.228	0.157	0.0584
1569	0.327	0.228	0.157	0.0584
1570	0.327	0.227	0.157	0.0584
1571	0.327	0.227	0.157	0.0584
1572	0.327	0.227	0.157	0.0584
1573	0.327	0.227	0.157	0.0584
1574	0.327	0.227	0.157	0.0584
1575	0.327	0.227	0.157	0.0584
1576	0.327	0.227	0.157	0.0584
1577	0.327	0.227	0.157	0.0584
1578	0.327	0.227	0.157	0.0583
1579	0.327	0.227	0.157	0.0584
1580	0.327	0.228	0.157	0.0584
1581	0.327	0.227	0.157	0.0584
1582	0.327	0.227	0.157	0.0584
1583	0.327	0.228	0.157	0.0584
1584	0.327	0.227	0.157	0.0584
1585	0.327	0.227	0.157	0.0584
1586	0.327	0.227	0.157	0.0584
1587	0.327	0.227	0.157	0.0584
1588	0.327	0.228	0.157	0.0584
1589	0.327	0.227	0.157	0.0584
1590	0.327	0.227	0.157	0.0584
1591	0.327	0.227	0.157	0.0584
1592	0.327	0.227	0.157	0.0584
1593	0.327	0.227	0.157	0.0584
1594	0.327	0.227	0.157	0.0584
1595	0.326	0.227	0.157	0.0585
