Iteration	ValueMean	ValueStddev	DerivMean	DerivStddev
3	0.515	0.279	0.159	0.0674
4	0.517	0.278	0.163	0.0663
5	0.525	0.271	0.163	0.0612
6	0.533	0.263	0.165	0.0586
7	0.536	0.262	0.164	0.0576
8	0.537	0.262	0.164	0.0577
9	0.537	0.262	0.164	0.0576
10	0.537	0.262	0.164	0.0573
11	0.537	0.261	0.164	0.057
12	0.538	0.261	0.164	0.0567
13	0.537	0.261	0.163	0.0567
14	0.536	0.261	0.163	0.0565
15	0.537	0.26	0.164	0.0564
16	0.536	0.26	0.163	0.0563
17	0.536	0.26	0.163	0.0562
18	0.535	0.26	0.163	0.0561
19	0.536	0.26	0.163	0.0561
20	0.535	0.26	0.163	0.0559
21	0.535	0.26	0.163	0.0557
22	0.534	0.26	0.163	0.0555
23	0.535	0.26	0.163	0.0555
24	0.534	0.26	0.163	0.0555
25	0.534	0.26	0.162	0.0555
26	0.534	0.26	0.162	0.0556
27	0.534	0.26	0.162	0.0554
28	0.533	0.26	0.162	0.0554
29	0.533	0.26	0.162	0.0553
30	0.533	0.259	0.162	0.0552
31	0.533	0.259	0.162	0.055
32	0.532	0.259	0.162	0.055
33	0.532	0.259	0.162	0.055
34	0.532	0.259	0.162	0.0547
35	0.531	0.258	0.163	0.0546
36	0.531	0.258	0.162	0.0545
37	0.53	0.258	0.162	0.0545
38	0.53	0.258	0.162	0.0544
39	0.529	0.258	0.162	0.0542
40	0.529	0.257	0.162	0.0541
41	0.528	0.257	0.162	0.054
42	0.528	0.257	0.162	0.054
43	0.528	0.257	0.162	0.054
44	0.527	0.257	0.162	0.054
45	0.527	0.257	0.162	0.054
46	0.527	0.257	0.162	0.0539
47	0.526	0.256	0.162	0.0538
48	0.526	0.256	0.162	0.0538
49	0.526	0.256	0.162	0.0536
50	0.525	0.256	0.162	0.0536
51	0.525	0.255	0.163	0.0536
52	0.524	0.256	0.162	0.0536
53	0.524	0.256	0.162	0.0537
54	0.524	0.256	0.162	0.0536
55	0.523	0.256	0.163	0.0536
56	0.522	0.256	0.163	0.0536
57	0.522	0.255	0.163	0.0535
58	0.522	0.255	0.163	0.0534
59	0.521	0.255	0.163	0.0534
60	0.52	0.255	0.163	0.0532
61	0.519	0.255	0.163	0.0532
62	0.519	0.254	0.163	0.0531
63	0.518	0.254	0.163	0.0529
64	0.518	0.254	0.163	0.053
65	0.517	0.254	0.163	0.0531
66	0.517	0.254	0.163	0.0529
67	0.516	0.254	0.163	0.0528
68	0.516	0.254	0.163	0.0529
69	0.515	0.254	0.163	0.0528
70	0.514	0.253	0.163	0.0527
71	0.514	0.253	0.163	0.0528
72	0.514	0.254	0.163	0.0529
73	0.514	0.253	0.163	0.0526
74	0.513	0.253	0.163	0.0526
75	0.512	0.253	0.163	0.0526
76	0.512	0.253	0.163	0.0524
77	0.512	0.253	0.163	0.0524
78	0.511	0.253	0.163	0.0526
79	0.511	0.253	0.163	0.0525
80	0.51	0.253	0.163	0.0525
81	0.51	0.253	0.163	0.0523
82	0.509	0.252	0.163	0.0522
83	0.508	0.252	0.163	0.0522
84	0.508	0.252	0.163	0.0522
85	0.507	0.252	0.163	0.0521
86	0.507	0.252	0.163	0.0521
87	0.506	0.252	0.163	0.0521
88	0.505	0.252	0.163	0.0521
89	0.505	0.253	0.163	0.0521
90	0.505	0.252	0.163	0.052
91	0.504	0.252	0.163	0.052
92	0.504	0.253	0.163	0.0521
93	0.503	0.252	0.163	0.052
94	0.502	0.252	0.163	0.0521
95	0.502	0.252	0.163	0.0521
96	0.501	0.253	0.163	0.0522
97	0.501	0.252	0.163	0.0521
98	0.5	0.253	0.162	0.0522
99	0.5	0.252	0.163	0.052
100	0.499	0.252	0.163	0.0519
101	0.499	0.252	0.163	0.0518
102	0.498	0.252	0.163	0.0519
103	0.497	0.252	0.163	0.0518
104	0.497	0.252	0.163	0.0518
105	0.497	0.252	0.163	0.0517
106	0.496	0.252	0.163	0.0518
107	0.496	0.252	0.163	0.0518
108	0.495	0.252	0.163	0.0518
109	0.495	0.252	0.163	0.0518
110	0.494	0.252	0.162	0.0518
111	0.493	0.252	0.162	0.0519
112	0.493	0.252	0.162	0.0518
113	0.492	0.252	0.162	0.0517
114	0.492	0.252	0.162	0.0517
115	0.491	0.251	0.163	0.0515
116	0.491	0.251	0.163	0.0515
117	0.49	0.251	0.163	0.0515
118	0.49	0.251	0.163	0.0514
119	0.49	0.251	0.163	0.0515
120	0.489	0.252	0.162	0.0515
121	0.489	0.251	0.162	0.0514
122	0.488	0.251	0.162	0.0514
123	0.487	0.251	0.162	0.0515
124	0.487	0.251	0.162	0.0515
125	0.487	0.251	0.162	0.0515
126	0.486	0.251	0.162	0.0516
127	0.485	0.251	0.162	0.0515
128	0.485	0.251	0.162	0.0517
129	0.484	0.251	0.162	0.0516
130	0.484	0.251	0.162	0.0516
131	0.483	0.251	0.162	0.0516
132	0.483	0.251	0.162	0.0516
133	0.482	0.251	0.162	0.0515
134	0.482	0.251	0.162	0.0515
135	0.481	0.251	0.162	0.0515
136	0.481	0.251	0.163	0.0514
137	0.481	0.251	0.162	0.0514
138	0.48	0.251	0.162	0.0514
139	0.479	0.251	0.162	0.0515
140	0.479	0.251	0.162	0.0516
141	0.479	0.251	0.162	0.0516
142	0.478	0.251	0.162	0.0516
143	0.478	0.251	0.162	0.0515
144	0.477	0.251	0.162	0.0514
145	0.477	0.251	0.162	0.0514
146	0.477	0.251	0.162	0.0515
147	0.476	0.251	0.162	0.0515
148	0.476	0.25	0.162	0.0513
149	0.476	0.251	0.162	0.0514
150	0.475	0.251	0.162	0.0514
151	0.475	0.251	0.162	0.0512
152	0.474	0.25	0.162	0.0513
153	0.473	0.251	0.162	0.0513
154	0.473	0.25	0.162	0.0511
155	0.472	0.25	0.162	0.0512
156	0.472	0.25	0.162	0.0512
157	0.471	0.25	0.162	0.0511
158	0.471	0.25	0.162	0.051
159	0.471	0.25	0.162	0.0512
160	0.47	0.25	0.162	0.0512
161	0.469	0.25	0.162	0.0513
162	0.469	0.251	0.162	0.0513
163	0.468	0.25	0.162	0.0513
164	0.468	0.25	0.162	0.0513
165	0.467	0.25	0.162	0.0513
166	0.467	0.25	0.162	0.0511
167	0.467	0.251	0.162	0.0513
168	0.466	0.251	0.161	0.0512
169	0.466	0.251	0.161	0.0512
170	0.465	0.251	0.161	0.0513
171	0.465	0.251	0.161	0.0513
172	0.465	0.25	0.161	0.0511
173	0.464	0.25	0.162	0.0511
174	0.464	0.25	0.161	0.0511
175	0.464	0.25	0.162	0.051
176	0.464	0.25	0.161	0.051
177	0.463	0.25	0.161	0.0509
178	0.463	0.25	0.161	0.051
179	0.462	0.251	0.161	0.051
180	0.462	0.25	0.161	0.0511
181	0.461	0.25	0.161	0.0511
182	0.461	0.251	0.161	0.0513
183	0.46	0.251	0.161	0.0512
184	0.46	0.25	0.161	0.0511
185	0.459	0.25	0.161	0.0512
186	0.459	0.25	0.161	0.0512
187	0.459	0.25	0.161	0.0511
188	0.458	0.25	0.161	0.0512
189	0.458	0.25	0.161	0.0511
190	0.457	0.25	0.161	0.051
191	0.457	0.25	0.161	0.051
192	0.456	0.25	0.161	0.051
193	0.456	0.25	0.16	0.0511
194	0.456	0.25	0.161	0.051
195	0.455	0.25	0.161	0.051
196	0.455	0.25	0.16	0.051
197	0.455	0.25	0.16	0.0509
198	0.454	0.25	0.16	0.0509
199	0.454	0.25	0.16	0.0511
200	0.454	0.25	0.16	0.051
201	0.453	0.251	0.16	0.0511
202	0.453	0.25	0.16	0.051
203	0.453	0.25	0.16	0.0509
204	0.452	0.25	0.16	0.0509
205	0.451	0.25	0.16	0.0509
206	0.451	0.25	0.16	0.0508
207	0.451	0.25	0.16	0.0508
208	0.45	0.25	0.16	0.0509
209	0.45	0.25	0.16	0.0508
210	0.45	0.25	0.16	0.0508
211	0.449	0.25	0.16	0.0508
212	0.449	0.25	0.16	0.0508
213	0.449	0.25	0.16	0.0508
214	0.448	0.25	0.16	0.0509
215	0.447	0.25	0.16	0.0509
216	0.447	0.25	0.16	0.0509
217	0.446	0.25	0.16	0.051
218	0.446	0.25	0.16	0.051
219	0.446	0.25	0.16	0.051
220	0.446	0.25	0.159	0.0509
221	0.446	0.25	0.16	0.0509
222	0.445	0.25	0.159	0.0509
223	0.445	0.249	0.16	0.0508
224	0.444	0.249	0.159	0.0509
225	0.444	0.25	0.159	0.0509
226	0.444	0.25	0.159	0.0508
227	0.444	0.25	0.159	0.0508
228	0.444	0.25	0.159	0.0507
229	0.443	0.249	0.159	0.0507
230	0.443	0.249	0.159	0.0506
231	0.443	0.249	0.159	0.0507
232	0.443	0.249	0.159	0.0506
233	0.442	0.249	0.159	0.0507
234	0.442	0.249	0.159	0.0507
235	0.441	0.25	0.159	0.0508
236	0.44	0.25	0.159	0.0509
237	0.44	0.25	0.159	0.0509
238	0.44	0.25	0.159	0.0509
239	0.44	0.25	0.159	0.0508
240	0.439	0.249	0.159	0.0508
241	0.439	0.249	0.159	0.0508
242	0.439	0.249	0.159	0.0507
243	0.439	0.249	0.159	0.0508
244	0.438	0.25	0.159	0.0509
245	0.438	0.25	0.159	0.0509
246	0.438	0.25	0.159	0.051
247	0.438	0.25	0.159	0.0509
248	0.437	0.25	0.158	0.051
249	0.437	0.25	0.158	0.0509
250	0.436	0.25	0.158	0.0509
251	0.436	0.25	0.158	0.0509
252	0.436	0.25	0.158	0.0509
253	0.436	0.25	0.158	0.051
254	0.435	0.25	0.158	0.0509
255	0.435	0.25	0.158	0.0509
256	0.435	0.25	0.158	0.051
257	0.434	0.25	0.158	0.0509
258	0.434	0.25	0.158	0.051
259	0.434	0.25	0.158	0.051
260	0.433	0.25	0.158	0.051
261	0.433	0.25	0.158	0.051
262	0.433	0.25	0.158	0.0511
263	0.433	0.25	0.158	0.051
264	0.432	0.25	0.158	0.0511
265	0.432	0.25	0.158	0.0511
266	0.432	0.25	0.158	0.051
267	0.431	0.25	0.157	0.0511
268	0.431	0.25	0.157	0.051
269	0.431	0.25	0.157	0.0511
270	0.431	0.25	0.157	0.0511
271	0.43	0.25	0.157	0.0511
272	0.43	0.25	0.157	0.051
273	0.43	0.25	0.157	0.051
274	0.429	0.25	0.157	0.051
275	0.429	0.25	0.157	0.051
276	0.429	0.25	0.157	0.051
277	0.429	0.25	0.157	0.0509
278	0.428	0.25	0.157	0.0509
279	0.428	0.25	0.157	0.051
280	0.428	0.25	0.157	0.051
281	0.427	0.25	0.157	0.051
282	0.427	0.25	0.157	0.0511
283	0.427	0.25	0.157	0.0511
284	0.426	0.25	0.157	0.0512
285	0.426	0.25	0.157	0.051
286	0.426	0.25	0.157	0.051
287	0.425	0.25	0.157	0.0511
288	0.426	0.25	0.157	0.0509
289	0.425	0.25	0.156	0.051
290	0.425	0.25	0.157	0.0509
291	0.425	0.25	0.157	0.0509
292	0.425	0.25	0.156	0.051
293	0.425	0.25	0.156	0.0511
294	0.424	0.25	0.156	0.0511
295	0.424	0.25	0.156	0.0511
296	0.423	0.25	0.156	0.0511
297	0.423	0.25	0.156	0.0511
298	0.423	0.25	0.156	0.0511
299	0.423	0.251	0.156	0.0512
300	0.422	0.251	0.156	0.0513
301	0.422	0.251	0.156	0.0512
302	0.422	0.251	0.156	0.0513
303	0.421	0.251	0.156	0.0513
304	0.421	0.25	0.156	0.0512
305	0.421	0.251	0.156	0.0512
306	0.421	0.251	0.156	0.0512
307	0.421	0.251	0.156	0.0513
308	0.421	0.25	0.156	0.0513
309	0.42	0.25	0.156	0.0513
310	0.42	0.25	0.156	0.0512
311	0.419	0.25	0.156	0.0512
312	0.419	0.251	0.155	0.0513
313	0.419	0.251	0.155	0.0513
314	0.419	0.251	0.155	0.0513
315	0.419	0.25	0.155	0.0512
316	0.418	0.251	0.155	0.0512
317	0.418	0.25	0.155	0.0511
318	0.418	0.25	0.155	0.0511
319	0.418	0.25	0.155	0.0511
320	0.418	0.251	0.155	0.0512
321	0.417	0.251	0.155	0.0512
322	0.417	0.251	0.155	0.0512
323	0.417	0.251	0.155	0.0512
324	0.417	0.25	0.155	0.0511
325	0.417	0.25	0.155	0.0511
326	0.416	0.25	0.155	0.0511
327	0.416	0.25	0.155	0.0511
328	0.416	0.25	0.155	0.0512
329	0.416	0.25	0.155	0.0512
330	0.416	0.25	0.155	0.0511
331	0.415	0.25	0.155	0.0512
332	0.415	0.25	0.155	0.0512
333	0.415	0.25	0.155	0.0512
334	0.415	0.25	0.155	0.0513
335	0.414	0.25	0.155	0.0512
336	0.414	0.25	0.155	0.0513
337	0.414	0.25	0.155	0.0513
338	0.414	0.251	0.155	0.0512
339	0.413	0.251	0.155	0.0513
340	0.413	0.25	0.155	0.0512
341	0.413	0.251	0.154	0.0512
342	0.413	0.25	0.154	0.0511
343	0.412	0.251	0.154	0.0511
344	0.412	0.251	0.154	0.0512
345	0.412	0.251	0.154	0.0512
346	0.412	0.251	0.154	0.0512
347	0.411	0.251	0.154	0.0512
348	0.411	0.251	0.154	0.0511
349	0.411	0.251	0.154	0.0512
350	0.41	0.251	0.154	0.0512
351	0.41	0.251	0.154	0.0512
352	0.41	0.251	0.154	0.0512
353	0.41	0.251	0.154	0.0511
354	0.41	0.251	0.154	0.0511
355	0.41	0.251	0.154	0.0512
356	0.409	0.251	0.154	0.0513
357	0.409	0.251	0.154	0.0512
358	0.409	0.251	0.154	0.0511
359	0.409	0.251	0.154	0.0512
360	0.409	0.251	0.154	0.0512
361	0.408	0.251	0.153	0.0512
362	0.408	0.251	0.153	0.0512
363	0.408	0.251	0.153	0.0512
364	0.407	0.251	0.153	0.0512
365	0.407	0.251	0.153	0.0513
366	0.407	0.251	0.153	0.0513
367	0.407	0.251	0.153	0.0512
368	0.407	0.251	0.153	0.0513
369	0.407	0.251	0.153	0.0513
370	0.406	0.251	0.153	0.0512
371	0.406	0.251	0.153	0.0512
372	0.406	0.251	0.153	0.0513
373	0.406	0.251	0.153	0.0513
374	0.405	0.251	0.153	0.0512
375	0.405	0.251	0.153	0.0512
376	0.405	0.251	0.153	0.0513
377	0.405	0.251	0.153	0.0512
378	0.405	0.251	0.153	0.0512
379	0.404	0.251	0.153	0.0513
380	0.404	0.251	0.153	0.0513
381	0.403	0.251	0.153	0.0514
382	0.404	0.251	0.153	0.0513
383	0.404	0.251	0.153	0.0513
384	0.403	0.251	0.153	0.0513
385	0.403	0.251	0.153	0.0513
386	0.403	0.251	0.152	0.0513
387	0.403	0.251	0.152	0.0513
388	0.402	0.251	0.152	0.0514
389	0.402	0.251	0.152	0.0513
390	0.402	0.251	0.152	0.0514
391	0.402	0.251	0.152	0.0514
392	0.402	0.251	0.152	0.0514
393	0.401	0.251	0.152	0.0514
394	0.401	0.251	0.152	0.0515
395	0.401	0.252	0.152	0.0516
396	0.401	0.251	0.152	0.0515
397	0.4	0.251	0.152	0.0515
398	0.4	0.251	0.152	0.0515
399	0.4	0.251	0.152	0.0515
400	0.399	0.251	0.152	0.0515
401	0.399	0.251	0.151	0.0515
402	0.399	0.251	0.152	0.0515
403	0.399	0.251	0.151	0.0515
404	0.399	0.251	0.152	0.0515
405	0.399	0.251	0.152	0.0515
406	0.399	0.251	0.152	0.0515
407	0.398	0.251	0.151	0.0514
408	0.398	0.251	0.151	0.0515
409	0.398	0.251	0.151	0.0515
410	0.398	0.251	0.151	0.0514
411	0.397	0.251	0.151	0.0515
412	0.397	0.251	0.151	0.0515
413	0.397	0.251	0.151	0.0516
414	0.397	0.251	0.151	0.0516
415	0.397	0.251	0.151	0.0515
416	0.397	0.251	0.151	0.0516
417	0.396	0.251	0.151	0.0516
418	0.396	0.251	0.151	0.0515
419	0.396	0.251	0.151	0.0515
420	0.396	0.251	0.151	0.0515
421	0.396	0.251	0.151	0.0516
422	0.396	0.251	0.151	0.0516
423	0.395	0.251	0.151	0.0515
424	0.395	0.252	0.151	0.0516
425	0.395	0.251	0.151	0.0515
426	0.395	0.251	0.151	0.0515
427	0.395	0.251	0.151	0.0515
428	0.395	0.251	0.151	0.0515
429	0.394	0.251	0.151	0.0514
430	0.394	0.251	0.151	0.0515
431	0.394	0.251	0.15	0.0514
432	0.394	0.252	0.15	0.0515
433	0.394	0.252	0.15	0.0515
434	0.393	0.252	0.15	0.0515
435	0.393	0.252	0.15	0.0516
436	0.393	0.252	0.15	0.0516
437	0.393	0.252	0.15	0.0516
438	0.393	0.251	0.15	0.0515
439	0.393	0.251	0.15	0.0515
440	0.393	0.251	0.15	0.0516
441	0.392	0.251	0.15	0.0516
442	0.392	0.252	0.15	0.0516
443	0.392	0.251	0.15	0.0516
444	0.392	0.251	0.15	0.0515
445	0.392	0.251	0.15	0.0515
446	0.392	0.251	0.15	0.0515
447	0.391	0.251	0.15	0.0515
448	0.391	0.251	0.15	0.0515
449	0.391	0.251	0.15	0.0515
450	0.391	0.252	0.15	0.0515
451	0.391	0.252	0.15	0.0515
452	0.391	0.252	0.15	0.0515
453	0.39	0.251	0.15	0.0515
454	0.391	0.251	0.15	0.0514
455	0.39	0.251	0.15	0.0515
456	0.39	0.251	0.15	0.0515
457	0.39	0.252	0.15	0.0516
458	0.39	0.251	0.15	0.0516
459	0.389	0.251	0.15	0.0515
460	0.389	0.251	0.149	0.0515
461	0.389	0.251	0.149	0.0515
462	0.389	0.251	0.149	0.0515
463	0.389	0.252	0.149	0.0516
464	0.389	0.251	0.149	0.0516
465	0.388	0.251	0.149	0.0516
466	0.388	0.251	0.149	0.0516
467	0.388	0.251	0.149	0.0516
468	0.388	0.251	0.149	0.0516
469	0.388	0.251	0.149	0.0515
470	0.388	0.251	0.149	0.0516
471	0.388	0.251	0.149	0.0515
472	0.387	0.252	0.149	0.0516
473	0.387	0.252	0.149	0.0516
474	0.387	0.252	0.149	0.0516
475	0.387	0.252	0.149	0.0516
476	0.387	0.251	0.149	0.0515
477	0.387	0.251	0.149	0.0515
478	0.386	0.251	0.149	0.0515
479	0.386	0.251	0.149	0.0516
480	0.386	0.251	0.149	0.0515
481	0.386	0.251	0.149	0.0516
482	0.386	0.251	0.149	0.0515
483	0.386	0.251	0.149	0.0515
484	0.386	0.251	0.149	0.0515
485	0.386	0.251	0.149	0.0516
486	0.385	0.251	0.149	0.0515
487	0.385	0.251	0.149	0.0516
488	0.385	0.251	0.149	0.0515
489	0.385	0.251	0.149	0.0515
490	0.385	0.251	0.149	0.0516
491	0.385	0.251	0.148	0.0516
492	0.385	0.251	0.148	0.0516
493	0.384	0.251	0.148	0.0517
494	0.384	0.251	0.148	0.0517
495	0.384	0.251	0.148	0.0518
496	0.384	0.251	0.148	0.0517
497	0.384	0.251	0.148	0.0516
498	0.384	0.251	0.148	0.0517
499	0.384	0.251	0.148	0.0516
500	0.384	0.251	0.148	0.0517
501	0.383	0.251	0.148	0.0517
502	0.383	0.251	0.148	0.0517
503	0.383	0.251	0.148	0.0516
504	0.383	0.251	0.148	0.0516
505	0.383	0.251	0.148	0.0516
506	0.383	0.251	0.148	0.0516
507	0.383	0.251	0.148	0.0516
508	0.382	0.251	0.148	0.0516
509	0.382	0.251	0.148	0.0517
510	0.382	0.252	0.148	0.0517
511	0.382	0.252	0.148	0.0517
512	0.381	0.251	0.148	0.0517
513	0.381	0.251	0.148	0.0517
514	0.381	0.251	0.148	0.0516
515	0.381	0.251	0.148	0.0517
516	0.381	0.251	0.148	0.0517
517	0.381	0.251	0.148	0.0516
518	0.381	0.251	0.148	0.0517
519	0.381	0.252	0.148	0.0517
520	0.38	0.252	0.148	0.0517
521	0.38	0.252	0.148	0.0517
522	0.38	0.251	0.148	0.0517
523	0.38	0.252	0.148	0.0516
524	0.38	0.252	0.148	0.0516
525	0.38	0.251	0.147	0.0517
526	0.38	0.251	0.147	0.0516
527	0.379	0.251	0.147	0.0516
528	0.379	0.252	0.147	0.0517
529	0.379	0.252	0.147	0.0517
530	0.379	0.251	0.147	0.0518
531	0.379	0.251	0.147	0.0517
532	0.378	0.252	0.147	0.0518
533	0.378	0.252	0.147	0.0518
534	0.378	0.252	0.147	0.0518
535	0.378	0.251	0.147	0.0518
536	0.378	0.251	0.147	0.0517
537	0.378	0.251	0.147	0.0517
538	0.377	0.251	0.147	0.0518
539	0.377	0.251	0.147	0.0518
540	0.377	0.251	0.147	0.0518
541	0.377	0.252	0.147	0.0518
542	0.377	0.251	0.147	0.0518
543	0.377	0.252	0.147	0.0518
544	0.377	0.252	0.147	0.0518
545	0.377	0.251	0.147	0.0519
546	0.377	0.251	0.147	0.0518
547	0.376	0.252	0.147	0.0518
548	0.376	0.251	0.147	0.0517
549	0.376	0.251	0.147	0.0517
550	0.376	0.251	0.147	0.0517
551	0.376	0.251	0.147	0.0517
552	0.376	0.251	0.147	0.0517
553	0.376	0.251	0.147	0.0517
554	0.375	0.251	0.147	0.0517
555	0.376	0.251	0.147	0.0517
556	0.375	0.251	0.146	0.0517
557	0.375	0.251	0.147	0.0517
558	0.375	0.251	0.146	0.0517
559	0.375	0.251	0.147	0.0517
560	0.375	0.251	0.147	0.0517
561	0.375	0.251	0.147	0.0516
562	0.375	0.251	0.146	0.0517
563	0.375	0.251	0.146	0.0517
564	0.375	0.251	0.146	0.0516
565	0.374	0.251	0.146	0.0517
566	0.374	0.251	0.146	0.0517
567	0.374	0.251	0.146	0.0517
568	0.374	0.251	0.146	0.0517
569	0.374	0.251	0.146	0.0517
570	0.374	0.251	0.146	0.0517
571	0.374	0.251	0.146	0.0516
572	0.374	0.251	0.146	0.0516
573	0.373	0.251	0.146	0.0516
574	0.373	0.251	0.146	0.0516
575	0.373	0.251	0.146	0.0516
576	0.373	0.251	0.146	0.0516
577	0.373	0.251	0.146	0.0517
578	0.373	0.251	0.146	0.0517
579	0.373	0.251	0.146	0.0516
580	0.373	0.251	0.146	0.0516
581	0.373	0.251	0.146	0.0516
582	0.372	0.251	0.146	0.0517
583	0.372	0.251	0.146	0.0517
584	0.372	0.251	0.146	0.0517
585	0.372	0.251	0.146	0.0517
586	0.372	0.251	0.146	0.0516
587	0.371	0.251	0.146	0.0517
588	0.371	0.251	0.146	0.0517
589	0.371	0.251	0.146	0.0516
590	0.371	0.251	0.146	0.0517
591	0.371	0.251	0.146	0.0517
592	0.371	0.251	0.145	0.0517
593	0.371	0.251	0.145	0.0517
594	0.37	0.251	0.145	0.0518
595	0.37	0.251	0.145	0.0517
596	0.37	0.251	0.145	0.0517
597	0.37	0.251	0.145	0.0517
598	0.37	0.251	0.145	0.0517
599	0.37	0.251	0.145	0.0518
600	0.37	0.251	0.145	0.0518
601	0.37	0.251	0.145	0.0518
602	0.37	0.251	0.145	0.0517
603	0.369	0.251	0.145	0.0517
604	0.369	0.251	0.145	0.0517
605	0.369	0.251	0.145	0.0517
606	0.369	0.251	0.145	0.0517
607	0.369	0.251	0.145	0.0517
608	0.369	0.251	0.145	0.0516
609	0.369	0.251	0.145	0.0516
610	0.368	0.251	0.145	0.0517
611	0.369	0.251	0.145	0.0517
612	0.368	0.251	0.145	0.0517
613	0.368	0.251	0.145	0.0518
614	0.368	0.251	0.145	0.0518
615	0.368	0.251	0.145	0.0518
616	0.368	0.251	0.145	0.0517
617	0.368	0.251	0.145	0.0517
618	0.368	0.251	0.145	0.0517
619	0.367	0.251	0.145	0.0517
620	0.367	0.251	0.145	0.0517
621	0.368	0.251	0.145	0.0516
622	0.367	0.251	0.145	0.0517
623	0.367	0.251	0.145	0.0517
624	0.367	0.251	0.145	0.0518
625	0.367	0.251	0.145	0.0516
626	0.367	0.251	0.145	0.0517
627	0.367	0.251	0.145	0.0516
628	0.367	0.251	0.145	0.0516
629	0.367	0.251	0.145	0.0516
630	0.367	0.251	0.145	0.0516
631	0.366	0.251	0.144	0.0517
632	0.366	0.251	0.145	0.0517
633	0.366	0.251	0.144	0.0517
634	0.366	0.251	0.144	0.0517
635	0.366	0.251	0.144	0.0516
636	0.366	0.251	0.144	0.0516
637	0.366	0.251	0.144	0.0516
638	0.366	0.251	0.144	0.0516
639	0.365	0.251	0.144	0.0516
640	0.365	0.251	0.144	0.0516
641	0.365	0.251	0.144	0.0517
642	0.365	0.251	0.144	0.0517
643	0.365	0.251	0.144	0.0518
644	0.365	0.251	0.144	0.0517
645	0.365	0.251	0.144	0.0516
646	0.365	0.251	0.144	0.0515
647	0.365	0.251	0.144	0.0517
648	0.364	0.251	0.144	0.0517
649	0.365	0.251	0.144	0.0516
650	0.364	0.251	0.144	0.0516
651	0.365	0.251	0.144	0.0516
652	0.364	0.251	0.144	0.0516
653	0.364	0.251	0.144	0.0516
654	0.364	0.251	0.144	0.0516
655	0.364	0.251	0.144	0.0515
656	0.364	0.251	0.144	0.0516
657	0.364	0.251	0.144	0.0516
658	0.364	0.251	0.144	0.0516
659	0.364	0.251	0.144	0.0516
660	0.363	0.251	0.144	0.0516
661	0.363	0.251	0.144	0.0516
662	0.363	0.251	0.144	0.0516
663	0.363	0.251	0.144	0.0516
664	0.363	0.251	0.144	0.0515
665	0.363	0.251	0.144	0.0516
666	0.363	0.251	0.144	0.0516
667	0.363	0.251	0.144	0.0515
668	0.363	0.251	0.144	0.0516
669	0.363	0.251	0.144	0.0515
670	0.363	0.251	0.144	0.0515
671	0.363	0.251	0.144	0.0515
672	0.362	0.251	0.144	0.0515
673	0.362	0.251	0.143	0.0516
674	0.362	0.251	0.143	0.0516
675	0.362	0.251	0.143	0.0515
676	0.362	0.251	0.143	0.0515
677	0.362	0.251	0.143	0.0515
678	0.362	0.251	0.143	0.0515
679	0.362	0.251	0.143	0.0515
680	0.361	0.251	0.143	0.0515
681	0.361	0.251	0.143	0.0515
682	0.362	0.25	0.143	0.0514
683	0.361	0.25	0.143	0.0514
684	0.361	0.251	0.143	0.0516
685	0.361	0.251	0.143	0.0516
686	0.361	0.251	0.143	0.0515
687	0.361	0.25	0.143	0.0515
688	0.361	0.251	0.143	0.0516
689	0.36	0.251	0.143	0.0516
690	0.361	0.25	0.143	0.0515
691	0.36	0.251	0.143	0.0516
692	0.36	0.251	0.143	0.0516
693	0.36	0.251	0.143	0.0516
694	0.36	0.251	0.143	0.0516
695	0.36	0.251	0.143	0.0515
696	0.36	0.25	0.143	0.0515
697	0.36	0.25	0.143	0.0516
698	0.36	0.251	0.143	0.0516
699	0.36	0.251	0.143	0.0516
700	0.36	0.25	0.143	0.0515
701	0.36	0.25	0.143	0.0515
702	0.359	0.251	0.143	0.0516
703	0.359	0.251	0.143	0.0516
704	0.36	0.25	0.143	0.0516
705	0.359	0.25	0.143	0.0516
706	0.359	0.25	0.143	0.0516
707	0.359	0.25	0.143	0.0516
708	0.359	0.251	0.143	0.0517
709	0.359	0.251	0.143	0.0517
710	0.359	0.251	0.143	0.0516
711	0.358	0.251	0.143	0.0516
712	0.359	0.251	0.143	0.0516
713	0.358	0.251	0.143	0.0516
714	0.358	0.251	0.143	0.0516
715	0.358	0.25	0.143	0.0516
716	0.358	0.25	0.143	0.0517
717	0.358	0.25	0.143	0.0516
718	0.358	0.25	0.142	0.0516
719	0.358	0.25	0.142	0.0516
720	0.357	0.25	0.142	0.0516
721	0.358	0.25	0.142	0.0516
722	0.357	0.251	0.142	0.0516
723	0.357	0.25	0.142	0.0516
724	0.357	0.25	0.142	0.0516
725	0.357	0.25	0.142	0.0516
726	0.357	0.25	0.142	0.0516
727	0.357	0.25	0.142	0.0515
728	0.357	0.25	0.142	0.0516
729	0.357	0.25	0.142	0.0516
730	0.357	0.25	0.142	0.0516
731	0.357	0.25	0.142	0.0516
732	0.357	0.25	0.142	0.0516
733	0.357	0.25	0.142	0.0516
734	0.357	0.25	0.142	0.0516
735	0.356	0.25	0.142	0.0517
736	0.356	0.25	0.142	0.0516
737	0.356	0.25	0.142	0.0516
738	0.356	0.25	0.142	0.0516
739	0.356	0.25	0.142	0.0516
740	0.356	0.25	0.142	0.0515
741	0.356	0.25	0.142	0.0515
742	0.356	0.25	0.142	0.0515
743	0.356	0.25	0.142	0.0516
744	0.356	0.25	0.142	0.0516
745	0.356	0.25	0.142	0.0516
746	0.356	0.25	0.142	0.0515
747	0.356	0.25	0.142	0.0515
748	0.355	0.25	0.142	0.0515
749	0.355	0.25	0.142	0.0516
750	0.355	0.25	0.142	0.0516
751	0.355	0.25	0.142	0.0516
752	0.355	0.25	0.142	0.0516
753	0.355	0.25	0.142	0.0516
754	0.355	0.25	0.142	0.0516
755	0.355	0.25	0.142	0.0515
756	0.355	0.25	0.142	0.0515
757	0.354	0.25	0.142	0.0515
758	0.354	0.25	0.142	0.0515
759	0.354	0.25	0.142	0.0515
760	0.354	0.25	0.142	0.0516
761	0.354	0.25	0.142	0.0516
762	0.354	0.25	0.142	0.0517
763	0.354	0.25	0.142	0.0516
764	0.354	0.25	0.142	0.0517
765	0.354	0.25	0.141	0.0517
766	0.354	0.25	0.142	0.0516
767	0.354	0.25	0.142	0.0516
768	0.354	0.25	0.142	0.0516
769	0.354	0.25	0.141	0.0516
770	0.353	0.25	0.141	0.0516
771	0.353	0.25	0.141	0.0516
772	0.354	0.25	0.142	0.0515
773	0.353	0.25	0.141	0.0515
774	0.353	0.25	0.141	0.0516
775	0.353	0.25	0.141	0.0516
776	0.353	0.25	0.141	0.0515
777	0.353	0.25	0.141	0.0515
778	0.353	0.25	0.141	0.0516
779	0.353	0.25	0.141	0.0515
780	0.353	0.25	0.141	0.0515
781	0.353	0.25	0.141	0.0515
782	0.353	0.25	0.141	0.0515
783	0.353	0.25	0.141	0.0516
784	0.352	0.25	0.141	0.0516
785	0.352	0.25	0.141	0.0515
786	0.352	0.25	0.141	0.0516
787	0.352	0.25	0.141	0.0517
788	0.352	0.25	0.141	0.0516
789	0.352	0.25	0.141	0.0516
790	0.352	0.25	0.141	0.0515
791	0.352	0.25	0.141	0.0516
792	0.352	0.25	0.141	0.0516
793	0.352	0.25	0.141	0.0516
794	0.352	0.25	0.141	0.0515
795	0.352	0.25	0.141	0.0515
796	0.351	0.25	0.141	0.0516
797	0.351	0.25	0.141	0.0516
798	0.351	0.25	0.141	0.0515
799	0.351	0.25	0.141	0.0515
800	0.351	0.25	0.141	0.0516
801	0.351	0.25	0.141	0.0515
802	0.351	0.25	0.141	0.0516
803	0.351	0.25	0.141	0.0515
804	0.351	0.25	0.141	0.0516
805	0.351	0.25	0.141	0.0515
806	0.35	0.25	0.141	0.0515
807	0.35	0.25	0.141	0.0515
808	0.351	0.25	0.141	0.0516
809	0.351	0.25	0.141	0.0515
810	0.351	0.25	0.141	0.0515
811	0.35	0.25	0.141	0.0515
812	0.35	0.25	0.141	0.0515
813	0.35	0.25	0.141	0.0515
814	0.35	0.25	0.141	0.0516
815	0.35	0.25	0.141	0.0515
816	0.35	0.25	0.141	0.0515
817	0.35	0.25	0.141	0.0515
818	0.35	0.249	0.141	0.0515
819	0.35	0.249	0.141	0.0514
820	0.35	0.25	0.141	0.0515
821	0.349	0.25	0.141	0.0516
822	0.35	0.25	0.141	0.0516
823	0.35	0.25	0.141	0.0516
824	0.349	0.249	0.141	0.0515
825	0.349	0.25	0.14	0.0516
826	0.349	0.25	0.14	0.0516
827	0.349	0.25	0.14	0.0516
828	0.349	0.249	0.14	0.0515
829	0.349	0.25	0.14	0.0516
830	0.349	0.249	0.14	0.0515
831	0.349	0.25	0.14	0.0516
832	0.349	0.25	0.14	0.0515
833	0.349	0.249	0.14	0.0515
834	0.349	0.25	0.14	0.0515
835	0.348	0.249	0.14	0.0515
836	0.349	0.249	0.14	0.0515
837	0.349	0.249	0.14	0.0515
838	0.348	0.249	0.14	0.0515
839	0.348	0.249	0.14	0.0515
840	0.348	0.249	0.14	0.0515
841	0.348	0.249	0.14	0.0516
842	0.348	0.249	0.14	0.0515
843	0.348	0.249	0.14	0.0515
844	0.348	0.249	0.14	0.0515
845	0.348	0.249	0.14	0.0515
846	0.348	0.249	0.14	0.0515
847	0.348	0.249	0.14	0.0516
848	0.348	0.249	0.14	0.0516
849	0.347	0.249	0.14	0.0516
850	0.348	0.249	0.14	0.0516
851	0.347	0.249	0.14	0.0515
852	0.347	0.249	0.14	0.0516
853	0.347	0.249	0.14	0.0516
854	0.347	0.249	0.14	0.0516
855	0.347	0.249	0.14	0.0515
856	0.347	0.249	0.14	0.0516
857	0.347	0.249	0.14	0.0516
858	0.347	0.249	0.14	0.0516
859	0.347	0.249	0.14	0.0515
860	0.347	0.249	0.14	0.0515
861	0.346	0.249	0.14	0.0516
862	0.346	0.249	0.14	0.0516
863	0.347	0.249	0.14	0.0515
864	0.346	0.249	0.14	0.0515
865	0.346	0.249	0.14	0.0516
866	0.346	0.249	0.14	0.0515
867	0.346	0.249	0.14	0.0515
868	0.346	0.249	0.14	0.0515
869	0.346	0.249	0.14	0.0515
870	0.346	0.249	0.14	0.0515
871	0.346	0.249	0.14	0.0516
872	0.346	0.249	0.14	0.0516
873	0.345	0.249	0.14	0.0515
874	0.346	0.249	0.14	0.0516
875	0.345	0.249	0.14	0.0516
876	0.345	0.249	0.139	0.0515
877	0.345	0.249	0.139	0.0516
878	0.345	0.249	0.139	0.0515
879	0.345	0.249	0.139	0.0515
880	0.345	0.249	0.139	0.0515
881	0.345	0.249	0.139	0.0516
882	0.345	0.249	0.139	0.0515
883	0.345	0.249	0.139	0.0516
884	0.345	0.249	0.139	0.0515
885	0.345	0.249	0.139	0.0516
886	0.345	0.249	0.139	0.0516
887	0.345	0.249	0.139	0.0516
888	0.344	0.249	0.139	0.0516
889	0.345	0.249	0.139	0.0516
890	0.345	0.249	0.139	0.0516
891	0.344	0.249	0.139	0.0516
892	0.344	0.249	0.139	0.0517
893	0.344	0.249	0.139	0.0517
894	0.344	0.249	0.139	0.0516
895	0.344	0.249	0.139	0.0516
896	0.344	0.249	0.139	0.0516
897	0.344	0.249	0.139	0.0516
898	0.344	0.249	0.139	0.0516
899	0.344	0.249	0.139	0.0516
900	0.344	0.249	0.139	0.0516
901	0.344	0.249	0.139	0.0516
902	0.344	0.249	0.139	0.0515
903	0.344	0.249	0.139	0.0516
904	0.344	0.249	0.139	0.0515
905	0.343	0.249	0.139	0.0516
906	0.343	0.249	0.139	0.0516
907	0.343	0.249	0.139	0.0516
908	0.343	0.249	0.139	0.0516
909	0.343	0.249	0.139	0.0516
910	0.343	0.249	0.139	0.0516
911	0.343	0.249	0.139	0.0516
912	0.343	0.249	0.139	0.0516
913	0.343	0.249	0.139	0.0516
914	0.343	0.249	0.139	0.0516
915	0.343	0.249	0.139	0.0517
916	0.343	0.249	0.139	0.0517
917	0.343	0.249	0.139	0.0516
918	0.342	0.249	0.139	0.0517
919	0.342	0.249	0.139	0.0517
920	0.342	0.249	0.139	0.0517
921	0.342	0.249	0.139	0.0517
922	0.342	0.249	0.139	0.0517
923	0.342	0.249	0.139	0.0517
924	0.342	0.248	0.139	0.0516
925	0.342	0.248	0.139	0.0516
926	0.342	0.249	0.139	0.0516
927	0.342	0.248	0.139	0.0516
928	0.342	0.248	0.139	0.0516
929	0.342	0.248	0.139	0.0517
930	0.342	0.249	0.139	0.0517
931	0.341	0.249	0.139	0.0517
932	0.342	0.248	0.139	0.0516
933	0.342	0.248	0.139	0.0517
934	0.341	0.249	0.139	0.0517
935	0.342	0.248	0.139	0.0516
936	0.341	0.248	0.139	0.0516
937	0.341	0.248	0.139	0.0516
938	0.341	0.248	0.139	0.0516
939	0.341	0.248	0.139	0.0516
940	0.341	0.248	0.139	0.0516
941	0.341	0.248	0.139	0.0516
942	0.341	0.248	0.139	0.0516
943	0.341	0.248	0.139	0.0516
944	0.341	0.248	0.139	0.0517
945	0.341	0.248	0.138	0.0516
946	0.341	0.248	0.139	0.0517
947	0.341	0.248	0.139	0.0516
948	0.341	0.248	0.138	0.0516
949	0.34	0.248	0.138	0.0517
950	0.34	0.248	0.138	0.0516
951	0.34	0.248	0.138	0.0516
952	0.34	0.248	0.138	0.0517
953	0.34	0.248	0.138	0.0517
954	0.34	0.248	0.138	0.0516
955	0.34	0.248	0.138	0.0517
956	0.34	0.248	0.138	0.0516
957	0.34	0.248	0.138	0.0516
958	0.34	0.248	0.138	0.0517
959	0.34	0.248	0.138	0.0517
960	0.34	0.248	0.138	0.0517
961	0.34	0.248	0.138	0.0518
962	0.34	0.248	0.138	0.0517
963	0.339	0.248	0.138	0.0517
964	0.339	0.248	0.138	0.0517
965	0.339	0.248	0.138	0.0516
966	0.339	0.248	0.138	0.0516
967	0.339	0.248	0.138	0.0517
968	0.339	0.248	0.138	0.0517
969	0.339	0.248	0.138	0.0517
970	0.339	0.248	0.138	0.0516
971	0.339	0.248	0.138	0.0517
972	0.339	0.248	0.138	0.0516
973	0.339	0.248	0.138	0.0517
974	0.339	0.248	0.138	0.0517
975	0.34	0.246	0.139	0.0512
976	0.342	0.244	0.141	0.0508
977	0.342	0.245	0.14	0.0508
978	0.341	0.245	0.14	0.0508
979	0.341	0.245	0.14	0.0508
980	0.341	0.245	0.14	0.0508
981	0.341	0.245	0.14	0.0507
982	0.341	0.245	0.14	0.0508
983	0.341	0.245	0.14	0.0508
984	0.341	0.245	0.14	0.0508
985	0.341	0.245	0.14	0.0508
986	0.341	0.245	0.14	0.0509
987	0.341	0.245	0.14	0.0509
988	0.341	0.245	0.14	0.0509
989	0.341	0.245	0.14	0.0509
990	0.341	0.245	0.14	0.0509
991	0.34	0.245	0.14	0.051
992	0.341	0.245	0.14	0.0509
993	0.34	0.245	0.14	0.051
994	0.34	0.245	0.14	0.051
995	0.34	0.245	0.14	0.051
996	0.34	0.245	0.139	0.0509
997	0.34	0.245	0.14	0.051
998	0.34	0.245	0.14	0.0509
999	0.34	0.245	0.14	0.0509
1000	0.34	0.245	0.14	0.0508
1001	0.34	0.245	0.14	0.0508
1002	0.34	0.245	0.14	0.0508
1003	0.34	0.245	0.139	0.051
1004	0.34	0.245	0.139	0.0509
1005	0.34	0.245	0.139	0.0509
1006	0.34	0.245	0.139	0.051
1007	0.34	0.245	0.139	0.051
1008	0.34	0.245	0.139	0.051
1009	0.339	0.245	0.139	0.051
1010	0.339	0.245	0.139	0.051
1011	0.339	0.245	0.139	0.051
1012	0.339	0.245	0.139	0.051
1013	0.339	0.245	0.139	0.051
1014	0.339	0.245	0.139	0.051
1015	0.339	0.245	0.139	0.051
1016	0.339	0.245	0.139	0.051
1017	0.339	0.245	0.139	0.051
1018	0.339	0.245	0.139	0.0509
1019	0.339	0.245	0.139	0.051
1020	0.339	0.245	0.139	0.051
1021	0.339	0.245	0.139	0.0509
1022	0.339	0.245	0.139	0.051
1023	0.339	0.245	0.139	0.051
1024	0.339	0.245	0.139	0.051
1025	0.339	0.245	0.139	0.051
1026	0.339	0.245	0.139	0.0509
1027	0.339	0.245	0.139	0.051
1028	0.339	0.245	0.139	0.051
1029	0.338	0.245	0.139	0.051
1030	0.338	0.245	0.139	0.051
1031	0.338	0.245	0.139	0.051
1032	0.338	0.245	0.139	0.051
1033	0.338	0.245	0.139	0.051
1034	0.338	0.245	0.139	0.0511
1035	0.338	0.245	0.139	0.051
1036	0.338	0.245	0.139	0.051
1037	0.338	0.245	0.139	0.0511
1038	0.338	0.245	0.139	0.051
1039	0.338	0.245	0.139	0.0511
1040	0.338	0.245	0.139	0.051
1041	0.338	0.245	0.139	0.0511
1042	0.338	0.245	0.139	0.0511
1043	0.338	0.245	0.139	0.0511
1044	0.337	0.245	0.139	0.0511
1045	0.337	0.245	0.139	0.051
1046	0.337	0.245	0.139	0.0511
1047	0.337	0.245	0.139	0.0511
1048	0.337	0.245	0.139	0.0511
1049	0.337	0.245	0.139	0.0511
1050	0.337	0.245	0.139	0.0511
1051	0.337	0.245	0.139	0.0511
1052	0.337	0.245	0.139	0.0511
1053	0.337	0.245	0.138	0.051
1054	0.337	0.245	0.138	0.051
1055	0.337	0.245	0.139	0.051
1056	0.337	0.245	0.139	0.051
1057	0.337	0.245	0.139	0.051
1058	0.337	0.245	0.139	0.051
1059	0.336	0.245	0.138	0.0511
1060	0.337	0.245	0.138	0.051
1061	0.336	0.245	0.138	0.0511
1062	0.336	0.245	0.138	0.0511
1063	0.336	0.245	0.138	0.0511
1064	0.336	0.245	0.138	0.0511
1065	0.336	0.245	0.138	0.0511
1066	0.336	0.245	0.138	0.0511
1067	0.336	0.245	0.138	0.0511
1068	0.336	0.245	0.138	0.0511
1069	0.336	0.244	0.138	0.051
1070	0.336	0.245	0.138	0.0511
1071	0.336	0.245	0.138	0.0511
1072	0.336	0.245	0.138	0.0511
1073	0.336	0.245	0.138	0.0511
1074	0.336	0.245	0.138	0.051
1075	0.336	0.245	0.138	0.0511
1076	0.336	0.245	0.138	0.051
1077	0.336	0.244	0.138	0.051
1078	0.336	0.245	0.138	0.0511
1079	0.336	0.245	0.138	0.0511
1080	0.336	0.245	0.138	0.051
1081	0.335	0.244	0.138	0.051
1082	0.335	0.245	0.138	0.0511
1083	0.335	0.244	0.138	0.0511
1084	0.335	0.244	0.138	0.0511
1085	0.335	0.244	0.138	0.0512
1086	0.335	0.244	0.138	0.0511
1087	0.335	0.244	0.138	0.0511
1088	0.335	0.245	0.138	0.0512
1089	0.335	0.245	0.138	0.0512
1090	0.334	0.244	0.138	0.0512
1091	0.335	0.244	0.138	0.0511
1092	0.335	0.244	0.138	0.0512
1093	0.335	0.244	0.138	0.0512
1094	0.334	0.244	0.138	0.0511
1095	0.334	0.244	0.138	0.0512
1096	0.334	0.244	0.138	0.0511
1097	0.334	0.244	0.138	0.0512
1098	0.334	0.244	0.138	0.0511
1099	0.334	0.244	0.138	0.0512
1100	0.334	0.244	0.138	0.0512
1101	0.334	0.244	0.138	0.0512
1102	0.334	0.244	0.138	0.0512
1103	0.334	0.244	0.138	0.0512
1104	0.334	0.244	0.138	0.0512
1105	0.334	0.244	0.138	0.0511
1106	0.334	0.244	0.138	0.0511
1107	0.334	0.244	0.138	0.051
1108	0.334	0.244	0.138	0.0511
1109	0.334	0.244	0.138	0.0511
1110	0.334	0.244	0.138	0.0511
1111	0.334	0.244	0.138	0.051
1112	0.333	0.244	0.138	0.0511
1113	0.333	0.244	0.138	0.0511
1114	0.333	0.244	0.138	0.0511
1115	0.333	0.244	0.138	0.0511
1116	0.333	0.244	0.138	0.0511
1117	0.333	0.244	0.138	0.0511
1118	0.333	0.244	0.138	0.0511
1119	0.333	0.244	0.138	0.0511
1120	0.333	0.244	0.138	0.0511
1121	0.333	0.244	0.137	0.0511
1122	0.333	0.244	0.138	0.0511
1123	0.333	0.244	0.138	0.0511
1124	0.333	0.244	0.138	0.0511
1125	0.333	0.244	0.138	0.0511
1126	0.333	0.244	0.138	0.051
1127	0.333	0.244	0.138	0.051
1128	0.333	0.244	0.138	0.051
1129	0.333	0.244	0.138	0.051
1130	0.333	0.244	0.137	0.051
1131	0.333	0.244	0.137	0.051
1132	0.333	0.244	0.137	0.051
1133	0.333	0.244	0.137	0.051
1134	0.333	0.244	0.137	0.051
1135	0.332	0.244	0.137	0.0511
1136	0.334	0.242	0.139	0.0506
1137	0.335	0.241	0.14	0.0501
1138	0.335	0.241	0.14	0.0502
1139	0.335	0.241	0.14	0.0502
1140	0.335	0.241	0.14	0.0503
1141	0.335	0.241	0.139	0.0502
1142	0.335	0.241	0.14	0.0502
1143	0.335	0.241	0.139	0.0503
1144	0.335	0.241	0.139	0.0503
1145	0.335	0.241	0.139	0.0503
1146	0.335	0.241	0.139	0.0503
1147	0.335	0.241	0.139	0.0503
1148	0.335	0.241	0.139	0.0503
1149	0.335	0.241	0.139	0.0504
1150	0.335	0.241	0.139	0.0503
1151	0.334	0.241	0.139	0.0504
1152	0.334	0.241	0.139	0.0504
1153	0.334	0.241	0.139	0.0504
1154	0.334	0.241	0.139	0.0504
1155	0.334	0.241	0.139	0.0504
1156	0.334	0.241	0.139	0.0504
1157	0.334	0.241	0.139	0.0504
1158	0.334	0.241	0.139	0.0505
1159	0.334	0.241	0.139	0.0505
1160	0.334	0.241	0.139	0.0504
1161	0.334	0.241	0.139	0.0505
1162	0.334	0.241	0.139	0.0505
1163	0.334	0.241	0.139	0.0505
1164	0.334	0.241	0.139	0.0505
1165	0.334	0.241	0.139	0.0506
1166	0.334	0.241	0.139	0.0506
1167	0.333	0.241	0.139	0.0506
1168	0.333	0.241	0.139	0.0506
1169	0.333	0.241	0.139	0.0506
1170	0.333	0.241	0.139	0.0505
1171	0.333	0.241	0.139	0.0506
1172	0.333	0.241	0.139	0.0506
1173	0.333	0.241	0.139	0.0505
1174	0.333	0.241	0.139	0.0506
1175	0.333	0.241	0.139	0.0505
1176	0.333	0.241	0.139	0.0506
1177	0.333	0.241	0.139	0.0505
1178	0.333	0.241	0.139	0.0506
1179	0.333	0.241	0.139	0.0506
1180	0.333	0.241	0.139	0.0506
1181	0.333	0.241	0.138	0.0506
1182	0.333	0.241	0.138	0.0506
1183	0.333	0.241	0.139	0.0505
1184	0.332	0.241	0.138	0.0506
1185	0.332	0.241	0.138	0.0506
1186	0.332	0.241	0.138	0.0506
1187	0.332	0.241	0.138	0.0505
1188	0.332	0.241	0.138	0.0506
1189	0.332	0.241	0.138	0.0506
1190	0.332	0.241	0.138	0.0506
1191	0.332	0.241	0.138	0.0506
1192	0.332	0.241	0.138	0.0506
1193	0.332	0.241	0.138	0.0506
1194	0.332	0.241	0.138	0.0506
1195	0.332	0.241	0.138	0.0506
1196	0.332	0.241	0.138	0.0506
1197	0.332	0.241	0.138	0.0506
1198	0.332	0.241	0.138	0.0506
1199	0.332	0.241	0.138	0.0507
1200	0.332	0.241	0.138	0.0506
1201	0.332	0.241	0.138	0.0507
1202	0.332	0.241	0.138	0.0506
1203	0.331	0.241	0.138	0.0506
1204	0.331	0.241	0.138	0.0507
1205	0.332	0.241	0.138	0.0506
1206	0.331	0.241	0.138	0.0506
1207	0.331	0.241	0.138	0.0506
1208	0.331	0.241	0.138	0.0506
1209	0.331	0.241	0.138	0.0505
1210	0.331	0.241	0.138	0.0505
1211	0.331	0.241	0.138	0.0505
1212	0.331	0.241	0.138	0.0506
1213	0.331	0.241	0.138	0.0506
1214	0.331	0.241	0.138	0.0506
1215	0.331	0.241	0.138	0.0506
1216	0.331	0.241	0.138	0.0506
1217	0.331	0.241	0.138	0.0506
1218	0.331	0.241	0.138	0.0507
1219	0.331	0.241	0.138	0.0506
1220	0.331	0.241	0.138	0.0506
1221	0.331	0.241	0.138	0.0507
1222	0.33	0.241	0.138	0.0507
1223	0.331	0.241	0.138	0.0506
1224	0.33	0.241	0.138	0.0506
1225	0.33	0.241	0.138	0.0506
1226	0.33	0.241	0.138	0.0506
1227	0.33	0.241	0.138	0.0506
1228	0.33	0.241	0.138	0.0506
1229	0.33	0.241	0.138	0.0506
1230	0.33	0.241	0.138	0.0506
1231	0.33	0.241	0.138	0.0506
1232	0.33	0.241	0.138	0.0506
1233	0.33	0.241	0.138	0.0506
1234	0.33	0.241	0.138	0.0506
1235	0.33	0.241	0.138	0.0506
1236	0.33	0.241	0.138	0.0506
1237	0.33	0.241	0.138	0.0506
1238	0.33	0.241	0.138	0.0506
1239	0.33	0.241	0.138	0.0507
1240	0.33	0.241	0.138	0.0507
1241	0.33	0.241	0.138	0.0507
1242	0.329	0.241	0.138	0.0507
1243	0.33	0.241	0.138	0.0507
1244	0.329	0.241	0.138	0.0506
1245	0.329	0.241	0.138	0.0506
1246	0.329	0.241	0.138	0.0507
1247	0.329	0.241	0.138	0.0507
1248	0.329	0.241	0.137	0.0507
1249	0.329	0.241	0.137	0.0507
1250	0.329	0.241	0.137	0.0507
1251	0.329	0.241	0.137	0.0507
1252	0.329	0.241	0.137	0.0507
1253	0.329	0.241	0.137	0.0506
1254	0.329	0.241	0.137	0.0507
1255	0.329	0.241	0.137	0.0507
1256	0.329	0.241	0.137	0.0507
1257	0.329	0.241	0.137	0.0507
1258	0.329	0.241	0.137	0.0506
1259	0.329	0.241	0.137	0.0507
1260	0.329	0.24	0.137	0.0506
1261	0.329	0.241	0.137	0.0507
1262	0.328	0.241	0.137	0.0508
1263	0.329	0.241	0.137	0.0507
1264	0.328	0.241	0.137	0.0507
1265	0.328	0.241	0.137	0.0507
1266	0.328	0.241	0.137	0.0507
1267	0.328	0.241	0.137	0.0507
1268	0.328	0.241	0.137	0.0507
1269	0.328	0.241	0.137	0.0507
1270	0.328	0.241	0.137	0.0507
1271	0.328	0.241	0.137	0.0507
1272	0.33	0.239	0.138	0.0502
1273	0.331	0.237	0.14	0.0498
1274	0.331	0.237	0.139	0.0498
1275	0.331	0.238	0.139	0.0499
1276	0.331	0.238	0.139	0.0499
1277	0.331	0.238	0.139	0.0499
1278	0.331	0.238	0.139	0.0499
1279	0.331	0.238	0.139	0.0499
1280	0.33	0.238	0.139	0.0499
1281	0.33	0.238	0.139	0.0499
1282	0.33	0.238	0.139	0.0499
1283	0.33	0.238	0.139	0.0499
1284	0.33	0.238	0.139	0.05
1285	0.33	0.238	0.139	0.05
1286	0.33	0.238	0.139	0.05
1287	0.33	0.238	0.139	0.05
1288	0.33	0.238	0.139	0.05
1289	0.33	0.238	0.139	0.05
1290	0.33	0.238	0.139	0.05
1291	0.33	0.238	0.139	0.05
1292	0.33	0.238	0.139	0.05
1293	0.33	0.238	0.139	0.05
1294	0.33	0.238	0.139	0.05
1295	0.33	0.238	0.139	0.0501
1296	0.329	0.238	0.139	0.0501
1297	0.329	0.238	0.139	0.0501
1298	0.33	0.238	0.139	0.05
1299	0.33	0.238	0.139	0.0501
1300	0.329	0.238	0.139	0.0501
1301	0.329	0.238	0.139	0.0501
1302	0.329	0.238	0.139	0.0501
1303	0.329	0.238	0.138	0.0501
1304	0.329	0.238	0.138	0.0501
1305	0.329	0.238	0.138	0.0501
1306	0.329	0.238	0.138	0.0501
1307	0.329	0.238	0.138	0.05
1308	0.329	0.238	0.138	0.0501
1309	0.329	0.238	0.138	0.0501
1310	0.329	0.238	0.138	0.0501
1311	0.329	0.238	0.138	0.0501
1312	0.329	0.238	0.138	0.0501
1313	0.329	0.238	0.138	0.0501
1314	0.329	0.238	0.138	0.0501
1315	0.329	0.238	0.138	0.0501
1316	0.329	0.238	0.138	0.0502
1317	0.329	0.238	0.138	0.0502
1318	0.329	0.238	0.138	0.0502
1319	0.328	0.238	0.138	0.0502
1320	0.328	0.238	0.138	0.0502
1321	0.328	0.238	0.138	0.0502
1322	0.328	0.238	0.138	0.0502
1323	0.329	0.238	0.138	0.0502
1324	0.328	0.238	0.138	0.0502
1325	0.328	0.238	0.138	0.0502
1326	0.328	0.238	0.138	0.0502
1327	0.328	0.238	0.138	0.0502
1328	0.328	0.238	0.138	0.0502
1329	0.328	0.238	0.138	0.0502
1330	0.328	0.238	0.138	0.0502
1331	0.328	0.238	0.138	0.0502
1332	0.328	0.238	0.138	0.0502
1333	0.328	0.238	0.138	0.0502
1334	0.328	0.238	0.138	0.0503
1335	0.328	0.238	0.138	0.0502
1336	0.327	0.238	0.138	0.0503
1337	0.328	0.238	0.138	0.0503
1338	0.328	0.238	0.138	0.0502
1339	0.328	0.238	0.138	0.0502
1340	0.328	0.238	0.138	0.0502
1341	0.327	0.238	0.138	0.0502
1342	0.327	0.238	0.138	0.0502
1343	0.327	0.238	0.138	0.0502
1344	0.327	0.238	0.138	0.0502
1345	0.327	0.238	0.138	0.0502
1346	0.327	0.238	0.138	0.0502
1347	0.327	0.238	0.138	0.0502
1348	0.327	0.238	0.138	0.0502
1349	0.327	0.238	0.138	0.0503
1350	0.327	0.238	0.138	0.0502
1351	0.327	0.238	0.138	0.0502
1352	0.327	0.238	0.138	0.0502
1353	0.327	0.238	0.138	0.0502
1354	0.327	0.238	0.138	0.0503
1355	0.327	0.238	0.138	0.0503
1356	0.327	0.238	0.138	0.0503
1357	0.327	0.238	0.138	0.0504
1358	0.327	0.238	0.138	0.0503
1359	0.327	0.238	0.138	0.0503
1360	0.326	0.238	0.138	0.0503
1361	0.326	0.238	0.137	0.0503
1362	0.326	0.238	0.137	0.0503
1363	0.326	0.238	0.137	0.0503
1364	0.326	0.238	0.137	0.0503
1365	0.326	0.238	0.137	0.0503
1366	0.326	0.238	0.137	0.0504
1367	0.326	0.238	0.137	0.0504
1368	0.326	0.238	0.137	0.0504
1369	0.326	0.238	0.137	0.0504
1370	0.326	0.238	0.137	0.0504
1371	0.326	0.238	0.137	0.0504
1372	0.326	0.238	0.137	0.0504
1373	0.326	0.238	0.137	0.0504
1374	0.326	0.238	0.137	0.0503
1375	0.326	0.238	0.137	0.0503
1376	0.326	0.238	0.137	0.0504
1377	0.326	0.238	0.137	0.0504
1378	0.326	0.238	0.137	0.0504
1379	0.326	0.238	0.137	0.0504
1380	0.326	0.238	0.137	0.0504
1381	0.325	0.238	0.137	0.0504
1382	0.326	0.238	0.137	0.0503
1383	0.325	0.238	0.137	0.0504
1384	0.325	0.238	0.137	0.0504
1385	0.325	0.238	0.137	0.0504
1386	0.325	0.238	0.137	0.0504
1387	0.325	0.238	0.137	0.0504
1388	0.325	0.238	0.137	0.0504
1389	0.325	0.238	0.137	0.0504
1390	0.325	0.238	0.137	0.0504
1391	0.325	0.238	0.137	0.0504
1392	0.325	0.238	0.137	0.0504
1393	0.325	0.238	0.137	0.0504
1394	0.325	0.238	0.137	0.0504
1395	0.325	0.238	0.137	0.0504
1396	0.325	0.238	0.137	0.0504
1397	0.325	0.238	0.137	0.0503
1398	0.325	0.238	0.137	0.0504
1399	0.325	0.238	0.137	0.0503
1400	0.325	0.238	0.137	0.0504
1401	0.325	0.238	0.137	0.0504
1402	0.325	0.238	0.137	0.0504
1403	0.324	0.238	0.137	0.0504
1404	0.324	0.238	0.137	0.0504
1405	0.324	0.238	0.137	0.0504
1406	0.324	0.238	0.137	0.0504
1407	0.324	0.238	0.137	0.0504
1408	0.324	0.238	0.137	0.0504
1409	0.324	0.238	0.137	0.0505
1410	0.324	0.238	0.137	0.0504
1411	0.324	0.238	0.137	0.0504
1412	0.324	0.238	0.137	0.0504
1413	0.324	0.238	0.137	0.0504
1414	0.324	0.238	0.137	0.0504
1415	0.324	0.238	0.137	0.0504
1416	0.324	0.238	0.137	0.0504
1417	0.324	0.238	0.137	0.0504
1418	0.324	0.238	0.137	0.0504
1419	0.324	0.237	0.137	0.0503
1420	0.324	0.238	0.137	0.0504
1421	0.324	0.237	0.137	0.0504
1422	0.324	0.237	0.137	0.0503
1423	0.324	0.237	0.137	0.0504
1424	0.324	0.237	0.137	0.0504
1425	0.324	0.237	0.137	0.0504
1426	0.324	0.238	0.137	0.0504
1427	0.324	0.238	0.137	0.0504
1428	0.324	0.238	0.137	0.0504
1429	0.324	0.238	0.137	0.0504
1430	0.324	0.238	0.137	0.0504
1431	0.323	0.238	0.137	0.0504
1432	0.323	0.238	0.137	0.0504
1433	0.323	0.238	0.137	0.0504
1434	0.323	0.238	0.137	0.0504
1435	0.323	0.237	0.137	0.0504
1436	0.323	0.237	0.137	0.0504
1437	0.323	0.237	0.137	0.0505
1438	0.323	0.237	0.137	0.0504
1439	0.323	0.237	0.137	0.0504
1440	0.323	0.237	0.137	0.0504
1441	0.323	0.237	0.137	0.0504
1442	0.323	0.237	0.137	0.0505
1443	0.323	0.237	0.137	0.0505
1444	0.323	0.238	0.136	0.0505
1445	0.323	0.238	0.136	0.0505
1446	0.324	0.236	0.138	0.05
1447	0.326	0.234	0.139	0.0496
1448	0.325	0.234	0.139	0.0497
1449	0.325	0.234	0.139	0.0497
1450	0.325	0.234	0.139	0.0497
1451	0.325	0.234	0.139	0.0497
1452	0.325	0.235	0.138	0.0497
1453	0.325	0.235	0.138	0.0497
1454	0.325	0.235	0.138	0.0498
1455	0.325	0.235	0.138	0.0498
1456	0.325	0.235	0.138	0.0498
1457	0.325	0.235	0.138	0.0498
1458	0.325	0.235	0.138	0.0498
1459	0.325	0.235	0.138	0.0498
1460	0.325	0.235	0.138	0.0498
1461	0.325	0.234	0.138	0.0497
1462	0.325	0.235	0.138	0.0498
1463	0.325	0.235	0.138	0.0498
1464	0.325	0.235	0.138	0.0499
1465	0.325	0.235	0.138	0.0498
1466	0.325	0.235	0.138	0.0498
1467	0.324	0.235	0.138	0.0498
1468	0.325	0.235	0.138	0.0498
1469	0.324	0.235	0.138	0.0498
1470	0.325	0.235	0.138	0.0498
1471	0.324	0.235	0.138	0.0499
1472	0.324	0.235	0.138	0.0498
1473	0.324	0.235	0.138	0.0498
1474	0.324	0.235	0.138	0.0498
1475	0.324	0.235	0.138	0.0498
1476	0.324	0.235	0.138	0.0499
1477	0.324	0.235	0.138	0.0499
1478	0.324	0.235	0.138	0.0498
1479	0.324	0.235	0.138	0.0498
1480	0.324	0.235	0.138	0.0498
1481	0.324	0.235	0.138	0.0498
1482	0.324	0.235	0.138	0.0498
1483	0.324	0.235	0.138	0.0498
1484	0.324	0.235	0.138	0.0498
1485	0.324	0.235	0.138	0.0499
1486	0.324	0.235	0.138	0.0499
1487	0.324	0.235	0.138	0.0499
1488	0.324	0.235	0.138	0.0499
1489	0.324	0.235	0.138	0.0499
1490	0.323	0.235	0.138	0.0499
1491	0.324	0.235	0.138	0.0499
1492	0.323	0.235	0.138	0.0499
1493	0.324	0.235	0.138	0.05
1494	0.324	0.235	0.138	0.0499
1495	0.323	0.235	0.138	0.0499
1496	0.323	0.235	0.138	0.0499
1497	0.324	0.235	0.138	0.0498
1498	0.324	0.235	0.138	0.0499
1499	0.323	0.235	0.138	0.0499
1500	0.323	0.235	0.137	0.0499
1501	0.323	0.235	0.137	0.0499
1502	0.323	0.235	0.137	0.0499
1503	0.323	0.235	0.137	0.0499
1504	0.323	0.235	0.137	0.05
1505	0.323	0.235	0.137	0.0499
1506	0.323	0.235	0.137	0.0499
1507	0.323	0.235	0.137	0.05
1508	0.323	0.235	0.137	0.05
1509	0.323	0.235	0.137	0.05
1510	0.323	0.235	0.137	0.05
1511	0.323	0.235	0.137	0.05
1512	0.323	0.235	0.137	0.05
1513	0.323	0.235	0.137	0.05
1514	0.323	0.235	0.137	0.05
1515	0.322	0.235	0.137	0.05
1516	0.322	0.235	0.137	0.05
1517	0.322	0.235	0.137	0.05
1518	0.322	0.235	0.137	0.05
1519	0.322	0.235	0.137	0.05
1520	0.322	0.235	0.137	0.05
1521	0.322	0.235	0.137	0.05
1522	0.322	0.235	0.137	0.0501
1523	0.322	0.235	0.137	0.05
1524	0.322	0.235	0.137	0.05
1525	0.322	0.235	0.137	0.05
1526	0.322	0.235	0.137	0.0501
1527	0.322	0.235	0.137	0.05
1528	0.322	0.235	0.137	0.0501
1529	0.322	0.235	0.137	0.0501
1530	0.322	0.235	0.137	0.05
1531	0.322	0.235	0.137	0.05
1532	0.322	0.235	0.137	0.05
1533	0.322	0.235	0.137	0.05
1534	0.322	0.235	0.137	0.05
1535	0.322	0.235	0.137	0.05
1536	0.322	0.235	0.137	0.05
1537	0.322	0.235	0.137	0.05
1538	0.322	0.235	0.137	0.05
1539	0.322	0.235	0.137	0.05
1540	0.321	0.235	0.137	0.05
1541	0.321	0.235	0.137	0.05
1542	0.321	0.234	0.137	0.05
1543	0.321	0.235	0.137	0.05
1544	0.321	0.234	0.137	0.05
1545	0.321	0.234	0.137	0.05
1546	0.321	0.234	0.137	0.0501
1547	0.321	0.235	0.137	0.0501
1548	0.321	0.234	0.137	0.05
1549	0.321	0.235	0.137	0.05
1550	0.321	0.235	0.137	0.0501
1551	0.321	0.234	0.137	0.05
1552	0.321	0.234	0.137	0.05
1553	0.321	0.235	0.137	0.0501
1554	0.321	0.234	0.137	0.05
1555	0.321	0.234	0.137	0.0501
1556	0.321	0.235	0.137	0.0501
1557	0.321	0.234	0.137	0.0501
1558	0.321	0.234	0.137	0.0501
1559	0.321	0.234	0.137	0.0501
1560	0.321	0.235	0.137	0.0501
1561	0.321	0.235	0.137	0.0502
1562	0.321	0.235	0.137	0.0501
1563	0.321	0.235	0.137	0.0501
1564	0.32	0.235	0.137	0.0501
1565	0.32	0.234	0.137	0.0501
1566	0.32	0.234	0.137	0.0501
1567	0.32	0.234	0.137	0.0501
1568	0.32	0.235	0.137	0.0501
1569	0.32	0.234	0.137	0.0501
1570	0.32	0.234	0.136	0.0501
1571	0.32	0.234	0.136	0.0501
1572	0.32	0.235	0.136	0.0501
1573	0.32	0.234	0.136	0.0501
1574	0.32	0.235	0.136	0.0501
1575	0.32	0.234	0.136	0.0501
1576	0.32	0.234	0.136	0.0501
1577	0.32	0.234	0.137	0.0501
1578	0.32	0.234	0.136	0.0501
1579	0.32	0.234	0.136	0.0502
1580	0.32	0.234	0.136	0.0501
1581	0.32	0.234	0.136	0.0501
1582	0.32	0.234	0.136	0.0501
1583	0.32	0.234	0.136	0.0501
1584	0.32	0.234	0.136	0.0502
1585	0.32	0.234	0.136	0.0502
1586	0.32	0.234	0.136	0.0501
1587	0.32	0.234	0.136	0.0501
1588	0.319	0.234	0.136	0.0501
1589	0.319	0.234	0.136	0.0501
1590	0.319	0.234	0.136	0.0501
1591	0.319	0.234	0.136	0.0501
1592	0.319	0.234	0.136	0.0501
1593	0.319	0.234	0.136	0.0501
1594	0.319	0.234	0.136	0.0501
1595	0.319	0.234	0.136	0.0501
