Iteration	ValueMean	ValueStddev	DerivMean	DerivStddev
5	-0.00955	0.544	0.63	0.283
6	-0.00367	0.55	0.638	0.28
7	-0.00293	0.542	0.63	0.266
8	-0.00313	0.541	0.631	0.262
9	-0.00136	0.54	0.633	0.259
10	-0.000332	0.535	0.636	0.255
11	-0.000263	0.531	0.638	0.252
12	0.00153	0.526	0.641	0.25
13	0.00313	0.524	0.641	0.249
14	0.00261	0.522	0.642	0.248
15	0.0021	0.519	0.644	0.245
16	0.0015	0.517	0.645	0.245
17	0.00233	0.516	0.644	0.244
18	0.00385	0.515	0.644	0.244
19	0.00371	0.514	0.645	0.243
20	0.00339	0.513	0.645	0.242
21	0.00456	0.512	0.644	0.243
22	0.00423	0.512	0.644	0.242
23	0.00397	0.509	0.646	0.241
24	0.00366	0.509	0.645	0.241
25	0.00475	0.508	0.644	0.241
26	0.00441	0.509	0.643	0.241
27	0.00428	0.508	0.643	0.241
28	0.00369	0.508	0.643	0.241
29	0.00399	0.507	0.643	0.241
30	0.00412	0.507	0.644	0.24
31	0.00291	0.506	0.643	0.24
32	0.00286	0.505	0.644	0.24
33	0.00301	0.505	0.645	0.24
34	0.00238	0.504	0.645	0.24
35	0.00233	0.504	0.645	0.24
36	0.00265	0.504	0.644	0.24
37	0.00226	0.504	0.645	0.24
38	0.0034	0.505	0.643	0.241
39	0.00347	0.504	0.643	0.24
40	0.00375	0.505	0.643	0.241
41	0.00349	0.504	0.644	0.24
42	0.00324	0.504	0.644	0.24
43	0.00334	0.504	0.643	0.24
44	0.00366	0.505	0.643	0.24
45	0.00401	0.504	0.643	0.24
46	0.00361	0.505	0.643	0.241
47	0.00334	0.504	0.643	0.24
48	0.00329	0.503	0.644	0.239
49	0.00277	0.502	0.644	0.239
50	0.00155	0.502	0.644	0.239
51	0.00201	0.503	0.644	0.24
52	0.00183	0.502	0.645	0.239
53	0.00153	0.502	0.645	0.24
54	0.0015	0.502	0.646	0.239
55	0.00153	0.502	0.645	0.239
56	0.00173	0.501	0.646	0.239
57	0.00133	0.502	0.646	0.239
58	0.000804	0.501	0.646	0.239
59	0.000606	0.501	0.646	0.239
60	0.00111	0.501	0.646	0.24
61	0.00108	0.501	0.646	0.24
62	0.00106	0.5	0.647	0.239
63	0.000666	0.5	0.647	0.239
64	0.000585	0.5	0.647	0.239
65	0.000867	0.5	0.647	0.239
66	0.000185	0.499	0.648	0.239
67	0.000365	0.499	0.648	0.239
68	-3.64e-05	0.499	0.648	0.239
69	-0.000112	0.498	0.648	0.238
70	-0.000405	0.498	0.649	0.239
71	-0.000251	0.499	0.648	0.239
72	-0.00105	0.499	0.648	0.239
73	-0.00138	0.499	0.648	0.239
74	-0.00133	0.499	0.648	0.239
75	-0.00154	0.499	0.648	0.239
76	-0.00104	0.499	0.649	0.239
77	-0.000801	0.5	0.648	0.24
78	-0.00102	0.5	0.648	0.24
79	-0.00111	0.499	0.649	0.239
80	-0.000705	0.499	0.649	0.24
81	-0.00104	0.498	0.649	0.24
82	-0.00153	0.497	0.65	0.239
83	-0.00172	0.498	0.65	0.239
84	-0.00172	0.497	0.65	0.239
85	-0.0019	0.497	0.651	0.239
86	-0.00188	0.498	0.65	0.239
87	-0.00204	0.498	0.651	0.239
88	-0.00223	0.497	0.651	0.239
89	-0.00219	0.497	0.651	0.239
90	-0.00209	0.496	0.652	0.24
91	-0.00214	0.497	0.652	0.24
92	-0.00257	0.496	0.652	0.24
93	-0.00313	0.496	0.652	0.24
94	-0.00304	0.496	0.653	0.24
95	-0.0034	0.496	0.653	0.24
96	-0.00343	0.496	0.653	0.24
97	-0.00344	0.495	0.654	0.24
98	-0.00312	0.495	0.653	0.24
99	-0.0031	0.495	0.654	0.24
100	-0.00294	0.495	0.655	0.24
101	-0.00312	0.495	0.654	0.241
102	-0.00315	0.495	0.654	0.241
103	-0.00331	0.494	0.655	0.24
104	-0.00359	0.495	0.654	0.241
105	-0.0033	0.496	0.654	0.241
106	-0.00338	0.495	0.655	0.241
107	-0.00367	0.496	0.654	0.242
108	-0.00402	0.495	0.654	0.241
109	-0.00401	0.495	0.655	0.241
110	-0.00434	0.495	0.655	0.241
111	-0.00438	0.495	0.654	0.242
112	-0.00374	0.495	0.655	0.242
113	-0.00364	0.495	0.655	0.242
114	-0.00401	0.495	0.655	0.242
115	-0.0034	0.494	0.656	0.241
116	-0.00351	0.494	0.656	0.242
117	-0.0033	0.494	0.656	0.242
118	-0.00338	0.493	0.658	0.241
119	-0.00344	0.493	0.657	0.241
120	-0.00345	0.494	0.657	0.242
121	-0.00385	0.492	0.658	0.241
122	-0.00382	0.493	0.658	0.242
123	-0.00374	0.492	0.659	0.242
124	-0.00372	0.492	0.659	0.241
125	-0.00318	0.492	0.659	0.241
126	-0.00342	0.491	0.66	0.241
127	-0.00347	0.491	0.66	0.241
128	-0.00367	0.491	0.66	0.242
129	-0.00354	0.492	0.66	0.242
130	-0.00327	0.491	0.66	0.241
131	-0.00315	0.491	0.66	0.242
132	-0.00291	0.491	0.66	0.242
133	-0.00279	0.49	0.661	0.241
134	-0.00257	0.49	0.661	0.242
135	-0.00263	0.491	0.661	0.242
136	-0.00261	0.489	0.662	0.241
137	-0.00286	0.49	0.662	0.242
138	-0.00283	0.489	0.662	0.242
139	-0.00314	0.489	0.663	0.241
140	-0.00316	0.49	0.663	0.242
141	-0.00303	0.489	0.663	0.242
142	-0.00308	0.489	0.664	0.242
143	-0.0031	0.489	0.663	0.242
144	-0.00332	0.488	0.664	0.242
145	-0.003	0.488	0.664	0.242
146	-0.00264	0.489	0.664	0.243
147	-0.00267	0.488	0.664	0.243
148	-0.0027	0.488	0.665	0.242
149	-0.00349	0.488	0.665	0.242
150	-0.00311	0.488	0.665	0.242
151	-0.00304	0.488	0.665	0.242
152	-0.00336	0.488	0.665	0.242
153	-0.00352	0.488	0.665	0.242
154	-0.00287	0.488	0.665	0.242
155	-0.00299	0.488	0.665	0.243
156	-0.0029	0.488	0.665	0.243
157	-0.00278	0.487	0.666	0.242
158	-0.00319	0.487	0.666	0.243
159	-0.00324	0.487	0.666	0.243
160	-0.00269	0.487	0.667	0.243
161	-0.00273	0.487	0.666	0.243
162	-0.00264	0.487	0.666	0.243
163	-0.00297	0.486	0.667	0.243
164	-0.00322	0.487	0.667	0.243
165	-0.00288	0.486	0.667	0.243
166	-0.00294	0.485	0.668	0.242
167	-0.00307	0.486	0.668	0.242
168	-0.00298	0.486	0.667	0.243
169	-0.00324	0.485	0.669	0.242
170	-0.00334	0.485	0.668	0.243
171	-0.00364	0.486	0.668	0.243
172	-0.00365	0.485	0.669	0.243
173	-0.00398	0.485	0.669	0.243
174	-0.0038	0.485	0.669	0.243
175	-0.00372	0.485	0.67	0.243
176	-0.00331	0.486	0.669	0.244
177	-0.0032	0.485	0.67	0.243
178	-0.00329	0.484	0.67	0.243
179	-0.00386	0.485	0.67	0.243
180	-0.00385	0.484	0.67	0.243
181	-0.00404	0.483	0.671	0.243
182	-0.00418	0.483	0.671	0.243
183	-0.0037	0.483	0.671	0.243
184	-0.00395	0.483	0.672	0.242
185	-0.00352	0.484	0.671	0.243
186	-0.00336	0.483	0.671	0.243
187	-0.00369	0.483	0.671	0.243
188	-0.0037	0.482	0.672	0.242
189	-0.00283	0.483	0.672	0.243
190	-0.00307	0.482	0.672	0.243
191	-0.00267	0.481	0.673	0.242
192	-0.00298	0.482	0.673	0.243
193	-0.00289	0.482	0.672	0.243
194	-0.00325	0.481	0.673	0.242
195	-0.00304	0.482	0.673	0.243
196	-0.00306	0.482	0.673	0.243
197	-0.00278	0.482	0.673	0.243
198	-0.00333	0.481	0.673	0.243
199	-0.00327	0.481	0.673	0.243
200	-0.00339	0.481	0.674	0.242
201	-0.00325	0.481	0.674	0.243
202	-0.00315	0.481	0.674	0.243
203	-0.00339	0.48	0.675	0.243
204	-0.00303	0.481	0.674	0.243
205	-0.00301	0.481	0.674	0.243
206	-0.00289	0.48	0.675	0.242
207	-0.00304	0.48	0.675	0.243
208	-0.00304	0.48	0.675	0.243
209	-0.00306	0.48	0.675	0.242
210	-0.00327	0.48	0.675	0.243
211	-0.00318	0.48	0.676	0.242
212	-0.00332	0.48	0.676	0.242
213	-0.00377	0.48	0.675	0.243
214	-0.00363	0.479	0.676	0.242
215	-0.00331	0.479	0.676	0.242
216	-0.00321	0.48	0.676	0.243
217	-0.00337	0.48	0.676	0.242
218	-0.0036	0.479	0.677	0.242
219	-0.00368	0.479	0.676	0.243
220	-0.00338	0.479	0.676	0.242
221	-0.00354	0.479	0.677	0.243
222	-0.00338	0.479	0.677	0.242
223	-0.00388	0.478	0.677	0.243
224	-0.00421	0.478	0.677	0.242
225	-0.00461	0.478	0.677	0.242
226	-0.00424	0.478	0.677	0.242
227	-0.00455	0.478	0.678	0.243
228	-0.0042	0.478	0.678	0.243
229	-0.00408	0.477	0.678	0.242
230	-0.00414	0.478	0.678	0.243
231	-0.0042	0.478	0.678	0.243
232	-0.00405	0.478	0.678	0.243
233	-0.00441	0.477	0.679	0.243
234	-0.00393	0.478	0.678	0.243
235	-0.0037	0.477	0.678	0.242
236	-0.00383	0.477	0.679	0.242
237	-0.00363	0.477	0.679	0.242
238	-0.00372	0.478	0.678	0.243
239	-0.00399	0.477	0.679	0.242
240	-0.00409	0.478	0.678	0.243
241	-0.00387	0.477	0.679	0.243
242	-0.00394	0.476	0.679	0.242
243	-0.004	0.477	0.679	0.243
244	-0.00397	0.476	0.679	0.242
245	-0.00371	0.476	0.68	0.242
246	-0.00342	0.477	0.679	0.243
247	-0.00361	0.476	0.68	0.243
248	-0.00363	0.476	0.68	0.242
249	-0.00368	0.476	0.68	0.243
250	-0.00374	0.476	0.68	0.243
251	-0.00351	0.475	0.681	0.243
252	-0.00345	0.476	0.681	0.243
253	-0.00352	0.475	0.681	0.242
254	-0.00317	0.475	0.681	0.243
255	-0.00322	0.475	0.681	0.243
256	-0.00339	0.475	0.681	0.243
257	-0.00332	0.474	0.682	0.242
258	-0.00336	0.475	0.682	0.243
259	-0.00323	0.474	0.682	0.242
260	-0.00286	0.474	0.682	0.242
261	-0.00327	0.474	0.682	0.242
262	-0.003	0.474	0.683	0.242
263	-0.00299	0.473	0.683	0.242
264	-0.00331	0.474	0.682	0.242
265	-0.00359	0.474	0.683	0.242
266	-0.00358	0.473	0.684	0.242
267	-0.00345	0.474	0.683	0.242
268	-0.00344	0.473	0.683	0.242
269	-0.00347	0.473	0.684	0.242
270	-0.00352	0.474	0.683	0.242
271	-0.00376	0.473	0.683	0.242
272	-0.00355	0.472	0.685	0.242
273	-0.00365	0.472	0.685	0.242
274	-0.00352	0.472	0.685	0.242
275	-0.00378	0.471	0.685	0.241
276	-0.00402	0.472	0.685	0.242
277	-0.00398	0.471	0.686	0.242
278	-0.00368	0.471	0.686	0.242
279	-0.00392	0.472	0.686	0.242
280	-0.00369	0.472	0.685	0.242
281	-0.00401	0.472	0.685	0.242
282	-0.00432	0.472	0.686	0.242
283	-0.00424	0.471	0.686	0.242
284	-0.00407	0.47	0.687	0.242
285	-0.00465	0.471	0.686	0.242
286	-0.00451	0.471	0.686	0.242
287	-0.00446	0.471	0.687	0.242
288	-0.00479	0.471	0.687	0.242
289	-0.00443	0.47	0.687	0.242
290	-0.00437	0.47	0.687	0.242
291	-0.00438	0.47	0.687	0.242
292	-0.00437	0.47	0.687	0.242
293	-0.00475	0.47	0.687	0.242
294	-0.00463	0.47	0.687	0.243
295	-0.00461	0.47	0.687	0.242
296	-0.00448	0.47	0.688	0.242
297	-0.00443	0.47	0.687	0.243
298	-0.0048	0.47	0.687	0.242
299	-0.00477	0.469	0.688	0.242
300	-0.0044	0.47	0.688	0.242
301	-0.0039	0.469	0.688	0.242
302	-0.00414	0.469	0.688	0.241
303	-0.00434	0.47	0.688	0.242
304	-0.0048	0.469	0.688	0.242
305	-0.00495	0.469	0.688	0.242
306	-0.00488	0.469	0.688	0.242
307	-0.00532	0.469	0.688	0.242
308	-0.00451	0.469	0.689	0.242
309	-0.00456	0.469	0.689	0.242
310	-0.00493	0.469	0.689	0.242
311	-0.00507	0.468	0.689	0.242
312	-0.00491	0.469	0.689	0.242
313	-0.00474	0.468	0.689	0.242
314	-0.00521	0.468	0.69	0.242
315	-0.00513	0.468	0.69	0.242
316	-0.00517	0.468	0.69	0.242
317	-0.00474	0.468	0.69	0.242
318	-0.00451	0.468	0.69	0.242
319	-0.00429	0.467	0.69	0.242
320	-0.00435	0.467	0.69	0.242
321	-0.00441	0.467	0.691	0.242
322	-0.0046	0.467	0.691	0.242
323	-0.00466	0.467	0.691	0.242
324	-0.00485	0.467	0.692	0.242
325	-0.00435	0.467	0.691	0.242
326	-0.00448	0.466	0.692	0.242
327	-0.00444	0.466	0.692	0.242
328	-0.0044	0.466	0.692	0.242
329	-0.00475	0.466	0.692	0.241
330	-0.00496	0.466	0.692	0.242
331	-0.00505	0.466	0.692	0.242
332	-0.00509	0.466	0.692	0.242
333	-0.00495	0.466	0.692	0.242
334	-0.00455	0.466	0.692	0.242
335	-0.00415	0.466	0.692	0.242
336	-0.00423	0.465	0.693	0.241
337	-0.00437	0.465	0.693	0.241
338	-0.00416	0.466	0.692	0.242
339	-0.00393	0.465	0.693	0.241
340	-0.00413	0.465	0.693	0.241
341	-0.00461	0.465	0.693	0.242
342	-0.00465	0.465	0.693	0.241
343	-0.00458	0.465	0.693	0.241
344	-0.00435	0.466	0.692	0.242
345	-0.00443	0.466	0.693	0.242
346	-0.00419	0.466	0.693	0.242
347	-0.00414	0.465	0.693	0.241
348	-0.00404	0.465	0.693	0.241
349	-0.00396	0.466	0.693	0.242
350	-0.00418	0.465	0.694	0.241
351	-0.00377	0.465	0.694	0.241
352	-0.00411	0.465	0.694	0.242
353	-0.00402	0.465	0.694	0.241
354	-0.00385	0.465	0.694	0.242
355	-0.00364	0.465	0.694	0.242
356	-0.00368	0.464	0.695	0.242
357	-0.00378	0.464	0.695	0.241
358	-0.00413	0.464	0.695	0.241
359	-0.004	0.464	0.695	0.241
360	-0.00409	0.464	0.695	0.241
361	-0.00413	0.464	0.695	0.242
362	-0.00402	0.464	0.695	0.242
363	-0.0041	0.464	0.695	0.242
364	-0.00417	0.464	0.695	0.241
365	-0.00421	0.464	0.695	0.242
366	-0.00421	0.464	0.695	0.242
367	-0.00428	0.464	0.695	0.242
368	-0.00434	0.464	0.695	0.242
369	-0.00467	0.463	0.695	0.241
370	-0.00478	0.463	0.696	0.241
371	-0.00429	0.463	0.696	0.242
372	-0.00446	0.462	0.697	0.241
373	-0.00453	0.463	0.696	0.241
374	-0.00408	0.462	0.697	0.241
375	-0.00415	0.462	0.697	0.242
376	-0.00422	0.463	0.697	0.242
377	-0.00406	0.462	0.697	0.241
378	-0.00428	0.462	0.697	0.241
379	-0.00406	0.462	0.697	0.242
380	-0.00385	0.461	0.698	0.241
381	-0.00365	0.461	0.698	0.241
382	-0.00368	0.462	0.698	0.242
383	-0.00385	0.461	0.698	0.242
384	-0.00378	0.461	0.698	0.241
385	-0.00387	0.461	0.698	0.241
386	-0.00426	0.461	0.699	0.241
387	-0.00437	0.46	0.699	0.241
388	-0.00441	0.46	0.699	0.241
389	-0.00415	0.46	0.699	0.241
390	-0.0041	0.46	0.699	0.241
391	-0.00397	0.46	0.699	0.241
392	-0.0041	0.46	0.699	0.241
393	-0.00397	0.459	0.7	0.241
394	-0.004	0.46	0.7	0.241
395	-0.00415	0.46	0.7	0.241
396	-0.00435	0.46	0.7	0.241
397	-0.00415	0.46	0.699	0.241
398	-0.00397	0.46	0.7	0.241
399	-0.00419	0.46	0.7	0.241
400	-0.00407	0.46	0.7	0.241
401	-0.00403	0.459	0.7	0.241
402	-0.00419	0.459	0.7	0.241
403	-0.00397	0.459	0.7	0.241
404	-0.00406	0.459	0.701	0.241
405	-0.00399	0.459	0.701	0.241
406	-0.00409	0.459	0.701	0.241
407	-0.00433	0.459	0.701	0.24
408	-0.00403	0.459	0.701	0.241
409	-0.00381	0.459	0.701	0.241
410	-0.004	0.459	0.701	0.241
411	-0.004	0.458	0.701	0.241
412	-0.00439	0.458	0.701	0.241
413	-0.00432	0.458	0.701	0.241
414	-0.0046	0.458	0.701	0.241
415	-0.0047	0.458	0.702	0.241
416	-0.00473	0.458	0.702	0.24
417	-0.00436	0.457	0.702	0.24
418	-0.00438	0.457	0.702	0.24
419	-0.00454	0.457	0.702	0.24
420	-0.00463	0.457	0.702	0.24
421	-0.00457	0.457	0.703	0.24
422	-0.00473	0.457	0.703	0.24
423	-0.00476	0.457	0.703	0.24
424	-0.0047	0.457	0.703	0.24
425	-0.00482	0.457	0.703	0.24
426	-0.00492	0.457	0.703	0.24
427	-0.00462	0.457	0.703	0.24
428	-0.00469	0.456	0.704	0.24
429	-0.00441	0.456	0.704	0.24
430	-0.00445	0.457	0.703	0.24
431	-0.00463	0.456	0.704	0.24
432	-0.00463	0.456	0.704	0.24
433	-0.00467	0.456	0.704	0.24
434	-0.00448	0.456	0.704	0.24
435	-0.00442	0.456	0.704	0.24
436	-0.0043	0.456	0.704	0.24
437	-0.00446	0.456	0.704	0.24
438	-0.00446	0.456	0.704	0.24
439	-0.00464	0.456	0.704	0.24
440	-0.00483	0.455	0.705	0.239
441	-0.00469	0.456	0.704	0.24
442	-0.00464	0.456	0.704	0.24
443	-0.0047	0.455	0.705	0.24
444	-0.00457	0.455	0.705	0.24
445	-0.00452	0.456	0.704	0.241
446	-0.00446	0.455	0.705	0.24
447	-0.00466	0.455	0.705	0.24
448	-0.0047	0.455	0.705	0.24
449	-0.0046	0.455	0.706	0.24
450	-0.00453	0.455	0.705	0.24
451	-0.00452	0.455	0.705	0.24
452	-0.00442	0.455	0.706	0.24
453	-0.00441	0.455	0.705	0.24
454	-0.00422	0.454	0.706	0.24
455	-0.00441	0.454	0.706	0.239
456	-0.00457	0.455	0.706	0.24
457	-0.00466	0.454	0.706	0.24
458	-0.0051	0.454	0.706	0.24
459	-0.00506	0.454	0.707	0.24
460	-0.00519	0.454	0.706	0.24
461	-0.00509	0.453	0.707	0.239
462	-0.00505	0.454	0.706	0.24
463	-0.00496	0.453	0.707	0.24
464	-0.00505	0.453	0.707	0.239
465	-0.00473	0.454	0.706	0.24
466	-0.00452	0.454	0.707	0.24
467	-0.00447	0.453	0.707	0.24
468	-0.00464	0.453	0.707	0.24
469	-0.00467	0.454	0.707	0.24
470	-0.00473	0.453	0.708	0.239
471	-0.00488	0.453	0.707	0.24
472	-0.00472	0.453	0.708	0.24
473	-0.00481	0.452	0.708	0.239
474	-0.00461	0.453	0.708	0.24
475	-0.00465	0.453	0.708	0.24
476	-0.00465	0.453	0.708	0.24
477	-0.00476	0.453	0.708	0.24
478	-0.00472	0.453	0.708	0.24
479	-0.00451	0.452	0.708	0.24
480	-0.00445	0.453	0.708	0.24
481	-0.00454	0.453	0.708	0.24
482	-0.00415	0.452	0.709	0.24
483	-0.00416	0.453	0.708	0.24
484	-0.00419	0.453	0.708	0.24
485	-0.00433	0.452	0.709	0.24
486	-0.00412	0.452	0.709	0.24
487	-0.00428	0.452	0.709	0.24
488	-0.00444	0.452	0.709	0.24
489	-0.00423	0.452	0.709	0.24
490	-0.00434	0.452	0.709	0.24
491	-0.00449	0.451	0.71	0.24
492	-0.00475	0.451	0.71	0.24
493	-0.00469	0.451	0.71	0.24
494	-0.00443	0.451	0.71	0.239
495	-0.00479	0.451	0.71	0.24
496	-0.0049	0.451	0.71	0.24
497	-0.00469	0.45	0.711	0.239
498	-0.00454	0.451	0.71	0.24
499	-0.00471	0.451	0.71	0.24
500	-0.00461	0.451	0.71	0.24
501	-0.00446	0.451	0.71	0.24
502	-0.00445	0.451	0.71	0.24
503	-0.00466	0.451	0.71	0.239
504	-0.00448	0.451	0.711	0.24
505	-0.00456	0.451	0.71	0.24
506	-0.00455	0.45	0.711	0.239
507	-0.00468	0.451	0.711	0.24
508	-0.00468	0.45	0.711	0.239
509	-0.0048	0.45	0.711	0.239
510	-0.00496	0.45	0.711	0.239
511	-0.00525	0.45	0.712	0.239
512	-0.00485	0.45	0.712	0.239
513	-0.00509	0.449	0.712	0.239
514	-0.00503	0.45	0.711	0.24
515	-0.005	0.449	0.712	0.239
516	-0.00503	0.449	0.712	0.239
517	-0.00487	0.449	0.712	0.239
518	-0.00479	0.448	0.713	0.239
519	-0.00485	0.448	0.713	0.239
520	-0.00472	0.449	0.712	0.24
521	-0.00492	0.448	0.713	0.239
522	-0.00474	0.449	0.713	0.239
523	-0.00465	0.449	0.712	0.24
524	-0.00482	0.448	0.713	0.239
525	-0.00484	0.449	0.713	0.239
526	-0.00493	0.448	0.713	0.239
527	-0.00497	0.448	0.713	0.239
528	-0.00497	0.448	0.713	0.239
529	-0.00489	0.448	0.713	0.239
530	-0.00494	0.448	0.714	0.239
531	-0.00515	0.448	0.713	0.239
532	-0.00512	0.448	0.714	0.239
533	-0.00515	0.448	0.714	0.239
534	-0.00505	0.448	0.713	0.239
535	-0.00504	0.447	0.714	0.239
536	-0.00494	0.447	0.714	0.239
537	-0.00469	0.448	0.713	0.239
538	-0.005	0.448	0.714	0.239
539	-0.00474	0.447	0.714	0.239
540	-0.0049	0.448	0.714	0.239
541	-0.00475	0.447	0.714	0.239
542	-0.00465	0.447	0.715	0.239
543	-0.00476	0.447	0.714	0.239
544	-0.00458	0.447	0.714	0.239
545	-0.00458	0.447	0.715	0.239
546	-0.00464	0.447	0.715	0.239
547	-0.00458	0.447	0.714	0.239
548	-0.00484	0.447	0.714	0.239
549	-0.00483	0.447	0.714	0.239
550	-0.00459	0.447	0.715	0.239
551	-0.00443	0.447	0.715	0.239
552	-0.00463	0.447	0.715	0.239
553	-0.00479	0.446	0.715	0.239
554	-0.00496	0.446	0.715	0.239
555	-0.00484	0.447	0.715	0.239
556	-0.00457	0.446	0.715	0.239
557	-0.00477	0.446	0.716	0.238
558	-0.00497	0.446	0.715	0.239
559	-0.00512	0.446	0.716	0.239
560	-0.00525	0.446	0.716	0.239
561	-0.0051	0.446	0.715	0.239
562	-0.00526	0.446	0.716	0.239
563	-0.00519	0.446	0.716	0.239
564	-0.00523	0.446	0.716	0.239
565	-0.00517	0.446	0.716	0.238
566	-0.00517	0.445	0.717	0.238
567	-0.00539	0.446	0.716	0.239
568	-0.00541	0.445	0.716	0.238
569	-0.00525	0.445	0.717	0.238
570	-0.0053	0.445	0.716	0.239
571	-0.00555	0.445	0.717	0.238
572	-0.00562	0.445	0.717	0.238
573	-0.00566	0.445	0.717	0.238
574	-0.00557	0.445	0.716	0.238
575	-0.00571	0.444	0.717	0.238
576	-0.00584	0.445	0.717	0.238
577	-0.0057	0.445	0.717	0.238
578	-0.0062	0.445	0.717	0.238
579	-0.00617	0.445	0.717	0.239
580	-0.00609	0.444	0.718	0.238
581	-0.00615	0.444	0.718	0.238
582	-0.00603	0.444	0.718	0.238
583	-0.00587	0.444	0.718	0.238
584	-0.00586	0.444	0.718	0.238
585	-0.00596	0.444	0.718	0.238
586	-0.00581	0.444	0.718	0.238
587	-0.00595	0.443	0.719	0.238
588	-0.00607	0.444	0.718	0.238
589	-0.00609	0.444	0.718	0.238
590	-0.0063	0.443	0.718	0.238
591	-0.00633	0.444	0.718	0.238
592	-0.00639	0.443	0.718	0.238
593	-0.00636	0.443	0.719	0.237
594	-0.00606	0.443	0.718	0.238
595	-0.00603	0.443	0.718	0.238
596	-0.00602	0.443	0.719	0.238
597	-0.00596	0.443	0.719	0.238
598	-0.00586	0.443	0.719	0.238
599	-0.00588	0.443	0.719	0.238
600	-0.00605	0.443	0.719	0.238
601	-0.00565	0.443	0.719	0.238
602	-0.00591	0.443	0.719	0.238
603	-0.00609	0.444	0.719	0.238
604	-0.00588	0.443	0.719	0.238
605	-0.00578	0.443	0.719	0.238
606	-0.00575	0.444	0.719	0.238
607	-0.00562	0.443	0.719	0.238
608	-0.00571	0.443	0.72	0.238
609	-0.00574	0.443	0.719	0.238
610	-0.00562	0.443	0.719	0.238
611	-0.00554	0.443	0.719	0.238
612	-0.00565	0.443	0.719	0.238
613	-0.00555	0.443	0.72	0.238
614	-0.00542	0.442	0.72	0.238
615	-0.00534	0.443	0.719	0.238
616	-0.00553	0.442	0.72	0.238
617	-0.00561	0.443	0.72	0.238
618	-0.00588	0.443	0.72	0.238
619	-0.00574	0.442	0.72	0.238
620	-0.00585	0.442	0.721	0.238
621	-0.00563	0.442	0.72	0.238
622	-0.00569	0.441	0.721	0.237
623	-0.00569	0.442	0.72	0.238
624	-0.00575	0.442	0.721	0.238
625	-0.0058	0.441	0.721	0.237
626	-0.00592	0.441	0.721	0.238
627	-0.00595	0.442	0.721	0.238
628	-0.00616	0.441	0.721	0.238
629	-0.00618	0.441	0.721	0.238
630	-0.0061	0.441	0.721	0.237
631	-0.00607	0.441	0.721	0.237
632	-0.00593	0.441	0.721	0.237
633	-0.00612	0.441	0.721	0.238
634	-0.00611	0.441	0.721	0.238
635	-0.0059	0.441	0.722	0.237
636	-0.00623	0.441	0.721	0.238
637	-0.00624	0.441	0.722	0.237
638	-0.00626	0.441	0.722	0.237
639	-0.00624	0.441	0.722	0.238
640	-0.00625	0.441	0.722	0.238
641	-0.00599	0.44	0.722	0.237
642	-0.00597	0.441	0.722	0.237
643	-0.00589	0.441	0.722	0.237
644	-0.00586	0.441	0.722	0.237
645	-0.00592	0.441	0.722	0.238
646	-0.00569	0.441	0.722	0.237
647	-0.00593	0.441	0.722	0.238
648	-0.00589	0.441	0.722	0.238
649	-0.00576	0.44	0.722	0.237
650	-0.00579	0.44	0.722	0.237
651	-0.00589	0.44	0.722	0.237
652	-0.00604	0.44	0.723	0.237
653	-0.00614	0.44	0.723	0.237
654	-0.00627	0.44	0.723	0.237
655	-0.00607	0.44	0.723	0.237
656	-0.00627	0.44	0.723	0.237
657	-0.0065	0.44	0.723	0.237
658	-0.00652	0.44	0.723	0.237
659	-0.00664	0.44	0.723	0.237
660	-0.00652	0.44	0.723	0.238
661	-0.00644	0.44	0.723	0.238
662	-0.0061	0.439	0.723	0.237
663	-0.00603	0.44	0.723	0.238
664	-0.00618	0.44	0.723	0.238
665	-0.00612	0.44	0.723	0.238
666	-0.00599	0.44	0.723	0.238
667	-0.00571	0.439	0.723	0.237
668	-0.00571	0.439	0.724	0.237
669	-0.00589	0.44	0.723	0.238
670	-0.00573	0.439	0.724	0.237
671	-0.00607	0.439	0.724	0.237
672	-0.00606	0.439	0.724	0.237
673	-0.00605	0.439	0.724	0.237
674	-0.00615	0.439	0.724	0.237
675	-0.00633	0.439	0.724	0.237
676	-0.0065	0.438	0.724	0.237
677	-0.00641	0.438	0.724	0.237
678	-0.00616	0.438	0.724	0.237
679	-0.00611	0.438	0.724	0.237
680	-0.00606	0.438	0.724	0.237
681	-0.00637	0.438	0.725	0.237
682	-0.00627	0.438	0.725	0.237
683	-0.0063	0.438	0.725	0.237
684	-0.00612	0.439	0.725	0.237
685	-0.00614	0.438	0.725	0.237
686	-0.00634	0.438	0.725	0.237
687	-0.00626	0.438	0.725	0.237
688	-0.00618	0.439	0.725	0.237
689	-0.00601	0.438	0.725	0.237
690	-0.00605	0.438	0.725	0.237
691	-0.00599	0.438	0.725	0.237
692	-0.00608	0.438	0.725	0.237
693	-0.00633	0.438	0.725	0.237
694	-0.00624	0.438	0.725	0.237
695	-0.00632	0.438	0.725	0.237
696	-0.00618	0.438	0.725	0.237
697	-0.00617	0.438	0.726	0.237
698	-0.00608	0.438	0.726	0.237
699	-0.00608	0.438	0.725	0.237
700	-0.0062	0.438	0.725	0.237
701	-0.00623	0.438	0.726	0.237
702	-0.00622	0.438	0.726	0.237
703	-0.00624	0.437	0.726	0.237
704	-0.0064	0.437	0.726	0.237
705	-0.00631	0.437	0.726	0.236
706	-0.00611	0.437	0.726	0.236
707	-0.00628	0.437	0.726	0.237
708	-0.00635	0.437	0.726	0.237
709	-0.00629	0.437	0.726	0.237
710	-0.0062	0.437	0.726	0.237
711	-0.00619	0.437	0.726	0.237
712	-0.00644	0.437	0.726	0.237
713	-0.00641	0.437	0.726	0.237
714	-0.00649	0.437	0.727	0.237
715	-0.00627	0.437	0.727	0.237
716	-0.00625	0.437	0.727	0.237
717	-0.00629	0.437	0.727	0.237
718	-0.00635	0.436	0.727	0.237
719	-0.00605	0.436	0.727	0.237
720	-0.00619	0.437	0.727	0.237
721	-0.00608	0.437	0.727	0.237
722	-0.00614	0.437	0.727	0.237
723	-0.00613	0.436	0.727	0.237
724	-0.00612	0.437	0.727	0.237
725	-0.00616	0.436	0.727	0.237
726	-0.00593	0.436	0.727	0.236
727	-0.0062	0.436	0.728	0.237
728	-0.00607	0.436	0.728	0.237
729	-0.00623	0.436	0.728	0.236
730	-0.00634	0.436	0.728	0.236
731	-0.00644	0.436	0.728	0.236
732	-0.00646	0.435	0.728	0.236
733	-0.00627	0.436	0.728	0.236
734	-0.00631	0.435	0.728	0.236
735	-0.00636	0.436	0.728	0.236
736	-0.00644	0.436	0.728	0.236
737	-0.00664	0.435	0.728	0.236
738	-0.00639	0.435	0.728	0.236
739	-0.00626	0.435	0.728	0.236
740	-0.00646	0.435	0.728	0.236
741	-0.00658	0.436	0.728	0.236
742	-0.00655	0.435	0.728	0.236
743	-0.0065	0.435	0.729	0.236
744	-0.00631	0.435	0.729	0.236
745	-0.00632	0.435	0.729	0.236
746	-0.00614	0.435	0.728	0.236
747	-0.00626	0.435	0.728	0.236
748	-0.00633	0.435	0.729	0.236
749	-0.00641	0.435	0.729	0.236
750	-0.00635	0.435	0.729	0.236
751	-0.00634	0.435	0.729	0.236
752	-0.00653	0.435	0.729	0.236
753	-0.00644	0.435	0.729	0.236
754	-0.00646	0.435	0.729	0.236
755	-0.00631	0.435	0.729	0.236
756	-0.00626	0.435	0.729	0.236
757	-0.00641	0.435	0.729	0.236
758	-0.00637	0.434	0.729	0.236
759	-0.00641	0.434	0.729	0.236
760	-0.00635	0.435	0.729	0.236
761	-0.00625	0.435	0.729	0.236
762	-0.00609	0.434	0.729	0.236
763	-0.00595	0.434	0.73	0.236
764	-0.00593	0.435	0.729	0.236
765	-0.00607	0.435	0.729	0.236
766	-0.00609	0.434	0.73	0.236
767	-0.00601	0.434	0.73	0.236
768	-0.00617	0.434	0.73	0.236
769	-0.00634	0.434	0.73	0.236
770	-0.00619	0.434	0.73	0.236
771	-0.00621	0.434	0.73	0.236
772	-0.00625	0.434	0.73	0.236
773	-0.00643	0.434	0.73	0.236
774	-0.00673	0.434	0.73	0.236
775	-0.00687	0.434	0.73	0.236
776	-0.00652	0.433	0.731	0.236
777	-0.0066	0.434	0.73	0.236
778	-0.00662	0.433	0.731	0.235
779	-0.00653	0.433	0.731	0.236
780	-0.00658	0.433	0.731	0.236
781	-0.00653	0.433	0.731	0.236
782	-0.00658	0.433	0.731	0.236
783	-0.00653	0.433	0.731	0.236
784	-0.00669	0.434	0.731	0.236
785	-0.0065	0.433	0.731	0.236
786	-0.0065	0.433	0.731	0.235
787	-0.00654	0.433	0.731	0.235
788	-0.00658	0.433	0.731	0.235
789	-0.0066	0.433	0.731	0.236
790	-0.00664	0.433	0.731	0.235
791	-0.00638	0.433	0.731	0.236
792	-0.00642	0.433	0.731	0.236
793	-0.0064	0.433	0.731	0.235
794	-0.00653	0.432	0.732	0.235
795	-0.00639	0.432	0.732	0.235
796	-0.00638	0.432	0.732	0.235
797	-0.00662	0.432	0.732	0.235
798	-0.00663	0.432	0.732	0.235
799	-0.00672	0.432	0.732	0.235
800	-0.00644	0.432	0.732	0.235
801	-0.0067	0.432	0.732	0.235
802	-0.00684	0.431	0.733	0.235
803	-0.00673	0.432	0.732	0.235
804	-0.00641	0.431	0.733	0.235
805	-0.00669	0.431	0.733	0.235
806	-0.00678	0.432	0.732	0.235
807	-0.00661	0.431	0.733	0.235
808	-0.00658	0.431	0.733	0.235
809	-0.00669	0.432	0.732	0.235
810	-0.00655	0.432	0.733	0.235
811	-0.00668	0.432	0.733	0.235
812	-0.00679	0.431	0.733	0.235
813	-0.00694	0.431	0.733	0.235
814	-0.00692	0.431	0.733	0.235
815	-0.00685	0.431	0.733	0.235
816	-0.00663	0.432	0.732	0.235
817	-0.00644	0.431	0.733	0.235
818	-0.00639	0.431	0.733	0.235
819	-0.00643	0.431	0.733	0.235
820	-0.00648	0.431	0.733	0.235
821	-0.00619	0.431	0.733	0.235
822	-0.00619	0.431	0.733	0.235
823	-0.00631	0.431	0.734	0.235
824	-0.00648	0.43	0.734	0.235
825	-0.00653	0.43	0.734	0.234
826	-0.00654	0.43	0.734	0.235
827	-0.00643	0.43	0.734	0.235
828	-0.00655	0.43	0.734	0.235
829	-0.00657	0.43	0.734	0.234
830	-0.00654	0.43	0.734	0.235
831	-0.00652	0.43	0.734	0.235
832	-0.00634	0.43	0.734	0.234
833	-0.00644	0.43	0.734	0.235
834	-0.00658	0.43	0.734	0.234
835	-0.00654	0.43	0.735	0.234
836	-0.0066	0.43	0.734	0.234
837	-0.00654	0.43	0.734	0.234
838	-0.00661	0.43	0.734	0.235
839	-0.00656	0.43	0.734	0.234
840	-0.00681	0.43	0.734	0.234
841	-0.0065	0.429	0.735	0.234
842	-0.00649	0.43	0.735	0.234
843	-0.00669	0.43	0.735	0.234
844	-0.00691	0.429	0.735	0.234
845	-0.00674	0.43	0.735	0.234
846	-0.0067	0.429	0.735	0.234
847	-0.00684	0.429	0.735	0.234
848	-0.00684	0.43	0.735	0.235
849	-0.00701	0.429	0.735	0.235
850	-0.00689	0.429	0.735	0.234
851	-0.00695	0.429	0.735	0.234
852	-0.0067	0.429	0.735	0.234
853	-0.00655	0.429	0.735	0.234
854	-0.00676	0.429	0.735	0.235
855	-0.00673	0.429	0.735	0.235
856	-0.00684	0.429	0.735	0.234
857	-0.00678	0.429	0.735	0.235
858	-0.00675	0.429	0.735	0.234
859	-0.00684	0.429	0.736	0.234
860	-0.00692	0.429	0.735	0.234
861	-0.00693	0.429	0.736	0.234
862	-0.00697	0.429	0.736	0.234
863	-0.0071	0.429	0.736	0.235
864	-0.00714	0.428	0.736	0.234
865	-0.00738	0.428	0.736	0.234
866	-0.00722	0.429	0.736	0.234
867	-0.00708	0.429	0.736	0.234
868	-0.00698	0.428	0.736	0.234
869	-0.0073	0.428	0.736	0.234
870	-0.00724	0.428	0.736	0.234
871	-0.00721	0.428	0.736	0.234
872	-0.0072	0.428	0.736	0.234
873	-0.00745	0.429	0.736	0.234
874	-0.00764	0.428	0.736	0.234
875	-0.00742	0.428	0.737	0.234
876	-0.00732	0.428	0.736	0.234
877	-0.00728	0.428	0.737	0.234
878	-0.00735	0.428	0.737	0.234
879	-0.00738	0.428	0.737	0.234
880	-0.00725	0.428	0.737	0.234
881	-0.0074	0.428	0.737	0.234
882	-0.00723	0.428	0.737	0.234
883	-0.00731	0.428	0.737	0.234
884	-0.00736	0.428	0.737	0.234
885	-0.00735	0.428	0.737	0.234
886	-0.00742	0.427	0.737	0.234
887	-0.00741	0.427	0.737	0.234
888	-0.00745	0.427	0.737	0.234
889	-0.00737	0.427	0.737	0.234
890	-0.00733	0.428	0.737	0.234
891	-0.00721	0.428	0.737	0.234
892	-0.00716	0.427	0.738	0.234
893	-0.00705	0.427	0.737	0.234
894	-0.00713	0.428	0.737	0.234
895	-0.00704	0.427	0.737	0.234
896	-0.0072	0.428	0.737	0.234
897	-0.00703	0.427	0.737	0.234
898	-0.00704	0.427	0.738	0.234
899	-0.00708	0.427	0.737	0.234
900	-0.00704	0.427	0.738	0.234
901	-0.00709	0.427	0.738	0.234
902	-0.00739	0.427	0.738	0.234
903	-0.00727	0.427	0.737	0.234
904	-0.0075	0.427	0.738	0.233
905	-0.00711	0.427	0.737	0.234
906	-0.00718	0.427	0.738	0.234
907	-0.00726	0.427	0.738	0.233
908	-0.0074	0.427	0.738	0.234
909	-0.00729	0.427	0.738	0.233
910	-0.00743	0.427	0.738	0.234
911	-0.00743	0.427	0.738	0.234
912	-0.00753	0.427	0.738	0.234
913	-0.0075	0.426	0.739	0.233
914	-0.00744	0.427	0.738	0.233
915	-0.0073	0.427	0.738	0.234
916	-0.00734	0.426	0.739	0.233
917	-0.00719	0.426	0.739	0.234
918	-0.00722	0.427	0.738	0.234
919	-0.00719	0.427	0.738	0.234
920	-0.0071	0.426	0.738	0.234
921	-0.0074	0.426	0.739	0.233
922	-0.00742	0.426	0.739	0.233
923	-0.00748	0.426	0.739	0.233
924	-0.00747	0.425	0.739	0.233
925	-0.00748	0.425	0.739	0.233
926	-0.00754	0.426	0.739	0.233
927	-0.00761	0.425	0.739	0.233
928	-0.00762	0.425	0.739	0.233
929	-0.00768	0.426	0.739	0.233
930	-0.0075	0.426	0.739	0.233
931	-0.00761	0.426	0.739	0.233
932	-0.00764	0.426	0.739	0.233
933	-0.00754	0.426	0.739	0.233
934	-0.0076	0.425	0.739	0.233
935	-0.0075	0.426	0.739	0.233
936	-0.00746	0.426	0.739	0.233
937	-0.0076	0.425	0.739	0.233
938	-0.00774	0.425	0.739	0.233
939	-0.00776	0.425	0.739	0.233
940	-0.00785	0.425	0.739	0.233
941	-0.00769	0.425	0.74	0.233
942	-0.00751	0.425	0.74	0.233
943	-0.00767	0.424	0.74	0.232
944	-0.00793	0.425	0.74	0.233
945	-0.00777	0.425	0.74	0.233
946	-0.00767	0.425	0.74	0.233
947	-0.00769	0.425	0.74	0.233
948	-0.00783	0.425	0.74	0.233
949	-0.00771	0.424	0.74	0.233
950	-0.00764	0.425	0.74	0.233
951	-0.00763	0.424	0.74	0.233
952	-0.00777	0.424	0.74	0.232
953	-0.00791	0.424	0.74	0.233
954	-0.00786	0.424	0.74	0.233
955	-0.00781	0.425	0.74	0.233
956	-0.00784	0.425	0.74	0.233
957	-0.00773	0.424	0.74	0.233
958	-0.00787	0.424	0.74	0.233
959	-0.00792	0.425	0.74	0.233
960	-0.00786	0.424	0.74	0.233
961	-0.00785	0.424	0.741	0.232
962	-0.00806	0.425	0.74	0.233
963	-0.00796	0.424	0.741	0.232
964	-0.0079	0.424	0.741	0.232
965	-0.00797	0.424	0.741	0.233
966	-0.00802	0.424	0.741	0.232
967	-0.00798	0.424	0.741	0.232
968	-0.00787	0.424	0.741	0.233
969	-0.00798	0.424	0.741	0.233
970	-0.00816	0.424	0.741	0.232
971	-0.00815	0.424	0.741	0.233
972	-0.00804	0.424	0.741	0.233
973	-0.00796	0.423	0.741	0.232
974	-0.00794	0.424	0.741	0.232
975	-0.00795	0.424	0.74	0.232
976	-0.00788	0.424	0.739	0.231
977	-0.0078	0.424	0.739	0.231
978	-0.0079	0.424	0.739	0.231
979	-0.00788	0.424	0.74	0.232
980	-0.00791	0.425	0.739	0.232
981	-0.00799	0.424	0.739	0.232
982	-0.00796	0.424	0.739	0.232
983	-0.00802	0.424	0.739	0.232
984	-0.008	0.424	0.74	0.232
985	-0.00817	0.424	0.739	0.232
986	-0.00803	0.424	0.739	0.232
987	-0.008	0.424	0.74	0.232
988	-0.00811	0.424	0.74	0.232
989	-0.00812	0.424	0.74	0.232
990	-0.00801	0.424	0.74	0.232
991	-0.00818	0.424	0.74	0.232
992	-0.00818	0.424	0.739	0.232
993	-0.00824	0.424	0.74	0.232
994	-0.00821	0.424	0.74	0.232
995	-0.00819	0.424	0.74	0.232
996	-0.00804	0.424	0.74	0.232
997	-0.00812	0.424	0.74	0.232
998	-0.00806	0.424	0.74	0.232
999	-0.00829	0.424	0.74	0.232
1000	-0.00799	0.424	0.74	0.232
1001	-0.00822	0.424	0.74	0.232
1002	-0.0081	0.424	0.74	0.232
1003	-0.00823	0.424	0.74	0.232
1004	-0.00821	0.424	0.74	0.232
1005	-0.00818	0.423	0.741	0.232
1006	-0.00828	0.423	0.741	0.232
1007	-0.00823	0.424	0.74	0.232
1008	-0.00809	0.423	0.741	0.232
1009	-0.00795	0.423	0.741	0.232
1010	-0.00787	0.423	0.741	0.232
1011	-0.00781	0.423	0.741	0.232
1012	-0.00781	0.423	0.741	0.232
1013	-0.00786	0.423	0.741	0.232
1014	-0.0077	0.423	0.741	0.232
1015	-0.00789	0.423	0.741	0.232
1016	-0.00795	0.423	0.741	0.232
1017	-0.00789	0.423	0.741	0.232
1018	-0.00794	0.423	0.741	0.232
1019	-0.00804	0.423	0.741	0.232
1020	-0.00809	0.423	0.741	0.232
1021	-0.00783	0.423	0.741	0.231
1022	-0.00776	0.423	0.741	0.232
1023	-0.00792	0.423	0.741	0.231
1024	-0.00806	0.423	0.742	0.232
1025	-0.00797	0.423	0.741	0.232
1026	-0.008	0.423	0.741	0.232
1027	-0.00797	0.423	0.741	0.232
1028	-0.00794	0.423	0.741	0.232
1029	-0.00796	0.423	0.742	0.232
1030	-0.00791	0.423	0.742	0.231
1031	-0.00799	0.423	0.741	0.232
1032	-0.00782	0.422	0.742	0.231
1033	-0.00784	0.422	0.742	0.232
1034	-0.00785	0.423	0.741	0.232
1035	-0.00775	0.422	0.742	0.231
1036	-0.00773	0.422	0.742	0.231
1037	-0.00775	0.423	0.741	0.232
1038	-0.00785	0.422	0.742	0.231
1039	-0.00787	0.422	0.742	0.231
1040	-0.0079	0.422	0.742	0.232
1041	-0.00793	0.422	0.742	0.231
1042	-0.00819	0.422	0.743	0.231
1043	-0.00823	0.422	0.742	0.231
1044	-0.00805	0.422	0.742	0.231
1045	-0.00793	0.422	0.742	0.231
1046	-0.00798	0.422	0.742	0.232
1047	-0.00785	0.422	0.742	0.231
1048	-0.00796	0.422	0.742	0.231
1049	-0.00804	0.422	0.742	0.231
1050	-0.00804	0.422	0.742	0.232
1051	-0.00804	0.422	0.742	0.231
1052	-0.00806	0.422	0.743	0.231
1053	-0.00798	0.422	0.743	0.231
1054	-0.008	0.422	0.743	0.231
1055	-0.00799	0.421	0.743	0.231
1056	-0.00791	0.421	0.743	0.231
1057	-0.00808	0.421	0.743	0.231
1058	-0.00815	0.421	0.743	0.231
1059	-0.00804	0.422	0.743	0.231
1060	-0.00786	0.421	0.743	0.231
1061	-0.00796	0.422	0.743	0.231
1062	-0.00806	0.421	0.743	0.231
1063	-0.00793	0.421	0.743	0.231
1064	-0.00798	0.421	0.743	0.231
1065	-0.00806	0.421	0.743	0.231
1066	-0.00811	0.421	0.743	0.231
1067	-0.00807	0.421	0.743	0.231
1068	-0.00801	0.421	0.743	0.231
1069	-0.00801	0.421	0.743	0.231
1070	-0.00787	0.421	0.744	0.231
1071	-0.00789	0.421	0.743	0.231
1072	-0.00772	0.421	0.743	0.231
1073	-0.00776	0.421	0.743	0.231
1074	-0.00787	0.421	0.743	0.231
1075	-0.00791	0.421	0.744	0.231
1076	-0.00778	0.421	0.744	0.231
1077	-0.008	0.421	0.744	0.231
1078	-0.00793	0.42	0.744	0.231
1079	-0.00791	0.421	0.744	0.231
1080	-0.00798	0.42	0.744	0.231
1081	-0.00818	0.421	0.744	0.231
1082	-0.00805	0.421	0.744	0.231
1083	-0.00808	0.42	0.744	0.231
1084	-0.00803	0.42	0.744	0.231
1085	-0.00781	0.42	0.744	0.231
1086	-0.00803	0.42	0.744	0.231
1087	-0.00802	0.42	0.744	0.231
1088	-0.00809	0.42	0.744	0.231
1089	-0.00818	0.42	0.744	0.231
1090	-0.00812	0.42	0.744	0.231
1091	-0.00807	0.42	0.744	0.231
1092	-0.00809	0.42	0.744	0.231
1093	-0.00816	0.42	0.744	0.231
1094	-0.00814	0.42	0.744	0.231
1095	-0.00817	0.42	0.745	0.231
1096	-0.00801	0.42	0.744	0.231
1097	-0.00804	0.42	0.744	0.231
1098	-0.00798	0.42	0.744	0.231
1099	-0.00822	0.42	0.745	0.231
1100	-0.00832	0.42	0.745	0.231
1101	-0.00825	0.42	0.745	0.231
1102	-0.00823	0.42	0.745	0.231
1103	-0.00828	0.42	0.745	0.231
1104	-0.00808	0.419	0.745	0.23
1105	-0.00808	0.419	0.745	0.23
1106	-0.00808	0.42	0.745	0.23
1107	-0.00806	0.419	0.745	0.23
1108	-0.00824	0.42	0.745	0.23
1109	-0.00813	0.42	0.745	0.231
1110	-0.00813	0.42	0.745	0.23
1111	-0.00806	0.419	0.745	0.23
1112	-0.00823	0.42	0.745	0.23
1113	-0.00814	0.42	0.745	0.231
1114	-0.00809	0.419	0.745	0.231
1115	-0.00824	0.419	0.745	0.231
1116	-0.00817	0.419	0.745	0.23
1117	-0.00793	0.419	0.745	0.23
1118	-0.00795	0.419	0.746	0.23
1119	-0.008	0.42	0.745	0.231
1120	-0.00797	0.42	0.745	0.231
1121	-0.00788	0.419	0.745	0.231
1122	-0.00787	0.419	0.745	0.23
1123	-0.00796	0.419	0.746	0.23
1124	-0.00799	0.419	0.745	0.23
1125	-0.00804	0.419	0.745	0.23
1126	-0.00809	0.419	0.746	0.231
1127	-0.00818	0.419	0.746	0.23
1128	-0.00796	0.419	0.746	0.23
1129	-0.00787	0.419	0.746	0.23
1130	-0.008	0.419	0.746	0.23
1131	-0.00815	0.419	0.746	0.23
1132	-0.00799	0.419	0.746	0.23
1133	-0.00805	0.419	0.746	0.23
1134	-0.00803	0.419	0.746	0.23
1135	-0.0081	0.419	0.746	0.23
1136	-0.00806	0.419	0.745	0.229
1137	-0.00784	0.419	0.744	0.229
1138	-0.00792	0.419	0.744	0.229
1139	-0.00777	0.42	0.743	0.229
1140	-0.00765	0.42	0.743	0.229
1141	-0.00764	0.42	0.743	0.23
1142	-0.00779	0.42	0.744	0.23
1143	-0.00787	0.42	0.744	0.23
1144	-0.00793	0.42	0.744	0.229
1145	-0.00789	0.42	0.744	0.23
1146	-0.00793	0.42	0.744	0.23
1147	-0.00796	0.42	0.744	0.23
1148	-0.00788	0.42	0.744	0.23
1149	-0.00788	0.42	0.744	0.23
1150	-0.00774	0.42	0.744	0.23
1151	-0.00803	0.42	0.744	0.23
1152	-0.00793	0.42	0.744	0.23
1153	-0.00801	0.42	0.744	0.23
1154	-0.00805	0.419	0.744	0.23
1155	-0.00803	0.42	0.744	0.23
1156	-0.00802	0.419	0.744	0.23
1157	-0.00798	0.419	0.744	0.23
1158	-0.00801	0.419	0.744	0.23
1159	-0.00816	0.419	0.744	0.23
1160	-0.00811	0.419	0.744	0.23
1161	-0.00792	0.419	0.745	0.229
1162	-0.00792	0.419	0.745	0.23
1163	-0.00811	0.419	0.745	0.23
1164	-0.00803	0.419	0.745	0.23
1165	-0.00786	0.419	0.745	0.23
1166	-0.00782	0.419	0.745	0.23
1167	-0.00792	0.419	0.745	0.23
1168	-0.0079	0.419	0.745	0.23
1169	-0.00802	0.419	0.745	0.229
1170	-0.00802	0.419	0.745	0.23
1171	-0.00811	0.419	0.745	0.229
1172	-0.008	0.419	0.745	0.229
1173	-0.00778	0.419	0.745	0.229
1174	-0.00779	0.418	0.745	0.229
1175	-0.00776	0.418	0.745	0.229
1176	-0.00794	0.418	0.745	0.229
1177	-0.00782	0.418	0.745	0.229
1178	-0.00779	0.419	0.745	0.229
1179	-0.00787	0.418	0.745	0.229
1180	-0.0079	0.418	0.746	0.229
1181	-0.00784	0.418	0.745	0.229
1182	-0.00779	0.418	0.745	0.229
1183	-0.00773	0.418	0.746	0.229
1184	-0.00766	0.418	0.746	0.229
1185	-0.00781	0.418	0.746	0.229
1186	-0.00786	0.418	0.746	0.229
1187	-0.00787	0.418	0.746	0.229
1188	-0.00787	0.418	0.746	0.229
1189	-0.00786	0.418	0.746	0.229
1190	-0.00785	0.418	0.746	0.229
1191	-0.00777	0.418	0.746	0.229
1192	-0.00777	0.418	0.746	0.229
1193	-0.00782	0.418	0.746	0.229
1194	-0.00783	0.418	0.746	0.229
1195	-0.00798	0.417	0.746	0.229
1196	-0.00804	0.418	0.746	0.229
1197	-0.00794	0.417	0.747	0.229
1198	-0.00788	0.417	0.746	0.229
1199	-0.0078	0.418	0.746	0.229
1200	-0.00778	0.418	0.746	0.229
1201	-0.0079	0.417	0.747	0.229
1202	-0.00783	0.417	0.746	0.229
1203	-0.00791	0.418	0.746	0.229
1204	-0.00797	0.417	0.747	0.229
1205	-0.00792	0.418	0.746	0.229
1206	-0.00792	0.417	0.746	0.229
1207	-0.00779	0.417	0.747	0.228
1208	-0.00777	0.417	0.747	0.229
1209	-0.00791	0.417	0.746	0.229
1210	-0.00799	0.417	0.747	0.229
1211	-0.00783	0.417	0.747	0.229
1212	-0.0078	0.417	0.747	0.229
1213	-0.00786	0.417	0.747	0.229
1214	-0.00782	0.417	0.747	0.229
1215	-0.00796	0.417	0.747	0.229
1216	-0.00793	0.417	0.747	0.229
1217	-0.00777	0.417	0.747	0.229
1218	-0.00761	0.417	0.747	0.229
1219	-0.00757	0.417	0.747	0.229
1220	-0.00762	0.417	0.747	0.229
1221	-0.00764	0.417	0.747	0.229
1222	-0.00765	0.417	0.747	0.229
1223	-0.00745	0.417	0.747	0.229
1224	-0.00755	0.417	0.747	0.229
1225	-0.00777	0.417	0.747	0.228
1226	-0.00775	0.417	0.747	0.229
1227	-0.00793	0.417	0.747	0.229
1228	-0.00784	0.417	0.747	0.229
1229	-0.00779	0.417	0.747	0.229
1230	-0.00776	0.417	0.747	0.229
1231	-0.00784	0.416	0.748	0.229
1232	-0.00781	0.416	0.748	0.229
1233	-0.00783	0.416	0.748	0.229
1234	-0.00787	0.416	0.748	0.228
1235	-0.00782	0.416	0.748	0.229
1236	-0.00778	0.417	0.747	0.229
1237	-0.00787	0.416	0.748	0.229
1238	-0.00773	0.416	0.748	0.229
1239	-0.00779	0.416	0.748	0.229
1240	-0.00781	0.416	0.748	0.228
1241	-0.00785	0.416	0.748	0.229
1242	-0.00776	0.416	0.748	0.229
1243	-0.00801	0.416	0.748	0.228
1244	-0.00791	0.416	0.748	0.229
1245	-0.00791	0.416	0.748	0.228
1246	-0.00793	0.416	0.748	0.228
1247	-0.00805	0.416	0.748	0.229
1248	-0.00798	0.416	0.748	0.228
1249	-0.00784	0.416	0.749	0.228
1250	-0.00807	0.416	0.748	0.228
1251	-0.00789	0.416	0.749	0.228
1252	-0.00799	0.415	0.749	0.228
1253	-0.00799	0.416	0.748	0.229
1254	-0.00798	0.416	0.748	0.228
1255	-0.00806	0.415	0.749	0.228
1256	-0.00804	0.416	0.749	0.228
1257	-0.00827	0.415	0.749	0.228
1258	-0.00813	0.415	0.749	0.228
1259	-0.00802	0.415	0.749	0.228
1260	-0.00814	0.415	0.749	0.228
1261	-0.00815	0.415	0.749	0.228
1262	-0.00799	0.415	0.749	0.228
1263	-0.00797	0.415	0.749	0.228
1264	-0.0082	0.415	0.749	0.228
1265	-0.00821	0.415	0.749	0.228
1266	-0.0081	0.415	0.749	0.228
1267	-0.00812	0.415	0.75	0.228
1268	-0.00808	0.415	0.749	0.228
1269	-0.00807	0.415	0.749	0.228
1270	-0.00794	0.415	0.749	0.228
1271	-0.0079	0.415	0.749	0.228
1272	-0.00792	0.415	0.748	0.227
1273	-0.0078	0.415	0.747	0.226
1274	-0.00773	0.416	0.747	0.227
1275	-0.00769	0.416	0.747	0.227
1276	-0.00788	0.416	0.747	0.227
1277	-0.00772	0.416	0.747	0.227
1278	-0.00769	0.416	0.747	0.227
1279	-0.0078	0.416	0.747	0.227
1280	-0.0077	0.416	0.747	0.227
1281	-0.00777	0.416	0.747	0.227
1282	-0.00769	0.416	0.747	0.227
1283	-0.00794	0.416	0.747	0.227
1284	-0.008	0.416	0.747	0.227
1285	-0.00802	0.415	0.748	0.227
1286	-0.00804	0.416	0.747	0.227
1287	-0.00788	0.416	0.747	0.227
1288	-0.00784	0.415	0.748	0.227
1289	-0.00802	0.416	0.747	0.227
1290	-0.00802	0.416	0.747	0.227
1291	-0.00804	0.415	0.748	0.227
1292	-0.00807	0.416	0.747	0.227
1293	-0.00815	0.415	0.748	0.227
1294	-0.00799	0.415	0.748	0.227
1295	-0.0082	0.415	0.748	0.227
1296	-0.00798	0.415	0.748	0.227
1297	-0.00793	0.415	0.748	0.227
1298	-0.00809	0.416	0.748	0.227
1299	-0.00806	0.415	0.748	0.227
1300	-0.008	0.415	0.748	0.227
1301	-0.00793	0.416	0.747	0.228
1302	-0.00785	0.415	0.748	0.227
1303	-0.00782	0.415	0.748	0.227
1304	-0.00773	0.415	0.748	0.227
1305	-0.00773	0.415	0.748	0.227
1306	-0.0079	0.415	0.748	0.227
1307	-0.00785	0.415	0.748	0.227
1308	-0.00784	0.415	0.748	0.227
1309	-0.0079	0.415	0.748	0.227
1310	-0.00792	0.415	0.748	0.227
1311	-0.00787	0.415	0.748	0.227
1312	-0.00798	0.414	0.749	0.227
1313	-0.00793	0.415	0.748	0.227
1314	-0.00768	0.414	0.749	0.227
1315	-0.00785	0.415	0.749	0.227
1316	-0.00794	0.415	0.748	0.227
1317	-0.00784	0.414	0.749	0.227
1318	-0.00786	0.415	0.749	0.227
1319	-0.00801	0.415	0.748	0.227
1320	-0.00787	0.415	0.749	0.227
1321	-0.008	0.415	0.749	0.227
1322	-0.00807	0.415	0.748	0.227
1323	-0.00805	0.414	0.749	0.227
1324	-0.00798	0.414	0.749	0.227
1325	-0.00815	0.415	0.749	0.227
1326	-0.0082	0.414	0.749	0.227
1327	-0.008	0.414	0.749	0.227
1328	-0.00802	0.415	0.749	0.227
1329	-0.00804	0.414	0.749	0.227
1330	-0.00799	0.414	0.749	0.227
1331	-0.00792	0.415	0.749	0.227
1332	-0.00782	0.414	0.749	0.227
1333	-0.00803	0.414	0.749	0.227
1334	-0.00792	0.414	0.749	0.227
1335	-0.00793	0.414	0.749	0.227
1336	-0.00786	0.414	0.749	0.227
1337	-0.008	0.414	0.749	0.227
1338	-0.00789	0.414	0.749	0.227
1339	-0.00786	0.414	0.749	0.227
1340	-0.00815	0.414	0.749	0.227
1341	-0.00805	0.414	0.749	0.227
1342	-0.00795	0.414	0.749	0.227
1343	-0.00823	0.414	0.749	0.227
1344	-0.00807	0.414	0.75	0.227
1345	-0.00804	0.414	0.75	0.227
1346	-0.00822	0.414	0.749	0.227
1347	-0.00823	0.414	0.749	0.227
1348	-0.00815	0.414	0.75	0.227
1349	-0.00813	0.414	0.749	0.227
1350	-0.00819	0.414	0.75	0.227
1351	-0.00812	0.413	0.75	0.226
1352	-0.00803	0.414	0.75	0.227
1353	-0.00831	0.413	0.75	0.227
1354	-0.00828	0.413	0.75	0.227
1355	-0.00822	0.414	0.75	0.227
1356	-0.00825	0.413	0.75	0.227
1357	-0.00825	0.414	0.75	0.227
1358	-0.0082	0.414	0.75	0.227
1359	-0.00816	0.413	0.75	0.227
1360	-0.00822	0.413	0.75	0.227
1361	-0.0082	0.414	0.75	0.227
1362	-0.00815	0.414	0.75	0.227
1363	-0.00818	0.413	0.75	0.226
1364	-0.00815	0.413	0.75	0.227
1365	-0.00809	0.413	0.75	0.227
1366	-0.00802	0.413	0.751	0.226
1367	-0.00818	0.413	0.75	0.227
1368	-0.00807	0.413	0.751	0.227
1369	-0.00797	0.413	0.751	0.227
1370	-0.00807	0.413	0.75	0.227
1371	-0.00793	0.413	0.751	0.226
1372	-0.008	0.413	0.751	0.226
1373	-0.00794	0.413	0.751	0.227
1374	-0.00808	0.413	0.751	0.226
1375	-0.00821	0.413	0.751	0.227
1376	-0.00829	0.413	0.751	0.227
1377	-0.00806	0.413	0.751	0.227
1378	-0.00822	0.413	0.751	0.227
1379	-0.00801	0.413	0.751	0.227
1380	-0.00805	0.413	0.751	0.227
1381	-0.00806	0.412	0.751	0.226
1382	-0.00818	0.413	0.751	0.227
1383	-0.00805	0.412	0.751	0.227
1384	-0.00819	0.412	0.751	0.226
1385	-0.00831	0.413	0.751	0.227
1386	-0.00813	0.412	0.751	0.226
1387	-0.00796	0.412	0.751	0.226
1388	-0.00815	0.413	0.751	0.227
1389	-0.00823	0.412	0.751	0.226
1390	-0.00831	0.412	0.752	0.226
1391	-0.00834	0.412	0.751	0.227
1392	-0.00824	0.412	0.751	0.226
1393	-0.00821	0.412	0.752	0.226
1394	-0.00818	0.412	0.751	0.226
1395	-0.00812	0.412	0.752	0.226
1396	-0.00837	0.412	0.752	0.226
1397	-0.00822	0.412	0.752	0.227
1398	-0.00807	0.412	0.752	0.226
1399	-0.00811	0.412	0.752	0.226
1400	-0.0083	0.412	0.752	0.226
1401	-0.0083	0.412	0.752	0.226
1402	-0.00829	0.411	0.752	0.226
1403	-0.00818	0.412	0.752	0.226
1404	-0.00808	0.412	0.752	0.226
1405	-0.00804	0.411	0.752	0.226
1406	-0.00819	0.412	0.752	0.227
1407	-0.00807	0.412	0.752	0.226
1408	-0.008	0.412	0.752	0.226
1409	-0.00811	0.412	0.752	0.226
1410	-0.00802	0.412	0.752	0.226
1411	-0.00817	0.412	0.752	0.226
1412	-0.00834	0.412	0.752	0.226
1413	-0.00835	0.411	0.752	0.226
1414	-0.00821	0.411	0.753	0.226
1415	-0.00826	0.411	0.752	0.226
1416	-0.00836	0.411	0.753	0.226
1417	-0.0082	0.411	0.752	0.226
1418	-0.00823	0.411	0.752	0.226
1419	-0.00825	0.411	0.753	0.226
1420	-0.00827	0.411	0.753	0.226
1421	-0.00831	0.411	0.753	0.226
1422	-0.00824	0.411	0.753	0.226
1423	-0.00822	0.411	0.753	0.226
1424	-0.00819	0.411	0.753	0.226
1425	-0.0082	0.411	0.753	0.226
1426	-0.0083	0.411	0.753	0.226
1427	-0.00832	0.411	0.753	0.226
1428	-0.00829	0.411	0.753	0.226
1429	-0.00833	0.411	0.753	0.226
1430	-0.00821	0.411	0.753	0.226
1431	-0.00808	0.411	0.753	0.226
1432	-0.0083	0.411	0.753	0.226
1433	-0.00827	0.41	0.753	0.226
1434	-0.00826	0.411	0.753	0.226
1435	-0.00835	0.411	0.753	0.226
1436	-0.00829	0.411	0.753	0.226
1437	-0.00841	0.411	0.753	0.226
1438	-0.00842	0.41	0.753	0.226
1439	-0.00847	0.41	0.753	0.226
1440	-0.00831	0.41	0.754	0.225
1441	-0.00838	0.41	0.754	0.226
1442	-0.00838	0.41	0.754	0.226
1443	-0.00831	0.41	0.754	0.226
1444	-0.00829	0.41	0.753	0.226
1445	-0.00837	0.41	0.754	0.226
1446	-0.00832	0.41	0.753	0.225
1447	-0.00831	0.411	0.752	0.224
1448	-0.00826	0.411	0.751	0.224
1449	-0.00821	0.411	0.751	0.225
1450	-0.0082	0.411	0.751	0.225
1451	-0.00818	0.411	0.751	0.225
1452	-0.00832	0.411	0.751	0.225
1453	-0.00823	0.411	0.751	0.225
1454	-0.00804	0.411	0.751	0.225
1455	-0.00818	0.411	0.751	0.225
1456	-0.00811	0.411	0.752	0.225
1457	-0.00819	0.411	0.752	0.225
1458	-0.00809	0.411	0.752	0.225
1459	-0.00813	0.411	0.752	0.225
1460	-0.00812	0.411	0.752	0.225
1461	-0.00823	0.411	0.752	0.225
1462	-0.00821	0.411	0.752	0.225
1463	-0.00824	0.411	0.752	0.225
1464	-0.00818	0.411	0.752	0.225
1465	-0.00823	0.411	0.752	0.225
1466	-0.00836	0.411	0.752	0.225
1467	-0.00822	0.411	0.752	0.225
1468	-0.00827	0.411	0.752	0.225
1469	-0.00839	0.411	0.752	0.225
1470	-0.00838	0.411	0.752	0.225
1471	-0.00836	0.411	0.752	0.225
1472	-0.00837	0.411	0.752	0.225
1473	-0.00813	0.411	0.752	0.225
1474	-0.00821	0.411	0.752	0.225
1475	-0.00833	0.411	0.752	0.225
1476	-0.00827	0.411	0.752	0.225
1477	-0.00826	0.411	0.752	0.225
1478	-0.00835	0.41	0.752	0.225
1479	-0.00832	0.41	0.753	0.225
1480	-0.00823	0.41	0.752	0.225
1481	-0.00818	0.41	0.752	0.225
1482	-0.00837	0.41	0.753	0.225
1483	-0.0084	0.41	0.752	0.225
1484	-0.00829	0.41	0.752	0.225
1485	-0.00829	0.411	0.752	0.225
1486	-0.00844	0.41	0.753	0.225
1487	-0.00851	0.41	0.753	0.225
1488	-0.0084	0.41	0.753	0.225
1489	-0.00832	0.41	0.753	0.225
1490	-0.00818	0.41	0.753	0.225
1491	-0.00817	0.41	0.753	0.225
1492	-0.00825	0.41	0.753	0.225
1493	-0.0083	0.41	0.753	0.225
1494	-0.00847	0.41	0.753	0.225
1495	-0.00841	0.41	0.753	0.225
1496	-0.00845	0.41	0.753	0.225
1497	-0.0085	0.41	0.753	0.225
1498	-0.00841	0.41	0.753	0.225
1499	-0.00852	0.41	0.753	0.225
1500	-0.00862	0.41	0.753	0.225
1501	-0.00865	0.41	0.753	0.225
1502	-0.00854	0.41	0.753	0.225
1503	-0.0087	0.41	0.753	0.225
1504	-0.00862	0.41	0.753	0.225
1505	-0.00876	0.41	0.753	0.225
1506	-0.00866	0.41	0.753	0.225
1507	-0.00864	0.41	0.753	0.225
1508	-0.00858	0.41	0.753	0.225
1509	-0.00864	0.409	0.754	0.225
1510	-0.00862	0.41	0.753	0.225
1511	-0.00864	0.41	0.753	0.225
1512	-0.00851	0.41	0.754	0.225
1513	-0.00859	0.41	0.753	0.225
1514	-0.00857	0.41	0.754	0.225
1515	-0.00848	0.41	0.753	0.225
1516	-0.00867	0.409	0.754	0.225
1517	-0.00858	0.409	0.754	0.225
1518	-0.00853	0.409	0.754	0.225
1519	-0.00866	0.41	0.753	0.225
1520	-0.00864	0.409	0.754	0.225
1521	-0.0087	0.41	0.754	0.225
1522	-0.00857	0.409	0.754	0.225
1523	-0.00873	0.41	0.754	0.225
1524	-0.00858	0.409	0.754	0.225
1525	-0.00854	0.409	0.754	0.224
1526	-0.00852	0.409	0.754	0.225
1527	-0.00846	0.409	0.754	0.225
1528	-0.00856	0.409	0.754	0.225
1529	-0.00863	0.409	0.754	0.225
1530	-0.00849	0.409	0.754	0.225
1531	-0.00838	0.409	0.754	0.225
1532	-0.00847	0.409	0.754	0.225
1533	-0.00841	0.409	0.754	0.225
1534	-0.00822	0.409	0.754	0.225
1535	-0.00822	0.409	0.754	0.225
1536	-0.00834	0.409	0.754	0.225
1537	-0.00819	0.409	0.754	0.225
1538	-0.00824	0.409	0.754	0.225
1539	-0.0083	0.409	0.754	0.225
1540	-0.00827	0.409	0.754	0.225
1541	-0.00844	0.409	0.754	0.224
1542	-0.00834	0.409	0.754	0.224
1543	-0.00826	0.408	0.754	0.224
1544	-0.00837	0.409	0.755	0.224
1545	-0.00828	0.409	0.754	0.225
1546	-0.00839	0.409	0.754	0.225
1547	-0.00838	0.409	0.755	0.224
1548	-0.00838	0.409	0.755	0.224
1549	-0.00844	0.408	0.755	0.224
1550	-0.00832	0.408	0.755	0.224
1551	-0.00844	0.409	0.754	0.225
1552	-0.00828	0.409	0.754	0.225
1553	-0.00849	0.408	0.755	0.224
1554	-0.00855	0.409	0.755	0.225
1555	-0.00853	0.408	0.755	0.224
1556	-0.00829	0.408	0.755	0.224
1557	-0.00846	0.408	0.755	0.224
1558	-0.00863	0.409	0.755	0.225
1559	-0.00865	0.408	0.755	0.224
1560	-0.00857	0.409	0.755	0.225
1561	-0.00856	0.408	0.755	0.224
1562	-0.00858	0.408	0.755	0.224
1563	-0.00853	0.408	0.755	0.224
1564	-0.00863	0.408	0.755	0.224
1565	-0.0086	0.408	0.755	0.224
1566	-0.00859	0.408	0.755	0.224
1567	-0.00866	0.408	0.755	0.224
1568	-0.0087	0.408	0.756	0.224
1569	-0.00867	0.408	0.755	0.224
1570	-0.00854	0.408	0.755	0.224
1571	-0.0085	0.408	0.756	0.224
1572	-0.00839	0.408	0.755	0.224
1573	-0.00864	0.408	0.755	0.224
1574	-0.00856	0.407	0.756	0.224
1575	-0.00858	0.408	0.755	0.224
1576	-0.00853	0.408	0.755	0.224
1577	-0.00856	0.408	0.756	0.224
1578	-0.00855	0.408	0.755	0.224
1579	-0.0085	0.408	0.755	0.224
1580	-0.00854	0.407	0.756	0.224
1581	-0.00859	0.408	0.755	0.224
1582	-0.00853	0.408	0.756	0.224
1583	-0.00856	0.408	0.756	0.224
1584	-0.00862	0.408	0.755	0.224
1585	-0.00869	0.408	0.755	0.224
1586	-0.00867	0.407	0.756	0.224
1587	-0.00865	0.408	0.756	0.224
1588	-0.00874	0.408	0.756	0.224
1589	-0.00861	0.407	0.756	0.224
1590	-0.00868	0.407	0.756	0.224
1591	-0.00868	0.407	0.756	0.224
1592	-0.00867	0.407	0.756	0.224
1593	-0.00874	0.407	0.756	0.224
1594	-0.00877	0.407	0.756	0.224
1595	-0.00871	0.407	0.756	0.224
