Iteration	ValueMean	ValueStddev	DerivMean	DerivStddev
1	0.522	0.259	0.175	0.0658
2	0.509	0.246	0.184	0.0599
3	0.506	0.241	0.184	0.056
4	0.505	0.242	0.184	0.0554
5	0.504	0.239	0.185	0.054
6	0.502	0.237	0.186	0.0536
7	0.503	0.237	0.185	0.0537
8	0.503	0.237	0.185	0.054
9	0.503	0.237	0.185	0.0539
10	0.503	0.236	0.185	0.054
11	0.503	0.236	0.185	0.054
12	0.502	0.237	0.185	0.0541
13	0.502	0.236	0.185	0.0539
14	0.5	0.236	0.185	0.0539
15	0.499	0.236	0.186	0.0538
16	0.499	0.236	0.186	0.0538
17	0.499	0.236	0.186	0.0537
18	0.498	0.236	0.186	0.0537
19	0.497	0.236	0.186	0.0537
20	0.497	0.235	0.186	0.0537
21	0.497	0.235	0.186	0.0536
22	0.496	0.235	0.186	0.0535
23	0.494	0.235	0.186	0.0535
24	0.493	0.234	0.186	0.0535
25	0.493	0.234	0.186	0.0534
26	0.492	0.234	0.186	0.0535
27	0.492	0.234	0.186	0.0534
28	0.491	0.234	0.186	0.0535
29	0.491	0.234	0.186	0.0537
30	0.49	0.234	0.186	0.0537
31	0.489	0.235	0.186	0.0538
32	0.488	0.234	0.186	0.0536
33	0.487	0.233	0.187	0.0534
34	0.487	0.233	0.187	0.0535
35	0.486	0.233	0.187	0.0535
36	0.485	0.233	0.187	0.0534
37	0.485	0.233	0.187	0.0536
38	0.485	0.234	0.186	0.0537
39	0.483	0.233	0.187	0.0535
40	0.483	0.233	0.187	0.0535
41	0.483	0.234	0.187	0.0535
42	0.482	0.233	0.187	0.0535
43	0.481	0.233	0.187	0.0533
44	0.48	0.233	0.187	0.0532
45	0.48	0.233	0.187	0.0531
46	0.479	0.233	0.187	0.0531
47	0.479	0.233	0.187	0.0534
48	0.478	0.233	0.187	0.0533
49	0.477	0.233	0.187	0.0534
50	0.476	0.232	0.187	0.0533
51	0.475	0.232	0.187	0.0532
52	0.475	0.233	0.187	0.0534
53	0.474	0.232	0.187	0.0533
54	0.473	0.232	0.187	0.0534
55	0.472	0.232	0.187	0.0535
56	0.472	0.232	0.187	0.0535
57	0.471	0.232	0.187	0.0534
58	0.471	0.232	0.187	0.0533
59	0.47	0.232	0.187	0.0533
60	0.469	0.232	0.186	0.0534
61	0.469	0.232	0.187	0.0535
62	0.468	0.232	0.187	0.0534
63	0.466	0.232	0.187	0.0534
64	0.466	0.232	0.187	0.0535
65	0.466	0.232	0.187	0.0534
66	0.465	0.232	0.187	0.0534
67	0.465	0.232	0.187	0.0534
68	0.464	0.231	0.187	0.0533
69	0.464	0.231	0.187	0.0535
70	0.464	0.231	0.187	0.0534
71	0.463	0.231	0.187	0.0535
72	0.463	0.231	0.186	0.0536
73	0.462	0.231	0.187	0.0534
74	0.462	0.231	0.186	0.0536
75	0.462	0.231	0.186	0.0536
76	0.461	0.231	0.186	0.0536
77	0.461	0.231	0.186	0.0536
78	0.46	0.231	0.186	0.0536
79	0.459	0.231	0.186	0.0536
80	0.458	0.231	0.186	0.0534
81	0.458	0.231	0.186	0.0535
82	0.458	0.231	0.186	0.0535
83	0.457	0.231	0.186	0.0536
84	0.457	0.231	0.186	0.0537
85	0.456	0.231	0.186	0.0536
86	0.455	0.231	0.186	0.0536
87	0.455	0.231	0.186	0.0536
88	0.455	0.231	0.186	0.0537
89	0.454	0.231	0.186	0.0538
90	0.454	0.231	0.186	0.0539
91	0.454	0.231	0.186	0.0539
92	0.453	0.231	0.186	0.0538
93	0.452	0.231	0.186	0.0538
94	0.452	0.231	0.186	0.0537
95	0.451	0.231	0.186	0.0536
96	0.451	0.231	0.186	0.0538
97	0.451	0.231	0.186	0.0537
98	0.45	0.231	0.186	0.0538
99	0.449	0.23	0.186	0.0536
100	0.448	0.23	0.186	0.0536
101	0.448	0.23	0.186	0.0536
102	0.447	0.23	0.185	0.0537
103	0.447	0.23	0.185	0.0536
104	0.446	0.23	0.185	0.0536
105	0.445	0.23	0.185	0.0536
106	0.445	0.23	0.185	0.0536
107	0.445	0.23	0.185	0.0537
108	0.444	0.23	0.185	0.0537
109	0.444	0.23	0.185	0.0537
110	0.444	0.23	0.185	0.0538
111	0.443	0.23	0.185	0.0538
112	0.443	0.23	0.185	0.0537
113	0.442	0.23	0.185	0.0537
114	0.442	0.23	0.185	0.0538
115	0.442	0.23	0.185	0.0537
116	0.442	0.23	0.185	0.0535
117	0.441	0.23	0.185	0.0537
118	0.441	0.23	0.185	0.0537
119	0.44	0.23	0.185	0.0538
120	0.44	0.231	0.185	0.0539
121	0.439	0.23	0.185	0.0537
122	0.439	0.23	0.185	0.0537
123	0.438	0.23	0.185	0.0536
124	0.438	0.23	0.185	0.0537
125	0.438	0.23	0.185	0.0536
126	0.438	0.23	0.185	0.0535
127	0.437	0.23	0.185	0.0536
128	0.437	0.23	0.184	0.0536
129	0.436	0.23	0.184	0.0537
130	0.436	0.23	0.184	0.0537
131	0.435	0.23	0.184	0.0538
132	0.435	0.23	0.184	0.0537
133	0.435	0.23	0.184	0.0537
134	0.434	0.23	0.184	0.0537
135	0.434	0.23	0.184	0.0538
136	0.434	0.23	0.184	0.0537
137	0.433	0.23	0.184	0.0538
138	0.433	0.23	0.184	0.0539
139	0.433	0.23	0.184	0.0539
140	0.432	0.23	0.184	0.0539
141	0.431	0.23	0.184	0.0539
142	0.432	0.23	0.184	0.0539
143	0.431	0.23	0.184	0.0539
144	0.431	0.23	0.183	0.0539
145	0.431	0.23	0.183	0.0539
146	0.43	0.23	0.183	0.054
147	0.43	0.23	0.183	0.054
148	0.429	0.23	0.183	0.0539
149	0.429	0.23	0.183	0.0539
150	0.428	0.23	0.183	0.054
151	0.428	0.23	0.183	0.054
152	0.428	0.23	0.183	0.054
153	0.427	0.231	0.183	0.0541
154	0.427	0.23	0.183	0.054
155	0.427	0.23	0.183	0.054
156	0.426	0.23	0.183	0.054
157	0.426	0.23	0.183	0.0541
158	0.426	0.23	0.183	0.0541
159	0.425	0.23	0.183	0.0542
160	0.425	0.23	0.183	0.0541
161	0.425	0.23	0.182	0.0542
162	0.424	0.23	0.182	0.0542
163	0.424	0.23	0.182	0.0542
164	0.424	0.23	0.182	0.0542
165	0.423	0.231	0.182	0.0543
166	0.423	0.23	0.182	0.0542
167	0.423	0.23	0.182	0.0543
168	0.423	0.23	0.182	0.0543
169	0.423	0.23	0.182	0.0542
170	0.423	0.23	0.182	0.0543
171	0.422	0.23	0.182	0.0543
172	0.422	0.23	0.182	0.0542
173	0.421	0.23	0.182	0.0543
174	0.421	0.23	0.182	0.0543
175	0.421	0.23	0.182	0.0542
176	0.42	0.23	0.182	0.0542
177	0.42	0.23	0.182	0.0543
178	0.42	0.23	0.182	0.0543
179	0.42	0.23	0.182	0.0543
180	0.419	0.23	0.182	0.0544
181	0.419	0.23	0.182	0.0543
182	0.418	0.23	0.181	0.0544
183	0.418	0.23	0.181	0.0544
184	0.418	0.23	0.181	0.0544
185	0.418	0.23	0.181	0.0544
186	0.418	0.23	0.181	0.0545
187	0.417	0.23	0.181	0.0544
188	0.417	0.23	0.181	0.0544
189	0.417	0.23	0.181	0.0545
190	0.417	0.23	0.181	0.0545
191	0.417	0.23	0.181	0.0545
192	0.416	0.231	0.181	0.0546
193	0.416	0.231	0.181	0.0546
194	0.416	0.23	0.181	0.0546
195	0.416	0.23	0.181	0.0546
196	0.415	0.23	0.181	0.0546
197	0.416	0.23	0.181	0.0546
198	0.415	0.23	0.181	0.0546
199	0.414	0.23	0.181	0.0546
200	0.415	0.23	0.18	0.0546
201	0.415	0.231	0.18	0.0548
202	0.414	0.231	0.18	0.0547
203	0.414	0.231	0.18	0.0547
204	0.413	0.23	0.18	0.0547
205	0.413	0.231	0.18	0.0547
206	0.413	0.231	0.18	0.0546
207	0.413	0.231	0.18	0.0547
208	0.412	0.23	0.18	0.0547
209	0.412	0.23	0.18	0.0547
210	0.411	0.231	0.18	0.0548
211	0.411	0.231	0.18	0.0547
212	0.412	0.23	0.18	0.0547
213	0.411	0.23	0.18	0.0547
214	0.41	0.23	0.18	0.0546
215	0.41	0.23	0.18	0.0546
216	0.41	0.23	0.18	0.0547
217	0.409	0.23	0.18	0.0548
218	0.409	0.23	0.18	0.0547
219	0.409	0.23	0.18	0.0548
220	0.408	0.23	0.18	0.0548
221	0.408	0.23	0.179	0.0548
222	0.407	0.23	0.179	0.055
223	0.408	0.23	0.179	0.0548
224	0.408	0.23	0.179	0.0548
225	0.407	0.23	0.179	0.055
226	0.407	0.23	0.179	0.0549
227	0.407	0.23	0.179	0.0549
228	0.406	0.23	0.179	0.055
229	0.406	0.23	0.179	0.0549
230	0.406	0.23	0.179	0.0549
231	0.405	0.23	0.179	0.0549
232	0.406	0.23	0.179	0.055
233	0.406	0.23	0.179	0.055
234	0.405	0.23	0.179	0.0551
235	0.405	0.23	0.179	0.055
236	0.405	0.23	0.179	0.0549
237	0.405	0.23	0.179	0.055
238	0.404	0.23	0.179	0.055
239	0.404	0.23	0.179	0.0551
240	0.404	0.23	0.179	0.0552
241	0.404	0.23	0.179	0.0552
242	0.404	0.23	0.179	0.0551
243	0.403	0.231	0.178	0.0553
244	0.402	0.23	0.178	0.0552
245	0.403	0.23	0.178	0.0551
246	0.402	0.23	0.178	0.0552
247	0.402	0.23	0.178	0.0552
248	0.402	0.23	0.178	0.0553
249	0.401	0.23	0.178	0.0554
250	0.401	0.23	0.178	0.0553
251	0.401	0.23	0.178	0.0553
252	0.401	0.231	0.178	0.0554
253	0.401	0.231	0.178	0.0555
254	0.401	0.231	0.178	0.0555
255	0.4	0.231	0.178	0.0555
256	0.4	0.231	0.178	0.0556
257	0.4	0.231	0.177	0.0556
258	0.399	0.231	0.177	0.0556
259	0.399	0.231	0.177	0.0555
260	0.399	0.231	0.177	0.0556
261	0.398	0.231	0.177	0.0556
262	0.398	0.231	0.177	0.0557
263	0.398	0.231	0.177	0.0556
264	0.398	0.231	0.177	0.0556
265	0.398	0.231	0.177	0.0556
266	0.397	0.231	0.177	0.0556
267	0.397	0.231	0.177	0.0557
268	0.397	0.231	0.177	0.0556
269	0.397	0.231	0.177	0.0556
270	0.396	0.231	0.177	0.0557
271	0.396	0.231	0.177	0.0557
272	0.396	0.231	0.177	0.0557
273	0.396	0.231	0.177	0.0558
274	0.396	0.231	0.177	0.0557
275	0.395	0.231	0.177	0.0557
276	0.395	0.231	0.176	0.0558
277	0.395	0.231	0.176	0.0557
278	0.395	0.231	0.176	0.0558
279	0.394	0.231	0.176	0.0558
280	0.394	0.231	0.176	0.0558
281	0.394	0.231	0.176	0.0558
282	0.394	0.231	0.176	0.0559
283	0.394	0.231	0.176	0.0558
284	0.394	0.231	0.176	0.0559
285	0.393	0.231	0.176	0.0559
286	0.394	0.231	0.176	0.0558
287	0.393	0.231	0.176	0.0558
288	0.393	0.231	0.176	0.0559
289	0.393	0.231	0.176	0.0559
290	0.393	0.231	0.176	0.0558
291	0.393	0.231	0.176	0.0559
292	0.393	0.231	0.176	0.0559
293	0.392	0.231	0.176	0.0559
294	0.392	0.231	0.176	0.0559
295	0.392	0.231	0.176	0.0559
296	0.392	0.231	0.176	0.056
297	0.391	0.231	0.176	0.056
298	0.391	0.231	0.176	0.056
299	0.391	0.231	0.176	0.0559
300	0.391	0.231	0.175	0.056
301	0.391	0.231	0.175	0.056
302	0.391	0.231	0.175	0.056
303	0.391	0.231	0.175	0.056
304	0.391	0.231	0.175	0.056
305	0.39	0.231	0.175	0.0559
306	0.39	0.231	0.175	0.056
307	0.39	0.231	0.175	0.056
308	0.39	0.231	0.175	0.056
309	0.389	0.231	0.175	0.0561
310	0.389	0.231	0.175	0.056
311	0.389	0.231	0.175	0.0561
312	0.389	0.231	0.175	0.0561
313	0.389	0.231	0.175	0.0561
314	0.389	0.231	0.175	0.0562
315	0.389	0.232	0.175	0.0563
316	0.389	0.232	0.175	0.0562
317	0.388	0.232	0.175	0.0563
318	0.388	0.232	0.175	0.0563
319	0.388	0.231	0.175	0.0562
320	0.388	0.232	0.175	0.0562
321	0.387	0.232	0.174	0.0563
322	0.387	0.232	0.174	0.0562
323	0.388	0.232	0.174	0.0562
324	0.387	0.232	0.174	0.0563
325	0.387	0.231	0.174	0.0562
326	0.387	0.231	0.174	0.0563
327	0.387	0.232	0.174	0.0564
328	0.386	0.231	0.174	0.0564
329	0.386	0.231	0.174	0.0563
330	0.386	0.231	0.174	0.0564
331	0.386	0.231	0.174	0.0564
332	0.386	0.231	0.174	0.0564
333	0.386	0.231	0.174	0.0564
334	0.385	0.231	0.174	0.0565
335	0.385	0.231	0.174	0.0564
336	0.385	0.231	0.174	0.0564
337	0.385	0.231	0.174	0.0564
338	0.385	0.231	0.174	0.0564
339	0.384	0.231	0.174	0.0563
340	0.385	0.231	0.174	0.0564
341	0.384	0.231	0.174	0.0564
342	0.385	0.231	0.174	0.0563
343	0.384	0.231	0.174	0.0565
344	0.384	0.231	0.174	0.0565
345	0.383	0.231	0.174	0.0564
346	0.383	0.231	0.174	0.0565
347	0.383	0.231	0.174	0.0564
348	0.383	0.231	0.173	0.0564
349	0.383	0.231	0.173	0.0565
350	0.383	0.231	0.173	0.0564
351	0.383	0.231	0.173	0.0564
352	0.382	0.231	0.173	0.0564
353	0.382	0.231	0.173	0.0564
354	0.382	0.231	0.173	0.0564
355	0.382	0.231	0.173	0.0564
356	0.382	0.231	0.173	0.0565
357	0.382	0.231	0.173	0.0564
358	0.381	0.231	0.173	0.0564
359	0.381	0.231	0.173	0.0565
360	0.381	0.231	0.173	0.0565
361	0.381	0.231	0.173	0.0565
362	0.381	0.231	0.173	0.0565
363	0.381	0.231	0.173	0.0566
364	0.38	0.231	0.173	0.0565
365	0.38	0.231	0.173	0.0566
366	0.38	0.231	0.173	0.0566
367	0.381	0.231	0.173	0.0566
368	0.381	0.231	0.173	0.0565
369	0.381	0.231	0.173	0.0565
370	0.38	0.231	0.173	0.0566
371	0.38	0.231	0.173	0.0566
372	0.38	0.231	0.173	0.0567
373	0.38	0.231	0.173	0.0567
374	0.379	0.231	0.173	0.0567
375	0.379	0.231	0.173	0.0567
376	0.379	0.231	0.173	0.0567
377	0.379	0.231	0.172	0.0568
378	0.379	0.232	0.172	0.0568
379	0.379	0.231	0.172	0.0568
380	0.378	0.231	0.172	0.0569
381	0.378	0.231	0.172	0.0569
382	0.378	0.231	0.172	0.0569
383	0.378	0.231	0.172	0.0569
384	0.377	0.231	0.172	0.0569
385	0.378	0.231	0.172	0.0569
386	0.377	0.231	0.172	0.057
387	0.377	0.231	0.172	0.0569
388	0.377	0.231	0.172	0.0569
389	0.378	0.231	0.172	0.0569
390	0.377	0.231	0.172	0.0569
391	0.377	0.231	0.172	0.0569
392	0.377	0.231	0.172	0.0569
393	0.377	0.231	0.172	0.0569
394	0.376	0.231	0.172	0.0569
395	0.376	0.231	0.172	0.0569
396	0.376	0.231	0.172	0.0569
397	0.376	0.231	0.172	0.0568
398	0.376	0.231	0.171	0.057
399	0.376	0.231	0.172	0.057
400	0.376	0.232	0.171	0.057
401	0.376	0.232	0.171	0.057
402	0.376	0.232	0.171	0.057
403	0.376	0.232	0.171	0.0571
404	0.375	0.232	0.171	0.057
405	0.375	0.232	0.171	0.0571
406	0.376	0.232	0.171	0.057
407	0.375	0.232	0.171	0.057
408	0.375	0.232	0.171	0.0571
409	0.375	0.232	0.171	0.0572
410	0.375	0.232	0.171	0.057
411	0.374	0.231	0.171	0.057
412	0.374	0.231	0.171	0.057
413	0.374	0.231	0.171	0.057
414	0.374	0.231	0.171	0.057
415	0.374	0.231	0.171	0.057
416	0.374	0.231	0.171	0.057
417	0.374	0.231	0.171	0.057
418	0.374	0.231	0.171	0.0571
419	0.374	0.231	0.171	0.0571
420	0.373	0.231	0.171	0.0572
421	0.373	0.231	0.171	0.0571
422	0.373	0.232	0.171	0.0572
423	0.373	0.232	0.171	0.0571
424	0.373	0.232	0.171	0.0572
425	0.373	0.232	0.17	0.0572
426	0.373	0.232	0.17	0.0572
427	0.373	0.232	0.17	0.0572
428	0.373	0.232	0.17	0.0571
429	0.373	0.232	0.17	0.0572
430	0.373	0.232	0.17	0.0572
431	0.372	0.232	0.17	0.0572
432	0.372	0.232	0.17	0.0572
433	0.372	0.232	0.17	0.0572
434	0.372	0.232	0.17	0.0572
435	0.372	0.232	0.17	0.0572
436	0.372	0.232	0.17	0.0573
437	0.372	0.232	0.17	0.0572
438	0.372	0.232	0.17	0.0573
439	0.371	0.232	0.17	0.0573
440	0.372	0.232	0.17	0.0572
441	0.371	0.232	0.17	0.0573
442	0.371	0.232	0.17	0.0573
443	0.371	0.232	0.17	0.0573
444	0.371	0.232	0.17	0.0573
445	0.37	0.232	0.17	0.0573
446	0.371	0.231	0.17	0.0572
447	0.37	0.231	0.17	0.0573
448	0.37	0.231	0.17	0.0572
449	0.37	0.231	0.17	0.0572
450	0.37	0.231	0.17	0.0573
451	0.37	0.232	0.17	0.0574
452	0.37	0.232	0.17	0.0574
453	0.37	0.232	0.17	0.0574
454	0.37	0.232	0.17	0.0573
455	0.37	0.232	0.17	0.0573
456	0.37	0.232	0.17	0.0573
457	0.37	0.232	0.17	0.0574
458	0.369	0.231	0.17	0.0573
459	0.369	0.232	0.169	0.0574
460	0.369	0.232	0.169	0.0574
461	0.369	0.231	0.169	0.0573
462	0.369	0.231	0.169	0.0574
463	0.368	0.232	0.169	0.0575
464	0.369	0.231	0.169	0.0574
465	0.368	0.231	0.169	0.0575
466	0.368	0.231	0.169	0.0575
467	0.368	0.231	0.169	0.0575
468	0.368	0.231	0.169	0.0575
469	0.368	0.232	0.169	0.0576
470	0.368	0.231	0.169	0.0575
471	0.368	0.231	0.169	0.0575
472	0.367	0.232	0.169	0.0575
473	0.368	0.231	0.169	0.0574
474	0.367	0.231	0.169	0.0575
475	0.367	0.231	0.169	0.0575
476	0.367	0.231	0.169	0.0574
477	0.367	0.232	0.169	0.0575
478	0.367	0.232	0.169	0.0575
479	0.367	0.231	0.169	0.0575
480	0.366	0.232	0.169	0.0575
481	0.366	0.232	0.169	0.0575
482	0.367	0.231	0.169	0.0575
483	0.366	0.232	0.169	0.0576
484	0.366	0.232	0.169	0.0575
485	0.366	0.232	0.169	0.0575
486	0.366	0.232	0.169	0.0576
487	0.366	0.231	0.169	0.0575
488	0.366	0.231	0.168	0.0576
489	0.365	0.231	0.168	0.0576
490	0.365	0.231	0.168	0.0576
491	0.365	0.231	0.169	0.0575
492	0.365	0.231	0.168	0.0576
493	0.365	0.232	0.168	0.0577
494	0.365	0.231	0.168	0.0576
495	0.365	0.231	0.168	0.0576
496	0.365	0.231	0.168	0.0576
497	0.365	0.231	0.168	0.0576
498	0.364	0.231	0.168	0.0577
499	0.364	0.232	0.168	0.0578
500	0.364	0.231	0.168	0.0576
501	0.364	0.231	0.168	0.0577
502	0.364	0.231	0.168	0.0577
503	0.364	0.231	0.168	0.0576
504	0.364	0.231	0.168	0.0577
505	0.364	0.231	0.168	0.0576
506	0.364	0.231	0.168	0.0576
507	0.364	0.231	0.168	0.0577
508	0.363	0.231	0.168	0.0577
509	0.363	0.231	0.168	0.0577
510	0.363	0.231	0.168	0.0577
511	0.363	0.231	0.168	0.0577
512	0.363	0.231	0.168	0.0577
513	0.363	0.231	0.168	0.0578
514	0.363	0.231	0.168	0.0578
515	0.363	0.231	0.168	0.0577
516	0.362	0.231	0.168	0.0577
517	0.362	0.231	0.168	0.0578
518	0.363	0.231	0.168	0.0577
519	0.362	0.231	0.168	0.0577
520	0.362	0.231	0.168	0.0578
521	0.362	0.231	0.168	0.0577
522	0.362	0.231	0.168	0.0578
523	0.362	0.231	0.168	0.0578
524	0.362	0.231	0.168	0.0577
525	0.361	0.231	0.167	0.0578
526	0.361	0.231	0.167	0.0579
527	0.362	0.231	0.167	0.0578
528	0.361	0.231	0.167	0.0579
529	0.361	0.231	0.167	0.0579
530	0.361	0.231	0.167	0.0579
531	0.361	0.231	0.167	0.058
532	0.361	0.231	0.167	0.0578
533	0.361	0.231	0.167	0.0578
534	0.36	0.231	0.167	0.0579
535	0.36	0.231	0.167	0.0578
536	0.361	0.231	0.167	0.0577
537	0.36	0.231	0.167	0.0578
538	0.36	0.231	0.167	0.0578
539	0.36	0.231	0.167	0.0578
540	0.36	0.231	0.167	0.0578
541	0.36	0.231	0.167	0.0579
542	0.36	0.231	0.167	0.0578
543	0.36	0.231	0.167	0.0579
544	0.36	0.231	0.167	0.0579
545	0.36	0.231	0.167	0.0579
546	0.359	0.232	0.167	0.058
547	0.359	0.231	0.167	0.058
548	0.359	0.231	0.167	0.0579
549	0.359	0.231	0.167	0.058
550	0.359	0.232	0.167	0.058
551	0.359	0.231	0.167	0.0579
552	0.359	0.231	0.167	0.058
553	0.358	0.231	0.167	0.058
554	0.358	0.231	0.167	0.0579
555	0.358	0.231	0.167	0.058
556	0.358	0.231	0.167	0.058
557	0.358	0.231	0.167	0.0579
558	0.358	0.231	0.167	0.058
559	0.358	0.231	0.167	0.0579
560	0.358	0.231	0.167	0.0579
561	0.358	0.231	0.166	0.058
562	0.358	0.231	0.166	0.058
563	0.357	0.231	0.166	0.058
564	0.358	0.231	0.166	0.058
565	0.358	0.231	0.166	0.0579
566	0.357	0.231	0.166	0.058
567	0.357	0.231	0.166	0.058
568	0.357	0.231	0.166	0.058
569	0.357	0.231	0.166	0.058
570	0.357	0.231	0.166	0.0581
571	0.357	0.231	0.166	0.058
572	0.357	0.231	0.166	0.058
573	0.357	0.231	0.166	0.0581
574	0.357	0.231	0.166	0.058
575	0.357	0.231	0.166	0.058
576	0.356	0.231	0.166	0.0581
577	0.357	0.231	0.166	0.0581
578	0.357	0.231	0.166	0.058
579	0.357	0.231	0.166	0.0581
580	0.356	0.231	0.166	0.0581
581	0.356	0.231	0.166	0.0581
582	0.356	0.231	0.166	0.0581
583	0.356	0.231	0.166	0.058
584	0.356	0.231	0.166	0.058
585	0.356	0.231	0.166	0.0581
586	0.356	0.231	0.166	0.0581
587	0.356	0.231	0.166	0.0581
588	0.355	0.231	0.166	0.0582
589	0.356	0.231	0.166	0.0581
590	0.356	0.231	0.166	0.058
591	0.355	0.231	0.166	0.0581
592	0.355	0.231	0.165	0.0581
593	0.355	0.231	0.166	0.058
594	0.355	0.231	0.165	0.0581
595	0.355	0.231	0.165	0.0581
596	0.355	0.231	0.165	0.0581
597	0.355	0.231	0.165	0.0581
598	0.355	0.231	0.165	0.0581
599	0.355	0.231	0.165	0.0581
600	0.354	0.231	0.165	0.0582
601	0.354	0.231	0.165	0.0581
602	0.354	0.231	0.165	0.0582
603	0.354	0.231	0.165	0.0582
604	0.355	0.231	0.165	0.0581
605	0.354	0.231	0.165	0.0581
606	0.354	0.231	0.165	0.0582
607	0.354	0.231	0.165	0.0581
608	0.354	0.231	0.165	0.0582
609	0.354	0.231	0.165	0.0583
610	0.354	0.231	0.165	0.0582
611	0.354	0.231	0.165	0.0582
612	0.353	0.231	0.165	0.0583
613	0.353	0.231	0.165	0.0582
614	0.354	0.231	0.165	0.0582
615	0.353	0.231	0.165	0.0583
616	0.353	0.231	0.165	0.0582
617	0.353	0.231	0.165	0.0582
618	0.353	0.231	0.165	0.0582
619	0.353	0.231	0.165	0.0582
620	0.353	0.231	0.165	0.0582
621	0.353	0.231	0.165	0.0583
622	0.353	0.231	0.165	0.0583
623	0.353	0.231	0.165	0.0583
624	0.352	0.231	0.165	0.0583
625	0.352	0.23	0.165	0.0582
626	0.352	0.23	0.165	0.0582
627	0.352	0.23	0.165	0.0583
628	0.352	0.23	0.165	0.0582
629	0.352	0.23	0.165	0.0582
630	0.351	0.23	0.165	0.0583
631	0.352	0.23	0.165	0.0583
632	0.351	0.23	0.165	0.0582
633	0.351	0.23	0.165	0.0583
634	0.351	0.23	0.165	0.0582
635	0.351	0.23	0.165	0.0583
636	0.351	0.23	0.165	0.0583
637	0.351	0.23	0.165	0.0583
638	0.35	0.23	0.164	0.0584
639	0.351	0.23	0.165	0.0583
640	0.35	0.23	0.164	0.0583
641	0.351	0.23	0.164	0.0583
642	0.35	0.23	0.164	0.0584
643	0.35	0.23	0.164	0.0583
644	0.35	0.23	0.164	0.0583
645	0.35	0.23	0.164	0.0583
646	0.35	0.23	0.164	0.0583
647	0.35	0.23	0.164	0.0584
648	0.35	0.23	0.164	0.0584
649	0.35	0.23	0.164	0.0584
650	0.35	0.23	0.164	0.0583
651	0.349	0.23	0.164	0.0584
652	0.349	0.23	0.164	0.0584
653	0.349	0.23	0.164	0.0584
654	0.349	0.23	0.164	0.0584
655	0.349	0.23	0.164	0.0585
656	0.349	0.23	0.164	0.0585
657	0.349	0.231	0.164	0.0586
658	0.349	0.23	0.164	0.0585
659	0.349	0.23	0.164	0.0585
660	0.349	0.231	0.164	0.0585
661	0.349	0.23	0.164	0.0585
662	0.349	0.23	0.164	0.0585
663	0.348	0.23	0.164	0.0585
664	0.348	0.23	0.164	0.0585
665	0.348	0.23	0.164	0.0585
666	0.348	0.23	0.164	0.0586
667	0.348	0.23	0.164	0.0585
668	0.348	0.23	0.164	0.0585
669	0.348	0.23	0.164	0.0585
670	0.348	0.23	0.164	0.0585
671	0.348	0.23	0.164	0.0585
672	0.348	0.23	0.164	0.0585
673	0.348	0.23	0.164	0.0586
674	0.348	0.23	0.164	0.0585
675	0.348	0.231	0.164	0.0586
676	0.348	0.23	0.164	0.0586
677	0.348	0.23	0.164	0.0585
678	0.347	0.23	0.163	0.0586
679	0.347	0.23	0.163	0.0586
680	0.347	0.23	0.163	0.0586
681	0.347	0.23	0.163	0.0586
682	0.347	0.231	0.163	0.0586
683	0.347	0.23	0.163	0.0585
684	0.347	0.23	0.163	0.0585
685	0.347	0.23	0.163	0.0586
686	0.347	0.23	0.163	0.0586
687	0.347	0.23	0.163	0.0586
688	0.347	0.23	0.163	0.0587
689	0.346	0.231	0.163	0.0587
690	0.346	0.23	0.163	0.0586
691	0.346	0.23	0.163	0.0586
692	0.346	0.23	0.163	0.0586
693	0.346	0.23	0.163	0.0586
694	0.346	0.23	0.163	0.0586
695	0.346	0.23	0.163	0.0586
696	0.346	0.23	0.163	0.0586
697	0.346	0.23	0.163	0.0586
698	0.346	0.23	0.163	0.0586
699	0.346	0.23	0.163	0.0586
700	0.346	0.23	0.163	0.0586
701	0.346	0.23	0.163	0.0586
702	0.346	0.23	0.163	0.0586
703	0.346	0.23	0.163	0.0586
704	0.346	0.23	0.163	0.0586
705	0.346	0.23	0.163	0.0586
706	0.346	0.23	0.163	0.0587
707	0.345	0.23	0.163	0.0587
708	0.345	0.23	0.163	0.0586
709	0.345	0.23	0.163	0.0586
710	0.345	0.23	0.163	0.0586
711	0.345	0.23	0.163	0.0586
712	0.345	0.23	0.163	0.0587
713	0.345	0.23	0.163	0.0587
714	0.344	0.23	0.163	0.0587
715	0.344	0.23	0.163	0.0587
716	0.344	0.23	0.163	0.0587
717	0.345	0.23	0.163	0.0587
718	0.345	0.23	0.163	0.0587
719	0.345	0.23	0.163	0.0587
720	0.344	0.23	0.163	0.0587
721	0.344	0.23	0.163	0.0588
722	0.344	0.23	0.163	0.0587
723	0.344	0.23	0.163	0.0587
724	0.344	0.23	0.163	0.0588
725	0.344	0.23	0.163	0.0587
726	0.344	0.23	0.163	0.0587
727	0.344	0.23	0.163	0.0587
728	0.344	0.23	0.163	0.0587
729	0.344	0.23	0.163	0.0587
730	0.344	0.23	0.163	0.0587
731	0.344	0.23	0.163	0.0587
732	0.344	0.23	0.163	0.0588
733	0.344	0.23	0.163	0.0588
734	0.344	0.23	0.162	0.0588
735	0.343	0.23	0.162	0.0588
736	0.343	0.23	0.162	0.0587
737	0.343	0.23	0.162	0.0588
738	0.343	0.23	0.162	0.0588
739	0.343	0.23	0.162	0.0588
740	0.343	0.23	0.162	0.0588
741	0.343	0.23	0.162	0.0588
742	0.343	0.23	0.162	0.0589
743	0.343	0.23	0.162	0.0588
744	0.343	0.23	0.162	0.0588
745	0.343	0.23	0.162	0.0588
746	0.343	0.23	0.162	0.0588
747	0.343	0.23	0.162	0.0588
748	0.343	0.23	0.162	0.0588
749	0.342	0.23	0.162	0.0588
750	0.343	0.23	0.162	0.0588
751	0.342	0.23	0.162	0.0588
752	0.342	0.23	0.162	0.0588
753	0.342	0.23	0.162	0.0589
754	0.342	0.23	0.162	0.0588
755	0.342	0.229	0.162	0.0588
756	0.342	0.229	0.162	0.0589
757	0.342	0.229	0.162	0.0589
758	0.342	0.229	0.162	0.0589
759	0.341	0.229	0.162	0.0589
760	0.342	0.23	0.162	0.0589
761	0.341	0.229	0.162	0.059
762	0.341	0.229	0.162	0.0589
763	0.341	0.229	0.162	0.0589
764	0.341	0.229	0.162	0.059
765	0.341	0.229	0.162	0.0589
766	0.341	0.229	0.162	0.0589
767	0.341	0.229	0.162	0.059
768	0.341	0.229	0.162	0.059
769	0.341	0.229	0.162	0.0589
770	0.341	0.229	0.162	0.059
771	0.341	0.229	0.162	0.059
772	0.341	0.229	0.162	0.059
773	0.34	0.229	0.162	0.059
774	0.341	0.229	0.162	0.059
775	0.34	0.229	0.162	0.059
776	0.34	0.229	0.162	0.059
777	0.34	0.229	0.162	0.059
778	0.34	0.229	0.162	0.0591
779	0.34	0.229	0.162	0.059
780	0.34	0.229	0.162	0.059
781	0.34	0.229	0.162	0.059
782	0.34	0.229	0.162	0.059
783	0.34	0.229	0.162	0.0591
784	0.34	0.229	0.162	0.059
785	0.339	0.229	0.162	0.059
786	0.339	0.229	0.162	0.059
787	0.339	0.229	0.162	0.059
788	0.339	0.229	0.161	0.059
789	0.339	0.229	0.162	0.059
790	0.339	0.229	0.162	0.059
791	0.339	0.229	0.161	0.0591
792	0.339	0.229	0.162	0.059
793	0.339	0.229	0.161	0.059
794	0.338	0.229	0.161	0.0591
795	0.339	0.229	0.161	0.0591
796	0.338	0.229	0.161	0.059
797	0.338	0.229	0.161	0.059
798	0.338	0.229	0.161	0.0591
799	0.338	0.229	0.161	0.059
800	0.338	0.229	0.161	0.0591
801	0.338	0.229	0.161	0.0591
802	0.338	0.229	0.161	0.059
803	0.338	0.229	0.161	0.059
804	0.338	0.229	0.161	0.059
805	0.338	0.228	0.161	0.059
806	0.338	0.229	0.161	0.0591
807	0.338	0.229	0.161	0.059
808	0.338	0.229	0.161	0.059
809	0.338	0.229	0.161	0.0591
810	0.338	0.229	0.161	0.0591
811	0.338	0.229	0.161	0.0591
812	0.338	0.229	0.161	0.0591
813	0.338	0.229	0.161	0.0591
814	0.338	0.229	0.161	0.0591
815	0.337	0.229	0.161	0.0591
816	0.337	0.229	0.161	0.0591
817	0.337	0.228	0.161	0.059
818	0.337	0.229	0.161	0.0591
819	0.337	0.229	0.161	0.0591
820	0.337	0.228	0.161	0.0591
821	0.337	0.229	0.161	0.0592
822	0.337	0.228	0.161	0.0591
823	0.337	0.228	0.161	0.0591
824	0.337	0.228	0.161	0.0591
825	0.337	0.228	0.161	0.0591
826	0.337	0.228	0.161	0.0591
827	0.337	0.228	0.161	0.0592
828	0.337	0.228	0.161	0.0592
829	0.337	0.228	0.161	0.0591
830	0.337	0.228	0.161	0.0591
831	0.337	0.228	0.161	0.0591
832	0.337	0.228	0.161	0.0591
833	0.336	0.228	0.161	0.0591
834	0.336	0.228	0.161	0.0591
835	0.336	0.228	0.161	0.0591
836	0.336	0.228	0.161	0.0592
837	0.336	0.228	0.161	0.0591
838	0.336	0.228	0.161	0.0591
839	0.336	0.228	0.161	0.0591
840	0.336	0.228	0.161	0.0591
841	0.336	0.228	0.161	0.0591
842	0.336	0.228	0.161	0.0592
843	0.336	0.228	0.161	0.0592
844	0.336	0.228	0.161	0.0592
845	0.336	0.228	0.161	0.0592
846	0.336	0.228	0.161	0.0592
847	0.336	0.228	0.161	0.0592
848	0.336	0.228	0.161	0.0593
849	0.335	0.228	0.161	0.0593
850	0.336	0.228	0.161	0.0592
851	0.335	0.228	0.161	0.0593
852	0.335	0.228	0.161	0.0593
853	0.336	0.228	0.161	0.0592
854	0.335	0.228	0.16	0.0593
855	0.335	0.228	0.16	0.0593
856	0.335	0.228	0.16	0.0593
857	0.335	0.228	0.16	0.0593
858	0.335	0.228	0.16	0.0593
859	0.335	0.228	0.16	0.0592
860	0.335	0.228	0.16	0.0593
861	0.335	0.228	0.16	0.0592
862	0.335	0.228	0.16	0.0592
863	0.335	0.228	0.16	0.0592
864	0.334	0.228	0.16	0.0593
865	0.335	0.228	0.16	0.0592
866	0.334	0.228	0.16	0.0593
867	0.334	0.228	0.16	0.0594
868	0.335	0.228	0.16	0.0593
869	0.334	0.229	0.16	0.0594
870	0.334	0.228	0.16	0.0594
871	0.335	0.228	0.16	0.0593
872	0.334	0.228	0.16	0.0593
873	0.334	0.228	0.16	0.0593
874	0.334	0.228	0.16	0.0594
875	0.334	0.228	0.16	0.0594
876	0.334	0.228	0.16	0.0594
877	0.334	0.228	0.16	0.0593
878	0.334	0.228	0.16	0.0594
879	0.334	0.228	0.16	0.0594
880	0.334	0.228	0.16	0.0594
881	0.334	0.228	0.16	0.0594
882	0.334	0.228	0.16	0.0594
883	0.334	0.228	0.16	0.0593
884	0.334	0.228	0.16	0.0594
885	0.334	0.228	0.16	0.0593
886	0.334	0.228	0.16	0.0593
887	0.333	0.228	0.16	0.0594
888	0.333	0.228	0.16	0.0594
889	0.333	0.228	0.16	0.0594
890	0.333	0.228	0.16	0.0594
891	0.333	0.228	0.16	0.0594
892	0.333	0.228	0.16	0.0594
893	0.333	0.228	0.16	0.0594
894	0.333	0.228	0.16	0.0594
895	0.333	0.228	0.16	0.0594
896	0.333	0.228	0.16	0.0595
897	0.333	0.228	0.16	0.0595
898	0.333	0.228	0.16	0.0595
899	0.333	0.228	0.16	0.0595
900	0.332	0.228	0.16	0.0595
901	0.333	0.228	0.16	0.0594
902	0.332	0.228	0.16	0.0595
903	0.332	0.228	0.16	0.0595
904	0.332	0.228	0.16	0.0595
905	0.332	0.228	0.16	0.0595
906	0.332	0.228	0.16	0.0595
907	0.332	0.228	0.16	0.0594
908	0.332	0.228	0.16	0.0595
909	0.332	0.228	0.16	0.0595
910	0.332	0.228	0.16	0.0595
911	0.332	0.228	0.16	0.0595
912	0.332	0.228	0.16	0.0596
913	0.332	0.228	0.16	0.0595
914	0.332	0.228	0.16	0.0595
915	0.332	0.228	0.16	0.0595
916	0.332	0.228	0.16	0.0595
917	0.332	0.228	0.16	0.0595
918	0.332	0.228	0.16	0.0595
919	0.332	0.228	0.16	0.0595
920	0.332	0.228	0.159	0.0595
921	0.332	0.228	0.16	0.0595
922	0.332	0.228	0.159	0.0595
923	0.332	0.228	0.159	0.0595
924	0.332	0.228	0.159	0.0595
925	0.332	0.228	0.159	0.0595
926	0.332	0.228	0.159	0.0595
927	0.332	0.228	0.159	0.0595
928	0.332	0.228	0.159	0.0595
929	0.332	0.228	0.159	0.0595
930	0.331	0.228	0.159	0.0595
931	0.331	0.228	0.159	0.0595
932	0.331	0.228	0.159	0.0595
933	0.331	0.228	0.159	0.0595
934	0.331	0.228	0.159	0.0595
935	0.331	0.228	0.159	0.0596
936	0.331	0.228	0.159	0.0595
937	0.331	0.228	0.159	0.0595
938	0.331	0.228	0.159	0.0596
939	0.331	0.228	0.159	0.0595
940	0.331	0.228	0.159	0.0595
941	0.33	0.228	0.159	0.0596
942	0.33	0.228	0.159	0.0595
943	0.33	0.228	0.159	0.0595
944	0.33	0.228	0.159	0.0596
945	0.33	0.227	0.159	0.0595
946	0.33	0.227	0.159	0.0595
947	0.33	0.227	0.159	0.0596
948	0.33	0.227	0.159	0.0596
949	0.331	0.227	0.159	0.0595
950	0.33	0.228	0.159	0.0596
951	0.33	0.227	0.159	0.0595
952	0.33	0.228	0.159	0.0596
953	0.33	0.228	0.159	0.0596
954	0.33	0.228	0.159	0.0595
955	0.33	0.227	0.159	0.0595
956	0.33	0.228	0.159	0.0596
957	0.33	0.228	0.159	0.0596
958	0.33	0.228	0.159	0.0596
959	0.33	0.228	0.159	0.0596
960	0.33	0.228	0.159	0.0596
961	0.33	0.228	0.159	0.0596
962	0.33	0.228	0.159	0.0596
963	0.33	0.228	0.159	0.0596
964	0.33	0.227	0.159	0.0596
965	0.329	0.228	0.159	0.0597
966	0.329	0.227	0.159	0.0596
967	0.33	0.227	0.159	0.0595
968	0.329	0.227	0.159	0.0596
969	0.329	0.227	0.159	0.0596
970	0.329	0.227	0.159	0.0595
971	0.329	0.227	0.159	0.0596
972	0.329	0.227	0.159	0.0596
973	0.329	0.227	0.159	0.0596
974	0.329	0.227	0.159	0.0596
975	0.33	0.226	0.16	0.0592
976	0.332	0.224	0.161	0.0588
977	0.331	0.225	0.161	0.059
978	0.332	0.224	0.161	0.059
979	0.332	0.224	0.161	0.0589
980	0.331	0.225	0.161	0.059
981	0.331	0.224	0.161	0.0589
982	0.332	0.225	0.161	0.0589
983	0.331	0.225	0.161	0.059
984	0.331	0.225	0.161	0.059
985	0.331	0.225	0.161	0.059
986	0.331	0.225	0.161	0.059
987	0.331	0.225	0.161	0.059
988	0.331	0.225	0.161	0.059
989	0.331	0.225	0.161	0.0591
990	0.331	0.225	0.161	0.059
991	0.331	0.225	0.161	0.059
992	0.331	0.225	0.161	0.0591
993	0.331	0.225	0.161	0.0591
994	0.331	0.225	0.161	0.0591
995	0.331	0.225	0.161	0.0591
996	0.331	0.225	0.161	0.059
997	0.331	0.225	0.161	0.059
998	0.33	0.225	0.16	0.0591
999	0.331	0.225	0.161	0.0591
1000	0.331	0.225	0.161	0.059
1001	0.33	0.225	0.16	0.0591
1002	0.33	0.225	0.16	0.0591
1003	0.331	0.225	0.16	0.0591
1004	0.33	0.225	0.16	0.0592
1005	0.33	0.225	0.16	0.0592
1006	0.33	0.225	0.16	0.0591
1007	0.33	0.225	0.16	0.0592
1008	0.33	0.225	0.16	0.0591
1009	0.33	0.225	0.16	0.0591
1010	0.33	0.225	0.16	0.0592
1011	0.33	0.224	0.16	0.0591
1012	0.33	0.225	0.16	0.0591
1013	0.33	0.225	0.16	0.0592
1014	0.33	0.225	0.16	0.0592
1015	0.33	0.225	0.16	0.0591
1016	0.33	0.225	0.16	0.0592
1017	0.33	0.225	0.16	0.0592
1018	0.33	0.225	0.16	0.0592
1019	0.329	0.225	0.16	0.0592
1020	0.33	0.225	0.16	0.0592
1021	0.33	0.225	0.16	0.0592
1022	0.33	0.225	0.16	0.0592
1023	0.33	0.224	0.16	0.0592
1024	0.33	0.224	0.16	0.0592
1025	0.329	0.225	0.16	0.0593
1026	0.329	0.224	0.16	0.0592
1027	0.329	0.224	0.16	0.0592
1028	0.329	0.224	0.16	0.0592
1029	0.329	0.224	0.16	0.0592
1030	0.329	0.224	0.16	0.0592
1031	0.329	0.224	0.16	0.0593
1032	0.329	0.224	0.16	0.0592
1033	0.329	0.224	0.16	0.0592
1034	0.329	0.224	0.16	0.0593
1035	0.329	0.224	0.16	0.0592
1036	0.329	0.224	0.16	0.0592
1037	0.329	0.224	0.16	0.0593
1038	0.329	0.224	0.16	0.0593
1039	0.329	0.224	0.16	0.0592
1040	0.328	0.224	0.16	0.0593
1041	0.329	0.224	0.16	0.0593
1042	0.329	0.224	0.16	0.0592
1043	0.328	0.224	0.16	0.0593
1044	0.329	0.224	0.16	0.0592
1045	0.329	0.224	0.16	0.0593
1046	0.328	0.224	0.16	0.0593
1047	0.328	0.224	0.16	0.0593
1048	0.328	0.224	0.16	0.0592
1049	0.328	0.224	0.16	0.0593
1050	0.328	0.224	0.16	0.0592
1051	0.328	0.224	0.16	0.0592
1052	0.328	0.224	0.16	0.0593
1053	0.328	0.224	0.16	0.0593
1054	0.328	0.224	0.16	0.0593
1055	0.328	0.224	0.16	0.0593
1056	0.328	0.224	0.16	0.0593
1057	0.328	0.224	0.16	0.0593
1058	0.327	0.224	0.16	0.0594
1059	0.328	0.224	0.16	0.0594
1060	0.327	0.224	0.16	0.0593
1061	0.327	0.224	0.16	0.0594
1062	0.328	0.224	0.16	0.0593
1063	0.327	0.224	0.159	0.0594
1064	0.327	0.224	0.16	0.0594
1065	0.327	0.224	0.16	0.0593
1066	0.327	0.224	0.159	0.0594
1067	0.327	0.224	0.159	0.0593
1068	0.327	0.224	0.159	0.0594
1069	0.327	0.224	0.159	0.0594
1070	0.327	0.224	0.159	0.0594
1071	0.327	0.224	0.159	0.0593
1072	0.327	0.224	0.159	0.0593
1073	0.327	0.224	0.159	0.0593
1074	0.327	0.224	0.159	0.0594
1075	0.327	0.224	0.159	0.0594
1076	0.327	0.224	0.159	0.0594
1077	0.327	0.224	0.159	0.0594
1078	0.327	0.224	0.159	0.0594
1079	0.327	0.224	0.159	0.0594
1080	0.326	0.224	0.159	0.0594
1081	0.326	0.224	0.159	0.0595
1082	0.326	0.224	0.159	0.0594
1083	0.327	0.224	0.159	0.0594
1084	0.326	0.224	0.159	0.0595
1085	0.326	0.224	0.159	0.0595
1086	0.326	0.224	0.159	0.0595
1087	0.326	0.224	0.159	0.0595
1088	0.326	0.224	0.159	0.0595
1089	0.326	0.224	0.159	0.0594
1090	0.326	0.224	0.159	0.0595
1091	0.326	0.224	0.159	0.0595
1092	0.326	0.224	0.159	0.0595
1093	0.326	0.224	0.159	0.0595
1094	0.326	0.224	0.159	0.0595
1095	0.326	0.224	0.159	0.0595
1096	0.326	0.224	0.159	0.0595
1097	0.326	0.224	0.159	0.0596
1098	0.326	0.224	0.159	0.0596
1099	0.326	0.224	0.159	0.0596
1100	0.326	0.224	0.159	0.0596
1101	0.326	0.224	0.159	0.0595
1102	0.326	0.224	0.159	0.0596
1103	0.326	0.224	0.159	0.0596
1104	0.325	0.224	0.159	0.0596
1105	0.326	0.224	0.159	0.0595
1106	0.325	0.224	0.159	0.0596
1107	0.325	0.224	0.159	0.0596
1108	0.325	0.223	0.159	0.0596
1109	0.325	0.224	0.159	0.0595
1110	0.325	0.223	0.159	0.0596
1111	0.325	0.223	0.159	0.0596
1112	0.325	0.223	0.159	0.0596
1113	0.325	0.223	0.159	0.0596
1114	0.325	0.223	0.159	0.0596
1115	0.325	0.223	0.159	0.0596
1116	0.325	0.223	0.159	0.0596
1117	0.325	0.223	0.159	0.0596
1118	0.325	0.223	0.159	0.0596
1119	0.325	0.223	0.159	0.0596
1120	0.325	0.223	0.159	0.0595
1121	0.325	0.223	0.159	0.0596
1122	0.325	0.223	0.159	0.0596
1123	0.325	0.223	0.159	0.0596
1124	0.325	0.223	0.159	0.0596
1125	0.325	0.223	0.159	0.0596
1126	0.325	0.223	0.159	0.0596
1127	0.325	0.223	0.159	0.0596
1128	0.325	0.223	0.159	0.0596
1129	0.325	0.223	0.159	0.0596
1130	0.324	0.223	0.159	0.0596
1131	0.324	0.223	0.159	0.0596
1132	0.324	0.223	0.159	0.0596
1133	0.324	0.223	0.159	0.0596
1134	0.324	0.223	0.159	0.0596
1135	0.324	0.223	0.159	0.0596
1136	0.325	0.222	0.16	0.0592
1137	0.327	0.221	0.161	0.0588
1138	0.327	0.221	0.161	0.0589
1139	0.327	0.221	0.161	0.0589
1140	0.327	0.221	0.161	0.0589
1141	0.327	0.221	0.161	0.059
1142	0.327	0.221	0.161	0.059
1143	0.327	0.221	0.161	0.059
1144	0.327	0.221	0.161	0.059
1145	0.326	0.221	0.161	0.059
1146	0.326	0.221	0.161	0.059
1147	0.326	0.221	0.161	0.059
1148	0.326	0.221	0.161	0.059
1149	0.327	0.221	0.161	0.059
1150	0.326	0.221	0.16	0.059
1151	0.326	0.221	0.16	0.059
1152	0.326	0.221	0.16	0.059
1153	0.326	0.221	0.16	0.0591
1154	0.326	0.221	0.16	0.0591
1155	0.326	0.221	0.16	0.0591
1156	0.326	0.221	0.16	0.0591
1157	0.326	0.221	0.16	0.0591
1158	0.326	0.221	0.16	0.0591
1159	0.326	0.221	0.16	0.0591
1160	0.326	0.221	0.16	0.0592
1161	0.326	0.221	0.16	0.0591
1162	0.325	0.221	0.16	0.0591
1163	0.325	0.221	0.16	0.0592
1164	0.325	0.221	0.16	0.0591
1165	0.325	0.221	0.16	0.0591
1166	0.325	0.221	0.16	0.0591
1167	0.325	0.221	0.16	0.0591
1168	0.325	0.221	0.16	0.0592
1169	0.325	0.221	0.16	0.0591
1170	0.325	0.221	0.16	0.0592
1171	0.325	0.22	0.16	0.0591
1172	0.325	0.221	0.16	0.0592
1173	0.325	0.221	0.16	0.0591
1174	0.325	0.221	0.16	0.0591
1175	0.325	0.221	0.16	0.0592
1176	0.325	0.221	0.16	0.0592
1177	0.325	0.221	0.16	0.0592
1178	0.325	0.221	0.16	0.0593
1179	0.325	0.221	0.16	0.0592
1180	0.325	0.221	0.16	0.0592
1181	0.325	0.221	0.16	0.0592
1182	0.325	0.221	0.16	0.0593
1183	0.325	0.221	0.16	0.0592
1184	0.325	0.221	0.16	0.0592
1185	0.324	0.221	0.16	0.0593
1186	0.324	0.22	0.16	0.0592
1187	0.324	0.22	0.16	0.0592
1188	0.324	0.221	0.16	0.0592
1189	0.324	0.221	0.16	0.0592
1190	0.324	0.221	0.16	0.0592
1191	0.324	0.221	0.16	0.0592
1192	0.324	0.22	0.16	0.0592
1193	0.324	0.22	0.16	0.0593
1194	0.324	0.22	0.16	0.0592
1195	0.324	0.22	0.16	0.0592
1196	0.324	0.22	0.16	0.0593
1197	0.324	0.22	0.16	0.0593
1198	0.324	0.22	0.16	0.0592
1199	0.324	0.22	0.16	0.0593
1200	0.324	0.22	0.16	0.0593
1201	0.324	0.22	0.16	0.0592
1202	0.324	0.22	0.16	0.0593
1203	0.324	0.221	0.16	0.0593
1204	0.324	0.22	0.16	0.0593
1205	0.324	0.22	0.16	0.0593
1206	0.323	0.221	0.16	0.0593
1207	0.324	0.22	0.16	0.0592
1208	0.323	0.221	0.16	0.0593
1209	0.323	0.22	0.16	0.0593
1210	0.323	0.22	0.16	0.0593
1211	0.323	0.22	0.16	0.0593
1212	0.323	0.22	0.16	0.0594
1213	0.323	0.22	0.16	0.0593
1214	0.323	0.22	0.16	0.0594
1215	0.323	0.22	0.16	0.0594
1216	0.323	0.22	0.16	0.0593
1217	0.323	0.22	0.16	0.0594
1218	0.323	0.22	0.16	0.0594
1219	0.323	0.22	0.16	0.0593
1220	0.323	0.22	0.16	0.0594
1221	0.323	0.22	0.16	0.0593
1222	0.323	0.22	0.16	0.0593
1223	0.323	0.22	0.16	0.0594
1224	0.323	0.22	0.16	0.0594
1225	0.323	0.22	0.16	0.0594
1226	0.323	0.22	0.16	0.0594
1227	0.323	0.22	0.16	0.0594
1228	0.323	0.22	0.16	0.0594
1229	0.322	0.22	0.159	0.0594
1230	0.322	0.22	0.16	0.0594
1231	0.322	0.22	0.16	0.0594
1232	0.322	0.22	0.159	0.0594
1233	0.322	0.22	0.159	0.0595
1234	0.322	0.22	0.16	0.0594
1235	0.322	0.22	0.159	0.0595
1236	0.322	0.22	0.159	0.0594
1237	0.322	0.22	0.159	0.0594
1238	0.322	0.22	0.159	0.0595
1239	0.322	0.22	0.159	0.0594
1240	0.322	0.22	0.159	0.0594
1241	0.322	0.22	0.159	0.0595
1242	0.322	0.22	0.159	0.0595
1243	0.322	0.22	0.159	0.0594
1244	0.322	0.22	0.159	0.0594
1245	0.322	0.22	0.159	0.0594
1246	0.322	0.22	0.159	0.0594
1247	0.322	0.22	0.159	0.0594
1248	0.322	0.22	0.159	0.0594
1249	0.322	0.22	0.159	0.0594
1250	0.322	0.22	0.159	0.0594
1251	0.322	0.22	0.159	0.0595
1252	0.322	0.22	0.159	0.0595
1253	0.322	0.22	0.159	0.0595
1254	0.321	0.22	0.159	0.0595
1255	0.322	0.22	0.159	0.0594
1256	0.321	0.22	0.159	0.0595
1257	0.321	0.22	0.159	0.0595
1258	0.321	0.22	0.159	0.0595
1259	0.321	0.22	0.159	0.0595
1260	0.321	0.22	0.159	0.0595
1261	0.321	0.22	0.159	0.0595
1262	0.321	0.22	0.159	0.0595
1263	0.321	0.22	0.159	0.0595
1264	0.321	0.22	0.159	0.0595
1265	0.321	0.22	0.159	0.0595
1266	0.321	0.219	0.159	0.0595
1267	0.321	0.219	0.159	0.0595
1268	0.321	0.219	0.159	0.0595
1269	0.321	0.219	0.159	0.0595
1270	0.321	0.219	0.159	0.0594
1271	0.32	0.219	0.159	0.0595
1272	0.322	0.218	0.16	0.0591
1273	0.323	0.217	0.161	0.0587
1274	0.323	0.217	0.161	0.0587
1275	0.323	0.217	0.161	0.0587
1276	0.323	0.217	0.161	0.0587
1277	0.323	0.217	0.161	0.0588
1278	0.323	0.217	0.161	0.0589
1279	0.323	0.217	0.161	0.0588
1280	0.323	0.217	0.161	0.0588
1281	0.323	0.217	0.161	0.0588
1282	0.322	0.217	0.161	0.0589
1283	0.322	0.217	0.161	0.0589
1284	0.322	0.217	0.161	0.0589
1285	0.323	0.217	0.161	0.0588
1286	0.322	0.217	0.161	0.0589
1287	0.322	0.217	0.161	0.059
1288	0.323	0.217	0.161	0.0589
1289	0.322	0.217	0.161	0.059
1290	0.322	0.217	0.161	0.0589
1291	0.322	0.217	0.161	0.0589
1292	0.322	0.217	0.161	0.059
1293	0.322	0.217	0.161	0.0589
1294	0.322	0.217	0.161	0.0589
1295	0.322	0.217	0.161	0.059
1296	0.322	0.217	0.161	0.0589
1297	0.322	0.217	0.161	0.0589
1298	0.322	0.217	0.161	0.059
1299	0.322	0.217	0.161	0.059
1300	0.322	0.217	0.161	0.0589
1301	0.322	0.217	0.161	0.059
1302	0.322	0.217	0.161	0.059
1303	0.322	0.217	0.161	0.059
1304	0.321	0.217	0.161	0.059
1305	0.322	0.217	0.161	0.059
1306	0.322	0.217	0.161	0.059
1307	0.321	0.217	0.161	0.059
1308	0.321	0.217	0.161	0.0591
1309	0.322	0.217	0.161	0.059
1310	0.321	0.217	0.16	0.0591
1311	0.321	0.217	0.16	0.0591
1312	0.321	0.217	0.16	0.0591
1313	0.321	0.217	0.16	0.0591
1314	0.321	0.217	0.16	0.0591
1315	0.321	0.217	0.16	0.0591
1316	0.321	0.217	0.16	0.0591
1317	0.321	0.217	0.16	0.059
1318	0.321	0.217	0.16	0.059
1319	0.321	0.217	0.16	0.0591
1320	0.321	0.217	0.16	0.0591
1321	0.321	0.217	0.16	0.0591
1322	0.321	0.217	0.16	0.0591
1323	0.321	0.217	0.16	0.0591
1324	0.321	0.217	0.16	0.059
1325	0.321	0.217	0.16	0.0591
1326	0.321	0.217	0.16	0.0591
1327	0.321	0.217	0.16	0.0591
1328	0.321	0.217	0.16	0.0591
1329	0.321	0.217	0.16	0.0591
1330	0.321	0.217	0.16	0.0591
1331	0.321	0.217	0.16	0.0591
1332	0.321	0.217	0.16	0.0591
1333	0.321	0.217	0.16	0.0591
1334	0.321	0.217	0.16	0.0591
1335	0.321	0.217	0.16	0.0592
1336	0.321	0.217	0.16	0.0591
1337	0.32	0.217	0.16	0.0592
1338	0.32	0.217	0.16	0.0592
1339	0.32	0.217	0.16	0.0591
1340	0.32	0.217	0.16	0.0592
1341	0.32	0.217	0.16	0.0591
1342	0.321	0.217	0.16	0.0591
1343	0.32	0.217	0.16	0.0592
1344	0.32	0.217	0.16	0.0592
1345	0.32	0.217	0.16	0.0592
1346	0.32	0.217	0.16	0.0592
1347	0.32	0.217	0.16	0.0592
1348	0.32	0.217	0.16	0.0592
1349	0.32	0.217	0.16	0.0593
1350	0.32	0.217	0.16	0.0592
1351	0.32	0.217	0.16	0.0592
1352	0.32	0.217	0.16	0.0593
1353	0.32	0.217	0.16	0.0592
1354	0.32	0.217	0.16	0.0592
1355	0.319	0.217	0.16	0.0593
1356	0.32	0.217	0.16	0.0593
1357	0.32	0.217	0.16	0.0593
1358	0.319	0.217	0.16	0.0593
1359	0.32	0.217	0.16	0.0592
1360	0.319	0.217	0.16	0.0593
1361	0.319	0.217	0.16	0.0593
1362	0.319	0.217	0.16	0.0592
1363	0.319	0.217	0.16	0.0592
1364	0.319	0.217	0.16	0.0592
1365	0.32	0.217	0.16	0.0592
1366	0.319	0.217	0.16	0.0592
1367	0.319	0.217	0.16	0.0593
1368	0.319	0.217	0.16	0.0593
1369	0.319	0.216	0.16	0.0592
1370	0.319	0.217	0.16	0.0593
1371	0.319	0.217	0.16	0.0593
1372	0.319	0.217	0.16	0.0593
1373	0.319	0.217	0.16	0.0594
1374	0.319	0.216	0.16	0.0593
1375	0.319	0.216	0.16	0.0593
1376	0.319	0.217	0.16	0.0594
1377	0.319	0.216	0.16	0.0593
1378	0.319	0.216	0.16	0.0593
1379	0.319	0.216	0.16	0.0594
1380	0.319	0.216	0.16	0.0593
1381	0.319	0.216	0.16	0.0593
1382	0.318	0.217	0.16	0.0594
1383	0.319	0.217	0.16	0.0593
1384	0.319	0.216	0.16	0.0593
1385	0.319	0.217	0.16	0.0594
1386	0.319	0.216	0.16	0.0593
1387	0.319	0.216	0.16	0.0593
1388	0.319	0.217	0.159	0.0594
1389	0.319	0.217	0.159	0.0594
1390	0.319	0.217	0.159	0.0594
1391	0.318	0.217	0.159	0.0594
1392	0.318	0.216	0.159	0.0594
1393	0.319	0.216	0.159	0.0594
1394	0.318	0.217	0.159	0.0594
1395	0.318	0.216	0.159	0.0594
1396	0.318	0.217	0.159	0.0594
1397	0.318	0.217	0.159	0.0594
1398	0.318	0.217	0.159	0.0594
1399	0.319	0.216	0.159	0.0593
1400	0.318	0.216	0.159	0.0594
1401	0.318	0.216	0.159	0.0594
1402	0.318	0.216	0.159	0.0594
1403	0.318	0.216	0.159	0.0594
1404	0.318	0.216	0.159	0.0594
1405	0.318	0.216	0.159	0.0594
1406	0.318	0.216	0.159	0.0594
1407	0.318	0.216	0.159	0.0593
1408	0.318	0.216	0.159	0.0594
1409	0.318	0.216	0.159	0.0594
1410	0.318	0.216	0.159	0.0594
1411	0.318	0.216	0.159	0.0594
1412	0.318	0.216	0.159	0.0594
1413	0.318	0.216	0.159	0.0594
1414	0.317	0.216	0.159	0.0595
1415	0.318	0.216	0.159	0.0594
1416	0.317	0.216	0.159	0.0594
1417	0.317	0.216	0.159	0.0594
1418	0.317	0.216	0.159	0.0595
1419	0.317	0.216	0.159	0.0594
1420	0.317	0.216	0.159	0.0595
1421	0.317	0.216	0.159	0.0594
1422	0.317	0.216	0.159	0.0595
1423	0.317	0.216	0.159	0.0594
1424	0.317	0.216	0.159	0.0594
1425	0.317	0.216	0.159	0.0594
1426	0.317	0.216	0.159	0.0594
1427	0.317	0.216	0.159	0.0594
1428	0.317	0.216	0.159	0.0594
1429	0.317	0.216	0.159	0.0594
1430	0.317	0.216	0.159	0.0594
1431	0.317	0.216	0.159	0.0594
1432	0.317	0.216	0.159	0.0594
1433	0.317	0.216	0.159	0.0595
1434	0.317	0.216	0.159	0.0595
1435	0.317	0.216	0.159	0.0595
1436	0.317	0.216	0.159	0.0594
1437	0.317	0.216	0.159	0.0595
1438	0.317	0.216	0.159	0.0595
1439	0.317	0.216	0.159	0.0595
1440	0.317	0.216	0.159	0.0595
1441	0.316	0.216	0.159	0.0595
1442	0.317	0.216	0.159	0.0595
1443	0.317	0.216	0.159	0.0595
1444	0.317	0.216	0.159	0.0595
1445	0.316	0.216	0.159	0.0596
1446	0.318	0.215	0.16	0.0591
1447	0.319	0.213	0.161	0.0587
1448	0.319	0.214	0.161	0.0588
1449	0.319	0.214	0.161	0.0588
1450	0.319	0.214	0.161	0.0589
1451	0.319	0.214	0.161	0.0589
1452	0.319	0.214	0.161	0.0589
1453	0.319	0.214	0.161	0.0589
1454	0.319	0.214	0.161	0.0589
1455	0.319	0.214	0.161	0.0589
1456	0.319	0.214	0.161	0.0589
1457	0.319	0.214	0.161	0.0589
1458	0.319	0.214	0.161	0.0589
1459	0.319	0.214	0.161	0.0589
1460	0.319	0.214	0.161	0.059
1461	0.319	0.214	0.161	0.059
1462	0.318	0.214	0.161	0.059
1463	0.319	0.214	0.161	0.059
1464	0.318	0.214	0.161	0.0591
1465	0.318	0.214	0.161	0.059
1466	0.318	0.214	0.161	0.059
1467	0.318	0.214	0.161	0.059
1468	0.318	0.214	0.161	0.059
1469	0.318	0.214	0.161	0.059
1470	0.318	0.214	0.161	0.059
1471	0.318	0.214	0.16	0.0591
1472	0.318	0.214	0.16	0.0591
1473	0.318	0.214	0.16	0.0591
1474	0.318	0.214	0.16	0.0591
1475	0.318	0.214	0.16	0.0591
1476	0.318	0.214	0.161	0.059
1477	0.318	0.214	0.16	0.0591
1478	0.318	0.214	0.16	0.059
1479	0.318	0.214	0.16	0.0591
1480	0.318	0.214	0.16	0.0591
1481	0.318	0.214	0.16	0.0591
1482	0.318	0.214	0.16	0.0591
1483	0.318	0.214	0.16	0.0591
1484	0.318	0.214	0.16	0.0591
1485	0.318	0.214	0.16	0.0591
1486	0.318	0.214	0.16	0.0591
1487	0.317	0.214	0.16	0.0591
1488	0.317	0.214	0.16	0.0591
1489	0.317	0.214	0.16	0.0591
1490	0.317	0.214	0.16	0.0591
1491	0.317	0.214	0.16	0.0591
1492	0.318	0.214	0.16	0.0591
1493	0.318	0.214	0.16	0.0591
1494	0.317	0.214	0.16	0.0591
1495	0.317	0.214	0.16	0.0592
1496	0.317	0.214	0.16	0.0592
1497	0.317	0.214	0.16	0.0592
1498	0.317	0.214	0.16	0.0591
1499	0.317	0.214	0.16	0.0591
1500	0.317	0.213	0.16	0.0592
1501	0.317	0.213	0.16	0.0592
1502	0.317	0.213	0.16	0.0592
1503	0.317	0.213	0.16	0.0591
1504	0.317	0.213	0.16	0.0591
1505	0.317	0.213	0.16	0.0591
1506	0.317	0.213	0.16	0.0592
1507	0.317	0.214	0.16	0.0592
1508	0.317	0.213	0.16	0.0591
1509	0.317	0.213	0.16	0.0591
1510	0.317	0.214	0.16	0.0591
1511	0.317	0.213	0.16	0.0591
1512	0.317	0.213	0.16	0.0591
1513	0.316	0.213	0.16	0.0592
1514	0.317	0.213	0.16	0.0591
1515	0.317	0.213	0.16	0.0591
1516	0.316	0.213	0.16	0.0592
1517	0.316	0.213	0.16	0.0591
1518	0.316	0.213	0.16	0.0592
1519	0.316	0.213	0.16	0.0592
1520	0.316	0.213	0.16	0.0591
1521	0.316	0.213	0.16	0.0592
1522	0.316	0.213	0.16	0.0592
1523	0.316	0.213	0.16	0.0592
1524	0.316	0.213	0.16	0.0592
1525	0.316	0.213	0.16	0.0592
1526	0.316	0.213	0.16	0.0592
1527	0.316	0.213	0.16	0.0592
1528	0.316	0.213	0.16	0.0593
1529	0.316	0.213	0.16	0.0592
1530	0.316	0.213	0.16	0.0592
1531	0.316	0.213	0.16	0.0592
1532	0.316	0.213	0.16	0.0592
1533	0.316	0.213	0.16	0.0592
1534	0.315	0.213	0.16	0.0592
1535	0.315	0.213	0.16	0.0592
1536	0.315	0.213	0.16	0.0592
1537	0.315	0.213	0.16	0.0593
1538	0.315	0.213	0.16	0.0592
1539	0.315	0.213	0.16	0.0593
1540	0.315	0.213	0.16	0.0593
1541	0.315	0.213	0.16	0.0592
1542	0.315	0.213	0.16	0.0592
1543	0.315	0.213	0.16	0.0593
1544	0.315	0.213	0.16	0.0593
1545	0.315	0.213	0.16	0.0593
1546	0.315	0.213	0.16	0.0593
1547	0.315	0.213	0.16	0.0592
1548	0.315	0.213	0.16	0.0593
1549	0.315	0.213	0.16	0.0593
1550	0.315	0.213	0.16	0.0592
1551	0.315	0.213	0.16	0.0593
1552	0.315	0.213	0.16	0.0593
1553	0.315	0.213	0.16	0.0593
1554	0.315	0.213	0.159	0.0593
1555	0.315	0.213	0.16	0.0593
1556	0.315	0.213	0.16	0.0592
1557	0.315	0.213	0.16	0.0593
1558	0.315	0.213	0.159	0.0593
1559	0.315	0.213	0.159	0.0593
1560	0.314	0.213	0.159	0.0593
1561	0.314	0.213	0.159	0.0593
1562	0.315	0.213	0.16	0.0593
1563	0.314	0.213	0.159	0.0593
1564	0.314	0.213	0.159	0.0593
1565	0.315	0.213	0.159	0.0593
1566	0.314	0.213	0.159	0.0594
1567	0.314	0.213	0.159	0.0594
1568	0.314	0.213	0.159	0.0593
1569	0.314	0.213	0.159	0.0594
1570	0.314	0.213	0.159	0.0594
1571	0.314	0.213	0.159	0.0594
1572	0.314	0.213	0.159	0.0594
1573	0.314	0.213	0.159	0.0594
1574	0.314	0.213	0.159	0.0594
1575	0.314	0.213	0.159	0.0594
1576	0.314	0.213	0.159	0.0594
1577	0.314	0.213	0.159	0.0594
1578	0.314	0.213	0.159	0.0594
1579	0.314	0.213	0.159	0.0594
1580	0.314	0.213	0.159	0.0593
1581	0.314	0.213	0.159	0.0594
1582	0.314	0.213	0.159	0.0594
1583	0.314	0.213	0.159	0.0593
1584	0.314	0.213	0.159	0.0594
1585	0.314	0.213	0.159	0.0594
1586	0.314	0.213	0.159	0.0593
1587	0.314	0.213	0.159	0.0594
1588	0.314	0.213	0.159	0.0594
1589	0.314	0.213	0.159	0.0594
1590	0.314	0.213	0.159	0.0594
1591	0.314	0.213	0.159	0.0594
1592	0.314	0.213	0.159	0.0594
1593	0.314	0.213	0.159	0.0594
1594	0.313	0.213	0.159	0.0594
1595	0.314	0.213	0.159	0.0594
