Iteration	ValueMean	ValueStddev	DerivMean	DerivStddev
3	0.515	0.268	0.167	0.0671
4	0.483	0.254	0.176	0.0629
5	0.484	0.244	0.177	0.0576
6	0.479	0.237	0.179	0.0549
7	0.479	0.235	0.179	0.0538
8	0.477	0.235	0.179	0.054
9	0.477	0.235	0.179	0.0539
10	0.475	0.234	0.179	0.0535
11	0.474	0.234	0.178	0.0535
12	0.473	0.234	0.178	0.0534
13	0.472	0.235	0.178	0.0534
14	0.471	0.235	0.177	0.0532
15	0.468	0.235	0.178	0.0532
16	0.468	0.235	0.177	0.0531
17	0.468	0.235	0.177	0.0531
18	0.467	0.236	0.177	0.0531
19	0.466	0.236	0.176	0.0531
20	0.465	0.236	0.176	0.053
21	0.464	0.236	0.176	0.0531
22	0.464	0.236	0.176	0.0531
23	0.463	0.236	0.175	0.053
24	0.462	0.236	0.175	0.0529
25	0.462	0.236	0.175	0.0529
26	0.462	0.237	0.175	0.0532
27	0.461	0.237	0.175	0.0532
28	0.461	0.237	0.174	0.0532
29	0.461	0.237	0.174	0.053
30	0.46	0.237	0.174	0.0531
31	0.459	0.236	0.174	0.0531
32	0.458	0.237	0.174	0.0531
33	0.456	0.237	0.174	0.053
34	0.456	0.236	0.174	0.0529
35	0.456	0.237	0.174	0.053
36	0.456	0.237	0.174	0.053
37	0.455	0.237	0.174	0.053
38	0.456	0.237	0.174	0.053
39	0.455	0.236	0.173	0.0529
40	0.455	0.237	0.173	0.0529
41	0.454	0.237	0.173	0.0529
42	0.453	0.236	0.173	0.0528
43	0.452	0.236	0.173	0.0527
44	0.452	0.236	0.173	0.0529
45	0.451	0.237	0.173	0.0529
46	0.451	0.237	0.173	0.0527
47	0.45	0.237	0.173	0.0527
48	0.45	0.237	0.173	0.0527
49	0.45	0.237	0.173	0.0528
50	0.449	0.237	0.172	0.0529
51	0.449	0.237	0.172	0.0529
52	0.449	0.238	0.172	0.0531
53	0.448	0.238	0.172	0.0531
54	0.448	0.238	0.172	0.0531
55	0.448	0.238	0.172	0.0531
56	0.447	0.238	0.172	0.0531
57	0.447	0.238	0.172	0.0529
58	0.447	0.238	0.172	0.053
59	0.447	0.238	0.172	0.0531
60	0.446	0.238	0.172	0.0531
61	0.446	0.238	0.172	0.0531
62	0.445	0.238	0.172	0.053
63	0.445	0.238	0.172	0.0529
64	0.445	0.238	0.171	0.053
65	0.445	0.239	0.171	0.0532
66	0.445	0.239	0.171	0.0531
67	0.444	0.239	0.171	0.0531
68	0.444	0.239	0.171	0.0533
69	0.444	0.239	0.171	0.0532
70	0.444	0.239	0.171	0.0531
71	0.443	0.239	0.171	0.0531
72	0.443	0.24	0.171	0.0532
73	0.442	0.239	0.171	0.0531
74	0.442	0.24	0.17	0.0533
75	0.443	0.24	0.17	0.0534
76	0.442	0.239	0.17	0.0534
77	0.441	0.24	0.17	0.0534
78	0.442	0.24	0.17	0.0535
79	0.441	0.24	0.17	0.0535
80	0.441	0.24	0.17	0.0535
81	0.441	0.24	0.17	0.0534
82	0.44	0.24	0.17	0.0534
83	0.44	0.24	0.17	0.0534
84	0.44	0.24	0.17	0.0534
85	0.439	0.24	0.17	0.0533
86	0.439	0.24	0.17	0.0533
87	0.439	0.24	0.17	0.0533
88	0.438	0.24	0.169	0.0535
89	0.438	0.241	0.169	0.0536
90	0.438	0.241	0.169	0.0537
91	0.438	0.241	0.169	0.0537
92	0.438	0.242	0.169	0.0539
93	0.438	0.242	0.169	0.0539
94	0.437	0.242	0.169	0.0539
95	0.437	0.242	0.169	0.0539
96	0.437	0.242	0.169	0.0541
97	0.437	0.242	0.169	0.054
98	0.437	0.243	0.168	0.0542
99	0.437	0.242	0.168	0.054
100	0.436	0.242	0.168	0.0539
101	0.436	0.242	0.168	0.0539
102	0.437	0.242	0.168	0.0539
103	0.436	0.242	0.168	0.0539
104	0.436	0.243	0.168	0.0541
105	0.436	0.243	0.168	0.054
106	0.435	0.243	0.168	0.054
107	0.435	0.243	0.168	0.054
108	0.435	0.242	0.168	0.054
109	0.435	0.242	0.168	0.054
110	0.436	0.243	0.168	0.0542
111	0.436	0.243	0.168	0.0542
112	0.435	0.243	0.168	0.0542
113	0.435	0.243	0.168	0.0542
114	0.435	0.243	0.168	0.0543
115	0.434	0.243	0.168	0.0542
116	0.434	0.243	0.168	0.0542
117	0.435	0.243	0.168	0.0542
118	0.434	0.243	0.168	0.0542
119	0.434	0.243	0.168	0.0544
120	0.433	0.243	0.168	0.0544
121	0.433	0.243	0.168	0.0542
122	0.432	0.243	0.168	0.0544
123	0.433	0.244	0.167	0.0544
124	0.433	0.244	0.167	0.0543
125	0.432	0.244	0.167	0.0544
126	0.432	0.244	0.167	0.0544
127	0.432	0.244	0.167	0.0544
128	0.432	0.244	0.167	0.0546
129	0.432	0.244	0.167	0.0545
130	0.432	0.244	0.167	0.0544
131	0.431	0.245	0.167	0.0546
132	0.43	0.244	0.167	0.0544
133	0.43	0.244	0.167	0.0544
134	0.43	0.244	0.167	0.0545
135	0.43	0.244	0.167	0.0545
136	0.43	0.244	0.167	0.0545
137	0.43	0.245	0.167	0.0545
138	0.43	0.245	0.167	0.0545
139	0.43	0.245	0.167	0.0545
140	0.43	0.245	0.167	0.0546
141	0.431	0.245	0.167	0.0546
142	0.43	0.245	0.167	0.0546
143	0.43	0.245	0.167	0.0546
144	0.43	0.245	0.167	0.0545
145	0.43	0.245	0.167	0.0546
146	0.43	0.246	0.166	0.0548
147	0.43	0.246	0.167	0.0546
148	0.429	0.246	0.167	0.0546
149	0.429	0.246	0.166	0.0547
150	0.429	0.246	0.167	0.0547
151	0.429	0.246	0.166	0.0547
152	0.429	0.246	0.166	0.0547
153	0.429	0.245	0.167	0.0546
154	0.429	0.245	0.167	0.0545
155	0.429	0.246	0.166	0.0546
156	0.429	0.246	0.167	0.0545
157	0.428	0.245	0.167	0.0544
158	0.428	0.246	0.166	0.0546
159	0.428	0.246	0.166	0.0545
160	0.428	0.246	0.166	0.0545
161	0.428	0.246	0.166	0.0546
162	0.428	0.246	0.166	0.0547
163	0.428	0.247	0.166	0.0548
164	0.428	0.247	0.166	0.0547
165	0.428	0.247	0.166	0.0547
166	0.427	0.246	0.166	0.0545
167	0.427	0.247	0.166	0.0547
168	0.428	0.247	0.166	0.0546
169	0.427	0.247	0.166	0.0546
170	0.427	0.247	0.166	0.0547
171	0.426	0.246	0.166	0.0547
172	0.426	0.246	0.166	0.0546
173	0.426	0.246	0.166	0.0547
174	0.427	0.246	0.166	0.0545
175	0.427	0.246	0.166	0.0545
176	0.426	0.246	0.166	0.0546
177	0.426	0.246	0.166	0.0545
178	0.426	0.246	0.166	0.0546
179	0.426	0.246	0.166	0.0546
180	0.426	0.246	0.166	0.0546
181	0.427	0.246	0.166	0.0546
182	0.427	0.247	0.165	0.0548
183	0.427	0.247	0.165	0.0548
184	0.426	0.247	0.165	0.0547
185	0.426	0.247	0.165	0.0548
186	0.427	0.247	0.165	0.0547
187	0.426	0.247	0.165	0.0546
188	0.426	0.247	0.165	0.0548
189	0.426	0.247	0.165	0.0548
190	0.427	0.247	0.165	0.0547
191	0.426	0.247	0.165	0.0547
192	0.426	0.247	0.165	0.0547
193	0.426	0.247	0.165	0.0547
194	0.426	0.247	0.165	0.0547
195	0.426	0.248	0.165	0.0547
196	0.426	0.247	0.165	0.0546
197	0.426	0.247	0.165	0.0546
198	0.426	0.247	0.165	0.0547
199	0.426	0.248	0.165	0.0547
200	0.426	0.248	0.165	0.0547
201	0.426	0.248	0.165	0.0547
202	0.426	0.248	0.165	0.0546
203	0.426	0.247	0.165	0.0546
204	0.426	0.248	0.165	0.0547
205	0.426	0.248	0.165	0.0547
206	0.426	0.248	0.165	0.0546
207	0.425	0.248	0.165	0.0547
208	0.425	0.248	0.165	0.0546
209	0.425	0.247	0.165	0.0545
210	0.425	0.248	0.165	0.0546
211	0.425	0.247	0.165	0.0545
212	0.425	0.248	0.165	0.0545
213	0.426	0.248	0.165	0.0546
214	0.426	0.248	0.165	0.0547
215	0.426	0.248	0.165	0.0547
216	0.426	0.249	0.165	0.0548
217	0.426	0.248	0.165	0.0547
218	0.425	0.249	0.164	0.0549
219	0.425	0.249	0.165	0.0548
220	0.426	0.248	0.165	0.0547
221	0.426	0.248	0.165	0.0547
222	0.426	0.248	0.165	0.0546
223	0.426	0.248	0.165	0.0546
224	0.426	0.249	0.164	0.0546
225	0.426	0.248	0.165	0.0546
226	0.426	0.248	0.165	0.0546
227	0.425	0.248	0.165	0.0546
228	0.425	0.248	0.165	0.0547
229	0.424	0.248	0.165	0.0546
230	0.424	0.248	0.165	0.0546
231	0.424	0.248	0.165	0.0547
232	0.423	0.248	0.165	0.0546
233	0.424	0.248	0.165	0.0546
234	0.424	0.248	0.165	0.0547
235	0.424	0.248	0.164	0.0547
236	0.424	0.249	0.164	0.0547
237	0.425	0.249	0.164	0.0548
238	0.425	0.249	0.164	0.0547
239	0.424	0.249	0.164	0.0547
240	0.424	0.248	0.165	0.0548
241	0.424	0.248	0.164	0.0547
242	0.423	0.248	0.164	0.0547
243	0.424	0.248	0.164	0.0548
244	0.424	0.249	0.164	0.0548
245	0.424	0.248	0.164	0.0547
246	0.424	0.249	0.164	0.0548
247	0.424	0.248	0.164	0.0547
248	0.424	0.248	0.164	0.0547
249	0.424	0.249	0.164	0.0548
250	0.425	0.248	0.164	0.0547
251	0.425	0.249	0.164	0.0548
252	0.424	0.249	0.164	0.0548
253	0.424	0.249	0.164	0.0548
254	0.424	0.248	0.164	0.0548
255	0.424	0.249	0.164	0.0549
256	0.424	0.248	0.164	0.0548
257	0.424	0.248	0.164	0.0549
258	0.424	0.249	0.164	0.0549
259	0.424	0.249	0.164	0.0549
260	0.424	0.249	0.164	0.0549
261	0.424	0.249	0.164	0.0549
262	0.424	0.249	0.164	0.0549
263	0.424	0.249	0.164	0.0549
264	0.423	0.249	0.164	0.0549
265	0.424	0.249	0.164	0.0549
266	0.423	0.249	0.164	0.0548
267	0.424	0.249	0.164	0.0548
268	0.424	0.249	0.164	0.0549
269	0.424	0.249	0.164	0.055
270	0.425	0.249	0.164	0.0551
271	0.424	0.249	0.164	0.055
272	0.424	0.249	0.164	0.055
273	0.424	0.249	0.164	0.055
274	0.425	0.249	0.164	0.0549
275	0.424	0.249	0.164	0.055
276	0.424	0.249	0.164	0.055
277	0.424	0.249	0.164	0.0549
278	0.424	0.249	0.164	0.0548
279	0.424	0.249	0.164	0.0549
280	0.425	0.249	0.164	0.0549
281	0.424	0.249	0.164	0.0549
282	0.425	0.25	0.164	0.0551
283	0.425	0.25	0.164	0.0549
284	0.424	0.25	0.164	0.055
285	0.425	0.249	0.164	0.055
286	0.425	0.249	0.164	0.0549
287	0.424	0.249	0.164	0.0549
288	0.424	0.249	0.163	0.0549
289	0.424	0.249	0.164	0.0549
290	0.424	0.249	0.164	0.0548
291	0.424	0.249	0.164	0.0549
292	0.424	0.249	0.164	0.0549
293	0.424	0.249	0.164	0.0549
294	0.424	0.25	0.163	0.055
295	0.424	0.25	0.163	0.0549
296	0.424	0.25	0.163	0.055
297	0.424	0.25	0.163	0.055
298	0.424	0.249	0.163	0.0549
299	0.424	0.249	0.163	0.0549
300	0.424	0.25	0.163	0.055
301	0.425	0.25	0.163	0.0549
302	0.424	0.25	0.163	0.055
303	0.424	0.25	0.163	0.055
304	0.424	0.25	0.163	0.0549
305	0.425	0.25	0.163	0.0549
306	0.424	0.25	0.163	0.055
307	0.424	0.25	0.163	0.055
308	0.424	0.25	0.163	0.0549
309	0.424	0.25	0.163	0.055
310	0.425	0.25	0.163	0.0551
311	0.424	0.25	0.163	0.0551
312	0.424	0.25	0.163	0.0552
313	0.424	0.25	0.163	0.0551
314	0.424	0.25	0.163	0.055
315	0.424	0.25	0.163	0.055
316	0.424	0.25	0.163	0.0551
317	0.424	0.25	0.163	0.055
318	0.424	0.25	0.163	0.055
319	0.424	0.249	0.163	0.0549
320	0.423	0.249	0.163	0.055
321	0.423	0.249	0.163	0.0549
322	0.423	0.25	0.163	0.055
323	0.423	0.25	0.163	0.055
324	0.424	0.25	0.163	0.055
325	0.423	0.249	0.163	0.055
326	0.423	0.249	0.163	0.055
327	0.423	0.249	0.163	0.0549
328	0.423	0.25	0.163	0.055
329	0.424	0.25	0.163	0.055
330	0.423	0.249	0.163	0.0549
331	0.424	0.249	0.163	0.055
332	0.424	0.25	0.163	0.055
333	0.423	0.249	0.163	0.055
334	0.423	0.25	0.163	0.055
335	0.423	0.25	0.163	0.0549
336	0.423	0.25	0.163	0.055
337	0.423	0.25	0.163	0.055
338	0.424	0.25	0.163	0.055
339	0.424	0.25	0.163	0.0551
340	0.424	0.25	0.163	0.0549
341	0.424	0.25	0.163	0.0549
342	0.424	0.25	0.163	0.0549
343	0.424	0.25	0.163	0.055
344	0.424	0.25	0.163	0.0549
345	0.424	0.25	0.163	0.0549
346	0.424	0.25	0.163	0.055
347	0.424	0.25	0.163	0.055
348	0.424	0.25	0.163	0.055
349	0.424	0.25	0.163	0.0551
350	0.424	0.25	0.163	0.0551
351	0.424	0.25	0.163	0.055
352	0.424	0.25	0.163	0.0551
353	0.424	0.25	0.163	0.055
354	0.424	0.25	0.163	0.055
355	0.424	0.25	0.163	0.055
356	0.424	0.251	0.163	0.0551
357	0.424	0.25	0.163	0.055
358	0.424	0.25	0.163	0.0549
359	0.424	0.25	0.163	0.0549
360	0.425	0.25	0.163	0.0549
361	0.424	0.25	0.163	0.0549
362	0.425	0.251	0.163	0.055
363	0.425	0.251	0.163	0.055
364	0.425	0.251	0.163	0.055
365	0.424	0.251	0.162	0.055
366	0.424	0.251	0.163	0.055
367	0.424	0.251	0.162	0.055
368	0.425	0.251	0.163	0.055
369	0.425	0.251	0.163	0.0549
370	0.425	0.251	0.163	0.055
371	0.425	0.251	0.163	0.0549
372	0.425	0.251	0.163	0.055
373	0.425	0.251	0.162	0.055
374	0.425	0.251	0.163	0.0549
375	0.425	0.25	0.163	0.0548
376	0.425	0.251	0.163	0.0548
377	0.425	0.251	0.163	0.0549
378	0.425	0.25	0.163	0.0548
379	0.425	0.251	0.162	0.0548
380	0.425	0.251	0.163	0.0549
381	0.424	0.251	0.162	0.0549
382	0.425	0.251	0.162	0.0549
383	0.425	0.251	0.162	0.0549
384	0.425	0.251	0.162	0.0549
385	0.425	0.25	0.162	0.0548
386	0.425	0.251	0.162	0.0549
387	0.425	0.251	0.162	0.0549
388	0.425	0.251	0.162	0.0549
389	0.425	0.251	0.162	0.055
390	0.426	0.251	0.162	0.055
391	0.426	0.251	0.162	0.055
392	0.425	0.251	0.162	0.0549
393	0.426	0.251	0.162	0.0549
394	0.426	0.251	0.162	0.055
395	0.426	0.251	0.162	0.0549
396	0.426	0.251	0.162	0.055
397	0.426	0.251	0.162	0.055
398	0.427	0.251	0.162	0.055
399	0.426	0.251	0.162	0.055
400	0.426	0.251	0.162	0.0551
401	0.427	0.251	0.162	0.055
402	0.427	0.251	0.162	0.055
403	0.427	0.251	0.162	0.0549
404	0.426	0.251	0.162	0.055
405	0.426	0.251	0.162	0.0549
406	0.426	0.251	0.162	0.055
407	0.426	0.251	0.162	0.055
408	0.426	0.251	0.162	0.0549
409	0.426	0.251	0.162	0.055
410	0.427	0.251	0.162	0.0548
411	0.426	0.251	0.162	0.0549
412	0.426	0.251	0.162	0.055
413	0.426	0.251	0.162	0.055
414	0.426	0.251	0.162	0.055
415	0.426	0.251	0.162	0.055
416	0.426	0.251	0.162	0.055
417	0.426	0.251	0.162	0.055
418	0.426	0.251	0.162	0.055
419	0.427	0.251	0.162	0.055
420	0.426	0.251	0.162	0.055
421	0.426	0.251	0.162	0.0549
422	0.427	0.251	0.162	0.0549
423	0.427	0.251	0.162	0.055
424	0.427	0.251	0.162	0.055
425	0.427	0.251	0.162	0.0549
426	0.426	0.251	0.162	0.055
427	0.426	0.251	0.162	0.0549
428	0.426	0.251	0.162	0.0549
429	0.426	0.251	0.162	0.0549
430	0.426	0.251	0.162	0.0549
431	0.426	0.251	0.162	0.0549
432	0.426	0.251	0.162	0.0549
433	0.426	0.251	0.162	0.0549
434	0.427	0.251	0.162	0.0549
435	0.426	0.252	0.162	0.0549
436	0.427	0.251	0.162	0.0549
437	0.427	0.252	0.162	0.0549
438	0.427	0.252	0.162	0.0549
439	0.427	0.252	0.162	0.055
440	0.427	0.252	0.162	0.0549
441	0.427	0.252	0.162	0.055
442	0.427	0.252	0.162	0.055
443	0.427	0.252	0.162	0.0549
444	0.427	0.252	0.162	0.0549
445	0.427	0.252	0.162	0.0549
446	0.427	0.252	0.162	0.0548
447	0.427	0.252	0.162	0.0549
448	0.426	0.251	0.162	0.0548
449	0.427	0.251	0.162	0.0549
450	0.427	0.251	0.162	0.0549
451	0.427	0.251	0.162	0.0549
452	0.427	0.252	0.162	0.0549
453	0.427	0.252	0.162	0.055
454	0.427	0.252	0.162	0.0549
455	0.427	0.252	0.162	0.0549
456	0.427	0.252	0.162	0.0549
457	0.427	0.252	0.162	0.0549
458	0.427	0.252	0.162	0.0549
459	0.427	0.252	0.162	0.0548
460	0.427	0.252	0.162	0.0548
461	0.427	0.252	0.162	0.0549
462	0.427	0.252	0.162	0.0548
463	0.428	0.252	0.162	0.0549
464	0.428	0.252	0.162	0.0548
465	0.427	0.252	0.162	0.0549
466	0.427	0.251	0.162	0.0548
467	0.427	0.251	0.162	0.0548
468	0.427	0.252	0.162	0.0549
469	0.427	0.252	0.162	0.0548
470	0.427	0.252	0.162	0.0548
471	0.427	0.252	0.162	0.0549
472	0.427	0.252	0.162	0.0549
473	0.427	0.252	0.162	0.0548
474	0.428	0.252	0.162	0.0548
475	0.428	0.252	0.162	0.0549
476	0.428	0.251	0.162	0.0548
477	0.428	0.252	0.162	0.0548
478	0.429	0.252	0.162	0.0548
479	0.428	0.252	0.162	0.0548
480	0.428	0.252	0.162	0.0549
481	0.428	0.252	0.162	0.0548
482	0.428	0.251	0.162	0.0549
483	0.427	0.251	0.162	0.0548
484	0.428	0.251	0.162	0.0548
485	0.428	0.251	0.162	0.0547
486	0.428	0.252	0.162	0.0548
487	0.428	0.252	0.162	0.0549
488	0.428	0.252	0.162	0.0548
489	0.428	0.252	0.162	0.0548
490	0.428	0.252	0.162	0.0548
491	0.428	0.252	0.162	0.0548
492	0.428	0.252	0.162	0.0548
493	0.428	0.252	0.162	0.0548
494	0.428	0.252	0.162	0.0548
495	0.428	0.252	0.162	0.0548
496	0.428	0.252	0.162	0.0548
497	0.428	0.252	0.162	0.0547
498	0.428	0.252	0.162	0.0548
499	0.428	0.252	0.162	0.0548
500	0.428	0.252	0.162	0.0548
501	0.428	0.252	0.162	0.0548
502	0.428	0.252	0.162	0.0548
503	0.427	0.252	0.162	0.0547
504	0.428	0.252	0.162	0.0549
505	0.428	0.252	0.162	0.0548
506	0.428	0.252	0.162	0.0548
507	0.427	0.252	0.162	0.0549
508	0.428	0.252	0.162	0.0549
509	0.428	0.252	0.162	0.0548
510	0.428	0.252	0.161	0.0548
511	0.429	0.252	0.162	0.0548
512	0.429	0.252	0.162	0.0548
513	0.428	0.252	0.162	0.0548
514	0.429	0.252	0.162	0.0548
515	0.429	0.252	0.162	0.0548
516	0.429	0.252	0.162	0.0548
517	0.429	0.252	0.162	0.0548
518	0.428	0.252	0.162	0.0548
519	0.429	0.252	0.162	0.0549
520	0.429	0.252	0.162	0.0549
521	0.428	0.252	0.162	0.0548
522	0.428	0.252	0.162	0.0548
523	0.428	0.252	0.162	0.0548
524	0.428	0.252	0.162	0.0548
525	0.429	0.252	0.162	0.0549
526	0.429	0.252	0.162	0.0548
527	0.429	0.252	0.162	0.0547
528	0.429	0.252	0.162	0.0548
529	0.429	0.252	0.162	0.0548
530	0.429	0.253	0.162	0.0548
531	0.429	0.253	0.161	0.0548
532	0.43	0.253	0.161	0.0548
533	0.429	0.253	0.161	0.0549
534	0.429	0.253	0.161	0.0549
535	0.43	0.253	0.161	0.0548
536	0.43	0.253	0.161	0.0548
537	0.43	0.253	0.161	0.0548
538	0.43	0.253	0.161	0.0549
539	0.43	0.253	0.161	0.0549
540	0.43	0.253	0.161	0.0549
541	0.43	0.253	0.161	0.0549
542	0.43	0.253	0.161	0.0549
543	0.43	0.253	0.161	0.055
544	0.429	0.253	0.161	0.0549
545	0.429	0.253	0.161	0.0549
546	0.43	0.253	0.161	0.0549
547	0.43	0.253	0.161	0.055
548	0.43	0.252	0.161	0.0547
549	0.43	0.253	0.161	0.0548
550	0.43	0.252	0.162	0.0548
551	0.43	0.252	0.162	0.0547
552	0.43	0.252	0.162	0.0547
553	0.43	0.252	0.162	0.0547
554	0.43	0.252	0.162	0.0547
555	0.429	0.252	0.161	0.0547
556	0.429	0.252	0.161	0.0547
557	0.429	0.252	0.161	0.0548
558	0.429	0.252	0.161	0.0547
559	0.43	0.252	0.162	0.0548
560	0.429	0.252	0.161	0.0548
561	0.429	0.252	0.161	0.0548
562	0.429	0.252	0.161	0.0547
563	0.429	0.252	0.161	0.0547
564	0.429	0.252	0.162	0.0547
565	0.43	0.252	0.161	0.0547
566	0.429	0.252	0.162	0.0547
567	0.429	0.252	0.161	0.0548
568	0.43	0.252	0.161	0.0547
569	0.429	0.252	0.161	0.0547
570	0.43	0.252	0.161	0.0548
571	0.43	0.252	0.161	0.0547
572	0.429	0.252	0.161	0.0547
573	0.43	0.252	0.161	0.0548
574	0.43	0.252	0.161	0.0547
575	0.43	0.252	0.161	0.0547
576	0.431	0.252	0.161	0.0547
577	0.431	0.252	0.161	0.0547
578	0.431	0.252	0.161	0.0547
579	0.431	0.253	0.161	0.0547
580	0.431	0.253	0.161	0.0547
581	0.43	0.252	0.161	0.0546
582	0.431	0.253	0.161	0.0547
583	0.431	0.253	0.161	0.0547
584	0.43	0.253	0.161	0.0547
585	0.431	0.253	0.161	0.0547
586	0.431	0.252	0.161	0.0546
587	0.43	0.253	0.161	0.0546
588	0.431	0.253	0.161	0.0546
589	0.431	0.253	0.161	0.0546
590	0.431	0.252	0.161	0.0546
591	0.431	0.253	0.161	0.0547
592	0.431	0.253	0.161	0.0546
593	0.432	0.253	0.161	0.0547
594	0.431	0.253	0.161	0.0548
595	0.431	0.253	0.161	0.0548
596	0.431	0.253	0.161	0.0547
597	0.431	0.253	0.161	0.0547
598	0.432	0.253	0.161	0.0547
599	0.431	0.253	0.161	0.0547
600	0.432	0.253	0.161	0.0548
601	0.431	0.253	0.161	0.0548
602	0.431	0.252	0.161	0.0546
603	0.431	0.253	0.161	0.0547
604	0.431	0.253	0.161	0.0547
605	0.431	0.252	0.161	0.0546
606	0.432	0.253	0.161	0.0547
607	0.432	0.253	0.161	0.0546
608	0.431	0.253	0.161	0.0546
609	0.432	0.253	0.161	0.0547
610	0.432	0.253	0.161	0.0546
611	0.431	0.253	0.161	0.0546
612	0.432	0.253	0.161	0.0547
613	0.431	0.253	0.161	0.0547
614	0.431	0.253	0.161	0.0547
615	0.431	0.253	0.161	0.0547
616	0.432	0.253	0.161	0.0547
617	0.431	0.253	0.161	0.0547
618	0.431	0.253	0.161	0.0547
619	0.431	0.252	0.161	0.0546
620	0.431	0.252	0.161	0.0546
621	0.431	0.252	0.161	0.0546
622	0.431	0.253	0.161	0.0547
623	0.431	0.253	0.161	0.0547
624	0.431	0.253	0.161	0.0547
625	0.431	0.252	0.161	0.0545
626	0.432	0.252	0.161	0.0546
627	0.432	0.253	0.161	0.0546
628	0.432	0.253	0.161	0.0546
629	0.431	0.252	0.161	0.0545
630	0.432	0.252	0.161	0.0545
631	0.432	0.252	0.161	0.0545
632	0.432	0.252	0.161	0.0545
633	0.432	0.253	0.161	0.0546
634	0.432	0.252	0.161	0.0545
635	0.431	0.252	0.161	0.0545
636	0.431	0.252	0.161	0.0545
637	0.431	0.252	0.161	0.0545
638	0.431	0.252	0.161	0.0545
639	0.431	0.252	0.161	0.0545
640	0.431	0.252	0.161	0.0545
641	0.431	0.252	0.161	0.0545
642	0.431	0.253	0.161	0.0546
643	0.432	0.253	0.161	0.0546
644	0.431	0.253	0.161	0.0546
645	0.432	0.253	0.161	0.0546
646	0.432	0.252	0.161	0.0545
647	0.432	0.252	0.161	0.0545
648	0.432	0.252	0.161	0.0545
649	0.431	0.252	0.161	0.0545
650	0.432	0.252	0.161	0.0545
651	0.432	0.252	0.161	0.0545
652	0.432	0.252	0.161	0.0545
653	0.432	0.252	0.161	0.0545
654	0.432	0.252	0.161	0.0546
655	0.432	0.252	0.161	0.0545
656	0.432	0.252	0.161	0.0545
657	0.432	0.252	0.161	0.0545
658	0.432	0.252	0.161	0.0545
659	0.431	0.252	0.161	0.0545
660	0.432	0.252	0.161	0.0545
661	0.432	0.252	0.161	0.0544
662	0.431	0.252	0.161	0.0544
663	0.431	0.252	0.161	0.0545
664	0.432	0.252	0.161	0.0544
665	0.432	0.252	0.161	0.0545
666	0.432	0.253	0.161	0.0545
667	0.432	0.252	0.161	0.0544
668	0.432	0.252	0.161	0.0544
669	0.432	0.252	0.161	0.0545
670	0.432	0.252	0.161	0.0544
671	0.431	0.252	0.161	0.0544
672	0.432	0.252	0.161	0.0545
673	0.432	0.252	0.161	0.0545
674	0.432	0.252	0.161	0.0544
675	0.432	0.253	0.161	0.0544
676	0.432	0.253	0.161	0.0544
677	0.432	0.252	0.161	0.0544
678	0.432	0.252	0.161	0.0544
679	0.432	0.252	0.161	0.0544
680	0.432	0.252	0.161	0.0544
681	0.432	0.252	0.161	0.0544
682	0.432	0.252	0.161	0.0544
683	0.432	0.252	0.161	0.0544
684	0.432	0.252	0.161	0.0545
685	0.432	0.252	0.161	0.0545
686	0.432	0.252	0.161	0.0545
687	0.432	0.252	0.161	0.0545
688	0.432	0.252	0.161	0.0546
689	0.432	0.252	0.161	0.0545
690	0.432	0.252	0.161	0.0545
691	0.432	0.252	0.161	0.0545
692	0.432	0.252	0.161	0.0546
693	0.432	0.253	0.161	0.0545
694	0.432	0.252	0.161	0.0544
695	0.433	0.252	0.161	0.0544
696	0.433	0.252	0.161	0.0544
697	0.433	0.252	0.161	0.0544
698	0.433	0.253	0.161	0.0545
699	0.433	0.253	0.161	0.0545
700	0.433	0.252	0.161	0.0544
701	0.433	0.252	0.161	0.0543
702	0.433	0.252	0.161	0.0544
703	0.433	0.253	0.161	0.0544
704	0.433	0.252	0.161	0.0544
705	0.433	0.252	0.161	0.0544
706	0.433	0.253	0.161	0.0545
707	0.434	0.253	0.161	0.0544
708	0.434	0.253	0.161	0.0544
709	0.433	0.253	0.161	0.0544
710	0.434	0.253	0.161	0.0545
711	0.433	0.253	0.161	0.0544
712	0.433	0.253	0.161	0.0544
713	0.433	0.253	0.161	0.0544
714	0.433	0.253	0.161	0.0545
715	0.433	0.253	0.161	0.0544
716	0.433	0.253	0.161	0.0544
717	0.433	0.252	0.161	0.0544
718	0.434	0.252	0.161	0.0544
719	0.433	0.252	0.161	0.0543
720	0.433	0.252	0.161	0.0544
721	0.433	0.252	0.161	0.0544
722	0.434	0.252	0.161	0.0544
723	0.434	0.252	0.161	0.0544
724	0.434	0.253	0.161	0.0544
725	0.434	0.253	0.161	0.0545
726	0.434	0.252	0.161	0.0544
727	0.434	0.252	0.161	0.0544
728	0.434	0.252	0.161	0.0544
729	0.434	0.252	0.161	0.0544
730	0.434	0.252	0.161	0.0544
731	0.433	0.252	0.161	0.0544
732	0.433	0.252	0.161	0.0544
733	0.434	0.252	0.161	0.0544
734	0.434	0.252	0.161	0.0544
735	0.434	0.253	0.161	0.0545
736	0.434	0.252	0.161	0.0544
737	0.434	0.252	0.161	0.0544
738	0.434	0.252	0.161	0.0544
739	0.434	0.252	0.161	0.0544
740	0.434	0.252	0.161	0.0544
741	0.433	0.252	0.161	0.0544
742	0.434	0.252	0.161	0.0544
743	0.434	0.252	0.161	0.0544
744	0.434	0.252	0.161	0.0544
745	0.434	0.252	0.161	0.0543
746	0.434	0.252	0.161	0.0544
747	0.434	0.252	0.161	0.0544
748	0.434	0.252	0.161	0.0544
749	0.434	0.252	0.161	0.0544
750	0.434	0.252	0.161	0.0544
751	0.434	0.252	0.161	0.0544
752	0.434	0.252	0.161	0.0544
753	0.434	0.252	0.161	0.0544
754	0.434	0.252	0.161	0.0543
755	0.434	0.252	0.161	0.0543
756	0.434	0.252	0.161	0.0543
757	0.434	0.252	0.161	0.0543
758	0.434	0.252	0.161	0.0543
759	0.434	0.252	0.161	0.0543
760	0.434	0.252	0.161	0.0543
761	0.434	0.252	0.161	0.0543
762	0.434	0.252	0.161	0.0544
763	0.434	0.252	0.161	0.0544
764	0.434	0.252	0.161	0.0544
765	0.434	0.252	0.161	0.0544
766	0.433	0.252	0.161	0.0543
767	0.434	0.252	0.161	0.0543
768	0.434	0.252	0.161	0.0542
769	0.434	0.252	0.161	0.0543
770	0.435	0.252	0.161	0.0543
771	0.435	0.252	0.161	0.0543
772	0.435	0.252	0.161	0.0543
773	0.435	0.252	0.161	0.0543
774	0.435	0.252	0.161	0.0543
775	0.434	0.252	0.161	0.0543
776	0.434	0.252	0.161	0.0542
777	0.435	0.252	0.161	0.0543
778	0.434	0.252	0.161	0.0543
779	0.435	0.252	0.161	0.0544
780	0.435	0.252	0.161	0.0543
781	0.435	0.252	0.161	0.0542
782	0.435	0.252	0.161	0.0543
783	0.435	0.252	0.161	0.0543
784	0.435	0.252	0.161	0.0543
785	0.435	0.252	0.161	0.0543
786	0.435	0.252	0.161	0.0543
787	0.435	0.252	0.161	0.0544
788	0.435	0.252	0.161	0.0543
789	0.435	0.252	0.161	0.0543
790	0.436	0.252	0.161	0.0542
791	0.436	0.252	0.161	0.0543
792	0.436	0.252	0.161	0.0543
793	0.436	0.252	0.161	0.0542
794	0.436	0.252	0.161	0.0542
795	0.436	0.252	0.161	0.0542
796	0.436	0.252	0.161	0.0542
797	0.436	0.252	0.161	0.0542
798	0.436	0.252	0.161	0.0542
799	0.436	0.252	0.161	0.0542
800	0.436	0.252	0.161	0.0542
801	0.436	0.252	0.161	0.0542
802	0.436	0.252	0.161	0.0542
803	0.436	0.252	0.161	0.0542
804	0.436	0.252	0.161	0.0541
805	0.436	0.252	0.161	0.0541
806	0.436	0.252	0.161	0.0542
807	0.436	0.252	0.161	0.0542
808	0.435	0.252	0.161	0.0542
809	0.435	0.252	0.161	0.0542
810	0.435	0.252	0.161	0.0542
811	0.435	0.252	0.161	0.0542
812	0.435	0.252	0.161	0.0542
813	0.436	0.252	0.161	0.0541
814	0.435	0.252	0.161	0.0542
815	0.435	0.252	0.161	0.0541
816	0.436	0.252	0.161	0.0541
817	0.436	0.252	0.161	0.054
818	0.436	0.252	0.161	0.0541
819	0.436	0.252	0.161	0.0541
820	0.435	0.252	0.161	0.0541
821	0.435	0.252	0.161	0.0542
822	0.435	0.252	0.161	0.0541
823	0.435	0.252	0.161	0.0542
824	0.435	0.252	0.161	0.0542
825	0.436	0.252	0.161	0.0542
826	0.435	0.252	0.161	0.0541
827	0.436	0.252	0.161	0.0542
828	0.436	0.252	0.161	0.0541
829	0.435	0.252	0.161	0.0542
830	0.435	0.252	0.161	0.0542
831	0.436	0.252	0.161	0.0541
832	0.436	0.252	0.161	0.0541
833	0.436	0.252	0.161	0.0541
834	0.436	0.252	0.161	0.0541
835	0.436	0.252	0.161	0.0542
836	0.436	0.252	0.161	0.0541
837	0.436	0.252	0.161	0.054
838	0.436	0.252	0.161	0.054
839	0.436	0.252	0.161	0.0541
840	0.436	0.252	0.161	0.0541
841	0.436	0.252	0.161	0.0541
842	0.436	0.252	0.161	0.0541
843	0.436	0.252	0.161	0.0541
844	0.436	0.252	0.161	0.054
845	0.436	0.252	0.161	0.0541
846	0.436	0.252	0.161	0.0541
847	0.436	0.252	0.161	0.0541
848	0.436	0.252	0.161	0.0541
849	0.436	0.252	0.161	0.0541
850	0.436	0.252	0.161	0.0541
851	0.436	0.252	0.161	0.054
852	0.436	0.252	0.162	0.0541
853	0.436	0.252	0.161	0.0541
854	0.436	0.252	0.161	0.0541
855	0.437	0.252	0.161	0.054
856	0.437	0.252	0.161	0.054
857	0.437	0.252	0.161	0.0541
858	0.437	0.252	0.161	0.054
859	0.437	0.252	0.161	0.054
860	0.437	0.252	0.161	0.054
861	0.437	0.252	0.161	0.054
862	0.437	0.252	0.161	0.054
863	0.437	0.252	0.161	0.054
864	0.437	0.251	0.162	0.054
865	0.437	0.252	0.161	0.054
866	0.437	0.252	0.161	0.054
867	0.437	0.252	0.161	0.0541
868	0.437	0.251	0.161	0.054
869	0.437	0.252	0.161	0.0541
870	0.437	0.252	0.162	0.054
871	0.437	0.252	0.161	0.054
872	0.437	0.252	0.161	0.0541
873	0.437	0.252	0.161	0.0541
874	0.437	0.252	0.161	0.054
875	0.437	0.252	0.161	0.0541
876	0.437	0.252	0.161	0.0541
877	0.437	0.252	0.161	0.0541
878	0.438	0.252	0.161	0.0541
879	0.438	0.252	0.161	0.054
880	0.438	0.252	0.161	0.054
881	0.437	0.252	0.161	0.0541
882	0.438	0.252	0.161	0.0541
883	0.437	0.252	0.161	0.054
884	0.438	0.252	0.161	0.054
885	0.438	0.252	0.161	0.0541
886	0.438	0.252	0.161	0.0541
887	0.438	0.252	0.161	0.0541
888	0.438	0.252	0.161	0.0541
889	0.438	0.252	0.161	0.054
890	0.438	0.252	0.161	0.0541
891	0.438	0.252	0.161	0.0542
892	0.438	0.252	0.161	0.0541
893	0.438	0.252	0.161	0.0541
894	0.438	0.252	0.161	0.0541
895	0.438	0.252	0.161	0.0541
896	0.438	0.252	0.161	0.0541
897	0.439	0.252	0.161	0.0541
898	0.438	0.252	0.161	0.054
899	0.439	0.252	0.161	0.0541
900	0.439	0.252	0.161	0.054
901	0.439	0.252	0.161	0.054
902	0.439	0.252	0.161	0.054
903	0.439	0.252	0.161	0.0541
904	0.439	0.252	0.161	0.054
905	0.438	0.252	0.161	0.054
906	0.439	0.252	0.161	0.054
907	0.439	0.252	0.161	0.054
908	0.439	0.252	0.161	0.054
909	0.439	0.252	0.161	0.054
910	0.439	0.252	0.161	0.054
911	0.439	0.252	0.161	0.054
912	0.439	0.252	0.161	0.0541
913	0.439	0.252	0.162	0.054
914	0.439	0.252	0.161	0.0542
915	0.439	0.252	0.161	0.0541
916	0.439	0.252	0.161	0.054
917	0.439	0.252	0.161	0.054
918	0.44	0.252	0.161	0.054
919	0.439	0.252	0.161	0.0541
920	0.439	0.252	0.161	0.0541
921	0.439	0.252	0.161	0.0541
922	0.44	0.252	0.161	0.054
923	0.439	0.252	0.161	0.0541
924	0.44	0.252	0.162	0.0539
925	0.44	0.252	0.162	0.054
926	0.439	0.252	0.161	0.054
927	0.44	0.252	0.161	0.054
928	0.439	0.252	0.161	0.0539
929	0.439	0.252	0.161	0.054
930	0.439	0.252	0.161	0.0539
931	0.439	0.252	0.161	0.0539
932	0.439	0.252	0.161	0.0539
933	0.439	0.252	0.161	0.054
934	0.439	0.252	0.161	0.054
935	0.439	0.252	0.161	0.054
936	0.439	0.251	0.161	0.054
937	0.439	0.251	0.161	0.0539
938	0.44	0.252	0.161	0.054
939	0.44	0.252	0.161	0.054
940	0.439	0.252	0.161	0.0539
941	0.439	0.252	0.162	0.054
942	0.439	0.251	0.161	0.0539
943	0.439	0.252	0.161	0.054
944	0.439	0.252	0.161	0.0541
945	0.439	0.252	0.161	0.0539
946	0.439	0.252	0.161	0.054
947	0.439	0.252	0.161	0.054
948	0.439	0.252	0.161	0.054
949	0.439	0.252	0.161	0.054
950	0.439	0.252	0.161	0.054
951	0.44	0.252	0.161	0.0539
952	0.439	0.252	0.161	0.054
953	0.44	0.252	0.161	0.0541
954	0.439	0.252	0.161	0.054
955	0.44	0.252	0.161	0.054
956	0.44	0.252	0.161	0.054
957	0.44	0.252	0.161	0.054
958	0.44	0.252	0.161	0.054
959	0.44	0.252	0.161	0.054
960	0.44	0.252	0.161	0.0539
961	0.44	0.252	0.161	0.054
962	0.44	0.252	0.161	0.054
963	0.44	0.252	0.161	0.054
964	0.44	0.252	0.161	0.054
965	0.44	0.252	0.161	0.0539
966	0.44	0.251	0.162	0.0539
967	0.44	0.252	0.161	0.054
968	0.44	0.252	0.161	0.054
969	0.44	0.252	0.161	0.0539
970	0.44	0.252	0.161	0.0539
971	0.44	0.252	0.161	0.0539
972	0.44	0.252	0.161	0.0539
973	0.44	0.252	0.161	0.0539
974	0.44	0.252	0.161	0.0539
975	0.441	0.25	0.163	0.0534
976	0.442	0.248	0.163	0.053
977	0.442	0.249	0.163	0.0531
978	0.442	0.248	0.163	0.0531
979	0.442	0.249	0.163	0.0531
980	0.442	0.249	0.163	0.0532
981	0.442	0.249	0.163	0.0531
982	0.442	0.249	0.163	0.0532
983	0.443	0.249	0.163	0.0532
984	0.443	0.249	0.163	0.0532
985	0.443	0.249	0.163	0.0532
986	0.443	0.249	0.163	0.0532
987	0.442	0.249	0.163	0.0532
988	0.442	0.249	0.163	0.0532
989	0.442	0.249	0.163	0.0533
990	0.443	0.249	0.163	0.0532
991	0.443	0.249	0.163	0.0532
992	0.443	0.249	0.163	0.0533
993	0.443	0.249	0.163	0.0532
994	0.442	0.249	0.163	0.0533
995	0.442	0.249	0.163	0.0533
996	0.442	0.249	0.163	0.0532
997	0.443	0.249	0.163	0.0532
998	0.443	0.249	0.163	0.0533
999	0.443	0.249	0.163	0.0533
1000	0.442	0.249	0.163	0.0532
1001	0.443	0.249	0.163	0.0532
1002	0.442	0.249	0.163	0.0532
1003	0.442	0.249	0.163	0.0532
1004	0.443	0.249	0.163	0.0533
1005	0.443	0.249	0.163	0.0533
1006	0.443	0.249	0.163	0.0532
1007	0.443	0.25	0.163	0.0533
1008	0.443	0.249	0.163	0.0532
1009	0.443	0.249	0.163	0.0533
1010	0.443	0.249	0.163	0.0533
1011	0.443	0.249	0.163	0.0533
1012	0.442	0.249	0.163	0.0533
1013	0.442	0.249	0.163	0.0533
1014	0.443	0.249	0.163	0.0532
1015	0.443	0.249	0.163	0.0533
1016	0.443	0.249	0.163	0.0533
1017	0.443	0.249	0.163	0.0532
1018	0.443	0.249	0.163	0.0533
1019	0.443	0.249	0.163	0.0533
1020	0.443	0.249	0.163	0.0532
1021	0.443	0.249	0.163	0.0532
1022	0.443	0.249	0.163	0.0533
1023	0.443	0.249	0.163	0.0532
1024	0.443	0.249	0.163	0.0532
1025	0.443	0.249	0.163	0.0532
1026	0.443	0.249	0.163	0.0531
1027	0.442	0.249	0.163	0.0531
1028	0.442	0.249	0.163	0.0532
1029	0.443	0.249	0.163	0.0532
1030	0.443	0.249	0.163	0.0532
1031	0.443	0.249	0.163	0.0532
1032	0.443	0.249	0.163	0.0532
1033	0.444	0.249	0.163	0.0531
1034	0.443	0.249	0.163	0.0532
1035	0.443	0.249	0.163	0.0531
1036	0.443	0.249	0.163	0.0532
1037	0.444	0.25	0.163	0.0532
1038	0.444	0.249	0.163	0.0531
1039	0.444	0.249	0.163	0.0532
1040	0.444	0.249	0.163	0.0532
1041	0.444	0.25	0.163	0.0532
1042	0.444	0.249	0.163	0.0532
1043	0.444	0.25	0.163	0.0533
1044	0.444	0.249	0.163	0.0532
1045	0.444	0.249	0.163	0.0532
1046	0.444	0.25	0.163	0.0532
1047	0.444	0.249	0.163	0.0532
1048	0.444	0.249	0.163	0.0532
1049	0.444	0.249	0.163	0.0532
1050	0.443	0.249	0.163	0.0532
1051	0.444	0.25	0.163	0.0533
1052	0.444	0.249	0.163	0.0532
1053	0.443	0.249	0.163	0.0532
1054	0.443	0.249	0.163	0.0532
1055	0.443	0.249	0.163	0.0532
1056	0.443	0.249	0.163	0.0532
1057	0.443	0.249	0.163	0.0531
1058	0.443	0.249	0.163	0.0532
1059	0.443	0.249	0.163	0.0532
1060	0.443	0.249	0.163	0.0532
1061	0.443	0.249	0.163	0.0532
1062	0.443	0.249	0.163	0.0532
1063	0.443	0.249	0.163	0.0532
1064	0.443	0.249	0.163	0.0532
1065	0.443	0.249	0.163	0.0532
1066	0.443	0.249	0.163	0.0532
1067	0.443	0.249	0.163	0.0532
1068	0.443	0.249	0.163	0.0531
1069	0.444	0.249	0.163	0.0531
1070	0.444	0.249	0.163	0.0532
1071	0.443	0.249	0.163	0.0532
1072	0.444	0.249	0.163	0.0531
1073	0.444	0.249	0.163	0.0531
1074	0.444	0.249	0.163	0.0532
1075	0.444	0.249	0.163	0.0532
1076	0.444	0.249	0.163	0.0532
1077	0.444	0.249	0.163	0.0532
1078	0.443	0.249	0.163	0.0532
1079	0.444	0.249	0.163	0.0532
1080	0.443	0.249	0.163	0.0532
1081	0.444	0.249	0.163	0.0532
1082	0.444	0.249	0.163	0.0532
1083	0.444	0.249	0.163	0.0531
1084	0.444	0.249	0.163	0.0532
1085	0.444	0.249	0.163	0.0532
1086	0.444	0.249	0.163	0.0532
1087	0.444	0.249	0.163	0.0531
1088	0.445	0.249	0.163	0.0532
1089	0.444	0.249	0.163	0.0532
1090	0.445	0.25	0.163	0.0533
1091	0.444	0.249	0.163	0.0532
1092	0.444	0.249	0.163	0.0532
1093	0.445	0.249	0.163	0.0532
1094	0.445	0.25	0.163	0.0532
1095	0.445	0.249	0.163	0.0532
1096	0.444	0.249	0.163	0.0531
1097	0.444	0.249	0.163	0.0532
1098	0.444	0.249	0.163	0.0531
1099	0.445	0.249	0.163	0.0532
1100	0.445	0.249	0.163	0.0531
1101	0.444	0.249	0.163	0.0532
1102	0.444	0.249	0.163	0.0532
1103	0.444	0.249	0.163	0.0532
1104	0.444	0.249	0.163	0.0532
1105	0.444	0.249	0.163	0.0532
1106	0.445	0.249	0.163	0.0532
1107	0.444	0.249	0.163	0.0532
1108	0.444	0.249	0.163	0.0532
1109	0.445	0.249	0.163	0.0532
1110	0.444	0.249	0.163	0.0532
1111	0.444	0.249	0.163	0.0531
1112	0.444	0.249	0.163	0.0531
1113	0.444	0.249	0.163	0.0531
1114	0.445	0.249	0.163	0.0532
1115	0.445	0.249	0.163	0.0531
1116	0.445	0.249	0.163	0.0531
1117	0.444	0.249	0.163	0.0531
1118	0.445	0.249	0.163	0.0531
1119	0.444	0.249	0.163	0.0531
1120	0.444	0.249	0.163	0.0531
1121	0.444	0.249	0.163	0.0531
1122	0.445	0.249	0.163	0.0531
1123	0.445	0.249	0.163	0.0532
1124	0.445	0.249	0.163	0.0531
1125	0.445	0.249	0.163	0.0531
1126	0.445	0.249	0.163	0.053
1127	0.445	0.249	0.163	0.0531
1128	0.445	0.249	0.163	0.0531
1129	0.445	0.249	0.163	0.0531
1130	0.445	0.249	0.163	0.0531
1131	0.445	0.249	0.163	0.053
1132	0.444	0.249	0.163	0.053
1133	0.445	0.249	0.163	0.053
1134	0.444	0.249	0.163	0.053
1135	0.445	0.249	0.163	0.0531
1136	0.445	0.247	0.164	0.0527
1137	0.446	0.246	0.165	0.0522
1138	0.447	0.246	0.165	0.0524
1139	0.447	0.246	0.164	0.0523
1140	0.447	0.246	0.164	0.0523
1141	0.447	0.246	0.164	0.0523
1142	0.447	0.246	0.164	0.0524
1143	0.447	0.247	0.164	0.0524
1144	0.447	0.246	0.164	0.0524
1145	0.447	0.246	0.164	0.0524
1146	0.447	0.246	0.164	0.0524
1147	0.447	0.247	0.164	0.0524
1148	0.447	0.247	0.164	0.0524
1149	0.447	0.247	0.164	0.0524
1150	0.447	0.247	0.164	0.0524
1151	0.446	0.247	0.164	0.0524
1152	0.447	0.247	0.164	0.0524
1153	0.447	0.247	0.164	0.0525
1154	0.447	0.247	0.164	0.0525
1155	0.446	0.246	0.164	0.0524
1156	0.447	0.247	0.164	0.0525
1157	0.447	0.247	0.164	0.0525
1158	0.447	0.247	0.164	0.0526
1159	0.447	0.247	0.164	0.0526
1160	0.447	0.247	0.164	0.0525
1161	0.447	0.247	0.164	0.0525
1162	0.447	0.247	0.164	0.0524
1163	0.447	0.247	0.164	0.0525
1164	0.447	0.247	0.164	0.0525
1165	0.447	0.247	0.164	0.0525
1166	0.447	0.247	0.164	0.0525
1167	0.447	0.247	0.164	0.0525
1168	0.447	0.247	0.164	0.0525
1169	0.447	0.247	0.164	0.0525
1170	0.447	0.247	0.164	0.0525
1171	0.447	0.247	0.164	0.0525
1172	0.447	0.247	0.164	0.0525
1173	0.447	0.247	0.164	0.0525
1174	0.447	0.247	0.164	0.0525
1175	0.447	0.247	0.164	0.0526
1176	0.447	0.247	0.164	0.0525
1177	0.447	0.247	0.164	0.0525
1178	0.447	0.247	0.164	0.0526
1179	0.447	0.247	0.164	0.0525
1180	0.447	0.247	0.164	0.0525
1181	0.448	0.247	0.164	0.0526
1182	0.447	0.247	0.164	0.0526
1183	0.447	0.247	0.164	0.0525
1184	0.447	0.247	0.164	0.0526
1185	0.447	0.247	0.164	0.0526
1186	0.447	0.247	0.164	0.0525
1187	0.447	0.247	0.164	0.0525
1188	0.448	0.247	0.164	0.0525
1189	0.448	0.247	0.164	0.0525
1190	0.448	0.247	0.164	0.0526
1191	0.448	0.247	0.164	0.0525
1192	0.448	0.247	0.164	0.0525
1193	0.448	0.247	0.164	0.0525
1194	0.448	0.247	0.164	0.0525
1195	0.448	0.247	0.164	0.0525
1196	0.448	0.247	0.164	0.0526
1197	0.448	0.247	0.164	0.0525
1198	0.448	0.247	0.164	0.0525
1199	0.448	0.247	0.164	0.0525
1200	0.448	0.247	0.164	0.0525
1201	0.448	0.247	0.164	0.0525
1202	0.448	0.247	0.164	0.0525
1203	0.448	0.247	0.164	0.0525
1204	0.448	0.247	0.164	0.0524
1205	0.448	0.247	0.164	0.0525
1206	0.448	0.247	0.164	0.0525
1207	0.448	0.247	0.164	0.0524
1208	0.448	0.247	0.164	0.0525
1209	0.448	0.247	0.164	0.0525
1210	0.448	0.247	0.164	0.0524
1211	0.448	0.247	0.164	0.0525
1212	0.448	0.247	0.164	0.0525
1213	0.448	0.247	0.164	0.0525
1214	0.448	0.247	0.164	0.0525
1215	0.448	0.247	0.164	0.0525
1216	0.448	0.247	0.164	0.0524
1217	0.448	0.247	0.164	0.0525
1218	0.448	0.247	0.164	0.0525
1219	0.448	0.247	0.164	0.0525
1220	0.448	0.247	0.164	0.0525
1221	0.448	0.247	0.164	0.0524
1222	0.448	0.247	0.164	0.0524
1223	0.448	0.247	0.164	0.0525
1224	0.448	0.247	0.164	0.0524
1225	0.448	0.247	0.164	0.0524
1226	0.448	0.247	0.164	0.0525
1227	0.448	0.247	0.164	0.0525
1228	0.448	0.247	0.164	0.0525
1229	0.448	0.247	0.164	0.0525
1230	0.448	0.247	0.164	0.0525
1231	0.448	0.247	0.164	0.0525
1232	0.448	0.247	0.164	0.0525
1233	0.448	0.247	0.164	0.0524
1234	0.448	0.247	0.164	0.0524
1235	0.448	0.247	0.164	0.0525
1236	0.448	0.247	0.164	0.0525
1237	0.448	0.247	0.164	0.0524
1238	0.448	0.247	0.164	0.0525
1239	0.449	0.247	0.164	0.0524
1240	0.448	0.247	0.164	0.0524
1241	0.448	0.247	0.164	0.0525
1242	0.448	0.247	0.164	0.0525
1243	0.448	0.247	0.164	0.0524
1244	0.449	0.247	0.164	0.0525
1245	0.449	0.247	0.164	0.0524
1246	0.449	0.247	0.164	0.0524
1247	0.449	0.247	0.164	0.0525
1248	0.448	0.247	0.164	0.0524
1249	0.448	0.247	0.164	0.0524
1250	0.448	0.247	0.164	0.0524
1251	0.449	0.247	0.164	0.0524
1252	0.448	0.247	0.164	0.0524
1253	0.448	0.247	0.164	0.0524
1254	0.449	0.247	0.164	0.0525
1255	0.449	0.247	0.164	0.0524
1256	0.449	0.247	0.164	0.0525
1257	0.449	0.247	0.164	0.0524
1258	0.449	0.247	0.164	0.0524
1259	0.448	0.247	0.164	0.0524
1260	0.449	0.247	0.164	0.0523
1261	0.449	0.247	0.164	0.0524
1262	0.449	0.247	0.164	0.0524
1263	0.448	0.247	0.164	0.0524
1264	0.448	0.247	0.164	0.0524
1265	0.448	0.247	0.164	0.0524
1266	0.449	0.247	0.164	0.0524
1267	0.448	0.247	0.164	0.0524
1268	0.448	0.247	0.164	0.0525
1269	0.449	0.247	0.164	0.0524
1270	0.448	0.247	0.164	0.0523
1271	0.449	0.247	0.164	0.0524
1272	0.449	0.245	0.165	0.0519
1273	0.45	0.244	0.166	0.0515
1274	0.45	0.244	0.166	0.0515
1275	0.451	0.244	0.165	0.0516
1276	0.45	0.244	0.165	0.0516
1277	0.451	0.244	0.165	0.0517
1278	0.451	0.244	0.165	0.0517
1279	0.45	0.244	0.165	0.0517
1280	0.451	0.244	0.165	0.0518
1281	0.45	0.244	0.165	0.0517
1282	0.451	0.244	0.165	0.0517
1283	0.45	0.245	0.165	0.0518
1284	0.451	0.245	0.165	0.0518
1285	0.45	0.245	0.165	0.0517
1286	0.451	0.245	0.165	0.0518
1287	0.451	0.245	0.165	0.0518
1288	0.451	0.245	0.165	0.0518
1289	0.451	0.245	0.165	0.0518
1290	0.451	0.245	0.165	0.0518
1291	0.451	0.245	0.165	0.0518
1292	0.451	0.245	0.165	0.0518
1293	0.451	0.245	0.165	0.0518
1294	0.451	0.245	0.165	0.0518
1295	0.451	0.245	0.165	0.0519
1296	0.451	0.245	0.165	0.0518
1297	0.451	0.245	0.165	0.0518
1298	0.451	0.245	0.165	0.0518
1299	0.451	0.245	0.165	0.0517
1300	0.451	0.244	0.165	0.0517
1301	0.451	0.245	0.165	0.0518
1302	0.451	0.245	0.165	0.0518
1303	0.451	0.245	0.165	0.0518
1304	0.452	0.245	0.165	0.0518
1305	0.451	0.245	0.165	0.0517
1306	0.452	0.245	0.165	0.0518
1307	0.451	0.245	0.165	0.0519
1308	0.451	0.245	0.165	0.0518
1309	0.451	0.245	0.165	0.0518
1310	0.451	0.245	0.165	0.0519
1311	0.451	0.245	0.165	0.0518
1312	0.451	0.245	0.165	0.0518
1313	0.451	0.245	0.165	0.0518
1314	0.451	0.245	0.165	0.0518
1315	0.451	0.245	0.165	0.0518
1316	0.451	0.245	0.165	0.0518
1317	0.451	0.245	0.165	0.0518
1318	0.451	0.245	0.165	0.0518
1319	0.451	0.245	0.165	0.0519
1320	0.452	0.245	0.165	0.0518
1321	0.452	0.245	0.165	0.0518
1322	0.452	0.245	0.165	0.0519
1323	0.451	0.245	0.165	0.0518
1324	0.452	0.245	0.165	0.0518
1325	0.451	0.245	0.165	0.0519
1326	0.451	0.245	0.165	0.0518
1327	0.451	0.245	0.165	0.0517
1328	0.451	0.245	0.165	0.0518
1329	0.452	0.245	0.165	0.0518
1330	0.451	0.245	0.165	0.0519
1331	0.452	0.245	0.165	0.0519
1332	0.452	0.245	0.165	0.0519
1333	0.452	0.245	0.165	0.0518
1334	0.452	0.245	0.165	0.0519
1335	0.452	0.245	0.165	0.0518
1336	0.452	0.245	0.165	0.0518
1337	0.452	0.245	0.165	0.0519
1338	0.452	0.245	0.165	0.0518
1339	0.452	0.245	0.165	0.0518
1340	0.452	0.245	0.165	0.0518
1341	0.452	0.245	0.165	0.0518
1342	0.452	0.245	0.165	0.0518
1343	0.451	0.245	0.165	0.0518
1344	0.452	0.245	0.165	0.0518
1345	0.451	0.245	0.165	0.0518
1346	0.451	0.245	0.165	0.0518
1347	0.452	0.245	0.165	0.0519
1348	0.452	0.245	0.165	0.0519
1349	0.452	0.245	0.165	0.0519
1350	0.452	0.245	0.165	0.0518
1351	0.451	0.245	0.165	0.0518
1352	0.452	0.245	0.165	0.0519
1353	0.452	0.245	0.165	0.0518
1354	0.452	0.245	0.165	0.0518
1355	0.451	0.245	0.165	0.0519
1356	0.452	0.245	0.165	0.0519
1357	0.452	0.245	0.165	0.0519
1358	0.452	0.245	0.165	0.0519
1359	0.452	0.245	0.165	0.0518
1360	0.452	0.245	0.165	0.0518
1361	0.452	0.245	0.165	0.0519
1362	0.452	0.245	0.165	0.0518
1363	0.452	0.245	0.165	0.0518
1364	0.452	0.245	0.165	0.0519
1365	0.452	0.245	0.165	0.0518
1366	0.452	0.245	0.165	0.0518
1367	0.452	0.245	0.165	0.0519
1368	0.452	0.245	0.165	0.0519
1369	0.452	0.245	0.165	0.0518
1370	0.452	0.245	0.165	0.0519
1371	0.452	0.245	0.165	0.0518
1372	0.452	0.245	0.165	0.0518
1373	0.452	0.245	0.165	0.0519
1374	0.452	0.245	0.165	0.0518
1375	0.452	0.245	0.165	0.0518
1376	0.452	0.245	0.165	0.0518
1377	0.452	0.245	0.165	0.0518
1378	0.452	0.245	0.165	0.0518
1379	0.453	0.245	0.165	0.0518
1380	0.453	0.245	0.165	0.0518
1381	0.453	0.245	0.165	0.0518
1382	0.452	0.245	0.165	0.0519
1383	0.453	0.245	0.165	0.0519
1384	0.453	0.245	0.165	0.0519
1385	0.453	0.245	0.165	0.0519
1386	0.453	0.245	0.165	0.0518
1387	0.452	0.245	0.165	0.0518
1388	0.452	0.245	0.165	0.0519
1389	0.453	0.245	0.165	0.0518
1390	0.452	0.245	0.165	0.0518
1391	0.453	0.245	0.165	0.0518
1392	0.453	0.245	0.165	0.0517
1393	0.452	0.245	0.165	0.0517
1394	0.453	0.245	0.165	0.0518
1395	0.453	0.245	0.165	0.0518
1396	0.452	0.245	0.165	0.0518
1397	0.453	0.245	0.165	0.0518
1398	0.453	0.245	0.165	0.0517
1399	0.452	0.245	0.165	0.0517
1400	0.453	0.245	0.165	0.0518
1401	0.453	0.245	0.165	0.0518
1402	0.452	0.245	0.165	0.0518
1403	0.453	0.245	0.165	0.0519
1404	0.453	0.245	0.165	0.0518
1405	0.453	0.245	0.165	0.0518
1406	0.453	0.245	0.165	0.0518
1407	0.452	0.245	0.165	0.0518
1408	0.453	0.245	0.165	0.0517
1409	0.453	0.245	0.165	0.0518
1410	0.453	0.245	0.165	0.0518
1411	0.453	0.245	0.165	0.0517
1412	0.453	0.245	0.165	0.0518
1413	0.453	0.245	0.165	0.0518
1414	0.453	0.245	0.165	0.0517
1415	0.453	0.245	0.165	0.0518
1416	0.453	0.245	0.165	0.0517
1417	0.453	0.245	0.165	0.0518
1418	0.453	0.245	0.165	0.0518
1419	0.453	0.245	0.165	0.0518
1420	0.453	0.245	0.165	0.0517
1421	0.453	0.245	0.165	0.0517
1422	0.453	0.245	0.165	0.0517
1423	0.453	0.245	0.165	0.0517
1424	0.453	0.245	0.165	0.0517
1425	0.453	0.245	0.165	0.0518
1426	0.453	0.245	0.165	0.0517
1427	0.454	0.245	0.165	0.0517
1428	0.454	0.245	0.165	0.0517
1429	0.453	0.245	0.165	0.0517
1430	0.453	0.245	0.165	0.0517
1431	0.453	0.245	0.165	0.0517
1432	0.453	0.245	0.165	0.0517
1433	0.454	0.245	0.165	0.0517
1434	0.453	0.245	0.165	0.0517
1435	0.453	0.245	0.165	0.0517
1436	0.453	0.245	0.165	0.0517
1437	0.454	0.245	0.165	0.0518
1438	0.453	0.245	0.165	0.0518
1439	0.453	0.245	0.165	0.0517
1440	0.453	0.245	0.165	0.0517
1441	0.453	0.245	0.165	0.0517
1442	0.453	0.245	0.165	0.0517
1443	0.453	0.245	0.165	0.0518
1444	0.453	0.245	0.165	0.0518
1445	0.453	0.245	0.165	0.0517
1446	0.454	0.243	0.166	0.0512
1447	0.455	0.241	0.167	0.0508
1448	0.455	0.242	0.166	0.051
1449	0.455	0.242	0.166	0.051
1450	0.455	0.242	0.166	0.0511
1451	0.455	0.242	0.166	0.051
1452	0.455	0.242	0.166	0.0511
1453	0.456	0.242	0.166	0.0511
1454	0.455	0.242	0.166	0.0511
1455	0.456	0.242	0.166	0.0511
1456	0.456	0.242	0.166	0.0511
1457	0.456	0.242	0.166	0.0511
1458	0.456	0.242	0.166	0.0511
1459	0.455	0.242	0.166	0.0511
1460	0.455	0.242	0.166	0.0512
1461	0.455	0.242	0.166	0.0511
1462	0.455	0.242	0.166	0.0511
1463	0.455	0.242	0.166	0.0512
1464	0.456	0.243	0.166	0.0512
1465	0.456	0.243	0.166	0.0512
1466	0.456	0.242	0.166	0.0511
1467	0.456	0.242	0.166	0.0512
1468	0.456	0.242	0.166	0.0512
1469	0.456	0.242	0.166	0.0512
1470	0.456	0.242	0.166	0.0511
1471	0.456	0.242	0.166	0.0512
1472	0.456	0.242	0.166	0.0511
1473	0.456	0.242	0.166	0.0511
1474	0.456	0.242	0.166	0.0511
1475	0.456	0.242	0.166	0.0511
1476	0.456	0.242	0.166	0.0511
1477	0.456	0.242	0.166	0.0512
1478	0.456	0.242	0.166	0.0511
1479	0.456	0.242	0.166	0.0511
1480	0.456	0.243	0.166	0.0512
1481	0.456	0.242	0.166	0.0511
1482	0.456	0.242	0.166	0.0512
1483	0.456	0.242	0.166	0.0512
1484	0.456	0.242	0.166	0.0511
1485	0.456	0.242	0.166	0.0511
1486	0.456	0.242	0.166	0.0511
1487	0.456	0.242	0.166	0.0511
1488	0.457	0.242	0.166	0.0511
1489	0.456	0.242	0.166	0.0511
1490	0.456	0.243	0.166	0.0511
1491	0.456	0.243	0.166	0.0511
1492	0.456	0.242	0.166	0.0511
1493	0.456	0.242	0.166	0.0511
1494	0.456	0.242	0.166	0.0511
1495	0.456	0.242	0.166	0.0511
1496	0.456	0.242	0.166	0.0511
1497	0.456	0.242	0.166	0.0511
1498	0.456	0.242	0.166	0.0511
1499	0.456	0.243	0.166	0.0511
1500	0.456	0.243	0.166	0.0512
1501	0.456	0.242	0.166	0.0511
1502	0.456	0.242	0.166	0.0511
1503	0.456	0.242	0.166	0.0511
1504	0.456	0.243	0.166	0.0511
1505	0.456	0.242	0.166	0.0511
1506	0.457	0.242	0.166	0.0511
1507	0.456	0.242	0.166	0.0511
1508	0.457	0.243	0.166	0.0511
1509	0.457	0.243	0.166	0.0512
1510	0.457	0.243	0.166	0.0511
1511	0.457	0.243	0.166	0.0512
1512	0.457	0.243	0.166	0.0512
1513	0.457	0.243	0.166	0.0512
1514	0.457	0.243	0.166	0.0512
1515	0.457	0.243	0.166	0.0512
1516	0.457	0.243	0.166	0.0512
1517	0.457	0.243	0.166	0.0512
1518	0.457	0.243	0.166	0.0512
1519	0.456	0.243	0.166	0.0512
1520	0.457	0.243	0.166	0.0512
1521	0.457	0.243	0.166	0.0512
1522	0.457	0.243	0.166	0.0513
1523	0.457	0.243	0.166	0.0512
1524	0.457	0.243	0.166	0.0512
1525	0.456	0.242	0.166	0.0512
1526	0.457	0.243	0.166	0.0512
1527	0.456	0.242	0.166	0.0512
1528	0.456	0.243	0.166	0.0512
1529	0.456	0.243	0.166	0.0512
1530	0.456	0.243	0.166	0.0511
1531	0.456	0.243	0.166	0.0512
1532	0.456	0.243	0.166	0.0512
1533	0.456	0.243	0.166	0.0511
1534	0.457	0.243	0.166	0.0512
1535	0.457	0.243	0.166	0.0512
1536	0.457	0.243	0.166	0.0512
1537	0.457	0.243	0.166	0.0511
1538	0.457	0.243	0.166	0.0512
1539	0.457	0.243	0.166	0.0512
1540	0.457	0.243	0.166	0.0512
1541	0.457	0.243	0.166	0.0511
1542	0.457	0.243	0.166	0.0511
1543	0.457	0.243	0.166	0.0511
1544	0.457	0.243	0.166	0.0511
1545	0.457	0.243	0.166	0.0512
1546	0.457	0.243	0.166	0.0512
1547	0.457	0.243	0.166	0.0511
1548	0.458	0.243	0.166	0.0512
1549	0.458	0.243	0.166	0.0511
1550	0.458	0.243	0.166	0.0512
1551	0.458	0.243	0.166	0.0512
1552	0.458	0.243	0.166	0.0512
1553	0.458	0.243	0.166	0.0512
1554	0.458	0.243	0.166	0.0512
1555	0.458	0.243	0.166	0.0511
1556	0.458	0.243	0.166	0.0511
1557	0.457	0.243	0.166	0.0512
1558	0.457	0.243	0.166	0.0512
1559	0.458	0.243	0.166	0.0511
1560	0.458	0.243	0.166	0.0512
1561	0.458	0.243	0.166	0.0511
1562	0.457	0.243	0.166	0.0511
1563	0.457	0.243	0.166	0.0512
1564	0.458	0.243	0.166	0.0512
1565	0.457	0.243	0.166	0.0512
1566	0.457	0.243	0.166	0.0512
1567	0.458	0.243	0.166	0.0512
1568	0.457	0.243	0.166	0.0512
1569	0.457	0.243	0.166	0.0511
1570	0.458	0.243	0.166	0.0512
1571	0.458	0.243	0.166	0.0511
1572	0.457	0.243	0.166	0.0511
1573	0.457	0.243	0.166	0.0511
1574	0.457	0.242	0.166	0.051
1575	0.457	0.243	0.166	0.0511
1576	0.458	0.243	0.166	0.0511
1577	0.458	0.242	0.166	0.0511
1578	0.458	0.243	0.166	0.0512
1579	0.458	0.243	0.166	0.0511
1580	0.458	0.243	0.166	0.0511
1581	0.458	0.243	0.166	0.0511
1582	0.458	0.242	0.166	0.0511
1583	0.457	0.242	0.166	0.051
1584	0.458	0.243	0.166	0.0512
1585	0.458	0.243	0.166	0.0511
1586	0.458	0.242	0.166	0.0511
1587	0.458	0.242	0.166	0.0511
1588	0.458	0.242	0.166	0.0511
1589	0.458	0.242	0.166	0.0511
1590	0.458	0.243	0.166	0.0511
1591	0.458	0.242	0.166	0.0511
1592	0.458	0.242	0.166	0.051
1593	0.458	0.242	0.166	0.0511
1594	0.459	0.243	0.166	0.0511
1595	0.458	0.242	0.166	0.0511
