Iteration	ValueMean	ValueStddev	DerivMean	DerivStddev
3	0.509	0.269	0.168	0.0687
4	0.483	0.256	0.176	0.0641
5	0.484	0.248	0.177	0.0593
6	0.484	0.242	0.179	0.0565
7	0.482	0.239	0.179	0.0547
8	0.48	0.239	0.179	0.0546
9	0.48	0.238	0.179	0.0543
10	0.479	0.237	0.179	0.0542
11	0.478	0.237	0.179	0.054
12	0.477	0.237	0.179	0.0539
13	0.476	0.236	0.179	0.0537
14	0.475	0.236	0.179	0.0535
15	0.475	0.236	0.178	0.0536
16	0.475	0.235	0.178	0.0536
17	0.473	0.235	0.178	0.0533
18	0.473	0.234	0.178	0.0532
19	0.472	0.234	0.178	0.053
20	0.472	0.233	0.178	0.0529
21	0.471	0.233	0.178	0.0527
22	0.47	0.234	0.178	0.0527
23	0.47	0.234	0.177	0.0528
24	0.469	0.234	0.177	0.0531
25	0.469	0.234	0.177	0.0529
26	0.468	0.234	0.177	0.0529
27	0.468	0.234	0.177	0.0527
28	0.466	0.235	0.177	0.0529
29	0.466	0.235	0.176	0.0528
30	0.466	0.234	0.176	0.0528
31	0.465	0.234	0.176	0.0528
32	0.464	0.235	0.176	0.053
33	0.464	0.234	0.176	0.0527
34	0.463	0.234	0.176	0.0528
35	0.463	0.235	0.176	0.0528
36	0.463	0.234	0.176	0.0526
37	0.462	0.234	0.176	0.0526
38	0.462	0.234	0.176	0.0525
39	0.46	0.234	0.176	0.0524
40	0.46	0.234	0.175	0.0523
41	0.459	0.234	0.175	0.0523
42	0.46	0.234	0.175	0.0524
43	0.46	0.234	0.175	0.0525
44	0.459	0.234	0.175	0.0525
45	0.459	0.234	0.175	0.0525
46	0.458	0.235	0.175	0.0526
47	0.457	0.235	0.175	0.0525
48	0.457	0.235	0.174	0.0524
49	0.457	0.235	0.174	0.0523
50	0.456	0.235	0.174	0.0525
51	0.457	0.235	0.174	0.0522
52	0.456	0.235	0.174	0.0522
53	0.455	0.235	0.174	0.0524
54	0.455	0.236	0.174	0.0526
55	0.455	0.236	0.173	0.0526
56	0.455	0.236	0.173	0.0527
57	0.455	0.237	0.173	0.0526
58	0.454	0.236	0.173	0.0525
59	0.454	0.235	0.173	0.0523
60	0.453	0.235	0.173	0.0524
61	0.453	0.236	0.173	0.0525
62	0.452	0.236	0.173	0.0525
63	0.452	0.235	0.173	0.0523
64	0.453	0.236	0.173	0.0524
65	0.452	0.236	0.173	0.0524
66	0.451	0.236	0.173	0.0525
67	0.451	0.236	0.173	0.0527
68	0.45	0.236	0.173	0.0526
69	0.449	0.236	0.173	0.0525
70	0.45	0.237	0.173	0.0525
71	0.451	0.237	0.172	0.0526
72	0.45	0.237	0.172	0.0527
73	0.449	0.237	0.172	0.0525
74	0.449	0.237	0.172	0.0527
75	0.449	0.237	0.172	0.0528
76	0.449	0.237	0.172	0.0527
77	0.448	0.237	0.172	0.0527
78	0.448	0.238	0.172	0.0527
79	0.449	0.237	0.172	0.0526
80	0.448	0.238	0.172	0.0527
81	0.448	0.238	0.172	0.0527
82	0.448	0.238	0.172	0.0528
83	0.447	0.238	0.172	0.0528
84	0.447	0.238	0.172	0.0527
85	0.448	0.238	0.172	0.0527
86	0.447	0.238	0.172	0.0527
87	0.446	0.238	0.172	0.0527
88	0.447	0.238	0.172	0.0527
89	0.447	0.238	0.171	0.0529
90	0.446	0.238	0.171	0.0529
91	0.446	0.238	0.171	0.0528
92	0.446	0.238	0.171	0.0529
93	0.445	0.239	0.171	0.053
94	0.445	0.239	0.171	0.0531
95	0.445	0.239	0.171	0.0531
96	0.445	0.239	0.171	0.0531
97	0.445	0.239	0.171	0.0531
98	0.444	0.239	0.171	0.0532
99	0.443	0.239	0.171	0.0532
100	0.444	0.239	0.171	0.0532
101	0.444	0.239	0.171	0.0531
102	0.443	0.239	0.171	0.0533
103	0.444	0.239	0.171	0.0533
104	0.444	0.24	0.171	0.0534
105	0.444	0.24	0.17	0.0534
106	0.444	0.24	0.17	0.0535
107	0.444	0.24	0.17	0.0533
108	0.443	0.24	0.17	0.0534
109	0.443	0.24	0.17	0.0534
110	0.444	0.24	0.17	0.0534
111	0.443	0.24	0.17	0.0533
112	0.443	0.24	0.17	0.0533
113	0.443	0.24	0.17	0.0533
114	0.443	0.24	0.17	0.0533
115	0.443	0.24	0.17	0.0533
116	0.443	0.24	0.17	0.0533
117	0.442	0.24	0.17	0.0534
118	0.442	0.241	0.17	0.0535
119	0.442	0.241	0.17	0.0535
120	0.441	0.241	0.17	0.0533
121	0.442	0.241	0.17	0.0534
122	0.441	0.241	0.17	0.0535
123	0.441	0.241	0.17	0.0535
124	0.442	0.241	0.169	0.0536
125	0.441	0.241	0.169	0.0535
126	0.441	0.241	0.169	0.0535
127	0.441	0.241	0.169	0.0535
128	0.441	0.242	0.169	0.0535
129	0.44	0.242	0.169	0.0537
130	0.441	0.242	0.169	0.0537
131	0.442	0.242	0.169	0.0536
132	0.441	0.242	0.169	0.0537
133	0.441	0.242	0.169	0.0537
134	0.441	0.242	0.169	0.0536
135	0.44	0.242	0.169	0.0537
136	0.441	0.242	0.169	0.0538
137	0.44	0.242	0.169	0.0537
138	0.439	0.242	0.169	0.0537
139	0.44	0.242	0.169	0.0536
140	0.439	0.242	0.169	0.0537
141	0.439	0.242	0.169	0.0536
142	0.44	0.242	0.169	0.0536
143	0.439	0.242	0.169	0.0537
144	0.439	0.242	0.169	0.0537
145	0.439	0.242	0.169	0.0535
146	0.439	0.242	0.169	0.0536
147	0.439	0.242	0.169	0.0536
148	0.439	0.242	0.169	0.0536
149	0.439	0.242	0.169	0.0537
150	0.438	0.242	0.168	0.0538
151	0.438	0.242	0.169	0.0537
152	0.438	0.242	0.169	0.0538
153	0.438	0.242	0.169	0.0537
154	0.439	0.242	0.169	0.0537
155	0.438	0.242	0.169	0.0536
156	0.438	0.242	0.169	0.0537
157	0.437	0.242	0.169	0.0538
158	0.437	0.242	0.169	0.0537
159	0.437	0.242	0.169	0.0538
160	0.437	0.242	0.168	0.0537
161	0.437	0.242	0.169	0.0536
162	0.436	0.242	0.168	0.0535
163	0.437	0.242	0.168	0.0536
164	0.437	0.242	0.168	0.0535
165	0.436	0.242	0.168	0.0536
166	0.437	0.242	0.168	0.0536
167	0.437	0.242	0.168	0.0537
168	0.436	0.243	0.168	0.0538
169	0.436	0.243	0.168	0.054
170	0.436	0.243	0.168	0.0539
171	0.435	0.243	0.168	0.054
172	0.436	0.243	0.168	0.0539
173	0.436	0.243	0.168	0.0538
174	0.436	0.243	0.168	0.054
175	0.437	0.243	0.168	0.054
176	0.436	0.243	0.168	0.054
177	0.435	0.243	0.168	0.054
178	0.435	0.243	0.168	0.054
179	0.435	0.243	0.168	0.054
180	0.435	0.243	0.168	0.054
181	0.436	0.244	0.168	0.054
182	0.436	0.244	0.168	0.054
183	0.436	0.244	0.168	0.0542
184	0.436	0.244	0.168	0.0541
185	0.437	0.244	0.168	0.054
186	0.436	0.244	0.167	0.0541
187	0.435	0.244	0.167	0.0541
188	0.435	0.244	0.167	0.054
189	0.435	0.244	0.167	0.0541
190	0.435	0.244	0.167	0.0541
191	0.436	0.244	0.167	0.054
192	0.435	0.244	0.167	0.054
193	0.434	0.244	0.167	0.0541
194	0.435	0.244	0.167	0.0541
195	0.435	0.244	0.167	0.054
196	0.435	0.244	0.167	0.0542
197	0.435	0.244	0.167	0.0541
198	0.435	0.244	0.167	0.0541
199	0.434	0.244	0.167	0.0542
200	0.434	0.245	0.167	0.0541
201	0.434	0.245	0.167	0.0542
202	0.434	0.245	0.167	0.0542
203	0.434	0.245	0.167	0.0541
204	0.434	0.245	0.167	0.0541
205	0.434	0.245	0.167	0.0542
206	0.434	0.245	0.167	0.0542
207	0.434	0.245	0.167	0.0542
208	0.435	0.245	0.167	0.0542
209	0.435	0.245	0.167	0.0542
210	0.434	0.245	0.167	0.0542
211	0.434	0.245	0.167	0.0543
212	0.434	0.245	0.167	0.0542
213	0.433	0.245	0.166	0.0542
214	0.433	0.245	0.166	0.0541
215	0.434	0.245	0.166	0.0542
216	0.434	0.245	0.166	0.0541
217	0.434	0.245	0.166	0.0542
218	0.434	0.245	0.166	0.0542
219	0.433	0.245	0.166	0.0542
220	0.433	0.245	0.166	0.0542
221	0.433	0.245	0.166	0.0542
222	0.433	0.245	0.166	0.0541
223	0.432	0.245	0.166	0.0541
224	0.433	0.245	0.166	0.0541
225	0.433	0.245	0.166	0.0541
226	0.432	0.245	0.166	0.0542
227	0.432	0.245	0.166	0.0543
228	0.432	0.245	0.166	0.0541
229	0.432	0.245	0.166	0.0542
230	0.432	0.245	0.166	0.0541
231	0.432	0.245	0.166	0.054
232	0.432	0.245	0.166	0.0542
233	0.432	0.245	0.166	0.0542
234	0.432	0.245	0.166	0.0541
235	0.432	0.245	0.166	0.0541
236	0.433	0.245	0.166	0.0542
237	0.432	0.245	0.166	0.0542
238	0.432	0.246	0.166	0.0542
239	0.432	0.246	0.166	0.0542
240	0.432	0.245	0.166	0.0541
241	0.432	0.246	0.166	0.0542
242	0.432	0.245	0.166	0.054
243	0.432	0.245	0.166	0.054
244	0.431	0.245	0.166	0.054
245	0.431	0.245	0.166	0.0541
246	0.431	0.245	0.166	0.054
247	0.431	0.245	0.166	0.0541
248	0.432	0.246	0.166	0.0542
249	0.431	0.246	0.166	0.0541
250	0.432	0.245	0.166	0.0541
251	0.432	0.246	0.166	0.0541
252	0.432	0.246	0.166	0.0541
253	0.431	0.246	0.165	0.0542
254	0.431	0.246	0.165	0.0542
255	0.431	0.246	0.165	0.0541
256	0.431	0.246	0.165	0.0542
257	0.431	0.246	0.165	0.0543
258	0.431	0.246	0.165	0.0541
259	0.43	0.246	0.165	0.0542
260	0.431	0.246	0.165	0.0542
261	0.431	0.246	0.165	0.0542
262	0.43	0.246	0.165	0.0542
263	0.431	0.246	0.165	0.0542
264	0.431	0.246	0.165	0.0541
265	0.43	0.246	0.165	0.0542
266	0.431	0.246	0.165	0.0542
267	0.43	0.246	0.165	0.0542
268	0.431	0.246	0.165	0.0542
269	0.431	0.246	0.165	0.0542
270	0.431	0.246	0.165	0.0541
271	0.43	0.246	0.165	0.0543
272	0.431	0.246	0.165	0.0543
273	0.431	0.246	0.165	0.0542
274	0.431	0.246	0.165	0.0542
275	0.431	0.246	0.165	0.0542
276	0.431	0.246	0.165	0.0541
277	0.43	0.246	0.165	0.054
278	0.431	0.246	0.165	0.0542
279	0.431	0.246	0.165	0.0541
280	0.43	0.246	0.165	0.0541
281	0.431	0.246	0.165	0.0541
282	0.43	0.246	0.165	0.0541
283	0.43	0.246	0.165	0.0541
284	0.43	0.246	0.165	0.0542
285	0.43	0.246	0.165	0.0542
286	0.43	0.246	0.165	0.0542
287	0.431	0.246	0.165	0.0542
288	0.431	0.246	0.165	0.054
289	0.431	0.246	0.165	0.0542
290	0.432	0.246	0.165	0.0541
291	0.431	0.246	0.165	0.054
292	0.431	0.246	0.165	0.0542
293	0.432	0.246	0.165	0.0541
294	0.432	0.246	0.165	0.0541
295	0.431	0.247	0.165	0.0542
296	0.431	0.246	0.165	0.0541
297	0.43	0.246	0.165	0.054
298	0.43	0.246	0.165	0.0542
299	0.431	0.246	0.165	0.0542
300	0.431	0.246	0.165	0.0541
301	0.43	0.246	0.165	0.0543
302	0.43	0.246	0.165	0.0542
303	0.43	0.246	0.165	0.0542
304	0.429	0.246	0.165	0.0542
305	0.429	0.246	0.165	0.0542
306	0.43	0.246	0.165	0.0541
307	0.43	0.247	0.165	0.0543
308	0.43	0.247	0.165	0.0543
309	0.429	0.246	0.165	0.0542
310	0.43	0.247	0.165	0.0542
311	0.429	0.246	0.165	0.0542
312	0.429	0.246	0.165	0.0542
313	0.43	0.247	0.165	0.0541
314	0.43	0.246	0.165	0.0542
315	0.431	0.247	0.165	0.0542
316	0.43	0.247	0.165	0.0543
317	0.431	0.247	0.165	0.0542
318	0.431	0.247	0.165	0.0543
319	0.431	0.246	0.165	0.0542
320	0.431	0.246	0.165	0.0542
321	0.43	0.247	0.164	0.0543
322	0.43	0.247	0.164	0.0544
323	0.43	0.247	0.164	0.0543
324	0.43	0.247	0.164	0.0543
325	0.431	0.247	0.164	0.0543
326	0.431	0.247	0.164	0.0543
327	0.431	0.247	0.164	0.0543
328	0.43	0.247	0.164	0.0544
329	0.43	0.247	0.164	0.0543
330	0.43	0.247	0.164	0.0544
331	0.43	0.247	0.164	0.0543
332	0.43	0.247	0.164	0.0543
333	0.43	0.247	0.164	0.0543
334	0.43	0.247	0.164	0.0544
335	0.43	0.247	0.164	0.0544
336	0.431	0.247	0.164	0.0544
337	0.431	0.247	0.164	0.0543
338	0.43	0.247	0.164	0.0543
339	0.43	0.247	0.164	0.0544
340	0.43	0.247	0.164	0.0543
341	0.43	0.247	0.164	0.0543
342	0.43	0.247	0.164	0.0543
343	0.43	0.247	0.164	0.0543
344	0.43	0.247	0.164	0.0543
345	0.43	0.247	0.164	0.0543
346	0.43	0.247	0.164	0.0543
347	0.43	0.247	0.164	0.0543
348	0.43	0.247	0.164	0.0543
349	0.43	0.247	0.164	0.0542
350	0.43	0.247	0.164	0.0542
351	0.429	0.247	0.164	0.0542
352	0.43	0.247	0.164	0.0542
353	0.429	0.247	0.164	0.0542
354	0.429	0.247	0.164	0.0542
355	0.429	0.247	0.164	0.0542
356	0.429	0.247	0.164	0.0543
357	0.429	0.247	0.164	0.0543
358	0.43	0.247	0.164	0.0543
359	0.43	0.247	0.164	0.0543
360	0.429	0.247	0.164	0.0543
361	0.429	0.247	0.164	0.0543
362	0.43	0.248	0.164	0.0543
363	0.429	0.248	0.164	0.0543
364	0.43	0.248	0.164	0.0543
365	0.43	0.248	0.164	0.0543
366	0.43	0.248	0.164	0.0543
367	0.43	0.248	0.164	0.0543
368	0.43	0.248	0.164	0.0543
369	0.43	0.248	0.164	0.0543
370	0.43	0.248	0.164	0.0542
371	0.43	0.247	0.164	0.0543
372	0.43	0.248	0.164	0.0543
373	0.43	0.247	0.164	0.0542
374	0.429	0.247	0.164	0.0543
375	0.429	0.248	0.164	0.0544
376	0.429	0.248	0.164	0.0543
377	0.429	0.248	0.164	0.0543
378	0.43	0.248	0.164	0.0543
379	0.43	0.248	0.164	0.0543
380	0.43	0.248	0.164	0.0545
381	0.43	0.248	0.164	0.0544
382	0.431	0.248	0.164	0.0544
383	0.43	0.248	0.164	0.0544
384	0.43	0.248	0.164	0.0544
385	0.43	0.248	0.164	0.0543
386	0.43	0.248	0.164	0.0543
387	0.43	0.248	0.164	0.0542
388	0.43	0.248	0.164	0.0542
389	0.429	0.248	0.164	0.0542
390	0.43	0.248	0.164	0.0542
391	0.43	0.248	0.163	0.0542
392	0.43	0.247	0.164	0.0541
393	0.43	0.248	0.164	0.0541
394	0.43	0.247	0.164	0.0541
395	0.43	0.247	0.164	0.0541
396	0.43	0.248	0.164	0.0541
397	0.43	0.247	0.164	0.054
398	0.43	0.248	0.164	0.0541
399	0.43	0.248	0.164	0.0542
400	0.43	0.248	0.164	0.0541
401	0.43	0.248	0.164	0.0541
402	0.43	0.248	0.164	0.0541
403	0.43	0.248	0.164	0.0542
404	0.43	0.248	0.164	0.0541
405	0.43	0.248	0.164	0.0541
406	0.43	0.248	0.163	0.0542
407	0.43	0.248	0.163	0.0542
408	0.43	0.248	0.163	0.0542
409	0.43	0.248	0.163	0.0542
410	0.43	0.248	0.163	0.054
411	0.43	0.248	0.164	0.0541
412	0.429	0.248	0.164	0.0541
413	0.429	0.248	0.163	0.0541
414	0.43	0.248	0.163	0.0541
415	0.43	0.248	0.164	0.0542
416	0.43	0.248	0.164	0.0541
417	0.43	0.248	0.164	0.054
418	0.43	0.248	0.164	0.0542
419	0.43	0.248	0.164	0.0541
420	0.43	0.248	0.163	0.0542
421	0.43	0.248	0.163	0.0542
422	0.43	0.248	0.163	0.0542
423	0.43	0.248	0.163	0.0542
424	0.43	0.248	0.163	0.0542
425	0.43	0.248	0.163	0.0542
426	0.43	0.248	0.163	0.0542
427	0.43	0.248	0.163	0.0542
428	0.43	0.248	0.163	0.0541
429	0.43	0.248	0.163	0.0542
430	0.43	0.248	0.163	0.0541
431	0.43	0.248	0.163	0.0541
432	0.429	0.248	0.163	0.0541
433	0.429	0.248	0.163	0.0542
434	0.43	0.249	0.163	0.0543
435	0.43	0.248	0.163	0.0542
436	0.43	0.249	0.163	0.0543
437	0.431	0.248	0.163	0.0542
438	0.431	0.248	0.163	0.0542
439	0.43	0.248	0.163	0.0542
440	0.43	0.248	0.163	0.0542
441	0.43	0.248	0.163	0.0541
442	0.43	0.248	0.163	0.0542
443	0.43	0.248	0.163	0.0542
444	0.43	0.248	0.163	0.0541
445	0.43	0.248	0.163	0.0541
446	0.43	0.248	0.163	0.0541
447	0.43	0.248	0.163	0.0541
448	0.429	0.248	0.163	0.0541
449	0.43	0.248	0.163	0.0542
450	0.43	0.248	0.163	0.0541
451	0.43	0.248	0.163	0.0541
452	0.43	0.248	0.163	0.0541
453	0.43	0.248	0.163	0.054
454	0.43	0.248	0.163	0.0541
455	0.43	0.248	0.163	0.0541
456	0.431	0.248	0.163	0.0541
457	0.43	0.248	0.163	0.0541
458	0.43	0.248	0.163	0.0541
459	0.43	0.248	0.163	0.054
460	0.43	0.248	0.163	0.0541
461	0.43	0.248	0.163	0.0542
462	0.431	0.248	0.163	0.0541
463	0.43	0.248	0.163	0.054
464	0.43	0.249	0.163	0.0541
465	0.43	0.248	0.163	0.0539
466	0.43	0.248	0.163	0.054
467	0.43	0.248	0.163	0.054
468	0.43	0.248	0.163	0.0539
469	0.43	0.248	0.163	0.0539
470	0.431	0.249	0.163	0.054
471	0.431	0.248	0.163	0.054
472	0.431	0.249	0.163	0.054
473	0.431	0.249	0.163	0.0541
474	0.431	0.249	0.163	0.054
475	0.43	0.249	0.163	0.054
476	0.431	0.249	0.163	0.054
477	0.431	0.248	0.163	0.0539
478	0.431	0.248	0.163	0.0539
479	0.431	0.249	0.163	0.054
480	0.431	0.249	0.163	0.054
481	0.43	0.248	0.163	0.054
482	0.431	0.249	0.163	0.0541
483	0.432	0.249	0.163	0.0541
484	0.431	0.249	0.163	0.054
485	0.431	0.249	0.163	0.0541
486	0.432	0.249	0.163	0.054
487	0.431	0.249	0.163	0.054
488	0.432	0.249	0.163	0.054
489	0.431	0.248	0.163	0.054
490	0.43	0.249	0.163	0.0541
491	0.431	0.249	0.163	0.0541
492	0.431	0.249	0.163	0.0541
493	0.43	0.249	0.163	0.0541
494	0.431	0.249	0.163	0.0541
495	0.431	0.249	0.163	0.054
496	0.431	0.249	0.163	0.0539
497	0.431	0.249	0.163	0.0541
498	0.431	0.249	0.163	0.054
499	0.431	0.249	0.163	0.054
500	0.431	0.249	0.163	0.054
501	0.431	0.249	0.163	0.054
502	0.431	0.249	0.163	0.054
503	0.431	0.249	0.163	0.054
504	0.431	0.249	0.163	0.0539
505	0.43	0.249	0.163	0.0539
506	0.43	0.249	0.163	0.0539
507	0.431	0.249	0.163	0.0538
508	0.43	0.249	0.163	0.0538
509	0.431	0.249	0.163	0.0539
510	0.431	0.249	0.163	0.0538
511	0.431	0.249	0.163	0.0539
512	0.431	0.249	0.163	0.0539
513	0.431	0.249	0.163	0.0538
514	0.431	0.248	0.163	0.0538
515	0.431	0.249	0.163	0.054
516	0.431	0.249	0.163	0.0539
517	0.431	0.249	0.163	0.0539
518	0.431	0.249	0.163	0.054
519	0.431	0.249	0.163	0.054
520	0.431	0.249	0.163	0.054
521	0.431	0.249	0.163	0.0541
522	0.431	0.249	0.163	0.054
523	0.43	0.249	0.163	0.0541
524	0.431	0.249	0.163	0.0541
525	0.431	0.249	0.163	0.0541
526	0.431	0.249	0.163	0.054
527	0.431	0.249	0.163	0.054
528	0.431	0.249	0.163	0.054
529	0.431	0.249	0.163	0.0541
530	0.431	0.249	0.163	0.0541
531	0.431	0.249	0.163	0.0541
532	0.431	0.249	0.163	0.0541
533	0.431	0.249	0.163	0.0541
534	0.431	0.249	0.163	0.054
535	0.431	0.249	0.163	0.054
536	0.432	0.249	0.163	0.0541
537	0.431	0.249	0.163	0.054
538	0.431	0.249	0.163	0.054
539	0.431	0.249	0.163	0.0541
540	0.431	0.249	0.163	0.054
541	0.431	0.249	0.163	0.0539
542	0.431	0.249	0.162	0.054
543	0.431	0.249	0.162	0.054
544	0.431	0.249	0.162	0.054
545	0.431	0.249	0.162	0.054
546	0.431	0.249	0.163	0.054
547	0.431	0.249	0.162	0.054
548	0.431	0.249	0.162	0.0541
549	0.432	0.249	0.163	0.054
550	0.431	0.249	0.163	0.054
551	0.432	0.249	0.163	0.054
552	0.432	0.249	0.163	0.054
553	0.431	0.249	0.162	0.0541
554	0.432	0.249	0.162	0.0541
555	0.432	0.249	0.162	0.054
556	0.431	0.249	0.162	0.0541
557	0.432	0.25	0.162	0.054
558	0.432	0.249	0.162	0.0539
559	0.431	0.249	0.162	0.054
560	0.432	0.249	0.162	0.054
561	0.432	0.249	0.162	0.0539
562	0.431	0.249	0.162	0.054
563	0.432	0.249	0.162	0.0541
564	0.432	0.249	0.162	0.054
565	0.431	0.249	0.162	0.054
566	0.432	0.249	0.162	0.054
567	0.432	0.249	0.163	0.0539
568	0.432	0.249	0.162	0.054
569	0.432	0.249	0.163	0.054
570	0.431	0.249	0.163	0.0539
571	0.432	0.249	0.163	0.0539
572	0.432	0.249	0.163	0.0539
573	0.432	0.249	0.163	0.0538
574	0.431	0.249	0.162	0.0538
575	0.432	0.249	0.162	0.0539
576	0.431	0.249	0.162	0.0538
577	0.431	0.249	0.162	0.0538
578	0.432	0.249	0.162	0.0538
579	0.432	0.249	0.163	0.0537
580	0.432	0.249	0.163	0.0538
581	0.432	0.249	0.162	0.0538
582	0.432	0.249	0.163	0.0537
583	0.432	0.249	0.162	0.0538
584	0.433	0.249	0.163	0.0538
585	0.432	0.249	0.163	0.0537
586	0.432	0.249	0.162	0.0539
587	0.432	0.249	0.163	0.0538
588	0.432	0.249	0.163	0.0537
589	0.432	0.249	0.162	0.0538
590	0.432	0.249	0.162	0.0538
591	0.432	0.249	0.162	0.0537
592	0.432	0.249	0.162	0.0538
593	0.433	0.249	0.163	0.0538
594	0.433	0.249	0.163	0.0536
595	0.433	0.249	0.163	0.0537
596	0.433	0.249	0.163	0.0537
597	0.433	0.249	0.163	0.0536
598	0.432	0.249	0.163	0.0537
599	0.433	0.249	0.162	0.0537
600	0.433	0.249	0.162	0.0537
601	0.432	0.249	0.162	0.0538
602	0.433	0.249	0.162	0.0537
603	0.433	0.249	0.163	0.0536
604	0.433	0.249	0.163	0.0537
605	0.433	0.249	0.162	0.0537
606	0.433	0.249	0.162	0.0537
607	0.433	0.249	0.163	0.0537
608	0.433	0.249	0.162	0.0537
609	0.433	0.249	0.163	0.0536
610	0.433	0.249	0.162	0.0537
611	0.433	0.249	0.162	0.0537
612	0.433	0.249	0.163	0.0537
613	0.433	0.249	0.163	0.0537
614	0.432	0.249	0.162	0.0537
615	0.432	0.249	0.162	0.0535
616	0.432	0.249	0.162	0.0536
617	0.433	0.249	0.162	0.0536
618	0.433	0.249	0.162	0.0535
619	0.432	0.249	0.162	0.0537
620	0.433	0.249	0.162	0.0536
621	0.433	0.249	0.162	0.0536
622	0.432	0.249	0.162	0.0537
623	0.433	0.249	0.162	0.0536
624	0.433	0.249	0.162	0.0535
625	0.433	0.249	0.162	0.0536
626	0.433	0.249	0.162	0.0537
627	0.433	0.249	0.162	0.0537
628	0.433	0.249	0.162	0.0537
629	0.433	0.249	0.162	0.0536
630	0.433	0.249	0.162	0.0536
631	0.433	0.249	0.162	0.0536
632	0.434	0.249	0.162	0.0537
633	0.433	0.249	0.162	0.0536
634	0.433	0.249	0.162	0.0537
635	0.433	0.249	0.162	0.0537
636	0.433	0.249	0.162	0.0536
637	0.434	0.249	0.162	0.0537
638	0.434	0.249	0.162	0.0537
639	0.434	0.249	0.162	0.0536
640	0.434	0.249	0.162	0.0537
641	0.434	0.249	0.162	0.0536
642	0.434	0.249	0.162	0.0535
643	0.434	0.249	0.162	0.0537
644	0.434	0.249	0.162	0.0536
645	0.434	0.249	0.162	0.0535
646	0.434	0.249	0.162	0.0536
647	0.435	0.25	0.162	0.0536
648	0.435	0.249	0.162	0.0536
649	0.434	0.249	0.162	0.0536
650	0.435	0.249	0.162	0.0535
651	0.434	0.249	0.162	0.0535
652	0.434	0.249	0.162	0.0536
653	0.434	0.249	0.162	0.0536
654	0.434	0.249	0.162	0.0535
655	0.435	0.249	0.162	0.0536
656	0.434	0.249	0.162	0.0536
657	0.434	0.249	0.162	0.0535
658	0.434	0.249	0.162	0.0536
659	0.434	0.249	0.162	0.0536
660	0.434	0.249	0.162	0.0535
661	0.435	0.249	0.162	0.0535
662	0.434	0.249	0.162	0.0536
663	0.434	0.249	0.162	0.0535
664	0.434	0.249	0.162	0.0536
665	0.435	0.249	0.162	0.0536
666	0.435	0.249	0.162	0.0535
667	0.434	0.249	0.162	0.0536
668	0.435	0.25	0.162	0.0535
669	0.435	0.249	0.162	0.0534
670	0.434	0.249	0.162	0.0535
671	0.435	0.249	0.162	0.0536
672	0.436	0.249	0.162	0.0534
673	0.436	0.249	0.162	0.0535
674	0.436	0.249	0.162	0.0535
675	0.436	0.249	0.162	0.0535
676	0.435	0.249	0.162	0.0536
677	0.435	0.249	0.162	0.0535
678	0.436	0.249	0.162	0.0535
679	0.436	0.249	0.162	0.0535
680	0.435	0.249	0.162	0.0536
681	0.435	0.25	0.162	0.0536
682	0.435	0.25	0.162	0.0535
683	0.435	0.25	0.162	0.0536
684	0.435	0.25	0.162	0.0536
685	0.435	0.249	0.162	0.0536
686	0.435	0.249	0.162	0.0535
687	0.435	0.249	0.162	0.0535
688	0.435	0.249	0.162	0.0535
689	0.435	0.249	0.162	0.0535
690	0.435	0.249	0.162	0.0535
691	0.435	0.249	0.162	0.0534
692	0.436	0.249	0.162	0.0535
693	0.436	0.249	0.162	0.0534
694	0.436	0.249	0.162	0.0534
695	0.436	0.249	0.162	0.0534
696	0.435	0.249	0.162	0.0534
697	0.435	0.249	0.162	0.0534
698	0.435	0.249	0.162	0.0534
699	0.435	0.249	0.162	0.0534
700	0.435	0.249	0.162	0.0534
701	0.436	0.249	0.162	0.0534
702	0.435	0.249	0.162	0.0534
703	0.435	0.249	0.162	0.0534
704	0.436	0.249	0.162	0.0534
705	0.436	0.249	0.162	0.0534
706	0.436	0.249	0.162	0.0535
707	0.436	0.249	0.162	0.0533
708	0.437	0.249	0.162	0.0534
709	0.436	0.249	0.162	0.0534
710	0.436	0.249	0.162	0.0533
711	0.436	0.249	0.162	0.0533
712	0.436	0.249	0.162	0.0534
713	0.436	0.249	0.162	0.0534
714	0.436	0.249	0.162	0.0534
715	0.435	0.249	0.162	0.0534
716	0.436	0.249	0.162	0.0535
717	0.436	0.249	0.162	0.0534
718	0.436	0.249	0.162	0.0533
719	0.436	0.249	0.162	0.0534
720	0.436	0.249	0.162	0.0534
721	0.436	0.249	0.162	0.0535
722	0.436	0.249	0.162	0.0534
723	0.436	0.249	0.162	0.0533
724	0.437	0.249	0.162	0.0532
725	0.437	0.249	0.162	0.0533
726	0.437	0.249	0.162	0.0533
727	0.436	0.249	0.162	0.0533
728	0.437	0.249	0.162	0.0533
729	0.437	0.249	0.162	0.0533
730	0.437	0.249	0.162	0.0532
731	0.436	0.249	0.162	0.0533
732	0.436	0.249	0.162	0.0533
733	0.436	0.249	0.162	0.0532
734	0.436	0.249	0.162	0.0533
735	0.437	0.249	0.162	0.0532
736	0.437	0.249	0.162	0.0532
737	0.437	0.249	0.162	0.0532
738	0.436	0.249	0.162	0.0533
739	0.436	0.249	0.162	0.0532
740	0.436	0.249	0.162	0.0532
741	0.436	0.249	0.162	0.0532
742	0.436	0.249	0.162	0.0532
743	0.437	0.249	0.162	0.0531
744	0.437	0.249	0.162	0.0532
745	0.437	0.249	0.162	0.0531
746	0.437	0.249	0.162	0.0531
747	0.437	0.249	0.162	0.0531
748	0.437	0.249	0.162	0.0532
749	0.436	0.249	0.162	0.0532
750	0.436	0.249	0.162	0.0532
751	0.436	0.249	0.162	0.0531
752	0.436	0.249	0.162	0.0532
753	0.437	0.249	0.162	0.0532
754	0.436	0.249	0.162	0.0531
755	0.437	0.249	0.162	0.0532
756	0.437	0.249	0.162	0.0531
757	0.437	0.249	0.162	0.0532
758	0.437	0.249	0.162	0.0532
759	0.437	0.249	0.162	0.0532
760	0.437	0.249	0.162	0.0531
761	0.437	0.249	0.162	0.0531
762	0.436	0.249	0.162	0.0531
763	0.436	0.249	0.162	0.0531
764	0.437	0.249	0.162	0.0531
765	0.437	0.249	0.162	0.0531
766	0.436	0.249	0.162	0.0532
767	0.436	0.249	0.162	0.0532
768	0.437	0.249	0.162	0.0531
769	0.437	0.249	0.162	0.0531
770	0.437	0.249	0.162	0.0531
771	0.437	0.249	0.162	0.0531
772	0.437	0.249	0.162	0.0532
773	0.437	0.249	0.162	0.0531
774	0.437	0.249	0.162	0.0531
775	0.437	0.249	0.162	0.0531
776	0.437	0.249	0.162	0.0531
777	0.437	0.249	0.162	0.0532
778	0.437	0.249	0.162	0.0531
779	0.437	0.249	0.162	0.0531
780	0.437	0.249	0.162	0.0531
781	0.437	0.249	0.162	0.053
782	0.438	0.249	0.162	0.053
783	0.438	0.249	0.162	0.0531
784	0.437	0.249	0.162	0.053
785	0.438	0.249	0.162	0.053
786	0.438	0.249	0.162	0.053
787	0.438	0.249	0.162	0.053
788	0.438	0.249	0.162	0.053
789	0.438	0.249	0.162	0.053
790	0.438	0.248	0.162	0.0529
791	0.438	0.249	0.162	0.0531
792	0.438	0.249	0.162	0.053
793	0.438	0.249	0.162	0.0529
794	0.438	0.249	0.162	0.053
795	0.438	0.249	0.162	0.053
796	0.439	0.249	0.162	0.053
797	0.438	0.249	0.162	0.053
798	0.438	0.249	0.162	0.053
799	0.438	0.249	0.162	0.053
800	0.438	0.249	0.162	0.053
801	0.438	0.249	0.162	0.053
802	0.438	0.249	0.162	0.053
803	0.439	0.249	0.162	0.0529
804	0.439	0.249	0.162	0.053
805	0.439	0.249	0.162	0.053
806	0.439	0.249	0.162	0.053
807	0.439	0.249	0.162	0.053
808	0.439	0.249	0.162	0.053
809	0.439	0.249	0.162	0.0529
810	0.438	0.248	0.162	0.0529
811	0.439	0.248	0.162	0.0529
812	0.439	0.249	0.162	0.0529
813	0.439	0.249	0.162	0.0529
814	0.439	0.249	0.162	0.053
815	0.439	0.249	0.162	0.053
816	0.439	0.249	0.162	0.0529
817	0.439	0.249	0.162	0.053
818	0.439	0.249	0.162	0.0529
819	0.438	0.249	0.162	0.0529
820	0.438	0.249	0.162	0.053
821	0.439	0.249	0.162	0.053
822	0.438	0.249	0.162	0.053
823	0.439	0.249	0.162	0.053
824	0.439	0.249	0.162	0.0529
825	0.439	0.249	0.162	0.053
826	0.439	0.248	0.163	0.0529
827	0.438	0.248	0.162	0.0529
828	0.439	0.249	0.162	0.0529
829	0.439	0.249	0.162	0.0529
830	0.439	0.249	0.162	0.0528
831	0.439	0.249	0.162	0.0528
832	0.439	0.249	0.162	0.0529
833	0.439	0.249	0.162	0.0528
834	0.439	0.249	0.162	0.0528
835	0.439	0.249	0.162	0.0528
836	0.439	0.249	0.162	0.0528
837	0.439	0.249	0.162	0.0528
838	0.44	0.249	0.162	0.0528
839	0.439	0.249	0.162	0.0528
840	0.439	0.249	0.162	0.0528
841	0.44	0.249	0.162	0.0528
842	0.439	0.249	0.162	0.0528
843	0.44	0.249	0.162	0.0528
844	0.44	0.249	0.162	0.0528
845	0.44	0.249	0.162	0.0528
846	0.44	0.249	0.162	0.0528
847	0.439	0.249	0.162	0.0529
848	0.439	0.248	0.162	0.0527
849	0.439	0.249	0.162	0.0528
850	0.439	0.249	0.162	0.0529
851	0.439	0.249	0.162	0.0528
852	0.44	0.249	0.162	0.0529
853	0.439	0.249	0.162	0.0528
854	0.439	0.249	0.162	0.0528
855	0.439	0.249	0.162	0.0528
856	0.44	0.249	0.162	0.0529
857	0.44	0.249	0.162	0.0528
858	0.44	0.249	0.162	0.0527
859	0.44	0.249	0.162	0.0528
860	0.44	0.249	0.162	0.0527
861	0.439	0.249	0.162	0.0528
862	0.44	0.249	0.162	0.0528
863	0.44	0.249	0.162	0.0528
864	0.44	0.249	0.162	0.0528
865	0.44	0.249	0.162	0.0528
866	0.44	0.249	0.162	0.0527
867	0.439	0.249	0.162	0.0527
868	0.44	0.249	0.162	0.0527
869	0.44	0.248	0.162	0.0526
870	0.44	0.249	0.162	0.0527
871	0.44	0.249	0.162	0.0527
872	0.44	0.248	0.162	0.0526
873	0.44	0.248	0.162	0.0526
874	0.44	0.248	0.163	0.0527
875	0.441	0.248	0.163	0.0526
876	0.44	0.248	0.162	0.0526
877	0.441	0.248	0.163	0.0526
878	0.44	0.248	0.163	0.0526
879	0.44	0.248	0.162	0.0526
880	0.44	0.248	0.162	0.0527
881	0.44	0.248	0.162	0.0527
882	0.44	0.248	0.162	0.0527
883	0.44	0.248	0.162	0.0527
884	0.441	0.248	0.162	0.0526
885	0.439	0.248	0.162	0.0526
886	0.441	0.249	0.162	0.0527
887	0.44	0.249	0.162	0.0526
888	0.44	0.249	0.162	0.0527
889	0.44	0.249	0.162	0.0527
890	0.44	0.248	0.162	0.0526
891	0.44	0.248	0.162	0.0526
892	0.44	0.248	0.162	0.0526
893	0.44	0.248	0.162	0.0525
894	0.44	0.248	0.162	0.0525
895	0.44	0.248	0.162	0.0525
896	0.44	0.248	0.163	0.0524
897	0.44	0.248	0.162	0.0525
898	0.441	0.248	0.162	0.0525
899	0.441	0.248	0.162	0.0524
900	0.441	0.248	0.162	0.0525
901	0.441	0.248	0.162	0.0525
902	0.441	0.248	0.162	0.0524
903	0.441	0.248	0.162	0.0524
904	0.441	0.248	0.162	0.0525
905	0.441	0.248	0.162	0.0525
906	0.441	0.248	0.162	0.0525
907	0.441	0.248	0.162	0.0525
908	0.441	0.248	0.163	0.0525
909	0.441	0.248	0.162	0.0525
910	0.441	0.248	0.162	0.0525
911	0.441	0.248	0.162	0.0525
912	0.441	0.248	0.162	0.0525
913	0.441	0.249	0.162	0.0526
914	0.441	0.248	0.162	0.0525
915	0.441	0.248	0.162	0.0524
916	0.441	0.248	0.162	0.0525
917	0.442	0.248	0.163	0.0524
918	0.441	0.248	0.162	0.0524
919	0.441	0.248	0.162	0.0525
920	0.441	0.248	0.162	0.0524
921	0.441	0.248	0.162	0.0525
922	0.442	0.248	0.162	0.0525
923	0.442	0.248	0.162	0.0525
924	0.442	0.249	0.162	0.0525
925	0.442	0.248	0.162	0.0525
926	0.441	0.248	0.162	0.0525
927	0.441	0.249	0.162	0.0525
928	0.442	0.248	0.162	0.0524
929	0.442	0.248	0.162	0.0524
930	0.442	0.248	0.162	0.0524
931	0.442	0.248	0.163	0.0524
932	0.442	0.248	0.163	0.0524
933	0.442	0.248	0.162	0.0525
934	0.441	0.248	0.162	0.0524
935	0.441	0.248	0.163	0.0523
936	0.441	0.248	0.163	0.0523
937	0.442	0.248	0.163	0.0523
938	0.442	0.248	0.163	0.0523
939	0.441	0.248	0.162	0.0524
940	0.442	0.248	0.163	0.0524
941	0.442	0.248	0.163	0.0524
942	0.442	0.248	0.163	0.0525
943	0.442	0.248	0.163	0.0524
944	0.442	0.248	0.163	0.0524
945	0.442	0.248	0.163	0.0524
946	0.441	0.248	0.163	0.0525
947	0.442	0.248	0.163	0.0524
948	0.442	0.248	0.163	0.0524
949	0.442	0.248	0.163	0.0524
950	0.442	0.248	0.163	0.0524
951	0.441	0.248	0.162	0.0524
952	0.442	0.248	0.163	0.0524
953	0.442	0.248	0.163	0.0523
954	0.442	0.248	0.162	0.0524
955	0.442	0.248	0.163	0.0524
956	0.442	0.248	0.162	0.0523
957	0.442	0.248	0.162	0.0523
958	0.442	0.248	0.162	0.0524
959	0.442	0.248	0.162	0.0523
960	0.442	0.248	0.163	0.0524
961	0.442	0.248	0.163	0.0523
962	0.442	0.248	0.163	0.0523
963	0.442	0.248	0.163	0.0524
964	0.442	0.248	0.162	0.0524
965	0.443	0.248	0.163	0.0523
966	0.442	0.248	0.163	0.0524
967	0.443	0.248	0.163	0.0524
968	0.443	0.248	0.163	0.0522
969	0.442	0.248	0.163	0.0524
970	0.442	0.248	0.163	0.0523
971	0.442	0.248	0.163	0.0523
972	0.441	0.248	0.162	0.0524
973	0.442	0.248	0.163	0.0524
974	0.442	0.248	0.163	0.0523
975	0.443	0.246	0.164	0.0518
976	0.444	0.245	0.165	0.0514
977	0.444	0.245	0.164	0.0515
978	0.444	0.245	0.164	0.0516
979	0.444	0.245	0.164	0.0516
980	0.444	0.245	0.164	0.0515
981	0.444	0.245	0.164	0.0516
982	0.444	0.245	0.164	0.0516
983	0.444	0.245	0.164	0.0516
984	0.444	0.245	0.164	0.0517
985	0.444	0.245	0.164	0.0516
986	0.444	0.245	0.164	0.0515
987	0.444	0.245	0.164	0.0516
988	0.444	0.245	0.164	0.0516
989	0.444	0.245	0.164	0.0516
990	0.444	0.246	0.164	0.0517
991	0.444	0.246	0.164	0.0517
992	0.445	0.245	0.164	0.0516
993	0.444	0.246	0.164	0.0517
994	0.444	0.246	0.164	0.0516
995	0.444	0.245	0.164	0.0515
996	0.444	0.246	0.164	0.0516
997	0.444	0.246	0.164	0.0516
998	0.445	0.245	0.164	0.0516
999	0.444	0.246	0.164	0.0517
1000	0.444	0.246	0.164	0.0517
1001	0.444	0.245	0.164	0.0515
1002	0.444	0.246	0.164	0.0517
1003	0.444	0.246	0.164	0.0517
1004	0.444	0.246	0.164	0.0516
1005	0.444	0.246	0.164	0.0516
1006	0.444	0.246	0.164	0.0516
1007	0.444	0.246	0.164	0.0516
1008	0.444	0.246	0.164	0.0516
1009	0.444	0.245	0.164	0.0515
1010	0.444	0.245	0.164	0.0515
1011	0.444	0.245	0.164	0.0516
1012	0.445	0.245	0.164	0.0515
1013	0.444	0.245	0.164	0.0515
1014	0.444	0.246	0.164	0.0516
1015	0.444	0.246	0.164	0.0516
1016	0.444	0.245	0.164	0.0515
1017	0.445	0.245	0.164	0.0515
1018	0.445	0.246	0.164	0.0516
1019	0.445	0.245	0.164	0.0515
1020	0.445	0.246	0.164	0.0516
1021	0.444	0.246	0.164	0.0516
1022	0.445	0.245	0.164	0.0515
1023	0.445	0.245	0.164	0.0515
1024	0.445	0.245	0.164	0.0515
1025	0.445	0.245	0.164	0.0514
1026	0.445	0.245	0.164	0.0515
1027	0.445	0.246	0.164	0.0515
1028	0.445	0.246	0.164	0.0515
1029	0.445	0.246	0.164	0.0515
1030	0.446	0.246	0.164	0.0516
1031	0.445	0.245	0.164	0.0515
1032	0.446	0.246	0.164	0.0516
1033	0.446	0.246	0.164	0.0515
1034	0.445	0.246	0.164	0.0515
1035	0.445	0.246	0.164	0.0515
1036	0.445	0.246	0.164	0.0515
1037	0.445	0.245	0.164	0.0514
1038	0.445	0.246	0.164	0.0516
1039	0.446	0.246	0.164	0.0516
1040	0.446	0.245	0.164	0.0515
1041	0.445	0.246	0.164	0.0516
1042	0.445	0.246	0.164	0.0515
1043	0.445	0.245	0.164	0.0514
1044	0.445	0.246	0.164	0.0515
1045	0.445	0.246	0.164	0.0515
1046	0.446	0.246	0.164	0.0515
1047	0.445	0.246	0.164	0.0515
1048	0.446	0.245	0.164	0.0514
1049	0.446	0.245	0.164	0.0514
1050	0.446	0.245	0.164	0.0514
1051	0.446	0.245	0.164	0.0514
1052	0.446	0.245	0.164	0.0514
1053	0.446	0.246	0.164	0.0515
1054	0.446	0.246	0.164	0.0514
1055	0.446	0.246	0.164	0.0515
1056	0.446	0.246	0.164	0.0515
1057	0.446	0.246	0.164	0.0515
1058	0.445	0.246	0.164	0.0515
1059	0.446	0.246	0.164	0.0515
1060	0.446	0.246	0.164	0.0515
1061	0.446	0.246	0.164	0.0515
1062	0.446	0.246	0.164	0.0514
1063	0.445	0.246	0.164	0.0515
1064	0.445	0.246	0.164	0.0515
1065	0.445	0.246	0.164	0.0515
1066	0.446	0.246	0.164	0.0515
1067	0.446	0.246	0.164	0.0515
1068	0.446	0.246	0.164	0.0515
1069	0.446	0.246	0.164	0.0515
1070	0.446	0.246	0.164	0.0515
1071	0.445	0.246	0.164	0.0515
1072	0.446	0.246	0.164	0.0515
1073	0.446	0.246	0.164	0.0515
1074	0.446	0.246	0.164	0.0515
1075	0.446	0.245	0.164	0.0514
1076	0.446	0.246	0.164	0.0515
1077	0.447	0.246	0.164	0.0515
1078	0.446	0.245	0.164	0.0514
1079	0.447	0.246	0.164	0.0514
1080	0.446	0.246	0.164	0.0514
1081	0.446	0.245	0.164	0.0515
1082	0.446	0.245	0.164	0.0515
1083	0.446	0.246	0.164	0.0515
1084	0.446	0.246	0.164	0.0515
1085	0.446	0.246	0.164	0.0515
1086	0.446	0.246	0.164	0.0514
1087	0.447	0.246	0.164	0.0515
1088	0.447	0.246	0.164	0.0515
1089	0.447	0.246	0.164	0.0515
1090	0.447	0.246	0.164	0.0515
1091	0.446	0.246	0.164	0.0515
1092	0.446	0.246	0.164	0.0515
1093	0.447	0.246	0.164	0.0515
1094	0.446	0.246	0.164	0.0515
1095	0.447	0.246	0.164	0.0515
1096	0.446	0.245	0.164	0.0514
1097	0.446	0.246	0.164	0.0514
1098	0.446	0.246	0.164	0.0514
1099	0.446	0.245	0.164	0.0514
1100	0.446	0.245	0.164	0.0513
1101	0.446	0.246	0.164	0.0514
1102	0.446	0.245	0.164	0.0514
1103	0.447	0.246	0.164	0.0514
1104	0.446	0.245	0.164	0.0514
1105	0.447	0.245	0.164	0.0513
1106	0.447	0.246	0.164	0.0514
1107	0.447	0.245	0.164	0.0514
1108	0.447	0.245	0.164	0.0514
1109	0.446	0.245	0.164	0.0514
1110	0.446	0.245	0.164	0.0514
1111	0.447	0.245	0.164	0.0514
1112	0.446	0.246	0.164	0.0513
1113	0.447	0.246	0.164	0.0513
1114	0.446	0.246	0.164	0.0513
1115	0.447	0.246	0.164	0.0513
1116	0.447	0.246	0.164	0.0514
1117	0.447	0.245	0.164	0.0513
1118	0.446	0.245	0.164	0.0513
1119	0.446	0.245	0.164	0.0513
1120	0.446	0.245	0.164	0.0513
1121	0.446	0.245	0.164	0.0513
1122	0.447	0.245	0.164	0.0513
1123	0.447	0.245	0.164	0.0513
1124	0.447	0.245	0.164	0.0513
1125	0.447	0.245	0.164	0.0513
1126	0.447	0.245	0.164	0.0513
1127	0.447	0.245	0.164	0.0513
1128	0.447	0.245	0.164	0.0513
1129	0.447	0.245	0.164	0.0513
1130	0.447	0.245	0.164	0.0513
1131	0.447	0.245	0.164	0.0513
1132	0.447	0.245	0.164	0.0512
1133	0.448	0.245	0.164	0.0512
1134	0.448	0.245	0.164	0.0512
1135	0.447	0.245	0.164	0.0512
1136	0.449	0.244	0.165	0.0508
1137	0.449	0.242	0.166	0.0504
1138	0.449	0.242	0.165	0.0505
1139	0.449	0.242	0.165	0.0505
1140	0.449	0.243	0.165	0.0506
1141	0.449	0.243	0.165	0.0505
1142	0.449	0.243	0.165	0.0506
1143	0.449	0.243	0.165	0.0506
1144	0.449	0.243	0.165	0.0505
1145	0.449	0.243	0.165	0.0506
1146	0.449	0.243	0.165	0.0506
1147	0.449	0.243	0.165	0.0506
1148	0.449	0.243	0.165	0.0507
1149	0.45	0.243	0.165	0.0505
1150	0.449	0.243	0.165	0.0506
1151	0.449	0.243	0.165	0.0507
1152	0.449	0.243	0.165	0.0507
1153	0.449	0.243	0.165	0.0507
1154	0.449	0.243	0.165	0.0507
1155	0.449	0.243	0.165	0.0506
1156	0.449	0.243	0.165	0.0506
1157	0.449	0.243	0.165	0.0507
1158	0.449	0.243	0.165	0.0507
1159	0.449	0.243	0.165	0.0507
1160	0.449	0.243	0.165	0.0507
1161	0.449	0.243	0.165	0.0507
1162	0.449	0.243	0.165	0.0507
1163	0.449	0.243	0.165	0.0508
1164	0.449	0.243	0.165	0.0508
1165	0.449	0.243	0.165	0.0508
1166	0.449	0.243	0.165	0.0507
1167	0.449	0.243	0.165	0.0508
1168	0.45	0.243	0.165	0.0508
1169	0.449	0.243	0.165	0.0508
1170	0.449	0.243	0.165	0.0507
1171	0.45	0.243	0.165	0.0508
1172	0.45	0.243	0.165	0.0507
1173	0.449	0.243	0.165	0.0507
1174	0.449	0.243	0.165	0.0507
1175	0.449	0.243	0.165	0.0507
1176	0.449	0.243	0.165	0.0507
1177	0.45	0.243	0.165	0.0507
1178	0.45	0.243	0.165	0.0507
1179	0.45	0.243	0.165	0.0507
1180	0.45	0.243	0.165	0.0507
1181	0.45	0.243	0.165	0.0507
1182	0.45	0.243	0.165	0.0507
1183	0.45	0.243	0.165	0.0507
1184	0.45	0.243	0.165	0.0507
1185	0.45	0.243	0.165	0.0506
1186	0.45	0.243	0.165	0.0506
1187	0.45	0.243	0.165	0.0507
1188	0.449	0.243	0.165	0.0507
1189	0.45	0.243	0.165	0.0506
1190	0.45	0.243	0.165	0.0507
1191	0.45	0.244	0.165	0.0508
1192	0.45	0.243	0.165	0.0507
1193	0.45	0.243	0.165	0.0507
1194	0.45	0.243	0.165	0.0507
1195	0.45	0.243	0.165	0.0507
1196	0.451	0.243	0.165	0.0507
1197	0.45	0.243	0.165	0.0507
1198	0.45	0.243	0.165	0.0507
1199	0.45	0.243	0.165	0.0506
1200	0.45	0.243	0.165	0.0506
1201	0.45	0.243	0.165	0.0506
1202	0.45	0.243	0.165	0.0506
1203	0.45	0.243	0.165	0.0506
1204	0.451	0.243	0.165	0.0506
1205	0.45	0.243	0.165	0.0505
1206	0.451	0.243	0.165	0.0505
1207	0.45	0.243	0.165	0.0505
1208	0.451	0.243	0.165	0.0505
1209	0.45	0.243	0.165	0.0505
1210	0.45	0.243	0.165	0.0506
1211	0.45	0.243	0.165	0.0505
1212	0.45	0.243	0.165	0.0505
1213	0.45	0.243	0.165	0.0506
1214	0.451	0.243	0.165	0.0505
1215	0.45	0.243	0.165	0.0506
1216	0.451	0.243	0.165	0.0505
1217	0.451	0.243	0.165	0.0505
1218	0.451	0.243	0.165	0.0505
1219	0.451	0.243	0.165	0.0505
1220	0.451	0.243	0.165	0.0504
1221	0.451	0.243	0.165	0.0505
1222	0.451	0.243	0.165	0.0505
1223	0.451	0.243	0.165	0.0506
1224	0.45	0.243	0.165	0.0505
1225	0.451	0.243	0.165	0.0505
1226	0.451	0.243	0.165	0.0505
1227	0.451	0.243	0.165	0.0505
1228	0.451	0.243	0.165	0.0505
1229	0.451	0.243	0.165	0.0505
1230	0.451	0.243	0.165	0.0505
1231	0.451	0.243	0.165	0.0505
1232	0.451	0.243	0.165	0.0504
1233	0.451	0.243	0.165	0.0505
1234	0.451	0.243	0.165	0.0506
1235	0.451	0.243	0.165	0.0505
1236	0.451	0.243	0.165	0.0505
1237	0.451	0.243	0.165	0.0506
1238	0.451	0.243	0.165	0.0505
1239	0.451	0.243	0.165	0.0506
1240	0.451	0.243	0.165	0.0505
1241	0.451	0.243	0.165	0.0504
1242	0.451	0.243	0.165	0.0505
1243	0.452	0.243	0.165	0.0504
1244	0.451	0.243	0.165	0.0505
1245	0.451	0.243	0.165	0.0505
1246	0.451	0.243	0.165	0.0505
1247	0.451	0.243	0.165	0.0504
1248	0.451	0.243	0.165	0.0505
1249	0.452	0.243	0.165	0.0505
1250	0.452	0.243	0.165	0.0505
1251	0.451	0.243	0.165	0.0505
1252	0.451	0.243	0.165	0.0504
1253	0.451	0.243	0.165	0.0504
1254	0.451	0.243	0.165	0.0504
1255	0.452	0.243	0.165	0.0504
1256	0.451	0.243	0.165	0.0504
1257	0.451	0.243	0.165	0.0504
1258	0.452	0.243	0.165	0.0504
1259	0.451	0.243	0.165	0.0504
1260	0.451	0.243	0.165	0.0505
1261	0.452	0.243	0.165	0.0506
1262	0.451	0.243	0.165	0.0505
1263	0.451	0.243	0.165	0.0505
1264	0.452	0.243	0.165	0.0505
1265	0.452	0.243	0.165	0.0505
1266	0.452	0.243	0.165	0.0505
1267	0.451	0.243	0.165	0.0505
1268	0.452	0.243	0.165	0.0505
1269	0.452	0.243	0.165	0.0505
1270	0.452	0.243	0.165	0.0505
1271	0.452	0.243	0.165	0.0505
1272	0.453	0.241	0.166	0.05
1273	0.453	0.24	0.167	0.0497
1274	0.454	0.24	0.167	0.0498
1275	0.453	0.24	0.166	0.0498
1276	0.454	0.24	0.166	0.0498
1277	0.453	0.24	0.166	0.0498
1278	0.454	0.24	0.166	0.0498
1279	0.454	0.24	0.166	0.0499
1280	0.454	0.241	0.166	0.0499
1281	0.454	0.241	0.166	0.0499
1282	0.454	0.24	0.166	0.0498
1283	0.453	0.24	0.166	0.0498
1284	0.453	0.241	0.166	0.0499
1285	0.453	0.241	0.166	0.05
1286	0.454	0.241	0.166	0.0499
1287	0.453	0.241	0.166	0.0499
1288	0.454	0.241	0.166	0.0499
1289	0.453	0.241	0.166	0.0498
1290	0.453	0.241	0.166	0.0499
1291	0.454	0.241	0.166	0.0499
1292	0.453	0.241	0.166	0.0499
1293	0.454	0.241	0.166	0.05
1294	0.454	0.241	0.166	0.0499
1295	0.454	0.241	0.166	0.0498
1296	0.454	0.241	0.166	0.0499
1297	0.454	0.241	0.166	0.0499
1298	0.454	0.241	0.166	0.0498
1299	0.453	0.241	0.166	0.0499
1300	0.454	0.241	0.166	0.0499
1301	0.454	0.241	0.166	0.0499
1302	0.454	0.241	0.166	0.05
1303	0.454	0.241	0.166	0.0499
1304	0.454	0.241	0.166	0.0498
1305	0.454	0.241	0.166	0.0499
1306	0.454	0.241	0.166	0.0499
1307	0.454	0.241	0.166	0.0499
1308	0.454	0.241	0.166	0.0499
1309	0.454	0.241	0.166	0.0499
1310	0.454	0.241	0.166	0.0499
1311	0.454	0.241	0.166	0.05
1312	0.454	0.241	0.166	0.05
1313	0.454	0.241	0.166	0.0499
1314	0.454	0.241	0.166	0.0499
1315	0.454	0.241	0.166	0.0499
1316	0.454	0.241	0.166	0.0498
1317	0.454	0.241	0.166	0.0499
1318	0.454	0.241	0.166	0.0499
1319	0.455	0.241	0.166	0.0499
1320	0.454	0.241	0.166	0.0499
1321	0.455	0.241	0.166	0.0498
1322	0.455	0.241	0.166	0.0498
1323	0.454	0.241	0.166	0.0499
1324	0.455	0.241	0.166	0.0499
1325	0.454	0.241	0.166	0.0498
1326	0.454	0.241	0.166	0.0498
1327	0.455	0.241	0.166	0.0498
1328	0.455	0.241	0.166	0.0498
1329	0.455	0.241	0.166	0.0498
1330	0.455	0.241	0.166	0.0499
1331	0.455	0.241	0.166	0.0498
1332	0.455	0.241	0.166	0.0499
1333	0.455	0.241	0.166	0.0499
1334	0.455	0.241	0.166	0.0498
1335	0.455	0.241	0.166	0.0498
1336	0.455	0.241	0.166	0.0498
1337	0.455	0.241	0.166	0.0498
1338	0.455	0.241	0.166	0.0498
1339	0.455	0.241	0.166	0.0498
1340	0.455	0.241	0.166	0.0498
1341	0.455	0.241	0.166	0.0498
1342	0.455	0.241	0.166	0.0498
1343	0.455	0.241	0.166	0.0498
1344	0.455	0.241	0.166	0.0498
1345	0.455	0.241	0.166	0.0498
1346	0.455	0.241	0.166	0.0497
1347	0.455	0.241	0.166	0.0499
1348	0.456	0.241	0.166	0.0498
1349	0.455	0.241	0.166	0.0498
1350	0.455	0.241	0.166	0.0498
1351	0.455	0.241	0.166	0.0498
1352	0.454	0.241	0.166	0.0498
1353	0.454	0.241	0.166	0.0499
1354	0.454	0.241	0.166	0.0498
1355	0.455	0.241	0.166	0.0498
1356	0.455	0.241	0.166	0.0499
1357	0.455	0.241	0.166	0.0499
1358	0.455	0.241	0.166	0.0498
1359	0.455	0.241	0.166	0.0499
1360	0.455	0.241	0.166	0.0499
1361	0.455	0.241	0.166	0.0498
1362	0.455	0.241	0.166	0.0498
1363	0.455	0.241	0.166	0.0499
1364	0.455	0.241	0.166	0.0498
1365	0.455	0.241	0.166	0.0499
1366	0.455	0.241	0.166	0.0499
1367	0.455	0.241	0.166	0.0498
1368	0.455	0.241	0.166	0.0498
1369	0.455	0.241	0.166	0.0498
1370	0.455	0.241	0.166	0.0498
1371	0.455	0.241	0.166	0.0498
1372	0.456	0.241	0.166	0.0498
1373	0.456	0.241	0.166	0.0498
1374	0.455	0.241	0.166	0.0499
1375	0.455	0.241	0.166	0.0499
1376	0.455	0.241	0.166	0.0498
1377	0.455	0.241	0.166	0.0499
1378	0.456	0.241	0.166	0.0499
1379	0.456	0.241	0.166	0.0498
1380	0.456	0.241	0.166	0.0498
1381	0.456	0.241	0.166	0.0499
1382	0.455	0.241	0.166	0.0498
1383	0.456	0.241	0.166	0.0499
1384	0.456	0.241	0.166	0.0498
1385	0.456	0.241	0.166	0.0498
1386	0.455	0.241	0.166	0.0498
1387	0.455	0.241	0.166	0.0498
1388	0.455	0.241	0.166	0.0498
1389	0.455	0.241	0.166	0.0498
1390	0.456	0.241	0.166	0.0498
1391	0.455	0.241	0.166	0.0497
1392	0.456	0.241	0.166	0.0498
1393	0.456	0.241	0.166	0.0498
1394	0.456	0.241	0.166	0.0497
1395	0.456	0.241	0.166	0.0498
1396	0.456	0.241	0.166	0.0498
1397	0.456	0.241	0.166	0.0497
1398	0.455	0.241	0.166	0.0498
1399	0.456	0.241	0.166	0.0497
1400	0.456	0.241	0.166	0.0497
1401	0.456	0.241	0.166	0.0498
1402	0.456	0.241	0.166	0.0498
1403	0.456	0.241	0.166	0.0498
1404	0.456	0.241	0.166	0.0497
1405	0.456	0.241	0.166	0.0497
1406	0.456	0.241	0.166	0.0497
1407	0.456	0.241	0.166	0.0497
1408	0.456	0.241	0.166	0.0497
1409	0.456	0.241	0.166	0.0497
1410	0.456	0.241	0.166	0.0497
1411	0.456	0.241	0.166	0.0497
1412	0.455	0.241	0.166	0.0496
1413	0.456	0.241	0.166	0.0497
1414	0.456	0.241	0.166	0.0497
1415	0.456	0.241	0.166	0.0497
1416	0.456	0.241	0.166	0.0497
1417	0.456	0.241	0.166	0.0496
1418	0.456	0.241	0.166	0.0497
1419	0.456	0.241	0.166	0.0496
1420	0.457	0.241	0.166	0.0496
1421	0.456	0.241	0.166	0.0497
1422	0.456	0.241	0.166	0.0496
1423	0.456	0.241	0.166	0.0496
1424	0.457	0.241	0.166	0.0496
1425	0.457	0.241	0.166	0.0496
1426	0.457	0.241	0.166	0.0496
1427	0.457	0.241	0.166	0.0496
1428	0.457	0.241	0.166	0.0496
1429	0.457	0.241	0.166	0.0496
1430	0.457	0.241	0.166	0.0496
1431	0.457	0.241	0.166	0.0496
1432	0.457	0.241	0.166	0.0496
1433	0.457	0.241	0.166	0.0496
1434	0.457	0.241	0.166	0.0496
1435	0.456	0.241	0.166	0.0496
1436	0.457	0.24	0.166	0.0496
1437	0.457	0.24	0.166	0.0496
1438	0.457	0.241	0.166	0.0496
1439	0.457	0.241	0.166	0.0496
1440	0.457	0.241	0.166	0.0496
1441	0.456	0.241	0.166	0.0496
1442	0.456	0.241	0.166	0.0496
1443	0.457	0.241	0.166	0.0497
1444	0.457	0.241	0.166	0.0497
1445	0.457	0.241	0.166	0.0497
1446	0.457	0.239	0.167	0.0492
1447	0.458	0.237	0.167	0.0488
1448	0.458	0.238	0.167	0.0489
1449	0.458	0.238	0.167	0.0489
1450	0.458	0.238	0.167	0.049
1451	0.458	0.238	0.167	0.049
1452	0.458	0.238	0.167	0.049
1453	0.458	0.238	0.167	0.049
1454	0.458	0.238	0.167	0.049
1455	0.458	0.238	0.167	0.049
1456	0.458	0.238	0.167	0.0491
1457	0.459	0.238	0.167	0.0491
1458	0.459	0.238	0.167	0.0491
1459	0.459	0.238	0.167	0.0491
1460	0.458	0.238	0.167	0.0491
1461	0.458	0.238	0.167	0.0491
1462	0.458	0.238	0.167	0.0491
1463	0.458	0.238	0.167	0.0491
1464	0.459	0.238	0.167	0.0491
1465	0.459	0.238	0.167	0.0491
1466	0.459	0.239	0.167	0.0491
1467	0.459	0.238	0.167	0.0491
1468	0.458	0.238	0.167	0.0491
1469	0.459	0.238	0.167	0.0491
1470	0.459	0.239	0.167	0.0491
1471	0.459	0.239	0.167	0.0492
1472	0.459	0.239	0.167	0.0491
1473	0.459	0.239	0.167	0.0491
1474	0.459	0.239	0.167	0.0491
1475	0.458	0.239	0.167	0.0491
1476	0.459	0.238	0.167	0.0491
1477	0.459	0.238	0.167	0.049
1478	0.459	0.238	0.167	0.0491
1479	0.459	0.238	0.167	0.049
1480	0.459	0.238	0.167	0.0491
1481	0.459	0.238	0.167	0.049
1482	0.459	0.238	0.167	0.0491
1483	0.458	0.238	0.167	0.049
1484	0.458	0.238	0.167	0.049
1485	0.459	0.238	0.167	0.049
1486	0.459	0.238	0.167	0.0491
1487	0.459	0.238	0.167	0.049
1488	0.459	0.238	0.167	0.0491
1489	0.459	0.238	0.167	0.049
1490	0.459	0.238	0.167	0.049
1491	0.459	0.238	0.167	0.049
1492	0.459	0.238	0.167	0.049
1493	0.459	0.238	0.167	0.0491
1494	0.459	0.238	0.167	0.0491
1495	0.459	0.238	0.167	0.0491
1496	0.459	0.238	0.167	0.049
1497	0.459	0.238	0.167	0.049
1498	0.459	0.238	0.167	0.049
1499	0.459	0.238	0.167	0.049
1500	0.459	0.238	0.167	0.049
1501	0.459	0.238	0.167	0.049
1502	0.459	0.238	0.167	0.049
1503	0.459	0.238	0.167	0.049
1504	0.459	0.239	0.167	0.0491
1505	0.459	0.238	0.167	0.049
1506	0.459	0.238	0.167	0.049
1507	0.459	0.238	0.167	0.049
1508	0.46	0.238	0.167	0.049
1509	0.459	0.238	0.167	0.049
1510	0.46	0.238	0.167	0.0489
1511	0.46	0.238	0.167	0.049
1512	0.46	0.238	0.167	0.049
1513	0.459	0.238	0.167	0.049
1514	0.46	0.238	0.167	0.049
1515	0.46	0.238	0.167	0.049
1516	0.46	0.238	0.167	0.049
1517	0.46	0.238	0.167	0.049
1518	0.46	0.238	0.167	0.049
1519	0.459	0.238	0.167	0.049
1520	0.46	0.238	0.167	0.049
1521	0.46	0.238	0.167	0.049
1522	0.46	0.238	0.167	0.0491
1523	0.46	0.238	0.167	0.049
1524	0.46	0.238	0.167	0.049
1525	0.459	0.238	0.167	0.049
1526	0.46	0.238	0.167	0.0491
1527	0.459	0.238	0.167	0.049
1528	0.46	0.238	0.167	0.049
1529	0.46	0.238	0.167	0.049
1530	0.459	0.238	0.167	0.049
1531	0.459	0.238	0.167	0.049
1532	0.459	0.238	0.167	0.049
1533	0.46	0.238	0.167	0.049
1534	0.459	0.239	0.167	0.049
1535	0.459	0.239	0.167	0.0491
1536	0.459	0.239	0.167	0.0491
1537	0.459	0.239	0.167	0.049
1538	0.459	0.239	0.167	0.0491
1539	0.46	0.238	0.167	0.049
1540	0.46	0.238	0.167	0.049
1541	0.46	0.239	0.167	0.049
1542	0.46	0.238	0.167	0.049
1543	0.46	0.238	0.167	0.049
1544	0.46	0.238	0.167	0.049
1545	0.459	0.238	0.167	0.049
1546	0.46	0.238	0.167	0.049
1547	0.46	0.238	0.167	0.049
1548	0.46	0.238	0.167	0.049
1549	0.46	0.239	0.167	0.049
1550	0.46	0.238	0.167	0.049
1551	0.46	0.238	0.167	0.049
1552	0.46	0.238	0.167	0.049
1553	0.46	0.239	0.167	0.049
1554	0.46	0.238	0.167	0.049
1555	0.46	0.238	0.167	0.0489
1556	0.46	0.238	0.167	0.0489
1557	0.46	0.238	0.167	0.0489
1558	0.46	0.238	0.167	0.049
1559	0.46	0.239	0.167	0.049
1560	0.46	0.238	0.167	0.0489
1561	0.46	0.238	0.167	0.0489
1562	0.46	0.238	0.167	0.049
1563	0.46	0.238	0.167	0.0489
1564	0.46	0.238	0.167	0.049
1565	0.46	0.238	0.167	0.049
1566	0.46	0.238	0.167	0.0489
1567	0.46	0.238	0.167	0.0489
1568	0.46	0.239	0.167	0.049
1569	0.46	0.238	0.167	0.049
1570	0.46	0.238	0.167	0.049
1571	0.46	0.238	0.167	0.049
1572	0.46	0.238	0.167	0.0489
1573	0.46	0.238	0.167	0.0489
1574	0.46	0.238	0.167	0.0489
1575	0.46	0.238	0.167	0.049
1576	0.461	0.238	0.167	0.0489
1577	0.461	0.238	0.167	0.049
1578	0.46	0.238	0.167	0.0489
1579	0.46	0.238	0.167	0.0489
1580	0.461	0.238	0.167	0.0489
1581	0.461	0.238	0.167	0.0489
1582	0.46	0.238	0.167	0.0489
1583	0.46	0.238	0.167	0.0489
1584	0.46	0.238	0.167	0.0488
1585	0.461	0.238	0.167	0.0489
1586	0.461	0.238	0.167	0.0489
1587	0.461	0.238	0.167	0.0489
1588	0.46	0.238	0.167	0.049
1589	0.461	0.238	0.167	0.0489
1590	0.461	0.238	0.167	0.0489
1591	0.461	0.238	0.167	0.0489
1592	0.461	0.238	0.167	0.0489
1593	0.461	0.238	0.167	0.0489
1594	0.461	0.238	0.167	0.0489
1595	0.461	0.238	0.167	0.0489
