Iteration	ValueMean	ValueStddev	DerivMean	DerivStddev
5	0.494	0.27	0.162	0.0652
6	0.5	0.274	0.162	0.0622
7	0.508	0.273	0.159	0.0595
8	0.511	0.274	0.158	0.0588
9	0.512	0.275	0.158	0.0587
10	0.512	0.273	0.158	0.0578
11	0.51	0.272	0.159	0.057
12	0.51	0.27	0.159	0.0565
13	0.509	0.269	0.159	0.0563
14	0.509	0.268	0.159	0.0558
15	0.507	0.267	0.159	0.0552
16	0.506	0.267	0.159	0.0549
17	0.507	0.266	0.159	0.0547
18	0.506	0.266	0.158	0.0544
19	0.505	0.265	0.158	0.0543
20	0.505	0.265	0.158	0.0541
21	0.505	0.265	0.158	0.054
22	0.505	0.264	0.158	0.0537
23	0.504	0.264	0.157	0.0534
24	0.504	0.264	0.157	0.0534
25	0.504	0.263	0.157	0.0532
26	0.503	0.264	0.157	0.0532
27	0.503	0.263	0.157	0.0529
28	0.503	0.263	0.156	0.0528
29	0.502	0.263	0.156	0.0527
30	0.502	0.262	0.156	0.0524
31	0.502	0.262	0.156	0.0522
32	0.501	0.262	0.156	0.0521
33	0.5	0.262	0.156	0.0521
34	0.499	0.262	0.156	0.052
35	0.499	0.262	0.155	0.0519
36	0.498	0.261	0.155	0.0517
37	0.498	0.262	0.155	0.0517
38	0.498	0.262	0.155	0.0516
39	0.498	0.261	0.155	0.0515
40	0.498	0.262	0.155	0.0516
41	0.497	0.261	0.155	0.0513
42	0.497	0.261	0.154	0.0513
43	0.496	0.261	0.154	0.0513
44	0.495	0.262	0.154	0.0513
45	0.496	0.261	0.154	0.0512
46	0.495	0.261	0.154	0.0511
47	0.494	0.261	0.154	0.051
48	0.494	0.261	0.154	0.0508
49	0.493	0.261	0.154	0.0507
50	0.493	0.26	0.154	0.0506
51	0.492	0.26	0.153	0.0505
52	0.492	0.261	0.153	0.0506
53	0.491	0.26	0.153	0.0505
54	0.491	0.26	0.153	0.0505
55	0.49	0.26	0.153	0.0504
56	0.49	0.26	0.153	0.0504
57	0.489	0.26	0.153	0.0504
58	0.488	0.26	0.153	0.0503
59	0.488	0.26	0.153	0.0503
60	0.487	0.26	0.153	0.0503
61	0.487	0.26	0.153	0.0503
62	0.486	0.26	0.153	0.0502
63	0.486	0.26	0.152	0.0502
64	0.485	0.26	0.152	0.0502
65	0.485	0.26	0.152	0.0502
66	0.485	0.26	0.152	0.0501
67	0.485	0.26	0.152	0.0499
68	0.485	0.26	0.152	0.0499
69	0.485	0.259	0.152	0.0498
70	0.484	0.26	0.152	0.0498
71	0.484	0.26	0.152	0.0499
72	0.483	0.26	0.152	0.0499
73	0.482	0.26	0.152	0.0498
74	0.482	0.26	0.152	0.0498
75	0.482	0.26	0.151	0.0498
76	0.481	0.26	0.151	0.0498
77	0.481	0.26	0.151	0.0499
78	0.48	0.26	0.151	0.0498
79	0.48	0.26	0.151	0.0497
80	0.48	0.26	0.151	0.0497
81	0.479	0.26	0.151	0.0497
82	0.478	0.26	0.151	0.0496
83	0.478	0.26	0.151	0.0496
84	0.478	0.259	0.151	0.0495
85	0.478	0.26	0.151	0.0495
86	0.478	0.26	0.151	0.0495
87	0.477	0.26	0.151	0.0495
88	0.476	0.26	0.15	0.0494
89	0.476	0.26	0.15	0.0494
90	0.476	0.26	0.15	0.0494
91	0.475	0.26	0.15	0.0494
92	0.475	0.261	0.15	0.0495
93	0.475	0.26	0.15	0.0494
94	0.474	0.26	0.15	0.0494
95	0.474	0.26	0.15	0.0494
96	0.473	0.26	0.15	0.0495
97	0.473	0.26	0.15	0.0493
98	0.472	0.26	0.15	0.0493
99	0.472	0.26	0.15	0.0493
100	0.472	0.26	0.15	0.0494
101	0.471	0.261	0.15	0.0494
102	0.471	0.261	0.149	0.0494
103	0.47	0.26	0.149	0.0493
104	0.47	0.261	0.149	0.0495
105	0.469	0.261	0.149	0.0495
106	0.469	0.261	0.149	0.0494
107	0.468	0.261	0.149	0.0494
108	0.468	0.261	0.149	0.0494
109	0.467	0.261	0.149	0.0492
110	0.467	0.261	0.149	0.0492
111	0.466	0.262	0.148	0.0493
112	0.466	0.262	0.148	0.0493
113	0.466	0.262	0.148	0.0493
114	0.465	0.262	0.148	0.0493
115	0.465	0.261	0.148	0.0493
116	0.465	0.261	0.148	0.0493
117	0.464	0.262	0.148	0.0494
118	0.464	0.262	0.148	0.0492
119	0.464	0.262	0.148	0.0493
120	0.463	0.262	0.148	0.0494
121	0.463	0.262	0.148	0.0493
122	0.463	0.262	0.148	0.0494
123	0.462	0.262	0.148	0.0494
124	0.462	0.262	0.148	0.0493
125	0.461	0.262	0.148	0.0492
126	0.461	0.262	0.148	0.0491
127	0.46	0.261	0.148	0.0491
128	0.46	0.262	0.148	0.0492
129	0.46	0.262	0.148	0.0493
130	0.459	0.262	0.148	0.0493
131	0.459	0.262	0.148	0.0493
132	0.458	0.262	0.147	0.0494
133	0.458	0.262	0.147	0.0493
134	0.458	0.262	0.147	0.0494
135	0.457	0.262	0.147	0.0493
136	0.457	0.262	0.147	0.0491
137	0.457	0.263	0.147	0.0492
138	0.456	0.263	0.147	0.0493
139	0.456	0.263	0.147	0.0493
140	0.456	0.263	0.147	0.0494
141	0.455	0.263	0.147	0.0494
142	0.455	0.263	0.147	0.0493
143	0.455	0.263	0.147	0.0493
144	0.455	0.263	0.147	0.0493
145	0.454	0.263	0.147	0.0494
146	0.454	0.263	0.147	0.0495
147	0.454	0.263	0.146	0.0494
148	0.453	0.263	0.146	0.0493
149	0.453	0.263	0.146	0.0494
150	0.452	0.263	0.146	0.0495
151	0.452	0.264	0.146	0.0495
152	0.452	0.264	0.146	0.0495
153	0.451	0.264	0.146	0.0495
154	0.451	0.264	0.146	0.0495
155	0.451	0.264	0.146	0.0495
156	0.45	0.264	0.146	0.0495
157	0.45	0.264	0.146	0.0495
158	0.45	0.264	0.146	0.0496
159	0.449	0.264	0.146	0.0496
160	0.448	0.264	0.145	0.0495
161	0.448	0.264	0.145	0.0495
162	0.448	0.264	0.145	0.0496
163	0.448	0.264	0.145	0.0495
164	0.448	0.264	0.145	0.0495
165	0.447	0.264	0.145	0.0496
166	0.447	0.264	0.145	0.0494
167	0.446	0.264	0.145	0.0496
168	0.445	0.265	0.145	0.0496
169	0.445	0.264	0.145	0.0495
170	0.445	0.264	0.145	0.0496
171	0.445	0.265	0.145	0.0497
172	0.445	0.264	0.145	0.0497
173	0.444	0.265	0.145	0.0497
174	0.444	0.265	0.145	0.0497
175	0.444	0.265	0.145	0.0498
176	0.443	0.265	0.145	0.0498
177	0.443	0.265	0.145	0.0497
178	0.443	0.265	0.145	0.0497
179	0.443	0.265	0.144	0.0497
180	0.443	0.265	0.144	0.0497
181	0.442	0.265	0.144	0.0497
182	0.442	0.265	0.144	0.0497
183	0.441	0.265	0.144	0.0497
184	0.442	0.265	0.144	0.0496
185	0.441	0.265	0.144	0.0497
186	0.441	0.265	0.144	0.0498
187	0.441	0.265	0.144	0.0497
188	0.441	0.265	0.144	0.0497
189	0.44	0.266	0.144	0.0498
190	0.44	0.265	0.144	0.0497
191	0.44	0.265	0.144	0.0496
192	0.439	0.265	0.144	0.0498
193	0.439	0.265	0.144	0.0497
194	0.439	0.265	0.144	0.0497
195	0.438	0.266	0.144	0.0499
196	0.439	0.265	0.144	0.0498
197	0.438	0.266	0.143	0.0498
198	0.437	0.266	0.143	0.0498
199	0.438	0.266	0.143	0.0497
200	0.438	0.266	0.143	0.0497
201	0.437	0.266	0.143	0.0499
202	0.437	0.266	0.143	0.0498
203	0.437	0.266	0.143	0.0497
204	0.436	0.266	0.143	0.0499
205	0.436	0.266	0.143	0.0498
206	0.436	0.266	0.143	0.0498
207	0.435	0.266	0.143	0.05
208	0.436	0.266	0.143	0.0498
209	0.435	0.266	0.143	0.0498
210	0.434	0.266	0.143	0.0498
211	0.435	0.266	0.143	0.0497
212	0.435	0.266	0.143	0.0497
213	0.434	0.266	0.143	0.0499
214	0.435	0.266	0.143	0.0498
215	0.434	0.266	0.143	0.0497
216	0.433	0.266	0.143	0.0499
217	0.433	0.266	0.142	0.0497
218	0.432	0.266	0.143	0.0497
219	0.432	0.266	0.142	0.0499
220	0.432	0.266	0.142	0.0497
221	0.432	0.266	0.142	0.0498
222	0.431	0.266	0.142	0.0499
223	0.431	0.266	0.142	0.0498
224	0.431	0.266	0.142	0.0498
225	0.43	0.267	0.142	0.0499
226	0.431	0.266	0.142	0.0498
227	0.431	0.266	0.142	0.0498
228	0.429	0.267	0.142	0.0499
229	0.43	0.266	0.142	0.0498
230	0.429	0.266	0.142	0.0499
231	0.429	0.267	0.142	0.05
232	0.43	0.266	0.142	0.0499
233	0.429	0.266	0.142	0.0498
234	0.428	0.267	0.142	0.05
235	0.428	0.266	0.142	0.0497
236	0.428	0.267	0.142	0.0498
237	0.427	0.267	0.141	0.0499
238	0.427	0.267	0.141	0.0499
239	0.427	0.267	0.141	0.0498
240	0.426	0.267	0.141	0.05
241	0.427	0.267	0.141	0.0498
242	0.427	0.267	0.141	0.0499
243	0.426	0.267	0.141	0.05
244	0.426	0.267	0.141	0.0499
245	0.426	0.267	0.141	0.0499
246	0.425	0.267	0.141	0.05
247	0.426	0.267	0.141	0.0498
248	0.425	0.267	0.141	0.0499
249	0.425	0.267	0.141	0.05
250	0.425	0.267	0.141	0.05
251	0.424	0.267	0.141	0.05
252	0.424	0.268	0.141	0.0501
253	0.425	0.267	0.141	0.0499
254	0.424	0.267	0.141	0.05
255	0.423	0.267	0.141	0.05
256	0.423	0.267	0.141	0.0499
257	0.423	0.267	0.141	0.0499
258	0.422	0.268	0.141	0.05
259	0.423	0.267	0.14	0.0498
260	0.422	0.267	0.14	0.0498
261	0.422	0.267	0.14	0.0498
262	0.422	0.267	0.14	0.0497
263	0.422	0.267	0.14	0.0499
264	0.422	0.267	0.14	0.0498
265	0.422	0.267	0.14	0.0498
266	0.421	0.267	0.14	0.0498
267	0.42	0.268	0.14	0.0499
268	0.421	0.267	0.14	0.0498
269	0.42	0.268	0.14	0.0498
270	0.42	0.268	0.14	0.0499
271	0.42	0.268	0.14	0.0499
272	0.42	0.268	0.14	0.0498
273	0.419	0.268	0.14	0.0499
274	0.419	0.268	0.14	0.0498
275	0.419	0.268	0.14	0.0498
276	0.418	0.268	0.14	0.05
277	0.419	0.268	0.14	0.0499
278	0.418	0.268	0.14	0.0499
279	0.418	0.268	0.14	0.05
280	0.418	0.268	0.14	0.0499
281	0.418	0.268	0.14	0.0499
282	0.417	0.268	0.14	0.05
283	0.418	0.267	0.14	0.0498
284	0.417	0.268	0.14	0.0499
285	0.416	0.268	0.139	0.05
286	0.417	0.268	0.139	0.0499
287	0.416	0.268	0.139	0.0499
288	0.416	0.268	0.139	0.05
289	0.416	0.268	0.139	0.0499
290	0.416	0.268	0.139	0.0499
291	0.415	0.268	0.139	0.05
292	0.416	0.268	0.139	0.0499
293	0.415	0.268	0.139	0.0499
294	0.414	0.268	0.139	0.05
295	0.415	0.268	0.139	0.0499
296	0.414	0.268	0.139	0.0499
297	0.414	0.268	0.139	0.05
298	0.414	0.268	0.139	0.0499
299	0.413	0.268	0.139	0.0499
300	0.413	0.269	0.139	0.0501
301	0.413	0.268	0.139	0.0498
302	0.413	0.268	0.139	0.0499
303	0.412	0.269	0.139	0.05
304	0.413	0.268	0.138	0.0499
305	0.412	0.268	0.138	0.0499
306	0.411	0.269	0.138	0.0501
307	0.412	0.268	0.138	0.0499
308	0.412	0.268	0.138	0.05
309	0.411	0.268	0.138	0.05
310	0.411	0.268	0.138	0.0501
311	0.411	0.268	0.138	0.05
312	0.411	0.268	0.138	0.05
313	0.411	0.268	0.138	0.05
314	0.41	0.269	0.138	0.0501
315	0.41	0.268	0.138	0.05
316	0.411	0.268	0.138	0.05
317	0.41	0.268	0.138	0.05
318	0.41	0.269	0.138	0.0501
319	0.41	0.268	0.138	0.05
320	0.41	0.269	0.138	0.0501
321	0.409	0.268	0.138	0.05
322	0.409	0.269	0.138	0.0501
323	0.409	0.268	0.138	0.05
324	0.409	0.268	0.138	0.0501
325	0.409	0.269	0.138	0.0501
326	0.408	0.269	0.138	0.05
327	0.408	0.269	0.138	0.05
328	0.408	0.269	0.138	0.05
329	0.408	0.268	0.138	0.05
330	0.408	0.269	0.138	0.05
331	0.408	0.268	0.138	0.0501
332	0.407	0.268	0.138	0.0501
333	0.407	0.268	0.138	0.05
334	0.407	0.269	0.138	0.05
335	0.407	0.269	0.138	0.0501
336	0.407	0.268	0.138	0.05
337	0.407	0.268	0.138	0.05
338	0.406	0.268	0.138	0.0501
339	0.406	0.268	0.138	0.05
340	0.406	0.268	0.138	0.05
341	0.406	0.268	0.137	0.05
342	0.406	0.268	0.137	0.05
343	0.405	0.268	0.137	0.0499
344	0.405	0.269	0.137	0.0501
345	0.405	0.269	0.137	0.0501
346	0.405	0.269	0.137	0.0501
347	0.405	0.268	0.137	0.0501
348	0.404	0.268	0.137	0.05
349	0.404	0.269	0.137	0.0501
350	0.404	0.268	0.137	0.0501
351	0.404	0.269	0.137	0.0501
352	0.403	0.269	0.137	0.05
353	0.404	0.268	0.137	0.05
354	0.403	0.268	0.137	0.0501
355	0.403	0.268	0.137	0.0501
356	0.403	0.269	0.137	0.0501
357	0.403	0.268	0.137	0.05
358	0.402	0.268	0.137	0.05
359	0.402	0.269	0.137	0.0501
360	0.402	0.269	0.137	0.0501
361	0.402	0.269	0.137	0.0501
362	0.402	0.269	0.137	0.0501
363	0.401	0.269	0.137	0.0502
364	0.401	0.269	0.137	0.0501
365	0.401	0.269	0.137	0.0501
366	0.402	0.269	0.137	0.0501
367	0.401	0.269	0.137	0.0501
368	0.4	0.269	0.136	0.0502
369	0.4	0.269	0.137	0.05
370	0.4	0.269	0.136	0.0501
371	0.4	0.269	0.136	0.0501
372	0.4	0.269	0.136	0.0501
373	0.4	0.269	0.136	0.0501
374	0.4	0.268	0.136	0.0501
375	0.399	0.269	0.136	0.0502
376	0.399	0.269	0.136	0.0503
377	0.399	0.268	0.136	0.0502
378	0.399	0.268	0.136	0.0502
379	0.399	0.269	0.136	0.0502
380	0.399	0.268	0.136	0.0501
381	0.398	0.269	0.136	0.0502
382	0.398	0.269	0.136	0.0502
383	0.398	0.269	0.136	0.0502
384	0.398	0.269	0.136	0.0502
385	0.398	0.269	0.136	0.0502
386	0.398	0.269	0.136	0.0502
387	0.398	0.269	0.136	0.0502
388	0.397	0.269	0.136	0.0502
389	0.397	0.269	0.136	0.0502
390	0.397	0.269	0.136	0.0502
391	0.397	0.269	0.136	0.0501
392	0.397	0.268	0.136	0.0501
393	0.396	0.268	0.136	0.0501
394	0.396	0.269	0.136	0.0502
395	0.396	0.269	0.136	0.0502
396	0.396	0.269	0.136	0.0502
397	0.396	0.269	0.136	0.0502
398	0.395	0.269	0.136	0.0502
399	0.395	0.269	0.136	0.0503
400	0.395	0.269	0.136	0.0503
401	0.395	0.268	0.136	0.0502
402	0.395	0.269	0.135	0.0502
403	0.395	0.269	0.136	0.0502
404	0.395	0.269	0.136	0.0502
405	0.394	0.269	0.135	0.0502
406	0.394	0.269	0.135	0.0502
407	0.394	0.268	0.136	0.0502
408	0.394	0.269	0.135	0.0502
409	0.393	0.269	0.135	0.0503
410	0.393	0.269	0.135	0.0502
411	0.393	0.269	0.135	0.0502
412	0.393	0.269	0.135	0.0502
413	0.393	0.269	0.135	0.0502
414	0.393	0.269	0.135	0.0502
415	0.393	0.268	0.135	0.0502
416	0.392	0.269	0.135	0.0502
417	0.392	0.268	0.135	0.0501
418	0.392	0.269	0.135	0.0502
419	0.392	0.268	0.135	0.0502
420	0.392	0.268	0.135	0.0501
421	0.392	0.269	0.135	0.0502
422	0.392	0.268	0.135	0.0501
423	0.392	0.268	0.135	0.0501
424	0.391	0.268	0.135	0.0502
425	0.391	0.269	0.135	0.0502
426	0.391	0.269	0.135	0.0501
427	0.39	0.269	0.135	0.0502
428	0.39	0.269	0.135	0.0502
429	0.39	0.268	0.135	0.0501
430	0.39	0.269	0.135	0.0502
431	0.39	0.269	0.135	0.0502
432	0.39	0.269	0.135	0.0502
433	0.39	0.269	0.135	0.0503
434	0.39	0.268	0.135	0.0502
435	0.39	0.268	0.135	0.0502
436	0.39	0.268	0.135	0.0502
437	0.39	0.268	0.135	0.0501
438	0.389	0.268	0.135	0.0501
439	0.389	0.269	0.135	0.0502
440	0.389	0.268	0.135	0.0501
441	0.389	0.268	0.134	0.0502
442	0.389	0.269	0.135	0.0502
443	0.389	0.268	0.135	0.0501
444	0.388	0.268	0.134	0.0502
445	0.388	0.269	0.134	0.0503
446	0.388	0.269	0.134	0.0502
447	0.388	0.268	0.134	0.0502
448	0.388	0.268	0.134	0.0501
449	0.388	0.268	0.134	0.0502
450	0.388	0.268	0.134	0.0502
451	0.387	0.269	0.134	0.0503
452	0.388	0.268	0.134	0.0502
453	0.387	0.269	0.134	0.0502
454	0.387	0.268	0.134	0.0502
455	0.387	0.268	0.134	0.0501
456	0.386	0.269	0.134	0.0503
457	0.386	0.268	0.134	0.0502
458	0.387	0.268	0.134	0.0502
459	0.386	0.269	0.134	0.0503
460	0.386	0.269	0.134	0.0502
461	0.387	0.268	0.134	0.0501
462	0.386	0.268	0.134	0.0502
463	0.386	0.268	0.134	0.0503
464	0.386	0.268	0.134	0.0502
465	0.385	0.268	0.134	0.0502
466	0.385	0.269	0.134	0.0503
467	0.385	0.268	0.134	0.0502
468	0.385	0.268	0.134	0.0502
469	0.385	0.268	0.134	0.0503
470	0.385	0.268	0.134	0.0502
471	0.384	0.268	0.134	0.0502
472	0.384	0.268	0.134	0.0502
473	0.384	0.268	0.134	0.0502
474	0.384	0.269	0.134	0.0503
475	0.384	0.268	0.134	0.0503
476	0.384	0.268	0.133	0.0502
477	0.384	0.268	0.133	0.0503
478	0.383	0.269	0.133	0.0504
479	0.383	0.268	0.133	0.0502
480	0.383	0.269	0.133	0.0503
481	0.383	0.269	0.133	0.0503
482	0.383	0.268	0.133	0.0502
483	0.383	0.268	0.133	0.0503
484	0.382	0.268	0.133	0.0503
485	0.383	0.268	0.133	0.0503
486	0.383	0.268	0.133	0.0503
487	0.382	0.268	0.133	0.0503
488	0.382	0.268	0.133	0.0503
489	0.382	0.268	0.133	0.0503
490	0.382	0.268	0.133	0.0503
491	0.382	0.268	0.133	0.0502
492	0.382	0.268	0.133	0.0503
493	0.381	0.268	0.133	0.0503
494	0.382	0.268	0.133	0.0502
495	0.381	0.268	0.133	0.0502
496	0.381	0.268	0.133	0.0502
497	0.381	0.268	0.133	0.0502
498	0.381	0.268	0.133	0.0503
499	0.38	0.268	0.133	0.0502
500	0.38	0.268	0.133	0.0502
501	0.38	0.268	0.133	0.0502
502	0.38	0.268	0.133	0.0503
503	0.38	0.268	0.133	0.0502
504	0.38	0.268	0.133	0.0503
505	0.379	0.268	0.133	0.0503
506	0.38	0.268	0.133	0.0502
507	0.379	0.268	0.133	0.0503
508	0.379	0.268	0.133	0.0503
509	0.379	0.268	0.133	0.0502
510	0.379	0.268	0.133	0.0502
511	0.379	0.268	0.133	0.0502
512	0.379	0.268	0.133	0.0502
513	0.379	0.268	0.133	0.0502
514	0.378	0.269	0.133	0.0503
515	0.379	0.268	0.133	0.0502
516	0.378	0.268	0.132	0.0503
517	0.378	0.268	0.133	0.0503
518	0.378	0.268	0.133	0.0502
519	0.378	0.268	0.133	0.0503
520	0.378	0.268	0.132	0.0503
521	0.378	0.268	0.133	0.0503
522	0.378	0.268	0.133	0.0503
523	0.377	0.268	0.132	0.0504
524	0.378	0.268	0.132	0.0503
525	0.377	0.268	0.132	0.0503
526	0.377	0.268	0.132	0.0503
527	0.377	0.268	0.132	0.0503
528	0.377	0.268	0.132	0.0503
529	0.376	0.268	0.132	0.0503
530	0.377	0.268	0.132	0.0503
531	0.377	0.268	0.132	0.0502
532	0.377	0.268	0.132	0.0503
533	0.377	0.268	0.132	0.0502
534	0.376	0.268	0.132	0.0503
535	0.376	0.268	0.132	0.0503
536	0.376	0.268	0.132	0.0502
537	0.376	0.268	0.132	0.0503
538	0.375	0.268	0.132	0.0503
539	0.376	0.268	0.132	0.0502
540	0.375	0.268	0.132	0.0503
541	0.375	0.268	0.132	0.0502
542	0.375	0.268	0.132	0.0502
543	0.375	0.268	0.132	0.0502
544	0.375	0.268	0.132	0.0503
545	0.375	0.268	0.132	0.0503
546	0.374	0.268	0.132	0.0503
547	0.374	0.268	0.132	0.0504
548	0.374	0.268	0.132	0.0503
549	0.374	0.268	0.132	0.0503
550	0.374	0.268	0.132	0.0503
551	0.374	0.268	0.132	0.0503
552	0.374	0.268	0.132	0.0503
553	0.374	0.268	0.132	0.0503
554	0.373	0.268	0.132	0.0503
555	0.373	0.268	0.132	0.0503
556	0.374	0.268	0.132	0.0502
557	0.373	0.268	0.132	0.0502
558	0.373	0.268	0.132	0.0503
559	0.373	0.268	0.132	0.0502
560	0.373	0.268	0.132	0.0502
561	0.373	0.268	0.132	0.0503
562	0.373	0.268	0.132	0.0502
563	0.373	0.268	0.132	0.0503
564	0.373	0.268	0.132	0.0502
565	0.373	0.268	0.132	0.0502
566	0.373	0.268	0.132	0.0503
567	0.372	0.268	0.132	0.0503
568	0.373	0.268	0.132	0.0502
569	0.373	0.268	0.132	0.0502
570	0.372	0.268	0.131	0.0503
571	0.372	0.268	0.131	0.0501
572	0.372	0.268	0.131	0.0502
573	0.372	0.268	0.131	0.0502
574	0.372	0.268	0.131	0.0501
575	0.372	0.268	0.131	0.05
576	0.371	0.268	0.131	0.0502
577	0.372	0.268	0.131	0.0501
578	0.371	0.268	0.131	0.0501
579	0.371	0.268	0.131	0.0503
580	0.371	0.268	0.131	0.0501
581	0.371	0.268	0.131	0.0501
582	0.37	0.268	0.131	0.0502
583	0.371	0.268	0.131	0.0501
584	0.371	0.268	0.131	0.0501
585	0.37	0.268	0.131	0.0502
586	0.371	0.267	0.131	0.0501
587	0.371	0.267	0.131	0.0501
588	0.37	0.268	0.131	0.0502
589	0.37	0.268	0.131	0.0501
590	0.37	0.268	0.131	0.05
591	0.37	0.268	0.131	0.0501
592	0.37	0.268	0.131	0.0501
593	0.37	0.267	0.131	0.05
594	0.369	0.268	0.131	0.0501
595	0.369	0.268	0.131	0.0501
596	0.369	0.268	0.131	0.0501
597	0.369	0.268	0.131	0.0502
598	0.369	0.267	0.131	0.0501
599	0.369	0.267	0.131	0.0501
600	0.368	0.268	0.131	0.0502
601	0.368	0.268	0.131	0.0501
602	0.368	0.267	0.131	0.0501
603	0.368	0.268	0.131	0.0502
604	0.368	0.268	0.131	0.0501
605	0.368	0.268	0.131	0.0501
606	0.367	0.268	0.131	0.0503
607	0.368	0.267	0.131	0.0501
608	0.368	0.267	0.131	0.0502
609	0.367	0.268	0.131	0.0503
610	0.368	0.267	0.131	0.0501
611	0.368	0.267	0.131	0.0501
612	0.367	0.268	0.131	0.0502
613	0.368	0.267	0.131	0.0502
614	0.367	0.268	0.131	0.0502
615	0.367	0.268	0.13	0.0502
616	0.367	0.267	0.131	0.0501
617	0.367	0.268	0.13	0.0501
618	0.367	0.268	0.13	0.0502
619	0.367	0.268	0.13	0.0501
620	0.367	0.268	0.131	0.0501
621	0.366	0.268	0.13	0.0501
622	0.367	0.268	0.13	0.0501
623	0.366	0.268	0.13	0.0501
624	0.366	0.268	0.13	0.0502
625	0.366	0.267	0.13	0.05
626	0.366	0.268	0.13	0.0501
627	0.366	0.268	0.13	0.0502
628	0.366	0.267	0.13	0.0501
629	0.366	0.268	0.13	0.0501
630	0.366	0.268	0.13	0.0501
631	0.366	0.267	0.13	0.05
632	0.366	0.267	0.13	0.05
633	0.365	0.268	0.13	0.0502
634	0.365	0.267	0.13	0.0501
635	0.365	0.267	0.13	0.0501
636	0.365	0.268	0.13	0.0502
637	0.365	0.267	0.13	0.0501
638	0.365	0.267	0.13	0.0501
639	0.365	0.267	0.13	0.0501
640	0.365	0.267	0.13	0.0501
641	0.364	0.267	0.13	0.0501
642	0.364	0.268	0.13	0.0501
643	0.364	0.267	0.13	0.0501
644	0.364	0.267	0.13	0.0501
645	0.363	0.268	0.13	0.0502
646	0.364	0.267	0.13	0.05
647	0.364	0.267	0.13	0.0501
648	0.363	0.268	0.13	0.0502
649	0.364	0.267	0.13	0.05
650	0.363	0.267	0.13	0.0501
651	0.363	0.268	0.13	0.0501
652	0.364	0.267	0.13	0.05
653	0.363	0.267	0.13	0.05
654	0.363	0.268	0.13	0.0501
655	0.363	0.267	0.13	0.0501
656	0.362	0.268	0.13	0.0501
657	0.362	0.268	0.13	0.0501
658	0.363	0.268	0.13	0.0501
659	0.362	0.267	0.13	0.0501
660	0.362	0.268	0.13	0.0502
661	0.362	0.267	0.129	0.0501
662	0.362	0.267	0.13	0.05
663	0.362	0.268	0.13	0.0501
664	0.362	0.267	0.129	0.05
665	0.362	0.267	0.129	0.0501
666	0.361	0.267	0.129	0.0501
667	0.362	0.267	0.129	0.05
668	0.362	0.267	0.129	0.05
669	0.361	0.268	0.129	0.0501
670	0.361	0.267	0.129	0.05
671	0.361	0.268	0.129	0.0501
672	0.361	0.268	0.129	0.0501
673	0.362	0.267	0.129	0.0499
674	0.361	0.267	0.129	0.05
675	0.361	0.268	0.129	0.05
676	0.361	0.267	0.129	0.0499
677	0.361	0.267	0.129	0.05
678	0.36	0.268	0.129	0.05
679	0.361	0.268	0.129	0.05
680	0.36	0.267	0.129	0.05
681	0.36	0.267	0.129	0.05
682	0.36	0.267	0.129	0.05
683	0.36	0.267	0.129	0.05
684	0.36	0.267	0.129	0.05
685	0.36	0.267	0.129	0.05
686	0.36	0.267	0.129	0.05
687	0.36	0.267	0.129	0.05
688	0.359	0.268	0.129	0.0501
689	0.359	0.267	0.129	0.0501
690	0.359	0.267	0.129	0.05
691	0.359	0.267	0.129	0.05
692	0.359	0.267	0.129	0.05
693	0.359	0.267	0.129	0.05
694	0.359	0.267	0.129	0.05
695	0.359	0.267	0.129	0.05
696	0.359	0.267	0.129	0.05
697	0.359	0.267	0.129	0.05
698	0.359	0.267	0.129	0.05
699	0.359	0.267	0.129	0.05
700	0.358	0.267	0.129	0.0501
701	0.359	0.267	0.129	0.05
702	0.358	0.267	0.129	0.0501
703	0.358	0.267	0.129	0.05
704	0.358	0.267	0.129	0.05
705	0.358	0.267	0.129	0.0499
706	0.358	0.267	0.129	0.05
707	0.358	0.267	0.129	0.05
708	0.358	0.267	0.129	0.05
709	0.358	0.267	0.129	0.05
710	0.358	0.267	0.129	0.0499
711	0.358	0.267	0.129	0.0499
712	0.358	0.267	0.129	0.05
713	0.357	0.267	0.129	0.05
714	0.357	0.267	0.128	0.05
715	0.358	0.267	0.129	0.0499
716	0.357	0.267	0.129	0.05
717	0.357	0.267	0.128	0.0499
718	0.357	0.267	0.128	0.05
719	0.357	0.267	0.129	0.05
720	0.357	0.267	0.128	0.05
721	0.357	0.267	0.128	0.05
722	0.357	0.267	0.128	0.0501
723	0.357	0.267	0.128	0.05
724	0.356	0.267	0.128	0.05
725	0.356	0.267	0.128	0.05
726	0.356	0.267	0.128	0.0499
727	0.356	0.267	0.128	0.0499
728	0.356	0.267	0.128	0.0499
729	0.356	0.267	0.128	0.0499
730	0.356	0.267	0.128	0.0499
731	0.356	0.267	0.128	0.0499
732	0.356	0.267	0.128	0.0499
733	0.355	0.267	0.128	0.0499
734	0.356	0.267	0.128	0.0499
735	0.355	0.267	0.128	0.0499
736	0.355	0.267	0.128	0.0499
737	0.355	0.267	0.128	0.0499
738	0.355	0.267	0.128	0.0498
739	0.355	0.267	0.128	0.0499
740	0.355	0.267	0.128	0.0499
741	0.355	0.267	0.128	0.0499
742	0.355	0.267	0.128	0.0499
743	0.355	0.267	0.128	0.0499
744	0.355	0.267	0.128	0.0499
745	0.355	0.267	0.128	0.0499
746	0.354	0.267	0.128	0.0499
747	0.354	0.267	0.128	0.05
748	0.354	0.267	0.128	0.0499
749	0.354	0.267	0.128	0.0499
750	0.354	0.267	0.128	0.05
751	0.354	0.267	0.128	0.0499
752	0.354	0.267	0.128	0.0499
753	0.354	0.267	0.128	0.05
754	0.354	0.267	0.128	0.0499
755	0.354	0.267	0.128	0.0499
756	0.353	0.267	0.128	0.0499
757	0.354	0.267	0.128	0.0499
758	0.353	0.267	0.128	0.0499
759	0.353	0.267	0.128	0.0499
760	0.353	0.267	0.128	0.0499
761	0.353	0.267	0.128	0.0499
762	0.353	0.267	0.128	0.0499
763	0.353	0.267	0.128	0.0498
764	0.353	0.267	0.128	0.0499
765	0.353	0.267	0.128	0.0499
766	0.353	0.267	0.128	0.0499
767	0.353	0.267	0.128	0.0498
768	0.352	0.267	0.128	0.0498
769	0.352	0.267	0.127	0.0499
770	0.352	0.267	0.127	0.0499
771	0.352	0.267	0.127	0.0498
772	0.352	0.267	0.127	0.0499
773	0.352	0.267	0.127	0.0499
774	0.352	0.267	0.127	0.0499
775	0.352	0.267	0.127	0.0499
776	0.352	0.267	0.127	0.0498
777	0.351	0.267	0.127	0.0498
778	0.352	0.267	0.127	0.0498
779	0.351	0.267	0.127	0.0499
780	0.351	0.267	0.127	0.0498
781	0.351	0.267	0.127	0.0498
782	0.351	0.267	0.127	0.0498
783	0.351	0.267	0.127	0.0498
784	0.351	0.267	0.127	0.0498
785	0.351	0.267	0.127	0.0497
786	0.351	0.267	0.127	0.0498
787	0.351	0.267	0.127	0.0498
788	0.351	0.267	0.127	0.0497
789	0.351	0.267	0.127	0.0498
790	0.351	0.267	0.127	0.0497
791	0.351	0.267	0.127	0.0498
792	0.35	0.267	0.127	0.0498
793	0.35	0.267	0.127	0.0498
794	0.351	0.267	0.127	0.0497
795	0.35	0.267	0.127	0.0497
796	0.35	0.267	0.127	0.0497
797	0.35	0.267	0.127	0.0497
798	0.35	0.267	0.127	0.0497
799	0.35	0.267	0.127	0.0497
800	0.35	0.267	0.127	0.0497
801	0.35	0.267	0.127	0.0497
802	0.35	0.267	0.127	0.0497
803	0.35	0.267	0.127	0.0497
804	0.35	0.267	0.127	0.0497
805	0.35	0.266	0.127	0.0497
806	0.349	0.267	0.127	0.0497
807	0.35	0.266	0.127	0.0496
808	0.349	0.266	0.127	0.0496
809	0.349	0.267	0.127	0.0497
810	0.349	0.267	0.127	0.0497
811	0.349	0.267	0.127	0.0497
812	0.349	0.266	0.127	0.0496
813	0.349	0.266	0.127	0.0496
814	0.349	0.266	0.127	0.0496
815	0.349	0.266	0.127	0.0497
816	0.349	0.267	0.127	0.0497
817	0.349	0.267	0.127	0.0496
818	0.349	0.266	0.127	0.0497
819	0.349	0.266	0.127	0.0496
820	0.349	0.266	0.127	0.0496
821	0.348	0.266	0.127	0.0497
822	0.349	0.266	0.127	0.0497
823	0.349	0.266	0.127	0.0496
824	0.349	0.266	0.127	0.0496
825	0.349	0.266	0.127	0.0496
826	0.348	0.267	0.127	0.0497
827	0.348	0.266	0.127	0.0496
828	0.348	0.266	0.127	0.0497
829	0.348	0.266	0.127	0.0496
830	0.348	0.267	0.126	0.0497
831	0.348	0.266	0.127	0.0496
832	0.348	0.266	0.126	0.0496
833	0.348	0.267	0.126	0.0497
834	0.348	0.266	0.126	0.0497
835	0.348	0.266	0.127	0.0496
836	0.347	0.266	0.126	0.0496
837	0.348	0.266	0.127	0.0496
838	0.348	0.266	0.127	0.0496
839	0.347	0.266	0.126	0.0496
840	0.347	0.266	0.126	0.0496
841	0.347	0.266	0.127	0.0496
842	0.347	0.266	0.126	0.0496
843	0.347	0.266	0.126	0.0497
844	0.347	0.266	0.126	0.0496
845	0.347	0.266	0.126	0.0497
846	0.347	0.266	0.126	0.0497
847	0.347	0.266	0.126	0.0496
848	0.346	0.266	0.126	0.0497
849	0.347	0.266	0.126	0.0497
850	0.347	0.266	0.126	0.0496
851	0.346	0.266	0.126	0.0497
852	0.346	0.266	0.126	0.0497
853	0.347	0.266	0.126	0.0496
854	0.346	0.266	0.126	0.0496
855	0.347	0.266	0.126	0.0496
856	0.346	0.266	0.126	0.0496
857	0.346	0.266	0.126	0.0497
858	0.346	0.266	0.126	0.0497
859	0.346	0.266	0.126	0.0496
860	0.346	0.266	0.126	0.0495
861	0.346	0.266	0.126	0.0496
862	0.346	0.266	0.126	0.0496
863	0.345	0.266	0.126	0.0496
864	0.346	0.266	0.126	0.0496
865	0.346	0.266	0.126	0.0496
866	0.345	0.266	0.126	0.0496
867	0.345	0.266	0.126	0.0496
868	0.346	0.266	0.126	0.0496
869	0.345	0.266	0.126	0.0496
870	0.345	0.266	0.126	0.0496
871	0.345	0.266	0.126	0.0496
872	0.345	0.266	0.126	0.0497
873	0.345	0.266	0.126	0.0496
874	0.345	0.266	0.126	0.0496
875	0.345	0.266	0.126	0.0496
876	0.344	0.266	0.126	0.0497
877	0.345	0.266	0.126	0.0495
878	0.345	0.266	0.126	0.0496
879	0.345	0.266	0.126	0.0495
880	0.345	0.266	0.126	0.0495
881	0.344	0.266	0.126	0.0496
882	0.344	0.266	0.126	0.0496
883	0.345	0.266	0.126	0.0495
884	0.344	0.266	0.126	0.0496
885	0.344	0.266	0.126	0.0495
886	0.344	0.266	0.126	0.0495
887	0.344	0.266	0.126	0.0495
888	0.344	0.266	0.126	0.0495
889	0.344	0.266	0.126	0.0495
890	0.344	0.266	0.126	0.0496
891	0.344	0.266	0.126	0.0496
892	0.344	0.266	0.126	0.0495
893	0.344	0.266	0.126	0.0495
894	0.343	0.266	0.126	0.0496
895	0.344	0.266	0.126	0.0495
896	0.344	0.266	0.126	0.0495
897	0.344	0.266	0.126	0.0495
898	0.344	0.266	0.126	0.0495
899	0.343	0.266	0.126	0.0495
900	0.344	0.266	0.126	0.0494
901	0.343	0.266	0.126	0.0495
902	0.343	0.266	0.126	0.0495
903	0.343	0.266	0.126	0.0495
904	0.343	0.266	0.126	0.0494
905	0.343	0.266	0.126	0.0495
906	0.343	0.266	0.125	0.0495
907	0.343	0.266	0.126	0.0495
908	0.342	0.266	0.126	0.0496
909	0.342	0.266	0.125	0.0495
910	0.343	0.266	0.125	0.0495
911	0.342	0.266	0.125	0.0495
912	0.342	0.266	0.125	0.0495
913	0.343	0.266	0.126	0.0494
914	0.342	0.266	0.125	0.0495
915	0.342	0.266	0.125	0.0495
916	0.342	0.266	0.125	0.0494
917	0.342	0.266	0.125	0.0495
918	0.341	0.266	0.125	0.0495
919	0.342	0.266	0.125	0.0495
920	0.342	0.266	0.125	0.0495
921	0.342	0.266	0.125	0.0494
922	0.342	0.266	0.125	0.0494
923	0.342	0.266	0.125	0.0495
924	0.342	0.266	0.125	0.0493
925	0.342	0.266	0.125	0.0495
926	0.341	0.266	0.125	0.0495
927	0.342	0.265	0.125	0.0494
928	0.341	0.266	0.125	0.0494
929	0.341	0.266	0.125	0.0495
930	0.341	0.266	0.125	0.0494
931	0.341	0.266	0.125	0.0495
932	0.341	0.266	0.125	0.0495
933	0.341	0.265	0.125	0.0494
934	0.341	0.266	0.125	0.0494
935	0.34	0.266	0.125	0.0495
936	0.341	0.265	0.125	0.0494
937	0.341	0.266	0.125	0.0494
938	0.34	0.266	0.125	0.0495
939	0.341	0.265	0.125	0.0493
940	0.34	0.266	0.125	0.0494
941	0.34	0.266	0.125	0.0495
942	0.341	0.265	0.125	0.0494
943	0.341	0.265	0.125	0.0493
944	0.34	0.266	0.125	0.0495
945	0.341	0.265	0.125	0.0494
946	0.341	0.265	0.125	0.0494
947	0.34	0.266	0.125	0.0495
948	0.341	0.265	0.125	0.0494
949	0.34	0.265	0.125	0.0494
950	0.34	0.266	0.125	0.0495
951	0.34	0.265	0.125	0.0494
952	0.34	0.265	0.125	0.0494
953	0.34	0.266	0.125	0.0495
954	0.34	0.265	0.125	0.0494
955	0.34	0.266	0.125	0.0494
956	0.34	0.266	0.125	0.0495
957	0.34	0.265	0.125	0.0494
958	0.34	0.265	0.125	0.0494
959	0.34	0.265	0.125	0.0494
960	0.34	0.265	0.125	0.0494
961	0.34	0.265	0.125	0.0494
962	0.339	0.266	0.125	0.0494
963	0.34	0.265	0.125	0.0494
964	0.34	0.265	0.125	0.0493
965	0.339	0.266	0.125	0.0495
966	0.34	0.265	0.125	0.0493
967	0.339	0.265	0.125	0.0494
968	0.339	0.266	0.125	0.0494
969	0.339	0.265	0.125	0.0494
970	0.339	0.265	0.125	0.0494
971	0.339	0.265	0.125	0.0494
972	0.339	0.265	0.125	0.0494
973	0.339	0.265	0.125	0.0493
974	0.339	0.265	0.125	0.0494
975	0.341	0.263	0.126	0.049
976	0.342	0.262	0.127	0.0486
977	0.341	0.262	0.127	0.0488
978	0.342	0.262	0.127	0.0487
979	0.342	0.262	0.127	0.0488
980	0.341	0.263	0.127	0.0488
981	0.342	0.262	0.126	0.0487
982	0.341	0.263	0.126	0.0488
983	0.341	0.263	0.126	0.0488
984	0.341	0.263	0.126	0.0488
985	0.341	0.263	0.126	0.0488
986	0.34	0.263	0.126	0.0489
987	0.341	0.263	0.126	0.0487
988	0.341	0.263	0.126	0.0488
989	0.341	0.263	0.126	0.0489
990	0.341	0.263	0.126	0.0487
991	0.341	0.263	0.126	0.0488
992	0.34	0.263	0.126	0.0489
993	0.341	0.263	0.126	0.0489
994	0.341	0.263	0.126	0.0488
995	0.34	0.263	0.126	0.0489
996	0.341	0.263	0.126	0.0488
997	0.34	0.263	0.126	0.0489
998	0.34	0.263	0.126	0.0489
999	0.34	0.263	0.126	0.0488
1000	0.34	0.263	0.126	0.0489
1001	0.34	0.263	0.126	0.0489
1002	0.34	0.263	0.126	0.0488
1003	0.34	0.263	0.126	0.049
1004	0.34	0.263	0.126	0.049
1005	0.34	0.263	0.126	0.0489
1006	0.34	0.263	0.126	0.0489
1007	0.339	0.263	0.126	0.049
1008	0.34	0.263	0.126	0.0489
1009	0.339	0.263	0.126	0.049
1010	0.339	0.263	0.126	0.0489
1011	0.339	0.263	0.126	0.0489
1012	0.339	0.263	0.126	0.0489
1013	0.339	0.263	0.126	0.049
1014	0.339	0.263	0.126	0.0488
1015	0.339	0.263	0.125	0.0489
1016	0.338	0.263	0.125	0.049
1017	0.339	0.263	0.125	0.0488
1018	0.339	0.263	0.125	0.0489
1019	0.338	0.263	0.125	0.049
1020	0.339	0.263	0.125	0.0489
1021	0.339	0.263	0.125	0.0489
1022	0.338	0.263	0.125	0.049
1023	0.339	0.263	0.125	0.0489
1024	0.338	0.263	0.125	0.049
1025	0.338	0.263	0.125	0.049
1026	0.339	0.263	0.125	0.0489
1027	0.338	0.263	0.125	0.0489
1028	0.338	0.263	0.125	0.049
1029	0.338	0.263	0.125	0.0489
1030	0.338	0.263	0.125	0.0489
1031	0.338	0.263	0.125	0.0489
1032	0.338	0.263	0.125	0.0488
1033	0.338	0.263	0.125	0.0489
1034	0.337	0.263	0.125	0.049
1035	0.338	0.263	0.125	0.0489
1036	0.338	0.263	0.125	0.0489
1037	0.338	0.263	0.125	0.049
1038	0.338	0.263	0.125	0.0489
1039	0.338	0.263	0.125	0.0489
1040	0.337	0.263	0.125	0.049
1041	0.337	0.263	0.125	0.049
1042	0.338	0.263	0.125	0.049
1043	0.337	0.263	0.125	0.049
1044	0.337	0.263	0.125	0.0489
1045	0.337	0.263	0.125	0.0489
1046	0.337	0.263	0.125	0.049
1047	0.337	0.263	0.125	0.049
1048	0.337	0.263	0.125	0.049
1049	0.336	0.263	0.125	0.049
1050	0.336	0.263	0.125	0.0491
1051	0.336	0.263	0.125	0.049
1052	0.336	0.263	0.125	0.0489
1053	0.336	0.263	0.125	0.049
1054	0.336	0.263	0.125	0.049
1055	0.336	0.263	0.125	0.049
1056	0.336	0.263	0.125	0.049
1057	0.336	0.263	0.125	0.049
1058	0.336	0.263	0.125	0.049
1059	0.336	0.263	0.125	0.049
1060	0.336	0.263	0.125	0.049
1061	0.336	0.263	0.125	0.049
1062	0.336	0.263	0.125	0.049
1063	0.336	0.263	0.125	0.049
1064	0.336	0.263	0.125	0.0489
1065	0.336	0.263	0.125	0.049
1066	0.336	0.263	0.125	0.049
1067	0.336	0.263	0.125	0.049
1068	0.336	0.263	0.125	0.049
1069	0.336	0.263	0.125	0.049
1070	0.335	0.263	0.125	0.049
1071	0.335	0.263	0.124	0.049
1072	0.335	0.263	0.125	0.049
1073	0.335	0.263	0.125	0.049
1074	0.335	0.263	0.125	0.0489
1075	0.335	0.263	0.125	0.0489
1076	0.335	0.263	0.125	0.0489
1077	0.335	0.263	0.125	0.049
1078	0.335	0.263	0.125	0.049
1079	0.335	0.263	0.125	0.049
1080	0.335	0.263	0.125	0.0489
1081	0.335	0.263	0.125	0.049
1082	0.335	0.263	0.125	0.049
1083	0.335	0.263	0.125	0.049
1084	0.335	0.263	0.125	0.0489
1085	0.335	0.263	0.125	0.049
1086	0.335	0.263	0.125	0.049
1087	0.335	0.263	0.125	0.049
1088	0.335	0.263	0.125	0.049
1089	0.334	0.263	0.124	0.049
1090	0.335	0.263	0.125	0.0489
1091	0.334	0.263	0.124	0.049
1092	0.334	0.263	0.124	0.0489
1093	0.334	0.263	0.124	0.049
1094	0.334	0.263	0.124	0.0489
1095	0.334	0.263	0.124	0.049
1096	0.334	0.263	0.124	0.0489
1097	0.334	0.263	0.124	0.049
1098	0.334	0.263	0.124	0.049
1099	0.334	0.263	0.124	0.0489
1100	0.334	0.263	0.124	0.0489
1101	0.334	0.263	0.124	0.049
1102	0.334	0.263	0.124	0.049
1103	0.334	0.263	0.124	0.049
1104	0.334	0.263	0.124	0.049
1105	0.334	0.263	0.124	0.0489
1106	0.334	0.263	0.124	0.0489
1107	0.334	0.263	0.124	0.0489
1108	0.333	0.263	0.124	0.049
1109	0.333	0.263	0.124	0.049
1110	0.334	0.263	0.124	0.0489
1111	0.333	0.263	0.124	0.049
1112	0.333	0.263	0.124	0.049
1113	0.333	0.263	0.124	0.049
1114	0.333	0.263	0.124	0.049
1115	0.333	0.263	0.124	0.049
1116	0.333	0.263	0.124	0.049
1117	0.333	0.263	0.124	0.049
1118	0.333	0.263	0.124	0.0489
1119	0.333	0.263	0.124	0.0489
1120	0.333	0.263	0.124	0.049
1121	0.333	0.263	0.124	0.049
1122	0.333	0.263	0.124	0.0489
1123	0.333	0.263	0.124	0.0489
1124	0.332	0.263	0.124	0.049
1125	0.332	0.263	0.124	0.0489
1126	0.332	0.263	0.124	0.049
1127	0.332	0.263	0.124	0.0489
1128	0.332	0.263	0.124	0.0489
1129	0.332	0.263	0.124	0.0489
1130	0.332	0.263	0.124	0.0489
1131	0.332	0.263	0.124	0.0489
1132	0.332	0.263	0.124	0.0489
1133	0.332	0.263	0.124	0.0489
1134	0.332	0.263	0.124	0.0489
1135	0.332	0.263	0.124	0.0489
1136	0.334	0.261	0.125	0.0485
1137	0.335	0.26	0.126	0.0482
1138	0.335	0.26	0.126	0.0482
1139	0.335	0.26	0.126	0.0483
1140	0.335	0.26	0.126	0.0483
1141	0.334	0.26	0.126	0.0484
1142	0.335	0.26	0.126	0.0483
1143	0.334	0.26	0.125	0.0483
1144	0.334	0.26	0.125	0.0483
1145	0.334	0.26	0.125	0.0484
1146	0.334	0.26	0.125	0.0484
1147	0.334	0.26	0.125	0.0484
1148	0.334	0.26	0.125	0.0484
1149	0.334	0.26	0.125	0.0484
1150	0.334	0.26	0.125	0.0485
1151	0.334	0.26	0.125	0.0485
1152	0.334	0.26	0.125	0.0485
1153	0.334	0.26	0.125	0.0484
1154	0.334	0.26	0.125	0.0484
1155	0.333	0.261	0.125	0.0485
1156	0.333	0.26	0.125	0.0484
1157	0.333	0.26	0.125	0.0485
1158	0.333	0.261	0.125	0.0485
1159	0.333	0.26	0.125	0.0484
1160	0.333	0.26	0.125	0.0485
1161	0.333	0.261	0.125	0.0485
1162	0.333	0.26	0.125	0.0485
1163	0.333	0.26	0.125	0.0485
1164	0.333	0.26	0.125	0.0485
1165	0.333	0.26	0.125	0.0485
1166	0.333	0.261	0.125	0.0486
1167	0.333	0.261	0.125	0.0486
1168	0.333	0.261	0.125	0.0486
1169	0.333	0.26	0.125	0.0485
1170	0.333	0.261	0.125	0.0486
1171	0.333	0.26	0.125	0.0485
1172	0.333	0.261	0.125	0.0485
1173	0.333	0.261	0.125	0.0485
1174	0.333	0.26	0.125	0.0485
1175	0.333	0.26	0.125	0.0485
1176	0.332	0.26	0.125	0.0485
1177	0.333	0.26	0.125	0.0485
1178	0.332	0.261	0.125	0.0485
1179	0.332	0.26	0.125	0.0485
1180	0.332	0.26	0.125	0.0484
1181	0.332	0.261	0.125	0.0485
1182	0.332	0.261	0.125	0.0485
1183	0.332	0.26	0.125	0.0485
1184	0.332	0.261	0.125	0.0485
1185	0.332	0.261	0.124	0.0486
1186	0.332	0.26	0.125	0.0485
1187	0.332	0.26	0.125	0.0485
1188	0.332	0.26	0.125	0.0485
1189	0.332	0.26	0.125	0.0485
1190	0.332	0.26	0.124	0.0485
1191	0.332	0.26	0.124	0.0485
1192	0.331	0.26	0.124	0.0485
1193	0.331	0.26	0.124	0.0485
1194	0.332	0.26	0.124	0.0485
1195	0.332	0.26	0.124	0.0485
1196	0.331	0.26	0.124	0.0485
1197	0.331	0.26	0.124	0.0485
1198	0.331	0.26	0.124	0.0485
1199	0.331	0.26	0.124	0.0485
1200	0.331	0.26	0.124	0.0485
1201	0.331	0.26	0.124	0.0484
1202	0.331	0.26	0.124	0.0485
1203	0.331	0.261	0.124	0.0485
1204	0.331	0.26	0.124	0.0485
1205	0.331	0.261	0.124	0.0486
1206	0.331	0.26	0.124	0.0486
1207	0.331	0.26	0.124	0.0484
1208	0.331	0.26	0.124	0.0486
1209	0.33	0.26	0.124	0.0485
1210	0.331	0.26	0.124	0.0485
1211	0.33	0.26	0.124	0.0485
1212	0.33	0.26	0.124	0.0486
1213	0.331	0.26	0.124	0.0485
1214	0.33	0.26	0.124	0.0486
1215	0.33	0.261	0.124	0.0486
1216	0.33	0.26	0.124	0.0485
1217	0.33	0.261	0.124	0.0486
1218	0.33	0.261	0.124	0.0486
1219	0.33	0.26	0.124	0.0484
1220	0.33	0.26	0.124	0.0485
1221	0.33	0.261	0.124	0.0486
1222	0.33	0.26	0.124	0.0485
1223	0.33	0.26	0.124	0.0485
1224	0.33	0.26	0.124	0.0485
1225	0.33	0.26	0.124	0.0485
1226	0.329	0.261	0.124	0.0486
1227	0.329	0.26	0.124	0.0486
1228	0.33	0.26	0.124	0.0485
1229	0.33	0.26	0.124	0.0485
1230	0.329	0.26	0.124	0.0486
1231	0.33	0.26	0.124	0.0485
1232	0.329	0.261	0.124	0.0486
1233	0.329	0.26	0.124	0.0486
1234	0.329	0.26	0.124	0.0485
1235	0.329	0.26	0.124	0.0485
1236	0.329	0.26	0.124	0.0485
1237	0.329	0.26	0.124	0.0485
1238	0.329	0.26	0.124	0.0485
1239	0.329	0.26	0.124	0.0486
1240	0.329	0.26	0.124	0.0485
1241	0.329	0.26	0.124	0.0485
1242	0.329	0.26	0.124	0.0485
1243	0.329	0.26	0.124	0.0485
1244	0.329	0.26	0.124	0.0485
1245	0.329	0.26	0.124	0.0485
1246	0.329	0.26	0.124	0.0486
1247	0.329	0.26	0.124	0.0486
1248	0.329	0.26	0.124	0.0485
1249	0.329	0.26	0.124	0.0485
1250	0.328	0.26	0.124	0.0486
1251	0.329	0.26	0.124	0.0485
1252	0.328	0.26	0.124	0.0485
1253	0.328	0.261	0.123	0.0486
1254	0.328	0.26	0.124	0.0486
1255	0.328	0.26	0.124	0.0485
1256	0.328	0.26	0.124	0.0486
1257	0.328	0.26	0.124	0.0485
1258	0.328	0.26	0.124	0.0485
1259	0.328	0.26	0.124	0.0485
1260	0.328	0.26	0.123	0.0485
1261	0.328	0.26	0.124	0.0484
1262	0.328	0.26	0.124	0.0485
1263	0.328	0.26	0.123	0.0486
1264	0.328	0.26	0.123	0.0485
1265	0.327	0.26	0.123	0.0486
1266	0.327	0.26	0.123	0.0485
1267	0.328	0.26	0.124	0.0485
1268	0.327	0.26	0.123	0.0485
1269	0.328	0.26	0.123	0.0486
1270	0.328	0.26	0.123	0.0485
1271	0.328	0.26	0.123	0.0486
1272	0.329	0.258	0.125	0.0482
1273	0.33	0.257	0.126	0.0478
1274	0.331	0.257	0.126	0.0479
1275	0.331	0.257	0.126	0.0479
1276	0.33	0.257	0.125	0.0479
1277	0.33	0.257	0.125	0.0479
1278	0.33	0.258	0.125	0.048
1279	0.33	0.257	0.125	0.0479
1280	0.33	0.258	0.125	0.048
1281	0.33	0.258	0.125	0.048
1282	0.33	0.258	0.125	0.048
1283	0.33	0.258	0.125	0.048
1284	0.33	0.257	0.125	0.048
1285	0.33	0.257	0.125	0.0479
1286	0.33	0.258	0.125	0.048
1287	0.329	0.258	0.125	0.048
1288	0.33	0.258	0.125	0.048
1289	0.329	0.258	0.125	0.0481
1290	0.329	0.258	0.125	0.0481
1291	0.329	0.258	0.125	0.048
1292	0.329	0.258	0.125	0.0481
1293	0.329	0.258	0.125	0.048
1294	0.329	0.258	0.125	0.0481
1295	0.329	0.258	0.125	0.0481
1296	0.329	0.258	0.125	0.048
1297	0.329	0.258	0.125	0.048
1298	0.329	0.258	0.125	0.0481
1299	0.329	0.258	0.125	0.048
1300	0.329	0.258	0.125	0.0481
1301	0.328	0.258	0.124	0.0482
1302	0.329	0.258	0.125	0.048
1303	0.329	0.258	0.125	0.0481
1304	0.328	0.258	0.124	0.0481
1305	0.329	0.258	0.124	0.048
1306	0.328	0.258	0.124	0.0481
1307	0.328	0.258	0.124	0.0481
1308	0.329	0.258	0.124	0.048
1309	0.328	0.258	0.124	0.0481
1310	0.328	0.258	0.124	0.0482
1311	0.328	0.258	0.124	0.0481
1312	0.328	0.258	0.124	0.0481
1313	0.328	0.258	0.124	0.0482
1314	0.328	0.258	0.124	0.0481
1315	0.328	0.258	0.124	0.0481
1316	0.328	0.258	0.124	0.0482
1317	0.328	0.258	0.124	0.0481
1318	0.328	0.258	0.124	0.0481
1319	0.328	0.258	0.124	0.0482
1320	0.328	0.258	0.124	0.0481
1321	0.328	0.258	0.124	0.0482
1322	0.327	0.258	0.124	0.0482
1323	0.328	0.258	0.124	0.0481
1324	0.328	0.258	0.124	0.0481
1325	0.328	0.258	0.124	0.0481
1326	0.327	0.258	0.124	0.0481
1327	0.327	0.258	0.124	0.0481
1328	0.327	0.258	0.124	0.0482
1329	0.327	0.258	0.124	0.0481
1330	0.327	0.258	0.124	0.0481
1331	0.327	0.258	0.124	0.0482
1332	0.327	0.258	0.124	0.048
1333	0.327	0.258	0.124	0.0481
1334	0.327	0.258	0.124	0.0481
1335	0.327	0.258	0.124	0.0481
1336	0.327	0.258	0.124	0.0481
1337	0.327	0.258	0.124	0.0481
1338	0.327	0.258	0.124	0.0482
1339	0.327	0.258	0.124	0.0481
1340	0.327	0.258	0.124	0.0482
1341	0.327	0.258	0.124	0.0482
1342	0.327	0.258	0.124	0.0482
1343	0.326	0.258	0.124	0.0482
1344	0.327	0.258	0.124	0.0481
1345	0.326	0.258	0.124	0.0481
1346	0.326	0.258	0.124	0.0482
1347	0.326	0.258	0.124	0.0481
1348	0.326	0.258	0.124	0.0481
1349	0.326	0.258	0.124	0.0482
1350	0.326	0.258	0.124	0.0481
1351	0.326	0.258	0.124	0.0481
1352	0.326	0.258	0.124	0.0482
1353	0.326	0.258	0.124	0.0481
1354	0.326	0.258	0.124	0.0482
1355	0.326	0.258	0.124	0.0482
1356	0.326	0.258	0.124	0.0482
1357	0.326	0.258	0.124	0.0482
1358	0.326	0.258	0.124	0.0482
1359	0.326	0.258	0.124	0.0481
1360	0.326	0.258	0.124	0.0482
1361	0.326	0.258	0.124	0.0483
1362	0.326	0.258	0.124	0.0482
1363	0.326	0.258	0.124	0.0482
1364	0.325	0.258	0.123	0.0483
1365	0.326	0.258	0.124	0.0482
1366	0.326	0.258	0.124	0.0482
1367	0.325	0.258	0.123	0.0482
1368	0.326	0.258	0.124	0.0482
1369	0.326	0.258	0.124	0.0482
1370	0.325	0.258	0.123	0.0483
1371	0.326	0.258	0.124	0.0481
1372	0.325	0.258	0.123	0.0481
1373	0.325	0.258	0.123	0.0482
1374	0.326	0.258	0.124	0.0481
1375	0.325	0.258	0.124	0.0482
1376	0.325	0.258	0.124	0.0482
1377	0.325	0.258	0.124	0.0481
1378	0.325	0.258	0.123	0.0482
1379	0.325	0.258	0.123	0.0483
1380	0.325	0.258	0.123	0.0481
1381	0.325	0.258	0.124	0.0481
1382	0.325	0.258	0.123	0.0482
1383	0.325	0.258	0.123	0.0482
1384	0.325	0.258	0.123	0.0482
1385	0.324	0.258	0.123	0.0482
1386	0.324	0.258	0.123	0.0482
1387	0.325	0.258	0.123	0.0481
1388	0.324	0.258	0.123	0.0482
1389	0.325	0.258	0.123	0.0481
1390	0.324	0.258	0.123	0.0482
1391	0.324	0.258	0.123	0.0482
1392	0.325	0.258	0.123	0.0481
1393	0.325	0.258	0.123	0.0482
1394	0.324	0.258	0.123	0.0482
1395	0.325	0.258	0.123	0.0482
1396	0.324	0.258	0.123	0.0482
1397	0.324	0.258	0.123	0.0483
1398	0.325	0.258	0.123	0.0481
1399	0.324	0.258	0.123	0.0482
1400	0.324	0.258	0.123	0.0482
1401	0.324	0.258	0.123	0.0482
1402	0.324	0.258	0.123	0.0482
1403	0.324	0.258	0.123	0.0482
1404	0.324	0.258	0.123	0.0482
1405	0.324	0.258	0.123	0.0481
1406	0.323	0.258	0.123	0.0483
1407	0.324	0.258	0.123	0.0482
1408	0.324	0.258	0.123	0.0482
1409	0.323	0.258	0.123	0.0482
1410	0.324	0.258	0.123	0.0482
1411	0.323	0.258	0.123	0.0482
1412	0.323	0.258	0.123	0.0482
1413	0.324	0.258	0.123	0.0481
1414	0.324	0.258	0.123	0.0482
1415	0.323	0.258	0.123	0.0482
1416	0.323	0.258	0.123	0.0482
1417	0.323	0.258	0.123	0.0482
1418	0.323	0.258	0.123	0.0482
1419	0.323	0.258	0.123	0.0481
1420	0.323	0.258	0.123	0.0481
1421	0.323	0.258	0.123	0.0481
1422	0.323	0.258	0.123	0.0482
1423	0.323	0.258	0.123	0.0482
1424	0.323	0.258	0.123	0.0482
1425	0.323	0.258	0.123	0.0482
1426	0.323	0.258	0.123	0.0481
1427	0.323	0.258	0.123	0.0482
1428	0.323	0.258	0.123	0.0482
1429	0.323	0.258	0.123	0.0482
1430	0.323	0.258	0.123	0.0482
1431	0.323	0.258	0.123	0.0482
1432	0.322	0.258	0.123	0.0482
1433	0.322	0.258	0.123	0.0482
1434	0.322	0.258	0.123	0.0482
1435	0.322	0.258	0.123	0.0482
1436	0.322	0.258	0.123	0.0482
1437	0.322	0.258	0.123	0.0482
1438	0.322	0.258	0.123	0.0482
1439	0.322	0.258	0.123	0.0482
1440	0.322	0.258	0.123	0.0481
1441	0.322	0.258	0.123	0.0482
1442	0.322	0.258	0.123	0.0482
1443	0.322	0.258	0.123	0.0482
1444	0.322	0.258	0.123	0.0482
1445	0.322	0.258	0.123	0.0483
1446	0.323	0.256	0.124	0.0478
1447	0.325	0.255	0.125	0.0475
1448	0.325	0.255	0.125	0.0475
1449	0.325	0.255	0.125	0.0476
1450	0.325	0.255	0.125	0.0476
1451	0.325	0.255	0.125	0.0476
1452	0.325	0.255	0.124	0.0477
1453	0.325	0.255	0.124	0.0477
1454	0.325	0.255	0.124	0.0477
1455	0.324	0.255	0.124	0.0476
1456	0.325	0.255	0.124	0.0476
1457	0.324	0.255	0.124	0.0477
1458	0.325	0.255	0.124	0.0476
1459	0.324	0.255	0.124	0.0476
1460	0.324	0.255	0.124	0.0477
1461	0.324	0.255	0.124	0.0477
1462	0.324	0.255	0.124	0.0477
1463	0.324	0.255	0.124	0.0477
1464	0.324	0.255	0.124	0.0477
1465	0.324	0.255	0.124	0.0477
1466	0.324	0.255	0.124	0.0478
1467	0.324	0.255	0.124	0.0477
1468	0.324	0.255	0.124	0.0477
1469	0.324	0.255	0.124	0.0477
1470	0.324	0.255	0.124	0.0477
1471	0.324	0.255	0.124	0.0477
1472	0.323	0.256	0.124	0.0478
1473	0.323	0.256	0.124	0.0478
1474	0.324	0.255	0.124	0.0477
1475	0.323	0.256	0.124	0.0477
1476	0.323	0.256	0.124	0.0478
1477	0.323	0.256	0.124	0.0478
1478	0.323	0.255	0.124	0.0477
1479	0.323	0.256	0.124	0.0478
1480	0.323	0.256	0.124	0.0478
1481	0.323	0.256	0.124	0.0478
1482	0.323	0.256	0.124	0.0478
1483	0.323	0.256	0.124	0.0478
1484	0.323	0.256	0.124	0.0478
1485	0.323	0.256	0.124	0.0478
1486	0.323	0.256	0.124	0.0478
1487	0.323	0.256	0.124	0.0478
1488	0.323	0.256	0.124	0.0478
1489	0.323	0.256	0.124	0.0478
1490	0.323	0.256	0.124	0.0478
1491	0.323	0.256	0.123	0.0478
1492	0.323	0.256	0.123	0.0479
1493	0.323	0.256	0.123	0.0479
1494	0.322	0.256	0.123	0.0478
1495	0.323	0.256	0.123	0.0478
1496	0.322	0.256	0.123	0.0479
1497	0.322	0.256	0.123	0.0478
1498	0.323	0.256	0.123	0.0478
1499	0.322	0.256	0.123	0.0478
1500	0.322	0.256	0.123	0.0479
1501	0.322	0.256	0.123	0.0478
1502	0.322	0.256	0.123	0.0478
1503	0.322	0.256	0.123	0.0478
1504	0.322	0.256	0.123	0.0478
1505	0.322	0.256	0.123	0.0478
1506	0.322	0.256	0.123	0.0478
1507	0.322	0.256	0.123	0.0478
1508	0.322	0.256	0.123	0.0479
1509	0.322	0.256	0.123	0.0478
1510	0.322	0.256	0.123	0.0478
1511	0.322	0.256	0.123	0.0479
1512	0.322	0.256	0.123	0.0479
1513	0.321	0.256	0.123	0.0479
1514	0.322	0.256	0.123	0.0479
1515	0.322	0.256	0.123	0.0479
1516	0.321	0.256	0.123	0.0478
1517	0.321	0.256	0.123	0.0478
1518	0.321	0.256	0.123	0.0478
1519	0.321	0.256	0.123	0.0479
1520	0.321	0.256	0.123	0.0478
1521	0.321	0.256	0.123	0.0478
1522	0.321	0.256	0.123	0.0478
1523	0.321	0.256	0.123	0.0479
1524	0.321	0.256	0.123	0.0478
1525	0.321	0.256	0.123	0.0478
1526	0.321	0.256	0.123	0.0479
1527	0.321	0.256	0.123	0.0478
1528	0.321	0.256	0.123	0.0479
1529	0.321	0.256	0.123	0.0479
1530	0.321	0.256	0.123	0.0479
1531	0.321	0.256	0.123	0.0478
1532	0.321	0.256	0.123	0.0479
1533	0.321	0.256	0.123	0.0479
1534	0.321	0.256	0.123	0.0479
1535	0.321	0.256	0.123	0.0479
1536	0.321	0.256	0.123	0.0479
1537	0.32	0.256	0.123	0.0479
1538	0.321	0.256	0.123	0.0479
1539	0.32	0.256	0.123	0.0479
1540	0.32	0.256	0.123	0.0479
1541	0.32	0.256	0.123	0.0479
1542	0.32	0.256	0.123	0.0479
1543	0.32	0.256	0.123	0.0478
1544	0.321	0.256	0.123	0.0478
1545	0.32	0.256	0.123	0.0479
1546	0.32	0.256	0.123	0.0479
1547	0.32	0.256	0.123	0.0479
1548	0.32	0.256	0.123	0.0478
1549	0.32	0.256	0.123	0.0478
1550	0.32	0.256	0.123	0.0478
1551	0.32	0.256	0.123	0.0479
1552	0.32	0.256	0.123	0.0479
1553	0.32	0.256	0.123	0.0479
1554	0.32	0.256	0.123	0.0479
1555	0.32	0.256	0.123	0.0478
1556	0.32	0.256	0.123	0.0478
1557	0.32	0.256	0.123	0.0478
1558	0.319	0.256	0.122	0.0479
1559	0.32	0.256	0.123	0.0478
1560	0.319	0.256	0.122	0.0479
1561	0.32	0.256	0.123	0.0478
1562	0.32	0.256	0.122	0.0478
1563	0.319	0.256	0.122	0.0479
1564	0.319	0.256	0.122	0.0479
1565	0.32	0.256	0.123	0.0478
1566	0.319	0.256	0.122	0.0478
1567	0.319	0.256	0.122	0.0479
1568	0.32	0.256	0.123	0.0478
1569	0.319	0.256	0.122	0.0479
1570	0.319	0.256	0.122	0.0479
1571	0.32	0.256	0.122	0.0478
1572	0.319	0.256	0.122	0.0479
1573	0.319	0.256	0.122	0.0479
1574	0.319	0.256	0.122	0.0478
1575	0.319	0.256	0.122	0.0479
1576	0.319	0.256	0.122	0.0479
1577	0.319	0.256	0.122	0.0478
1578	0.319	0.256	0.122	0.0479
1579	0.319	0.256	0.122	0.0478
1580	0.319	0.256	0.122	0.0478
1581	0.319	0.256	0.122	0.0479
1582	0.319	0.256	0.122	0.0479
1583	0.319	0.256	0.122	0.0478
1584	0.319	0.256	0.122	0.0478
1585	0.319	0.256	0.122	0.0478
1586	0.319	0.256	0.122	0.0478
1587	0.319	0.256	0.122	0.0478
1588	0.319	0.256	0.122	0.0479
1589	0.319	0.256	0.122	0.0478
1590	0.319	0.256	0.122	0.0478
1591	0.318	0.256	0.122	0.0479
1592	0.319	0.256	0.122	0.0478
1593	0.318	0.256	0.122	0.0479
1594	0.318	0.256	0.122	0.0479
1595	0.319	0.256	0.122	0.0479
