Iteration	ValueMean	ValueStddev	DerivMean	DerivStddev
5	0.513	0.275	0.159	0.0633
6	0.5	0.277	0.161	0.0619
7	0.5	0.274	0.161	0.0596
8	0.501	0.275	0.16	0.0596
9	0.5	0.274	0.16	0.0594
10	0.499	0.273	0.16	0.0586
11	0.498	0.272	0.161	0.0578
12	0.497	0.271	0.16	0.0573
13	0.496	0.27	0.16	0.0568
14	0.496	0.269	0.16	0.0563
15	0.495	0.268	0.16	0.0559
16	0.493	0.268	0.16	0.0557
17	0.494	0.268	0.16	0.0555
18	0.493	0.268	0.159	0.0553
19	0.492	0.267	0.159	0.055
20	0.491	0.267	0.159	0.0548
21	0.491	0.267	0.158	0.0546
22	0.491	0.267	0.158	0.0544
23	0.491	0.267	0.158	0.0542
24	0.49	0.267	0.158	0.0539
25	0.49	0.266	0.157	0.0535
26	0.488	0.266	0.157	0.0536
27	0.488	0.266	0.157	0.0535
28	0.487	0.266	0.157	0.0534
29	0.487	0.266	0.157	0.0533
30	0.487	0.266	0.156	0.0531
31	0.486	0.266	0.156	0.0529
32	0.486	0.266	0.156	0.0527
33	0.485	0.266	0.156	0.0528
34	0.484	0.266	0.156	0.0526
35	0.483	0.266	0.156	0.0525
36	0.483	0.265	0.156	0.0523
37	0.483	0.265	0.155	0.0523
38	0.483	0.265	0.155	0.0522
39	0.483	0.265	0.155	0.0522
40	0.482	0.265	0.155	0.052
41	0.482	0.265	0.154	0.0519
42	0.481	0.265	0.154	0.052
43	0.481	0.265	0.154	0.0519
44	0.48	0.265	0.154	0.0518
45	0.48	0.265	0.154	0.0517
46	0.48	0.265	0.154	0.0516
47	0.479	0.265	0.154	0.0516
48	0.479	0.265	0.154	0.0515
49	0.478	0.265	0.153	0.0514
50	0.478	0.265	0.153	0.0513
51	0.478	0.265	0.153	0.0513
52	0.477	0.265	0.153	0.0514
53	0.476	0.265	0.153	0.0513
54	0.475	0.265	0.153	0.0512
55	0.475	0.265	0.153	0.0513
56	0.475	0.265	0.153	0.0512
57	0.474	0.265	0.152	0.0512
58	0.474	0.265	0.152	0.0512
59	0.473	0.265	0.152	0.0512
60	0.472	0.265	0.152	0.0512
61	0.472	0.265	0.152	0.0512
62	0.472	0.265	0.152	0.0512
63	0.471	0.266	0.152	0.0511
64	0.47	0.266	0.152	0.0511
65	0.47	0.266	0.152	0.0511
66	0.471	0.265	0.152	0.051
67	0.47	0.265	0.152	0.051
68	0.47	0.265	0.151	0.051
69	0.47	0.265	0.151	0.0509
70	0.469	0.265	0.151	0.0509
71	0.469	0.265	0.151	0.0509
72	0.468	0.266	0.151	0.051
73	0.468	0.266	0.151	0.0509
74	0.467	0.266	0.151	0.0509
75	0.468	0.266	0.151	0.0509
76	0.467	0.266	0.151	0.0508
77	0.467	0.266	0.15	0.0509
78	0.467	0.266	0.15	0.0509
79	0.466	0.265	0.15	0.0507
80	0.465	0.266	0.15	0.0508
81	0.465	0.266	0.15	0.0508
82	0.465	0.265	0.15	0.0507
83	0.464	0.266	0.15	0.0508
84	0.464	0.266	0.15	0.0506
85	0.464	0.265	0.15	0.0506
86	0.464	0.266	0.15	0.0507
87	0.463	0.266	0.15	0.0507
88	0.462	0.266	0.15	0.0508
89	0.462	0.266	0.15	0.0507
90	0.462	0.266	0.15	0.0506
91	0.461	0.266	0.15	0.0507
92	0.461	0.266	0.149	0.0508
93	0.462	0.266	0.15	0.0507
94	0.46	0.266	0.15	0.0508
95	0.46	0.266	0.15	0.0508
96	0.46	0.266	0.149	0.0508
97	0.459	0.266	0.149	0.0507
98	0.458	0.266	0.149	0.0508
99	0.458	0.266	0.149	0.0509
100	0.458	0.266	0.149	0.0509
101	0.458	0.266	0.149	0.0509
102	0.458	0.266	0.149	0.051
103	0.457	0.267	0.149	0.051
104	0.457	0.267	0.149	0.051
105	0.457	0.266	0.149	0.0509
106	0.456	0.266	0.149	0.0509
107	0.456	0.266	0.149	0.0508
108	0.456	0.266	0.149	0.0509
109	0.455	0.266	0.149	0.0509
110	0.455	0.266	0.149	0.0508
111	0.455	0.266	0.149	0.0509
112	0.454	0.266	0.148	0.0509
113	0.454	0.266	0.148	0.0509
114	0.454	0.266	0.148	0.0509
115	0.453	0.266	0.148	0.0508
116	0.453	0.266	0.148	0.0509
117	0.453	0.266	0.148	0.0509
118	0.452	0.266	0.148	0.051
119	0.452	0.266	0.148	0.051
120	0.452	0.267	0.148	0.0511
121	0.451	0.266	0.148	0.0511
122	0.451	0.266	0.148	0.0511
123	0.451	0.266	0.148	0.0511
124	0.45	0.267	0.148	0.0511
125	0.449	0.266	0.148	0.0511
126	0.449	0.267	0.148	0.0512
127	0.448	0.266	0.148	0.0511
128	0.448	0.266	0.148	0.0511
129	0.448	0.267	0.148	0.0512
130	0.447	0.266	0.148	0.0511
131	0.447	0.266	0.148	0.0511
132	0.448	0.266	0.148	0.0512
133	0.447	0.266	0.148	0.0512
134	0.447	0.266	0.147	0.0511
135	0.447	0.266	0.147	0.0512
136	0.446	0.266	0.147	0.0512
137	0.446	0.266	0.147	0.0512
138	0.446	0.266	0.147	0.0513
139	0.445	0.266	0.147	0.0513
140	0.445	0.266	0.147	0.0513
141	0.445	0.266	0.147	0.0513
142	0.444	0.266	0.147	0.0513
143	0.444	0.266	0.147	0.0513
144	0.443	0.266	0.147	0.0513
145	0.443	0.267	0.147	0.0514
146	0.443	0.267	0.147	0.0514
147	0.443	0.266	0.147	0.0513
148	0.442	0.266	0.147	0.0513
149	0.442	0.266	0.147	0.0513
150	0.441	0.266	0.147	0.0513
151	0.441	0.266	0.147	0.0513
152	0.441	0.266	0.147	0.0514
153	0.441	0.266	0.147	0.0514
154	0.44	0.266	0.147	0.0514
155	0.44	0.266	0.147	0.0514
156	0.44	0.266	0.147	0.0515
157	0.439	0.266	0.147	0.0514
158	0.439	0.266	0.147	0.0514
159	0.439	0.266	0.147	0.0515
160	0.438	0.266	0.147	0.0514
161	0.438	0.266	0.146	0.0515
162	0.438	0.266	0.146	0.0514
163	0.437	0.266	0.146	0.0514
164	0.437	0.266	0.146	0.0515
165	0.437	0.266	0.146	0.0515
166	0.435	0.266	0.146	0.0515
167	0.436	0.266	0.146	0.0516
168	0.436	0.266	0.146	0.0515
169	0.435	0.266	0.146	0.0516
170	0.435	0.266	0.146	0.0516
171	0.436	0.266	0.146	0.0516
172	0.435	0.266	0.146	0.0516
173	0.434	0.265	0.146	0.0516
174	0.434	0.266	0.146	0.0516
175	0.433	0.266	0.146	0.0517
176	0.433	0.266	0.146	0.0517
177	0.433	0.266	0.146	0.0517
178	0.432	0.266	0.146	0.0517
179	0.432	0.265	0.146	0.0516
180	0.433	0.265	0.146	0.0516
181	0.431	0.265	0.146	0.0518
182	0.432	0.266	0.146	0.0517
183	0.432	0.265	0.146	0.0517
184	0.431	0.265	0.146	0.0517
185	0.431	0.265	0.146	0.0517
186	0.431	0.265	0.146	0.0517
187	0.431	0.265	0.146	0.0517
188	0.43	0.265	0.146	0.0517
189	0.43	0.265	0.146	0.0518
190	0.43	0.265	0.146	0.0518
191	0.429	0.265	0.146	0.0519
192	0.429	0.265	0.146	0.0518
193	0.429	0.265	0.146	0.0518
194	0.428	0.265	0.146	0.0518
195	0.428	0.265	0.145	0.0518
196	0.428	0.265	0.146	0.0518
197	0.427	0.265	0.145	0.052
198	0.427	0.265	0.145	0.0519
199	0.427	0.265	0.145	0.0519
200	0.427	0.265	0.145	0.0519
201	0.427	0.265	0.145	0.0519
202	0.427	0.265	0.145	0.052
203	0.426	0.265	0.145	0.052
204	0.427	0.265	0.145	0.0519
205	0.426	0.265	0.145	0.052
206	0.425	0.265	0.145	0.052
207	0.425	0.265	0.145	0.052
208	0.425	0.265	0.145	0.0519
209	0.425	0.265	0.145	0.052
210	0.425	0.264	0.145	0.0519
211	0.424	0.265	0.145	0.052
212	0.424	0.265	0.145	0.052
213	0.424	0.265	0.145	0.052
214	0.424	0.264	0.145	0.052
215	0.423	0.264	0.145	0.052
216	0.423	0.264	0.145	0.052
217	0.422	0.264	0.145	0.0521
218	0.422	0.264	0.145	0.0521
219	0.422	0.264	0.145	0.052
220	0.422	0.264	0.145	0.0521
221	0.421	0.264	0.145	0.0521
222	0.422	0.264	0.145	0.0521
223	0.421	0.264	0.145	0.0522
224	0.421	0.264	0.145	0.0522
225	0.421	0.264	0.145	0.0521
226	0.421	0.264	0.145	0.0522
227	0.42	0.264	0.145	0.0522
228	0.42	0.264	0.145	0.0521
229	0.42	0.264	0.145	0.0521
230	0.419	0.264	0.145	0.0522
231	0.419	0.264	0.145	0.0522
232	0.419	0.264	0.145	0.0522
233	0.419	0.264	0.145	0.0522
234	0.418	0.264	0.145	0.0523
235	0.418	0.264	0.145	0.0522
236	0.418	0.264	0.145	0.0522
237	0.418	0.264	0.145	0.0522
238	0.417	0.264	0.145	0.0523
239	0.417	0.263	0.144	0.0522
240	0.417	0.264	0.144	0.0523
241	0.417	0.263	0.145	0.0522
242	0.416	0.263	0.145	0.0522
243	0.416	0.263	0.144	0.0523
244	0.416	0.264	0.145	0.0523
245	0.415	0.263	0.144	0.0522
246	0.415	0.263	0.144	0.0522
247	0.415	0.263	0.144	0.0522
248	0.414	0.263	0.144	0.0522
249	0.415	0.263	0.144	0.0522
250	0.414	0.263	0.144	0.0523
251	0.414	0.263	0.144	0.0523
252	0.414	0.263	0.144	0.0523
253	0.413	0.263	0.144	0.0523
254	0.413	0.263	0.144	0.0523
255	0.413	0.263	0.144	0.0523
256	0.412	0.263	0.144	0.0524
257	0.412	0.263	0.144	0.0525
258	0.412	0.263	0.144	0.0524
259	0.412	0.263	0.144	0.0524
260	0.411	0.263	0.144	0.0524
261	0.411	0.262	0.144	0.0523
262	0.411	0.262	0.144	0.0524
263	0.41	0.262	0.144	0.0525
264	0.411	0.262	0.144	0.0524
265	0.411	0.262	0.144	0.0525
266	0.41	0.262	0.144	0.0525
267	0.41	0.262	0.144	0.0525
268	0.41	0.262	0.144	0.0526
269	0.409	0.262	0.144	0.0525
270	0.41	0.262	0.144	0.0525
271	0.409	0.262	0.144	0.0526
272	0.409	0.262	0.144	0.0525
273	0.409	0.262	0.144	0.0525
274	0.409	0.262	0.144	0.0526
275	0.408	0.262	0.144	0.0526
276	0.408	0.262	0.144	0.0526
277	0.408	0.262	0.144	0.0526
278	0.407	0.262	0.144	0.0526
279	0.407	0.262	0.144	0.0526
280	0.407	0.262	0.144	0.0526
281	0.407	0.262	0.144	0.0526
282	0.407	0.262	0.144	0.0527
283	0.406	0.262	0.144	0.0527
284	0.406	0.262	0.144	0.0527
285	0.405	0.261	0.144	0.0526
286	0.405	0.262	0.144	0.0527
287	0.405	0.262	0.143	0.0527
288	0.405	0.261	0.143	0.0527
289	0.405	0.262	0.143	0.0528
290	0.404	0.262	0.143	0.0527
291	0.404	0.261	0.143	0.0528
292	0.404	0.261	0.143	0.0527
293	0.404	0.261	0.143	0.0528
294	0.404	0.261	0.143	0.0528
295	0.404	0.261	0.143	0.0528
296	0.403	0.262	0.143	0.0529
297	0.403	0.261	0.143	0.0528
298	0.403	0.261	0.143	0.0528
299	0.402	0.261	0.143	0.0528
300	0.403	0.261	0.143	0.0528
301	0.402	0.261	0.143	0.0529
302	0.401	0.261	0.143	0.053
303	0.401	0.261	0.143	0.0529
304	0.402	0.261	0.143	0.0529
305	0.401	0.261	0.143	0.0529
306	0.401	0.261	0.143	0.053
307	0.401	0.261	0.143	0.053
308	0.401	0.261	0.143	0.0531
309	0.401	0.261	0.143	0.053
310	0.4	0.261	0.143	0.053
311	0.4	0.261	0.143	0.053
312	0.4	0.261	0.143	0.053
313	0.4	0.261	0.143	0.0529
314	0.399	0.261	0.143	0.053
315	0.399	0.26	0.143	0.0529
316	0.399	0.261	0.143	0.053
317	0.399	0.261	0.143	0.053
318	0.399	0.261	0.143	0.0531
319	0.398	0.261	0.143	0.0531
320	0.398	0.261	0.143	0.0532
321	0.398	0.26	0.143	0.0531
322	0.398	0.26	0.143	0.0531
323	0.398	0.26	0.143	0.053
324	0.397	0.26	0.143	0.0531
325	0.397	0.26	0.143	0.0531
326	0.397	0.26	0.143	0.0531
327	0.397	0.26	0.143	0.0531
328	0.397	0.26	0.143	0.0531
329	0.397	0.26	0.143	0.0531
330	0.396	0.26	0.142	0.0531
331	0.396	0.26	0.142	0.0531
332	0.396	0.26	0.142	0.0531
333	0.396	0.26	0.142	0.0531
334	0.396	0.26	0.142	0.0532
335	0.395	0.26	0.142	0.0532
336	0.395	0.26	0.142	0.0532
337	0.395	0.26	0.142	0.0531
338	0.395	0.26	0.142	0.0532
339	0.395	0.26	0.142	0.0531
340	0.395	0.26	0.142	0.0531
341	0.394	0.26	0.142	0.0532
342	0.394	0.26	0.142	0.0532
343	0.394	0.26	0.142	0.0532
344	0.394	0.26	0.142	0.0532
345	0.394	0.26	0.142	0.0532
346	0.393	0.26	0.142	0.0532
347	0.393	0.26	0.142	0.0532
348	0.392	0.259	0.142	0.0532
349	0.392	0.259	0.142	0.0532
350	0.392	0.259	0.142	0.0532
351	0.392	0.259	0.142	0.0532
352	0.392	0.259	0.142	0.0533
353	0.392	0.259	0.142	0.0532
354	0.392	0.259	0.142	0.0533
355	0.392	0.259	0.142	0.0533
356	0.391	0.259	0.142	0.0533
357	0.391	0.259	0.142	0.0532
358	0.39	0.259	0.142	0.0532
359	0.391	0.259	0.142	0.0532
360	0.39	0.259	0.142	0.0533
361	0.39	0.259	0.142	0.0533
362	0.39	0.259	0.142	0.0534
363	0.39	0.259	0.142	0.0534
364	0.389	0.259	0.142	0.0533
365	0.39	0.259	0.142	0.0533
366	0.39	0.259	0.142	0.0533
367	0.389	0.259	0.142	0.0534
368	0.388	0.259	0.142	0.0534
369	0.388	0.259	0.142	0.0533
370	0.388	0.259	0.142	0.0534
371	0.388	0.259	0.142	0.0534
372	0.388	0.259	0.142	0.0533
373	0.388	0.259	0.141	0.0533
374	0.387	0.258	0.141	0.0533
375	0.387	0.258	0.141	0.0533
376	0.387	0.259	0.141	0.0534
377	0.387	0.258	0.141	0.0533
378	0.387	0.258	0.141	0.0534
379	0.387	0.258	0.141	0.0534
380	0.387	0.258	0.141	0.0534
381	0.386	0.258	0.141	0.0533
382	0.386	0.258	0.141	0.0533
383	0.386	0.258	0.141	0.0533
384	0.386	0.258	0.141	0.0533
385	0.386	0.258	0.141	0.0534
386	0.385	0.258	0.141	0.0533
387	0.385	0.258	0.141	0.0533
388	0.385	0.258	0.141	0.0533
389	0.385	0.258	0.141	0.0534
390	0.385	0.258	0.141	0.0534
391	0.385	0.258	0.141	0.0533
392	0.384	0.258	0.141	0.0533
393	0.384	0.258	0.141	0.0533
394	0.384	0.258	0.141	0.0534
395	0.384	0.258	0.141	0.0535
396	0.383	0.258	0.141	0.0534
397	0.383	0.258	0.141	0.0534
398	0.383	0.257	0.141	0.0534
399	0.383	0.257	0.141	0.0534
400	0.382	0.257	0.141	0.0535
401	0.382	0.257	0.141	0.0535
402	0.382	0.258	0.141	0.0535
403	0.382	0.257	0.141	0.0534
404	0.382	0.257	0.141	0.0534
405	0.382	0.257	0.141	0.0535
406	0.382	0.257	0.141	0.0536
407	0.381	0.257	0.141	0.0535
408	0.381	0.257	0.141	0.0535
409	0.381	0.257	0.141	0.0535
410	0.381	0.257	0.141	0.0534
411	0.38	0.257	0.141	0.0536
412	0.38	0.257	0.141	0.0535
413	0.38	0.257	0.141	0.0535
414	0.38	0.257	0.141	0.0535
415	0.38	0.257	0.141	0.0535
416	0.38	0.257	0.141	0.0535
417	0.38	0.257	0.141	0.0535
418	0.379	0.257	0.141	0.0535
419	0.379	0.257	0.14	0.0536
420	0.379	0.257	0.14	0.0535
421	0.378	0.257	0.14	0.0536
422	0.379	0.257	0.14	0.0535
423	0.378	0.257	0.14	0.0535
424	0.378	0.257	0.14	0.0536
425	0.378	0.257	0.14	0.0536
426	0.378	0.257	0.14	0.0536
427	0.378	0.256	0.14	0.0535
428	0.378	0.257	0.14	0.0536
429	0.378	0.256	0.14	0.0535
430	0.377	0.257	0.14	0.0536
431	0.377	0.257	0.14	0.0536
432	0.377	0.256	0.14	0.0536
433	0.377	0.256	0.14	0.0536
434	0.376	0.256	0.14	0.0536
435	0.376	0.256	0.14	0.0536
436	0.377	0.256	0.14	0.0536
437	0.376	0.256	0.14	0.0537
438	0.376	0.256	0.14	0.0536
439	0.376	0.256	0.14	0.0536
440	0.376	0.256	0.14	0.0537
441	0.376	0.256	0.14	0.0537
442	0.376	0.257	0.14	0.0537
443	0.375	0.256	0.14	0.0537
444	0.375	0.256	0.14	0.0536
445	0.375	0.256	0.14	0.0537
446	0.374	0.256	0.14	0.0537
447	0.374	0.256	0.14	0.0537
448	0.374	0.256	0.14	0.0537
449	0.374	0.256	0.14	0.0537
450	0.374	0.256	0.14	0.0537
451	0.374	0.256	0.14	0.0537
452	0.374	0.256	0.14	0.0537
453	0.374	0.256	0.14	0.0537
454	0.374	0.256	0.14	0.0536
455	0.373	0.256	0.14	0.0537
456	0.373	0.256	0.14	0.0537
457	0.373	0.256	0.14	0.0537
458	0.373	0.256	0.14	0.0537
459	0.373	0.256	0.14	0.0537
460	0.373	0.255	0.14	0.0536
461	0.372	0.255	0.14	0.0536
462	0.372	0.255	0.14	0.0536
463	0.372	0.255	0.14	0.0536
464	0.371	0.255	0.14	0.0537
465	0.371	0.255	0.139	0.0537
466	0.371	0.255	0.14	0.0538
467	0.371	0.255	0.139	0.0538
468	0.371	0.255	0.139	0.0537
469	0.371	0.255	0.139	0.0537
470	0.37	0.255	0.139	0.0537
471	0.371	0.255	0.14	0.0537
472	0.371	0.255	0.14	0.0537
473	0.37	0.255	0.139	0.0537
474	0.37	0.255	0.139	0.0537
475	0.37	0.255	0.139	0.0537
476	0.369	0.255	0.139	0.0537
477	0.37	0.255	0.139	0.0536
478	0.369	0.255	0.139	0.0537
479	0.369	0.255	0.139	0.0537
480	0.369	0.255	0.139	0.0537
481	0.369	0.255	0.139	0.0537
482	0.369	0.255	0.139	0.0538
483	0.369	0.254	0.139	0.0537
484	0.369	0.254	0.139	0.0537
485	0.368	0.254	0.139	0.0538
486	0.368	0.254	0.139	0.0536
487	0.368	0.254	0.139	0.0537
488	0.368	0.254	0.139	0.0537
489	0.368	0.254	0.139	0.0537
490	0.367	0.254	0.139	0.0537
491	0.367	0.254	0.139	0.0537
492	0.367	0.254	0.139	0.0537
493	0.367	0.254	0.139	0.0537
494	0.367	0.254	0.139	0.0537
495	0.367	0.254	0.139	0.0537
496	0.366	0.254	0.139	0.0538
497	0.366	0.254	0.139	0.0538
498	0.366	0.254	0.139	0.0538
499	0.366	0.254	0.139	0.0537
500	0.366	0.254	0.139	0.0538
501	0.366	0.254	0.139	0.0538
502	0.366	0.253	0.139	0.0537
503	0.365	0.253	0.139	0.0537
504	0.365	0.253	0.139	0.0537
505	0.366	0.253	0.139	0.0538
506	0.365	0.253	0.139	0.0538
507	0.365	0.253	0.139	0.0538
508	0.365	0.253	0.139	0.0537
509	0.364	0.253	0.139	0.0538
510	0.365	0.253	0.139	0.0537
511	0.364	0.253	0.139	0.0539
512	0.364	0.253	0.139	0.0538
513	0.364	0.253	0.139	0.0537
514	0.364	0.253	0.139	0.0538
515	0.363	0.253	0.138	0.0539
516	0.363	0.253	0.138	0.0538
517	0.364	0.253	0.139	0.0537
518	0.363	0.253	0.138	0.0539
519	0.363	0.253	0.138	0.0538
520	0.363	0.253	0.138	0.0538
521	0.362	0.253	0.138	0.0539
522	0.362	0.253	0.138	0.0538
523	0.363	0.253	0.138	0.0538
524	0.362	0.253	0.138	0.0538
525	0.362	0.253	0.138	0.0538
526	0.362	0.253	0.138	0.0538
527	0.362	0.253	0.138	0.0538
528	0.361	0.253	0.138	0.0539
529	0.361	0.253	0.138	0.0539
530	0.361	0.253	0.138	0.054
531	0.361	0.252	0.138	0.0538
532	0.361	0.253	0.138	0.0538
533	0.361	0.252	0.138	0.0539
534	0.361	0.253	0.138	0.0539
535	0.361	0.253	0.138	0.0539
536	0.36	0.252	0.138	0.0539
537	0.36	0.253	0.138	0.0539
538	0.361	0.253	0.138	0.0539
539	0.36	0.252	0.138	0.0539
540	0.36	0.252	0.138	0.0539
541	0.36	0.252	0.138	0.0539
542	0.359	0.252	0.138	0.0539
543	0.36	0.252	0.138	0.0538
544	0.36	0.252	0.138	0.0539
545	0.359	0.252	0.138	0.0539
546	0.359	0.252	0.138	0.0539
547	0.359	0.252	0.138	0.0539
548	0.358	0.252	0.138	0.0539
549	0.359	0.252	0.138	0.0539
550	0.359	0.252	0.138	0.0538
551	0.358	0.252	0.138	0.0539
552	0.358	0.252	0.138	0.0539
553	0.358	0.252	0.138	0.0539
554	0.358	0.252	0.138	0.0539
555	0.358	0.252	0.138	0.0538
556	0.358	0.252	0.138	0.0539
557	0.357	0.252	0.138	0.054
558	0.358	0.251	0.138	0.0538
559	0.357	0.252	0.138	0.0539
560	0.357	0.251	0.138	0.0539
561	0.357	0.251	0.138	0.0538
562	0.357	0.251	0.138	0.0539
563	0.356	0.251	0.138	0.0539
564	0.357	0.251	0.138	0.0538
565	0.357	0.251	0.138	0.0539
566	0.356	0.251	0.138	0.054
567	0.356	0.251	0.138	0.0539
568	0.356	0.251	0.138	0.0539
569	0.356	0.251	0.138	0.0539
570	0.356	0.251	0.138	0.0539
571	0.356	0.251	0.137	0.0539
572	0.356	0.251	0.137	0.054
573	0.355	0.251	0.137	0.0539
574	0.356	0.251	0.138	0.0539
575	0.355	0.251	0.137	0.0538
576	0.355	0.251	0.137	0.0538
577	0.355	0.251	0.137	0.0539
578	0.354	0.251	0.137	0.054
579	0.355	0.251	0.137	0.0539
580	0.355	0.251	0.137	0.0539
581	0.354	0.251	0.137	0.0539
582	0.354	0.251	0.137	0.0539
583	0.355	0.251	0.137	0.0539
584	0.354	0.251	0.137	0.054
585	0.354	0.251	0.137	0.0539
586	0.354	0.25	0.137	0.0539
587	0.353	0.25	0.137	0.054
588	0.353	0.25	0.137	0.0539
589	0.353	0.25	0.137	0.054
590	0.353	0.25	0.137	0.0539
591	0.353	0.25	0.137	0.0539
592	0.353	0.25	0.137	0.0539
593	0.353	0.25	0.137	0.0539
594	0.353	0.25	0.137	0.054
595	0.353	0.25	0.137	0.054
596	0.352	0.25	0.137	0.054
597	0.353	0.25	0.137	0.0539
598	0.352	0.25	0.137	0.0539
599	0.352	0.25	0.137	0.054
600	0.352	0.25	0.137	0.0539
601	0.352	0.25	0.137	0.054
602	0.351	0.25	0.137	0.054
603	0.352	0.25	0.137	0.0539
604	0.352	0.25	0.137	0.054
605	0.351	0.25	0.137	0.0541
606	0.351	0.25	0.137	0.0541
607	0.351	0.25	0.137	0.054
608	0.351	0.25	0.137	0.0541
609	0.351	0.25	0.137	0.0541
610	0.351	0.25	0.137	0.054
611	0.35	0.25	0.137	0.054
612	0.351	0.25	0.137	0.054
613	0.35	0.25	0.137	0.0541
614	0.35	0.25	0.137	0.0541
615	0.351	0.249	0.137	0.0539
616	0.35	0.25	0.137	0.054
617	0.35	0.25	0.137	0.054
618	0.35	0.249	0.137	0.054
619	0.35	0.25	0.137	0.0541
620	0.349	0.249	0.137	0.0541
621	0.349	0.249	0.137	0.054
622	0.349	0.25	0.137	0.0541
623	0.349	0.25	0.136	0.0541
624	0.349	0.249	0.136	0.0541
625	0.35	0.249	0.137	0.0539
626	0.349	0.25	0.136	0.0541
627	0.349	0.25	0.136	0.054
628	0.349	0.25	0.136	0.054
629	0.348	0.249	0.136	0.054
630	0.349	0.249	0.136	0.054
631	0.349	0.249	0.136	0.054
632	0.348	0.249	0.136	0.054
633	0.348	0.249	0.136	0.0539
634	0.348	0.249	0.136	0.054
635	0.347	0.249	0.136	0.054
636	0.348	0.249	0.136	0.054
637	0.348	0.249	0.136	0.054
638	0.347	0.249	0.136	0.054
639	0.347	0.249	0.136	0.054
640	0.347	0.249	0.136	0.0541
641	0.347	0.249	0.136	0.054
642	0.347	0.249	0.136	0.054
643	0.347	0.249	0.136	0.0541
644	0.346	0.249	0.136	0.0541
645	0.346	0.248	0.136	0.054
646	0.346	0.248	0.136	0.0541
647	0.346	0.248	0.136	0.0542
648	0.346	0.248	0.136	0.0541
649	0.346	0.248	0.136	0.0541
650	0.346	0.248	0.136	0.0541
651	0.346	0.248	0.136	0.054
652	0.346	0.248	0.136	0.0541
653	0.345	0.248	0.136	0.0541
654	0.345	0.248	0.136	0.054
655	0.345	0.248	0.136	0.0541
656	0.344	0.248	0.136	0.0541
657	0.345	0.248	0.136	0.0541
658	0.345	0.248	0.136	0.0542
659	0.345	0.248	0.136	0.0542
660	0.345	0.248	0.136	0.0541
661	0.345	0.248	0.136	0.0542
662	0.344	0.248	0.136	0.0542
663	0.345	0.248	0.136	0.0541
664	0.345	0.248	0.136	0.0541
665	0.344	0.248	0.136	0.0542
666	0.344	0.248	0.136	0.0541
667	0.344	0.248	0.136	0.0541
668	0.344	0.248	0.136	0.0541
669	0.344	0.248	0.136	0.0541
670	0.344	0.248	0.136	0.0541
671	0.343	0.248	0.136	0.0542
672	0.343	0.247	0.136	0.0541
673	0.343	0.247	0.136	0.0541
674	0.343	0.247	0.136	0.0541
675	0.343	0.247	0.136	0.0541
676	0.343	0.247	0.136	0.0541
677	0.343	0.247	0.136	0.0542
678	0.343	0.247	0.136	0.0541
679	0.343	0.247	0.136	0.054
680	0.342	0.247	0.136	0.0541
681	0.342	0.247	0.136	0.0541
682	0.342	0.247	0.136	0.0542
683	0.342	0.247	0.136	0.0541
684	0.342	0.247	0.136	0.0541
685	0.342	0.247	0.136	0.0541
686	0.342	0.247	0.135	0.0541
687	0.341	0.247	0.135	0.0542
688	0.342	0.247	0.136	0.0541
689	0.341	0.247	0.135	0.0541
690	0.341	0.247	0.135	0.0541
691	0.341	0.247	0.135	0.0541
692	0.341	0.247	0.135	0.0541
693	0.341	0.247	0.135	0.0542
694	0.341	0.247	0.135	0.0541
695	0.341	0.247	0.135	0.0541
696	0.341	0.247	0.135	0.0541
697	0.341	0.247	0.135	0.0542
698	0.34	0.247	0.135	0.0541
699	0.34	0.247	0.135	0.0541
700	0.34	0.247	0.135	0.0542
701	0.34	0.247	0.135	0.0541
702	0.34	0.247	0.135	0.0542
703	0.34	0.247	0.135	0.0542
704	0.34	0.247	0.135	0.0542
705	0.34	0.246	0.135	0.0541
706	0.34	0.246	0.135	0.0542
707	0.339	0.246	0.135	0.0542
708	0.34	0.246	0.135	0.0541
709	0.34	0.246	0.135	0.0541
710	0.339	0.246	0.135	0.0542
711	0.339	0.246	0.135	0.0542
712	0.339	0.246	0.135	0.0542
713	0.339	0.246	0.135	0.0542
714	0.339	0.246	0.135	0.0542
715	0.339	0.246	0.135	0.0541
716	0.338	0.246	0.135	0.0542
717	0.339	0.246	0.135	0.0541
718	0.338	0.246	0.135	0.0541
719	0.338	0.246	0.135	0.0542
720	0.338	0.246	0.135	0.0542
721	0.338	0.246	0.135	0.0541
722	0.338	0.246	0.135	0.0543
723	0.338	0.246	0.135	0.0542
724	0.338	0.246	0.135	0.0542
725	0.338	0.246	0.135	0.0542
726	0.338	0.246	0.135	0.0541
727	0.338	0.246	0.135	0.0541
728	0.337	0.246	0.135	0.0541
729	0.337	0.245	0.135	0.0542
730	0.337	0.245	0.135	0.0541
731	0.337	0.246	0.135	0.0542
732	0.337	0.246	0.135	0.0541
733	0.337	0.246	0.135	0.0542
734	0.337	0.245	0.135	0.0541
735	0.337	0.246	0.135	0.0542
736	0.337	0.246	0.135	0.0542
737	0.337	0.245	0.135	0.0541
738	0.336	0.245	0.135	0.0541
739	0.336	0.246	0.135	0.0542
740	0.336	0.246	0.135	0.0542
741	0.337	0.245	0.135	0.0542
742	0.336	0.245	0.135	0.0541
743	0.336	0.245	0.134	0.0542
744	0.336	0.245	0.134	0.0542
745	0.336	0.245	0.135	0.0541
746	0.336	0.245	0.134	0.0542
747	0.336	0.245	0.134	0.0542
748	0.335	0.245	0.134	0.0542
749	0.335	0.245	0.134	0.0542
750	0.335	0.245	0.134	0.0543
751	0.335	0.245	0.134	0.0542
752	0.335	0.245	0.134	0.0542
753	0.335	0.245	0.134	0.0542
754	0.335	0.245	0.134	0.0542
755	0.334	0.245	0.134	0.0542
756	0.334	0.245	0.134	0.0542
757	0.334	0.245	0.134	0.0542
758	0.335	0.245	0.134	0.0542
759	0.334	0.245	0.134	0.0542
760	0.334	0.245	0.134	0.0542
761	0.334	0.245	0.134	0.0543
762	0.334	0.245	0.134	0.0543
763	0.334	0.244	0.134	0.0542
764	0.334	0.245	0.134	0.0543
765	0.333	0.245	0.134	0.0543
766	0.334	0.245	0.134	0.0543
767	0.333	0.244	0.134	0.0542
768	0.333	0.244	0.134	0.0543
769	0.333	0.245	0.134	0.0543
770	0.333	0.245	0.134	0.0543
771	0.333	0.245	0.134	0.0542
772	0.333	0.245	0.134	0.0543
773	0.333	0.244	0.134	0.0543
774	0.333	0.245	0.134	0.0543
775	0.333	0.245	0.134	0.0543
776	0.333	0.244	0.134	0.0543
777	0.332	0.244	0.134	0.0543
778	0.332	0.244	0.134	0.0543
779	0.332	0.244	0.134	0.0543
780	0.332	0.244	0.134	0.0543
781	0.332	0.244	0.134	0.0544
782	0.332	0.244	0.134	0.0543
783	0.332	0.244	0.134	0.0543
784	0.332	0.244	0.134	0.0543
785	0.332	0.244	0.134	0.0543
786	0.332	0.244	0.134	0.0543
787	0.332	0.244	0.134	0.0543
788	0.332	0.244	0.134	0.0543
789	0.331	0.244	0.134	0.0543
790	0.331	0.244	0.134	0.0543
791	0.331	0.244	0.134	0.0543
792	0.331	0.244	0.134	0.0543
793	0.331	0.244	0.134	0.0544
794	0.331	0.244	0.134	0.0543
795	0.331	0.244	0.134	0.0542
796	0.331	0.244	0.134	0.0543
797	0.331	0.244	0.134	0.0543
798	0.33	0.244	0.134	0.0543
799	0.33	0.244	0.133	0.0543
800	0.33	0.244	0.134	0.0543
801	0.331	0.244	0.133	0.0543
802	0.33	0.244	0.133	0.0544
803	0.33	0.244	0.133	0.0543
804	0.33	0.244	0.133	0.0543
805	0.33	0.244	0.133	0.0543
806	0.33	0.243	0.133	0.0543
807	0.33	0.243	0.133	0.0543
808	0.33	0.243	0.133	0.0543
809	0.33	0.243	0.133	0.0542
810	0.33	0.243	0.133	0.0543
811	0.329	0.243	0.133	0.0543
812	0.329	0.243	0.133	0.0543
813	0.33	0.243	0.133	0.0542
814	0.329	0.243	0.133	0.0543
815	0.329	0.243	0.133	0.0542
816	0.329	0.243	0.133	0.0543
817	0.329	0.243	0.133	0.0543
818	0.329	0.243	0.133	0.0543
819	0.329	0.243	0.133	0.0543
820	0.328	0.243	0.133	0.0544
821	0.328	0.243	0.133	0.0543
822	0.329	0.243	0.133	0.0543
823	0.328	0.243	0.133	0.0544
824	0.328	0.243	0.133	0.0543
825	0.328	0.243	0.133	0.0543
826	0.328	0.243	0.133	0.0544
827	0.328	0.243	0.133	0.0543
828	0.328	0.243	0.133	0.0543
829	0.328	0.243	0.133	0.0543
830	0.328	0.243	0.133	0.0543
831	0.327	0.243	0.133	0.0543
832	0.328	0.243	0.133	0.0544
833	0.328	0.243	0.133	0.0543
834	0.328	0.243	0.133	0.0543
835	0.327	0.243	0.133	0.0543
836	0.327	0.242	0.133	0.0543
837	0.327	0.242	0.133	0.0543
838	0.327	0.242	0.133	0.0544
839	0.327	0.242	0.133	0.0543
840	0.327	0.242	0.133	0.0542
841	0.327	0.242	0.133	0.0543
842	0.327	0.242	0.133	0.0543
843	0.327	0.242	0.133	0.0543
844	0.326	0.242	0.133	0.0543
845	0.326	0.242	0.133	0.0543
846	0.326	0.242	0.133	0.0543
847	0.326	0.242	0.133	0.0544
848	0.326	0.242	0.133	0.0543
849	0.326	0.242	0.133	0.0543
850	0.325	0.242	0.133	0.0544
851	0.326	0.242	0.133	0.0543
852	0.326	0.242	0.133	0.0544
853	0.326	0.242	0.133	0.0543
854	0.326	0.242	0.133	0.0543
855	0.326	0.242	0.133	0.0542
856	0.325	0.242	0.133	0.0544
857	0.325	0.242	0.133	0.0543
858	0.325	0.242	0.133	0.0543
859	0.325	0.242	0.133	0.0543
860	0.325	0.242	0.133	0.0542
861	0.325	0.242	0.133	0.0543
862	0.324	0.241	0.133	0.0544
863	0.324	0.241	0.133	0.0543
864	0.325	0.242	0.133	0.0543
865	0.324	0.241	0.133	0.0544
866	0.324	0.241	0.133	0.0544
867	0.325	0.241	0.133	0.0542
868	0.324	0.241	0.133	0.0543
869	0.324	0.241	0.133	0.0543
870	0.324	0.241	0.133	0.0543
871	0.324	0.241	0.133	0.0543
872	0.324	0.241	0.133	0.0543
873	0.324	0.241	0.133	0.0542
874	0.323	0.241	0.133	0.0543
875	0.324	0.241	0.133	0.0543
876	0.324	0.241	0.133	0.0543
877	0.323	0.241	0.133	0.0542
878	0.324	0.241	0.133	0.0543
879	0.323	0.241	0.132	0.0543
880	0.323	0.241	0.132	0.0543
881	0.323	0.241	0.133	0.0543
882	0.323	0.241	0.133	0.0543
883	0.323	0.241	0.132	0.0543
884	0.323	0.241	0.132	0.0543
885	0.323	0.241	0.132	0.0543
886	0.322	0.241	0.132	0.0544
887	0.323	0.241	0.132	0.0543
888	0.323	0.241	0.133	0.0543
889	0.322	0.241	0.132	0.0543
890	0.323	0.241	0.132	0.0543
891	0.322	0.241	0.132	0.0543
892	0.322	0.241	0.132	0.0543
893	0.322	0.241	0.132	0.0543
894	0.322	0.241	0.132	0.0543
895	0.322	0.241	0.132	0.0544
896	0.322	0.241	0.132	0.0543
897	0.322	0.241	0.132	0.0543
898	0.321	0.241	0.132	0.0543
899	0.322	0.241	0.132	0.0542
900	0.321	0.241	0.132	0.0543
901	0.321	0.241	0.132	0.0543
902	0.321	0.24	0.132	0.0543
903	0.322	0.24	0.132	0.0543
904	0.321	0.24	0.132	0.0543
905	0.321	0.24	0.132	0.0543
906	0.321	0.24	0.132	0.0543
907	0.321	0.24	0.132	0.0543
908	0.321	0.24	0.132	0.0543
909	0.321	0.24	0.132	0.0543
910	0.321	0.24	0.132	0.0544
911	0.321	0.24	0.132	0.0543
912	0.321	0.24	0.132	0.0543
913	0.32	0.24	0.132	0.0543
914	0.32	0.24	0.132	0.0543
915	0.32	0.24	0.132	0.0543
916	0.32	0.24	0.132	0.0544
917	0.32	0.24	0.132	0.0543
918	0.32	0.24	0.132	0.0543
919	0.32	0.24	0.132	0.0543
920	0.32	0.24	0.132	0.0544
921	0.32	0.24	0.132	0.0543
922	0.319	0.24	0.132	0.0543
923	0.32	0.24	0.132	0.0543
924	0.32	0.24	0.132	0.0543
925	0.319	0.24	0.132	0.0543
926	0.319	0.24	0.132	0.0544
927	0.32	0.24	0.132	0.0543
928	0.319	0.24	0.132	0.0543
929	0.319	0.24	0.132	0.0543
930	0.319	0.24	0.132	0.0544
931	0.319	0.24	0.132	0.0543
932	0.319	0.24	0.132	0.0543
933	0.319	0.24	0.132	0.0543
934	0.319	0.24	0.132	0.0543
935	0.319	0.24	0.132	0.0543
936	0.319	0.24	0.132	0.0543
937	0.319	0.24	0.132	0.0543
938	0.319	0.239	0.132	0.0542
939	0.319	0.239	0.132	0.0543
940	0.318	0.24	0.132	0.0543
941	0.319	0.239	0.132	0.0543
942	0.318	0.239	0.132	0.0543
943	0.318	0.239	0.132	0.0543
944	0.318	0.239	0.132	0.0543
945	0.318	0.24	0.132	0.0543
946	0.318	0.239	0.132	0.0543
947	0.318	0.239	0.132	0.0543
948	0.318	0.239	0.132	0.0542
949	0.318	0.239	0.132	0.0543
950	0.318	0.239	0.131	0.0543
951	0.318	0.239	0.131	0.0542
952	0.318	0.239	0.131	0.0542
953	0.318	0.239	0.131	0.0542
954	0.318	0.239	0.131	0.0542
955	0.317	0.239	0.131	0.0543
956	0.318	0.239	0.131	0.0542
957	0.318	0.239	0.131	0.0542
958	0.317	0.239	0.131	0.0542
959	0.317	0.239	0.131	0.0542
960	0.317	0.239	0.131	0.0542
961	0.317	0.239	0.131	0.0543
962	0.317	0.239	0.131	0.0542
963	0.317	0.239	0.131	0.0542
964	0.317	0.239	0.131	0.0542
965	0.317	0.239	0.131	0.0542
966	0.317	0.239	0.131	0.0542
967	0.316	0.239	0.131	0.0543
968	0.316	0.239	0.131	0.0542
969	0.317	0.239	0.131	0.0543
970	0.316	0.239	0.131	0.0543
971	0.316	0.239	0.131	0.0543
972	0.316	0.239	0.131	0.0543
973	0.316	0.239	0.131	0.0543
974	0.316	0.238	0.131	0.0543
975	0.317	0.237	0.132	0.0539
976	0.319	0.236	0.134	0.0534
977	0.319	0.236	0.133	0.0536
978	0.319	0.236	0.133	0.0537
979	0.319	0.236	0.133	0.0537
980	0.319	0.236	0.133	0.0537
981	0.319	0.236	0.133	0.0536
982	0.318	0.236	0.133	0.0537
983	0.318	0.236	0.133	0.0537
984	0.318	0.236	0.133	0.0538
985	0.318	0.236	0.133	0.0538
986	0.318	0.236	0.133	0.0538
987	0.318	0.236	0.133	0.0538
988	0.317	0.236	0.133	0.0539
989	0.318	0.236	0.133	0.0538
990	0.317	0.236	0.133	0.0538
991	0.317	0.236	0.132	0.0539
992	0.317	0.236	0.133	0.0538
993	0.317	0.236	0.133	0.0539
994	0.317	0.236	0.133	0.0539
995	0.318	0.236	0.133	0.0538
996	0.317	0.236	0.133	0.0539
997	0.317	0.236	0.132	0.0539
998	0.317	0.236	0.132	0.0538
999	0.316	0.236	0.132	0.0539
1000	0.317	0.236	0.132	0.0539
1001	0.317	0.236	0.132	0.0538
1002	0.316	0.236	0.132	0.0539
1003	0.316	0.236	0.132	0.054
1004	0.316	0.236	0.132	0.0539
1005	0.316	0.236	0.132	0.0539
1006	0.316	0.236	0.132	0.0539
1007	0.316	0.236	0.132	0.0539
1008	0.316	0.236	0.132	0.0539
1009	0.316	0.236	0.132	0.0539
1010	0.316	0.236	0.132	0.0539
1011	0.316	0.236	0.132	0.0539
1012	0.316	0.236	0.132	0.054
1013	0.316	0.236	0.132	0.0539
1014	0.316	0.236	0.132	0.054
1015	0.315	0.236	0.132	0.054
1016	0.315	0.236	0.132	0.0539
1017	0.315	0.236	0.132	0.0539
1018	0.315	0.236	0.132	0.054
1019	0.315	0.236	0.132	0.0539
1020	0.315	0.236	0.132	0.054
1021	0.315	0.236	0.132	0.0539
1022	0.315	0.236	0.132	0.054
1023	0.315	0.236	0.132	0.054
1024	0.315	0.236	0.132	0.054
1025	0.315	0.236	0.132	0.054
1026	0.315	0.236	0.132	0.054
1027	0.314	0.236	0.132	0.054
1028	0.314	0.236	0.132	0.054
1029	0.314	0.236	0.132	0.054
1030	0.314	0.236	0.132	0.054
1031	0.314	0.235	0.132	0.054
1032	0.314	0.236	0.132	0.054
1033	0.314	0.236	0.132	0.054
1034	0.314	0.236	0.132	0.054
1035	0.314	0.236	0.132	0.054
1036	0.313	0.235	0.132	0.054
1037	0.314	0.235	0.132	0.0539
1038	0.313	0.235	0.132	0.054
1039	0.313	0.235	0.132	0.054
1040	0.313	0.235	0.131	0.054
1041	0.313	0.235	0.132	0.054
1042	0.313	0.235	0.131	0.054
1043	0.313	0.235	0.132	0.0539
1044	0.313	0.235	0.132	0.054
1045	0.313	0.235	0.131	0.054
1046	0.313	0.235	0.131	0.054
1047	0.313	0.235	0.131	0.054
1048	0.313	0.235	0.131	0.0539
1049	0.313	0.235	0.131	0.054
1050	0.313	0.235	0.131	0.054
1051	0.312	0.235	0.131	0.054
1052	0.312	0.235	0.131	0.054
1053	0.313	0.235	0.131	0.0539
1054	0.312	0.235	0.131	0.054
1055	0.313	0.235	0.131	0.0539
1056	0.312	0.235	0.131	0.0539
1057	0.312	0.235	0.131	0.0539
1058	0.312	0.235	0.131	0.0539
1059	0.312	0.235	0.131	0.054
1060	0.312	0.235	0.131	0.0539
1061	0.312	0.235	0.131	0.054
1062	0.312	0.235	0.131	0.054
1063	0.312	0.235	0.131	0.054
1064	0.312	0.235	0.131	0.0539
1065	0.312	0.235	0.131	0.0539
1066	0.312	0.235	0.131	0.054
1067	0.312	0.235	0.131	0.054
1068	0.312	0.235	0.131	0.0539
1069	0.311	0.235	0.131	0.0539
1070	0.311	0.235	0.131	0.0539
1071	0.311	0.235	0.131	0.054
1072	0.311	0.235	0.131	0.0539
1073	0.311	0.235	0.131	0.054
1074	0.311	0.235	0.131	0.0539
1075	0.311	0.235	0.131	0.0539
1076	0.311	0.235	0.131	0.0539
1077	0.311	0.235	0.131	0.0539
1078	0.311	0.235	0.131	0.0539
1079	0.311	0.235	0.131	0.054
1080	0.311	0.235	0.131	0.0539
1081	0.311	0.235	0.131	0.0539
1082	0.311	0.235	0.131	0.0539
1083	0.31	0.235	0.131	0.0539
1084	0.31	0.235	0.131	0.0539
1085	0.311	0.235	0.131	0.0539
1086	0.31	0.235	0.131	0.0539
1087	0.31	0.234	0.131	0.0539
1088	0.31	0.234	0.131	0.0539
1089	0.31	0.235	0.131	0.0539
1090	0.31	0.234	0.131	0.0539
1091	0.31	0.235	0.131	0.0539
1092	0.31	0.234	0.131	0.0539
1093	0.31	0.234	0.131	0.0539
1094	0.31	0.234	0.131	0.0539
1095	0.309	0.234	0.131	0.054
1096	0.309	0.234	0.131	0.054
1097	0.31	0.234	0.131	0.0539
1098	0.31	0.234	0.131	0.0539
1099	0.31	0.234	0.131	0.0539
1100	0.309	0.234	0.131	0.0539
1101	0.309	0.234	0.131	0.054
1102	0.309	0.234	0.131	0.0539
1103	0.309	0.234	0.131	0.0539
1104	0.309	0.234	0.131	0.0539
1105	0.309	0.234	0.131	0.0539
1106	0.309	0.234	0.131	0.0539
1107	0.309	0.234	0.131	0.0539
1108	0.309	0.234	0.13	0.0539
1109	0.309	0.234	0.13	0.0539
1110	0.309	0.234	0.131	0.0539
1111	0.309	0.234	0.13	0.0539
1112	0.309	0.234	0.13	0.0539
1113	0.309	0.234	0.13	0.0539
1114	0.308	0.234	0.13	0.0538
1115	0.309	0.234	0.13	0.0539
1116	0.308	0.234	0.13	0.0539
1117	0.308	0.234	0.13	0.0539
1118	0.309	0.234	0.13	0.0539
1119	0.308	0.234	0.13	0.0539
1120	0.308	0.234	0.13	0.0539
1121	0.308	0.234	0.13	0.0539
1122	0.308	0.234	0.13	0.0539
1123	0.308	0.234	0.13	0.0539
1124	0.308	0.234	0.13	0.0539
1125	0.308	0.234	0.13	0.0539
1126	0.308	0.234	0.13	0.0539
1127	0.308	0.234	0.13	0.0539
1128	0.308	0.234	0.13	0.0538
1129	0.308	0.234	0.13	0.0539
1130	0.308	0.234	0.13	0.0539
1131	0.308	0.234	0.13	0.0539
1132	0.308	0.234	0.13	0.0539
1133	0.307	0.234	0.13	0.0539
1134	0.307	0.234	0.13	0.0539
1135	0.307	0.234	0.13	0.0539
1136	0.309	0.232	0.131	0.0535
1137	0.311	0.231	0.132	0.0532
1138	0.31	0.231	0.132	0.0532
1139	0.31	0.231	0.132	0.0533
1140	0.31	0.231	0.132	0.0533
1141	0.31	0.232	0.132	0.0534
1142	0.31	0.231	0.132	0.0534
1143	0.31	0.231	0.132	0.0533
1144	0.31	0.231	0.132	0.0534
1145	0.309	0.231	0.132	0.0534
1146	0.309	0.231	0.132	0.0534
1147	0.309	0.231	0.132	0.0535
1148	0.309	0.231	0.132	0.0535
1149	0.309	0.231	0.132	0.0535
1150	0.309	0.231	0.132	0.0535
1151	0.309	0.231	0.132	0.0535
1152	0.309	0.231	0.132	0.0535
1153	0.309	0.231	0.131	0.0534
1154	0.309	0.231	0.131	0.0535
1155	0.309	0.232	0.131	0.0535
1156	0.308	0.231	0.131	0.0535
1157	0.308	0.231	0.131	0.0535
1158	0.308	0.232	0.131	0.0535
1159	0.308	0.231	0.131	0.0535
1160	0.308	0.232	0.131	0.0536
1161	0.308	0.232	0.131	0.0536
1162	0.308	0.231	0.131	0.0536
1163	0.308	0.231	0.131	0.0536
1164	0.308	0.231	0.131	0.0536
1165	0.308	0.231	0.131	0.0536
1166	0.308	0.231	0.131	0.0536
1167	0.308	0.231	0.131	0.0536
1168	0.307	0.231	0.131	0.0536
1169	0.307	0.231	0.131	0.0535
1170	0.307	0.231	0.131	0.0536
1171	0.307	0.231	0.131	0.0536
1172	0.307	0.231	0.131	0.0535
1173	0.307	0.231	0.131	0.0536
1174	0.307	0.231	0.131	0.0536
1175	0.307	0.231	0.131	0.0536
1176	0.307	0.231	0.131	0.0536
1177	0.307	0.231	0.131	0.0536
1178	0.307	0.231	0.131	0.0536
1179	0.307	0.231	0.131	0.0536
1180	0.306	0.231	0.131	0.0536
1181	0.306	0.231	0.131	0.0536
1182	0.307	0.231	0.131	0.0536
1183	0.306	0.231	0.131	0.0537
1184	0.306	0.231	0.131	0.0536
1185	0.307	0.231	0.131	0.0536
1186	0.306	0.231	0.131	0.0537
1187	0.306	0.231	0.131	0.0537
1188	0.306	0.231	0.131	0.0536
1189	0.306	0.231	0.131	0.0536
1190	0.306	0.231	0.131	0.0536
1191	0.306	0.231	0.131	0.0536
1192	0.306	0.231	0.131	0.0537
1193	0.306	0.231	0.131	0.0536
1194	0.306	0.231	0.131	0.0536
1195	0.306	0.231	0.131	0.0536
1196	0.306	0.231	0.131	0.0536
1197	0.306	0.231	0.131	0.0536
1198	0.305	0.231	0.13	0.0536
1199	0.305	0.231	0.13	0.0536
1200	0.306	0.231	0.131	0.0536
1201	0.305	0.231	0.13	0.0536
1202	0.305	0.231	0.13	0.0536
1203	0.305	0.231	0.13	0.0536
1204	0.305	0.231	0.13	0.0536
1205	0.305	0.231	0.13	0.0536
1206	0.305	0.231	0.13	0.0536
1207	0.305	0.231	0.13	0.0536
1208	0.305	0.231	0.13	0.0536
1209	0.305	0.231	0.13	0.0536
1210	0.304	0.231	0.13	0.0537
1211	0.305	0.231	0.13	0.0536
1212	0.305	0.231	0.13	0.0535
1213	0.304	0.231	0.13	0.0536
1214	0.304	0.231	0.13	0.0536
1215	0.305	0.231	0.13	0.0536
1216	0.304	0.231	0.13	0.0536
1217	0.304	0.231	0.13	0.0536
1218	0.305	0.231	0.13	0.0536
1219	0.304	0.231	0.13	0.0536
1220	0.304	0.231	0.13	0.0536
1221	0.304	0.231	0.13	0.0536
1222	0.304	0.231	0.13	0.0536
1223	0.304	0.231	0.13	0.0536
1224	0.304	0.231	0.13	0.0536
1225	0.304	0.231	0.13	0.0536
1226	0.304	0.231	0.13	0.0536
1227	0.304	0.231	0.13	0.0536
1228	0.303	0.231	0.13	0.0536
1229	0.304	0.23	0.13	0.0535
1230	0.304	0.23	0.13	0.0536
1231	0.303	0.231	0.13	0.0536
1232	0.304	0.231	0.13	0.0536
1233	0.303	0.231	0.13	0.0536
1234	0.303	0.231	0.13	0.0536
1235	0.304	0.231	0.13	0.0535
1236	0.303	0.231	0.13	0.0536
1237	0.303	0.23	0.13	0.0536
1238	0.303	0.23	0.13	0.0536
1239	0.303	0.231	0.13	0.0537
1240	0.303	0.23	0.13	0.0536
1241	0.303	0.23	0.13	0.0536
1242	0.303	0.23	0.13	0.0535
1243	0.303	0.23	0.13	0.0535
1244	0.303	0.23	0.13	0.0536
1245	0.303	0.23	0.13	0.0536
1246	0.302	0.23	0.13	0.0537
1247	0.303	0.23	0.13	0.0536
1248	0.303	0.23	0.13	0.0536
1249	0.302	0.23	0.13	0.0536
1250	0.302	0.23	0.13	0.0536
1251	0.302	0.23	0.13	0.0536
1252	0.302	0.23	0.13	0.0536
1253	0.302	0.23	0.13	0.0536
1254	0.302	0.23	0.13	0.0536
1255	0.302	0.23	0.13	0.0536
1256	0.302	0.23	0.13	0.0536
1257	0.302	0.23	0.13	0.0535
1258	0.302	0.23	0.13	0.0536
1259	0.302	0.23	0.13	0.0535
1260	0.302	0.23	0.13	0.0535
1261	0.301	0.23	0.13	0.0536
1262	0.302	0.23	0.13	0.0536
1263	0.302	0.23	0.13	0.0536
1264	0.301	0.23	0.13	0.0536
1265	0.301	0.23	0.13	0.0536
1266	0.301	0.23	0.13	0.0535
1267	0.301	0.23	0.13	0.0536
1268	0.301	0.23	0.13	0.0535
1269	0.301	0.23	0.13	0.0536
1270	0.301	0.23	0.129	0.0536
1271	0.301	0.23	0.129	0.0535
1272	0.303	0.229	0.131	0.0532
1273	0.304	0.227	0.132	0.0529
1274	0.305	0.227	0.132	0.0529
1275	0.304	0.228	0.132	0.0529
1276	0.304	0.228	0.131	0.0529
1277	0.304	0.227	0.131	0.053
1278	0.304	0.228	0.131	0.053
1279	0.304	0.228	0.131	0.0531
1280	0.303	0.228	0.131	0.0531
1281	0.303	0.228	0.131	0.0531
1282	0.303	0.228	0.131	0.0531
1283	0.304	0.228	0.131	0.0531
1284	0.303	0.228	0.131	0.0532
1285	0.303	0.228	0.131	0.0532
1286	0.303	0.228	0.131	0.0532
1287	0.303	0.228	0.131	0.0532
1288	0.303	0.228	0.131	0.0532
1289	0.303	0.228	0.131	0.0532
1290	0.303	0.228	0.131	0.0532
1291	0.303	0.228	0.131	0.0532
1292	0.303	0.228	0.131	0.0531
1293	0.302	0.228	0.131	0.0532
1294	0.302	0.228	0.131	0.0532
1295	0.303	0.228	0.131	0.0532
1296	0.302	0.228	0.131	0.0533
1297	0.302	0.228	0.131	0.0533
1298	0.302	0.228	0.131	0.0532
1299	0.302	0.228	0.131	0.0532
1300	0.302	0.228	0.13	0.0533
1301	0.302	0.228	0.13	0.0532
1302	0.302	0.228	0.13	0.0533
1303	0.302	0.228	0.13	0.0533
1304	0.302	0.228	0.13	0.0532
1305	0.302	0.228	0.13	0.0532
1306	0.301	0.228	0.13	0.0533
1307	0.302	0.228	0.13	0.0532
1308	0.302	0.228	0.13	0.0532
1309	0.301	0.228	0.13	0.0533
1310	0.301	0.228	0.13	0.0533
1311	0.302	0.228	0.13	0.0533
1312	0.301	0.228	0.13	0.0532
1313	0.301	0.228	0.13	0.0533
1314	0.301	0.228	0.13	0.0533
1315	0.301	0.228	0.13	0.0533
1316	0.301	0.228	0.13	0.0533
1317	0.301	0.228	0.13	0.0533
1318	0.301	0.228	0.13	0.0533
1319	0.301	0.228	0.13	0.0533
1320	0.301	0.228	0.13	0.0533
1321	0.3	0.228	0.13	0.0533
1322	0.301	0.228	0.13	0.0533
1323	0.301	0.228	0.13	0.0533
1324	0.3	0.228	0.13	0.0533
1325	0.301	0.228	0.13	0.0533
1326	0.301	0.228	0.13	0.0533
1327	0.3	0.228	0.13	0.0533
1328	0.3	0.228	0.13	0.0533
1329	0.3	0.228	0.13	0.0533
1330	0.3	0.228	0.13	0.0533
1331	0.3	0.228	0.13	0.0533
1332	0.3	0.228	0.13	0.0533
1333	0.3	0.228	0.13	0.0533
1334	0.3	0.228	0.13	0.0534
1335	0.3	0.228	0.13	0.0533
1336	0.3	0.227	0.13	0.0533
1337	0.3	0.227	0.13	0.0533
1338	0.3	0.227	0.13	0.0533
1339	0.299	0.227	0.13	0.0534
1340	0.3	0.227	0.13	0.0533
1341	0.3	0.227	0.13	0.0533
1342	0.299	0.228	0.13	0.0533
1343	0.3	0.227	0.13	0.0533
1344	0.299	0.227	0.13	0.0533
1345	0.299	0.227	0.13	0.0533
1346	0.299	0.227	0.13	0.0533
1347	0.299	0.227	0.13	0.0534
1348	0.299	0.227	0.13	0.0533
1349	0.299	0.227	0.13	0.0533
1350	0.299	0.227	0.13	0.0533
1351	0.299	0.227	0.13	0.0533
1352	0.299	0.227	0.13	0.0533
1353	0.299	0.227	0.13	0.0533
1354	0.299	0.227	0.13	0.0533
1355	0.299	0.227	0.13	0.0533
1356	0.299	0.227	0.13	0.0533
1357	0.298	0.227	0.129	0.0534
1358	0.298	0.227	0.129	0.0533
1359	0.298	0.227	0.129	0.0533
1360	0.298	0.227	0.129	0.0533
1361	0.298	0.227	0.129	0.0533
1362	0.299	0.227	0.13	0.0533
1363	0.298	0.227	0.129	0.0533
1364	0.298	0.227	0.129	0.0533
1365	0.298	0.227	0.129	0.0533
1366	0.298	0.227	0.129	0.0534
1367	0.298	0.227	0.129	0.0533
1368	0.298	0.227	0.129	0.0533
1369	0.298	0.227	0.129	0.0533
1370	0.298	0.227	0.129	0.0533
1371	0.298	0.227	0.129	0.0534
1372	0.298	0.227	0.129	0.0534
1373	0.298	0.227	0.129	0.0533
1374	0.298	0.227	0.129	0.0534
1375	0.297	0.227	0.129	0.0534
1376	0.297	0.227	0.129	0.0533
1377	0.297	0.227	0.129	0.0534
1378	0.297	0.227	0.129	0.0533
1379	0.297	0.227	0.129	0.0533
1380	0.297	0.227	0.129	0.0533
1381	0.297	0.227	0.129	0.0534
1382	0.297	0.227	0.129	0.0532
1383	0.297	0.227	0.129	0.0533
1384	0.297	0.227	0.129	0.0533
1385	0.297	0.227	0.129	0.0533
1386	0.297	0.227	0.129	0.0534
1387	0.297	0.227	0.129	0.0533
1388	0.297	0.227	0.129	0.0533
1389	0.297	0.227	0.129	0.0533
1390	0.296	0.227	0.129	0.0534
1391	0.297	0.227	0.129	0.0533
1392	0.297	0.227	0.129	0.0533
1393	0.296	0.227	0.129	0.0534
1394	0.296	0.227	0.129	0.0533
1395	0.296	0.227	0.129	0.0533
1396	0.296	0.227	0.129	0.0533
1397	0.296	0.226	0.129	0.0533
1398	0.296	0.227	0.129	0.0533
1399	0.296	0.227	0.129	0.0533
1400	0.296	0.226	0.129	0.0533
1401	0.296	0.226	0.129	0.0533
1402	0.296	0.227	0.129	0.0533
1403	0.296	0.227	0.129	0.0533
1404	0.296	0.227	0.129	0.0533
1405	0.296	0.227	0.129	0.0533
1406	0.296	0.227	0.129	0.0533
1407	0.296	0.227	0.129	0.0533
1408	0.296	0.227	0.129	0.0534
1409	0.296	0.226	0.129	0.0533
1410	0.296	0.227	0.129	0.0533
1411	0.295	0.227	0.129	0.0533
1412	0.296	0.226	0.129	0.0533
1413	0.295	0.226	0.129	0.0533
1414	0.295	0.226	0.129	0.0533
1415	0.295	0.226	0.129	0.0533
1416	0.295	0.227	0.129	0.0534
1417	0.295	0.227	0.129	0.0533
1418	0.295	0.226	0.129	0.0533
1419	0.295	0.226	0.129	0.0533
1420	0.295	0.226	0.129	0.0533
1421	0.295	0.226	0.129	0.0533
1422	0.295	0.226	0.129	0.0533
1423	0.295	0.226	0.128	0.0533
1424	0.295	0.226	0.128	0.0533
1425	0.295	0.226	0.129	0.0533
1426	0.295	0.226	0.129	0.0533
1427	0.295	0.226	0.128	0.0532
1428	0.295	0.226	0.128	0.0533
1429	0.295	0.226	0.128	0.0533
1430	0.295	0.226	0.128	0.0533
1431	0.294	0.226	0.128	0.0533
1432	0.294	0.226	0.128	0.0533
1433	0.294	0.226	0.128	0.0533
1434	0.294	0.226	0.128	0.0533
1435	0.294	0.226	0.128	0.0533
1436	0.294	0.226	0.128	0.0533
1437	0.294	0.226	0.128	0.0533
1438	0.294	0.226	0.128	0.0533
1439	0.294	0.226	0.128	0.0533
1440	0.294	0.226	0.128	0.0533
1441	0.294	0.226	0.128	0.0533
1442	0.294	0.226	0.128	0.0534
1443	0.294	0.226	0.128	0.0533
1444	0.294	0.226	0.128	0.0533
1445	0.293	0.226	0.128	0.0534
1446	0.295	0.225	0.129	0.053
1447	0.297	0.223	0.131	0.0526
1448	0.297	0.224	0.13	0.0527
1449	0.297	0.224	0.13	0.0528
1450	0.297	0.224	0.13	0.0528
1451	0.297	0.224	0.13	0.0528
1452	0.296	0.224	0.13	0.0528
1453	0.296	0.224	0.13	0.0528
1454	0.296	0.224	0.13	0.0529
1455	0.296	0.224	0.13	0.0528
1456	0.296	0.224	0.13	0.0528
1457	0.296	0.224	0.13	0.0529
1458	0.296	0.224	0.13	0.0529
1459	0.296	0.224	0.13	0.0529
1460	0.296	0.224	0.13	0.0529
1461	0.296	0.224	0.13	0.053
1462	0.296	0.224	0.13	0.053
1463	0.295	0.224	0.13	0.053
1464	0.295	0.224	0.129	0.053
1465	0.295	0.224	0.129	0.053
1466	0.295	0.224	0.129	0.053
1467	0.295	0.224	0.129	0.053
1468	0.295	0.224	0.13	0.053
1469	0.295	0.224	0.129	0.053
1470	0.295	0.224	0.129	0.053
1471	0.295	0.224	0.129	0.053
1472	0.295	0.224	0.129	0.053
1473	0.295	0.224	0.129	0.053
1474	0.294	0.224	0.129	0.053
1475	0.295	0.224	0.129	0.053
1476	0.294	0.224	0.129	0.0531
1477	0.294	0.224	0.129	0.053
1478	0.294	0.224	0.129	0.053
1479	0.295	0.224	0.129	0.053
1480	0.294	0.224	0.129	0.053
1481	0.294	0.224	0.129	0.053
1482	0.294	0.224	0.129	0.0531
1483	0.294	0.224	0.129	0.053
1484	0.294	0.224	0.129	0.053
1485	0.294	0.224	0.129	0.0531
1486	0.294	0.224	0.129	0.0531
1487	0.294	0.224	0.129	0.053
1488	0.294	0.224	0.129	0.053
1489	0.294	0.224	0.129	0.053
1490	0.294	0.224	0.129	0.0531
1491	0.294	0.224	0.129	0.0531
1492	0.294	0.224	0.129	0.0531
1493	0.294	0.224	0.129	0.0531
1494	0.293	0.224	0.129	0.0531
1495	0.293	0.224	0.129	0.0531
1496	0.294	0.224	0.129	0.0531
1497	0.294	0.224	0.129	0.053
1498	0.294	0.224	0.129	0.053
1499	0.293	0.224	0.129	0.053
1500	0.294	0.224	0.129	0.0531
1501	0.293	0.224	0.129	0.0531
1502	0.293	0.224	0.129	0.0531
1503	0.293	0.224	0.129	0.0531
1504	0.293	0.224	0.129	0.0531
1505	0.293	0.224	0.129	0.053
1506	0.293	0.224	0.129	0.0531
1507	0.293	0.224	0.129	0.0531
1508	0.293	0.224	0.129	0.0531
1509	0.293	0.224	0.129	0.0531
1510	0.293	0.224	0.129	0.0531
1511	0.293	0.224	0.129	0.0531
1512	0.293	0.224	0.129	0.0531
1513	0.293	0.224	0.128	0.0532
1514	0.293	0.224	0.129	0.0531
1515	0.292	0.224	0.129	0.0531
1516	0.292	0.224	0.128	0.0531
1517	0.292	0.224	0.129	0.0531
1518	0.293	0.224	0.128	0.0531
1519	0.292	0.224	0.128	0.0531
1520	0.292	0.224	0.128	0.0531
1521	0.292	0.224	0.128	0.0531
1522	0.292	0.224	0.128	0.0531
1523	0.292	0.224	0.128	0.0531
1524	0.292	0.224	0.128	0.0531
1525	0.292	0.224	0.128	0.0531
1526	0.292	0.224	0.128	0.0531
1527	0.292	0.224	0.128	0.0531
1528	0.292	0.224	0.128	0.0531
1529	0.292	0.224	0.128	0.0531
1530	0.292	0.224	0.128	0.0531
1531	0.292	0.224	0.128	0.0531
1532	0.292	0.224	0.128	0.0531
1533	0.292	0.224	0.128	0.0531
1534	0.292	0.224	0.128	0.0531
1535	0.292	0.224	0.128	0.0531
1536	0.291	0.224	0.128	0.0531
1537	0.292	0.224	0.128	0.0531
1538	0.291	0.224	0.128	0.0531
1539	0.292	0.224	0.128	0.053
1540	0.292	0.224	0.128	0.0531
1541	0.291	0.224	0.128	0.0531
1542	0.291	0.224	0.128	0.0531
1543	0.291	0.224	0.128	0.0531
1544	0.291	0.224	0.128	0.0531
1545	0.291	0.224	0.128	0.0531
1546	0.291	0.223	0.128	0.0531
1547	0.291	0.223	0.128	0.0531
1548	0.291	0.223	0.128	0.053
1549	0.291	0.224	0.128	0.0532
1550	0.291	0.223	0.128	0.0531
1551	0.291	0.223	0.128	0.0531
1552	0.291	0.223	0.128	0.0531
1553	0.29	0.223	0.128	0.0531
1554	0.291	0.223	0.128	0.0531
1555	0.291	0.223	0.128	0.0531
1556	0.29	0.223	0.128	0.0531
1557	0.291	0.223	0.128	0.0531
1558	0.291	0.223	0.128	0.0531
1559	0.29	0.223	0.128	0.0532
1560	0.29	0.223	0.128	0.0531
1561	0.29	0.223	0.128	0.0531
1562	0.29	0.223	0.128	0.0531
1563	0.29	0.223	0.128	0.0531
1564	0.29	0.223	0.128	0.0531
1565	0.29	0.223	0.128	0.0531
1566	0.29	0.223	0.128	0.053
1567	0.29	0.223	0.128	0.0531
1568	0.29	0.223	0.128	0.0531
1569	0.29	0.223	0.128	0.053
1570	0.29	0.223	0.128	0.0531
1571	0.29	0.223	0.128	0.0531
1572	0.29	0.223	0.128	0.0531
1573	0.29	0.223	0.128	0.0531
1574	0.29	0.223	0.128	0.0531
1575	0.29	0.223	0.128	0.0531
1576	0.29	0.223	0.128	0.0531
1577	0.29	0.223	0.128	0.0531
1578	0.29	0.223	0.128	0.053
1579	0.29	0.223	0.128	0.0531
1580	0.29	0.223	0.128	0.0531
1581	0.29	0.223	0.128	0.0531
1582	0.29	0.223	0.128	0.0531
1583	0.289	0.223	0.128	0.0531
1584	0.289	0.223	0.128	0.0531
1585	0.289	0.223	0.128	0.0531
1586	0.289	0.223	0.127	0.0531
1587	0.289	0.223	0.127	0.0531
1588	0.289	0.223	0.127	0.0531
1589	0.289	0.223	0.127	0.0531
1590	0.289	0.223	0.128	0.0531
1591	0.289	0.223	0.128	0.0531
1592	0.289	0.223	0.127	0.053
1593	0.289	0.223	0.127	0.0531
1594	0.289	0.223	0.127	0.0531
1595	0.289	0.223	0.127	0.0531
