Iteration	ValueMean	ValueStddev	DerivMean	DerivStddev
3	0.5	0.278	0.161	0.0682
4	0.507	0.277	0.165	0.0657
5	0.514	0.269	0.165	0.061
6	0.526	0.265	0.166	0.0601
7	0.528	0.263	0.166	0.0585
8	0.529	0.263	0.166	0.0582
9	0.53	0.263	0.165	0.0579
10	0.529	0.262	0.165	0.0575
11	0.529	0.262	0.165	0.0573
12	0.531	0.262	0.165	0.057
13	0.531	0.262	0.165	0.0569
14	0.531	0.261	0.165	0.0567
15	0.531	0.261	0.165	0.0565
16	0.531	0.261	0.164	0.0563
17	0.531	0.261	0.164	0.056
18	0.531	0.26	0.164	0.0559
19	0.532	0.26	0.164	0.0557
20	0.531	0.26	0.164	0.0556
21	0.531	0.259	0.164	0.0555
22	0.531	0.259	0.164	0.0555
23	0.531	0.26	0.163	0.0554
24	0.531	0.259	0.164	0.0553
25	0.531	0.26	0.163	0.0551
26	0.53	0.259	0.163	0.0551
27	0.53	0.259	0.163	0.0547
28	0.53	0.259	0.163	0.0548
29	0.529	0.259	0.163	0.0548
30	0.529	0.259	0.163	0.0545
31	0.529	0.259	0.163	0.0545
32	0.528	0.258	0.163	0.0545
33	0.528	0.258	0.163	0.0543
34	0.527	0.258	0.163	0.0542
35	0.527	0.258	0.163	0.0541
36	0.526	0.257	0.163	0.054
37	0.526	0.257	0.163	0.054
38	0.526	0.257	0.163	0.0539
39	0.525	0.257	0.163	0.0538
40	0.525	0.256	0.163	0.0536
41	0.525	0.256	0.163	0.0536
42	0.524	0.256	0.163	0.0535
43	0.524	0.256	0.163	0.0534
44	0.523	0.256	0.163	0.0533
45	0.523	0.256	0.163	0.0532
46	0.522	0.256	0.163	0.0532
47	0.521	0.256	0.163	0.0531
48	0.521	0.256	0.163	0.0529
49	0.521	0.256	0.163	0.0529
50	0.52	0.255	0.163	0.0527
51	0.519	0.254	0.163	0.0525
52	0.519	0.255	0.163	0.0525
53	0.518	0.255	0.163	0.0525
54	0.518	0.254	0.163	0.0525
55	0.517	0.254	0.163	0.0523
56	0.516	0.254	0.163	0.0523
57	0.515	0.254	0.163	0.0523
58	0.515	0.254	0.163	0.0522
59	0.515	0.253	0.163	0.052
60	0.514	0.253	0.163	0.052
61	0.514	0.253	0.163	0.0519
62	0.513	0.252	0.163	0.0518
63	0.512	0.252	0.163	0.0516
64	0.511	0.252	0.163	0.0516
65	0.511	0.252	0.163	0.0517
66	0.511	0.252	0.163	0.0517
67	0.51	0.252	0.163	0.0517
68	0.51	0.252	0.163	0.0516
69	0.509	0.252	0.163	0.0514
70	0.509	0.252	0.163	0.0514
71	0.508	0.252	0.163	0.0514
72	0.507	0.252	0.163	0.0514
73	0.507	0.251	0.163	0.0513
74	0.507	0.251	0.163	0.0513
75	0.506	0.251	0.163	0.0511
76	0.505	0.251	0.163	0.0512
77	0.505	0.251	0.163	0.0512
78	0.504	0.251	0.163	0.0512
79	0.504	0.251	0.163	0.0511
80	0.503	0.251	0.163	0.051
81	0.502	0.251	0.163	0.051
82	0.502	0.251	0.163	0.051
83	0.502	0.251	0.163	0.051
84	0.501	0.25	0.163	0.0508
85	0.501	0.25	0.163	0.0508
86	0.5	0.25	0.163	0.0508
87	0.499	0.25	0.163	0.0508
88	0.499	0.25	0.163	0.0507
89	0.498	0.25	0.163	0.0507
90	0.498	0.25	0.163	0.0506
91	0.497	0.249	0.163	0.0506
92	0.497	0.25	0.163	0.0507
93	0.497	0.249	0.163	0.0506
94	0.496	0.249	0.163	0.0506
95	0.495	0.249	0.163	0.0506
96	0.495	0.249	0.163	0.0506
97	0.494	0.249	0.163	0.0505
98	0.494	0.249	0.163	0.0506
99	0.493	0.249	0.163	0.0505
100	0.492	0.249	0.163	0.0504
101	0.492	0.249	0.163	0.0504
102	0.491	0.249	0.163	0.0505
103	0.491	0.249	0.163	0.0504
104	0.49	0.249	0.163	0.0505
105	0.49	0.249	0.163	0.0504
106	0.489	0.249	0.163	0.0504
107	0.489	0.249	0.163	0.0504
108	0.488	0.249	0.163	0.0503
109	0.488	0.248	0.163	0.0502
110	0.487	0.249	0.162	0.0501
111	0.487	0.248	0.163	0.05
112	0.486	0.248	0.162	0.0501
113	0.485	0.248	0.163	0.0501
114	0.485	0.248	0.163	0.0501
115	0.484	0.248	0.163	0.0501
116	0.484	0.248	0.162	0.0501
117	0.483	0.248	0.163	0.0501
118	0.482	0.248	0.163	0.0501
119	0.482	0.248	0.162	0.0501
120	0.481	0.248	0.163	0.05
121	0.481	0.247	0.162	0.0499
122	0.48	0.247	0.162	0.05
123	0.48	0.247	0.162	0.05
124	0.479	0.247	0.162	0.05
125	0.479	0.247	0.162	0.05
126	0.479	0.247	0.162	0.05
127	0.478	0.247	0.162	0.0499
128	0.478	0.247	0.162	0.0499
129	0.477	0.247	0.162	0.0499
130	0.476	0.247	0.162	0.0499
131	0.476	0.247	0.162	0.0499
132	0.475	0.247	0.162	0.05
133	0.475	0.247	0.162	0.05
134	0.474	0.247	0.162	0.0499
135	0.474	0.247	0.162	0.05
136	0.473	0.247	0.162	0.0499
137	0.473	0.247	0.162	0.0498
138	0.473	0.247	0.162	0.0498
139	0.472	0.247	0.162	0.0497
140	0.472	0.247	0.162	0.0498
141	0.471	0.246	0.162	0.0497
142	0.471	0.246	0.162	0.0497
143	0.471	0.247	0.162	0.0499
144	0.47	0.246	0.162	0.0498
145	0.469	0.246	0.162	0.0497
146	0.469	0.246	0.162	0.0498
147	0.469	0.246	0.162	0.0498
148	0.468	0.246	0.162	0.0498
149	0.468	0.247	0.162	0.0497
150	0.467	0.247	0.162	0.0497
151	0.467	0.246	0.162	0.0497
152	0.466	0.246	0.162	0.0496
153	0.466	0.246	0.162	0.0495
154	0.466	0.246	0.162	0.0495
155	0.465	0.246	0.162	0.0495
156	0.465	0.246	0.161	0.0496
157	0.464	0.246	0.161	0.0497
158	0.463	0.246	0.161	0.0496
159	0.463	0.246	0.162	0.0497
160	0.463	0.246	0.161	0.0495
161	0.462	0.246	0.161	0.0495
162	0.462	0.246	0.161	0.0494
163	0.462	0.246	0.161	0.0495
164	0.461	0.246	0.161	0.0494
165	0.461	0.246	0.161	0.0495
166	0.46	0.246	0.161	0.0494
167	0.459	0.246	0.161	0.0495
168	0.459	0.246	0.161	0.0496
169	0.459	0.246	0.161	0.0497
170	0.458	0.246	0.161	0.0497
171	0.458	0.246	0.161	0.0496
172	0.457	0.246	0.161	0.0496
173	0.457	0.246	0.161	0.0495
174	0.456	0.246	0.161	0.0496
175	0.456	0.246	0.161	0.0495
176	0.455	0.246	0.161	0.0496
177	0.455	0.246	0.161	0.0495
178	0.455	0.246	0.161	0.0495
179	0.454	0.246	0.161	0.0496
180	0.454	0.246	0.16	0.0496
181	0.454	0.246	0.16	0.0495
182	0.453	0.246	0.16	0.0496
183	0.453	0.246	0.16	0.0497
184	0.452	0.246	0.16	0.0497
185	0.452	0.246	0.16	0.0497
186	0.451	0.246	0.16	0.0496
187	0.451	0.246	0.16	0.0495
188	0.451	0.246	0.16	0.0495
189	0.45	0.246	0.16	0.0495
190	0.45	0.246	0.16	0.0496
191	0.449	0.246	0.16	0.0495
192	0.449	0.246	0.16	0.0495
193	0.449	0.246	0.16	0.0495
194	0.448	0.246	0.16	0.0494
195	0.448	0.246	0.16	0.0494
196	0.447	0.246	0.16	0.0494
197	0.447	0.246	0.16	0.0494
198	0.446	0.246	0.16	0.0493
199	0.446	0.246	0.159	0.0494
200	0.446	0.246	0.159	0.0494
201	0.445	0.246	0.159	0.0494
202	0.445	0.246	0.159	0.0495
203	0.445	0.245	0.159	0.0494
204	0.444	0.245	0.159	0.0494
205	0.444	0.246	0.159	0.0494
206	0.443	0.245	0.159	0.0494
207	0.443	0.246	0.159	0.0494
208	0.443	0.246	0.159	0.0494
209	0.442	0.246	0.159	0.0494
210	0.442	0.245	0.159	0.0494
211	0.442	0.246	0.159	0.0493
212	0.441	0.245	0.159	0.0493
213	0.441	0.245	0.159	0.0492
214	0.44	0.245	0.159	0.0493
215	0.44	0.245	0.159	0.0492
216	0.439	0.245	0.159	0.0493
217	0.439	0.245	0.159	0.0494
218	0.439	0.245	0.158	0.0494
219	0.438	0.245	0.159	0.0494
220	0.438	0.245	0.158	0.0493
221	0.438	0.245	0.158	0.0493
222	0.437	0.245	0.158	0.0493
223	0.437	0.245	0.158	0.0491
224	0.436	0.245	0.158	0.0491
225	0.436	0.245	0.158	0.0492
226	0.436	0.245	0.158	0.0491
227	0.436	0.245	0.158	0.0491
228	0.435	0.245	0.158	0.0491
229	0.435	0.245	0.158	0.0492
230	0.435	0.245	0.158	0.0492
231	0.434	0.245	0.158	0.0491
232	0.434	0.245	0.158	0.0493
233	0.434	0.245	0.158	0.0493
234	0.433	0.245	0.158	0.0492
235	0.433	0.245	0.158	0.0491
236	0.433	0.245	0.158	0.0491
237	0.432	0.245	0.158	0.0492
238	0.432	0.245	0.158	0.0492
239	0.431	0.245	0.158	0.0492
240	0.431	0.245	0.158	0.0492
241	0.431	0.245	0.158	0.0493
242	0.431	0.245	0.158	0.0491
243	0.43	0.245	0.158	0.0492
244	0.43	0.245	0.158	0.0491
245	0.429	0.245	0.158	0.0491
246	0.429	0.245	0.158	0.0491
247	0.429	0.244	0.158	0.0491
248	0.429	0.244	0.157	0.0492
249	0.428	0.244	0.157	0.0492
250	0.428	0.244	0.157	0.0492
251	0.428	0.244	0.157	0.0492
252	0.427	0.245	0.157	0.0492
253	0.427	0.245	0.157	0.0493
254	0.426	0.245	0.157	0.0494
255	0.426	0.245	0.157	0.0493
256	0.426	0.245	0.157	0.0493
257	0.425	0.245	0.157	0.0494
258	0.425	0.245	0.157	0.0493
259	0.425	0.245	0.157	0.0493
260	0.425	0.245	0.157	0.0493
261	0.425	0.244	0.157	0.0492
262	0.424	0.244	0.157	0.0492
263	0.424	0.244	0.157	0.0491
264	0.423	0.244	0.157	0.0492
265	0.423	0.244	0.157	0.0491
266	0.423	0.244	0.157	0.0492
267	0.422	0.244	0.156	0.0493
268	0.422	0.244	0.156	0.0493
269	0.422	0.244	0.156	0.0493
270	0.421	0.244	0.156	0.0493
271	0.422	0.245	0.156	0.0494
272	0.421	0.244	0.156	0.0494
273	0.42	0.245	0.156	0.0494
274	0.421	0.244	0.156	0.0493
275	0.42	0.244	0.156	0.0492
276	0.42	0.244	0.156	0.0492
277	0.42	0.244	0.156	0.0491
278	0.419	0.244	0.156	0.0492
279	0.419	0.244	0.156	0.0492
280	0.419	0.244	0.156	0.0493
281	0.418	0.244	0.156	0.0494
282	0.418	0.244	0.156	0.0494
283	0.417	0.244	0.156	0.0493
284	0.417	0.244	0.156	0.0493
285	0.417	0.244	0.156	0.0494
286	0.417	0.244	0.155	0.0494
287	0.416	0.244	0.155	0.0493
288	0.416	0.244	0.155	0.0492
289	0.416	0.244	0.155	0.0492
290	0.416	0.244	0.155	0.0492
291	0.415	0.244	0.155	0.0493
292	0.415	0.244	0.155	0.0494
293	0.414	0.244	0.155	0.0494
294	0.414	0.244	0.155	0.0493
295	0.414	0.244	0.155	0.0494
296	0.414	0.244	0.155	0.0493
297	0.414	0.244	0.155	0.0493
298	0.413	0.244	0.155	0.0493
299	0.413	0.244	0.155	0.0493
300	0.413	0.244	0.155	0.0493
301	0.413	0.244	0.155	0.0494
302	0.412	0.244	0.155	0.0494
303	0.412	0.244	0.155	0.0494
304	0.412	0.244	0.155	0.0493
305	0.412	0.244	0.155	0.0494
306	0.411	0.243	0.155	0.0493
307	0.411	0.244	0.155	0.0494
308	0.411	0.244	0.155	0.0494
309	0.411	0.244	0.155	0.0494
310	0.41	0.244	0.155	0.0493
311	0.41	0.244	0.155	0.0494
312	0.41	0.244	0.155	0.0494
313	0.41	0.244	0.154	0.0494
314	0.409	0.244	0.154	0.0494
315	0.409	0.244	0.154	0.0495
316	0.408	0.244	0.154	0.0495
317	0.408	0.244	0.154	0.0494
318	0.408	0.244	0.154	0.0495
319	0.408	0.244	0.154	0.0495
320	0.408	0.244	0.154	0.0495
321	0.408	0.244	0.154	0.0495
322	0.407	0.244	0.154	0.0496
323	0.407	0.244	0.154	0.0495
324	0.407	0.244	0.154	0.0495
325	0.406	0.244	0.154	0.0496
326	0.406	0.244	0.154	0.0496
327	0.406	0.244	0.154	0.0497
328	0.406	0.244	0.154	0.0496
329	0.406	0.244	0.154	0.0496
330	0.405	0.244	0.154	0.0496
331	0.405	0.244	0.154	0.0495
332	0.405	0.244	0.154	0.0495
333	0.404	0.244	0.153	0.0495
334	0.404	0.244	0.153	0.0497
335	0.404	0.244	0.153	0.0497
336	0.403	0.244	0.153	0.0496
337	0.403	0.244	0.153	0.0496
338	0.403	0.244	0.153	0.0496
339	0.403	0.244	0.153	0.0497
340	0.403	0.244	0.153	0.0496
341	0.402	0.244	0.153	0.0496
342	0.402	0.244	0.153	0.0496
343	0.402	0.244	0.153	0.0495
344	0.402	0.244	0.153	0.0496
345	0.402	0.244	0.153	0.0496
346	0.401	0.244	0.153	0.0495
347	0.401	0.244	0.153	0.0495
348	0.401	0.244	0.153	0.0495
349	0.401	0.243	0.153	0.0495
350	0.4	0.244	0.153	0.0496
351	0.4	0.244	0.153	0.0497
352	0.4	0.244	0.153	0.0496
353	0.4	0.244	0.153	0.0497
354	0.4	0.244	0.153	0.0497
355	0.399	0.244	0.153	0.0497
356	0.399	0.243	0.153	0.0497
357	0.399	0.243	0.153	0.0497
358	0.399	0.244	0.153	0.0497
359	0.399	0.243	0.153	0.0497
360	0.399	0.243	0.153	0.0497
361	0.398	0.243	0.152	0.0497
362	0.398	0.244	0.152	0.0499
363	0.398	0.243	0.152	0.0498
364	0.397	0.243	0.152	0.0498
365	0.398	0.243	0.152	0.0498
366	0.397	0.243	0.152	0.0498
367	0.397	0.243	0.152	0.0497
368	0.396	0.243	0.152	0.0498
369	0.396	0.243	0.152	0.0498
370	0.396	0.243	0.152	0.0498
371	0.396	0.243	0.152	0.0498
372	0.395	0.243	0.152	0.0498
373	0.395	0.243	0.152	0.0498
374	0.395	0.243	0.152	0.0498
375	0.395	0.243	0.152	0.0498
376	0.395	0.243	0.152	0.0499
377	0.395	0.243	0.152	0.0498
378	0.394	0.243	0.152	0.0499
379	0.394	0.243	0.152	0.0499
380	0.394	0.243	0.152	0.05
381	0.394	0.243	0.152	0.0499
382	0.393	0.243	0.152	0.05
383	0.393	0.243	0.152	0.0499
384	0.393	0.243	0.152	0.05
385	0.393	0.243	0.152	0.0499
386	0.392	0.243	0.151	0.0499
387	0.392	0.243	0.151	0.0498
388	0.392	0.243	0.151	0.0498
389	0.392	0.243	0.151	0.0499
390	0.392	0.243	0.151	0.0498
391	0.392	0.243	0.151	0.0498
392	0.392	0.243	0.151	0.0498
393	0.392	0.242	0.151	0.0498
394	0.391	0.243	0.151	0.0498
395	0.391	0.243	0.151	0.0499
396	0.391	0.243	0.151	0.0499
397	0.391	0.243	0.151	0.0498
398	0.391	0.243	0.151	0.0499
399	0.39	0.243	0.151	0.05
400	0.39	0.243	0.151	0.05
401	0.389	0.243	0.151	0.05
402	0.389	0.243	0.151	0.05
403	0.389	0.243	0.151	0.05
404	0.389	0.243	0.151	0.05
405	0.389	0.243	0.151	0.05
406	0.389	0.243	0.151	0.0501
407	0.389	0.243	0.151	0.0501
408	0.389	0.243	0.151	0.0501
409	0.388	0.243	0.151	0.0502
410	0.388	0.243	0.151	0.05
411	0.388	0.243	0.151	0.0501
412	0.388	0.243	0.151	0.05
413	0.387	0.243	0.151	0.0501
414	0.387	0.243	0.15	0.05
415	0.387	0.243	0.15	0.0501
416	0.387	0.243	0.151	0.0501
417	0.387	0.243	0.15	0.0501
418	0.387	0.243	0.15	0.0501
419	0.386	0.243	0.15	0.05
420	0.386	0.243	0.15	0.05
421	0.386	0.243	0.15	0.0501
422	0.386	0.243	0.15	0.0501
423	0.386	0.243	0.15	0.0501
424	0.385	0.243	0.15	0.0501
425	0.385	0.243	0.15	0.0501
426	0.385	0.243	0.15	0.0501
427	0.385	0.243	0.15	0.0501
428	0.385	0.242	0.15	0.05
429	0.385	0.243	0.15	0.05
430	0.385	0.243	0.15	0.0501
431	0.384	0.242	0.15	0.0501
432	0.384	0.242	0.15	0.0501
433	0.384	0.243	0.15	0.0501
434	0.383	0.243	0.15	0.0502
435	0.383	0.243	0.15	0.0502
436	0.383	0.243	0.15	0.0502
437	0.383	0.243	0.15	0.0501
438	0.383	0.242	0.15	0.05
439	0.383	0.242	0.15	0.05
440	0.383	0.242	0.15	0.05
441	0.382	0.242	0.15	0.05
442	0.382	0.242	0.15	0.0501
443	0.382	0.242	0.149	0.0502
444	0.382	0.242	0.149	0.0501
445	0.382	0.242	0.149	0.0501
446	0.382	0.242	0.149	0.0501
447	0.381	0.242	0.149	0.0502
448	0.381	0.242	0.149	0.0501
449	0.381	0.242	0.149	0.0501
450	0.381	0.242	0.149	0.0501
451	0.381	0.242	0.149	0.0502
452	0.38	0.242	0.149	0.0502
453	0.38	0.242	0.149	0.0502
454	0.38	0.242	0.149	0.0502
455	0.38	0.242	0.149	0.0502
456	0.38	0.242	0.149	0.0502
457	0.38	0.242	0.149	0.0502
458	0.379	0.242	0.149	0.0502
459	0.379	0.242	0.149	0.0502
460	0.379	0.242	0.149	0.0502
461	0.379	0.242	0.149	0.0501
462	0.378	0.242	0.149	0.0502
463	0.378	0.242	0.149	0.0501
464	0.378	0.242	0.149	0.0502
465	0.378	0.242	0.149	0.0502
466	0.378	0.242	0.149	0.0502
467	0.378	0.242	0.149	0.0502
468	0.377	0.242	0.149	0.0502
469	0.377	0.242	0.148	0.0502
470	0.377	0.242	0.148	0.0502
471	0.377	0.242	0.148	0.0502
472	0.377	0.242	0.148	0.0503
473	0.377	0.242	0.148	0.0502
474	0.376	0.242	0.148	0.0502
475	0.376	0.242	0.148	0.0503
476	0.376	0.242	0.148	0.0502
477	0.376	0.242	0.148	0.0502
478	0.376	0.242	0.148	0.0502
479	0.376	0.242	0.148	0.0503
480	0.375	0.242	0.148	0.0504
481	0.375	0.242	0.148	0.0504
482	0.375	0.242	0.148	0.0503
483	0.375	0.242	0.148	0.0504
484	0.375	0.242	0.148	0.0504
485	0.374	0.242	0.148	0.0503
486	0.374	0.242	0.148	0.0504
487	0.374	0.242	0.148	0.0504
488	0.374	0.242	0.148	0.0504
489	0.374	0.241	0.148	0.0503
490	0.374	0.242	0.148	0.0504
491	0.374	0.242	0.148	0.0504
492	0.373	0.241	0.148	0.0504
493	0.374	0.242	0.148	0.0504
494	0.373	0.241	0.148	0.0504
495	0.373	0.241	0.148	0.0504
496	0.373	0.241	0.148	0.0504
497	0.372	0.241	0.148	0.0504
498	0.372	0.241	0.148	0.0504
499	0.372	0.241	0.148	0.0504
500	0.372	0.241	0.148	0.0504
501	0.372	0.241	0.148	0.0504
502	0.372	0.241	0.148	0.0504
503	0.372	0.241	0.147	0.0504
504	0.372	0.241	0.147	0.0504
505	0.372	0.241	0.147	0.0503
506	0.371	0.241	0.147	0.0504
507	0.371	0.241	0.147	0.0504
508	0.371	0.241	0.147	0.0504
509	0.371	0.241	0.147	0.0505
510	0.371	0.241	0.147	0.0504
511	0.371	0.241	0.147	0.0504
512	0.37	0.241	0.147	0.0505
513	0.37	0.241	0.147	0.0505
514	0.37	0.241	0.147	0.0505
515	0.37	0.241	0.147	0.0505
516	0.37	0.241	0.147	0.0505
517	0.37	0.241	0.147	0.0505
518	0.37	0.241	0.147	0.0505
519	0.37	0.241	0.147	0.0506
520	0.369	0.241	0.147	0.0506
521	0.369	0.241	0.147	0.0506
522	0.369	0.241	0.147	0.0506
523	0.369	0.241	0.147	0.0506
524	0.369	0.241	0.147	0.0506
525	0.368	0.241	0.147	0.0506
526	0.368	0.241	0.147	0.0506
527	0.368	0.241	0.147	0.0506
528	0.368	0.241	0.147	0.0506
529	0.368	0.241	0.147	0.0506
530	0.368	0.241	0.147	0.0506
531	0.367	0.241	0.147	0.0506
532	0.367	0.241	0.147	0.0506
533	0.367	0.241	0.146	0.0506
534	0.367	0.241	0.146	0.0506
535	0.367	0.241	0.147	0.0505
536	0.367	0.241	0.146	0.0505
537	0.367	0.241	0.146	0.0506
538	0.367	0.241	0.146	0.0506
539	0.366	0.241	0.146	0.0506
540	0.366	0.241	0.146	0.0506
541	0.366	0.241	0.146	0.0506
542	0.366	0.241	0.146	0.0506
543	0.366	0.241	0.146	0.0507
544	0.366	0.241	0.146	0.0506
545	0.365	0.241	0.146	0.0507
546	0.365	0.241	0.146	0.0508
547	0.365	0.241	0.146	0.0507
548	0.365	0.241	0.146	0.0507
549	0.365	0.24	0.146	0.0508
550	0.365	0.241	0.146	0.0507
551	0.365	0.241	0.146	0.0507
552	0.364	0.241	0.146	0.0507
553	0.364	0.241	0.146	0.0507
554	0.364	0.241	0.146	0.0507
555	0.364	0.241	0.146	0.0507
556	0.364	0.241	0.146	0.0507
557	0.364	0.241	0.146	0.0507
558	0.364	0.241	0.146	0.0507
559	0.363	0.241	0.146	0.0508
560	0.363	0.24	0.146	0.0508
561	0.363	0.24	0.146	0.0507
562	0.363	0.24	0.146	0.0507
563	0.363	0.241	0.146	0.0508
564	0.363	0.24	0.146	0.0507
565	0.363	0.24	0.146	0.0507
566	0.362	0.24	0.145	0.0507
567	0.362	0.24	0.145	0.0507
568	0.362	0.24	0.145	0.0508
569	0.362	0.24	0.145	0.0508
570	0.362	0.24	0.146	0.0507
571	0.362	0.24	0.145	0.0507
572	0.361	0.24	0.145	0.0507
573	0.361	0.24	0.145	0.0507
574	0.361	0.24	0.145	0.0506
575	0.361	0.24	0.145	0.0506
576	0.361	0.24	0.145	0.0506
577	0.361	0.24	0.145	0.0507
578	0.361	0.24	0.145	0.0506
579	0.361	0.24	0.145	0.0507
580	0.361	0.24	0.145	0.0507
581	0.361	0.24	0.145	0.0507
582	0.361	0.24	0.145	0.0507
583	0.36	0.24	0.145	0.0508
584	0.36	0.24	0.145	0.0507
585	0.36	0.24	0.145	0.0506
586	0.36	0.24	0.145	0.0506
587	0.36	0.24	0.145	0.0506
588	0.359	0.24	0.145	0.0506
589	0.36	0.24	0.145	0.0506
590	0.36	0.24	0.145	0.0506
591	0.359	0.24	0.145	0.0506
592	0.359	0.239	0.145	0.0506
593	0.359	0.239	0.145	0.0506
594	0.359	0.239	0.145	0.0506
595	0.359	0.239	0.145	0.0506
596	0.359	0.239	0.145	0.0506
597	0.358	0.239	0.145	0.0506
598	0.358	0.239	0.145	0.0506
599	0.358	0.239	0.145	0.0506
600	0.358	0.239	0.145	0.0506
601	0.358	0.239	0.145	0.0505
602	0.358	0.239	0.145	0.0505
603	0.358	0.239	0.145	0.0506
604	0.358	0.239	0.145	0.0506
605	0.357	0.239	0.144	0.0506
606	0.357	0.239	0.144	0.0506
607	0.357	0.239	0.144	0.0506
608	0.357	0.239	0.144	0.0505
609	0.357	0.239	0.144	0.0506
610	0.357	0.239	0.144	0.0506
611	0.356	0.239	0.144	0.0506
612	0.356	0.239	0.144	0.0507
613	0.356	0.239	0.144	0.0506
614	0.356	0.239	0.144	0.0507
615	0.356	0.239	0.144	0.0507
616	0.356	0.239	0.144	0.0506
617	0.356	0.239	0.144	0.0507
618	0.356	0.239	0.144	0.0507
619	0.356	0.239	0.144	0.0507
620	0.355	0.239	0.144	0.0506
621	0.355	0.239	0.144	0.0506
622	0.355	0.239	0.144	0.0507
623	0.355	0.239	0.144	0.0507
624	0.354	0.239	0.144	0.0507
625	0.355	0.239	0.144	0.0506
626	0.355	0.239	0.144	0.0507
627	0.354	0.239	0.144	0.0507
628	0.354	0.239	0.144	0.0506
629	0.354	0.239	0.144	0.0507
630	0.354	0.238	0.144	0.0507
631	0.354	0.238	0.144	0.0506
632	0.354	0.239	0.144	0.0507
633	0.354	0.239	0.144	0.0506
634	0.354	0.239	0.144	0.0506
635	0.353	0.239	0.144	0.0507
636	0.353	0.238	0.144	0.0506
637	0.353	0.238	0.144	0.0506
638	0.353	0.238	0.144	0.0506
639	0.353	0.239	0.144	0.0507
640	0.353	0.239	0.144	0.0507
641	0.353	0.239	0.144	0.0506
642	0.353	0.238	0.144	0.0507
643	0.353	0.239	0.144	0.0507
644	0.353	0.238	0.144	0.0507
645	0.353	0.238	0.144	0.0506
646	0.352	0.238	0.143	0.0507
647	0.352	0.238	0.144	0.0508
648	0.352	0.239	0.143	0.0508
649	0.352	0.238	0.144	0.0508
650	0.352	0.238	0.143	0.0507
651	0.352	0.238	0.144	0.0507
652	0.352	0.238	0.143	0.0508
653	0.352	0.238	0.143	0.0507
654	0.351	0.238	0.143	0.0507
655	0.351	0.238	0.143	0.0507
656	0.351	0.238	0.143	0.0508
657	0.351	0.238	0.143	0.0507
658	0.351	0.238	0.143	0.0508
659	0.351	0.238	0.143	0.0508
660	0.351	0.238	0.143	0.0508
661	0.351	0.238	0.143	0.0508
662	0.35	0.238	0.143	0.0508
663	0.35	0.238	0.143	0.0507
664	0.35	0.238	0.143	0.0508
665	0.35	0.238	0.143	0.0508
666	0.35	0.238	0.143	0.0508
667	0.35	0.238	0.143	0.0508
668	0.35	0.238	0.143	0.0508
669	0.35	0.238	0.143	0.0508
670	0.35	0.238	0.143	0.0509
671	0.349	0.238	0.143	0.0508
672	0.349	0.238	0.143	0.0508
673	0.349	0.238	0.143	0.0508
674	0.349	0.238	0.143	0.0509
675	0.349	0.238	0.143	0.0509
676	0.349	0.238	0.143	0.0509
677	0.348	0.238	0.143	0.0509
678	0.349	0.238	0.143	0.0509
679	0.348	0.238	0.143	0.0508
680	0.348	0.238	0.143	0.0508
681	0.348	0.238	0.143	0.0508
682	0.348	0.238	0.143	0.0509
683	0.348	0.238	0.143	0.0509
684	0.348	0.238	0.143	0.0509
685	0.348	0.238	0.143	0.0509
686	0.348	0.238	0.143	0.0509
687	0.348	0.238	0.143	0.0509
688	0.347	0.238	0.143	0.0509
689	0.347	0.238	0.143	0.0508
690	0.347	0.238	0.143	0.0508
691	0.347	0.238	0.142	0.0509
692	0.347	0.238	0.143	0.0509
693	0.347	0.237	0.143	0.0509
694	0.347	0.237	0.143	0.0508
695	0.347	0.238	0.143	0.0509
696	0.347	0.237	0.142	0.0509
697	0.346	0.238	0.142	0.0509
698	0.347	0.237	0.142	0.0509
699	0.346	0.237	0.142	0.0509
700	0.346	0.237	0.142	0.051
701	0.346	0.237	0.142	0.0509
702	0.346	0.237	0.142	0.051
703	0.346	0.237	0.142	0.0509
704	0.346	0.237	0.142	0.051
705	0.346	0.237	0.142	0.0509
706	0.346	0.237	0.142	0.0509
707	0.346	0.237	0.142	0.0509
708	0.345	0.237	0.142	0.0509
709	0.345	0.237	0.142	0.0509
710	0.345	0.237	0.142	0.0509
711	0.345	0.237	0.142	0.0509
712	0.345	0.237	0.142	0.0509
713	0.345	0.237	0.142	0.0509
714	0.345	0.237	0.142	0.0509
715	0.345	0.237	0.142	0.051
716	0.344	0.237	0.142	0.051
717	0.345	0.237	0.142	0.051
718	0.344	0.237	0.142	0.0511
719	0.344	0.237	0.142	0.051
720	0.344	0.237	0.142	0.0511
721	0.344	0.237	0.142	0.0511
722	0.344	0.237	0.142	0.0511
723	0.344	0.237	0.142	0.051
724	0.344	0.237	0.142	0.051
725	0.344	0.237	0.142	0.051
726	0.344	0.237	0.142	0.051
727	0.344	0.237	0.142	0.051
728	0.344	0.237	0.142	0.051
729	0.343	0.237	0.142	0.051
730	0.344	0.237	0.142	0.051
731	0.343	0.237	0.142	0.051
732	0.343	0.237	0.142	0.051
733	0.343	0.237	0.141	0.051
734	0.343	0.237	0.141	0.051
735	0.343	0.237	0.142	0.051
736	0.343	0.237	0.141	0.051
737	0.343	0.237	0.141	0.051
738	0.343	0.237	0.141	0.051
739	0.343	0.237	0.141	0.051
740	0.342	0.237	0.141	0.051
741	0.342	0.237	0.141	0.051
742	0.342	0.237	0.141	0.051
743	0.342	0.237	0.141	0.051
744	0.342	0.237	0.141	0.051
745	0.342	0.237	0.141	0.0509
746	0.342	0.237	0.141	0.0509
747	0.342	0.237	0.141	0.0509
748	0.341	0.237	0.141	0.051
749	0.341	0.237	0.141	0.0509
750	0.341	0.237	0.141	0.0509
751	0.341	0.237	0.141	0.0509
752	0.341	0.237	0.141	0.051
753	0.341	0.237	0.141	0.051
754	0.341	0.237	0.141	0.051
755	0.341	0.237	0.141	0.051
756	0.341	0.237	0.141	0.051
757	0.341	0.236	0.141	0.051
758	0.341	0.237	0.141	0.051
759	0.341	0.236	0.141	0.051
760	0.34	0.236	0.141	0.051
761	0.34	0.236	0.141	0.0511
762	0.34	0.236	0.141	0.051
763	0.34	0.236	0.141	0.051
764	0.34	0.236	0.141	0.051
765	0.34	0.236	0.141	0.0511
766	0.34	0.236	0.141	0.051
767	0.34	0.236	0.141	0.051
768	0.34	0.236	0.141	0.051
769	0.34	0.236	0.141	0.051
770	0.34	0.236	0.141	0.051
771	0.34	0.236	0.141	0.051
772	0.34	0.236	0.141	0.051
773	0.339	0.236	0.141	0.051
774	0.339	0.236	0.141	0.051
775	0.339	0.236	0.141	0.051
776	0.339	0.236	0.141	0.0509
777	0.339	0.236	0.141	0.051
778	0.339	0.236	0.141	0.0509
779	0.339	0.236	0.141	0.051
780	0.339	0.236	0.141	0.051
781	0.339	0.236	0.141	0.051
782	0.339	0.236	0.141	0.051
783	0.338	0.236	0.141	0.051
784	0.338	0.236	0.141	0.051
785	0.338	0.236	0.141	0.051
786	0.338	0.236	0.141	0.0509
787	0.338	0.236	0.141	0.0509
788	0.338	0.236	0.141	0.0509
789	0.338	0.236	0.141	0.051
790	0.338	0.236	0.14	0.051
791	0.337	0.236	0.14	0.051
792	0.338	0.236	0.14	0.051
793	0.337	0.235	0.141	0.051
794	0.337	0.235	0.14	0.051
795	0.337	0.236	0.14	0.051
796	0.337	0.236	0.14	0.051
797	0.337	0.236	0.14	0.051
798	0.337	0.236	0.14	0.051
799	0.337	0.236	0.14	0.051
800	0.337	0.236	0.14	0.051
801	0.337	0.236	0.14	0.051
802	0.337	0.236	0.14	0.051
803	0.337	0.236	0.14	0.051
804	0.337	0.235	0.14	0.051
805	0.336	0.236	0.14	0.051
806	0.336	0.236	0.14	0.0511
807	0.336	0.235	0.14	0.051
808	0.336	0.235	0.14	0.051
809	0.336	0.235	0.14	0.051
810	0.336	0.235	0.14	0.051
811	0.336	0.235	0.14	0.051
812	0.336	0.235	0.14	0.051
813	0.336	0.235	0.14	0.051
814	0.336	0.235	0.14	0.0511
815	0.336	0.235	0.14	0.0511
816	0.335	0.235	0.14	0.0511
817	0.336	0.235	0.14	0.051
818	0.335	0.235	0.14	0.051
819	0.335	0.235	0.14	0.051
820	0.335	0.235	0.14	0.0511
821	0.335	0.235	0.14	0.0511
822	0.335	0.235	0.14	0.051
823	0.335	0.235	0.14	0.0511
824	0.335	0.235	0.14	0.051
825	0.335	0.235	0.14	0.051
826	0.335	0.235	0.14	0.051
827	0.335	0.235	0.14	0.051
828	0.335	0.235	0.14	0.051
829	0.335	0.235	0.14	0.051
830	0.334	0.235	0.14	0.0509
831	0.334	0.235	0.14	0.0509
832	0.334	0.235	0.14	0.0509
833	0.334	0.235	0.14	0.051
834	0.334	0.235	0.14	0.051
835	0.334	0.235	0.14	0.051
836	0.334	0.235	0.14	0.0511
837	0.334	0.235	0.14	0.051
838	0.334	0.235	0.14	0.051
839	0.334	0.235	0.14	0.0511
840	0.334	0.235	0.14	0.051
841	0.334	0.235	0.14	0.051
842	0.334	0.235	0.14	0.0511
843	0.333	0.235	0.14	0.051
844	0.333	0.235	0.14	0.051
845	0.333	0.235	0.14	0.0511
846	0.333	0.235	0.14	0.0511
847	0.333	0.235	0.139	0.051
848	0.333	0.234	0.139	0.051
849	0.333	0.235	0.14	0.0511
850	0.333	0.235	0.139	0.0511
851	0.333	0.235	0.139	0.0511
852	0.333	0.234	0.139	0.0511
853	0.333	0.234	0.139	0.0511
854	0.332	0.234	0.139	0.0511
855	0.332	0.234	0.139	0.0511
856	0.332	0.234	0.139	0.0511
857	0.332	0.234	0.139	0.0511
858	0.332	0.234	0.139	0.0511
859	0.332	0.234	0.139	0.0511
860	0.332	0.234	0.139	0.051
861	0.332	0.234	0.139	0.051
862	0.332	0.234	0.139	0.0511
863	0.332	0.234	0.139	0.051
864	0.332	0.234	0.139	0.051
865	0.332	0.234	0.139	0.051
866	0.332	0.234	0.139	0.051
867	0.332	0.234	0.139	0.051
868	0.332	0.234	0.139	0.0509
869	0.331	0.234	0.139	0.051
870	0.331	0.234	0.139	0.051
871	0.331	0.234	0.139	0.051
872	0.331	0.234	0.139	0.051
873	0.331	0.234	0.139	0.051
874	0.331	0.234	0.139	0.051
875	0.331	0.234	0.139	0.051
876	0.33	0.234	0.139	0.051
877	0.331	0.234	0.139	0.0509
878	0.331	0.234	0.139	0.051
879	0.331	0.234	0.139	0.051
880	0.33	0.234	0.139	0.051
881	0.33	0.234	0.139	0.051
882	0.33	0.234	0.139	0.051
883	0.33	0.234	0.139	0.051
884	0.33	0.234	0.139	0.051
885	0.33	0.234	0.139	0.051
886	0.33	0.234	0.139	0.0511
887	0.33	0.234	0.139	0.051
888	0.33	0.234	0.139	0.051
889	0.33	0.234	0.139	0.051
890	0.33	0.234	0.139	0.0511
891	0.329	0.234	0.139	0.051
892	0.329	0.234	0.139	0.051
893	0.33	0.234	0.139	0.051
894	0.329	0.234	0.139	0.051
895	0.329	0.234	0.139	0.051
896	0.329	0.234	0.139	0.051
897	0.329	0.234	0.139	0.051
898	0.329	0.234	0.139	0.0511
899	0.329	0.234	0.139	0.0511
900	0.329	0.234	0.139	0.051
901	0.329	0.233	0.139	0.0511
902	0.329	0.233	0.139	0.051
903	0.329	0.233	0.139	0.051
904	0.329	0.233	0.139	0.051
905	0.328	0.233	0.139	0.051
906	0.328	0.233	0.139	0.051
907	0.328	0.233	0.139	0.051
908	0.328	0.233	0.139	0.0511
909	0.328	0.233	0.139	0.051
910	0.328	0.233	0.138	0.051
911	0.328	0.233	0.138	0.051
912	0.328	0.233	0.138	0.051
913	0.328	0.233	0.138	0.051
914	0.328	0.233	0.138	0.051
915	0.328	0.233	0.138	0.051
916	0.327	0.233	0.138	0.051
917	0.327	0.233	0.138	0.051
918	0.327	0.233	0.138	0.051
919	0.327	0.233	0.138	0.0511
920	0.327	0.233	0.138	0.051
921	0.327	0.233	0.138	0.051
922	0.327	0.233	0.138	0.051
923	0.327	0.233	0.138	0.051
924	0.327	0.233	0.138	0.051
925	0.327	0.233	0.138	0.051
926	0.327	0.233	0.138	0.051
927	0.327	0.233	0.138	0.051
928	0.327	0.233	0.138	0.051
929	0.326	0.233	0.138	0.0511
930	0.326	0.233	0.138	0.051
931	0.326	0.233	0.138	0.051
932	0.326	0.233	0.138	0.051
933	0.326	0.233	0.138	0.051
934	0.326	0.233	0.138	0.051
935	0.326	0.233	0.138	0.051
936	0.326	0.233	0.138	0.051
937	0.326	0.233	0.138	0.0509
938	0.326	0.233	0.138	0.051
939	0.326	0.233	0.138	0.051
940	0.326	0.233	0.138	0.051
941	0.326	0.232	0.138	0.051
942	0.326	0.232	0.138	0.051
943	0.325	0.232	0.138	0.051
944	0.325	0.232	0.138	0.051
945	0.326	0.232	0.138	0.051
946	0.325	0.233	0.138	0.051
947	0.325	0.233	0.138	0.051
948	0.325	0.232	0.138	0.051
949	0.325	0.232	0.138	0.0509
950	0.325	0.232	0.138	0.051
951	0.325	0.233	0.138	0.051
952	0.325	0.232	0.138	0.051
953	0.325	0.232	0.138	0.051
954	0.325	0.232	0.138	0.051
955	0.325	0.232	0.138	0.051
956	0.325	0.232	0.138	0.051
957	0.325	0.232	0.138	0.051
958	0.324	0.232	0.138	0.051
959	0.324	0.232	0.138	0.051
960	0.324	0.232	0.138	0.051
961	0.324	0.232	0.138	0.051
962	0.324	0.232	0.138	0.051
963	0.324	0.232	0.138	0.051
964	0.324	0.232	0.138	0.051
965	0.324	0.232	0.138	0.051
966	0.324	0.232	0.138	0.051
967	0.324	0.232	0.138	0.051
968	0.324	0.232	0.138	0.051
969	0.324	0.232	0.138	0.051
970	0.324	0.232	0.137	0.0509
971	0.323	0.232	0.138	0.051
972	0.323	0.232	0.137	0.0511
973	0.323	0.232	0.137	0.051
974	0.323	0.232	0.137	0.051
975	0.325	0.231	0.139	0.0506
976	0.326	0.229	0.14	0.0502
977	0.326	0.229	0.14	0.0502
978	0.326	0.229	0.14	0.0502
979	0.326	0.229	0.139	0.0503
980	0.326	0.229	0.139	0.0503
981	0.326	0.229	0.139	0.0502
982	0.326	0.229	0.139	0.0502
983	0.326	0.229	0.139	0.0502
984	0.326	0.229	0.139	0.0502
985	0.326	0.229	0.139	0.0502
986	0.326	0.229	0.139	0.0502
987	0.326	0.229	0.139	0.0502
988	0.326	0.229	0.139	0.0502
989	0.326	0.229	0.139	0.0503
990	0.326	0.229	0.139	0.0503
991	0.326	0.23	0.139	0.0503
992	0.325	0.229	0.139	0.0503
993	0.325	0.229	0.139	0.0503
994	0.325	0.229	0.139	0.0503
995	0.325	0.229	0.139	0.0503
996	0.325	0.229	0.139	0.0503
997	0.325	0.23	0.139	0.0503
998	0.325	0.229	0.139	0.0503
999	0.325	0.229	0.139	0.0503
1000	0.325	0.229	0.139	0.0504
1001	0.325	0.229	0.139	0.0503
1002	0.325	0.229	0.139	0.0503
1003	0.325	0.23	0.139	0.0503
1004	0.324	0.229	0.139	0.0503
1005	0.325	0.229	0.139	0.0504
1006	0.325	0.229	0.139	0.0503
1007	0.324	0.23	0.139	0.0504
1008	0.324	0.229	0.139	0.0503
1009	0.324	0.229	0.139	0.0503
1010	0.324	0.229	0.139	0.0503
1011	0.324	0.229	0.139	0.0503
1012	0.324	0.229	0.139	0.0504
1013	0.324	0.229	0.138	0.0504
1014	0.324	0.229	0.139	0.0503
1015	0.324	0.229	0.138	0.0504
1016	0.324	0.229	0.138	0.0504
1017	0.324	0.229	0.138	0.0504
1018	0.324	0.229	0.138	0.0504
1019	0.323	0.229	0.138	0.0504
1020	0.324	0.229	0.138	0.0504
1021	0.323	0.229	0.138	0.0503
1022	0.323	0.229	0.138	0.0503
1023	0.323	0.229	0.138	0.0503
1024	0.323	0.229	0.138	0.0503
1025	0.323	0.229	0.138	0.0503
1026	0.323	0.229	0.138	0.0503
1027	0.323	0.229	0.138	0.0503
1028	0.323	0.229	0.138	0.0504
1029	0.323	0.229	0.138	0.0503
1030	0.323	0.229	0.138	0.0504
1031	0.323	0.229	0.138	0.0504
1032	0.323	0.229	0.138	0.0504
1033	0.323	0.229	0.138	0.0504
1034	0.322	0.229	0.138	0.0504
1035	0.323	0.229	0.138	0.0504
1036	0.322	0.229	0.138	0.0504
1037	0.322	0.229	0.138	0.0503
1038	0.322	0.229	0.138	0.0504
1039	0.322	0.229	0.138	0.0504
1040	0.322	0.229	0.138	0.0504
1041	0.322	0.229	0.138	0.0504
1042	0.322	0.229	0.138	0.0504
1043	0.322	0.229	0.138	0.0504
1044	0.322	0.229	0.138	0.0504
1045	0.322	0.229	0.138	0.0504
1046	0.322	0.229	0.138	0.0504
1047	0.322	0.229	0.138	0.0504
1048	0.321	0.229	0.138	0.0504
1049	0.322	0.229	0.138	0.0504
1050	0.321	0.229	0.138	0.0504
1051	0.321	0.229	0.138	0.0504
1052	0.321	0.229	0.138	0.0504
1053	0.321	0.229	0.138	0.0504
1054	0.321	0.229	0.138	0.0505
1055	0.321	0.229	0.138	0.0504
1056	0.321	0.229	0.138	0.0504
1057	0.321	0.229	0.138	0.0505
1058	0.321	0.229	0.138	0.0505
1059	0.321	0.229	0.138	0.0505
1060	0.321	0.229	0.138	0.0505
1061	0.321	0.229	0.138	0.0505
1062	0.32	0.229	0.138	0.0504
1063	0.321	0.229	0.138	0.0505
1064	0.321	0.229	0.138	0.0504
1065	0.32	0.229	0.138	0.0505
1066	0.32	0.229	0.138	0.0504
1067	0.32	0.229	0.137	0.0504
1068	0.32	0.229	0.137	0.0505
1069	0.32	0.229	0.137	0.0505
1070	0.32	0.229	0.137	0.0505
1071	0.32	0.229	0.137	0.0506
1072	0.32	0.229	0.137	0.0505
1073	0.319	0.229	0.137	0.0505
1074	0.32	0.229	0.137	0.0504
1075	0.32	0.229	0.137	0.0505
1076	0.32	0.229	0.137	0.0505
1077	0.319	0.229	0.137	0.0505
1078	0.319	0.229	0.137	0.0505
1079	0.319	0.229	0.137	0.0505
1080	0.319	0.229	0.137	0.0505
1081	0.319	0.229	0.137	0.0505
1082	0.319	0.229	0.137	0.0505
1083	0.319	0.229	0.137	0.0505
1084	0.319	0.229	0.137	0.0505
1085	0.319	0.228	0.137	0.0505
1086	0.319	0.229	0.137	0.0506
1087	0.319	0.228	0.137	0.0505
1088	0.319	0.228	0.137	0.0505
1089	0.319	0.228	0.137	0.0505
1090	0.319	0.229	0.137	0.0506
1091	0.319	0.228	0.137	0.0505
1092	0.319	0.229	0.137	0.0505
1093	0.318	0.229	0.137	0.0506
1094	0.318	0.228	0.137	0.0505
1095	0.318	0.228	0.137	0.0505
1096	0.318	0.228	0.137	0.0504
1097	0.318	0.228	0.137	0.0505
1098	0.318	0.228	0.137	0.0504
1099	0.318	0.228	0.137	0.0505
1100	0.318	0.228	0.137	0.0504
1101	0.318	0.228	0.137	0.0505
1102	0.318	0.228	0.137	0.0504
1103	0.318	0.228	0.137	0.0505
1104	0.318	0.228	0.137	0.0504
1105	0.318	0.228	0.137	0.0504
1106	0.318	0.228	0.137	0.0504
1107	0.318	0.228	0.137	0.0504
1108	0.318	0.228	0.137	0.0505
1109	0.317	0.228	0.137	0.0505
1110	0.318	0.228	0.137	0.0505
1111	0.317	0.228	0.137	0.0504
1112	0.317	0.228	0.137	0.0505
1113	0.317	0.228	0.137	0.0505
1114	0.317	0.228	0.137	0.0504
1115	0.317	0.228	0.137	0.0504
1116	0.317	0.228	0.137	0.0505
1117	0.317	0.228	0.137	0.0504
1118	0.317	0.228	0.137	0.0504
1119	0.317	0.228	0.137	0.0504
1120	0.317	0.228	0.137	0.0505
1121	0.317	0.228	0.137	0.0505
1122	0.317	0.228	0.137	0.0504
1123	0.317	0.228	0.137	0.0505
1124	0.317	0.228	0.137	0.0505
1125	0.317	0.228	0.137	0.0505
1126	0.316	0.228	0.137	0.0505
1127	0.317	0.228	0.137	0.0505
1128	0.316	0.228	0.137	0.0505
1129	0.316	0.228	0.137	0.0505
1130	0.316	0.228	0.137	0.0505
1131	0.316	0.228	0.137	0.0505
1132	0.316	0.228	0.137	0.0505
1133	0.316	0.228	0.137	0.0505
1134	0.316	0.228	0.136	0.0504
1135	0.316	0.228	0.136	0.0504
1136	0.318	0.226	0.138	0.05
1137	0.319	0.225	0.139	0.0496
1138	0.319	0.225	0.139	0.0497
1139	0.319	0.225	0.138	0.0497
1140	0.319	0.225	0.138	0.0497
1141	0.319	0.225	0.138	0.0497
1142	0.319	0.225	0.138	0.0497
1143	0.319	0.225	0.138	0.0497
1144	0.319	0.225	0.138	0.0497
1145	0.319	0.225	0.138	0.0497
1146	0.319	0.225	0.138	0.0498
1147	0.318	0.225	0.138	0.0498
1148	0.318	0.225	0.138	0.0498
1149	0.318	0.225	0.138	0.0498
1150	0.318	0.225	0.138	0.0498
1151	0.318	0.225	0.138	0.0498
1152	0.318	0.225	0.138	0.0499
1153	0.318	0.225	0.138	0.0498
1154	0.318	0.225	0.138	0.0498
1155	0.318	0.225	0.138	0.0498
1156	0.318	0.225	0.138	0.0498
1157	0.318	0.225	0.138	0.0498
1158	0.318	0.225	0.138	0.0498
1159	0.318	0.225	0.138	0.0499
1160	0.318	0.225	0.138	0.0499
1161	0.318	0.225	0.138	0.0498
1162	0.318	0.225	0.138	0.0499
1163	0.317	0.225	0.138	0.0499
1164	0.317	0.225	0.138	0.0499
1165	0.317	0.225	0.138	0.0499
1166	0.317	0.225	0.138	0.0499
1167	0.317	0.226	0.138	0.05
1168	0.317	0.225	0.138	0.0499
1169	0.317	0.225	0.138	0.0499
1170	0.317	0.225	0.138	0.0499
1171	0.317	0.225	0.138	0.0499
1172	0.317	0.225	0.138	0.0498
1173	0.317	0.225	0.138	0.0499
1174	0.317	0.225	0.138	0.0499
1175	0.317	0.225	0.138	0.0499
1176	0.317	0.225	0.137	0.0499
1177	0.316	0.225	0.137	0.0499
1178	0.316	0.225	0.137	0.0499
1179	0.317	0.225	0.137	0.0499
1180	0.317	0.225	0.137	0.05
1181	0.316	0.225	0.137	0.0499
1182	0.316	0.225	0.137	0.0499
1183	0.316	0.225	0.137	0.0499
1184	0.316	0.225	0.137	0.0499
1185	0.316	0.225	0.137	0.0499
1186	0.316	0.225	0.137	0.0498
1187	0.316	0.225	0.137	0.0499
1188	0.316	0.225	0.137	0.0499
1189	0.316	0.225	0.137	0.0499
1190	0.316	0.225	0.137	0.0499
1191	0.316	0.225	0.137	0.0499
1192	0.316	0.225	0.137	0.0499
1193	0.316	0.225	0.137	0.05
1194	0.316	0.225	0.137	0.05
1195	0.316	0.225	0.137	0.0499
1196	0.315	0.225	0.137	0.05
1197	0.316	0.225	0.137	0.0499
1198	0.316	0.225	0.137	0.0499
1199	0.315	0.225	0.137	0.0499
1200	0.315	0.225	0.137	0.0499
1201	0.315	0.225	0.137	0.0498
1202	0.315	0.225	0.137	0.0499
1203	0.315	0.225	0.137	0.0499
1204	0.315	0.225	0.137	0.0498
1205	0.315	0.225	0.137	0.0499
1206	0.315	0.225	0.137	0.0498
1207	0.315	0.225	0.137	0.0498
1208	0.315	0.225	0.137	0.0498
1209	0.315	0.225	0.137	0.0499
1210	0.315	0.225	0.137	0.0499
1211	0.315	0.225	0.137	0.0498
1212	0.315	0.225	0.137	0.0498
1213	0.315	0.225	0.137	0.0498
1214	0.314	0.225	0.137	0.0499
1215	0.314	0.225	0.137	0.0499
1216	0.314	0.225	0.137	0.0499
1217	0.314	0.225	0.137	0.0499
1218	0.314	0.225	0.137	0.05
1219	0.314	0.225	0.137	0.0499
1220	0.314	0.225	0.137	0.0499
1221	0.314	0.225	0.137	0.0499
1222	0.314	0.225	0.137	0.0499
1223	0.314	0.225	0.137	0.05
1224	0.314	0.225	0.137	0.05
1225	0.314	0.225	0.137	0.0499
1226	0.314	0.225	0.137	0.0499
1227	0.314	0.225	0.137	0.0499
1228	0.314	0.225	0.137	0.0499
1229	0.314	0.225	0.137	0.0499
1230	0.314	0.225	0.137	0.0499
1231	0.314	0.225	0.137	0.0499
1232	0.314	0.225	0.137	0.0499
1233	0.313	0.225	0.136	0.05
1234	0.313	0.225	0.137	0.0499
1235	0.313	0.225	0.136	0.0499
1236	0.313	0.225	0.136	0.05
1237	0.313	0.225	0.136	0.0499
1238	0.313	0.225	0.136	0.05
1239	0.313	0.225	0.136	0.05
1240	0.313	0.225	0.136	0.05
1241	0.313	0.225	0.136	0.0499
1242	0.313	0.225	0.136	0.0499
1243	0.313	0.224	0.136	0.0499
1244	0.313	0.224	0.136	0.0499
1245	0.313	0.224	0.136	0.0499
1246	0.313	0.224	0.136	0.0499
1247	0.313	0.224	0.136	0.0499
1248	0.312	0.224	0.136	0.05
1249	0.312	0.224	0.136	0.0499
1250	0.312	0.224	0.136	0.0499
1251	0.312	0.224	0.136	0.0499
1252	0.312	0.224	0.136	0.0499
1253	0.312	0.224	0.136	0.0499
1254	0.312	0.224	0.136	0.05
1255	0.312	0.224	0.136	0.0499
1256	0.312	0.224	0.136	0.0499
1257	0.312	0.224	0.136	0.0499
1258	0.312	0.224	0.136	0.0499
1259	0.312	0.224	0.136	0.05
1260	0.312	0.224	0.136	0.05
1261	0.311	0.224	0.136	0.05
1262	0.312	0.224	0.136	0.05
1263	0.311	0.224	0.136	0.0501
1264	0.311	0.224	0.136	0.05
1265	0.311	0.224	0.136	0.0501
1266	0.311	0.224	0.136	0.0501
1267	0.311	0.224	0.136	0.05
1268	0.311	0.224	0.136	0.05
1269	0.311	0.224	0.136	0.05
1270	0.311	0.224	0.136	0.05
1271	0.311	0.224	0.136	0.0501
1272	0.313	0.223	0.137	0.0496
1273	0.314	0.222	0.138	0.0493
1274	0.314	0.222	0.138	0.0493
1275	0.314	0.222	0.138	0.0493
1276	0.314	0.222	0.138	0.0493
1277	0.314	0.222	0.138	0.0493
1278	0.314	0.222	0.138	0.0493
1279	0.314	0.222	0.138	0.0493
1280	0.314	0.222	0.138	0.0493
1281	0.314	0.222	0.138	0.0494
1282	0.314	0.222	0.138	0.0494
1283	0.314	0.222	0.138	0.0493
1284	0.314	0.222	0.138	0.0494
1285	0.314	0.222	0.138	0.0494
1286	0.313	0.222	0.137	0.0494
1287	0.313	0.222	0.137	0.0494
1288	0.313	0.222	0.137	0.0494
1289	0.313	0.222	0.137	0.0494
1290	0.313	0.222	0.137	0.0494
1291	0.313	0.222	0.137	0.0494
1292	0.313	0.222	0.137	0.0494
1293	0.313	0.222	0.137	0.0494
1294	0.313	0.222	0.137	0.0493
1295	0.313	0.222	0.137	0.0494
1296	0.313	0.222	0.137	0.0493
1297	0.313	0.222	0.137	0.0493
1298	0.313	0.222	0.137	0.0493
1299	0.313	0.222	0.137	0.0494
1300	0.313	0.222	0.137	0.0494
1301	0.313	0.222	0.137	0.0494
1302	0.313	0.222	0.137	0.0494
1303	0.313	0.222	0.137	0.0494
1304	0.313	0.222	0.137	0.0494
1305	0.313	0.222	0.137	0.0494
1306	0.312	0.222	0.137	0.0494
1307	0.312	0.222	0.137	0.0494
1308	0.312	0.222	0.137	0.0494
1309	0.312	0.222	0.137	0.0494
1310	0.312	0.222	0.137	0.0494
1311	0.312	0.222	0.137	0.0495
1312	0.312	0.222	0.137	0.0494
1313	0.312	0.222	0.137	0.0494
1314	0.312	0.222	0.137	0.0494
1315	0.312	0.222	0.137	0.0495
1316	0.312	0.222	0.137	0.0495
1317	0.312	0.222	0.137	0.0495
1318	0.312	0.222	0.137	0.0494
1319	0.312	0.222	0.137	0.0495
1320	0.312	0.222	0.137	0.0495
1321	0.312	0.222	0.137	0.0494
1322	0.312	0.222	0.137	0.0495
1323	0.312	0.222	0.137	0.0494
1324	0.312	0.222	0.137	0.0494
1325	0.312	0.222	0.137	0.0494
1326	0.312	0.222	0.137	0.0494
1327	0.312	0.222	0.137	0.0494
1328	0.311	0.222	0.137	0.0494
1329	0.311	0.222	0.137	0.0495
1330	0.311	0.222	0.137	0.0495
1331	0.311	0.222	0.137	0.0494
1332	0.311	0.222	0.137	0.0495
1333	0.311	0.222	0.137	0.0495
1334	0.311	0.222	0.137	0.0495
1335	0.311	0.222	0.137	0.0495
1336	0.311	0.222	0.137	0.0494
1337	0.311	0.222	0.136	0.0495
1338	0.311	0.222	0.136	0.0495
1339	0.311	0.222	0.137	0.0495
1340	0.311	0.222	0.137	0.0495
1341	0.311	0.222	0.136	0.0495
1342	0.311	0.222	0.136	0.0495
1343	0.31	0.222	0.136	0.0495
1344	0.31	0.222	0.136	0.0494
1345	0.31	0.222	0.136	0.0494
1346	0.31	0.222	0.136	0.0495
1347	0.31	0.222	0.136	0.0495
1348	0.31	0.222	0.136	0.0495
1349	0.31	0.222	0.136	0.0495
1350	0.31	0.222	0.136	0.0495
1351	0.31	0.222	0.136	0.0495
1352	0.31	0.222	0.136	0.0495
1353	0.31	0.222	0.136	0.0495
1354	0.31	0.222	0.136	0.0496
1355	0.31	0.222	0.136	0.0496
1356	0.31	0.222	0.136	0.0496
1357	0.31	0.222	0.136	0.0496
1358	0.31	0.222	0.136	0.0495
1359	0.31	0.222	0.136	0.0495
1360	0.31	0.222	0.136	0.0496
1361	0.31	0.222	0.136	0.0496
1362	0.31	0.222	0.136	0.0496
1363	0.31	0.222	0.136	0.0496
1364	0.309	0.222	0.136	0.0496
1365	0.309	0.222	0.136	0.0496
1366	0.309	0.222	0.136	0.0496
1367	0.309	0.222	0.136	0.0495
1368	0.309	0.222	0.136	0.0496
1369	0.309	0.222	0.136	0.0496
1370	0.309	0.222	0.136	0.0496
1371	0.309	0.221	0.136	0.0495
1372	0.309	0.222	0.136	0.0496
1373	0.309	0.222	0.136	0.0496
1374	0.309	0.222	0.136	0.0496
1375	0.309	0.222	0.136	0.0496
1376	0.309	0.221	0.136	0.0496
1377	0.309	0.222	0.136	0.0496
1378	0.309	0.221	0.136	0.0496
1379	0.309	0.221	0.136	0.0496
1380	0.309	0.221	0.136	0.0495
1381	0.308	0.221	0.136	0.0496
1382	0.308	0.221	0.136	0.0495
1383	0.308	0.221	0.136	0.0496
1384	0.308	0.221	0.136	0.0495
1385	0.308	0.221	0.136	0.0496
1386	0.308	0.221	0.136	0.0495
1387	0.308	0.221	0.136	0.0495
1388	0.308	0.221	0.136	0.0495
1389	0.308	0.221	0.136	0.0495
1390	0.308	0.221	0.136	0.0495
1391	0.308	0.221	0.136	0.0495
1392	0.308	0.221	0.136	0.0495
1393	0.308	0.221	0.136	0.0495
1394	0.308	0.221	0.136	0.0495
1395	0.308	0.221	0.136	0.0495
1396	0.308	0.221	0.136	0.0495
1397	0.307	0.221	0.136	0.0495
1398	0.308	0.221	0.136	0.0495
1399	0.308	0.221	0.136	0.0495
1400	0.307	0.221	0.135	0.0496
1401	0.308	0.221	0.136	0.0496
1402	0.308	0.221	0.136	0.0496
1403	0.307	0.221	0.135	0.0496
1404	0.308	0.221	0.136	0.0496
1405	0.308	0.221	0.136	0.0495
1406	0.307	0.221	0.135	0.0496
1407	0.307	0.221	0.135	0.0496
1408	0.307	0.221	0.135	0.0496
1409	0.307	0.221	0.135	0.0496
1410	0.307	0.221	0.135	0.0496
1411	0.307	0.221	0.135	0.0496
1412	0.307	0.221	0.135	0.0496
1413	0.307	0.221	0.135	0.0496
1414	0.307	0.221	0.135	0.0496
1415	0.307	0.221	0.135	0.0495
1416	0.307	0.221	0.135	0.0496
1417	0.307	0.221	0.135	0.0496
1418	0.307	0.221	0.135	0.0495
1419	0.307	0.221	0.135	0.0495
1420	0.307	0.221	0.135	0.0496
1421	0.307	0.221	0.135	0.0496
1422	0.307	0.221	0.135	0.0496
1423	0.306	0.221	0.135	0.0496
1424	0.306	0.221	0.135	0.0495
1425	0.306	0.221	0.135	0.0495
1426	0.306	0.221	0.135	0.0495
1427	0.306	0.221	0.135	0.0495
1428	0.306	0.221	0.135	0.0496
1429	0.306	0.221	0.135	0.0495
1430	0.306	0.221	0.135	0.0496
1431	0.306	0.221	0.135	0.0496
1432	0.306	0.221	0.135	0.0496
1433	0.306	0.221	0.135	0.0495
1434	0.306	0.221	0.135	0.0495
1435	0.306	0.221	0.135	0.0496
1436	0.306	0.221	0.135	0.0495
1437	0.306	0.221	0.135	0.0495
1438	0.306	0.221	0.135	0.0495
1439	0.306	0.221	0.135	0.0495
1440	0.306	0.221	0.135	0.0496
1441	0.306	0.221	0.135	0.0496
1442	0.306	0.221	0.135	0.0496
1443	0.305	0.221	0.135	0.0496
1444	0.305	0.221	0.135	0.0496
1445	0.305	0.221	0.135	0.0496
1446	0.307	0.219	0.136	0.0492
1447	0.309	0.218	0.137	0.0488
1448	0.309	0.218	0.137	0.0488
1449	0.309	0.218	0.137	0.0488
1450	0.309	0.218	0.137	0.0489
1451	0.309	0.218	0.137	0.0489
1452	0.308	0.218	0.137	0.0489
1453	0.308	0.218	0.137	0.0489
1454	0.308	0.218	0.137	0.0489
1455	0.308	0.218	0.137	0.0489
1456	0.308	0.218	0.137	0.0489
1457	0.308	0.218	0.137	0.0489
1458	0.308	0.218	0.137	0.0489
1459	0.308	0.218	0.137	0.0489
1460	0.308	0.218	0.137	0.0489
1461	0.308	0.218	0.137	0.049
1462	0.308	0.218	0.137	0.049
1463	0.308	0.218	0.137	0.049
1464	0.308	0.218	0.137	0.049
1465	0.308	0.218	0.137	0.049
1466	0.308	0.218	0.137	0.049
1467	0.308	0.218	0.137	0.049
1468	0.308	0.218	0.136	0.0489
1469	0.308	0.218	0.136	0.049
1470	0.308	0.218	0.136	0.049
1471	0.308	0.218	0.136	0.049
1472	0.307	0.218	0.136	0.049
1473	0.307	0.218	0.136	0.0489
1474	0.307	0.218	0.136	0.049
1475	0.307	0.219	0.136	0.049
1476	0.307	0.218	0.136	0.0489
1477	0.307	0.218	0.136	0.049
1478	0.307	0.218	0.136	0.049
1479	0.307	0.218	0.136	0.049
1480	0.307	0.218	0.136	0.049
1481	0.307	0.218	0.136	0.049
1482	0.307	0.218	0.136	0.049
1483	0.307	0.218	0.136	0.049
1484	0.307	0.218	0.136	0.049
1485	0.307	0.219	0.136	0.0491
1486	0.307	0.219	0.136	0.049
1487	0.307	0.219	0.136	0.049
1488	0.307	0.219	0.136	0.049
1489	0.307	0.219	0.136	0.049
1490	0.307	0.219	0.136	0.049
1491	0.306	0.219	0.136	0.0491
1492	0.306	0.218	0.136	0.0491
1493	0.306	0.218	0.136	0.0491
1494	0.306	0.219	0.136	0.0491
1495	0.306	0.218	0.136	0.049
1496	0.306	0.218	0.136	0.049
1497	0.306	0.218	0.136	0.049
1498	0.306	0.218	0.136	0.049
1499	0.306	0.218	0.136	0.049
1500	0.306	0.218	0.136	0.049
1501	0.306	0.218	0.136	0.049
1502	0.306	0.218	0.136	0.049
1503	0.306	0.218	0.136	0.049
1504	0.306	0.218	0.136	0.0491
1505	0.306	0.218	0.136	0.049
1506	0.306	0.218	0.136	0.0491
1507	0.306	0.218	0.136	0.0491
1508	0.306	0.218	0.136	0.0491
1509	0.306	0.218	0.136	0.049
1510	0.306	0.218	0.136	0.049
1511	0.306	0.218	0.136	0.049
1512	0.305	0.218	0.136	0.049
1513	0.305	0.218	0.136	0.0491
1514	0.305	0.218	0.136	0.0491
1515	0.305	0.218	0.136	0.0491
1516	0.305	0.218	0.136	0.049
1517	0.305	0.218	0.136	0.0491
1518	0.305	0.218	0.135	0.0491
1519	0.305	0.218	0.135	0.0491
1520	0.305	0.218	0.135	0.0491
1521	0.305	0.218	0.135	0.0491
1522	0.305	0.218	0.135	0.0492
1523	0.305	0.218	0.135	0.0491
1524	0.305	0.218	0.135	0.0491
1525	0.305	0.218	0.135	0.0491
1526	0.305	0.218	0.135	0.0491
1527	0.305	0.218	0.135	0.0491
1528	0.304	0.218	0.135	0.0492
1529	0.304	0.218	0.135	0.0491
1530	0.304	0.218	0.135	0.0491
1531	0.305	0.218	0.135	0.0492
1532	0.305	0.218	0.135	0.0491
1533	0.304	0.218	0.135	0.0491
1534	0.304	0.218	0.135	0.0491
1535	0.304	0.218	0.135	0.0491
1536	0.304	0.218	0.135	0.0492
1537	0.304	0.218	0.135	0.0492
1538	0.304	0.218	0.135	0.0492
1539	0.304	0.218	0.135	0.0492
1540	0.304	0.218	0.135	0.0492
1541	0.304	0.218	0.135	0.0491
1542	0.304	0.218	0.135	0.0492
1543	0.304	0.218	0.135	0.0491
1544	0.304	0.218	0.135	0.0492
1545	0.304	0.218	0.135	0.0492
1546	0.304	0.218	0.135	0.0492
1547	0.304	0.218	0.135	0.0492
1548	0.304	0.218	0.135	0.0492
1549	0.304	0.218	0.135	0.0492
1550	0.304	0.218	0.135	0.0492
1551	0.303	0.218	0.135	0.0492
1552	0.303	0.218	0.135	0.0492
1553	0.304	0.218	0.135	0.0492
1554	0.304	0.218	0.135	0.0491
1555	0.303	0.218	0.135	0.0491
1556	0.303	0.218	0.135	0.0491
1557	0.303	0.218	0.135	0.0491
1558	0.303	0.218	0.135	0.0491
1559	0.303	0.218	0.135	0.0491
1560	0.303	0.218	0.135	0.0491
1561	0.303	0.218	0.135	0.0491
1562	0.303	0.218	0.135	0.0491
1563	0.303	0.218	0.135	0.0491
1564	0.303	0.218	0.135	0.0491
1565	0.303	0.218	0.135	0.0491
1566	0.303	0.218	0.135	0.0491
1567	0.303	0.218	0.135	0.0492
1568	0.303	0.218	0.135	0.0491
1569	0.303	0.218	0.135	0.0491
1570	0.303	0.218	0.135	0.0491
1571	0.303	0.218	0.135	0.0491
1572	0.303	0.218	0.135	0.0491
1573	0.302	0.218	0.135	0.0491
1574	0.303	0.218	0.135	0.0491
1575	0.302	0.218	0.135	0.0492
1576	0.302	0.218	0.135	0.0491
1577	0.302	0.218	0.135	0.0491
1578	0.303	0.218	0.135	0.0491
1579	0.302	0.218	0.135	0.0491
1580	0.302	0.218	0.135	0.0491
1581	0.302	0.218	0.135	0.0491
1582	0.302	0.218	0.135	0.0491
1583	0.302	0.218	0.135	0.0491
1584	0.302	0.218	0.135	0.0491
1585	0.302	0.218	0.135	0.0492
1586	0.302	0.218	0.135	0.0491
1587	0.302	0.218	0.135	0.0492
1588	0.302	0.218	0.135	0.0492
1589	0.302	0.218	0.135	0.0492
1590	0.302	0.218	0.135	0.0492
1591	0.302	0.218	0.135	0.0491
1592	0.302	0.218	0.135	0.0492
1593	0.302	0.218	0.135	0.0492
1594	0.302	0.218	0.135	0.0492
1595	0.302	0.218	0.135	0.0492
