Iteration	ValueMean	ValueStddev	DerivMean	DerivStddev
5	-0.000773	0.662	0.48	0.274
6	0.00723	0.674	0.452	0.25
7	0.00954	0.666	0.43	0.226
8	0.0102	0.665	0.424	0.216
9	0.012	0.664	0.421	0.209
10	0.0119	0.658	0.421	0.2
11	0.0117	0.655	0.419	0.193
12	0.0124	0.651	0.417	0.188
13	0.0133	0.649	0.414	0.183
14	0.0125	0.647	0.412	0.179
15	0.0123	0.645	0.41	0.176
16	0.0118	0.644	0.407	0.174
17	0.0124	0.644	0.404	0.171
18	0.013	0.642	0.402	0.169
19	0.0129	0.642	0.399	0.167
20	0.0125	0.641	0.398	0.166
21	0.0132	0.641	0.395	0.165
22	0.0125	0.64	0.393	0.163
23	0.0121	0.639	0.392	0.162
24	0.0119	0.639	0.39	0.161
25	0.0121	0.637	0.388	0.16
26	0.0118	0.638	0.386	0.159
27	0.0119	0.637	0.384	0.159
28	0.0114	0.637	0.383	0.158
29	0.0116	0.637	0.381	0.158
30	0.0117	0.637	0.379	0.156
31	0.0109	0.636	0.378	0.156
32	0.011	0.636	0.378	0.156
33	0.0111	0.637	0.376	0.156
34	0.0107	0.636	0.375	0.155
35	0.0105	0.637	0.373	0.155
36	0.0108	0.636	0.372	0.154
37	0.0104	0.636	0.371	0.154
38	0.0113	0.636	0.37	0.154
39	0.0112	0.635	0.369	0.153
40	0.0113	0.636	0.367	0.153
41	0.0116	0.636	0.367	0.153
42	0.0112	0.636	0.366	0.152
43	0.0115	0.637	0.365	0.152
44	0.012	0.637	0.364	0.151
45	0.0121	0.636	0.363	0.151
46	0.0119	0.636	0.362	0.15
47	0.0118	0.637	0.362	0.151
48	0.0119	0.637	0.361	0.151
49	0.0115	0.636	0.36	0.15
50	0.0108	0.636	0.359	0.15
51	0.011	0.636	0.359	0.149
52	0.0109	0.636	0.358	0.15
53	0.0108	0.636	0.358	0.149
54	0.0107	0.636	0.358	0.15
55	0.0105	0.637	0.356	0.15
56	0.0105	0.637	0.356	0.15
57	0.0101	0.637	0.355	0.149
58	0.00994	0.637	0.355	0.149
59	0.0099	0.637	0.354	0.149
60	0.0101	0.638	0.354	0.15
61	0.00984	0.637	0.354	0.149
62	0.00987	0.636	0.354	0.149
63	0.00969	0.636	0.353	0.149
64	0.00998	0.637	0.352	0.149
65	0.0103	0.635	0.352	0.148
66	0.00983	0.635	0.352	0.148
67	0.01	0.635	0.352	0.148
68	0.00952	0.636	0.351	0.148
69	0.00955	0.635	0.351	0.148
70	0.00943	0.636	0.35	0.148
71	0.00939	0.636	0.349	0.148
72	0.00865	0.636	0.349	0.148
73	0.00872	0.636	0.349	0.148
74	0.00882	0.636	0.349	0.148
75	0.00849	0.637	0.348	0.148
76	0.00857	0.637	0.347	0.148
77	0.00855	0.637	0.347	0.148
78	0.00846	0.637	0.347	0.147
79	0.00894	0.636	0.347	0.147
80	0.00909	0.636	0.346	0.147
81	0.00876	0.636	0.346	0.147
82	0.00867	0.636	0.346	0.147
83	0.00847	0.637	0.346	0.147
84	0.00838	0.636	0.345	0.147
85	0.00838	0.637	0.344	0.147
86	0.00854	0.637	0.345	0.147
87	0.00848	0.637	0.345	0.147
88	0.00835	0.638	0.344	0.147
89	0.00868	0.636	0.344	0.147
90	0.00861	0.636	0.344	0.147
91	0.00829	0.636	0.344	0.147
92	0.00821	0.637	0.344	0.147
93	0.00753	0.636	0.344	0.147
94	0.00789	0.637	0.343	0.147
95	0.00789	0.637	0.343	0.147
96	0.00788	0.637	0.343	0.147
97	0.00812	0.637	0.343	0.147
98	0.00812	0.637	0.342	0.146
99	0.00823	0.636	0.342	0.146
100	0.00825	0.637	0.342	0.146
101	0.00803	0.637	0.342	0.146
102	0.00799	0.637	0.342	0.146
103	0.00805	0.637	0.342	0.146
104	0.00798	0.637	0.341	0.146
105	0.00828	0.637	0.341	0.146
106	0.00841	0.637	0.341	0.146
107	0.00817	0.637	0.341	0.146
108	0.00805	0.637	0.34	0.145
109	0.00814	0.637	0.34	0.145
110	0.00784	0.637	0.339	0.145
111	0.00771	0.637	0.339	0.145
112	0.00839	0.637	0.339	0.145
113	0.00828	0.637	0.34	0.145
114	0.00758	0.637	0.339	0.145
115	0.0086	0.637	0.339	0.145
116	0.00845	0.636	0.339	0.145
117	0.00872	0.636	0.34	0.145
118	0.0086	0.637	0.34	0.146
119	0.00865	0.636	0.339	0.145
120	0.00867	0.637	0.339	0.145
121	0.00831	0.637	0.339	0.146
122	0.00873	0.636	0.339	0.145
123	0.00877	0.636	0.339	0.145
124	0.00873	0.637	0.339	0.146
125	0.00914	0.637	0.339	0.145
126	0.00865	0.637	0.338	0.145
127	0.00851	0.636	0.339	0.145
128	0.00827	0.636	0.338	0.145
129	0.00859	0.637	0.338	0.145
130	0.00881	0.636	0.338	0.145
131	0.0086	0.636	0.338	0.145
132	0.00886	0.636	0.338	0.145
133	0.00877	0.636	0.338	0.145
134	0.00942	0.636	0.338	0.145
135	0.00926	0.636	0.338	0.145
136	0.00923	0.636	0.337	0.145
137	0.00882	0.635	0.337	0.145
138	0.00846	0.635	0.337	0.145
139	0.00837	0.636	0.337	0.145
140	0.00872	0.636	0.337	0.145
141	0.00867	0.635	0.337	0.145
142	0.00854	0.636	0.337	0.145
143	0.00896	0.635	0.337	0.144
144	0.00858	0.636	0.337	0.144
145	0.00882	0.636	0.337	0.144
146	0.00953	0.635	0.337	0.144
147	0.00921	0.635	0.336	0.144
148	0.00879	0.636	0.336	0.144
149	0.00856	0.635	0.336	0.144
150	0.00873	0.635	0.336	0.144
151	0.00887	0.636	0.336	0.145
152	0.00844	0.636	0.336	0.144
153	0.0084	0.636	0.336	0.144
154	0.00898	0.637	0.335	0.144
155	0.00934	0.636	0.335	0.144
156	0.00932	0.636	0.335	0.144
157	0.00961	0.636	0.335	0.144
158	0.00888	0.636	0.335	0.144
159	0.00875	0.636	0.335	0.144
160	0.009	0.636	0.334	0.144
161	0.00943	0.635	0.334	0.144
162	0.00958	0.635	0.335	0.143
163	0.00915	0.635	0.335	0.144
164	0.00916	0.635	0.334	0.144
165	0.00939	0.635	0.335	0.143
166	0.0093	0.635	0.335	0.144
167	0.00958	0.635	0.335	0.144
168	0.00922	0.635	0.334	0.143
169	0.00915	0.636	0.334	0.144
170	0.00908	0.635	0.335	0.144
171	0.00882	0.635	0.335	0.144
172	0.00888	0.636	0.334	0.144
173	0.00832	0.635	0.335	0.144
174	0.00868	0.635	0.334	0.144
175	0.00848	0.636	0.334	0.144
176	0.00918	0.635	0.334	0.143
177	0.0095	0.635	0.334	0.143
178	0.00917	0.635	0.334	0.144
179	0.00844	0.635	0.334	0.143
180	0.0087	0.634	0.334	0.143
181	0.00826	0.635	0.334	0.144
182	0.00858	0.635	0.334	0.144
183	0.00917	0.634	0.334	0.143
184	0.00884	0.635	0.334	0.144
185	0.00922	0.634	0.334	0.143
186	0.00934	0.634	0.334	0.143
187	0.00888	0.634	0.334	0.143
188	0.00912	0.634	0.333	0.143
189	0.00944	0.634	0.333	0.143
190	0.00925	0.634	0.333	0.143
191	0.00952	0.634	0.334	0.143
192	0.00922	0.634	0.334	0.143
193	0.00956	0.634	0.333	0.143
194	0.00902	0.634	0.333	0.143
195	0.0095	0.635	0.333	0.143
196	0.00929	0.634	0.333	0.143
197	0.0102	0.634	0.333	0.143
198	0.00937	0.633	0.333	0.143
199	0.00924	0.634	0.333	0.143
200	0.00896	0.633	0.333	0.143
201	0.00928	0.633	0.333	0.142
202	0.00938	0.634	0.333	0.142
203	0.00901	0.633	0.333	0.143
204	0.0095	0.634	0.332	0.142
205	0.00962	0.634	0.333	0.143
206	0.00893	0.633	0.333	0.143
207	0.00898	0.634	0.333	0.142
208	0.00918	0.633	0.333	0.142
209	0.00905	0.634	0.332	0.142
210	0.00901	0.633	0.332	0.142
211	0.00909	0.634	0.332	0.142
212	0.00904	0.634	0.332	0.142
213	0.00862	0.633	0.332	0.142
214	0.00914	0.633	0.332	0.142
215	0.00921	0.633	0.332	0.142
216	0.00959	0.634	0.332	0.142
217	0.00934	0.634	0.332	0.142
218	0.00899	0.633	0.332	0.142
219	0.00928	0.633	0.332	0.141
220	0.00946	0.633	0.331	0.141
221	0.00923	0.633	0.331	0.141
222	0.0095	0.633	0.331	0.141
223	0.00914	0.633	0.331	0.141
224	0.00898	0.633	0.331	0.141
225	0.00858	0.633	0.331	0.141
226	0.00883	0.633	0.332	0.141
227	0.00859	0.633	0.332	0.141
228	0.00886	0.632	0.332	0.141
229	0.00876	0.632	0.332	0.141
230	0.00893	0.633	0.332	0.141
231	0.00887	0.632	0.332	0.141
232	0.00918	0.632	0.331	0.141
233	0.00883	0.633	0.331	0.141
234	0.0092	0.633	0.331	0.141
235	0.00932	0.632	0.331	0.141
236	0.00905	0.632	0.331	0.141
237	0.00901	0.632	0.331	0.141
238	0.00916	0.633	0.331	0.141
239	0.00894	0.633	0.331	0.141
240	0.00879	0.632	0.331	0.141
241	0.00902	0.632	0.331	0.14
242	0.00869	0.632	0.331	0.14
243	0.00851	0.632	0.331	0.14
244	0.00882	0.632	0.331	0.14
245	0.00907	0.632	0.331	0.14
246	0.00927	0.632	0.331	0.14
247	0.00923	0.632	0.331	0.14
248	0.00899	0.632	0.331	0.14
249	0.0089	0.631	0.331	0.14
250	0.00898	0.632	0.33	0.14
251	0.00883	0.632	0.33	0.14
252	0.00886	0.632	0.33	0.14
253	0.00884	0.632	0.33	0.14
254	0.00914	0.633	0.33	0.14
255	0.00873	0.632	0.33	0.14
256	0.00911	0.632	0.33	0.14
257	0.00906	0.632	0.331	0.14
258	0.00932	0.632	0.33	0.14
259	0.00937	0.631	0.33	0.14
260	0.00957	0.632	0.331	0.14
261	0.00916	0.63	0.331	0.139
262	0.00944	0.631	0.331	0.14
263	0.0095	0.631	0.331	0.14
264	0.00954	0.631	0.33	0.14
265	0.00923	0.631	0.331	0.139
266	0.00925	0.631	0.331	0.14
267	0.00942	0.631	0.33	0.139
268	0.00928	0.631	0.331	0.139
269	0.00935	0.631	0.33	0.14
270	0.00917	0.631	0.33	0.139
271	0.00882	0.632	0.33	0.139
272	0.00892	0.631	0.33	0.14
273	0.0088	0.631	0.33	0.139
274	0.00905	0.631	0.33	0.139
275	0.00888	0.63	0.33	0.139
276	0.00877	0.631	0.33	0.139
277	0.00836	0.63	0.331	0.139
278	0.00895	0.631	0.33	0.139
279	0.00889	0.63	0.33	0.139
280	0.00898	0.63	0.33	0.139
281	0.00832	0.631	0.33	0.139
282	0.00797	0.63	0.33	0.139
283	0.00815	0.63	0.33	0.139
284	0.00851	0.63	0.331	0.139
285	0.0081	0.63	0.331	0.139
286	0.00822	0.629	0.33	0.138
287	0.00833	0.63	0.33	0.139
288	0.00794	0.629	0.33	0.138
289	0.00793	0.63	0.33	0.139
290	0.00816	0.63	0.329	0.139
291	0.00815	0.629	0.33	0.138
292	0.00793	0.63	0.33	0.138
293	0.00786	0.63	0.329	0.139
294	0.00785	0.629	0.329	0.138
295	0.00806	0.629	0.33	0.138
296	0.0082	0.63	0.33	0.138
297	0.00826	0.629	0.33	0.138
298	0.00799	0.63	0.33	0.138
299	0.00796	0.63	0.329	0.138
300	0.00824	0.63	0.33	0.138
301	0.00903	0.63	0.33	0.138
302	0.00834	0.629	0.33	0.138
303	0.008	0.629	0.33	0.138
304	0.00798	0.629	0.33	0.138
305	0.00766	0.629	0.33	0.138
306	0.00756	0.629	0.329	0.138
307	0.00715	0.629	0.33	0.138
308	0.00783	0.629	0.33	0.138
309	0.00789	0.629	0.329	0.138
310	0.00789	0.629	0.33	0.137
311	0.00773	0.629	0.33	0.137
312	0.00772	0.629	0.329	0.137
313	0.00768	0.629	0.329	0.137
314	0.00714	0.629	0.329	0.138
315	0.00737	0.628	0.329	0.137
316	0.00745	0.628	0.33	0.137
317	0.00766	0.628	0.329	0.137
318	0.00788	0.628	0.33	0.137
319	0.00817	0.628	0.329	0.137
320	0.00802	0.628	0.33	0.137
321	0.00771	0.628	0.33	0.137
322	0.00766	0.628	0.33	0.137
323	0.00757	0.628	0.329	0.137
324	0.00731	0.629	0.329	0.137
325	0.00785	0.628	0.329	0.137
326	0.00798	0.628	0.329	0.137
327	0.00779	0.628	0.329	0.137
328	0.00793	0.628	0.329	0.137
329	0.00769	0.628	0.329	0.137
330	0.00738	0.629	0.329	0.137
331	0.00753	0.628	0.329	0.136
332	0.0072	0.629	0.329	0.137
333	0.00745	0.628	0.329	0.136
334	0.00794	0.628	0.329	0.136
335	0.00819	0.628	0.329	0.137
336	0.0082	0.628	0.329	0.136
337	0.00769	0.627	0.329	0.136
338	0.00793	0.628	0.329	0.136
339	0.00828	0.627	0.329	0.136
340	0.00793	0.627	0.329	0.136
341	0.00771	0.628	0.329	0.136
342	0.00777	0.627	0.329	0.136
343	0.00746	0.627	0.329	0.136
344	0.00791	0.628	0.329	0.136
345	0.00801	0.628	0.329	0.136
346	0.00814	0.627	0.329	0.136
347	0.00833	0.627	0.329	0.135
348	0.00808	0.627	0.329	0.135
349	0.00792	0.628	0.328	0.136
350	0.00784	0.627	0.329	0.136
351	0.00818	0.628	0.329	0.135
352	0.00794	0.628	0.329	0.135
353	0.0082	0.627	0.329	0.135
354	0.00828	0.627	0.329	0.135
355	0.00849	0.628	0.329	0.135
356	0.0083	0.627	0.329	0.136
357	0.00837	0.627	0.329	0.135
358	0.00815	0.626	0.329	0.135
359	0.0083	0.627	0.329	0.135
360	0.00812	0.626	0.329	0.135
361	0.00803	0.627	0.329	0.135
362	0.00818	0.627	0.329	0.135
363	0.00801	0.627	0.329	0.135
364	0.00805	0.626	0.329	0.135
365	0.00832	0.627	0.329	0.135
366	0.00824	0.627	0.329	0.135
367	0.00791	0.627	0.329	0.135
368	0.00784	0.627	0.329	0.135
369	0.00738	0.626	0.329	0.134
370	0.0072	0.626	0.329	0.135
371	0.00776	0.626	0.329	0.135
372	0.00784	0.626	0.329	0.135
373	0.00769	0.626	0.329	0.135
374	0.00818	0.626	0.329	0.135
375	0.00824	0.627	0.329	0.135
376	0.00817	0.627	0.329	0.135
377	0.00778	0.626	0.329	0.134
378	0.00746	0.626	0.329	0.134
379	0.00752	0.627	0.329	0.135
380	0.00765	0.626	0.329	0.134
381	0.00801	0.626	0.329	0.135
382	0.00799	0.626	0.329	0.134
383	0.00788	0.626	0.329	0.134
384	0.00791	0.625	0.329	0.134
385	0.0077	0.626	0.329	0.134
386	0.00739	0.625	0.329	0.134
387	0.00719	0.625	0.329	0.134
388	0.00726	0.625	0.329	0.134
389	0.00751	0.625	0.329	0.134
390	0.0074	0.625	0.329	0.134
391	0.00745	0.625	0.328	0.134
392	0.00739	0.625	0.328	0.134
393	0.00747	0.625	0.329	0.134
394	0.00721	0.626	0.328	0.134
395	0.007	0.626	0.328	0.134
396	0.00669	0.625	0.329	0.134
397	0.00709	0.626	0.328	0.134
398	0.00727	0.626	0.328	0.134
399	0.00714	0.626	0.329	0.134
400	0.00748	0.626	0.329	0.134
401	0.0074	0.625	0.329	0.134
402	0.00741	0.625	0.329	0.134
403	0.00764	0.625	0.329	0.134
404	0.00735	0.625	0.329	0.134
405	0.00707	0.625	0.329	0.134
406	0.00708	0.625	0.329	0.134
407	0.00683	0.624	0.329	0.134
408	0.00684	0.625	0.329	0.134
409	0.00697	0.625	0.329	0.134
410	0.00685	0.625	0.328	0.133
411	0.00682	0.625	0.329	0.133
412	0.00658	0.625	0.329	0.133
413	0.00639	0.625	0.329	0.134
414	0.00601	0.625	0.329	0.133
415	0.00624	0.624	0.329	0.133
416	0.00598	0.625	0.329	0.133
417	0.00629	0.624	0.329	0.133
418	0.00637	0.624	0.329	0.133
419	0.0063	0.624	0.329	0.133
420	0.00645	0.624	0.329	0.133
421	0.0065	0.625	0.329	0.133
422	0.00652	0.624	0.329	0.133
423	0.00632	0.624	0.329	0.133
424	0.00648	0.624	0.329	0.133
425	0.0061	0.624	0.329	0.133
426	0.00629	0.624	0.329	0.133
427	0.00634	0.624	0.329	0.133
428	0.00629	0.624	0.329	0.133
429	0.00655	0.623	0.329	0.133
430	0.00639	0.624	0.329	0.133
431	0.00633	0.624	0.329	0.133
432	0.00624	0.624	0.329	0.133
433	0.00608	0.624	0.329	0.133
434	0.00619	0.624	0.329	0.133
435	0.00638	0.624	0.329	0.133
436	0.00629	0.624	0.329	0.133
437	0.00628	0.624	0.328	0.133
438	0.00603	0.623	0.328	0.132
439	0.00595	0.624	0.328	0.132
440	0.00569	0.624	0.328	0.133
441	0.00597	0.624	0.328	0.132
442	0.006	0.624	0.328	0.132
443	0.00602	0.623	0.328	0.132
444	0.00605	0.623	0.328	0.132
445	0.00596	0.624	0.328	0.132
446	0.00623	0.624	0.328	0.132
447	0.00574	0.624	0.328	0.133
448	0.00544	0.624	0.329	0.132
449	0.00566	0.623	0.329	0.132
450	0.00576	0.623	0.328	0.132
451	0.00575	0.623	0.328	0.132
452	0.00587	0.623	0.329	0.132
453	0.00602	0.623	0.328	0.132
454	0.00603	0.623	0.328	0.132
455	0.00576	0.623	0.328	0.132
456	0.00555	0.624	0.328	0.132
457	0.00545	0.623	0.328	0.132
458	0.00504	0.624	0.328	0.132
459	0.00547	0.623	0.328	0.132
460	0.00548	0.623	0.328	0.132
461	0.00544	0.623	0.328	0.132
462	0.00547	0.623	0.328	0.132
463	0.00551	0.623	0.329	0.132
464	0.00516	0.623	0.328	0.132
465	0.00541	0.623	0.328	0.132
466	0.00553	0.624	0.328	0.132
467	0.00566	0.623	0.328	0.132
468	0.00526	0.623	0.328	0.132
469	0.00505	0.623	0.328	0.132
470	0.00514	0.623	0.328	0.132
471	0.00502	0.623	0.328	0.132
472	0.00519	0.623	0.328	0.132
473	0.00501	0.623	0.328	0.132
474	0.00537	0.623	0.328	0.131
475	0.00537	0.623	0.328	0.132
476	0.00535	0.623	0.328	0.132
477	0.00534	0.623	0.328	0.132
478	0.00513	0.623	0.328	0.132
479	0.00544	0.623	0.328	0.132
480	0.00535	0.623	0.328	0.132
481	0.00536	0.623	0.328	0.131
482	0.00573	0.623	0.328	0.132
483	0.00587	0.623	0.328	0.132
484	0.00588	0.623	0.328	0.131
485	0.00575	0.623	0.328	0.132
486	0.00557	0.622	0.328	0.131
487	0.00525	0.622	0.328	0.131
488	0.00494	0.622	0.328	0.131
489	0.005	0.622	0.328	0.132
490	0.00517	0.623	0.328	0.132
491	0.00515	0.622	0.328	0.131
492	0.0049	0.622	0.329	0.131
493	0.00476	0.622	0.329	0.131
494	0.00489	0.623	0.328	0.132
495	0.00454	0.622	0.328	0.131
496	0.00441	0.622	0.328	0.131
497	0.00465	0.622	0.328	0.131
498	0.00488	0.622	0.328	0.131
499	0.00461	0.622	0.328	0.131
500	0.00465	0.623	0.328	0.131
501	0.00494	0.622	0.328	0.131
502	0.00484	0.622	0.328	0.131
503	0.0046	0.622	0.328	0.131
504	0.00461	0.622	0.329	0.131
505	0.00443	0.622	0.328	0.131
506	0.00475	0.622	0.328	0.131
507	0.00467	0.622	0.328	0.131
508	0.0048	0.622	0.328	0.131
509	0.00438	0.622	0.328	0.131
510	0.00426	0.622	0.328	0.131
511	0.0041	0.622	0.328	0.131
512	0.00447	0.622	0.328	0.131
513	0.00419	0.621	0.328	0.131
514	0.0042	0.622	0.328	0.131
515	0.00419	0.622	0.328	0.131
516	0.00427	0.621	0.329	0.131
517	0.00456	0.621	0.329	0.131
518	0.00434	0.621	0.329	0.131
519	0.00412	0.621	0.328	0.13
520	0.00439	0.621	0.328	0.13
521	0.00418	0.621	0.328	0.131
522	0.00427	0.621	0.329	0.131
523	0.00428	0.621	0.328	0.131
524	0.00404	0.621	0.328	0.131
525	0.00411	0.622	0.328	0.131
526	0.0041	0.621	0.328	0.13
527	0.00408	0.621	0.328	0.131
528	0.00398	0.621	0.328	0.13
529	0.00434	0.621	0.328	0.13
530	0.00436	0.621	0.329	0.13
531	0.00394	0.62	0.329	0.13
532	0.00412	0.62	0.329	0.13
533	0.00405	0.621	0.329	0.131
534	0.00417	0.621	0.328	0.13
535	0.0043	0.621	0.328	0.13
536	0.00402	0.621	0.329	0.13
537	0.00418	0.621	0.328	0.13
538	0.00394	0.621	0.328	0.13
539	0.00419	0.621	0.329	0.13
540	0.00429	0.621	0.328	0.13
541	0.00424	0.621	0.328	0.13
542	0.00432	0.621	0.328	0.13
543	0.00422	0.62	0.328	0.13
544	0.00423	0.621	0.328	0.13
545	0.0041	0.621	0.328	0.13
546	0.00423	0.62	0.328	0.13
547	0.004	0.621	0.328	0.13
548	0.00366	0.621	0.328	0.13
549	0.00374	0.62	0.328	0.13
550	0.0041	0.62	0.328	0.13
551	0.00412	0.62	0.328	0.13
552	0.00399	0.621	0.328	0.13
553	0.00382	0.621	0.328	0.13
554	0.00378	0.62	0.328	0.13
555	0.00378	0.62	0.328	0.13
556	0.00386	0.621	0.328	0.13
557	0.00365	0.621	0.328	0.13
558	0.0036	0.62	0.328	0.13
559	0.00335	0.62	0.328	0.13
560	0.00328	0.62	0.329	0.13
561	0.0034	0.619	0.328	0.13
562	0.00322	0.62	0.329	0.13
563	0.00322	0.62	0.329	0.13
564	0.0031	0.619	0.329	0.13
565	0.00311	0.62	0.329	0.13
566	0.00318	0.62	0.329	0.13
567	0.00315	0.62	0.328	0.13
568	0.00304	0.619	0.329	0.13
569	0.00327	0.62	0.329	0.13
570	0.00326	0.619	0.329	0.13
571	0.00289	0.62	0.329	0.13
572	0.00302	0.62	0.329	0.13
573	0.00296	0.619	0.329	0.129
574	0.00302	0.62	0.328	0.129
575	0.00276	0.619	0.328	0.129
576	0.00255	0.619	0.328	0.129
577	0.00273	0.62	0.328	0.129
578	0.00224	0.62	0.328	0.129
579	0.00235	0.62	0.328	0.129
580	0.00267	0.619	0.328	0.129
581	0.00244	0.62	0.328	0.129
582	0.00258	0.619	0.329	0.129
583	0.00265	0.62	0.328	0.129
584	0.00244	0.619	0.328	0.129
585	0.0022	0.619	0.329	0.129
586	0.00241	0.619	0.329	0.129
587	0.00222	0.619	0.329	0.129
588	0.00206	0.619	0.328	0.129
589	0.00219	0.619	0.328	0.129
590	0.00197	0.619	0.328	0.129
591	0.00188	0.619	0.328	0.129
592	0.0017	0.619	0.328	0.129
593	0.00161	0.619	0.328	0.129
594	0.00183	0.619	0.328	0.129
595	0.00187	0.619	0.328	0.129
596	0.0021	0.619	0.328	0.129
597	0.00214	0.619	0.328	0.129
598	0.00222	0.619	0.328	0.129
599	0.00215	0.619	0.328	0.129
600	0.00194	0.619	0.328	0.129
601	0.0022	0.619	0.328	0.129
602	0.00201	0.619	0.328	0.129
603	0.00204	0.619	0.328	0.128
604	0.00203	0.619	0.328	0.128
605	0.00232	0.62	0.328	0.129
606	0.00212	0.619	0.328	0.128
607	0.00223	0.619	0.328	0.129
608	0.00215	0.619	0.328	0.129
609	0.0021	0.619	0.328	0.129
610	0.00237	0.619	0.328	0.129
611	0.0025	0.619	0.328	0.128
612	0.00231	0.619	0.328	0.128
613	0.00233	0.619	0.328	0.128
614	0.00234	0.619	0.328	0.128
615	0.0026	0.618	0.328	0.128
616	0.00222	0.619	0.328	0.128
617	0.00201	0.619	0.328	0.128
618	0.00195	0.619	0.328	0.129
619	0.0019	0.619	0.328	0.129
620	0.00189	0.618	0.329	0.128
621	0.00227	0.618	0.328	0.128
622	0.00217	0.618	0.329	0.128
623	0.00197	0.619	0.328	0.128
624	0.00223	0.618	0.329	0.128
625	0.00202	0.618	0.328	0.128
626	0.00179	0.619	0.328	0.128
627	0.0018	0.618	0.328	0.128
628	0.00163	0.619	0.328	0.128
629	0.00157	0.618	0.328	0.128
630	0.00174	0.618	0.328	0.128
631	0.00151	0.618	0.328	0.128
632	0.00169	0.618	0.329	0.128
633	0.00148	0.618	0.329	0.128
634	0.00148	0.618	0.328	0.128
635	0.00177	0.618	0.329	0.128
636	0.00158	0.618	0.328	0.128
637	0.00151	0.618	0.328	0.128
638	0.00136	0.618	0.328	0.128
639	0.00151	0.618	0.329	0.128
640	0.00164	0.618	0.328	0.128
641	0.00162	0.618	0.328	0.128
642	0.00147	0.617	0.329	0.128
643	0.0017	0.618	0.328	0.128
644	0.00163	0.618	0.328	0.128
645	0.00159	0.617	0.329	0.128
646	0.00187	0.618	0.328	0.128
647	0.00138	0.618	0.328	0.128
648	0.00159	0.618	0.328	0.128
649	0.00189	0.618	0.329	0.128
650	0.0019	0.618	0.328	0.128
651	0.00177	0.617	0.328	0.127
652	0.00147	0.618	0.328	0.128
653	0.00117	0.618	0.328	0.128
654	0.00116	0.617	0.329	0.127
655	0.00141	0.617	0.328	0.128
656	0.00131	0.618	0.329	0.128
657	0.00105	0.617	0.329	0.127
658	0.000902	0.618	0.329	0.127
659	0.000699	0.617	0.329	0.127
660	0.000939	0.617	0.329	0.127
661	0.00124	0.618	0.328	0.128
662	0.00144	0.617	0.328	0.128
663	0.00163	0.617	0.328	0.128
664	0.00127	0.618	0.328	0.128
665	0.00113	0.618	0.328	0.128
666	0.00144	0.618	0.328	0.128
667	0.00157	0.617	0.329	0.127
668	0.00137	0.617	0.328	0.128
669	0.00131	0.618	0.328	0.128
670	0.00162	0.618	0.328	0.128
671	0.00104	0.618	0.328	0.128
672	0.00129	0.617	0.329	0.128
673	0.00104	0.617	0.329	0.128
674	0.000827	0.618	0.328	0.128
675	0.000792	0.617	0.329	0.127
676	0.000529	0.617	0.328	0.127
677	0.000597	0.617	0.328	0.128
678	0.000923	0.617	0.329	0.128
679	0.00113	0.616	0.329	0.127
680	0.00124	0.616	0.329	0.127
681	0.00106	0.617	0.329	0.127
682	0.00101	0.617	0.329	0.127
683	0.000977	0.617	0.329	0.127
684	0.00121	0.617	0.329	0.127
685	0.00109	0.617	0.329	0.127
686	0.001	0.617	0.329	0.127
687	0.00101	0.617	0.329	0.127
688	0.00115	0.618	0.329	0.127
689	0.00124	0.617	0.329	0.127
690	0.00106	0.617	0.328	0.127
691	0.001	0.617	0.329	0.127
692	0.00101	0.616	0.329	0.127
693	0.0007	0.617	0.329	0.127
694	0.000755	0.616	0.329	0.127
695	0.000649	0.617	0.329	0.127
696	0.00083	0.616	0.328	0.127
697	0.000811	0.617	0.329	0.127
698	0.000919	0.617	0.329	0.127
699	0.000806	0.617	0.328	0.127
700	0.00091	0.617	0.328	0.127
701	0.000935	0.616	0.329	0.127
702	0.00081	0.617	0.329	0.127
703	0.000705	0.616	0.329	0.127
704	0.000443	0.616	0.329	0.127
705	0.000769	0.616	0.329	0.127
706	0.00093	0.616	0.329	0.127
707	0.000741	0.617	0.329	0.127
708	0.000667	0.616	0.329	0.127
709	0.000875	0.616	0.329	0.127
710	0.00102	0.616	0.329	0.127
711	0.000903	0.616	0.328	0.127
712	0.000506	0.616	0.329	0.127
713	0.000516	0.616	0.329	0.127
714	0.000654	0.616	0.329	0.127
715	0.000782	0.616	0.329	0.127
716	0.000686	0.616	0.329	0.127
717	0.000395	0.616	0.329	0.127
718	0.000472	0.616	0.329	0.127
719	0.000814	0.616	0.329	0.127
720	0.000722	0.616	0.329	0.127
721	0.00092	0.616	0.329	0.127
722	0.000724	0.616	0.33	0.127
723	0.000796	0.616	0.329	0.127
724	0.000871	0.616	0.329	0.127
725	0.000709	0.615	0.329	0.127
726	0.00104	0.615	0.329	0.127
727	0.000809	0.615	0.329	0.127
728	0.00091	0.616	0.329	0.127
729	0.000711	0.615	0.329	0.126
730	0.000726	0.615	0.329	0.126
731	0.000681	0.616	0.329	0.127
732	0.000781	0.615	0.329	0.126
733	0.000955	0.616	0.329	0.127
734	0.000856	0.615	0.329	0.126
735	0.00089	0.615	0.329	0.126
736	0.000708	0.615	0.329	0.127
737	0.000548	0.615	0.329	0.127
738	0.000789	0.615	0.329	0.127
739	0.000819	0.615	0.329	0.127
740	0.000584	0.616	0.329	0.127
741	0.000478	0.615	0.329	0.127
742	0.000402	0.615	0.329	0.126
743	0.000499	0.615	0.329	0.126
744	0.000784	0.615	0.329	0.126
745	0.000786	0.615	0.329	0.126
746	0.0011	0.615	0.329	0.126
747	0.000919	0.616	0.329	0.126
748	0.00098	0.615	0.329	0.126
749	0.000811	0.615	0.329	0.126
750	0.000903	0.615	0.329	0.126
751	0.00105	0.615	0.329	0.126
752	0.000734	0.615	0.329	0.126
753	0.000855	0.615	0.329	0.126
754	0.000874	0.615	0.329	0.126
755	0.000762	0.615	0.329	0.126
756	0.000791	0.615	0.329	0.126
757	0.000323	0.615	0.329	0.126
758	0.000599	0.614	0.329	0.126
759	0.000623	0.615	0.329	0.126
760	0.00066	0.615	0.329	0.126
761	0.00079	0.615	0.329	0.126
762	0.000871	0.614	0.329	0.126
763	0.000858	0.615	0.329	0.126
764	0.000698	0.615	0.329	0.126
765	0.000533	0.615	0.329	0.126
766	0.000539	0.615	0.329	0.126
767	0.000354	0.614	0.329	0.126
768	0.000685	0.614	0.329	0.126
769	0.000444	0.615	0.329	0.126
770	0.000395	0.615	0.329	0.126
771	0.00036	0.614	0.329	0.126
772	0.00035	0.615	0.329	0.126
773	0.000215	0.614	0.329	0.126
774	-0.000218	0.614	0.329	0.126
775	-0.00034	0.614	0.329	0.126
776	0.000272	0.614	0.329	0.126
777	7.85e-05	0.614	0.329	0.126
778	0.000171	0.614	0.329	0.126
779	0.000274	0.614	0.329	0.126
780	0.000141	0.614	0.329	0.126
781	0.000235	0.614	0.329	0.126
782	0.000352	0.615	0.329	0.126
783	0.000219	0.614	0.329	0.126
784	9.44e-05	0.615	0.329	0.126
785	0.000291	0.614	0.329	0.126
786	5.23e-05	0.614	0.33	0.126
787	9.75e-05	0.614	0.329	0.126
788	0.000127	0.614	0.329	0.126
789	6.63e-05	0.614	0.329	0.126
790	-9.3e-05	0.614	0.329	0.126
791	3.69e-05	0.614	0.329	0.126
792	5.25e-05	0.614	0.329	0.126
793	0.000117	0.615	0.329	0.126
794	0.000157	0.614	0.329	0.126
795	0.00027	0.614	0.329	0.126
796	-3.02e-06	0.614	0.329	0.125
797	-0.000297	0.613	0.33	0.125
798	-0.000142	0.613	0.329	0.126
799	-5.26e-05	0.614	0.329	0.126
800	8.16e-05	0.613	0.33	0.125
801	-0.0001	0.614	0.329	0.125
802	-0.00029	0.614	0.329	0.126
803	-0.00012	0.614	0.329	0.125
804	0.000169	0.614	0.329	0.126
805	6.13e-05	0.614	0.329	0.126
806	-0.000204	0.614	0.329	0.126
807	4.52e-05	0.614	0.329	0.125
808	-6.77e-07	0.614	0.329	0.126
809	-1.69e-05	0.614	0.329	0.125
810	-8.97e-05	0.614	0.329	0.125
811	-0.000208	0.614	0.329	0.126
812	-0.000164	0.613	0.33	0.125
813	-0.000251	0.614	0.329	0.125
814	-0.000204	0.613	0.329	0.125
815	-7.56e-05	0.614	0.329	0.125
816	0.000155	0.614	0.329	0.125
817	0.000121	0.614	0.329	0.125
818	0.000261	0.613	0.33	0.125
819	0.00019	0.613	0.329	0.125
820	9.03e-05	0.614	0.329	0.125
821	0.000412	0.613	0.329	0.125
822	0.000358	0.613	0.33	0.125
823	0.000347	0.614	0.329	0.126
824	0.000187	0.613	0.329	0.125
825	1.98e-06	0.613	0.33	0.125
826	0.000152	0.614	0.33	0.126
827	0.000347	0.613	0.329	0.125
828	0.00011	0.613	0.33	0.125
829	1.96e-05	0.613	0.329	0.125
830	7.04e-05	0.613	0.33	0.125
831	2.29e-05	0.613	0.329	0.125
832	0.000255	0.614	0.329	0.125
833	0.000241	0.613	0.329	0.125
834	-0.000104	0.613	0.329	0.125
835	-0.000134	0.613	0.33	0.125
836	-4.7e-05	0.613	0.33	0.125
837	1.22e-05	0.614	0.329	0.125
838	-0.000113	0.614	0.33	0.125
839	-6.85e-05	0.613	0.33	0.125
840	-0.00026	0.613	0.329	0.125
841	-4.14e-05	0.613	0.33	0.125
842	-0.000125	0.613	0.33	0.125
843	-0.00028	0.613	0.33	0.125
844	-0.000334	0.613	0.329	0.125
845	-0.000252	0.613	0.33	0.125
846	-0.000201	0.612	0.33	0.125
847	-0.000533	0.612	0.33	0.125
848	-0.000452	0.613	0.329	0.125
849	-0.000456	0.612	0.33	0.125
850	-0.000553	0.612	0.33	0.125
851	-0.00064	0.612	0.33	0.125
852	-0.000522	0.612	0.33	0.125
853	-0.00035	0.612	0.33	0.125
854	-0.000348	0.613	0.33	0.125
855	-0.000405	0.612	0.33	0.125
856	-0.000577	0.613	0.33	0.125
857	-0.00048	0.612	0.33	0.125
858	-0.000513	0.612	0.33	0.125
859	-0.000517	0.612	0.33	0.125
860	-0.000584	0.612	0.33	0.125
861	-0.00053	0.612	0.33	0.125
862	-0.000737	0.613	0.33	0.125
863	-0.000844	0.612	0.33	0.125
864	-0.000822	0.612	0.33	0.125
865	-0.00104	0.612	0.33	0.125
866	-0.000681	0.612	0.33	0.125
867	-0.000766	0.612	0.33	0.125
868	-0.000614	0.612	0.33	0.125
869	-0.0009	0.612	0.33	0.125
870	-0.000797	0.612	0.33	0.125
871	-0.000932	0.612	0.33	0.125
872	-0.000944	0.612	0.33	0.125
873	-0.00101	0.612	0.33	0.125
874	-0.00116	0.612	0.33	0.125
875	-0.00102	0.611	0.331	0.125
876	-0.000697	0.612	0.33	0.125
877	-0.000657	0.612	0.33	0.125
878	-0.00076	0.612	0.33	0.125
879	-0.000898	0.612	0.329	0.125
880	-0.000916	0.612	0.33	0.125
881	-0.00103	0.612	0.33	0.125
882	-0.00095	0.612	0.33	0.125
883	-0.00105	0.612	0.33	0.125
884	-0.000922	0.612	0.33	0.125
885	-0.000942	0.612	0.33	0.125
886	-0.00107	0.612	0.33	0.125
887	-0.00104	0.611	0.33	0.124
888	-0.00125	0.611	0.33	0.124
889	-0.00101	0.611	0.33	0.124
890	-0.00109	0.611	0.33	0.124
891	-0.000965	0.611	0.33	0.125
892	-0.000925	0.611	0.33	0.125
893	-0.000723	0.612	0.33	0.124
894	-0.00111	0.612	0.33	0.125
895	-0.000895	0.612	0.33	0.125
896	-0.00106	0.612	0.33	0.125
897	-0.000718	0.612	0.33	0.125
898	-0.000621	0.612	0.33	0.125
899	-0.000736	0.612	0.33	0.124
900	-0.000546	0.612	0.33	0.124
901	-0.000707	0.612	0.33	0.125
902	-0.00111	0.611	0.33	0.124
903	-0.00119	0.611	0.33	0.124
904	-0.00131	0.611	0.33	0.124
905	-0.000889	0.611	0.33	0.124
906	-0.00102	0.611	0.33	0.124
907	-0.00125	0.612	0.33	0.125
908	-0.0012	0.611	0.33	0.125
909	-0.00123	0.611	0.33	0.124
910	-0.00134	0.612	0.33	0.125
911	-0.00143	0.611	0.33	0.124
912	-0.00137	0.611	0.33	0.125
913	-0.0013	0.611	0.33	0.124
914	-0.00129	0.611	0.33	0.124
915	-0.00101	0.611	0.33	0.124
916	-0.001	0.612	0.33	0.125
917	-0.000808	0.611	0.33	0.124
918	-0.00116	0.612	0.33	0.124
919	-0.000958	0.612	0.33	0.125
920	-0.00075	0.611	0.33	0.125
921	-0.00106	0.611	0.331	0.124
922	-0.00119	0.611	0.33	0.124
923	-0.0013	0.611	0.33	0.124
924	-0.00151	0.611	0.33	0.124
925	-0.00128	0.611	0.331	0.125
926	-0.00131	0.611	0.331	0.124
927	-0.00132	0.611	0.331	0.124
928	-0.00141	0.611	0.33	0.124
929	-0.00153	0.611	0.33	0.124
930	-0.0015	0.611	0.331	0.124
931	-0.00157	0.611	0.33	0.125
932	-0.00154	0.611	0.33	0.124
933	-0.00131	0.611	0.33	0.124
934	-0.00155	0.611	0.33	0.125
935	-0.0014	0.611	0.33	0.124
936	-0.00141	0.611	0.33	0.125
937	-0.00161	0.61	0.33	0.124
938	-0.00165	0.61	0.331	0.124
939	-0.0016	0.611	0.33	0.124
940	-0.00178	0.61	0.331	0.124
941	-0.00153	0.61	0.331	0.124
942	-0.00132	0.61	0.331	0.124
943	-0.00146	0.61	0.331	0.124
944	-0.00167	0.61	0.331	0.124
945	-0.00142	0.61	0.331	0.124
946	-0.00133	0.61	0.331	0.125
947	-0.00157	0.611	0.331	0.125
948	-0.00174	0.61	0.331	0.125
949	-0.00138	0.61	0.331	0.125
950	-0.00132	0.61	0.331	0.124
951	-0.00138	0.61	0.331	0.124
952	-0.00173	0.61	0.331	0.124
953	-0.00169	0.61	0.331	0.124
954	-0.00171	0.61	0.331	0.124
955	-0.00173	0.611	0.331	0.125
956	-0.00166	0.61	0.33	0.124
957	-0.00169	0.611	0.33	0.124
958	-0.00181	0.611	0.331	0.124
959	-0.00178	0.61	0.331	0.124
960	-0.00151	0.611	0.331	0.124
961	-0.00162	0.611	0.331	0.125
962	-0.00182	0.61	0.331	0.124
963	-0.00181	0.61	0.331	0.124
964	-0.00173	0.61	0.331	0.124
965	-0.00178	0.61	0.331	0.124
966	-0.00186	0.61	0.331	0.124
967	-0.00178	0.61	0.331	0.124
968	-0.00169	0.61	0.331	0.124
969	-0.00184	0.611	0.331	0.125
970	-0.00198	0.61	0.33	0.125
971	-0.00218	0.61	0.331	0.124
972	-0.00218	0.61	0.331	0.124
973	-0.00203	0.61	0.331	0.124
974	-0.0019	0.61	0.331	0.124
975	-0.00188	0.608	0.333	0.124
976	-0.00171	0.607	0.335	0.124
977	-0.00195	0.607	0.335	0.124
978	-0.00185	0.607	0.334	0.124
979	-0.00181	0.607	0.334	0.124
980	-0.00178	0.607	0.334	0.124
981	-0.00198	0.607	0.333	0.124
982	-0.00183	0.608	0.333	0.124
983	-0.00218	0.608	0.333	0.124
984	-0.00217	0.608	0.333	0.124
985	-0.0023	0.608	0.333	0.124
986	-0.00216	0.608	0.333	0.124
987	-0.00221	0.608	0.333	0.124
988	-0.00236	0.608	0.333	0.124
989	-0.00223	0.608	0.333	0.124
990	-0.00207	0.608	0.333	0.124
991	-0.00213	0.608	0.333	0.124
992	-0.00204	0.608	0.332	0.124
993	-0.00217	0.608	0.332	0.124
994	-0.00223	0.608	0.333	0.124
995	-0.00199	0.608	0.332	0.124
996	-0.00166	0.608	0.332	0.124
997	-0.00198	0.608	0.332	0.124
998	-0.00188	0.608	0.332	0.124
999	-0.00214	0.608	0.332	0.124
1000	-0.00165	0.608	0.333	0.124
1001	-0.00197	0.608	0.332	0.124
1002	-0.00181	0.608	0.332	0.124
1003	-0.00202	0.609	0.332	0.124
1004	-0.00197	0.608	0.332	0.124
1005	-0.00209	0.608	0.332	0.124
1006	-0.00224	0.608	0.332	0.124
1007	-0.00219	0.608	0.332	0.124
1008	-0.00209	0.609	0.332	0.124
1009	-0.00192	0.608	0.332	0.124
1010	-0.00189	0.608	0.332	0.124
1011	-0.0018	0.608	0.332	0.124
1012	-0.00189	0.608	0.332	0.124
1013	-0.00197	0.608	0.332	0.124
1014	-0.00174	0.608	0.332	0.124
1015	-0.0017	0.608	0.332	0.124
1016	-0.00177	0.608	0.332	0.124
1017	-0.00173	0.608	0.332	0.124
1018	-0.00199	0.609	0.331	0.124
1019	-0.00209	0.608	0.332	0.124
1020	-0.00217	0.608	0.332	0.124
1021	-0.00194	0.608	0.332	0.124
1022	-0.00174	0.608	0.332	0.124
1023	-0.00189	0.608	0.332	0.124
1024	-0.00204	0.608	0.332	0.124
1025	-0.00185	0.608	0.332	0.124
1026	-0.00199	0.608	0.332	0.124
1027	-0.00212	0.608	0.332	0.124
1028	-0.00197	0.608	0.332	0.124
1029	-0.00207	0.608	0.332	0.124
1030	-0.00196	0.608	0.332	0.124
1031	-0.00194	0.608	0.332	0.124
1032	-0.0017	0.608	0.332	0.124
1033	-0.00189	0.608	0.332	0.124
1034	-0.00185	0.608	0.332	0.124
1035	-0.00162	0.608	0.332	0.124
1036	-0.00158	0.608	0.332	0.124
1037	-0.00159	0.608	0.332	0.124
1038	-0.00192	0.608	0.332	0.124
1039	-0.00189	0.607	0.332	0.124
1040	-0.00174	0.608	0.332	0.124
1041	-0.00203	0.608	0.332	0.124
1042	-0.00234	0.608	0.332	0.124
1043	-0.00206	0.608	0.332	0.124
1044	-0.00185	0.607	0.332	0.124
1045	-0.00176	0.608	0.332	0.124
1046	-0.0018	0.608	0.332	0.124
1047	-0.00167	0.607	0.332	0.124
1048	-0.0018	0.607	0.332	0.124
1049	-0.00199	0.608	0.332	0.124
1050	-0.00199	0.608	0.332	0.124
1051	-0.0019	0.607	0.332	0.124
1052	-0.00187	0.607	0.332	0.124
1053	-0.00172	0.607	0.332	0.124
1054	-0.0018	0.607	0.332	0.124
1055	-0.00182	0.607	0.332	0.124
1056	-0.00155	0.607	0.333	0.124
1057	-0.00174	0.607	0.332	0.124
1058	-0.00179	0.607	0.333	0.124
1059	-0.00151	0.607	0.332	0.124
1060	-0.00122	0.607	0.332	0.124
1061	-0.00151	0.607	0.332	0.124
1062	-0.00168	0.607	0.332	0.124
1063	-0.00136	0.607	0.333	0.124
1064	-0.0015	0.607	0.332	0.124
1065	-0.00163	0.607	0.332	0.124
1066	-0.0017	0.607	0.332	0.124
1067	-0.00153	0.607	0.332	0.124
1068	-0.00157	0.607	0.332	0.124
1069	-0.00151	0.607	0.332	0.124
1070	-0.00139	0.607	0.333	0.124
1071	-0.00164	0.607	0.332	0.124
1072	-0.00129	0.607	0.332	0.124
1073	-0.00122	0.608	0.332	0.124
1074	-0.00151	0.607	0.332	0.123
1075	-0.00156	0.607	0.333	0.123
1076	-0.00144	0.607	0.333	0.124
1077	-0.00182	0.607	0.333	0.124
1078	-0.00158	0.607	0.333	0.124
1079	-0.00155	0.607	0.332	0.124
1080	-0.00172	0.607	0.332	0.123
1081	-0.00189	0.607	0.332	0.124
1082	-0.00171	0.607	0.332	0.124
1083	-0.00176	0.607	0.333	0.123
1084	-0.00183	0.606	0.333	0.123
1085	-0.00145	0.607	0.333	0.124
1086	-0.00166	0.607	0.332	0.124
1087	-0.00162	0.607	0.332	0.123
1088	-0.00179	0.607	0.333	0.123
1089	-0.00182	0.607	0.333	0.123
1090	-0.00184	0.606	0.333	0.123
1091	-0.00164	0.607	0.332	0.123
1092	-0.00165	0.606	0.332	0.123
1093	-0.00169	0.607	0.332	0.123
1094	-0.0019	0.607	0.332	0.123
1095	-0.00186	0.607	0.332	0.123
1096	-0.00168	0.607	0.332	0.123
1097	-0.00175	0.606	0.333	0.123
1098	-0.00168	0.607	0.332	0.123
1099	-0.0019	0.606	0.332	0.123
1100	-0.00204	0.606	0.332	0.123
1101	-0.00179	0.606	0.332	0.123
1102	-0.00192	0.606	0.332	0.123
1103	-0.00196	0.607	0.332	0.123
1104	-0.00183	0.606	0.332	0.123
1105	-0.00161	0.606	0.332	0.123
1106	-0.00168	0.607	0.332	0.123
1107	-0.00176	0.606	0.332	0.123
1108	-0.00179	0.607	0.332	0.123
1109	-0.00172	0.607	0.332	0.123
1110	-0.00176	0.606	0.332	0.123
1111	-0.0016	0.606	0.332	0.123
1112	-0.00184	0.607	0.332	0.123
1113	-0.00188	0.607	0.333	0.123
1114	-0.00183	0.606	0.332	0.123
1115	-0.00183	0.606	0.332	0.123
1116	-0.00168	0.607	0.332	0.123
1117	-0.00163	0.606	0.332	0.123
1118	-0.00167	0.606	0.333	0.123
1119	-0.0019	0.607	0.332	0.123
1120	-0.00194	0.607	0.332	0.123
1121	-0.00183	0.607	0.332	0.123
1122	-0.00185	0.606	0.332	0.123
1123	-0.0017	0.606	0.332	0.123
1124	-0.00192	0.607	0.332	0.123
1125	-0.00179	0.606	0.332	0.123
1126	-0.00189	0.607	0.332	0.123
1127	-0.00196	0.606	0.332	0.123
1128	-0.00166	0.606	0.332	0.123
1129	-0.0016	0.606	0.332	0.123
1130	-0.00195	0.606	0.333	0.123
1131	-0.00201	0.606	0.332	0.123
1132	-0.00182	0.606	0.332	0.123
1133	-0.00199	0.606	0.332	0.123
1134	-0.00194	0.606	0.332	0.123
1135	-0.00207	0.606	0.332	0.123
1136	-0.00203	0.604	0.334	0.123
1137	-0.00169	0.603	0.336	0.123
1138	-0.00179	0.603	0.336	0.123
1139	-0.00186	0.604	0.335	0.123
1140	-0.00164	0.604	0.335	0.123
1141	-0.00151	0.604	0.335	0.123
1142	-0.00175	0.604	0.335	0.123
1143	-0.00178	0.604	0.334	0.123
1144	-0.00207	0.604	0.335	0.123
1145	-0.00186	0.604	0.335	0.123
1146	-0.00206	0.604	0.334	0.123
1147	-0.00201	0.604	0.334	0.123
1148	-0.002	0.604	0.335	0.123
1149	-0.00194	0.604	0.334	0.123
1150	-0.00182	0.604	0.334	0.123
1151	-0.00225	0.605	0.334	0.123
1152	-0.00206	0.605	0.334	0.123
1153	-0.002	0.605	0.334	0.123
1154	-0.00189	0.605	0.334	0.123
1155	-0.00219	0.605	0.334	0.123
1156	-0.00219	0.604	0.334	0.123
1157	-0.00209	0.604	0.334	0.123
1158	-0.00201	0.605	0.334	0.123
1159	-0.00233	0.604	0.334	0.123
1160	-0.00233	0.605	0.334	0.123
1161	-0.00207	0.604	0.334	0.123
1162	-0.00203	0.604	0.334	0.123
1163	-0.00215	0.604	0.334	0.123
1164	-0.00204	0.604	0.334	0.123
1165	-0.00168	0.605	0.334	0.123
1166	-0.00174	0.605	0.333	0.123
1167	-0.00196	0.605	0.334	0.123
1168	-0.00166	0.605	0.334	0.123
1169	-0.00185	0.604	0.334	0.123
1170	-0.00193	0.604	0.334	0.123
1171	-0.00207	0.605	0.334	0.123
1172	-0.00184	0.604	0.334	0.123
1173	-0.0018	0.605	0.334	0.123
1174	-0.00179	0.605	0.334	0.123
1175	-0.00194	0.605	0.334	0.123
1176	-0.002	0.605	0.334	0.123
1177	-0.00184	0.605	0.334	0.123
1178	-0.00187	0.604	0.334	0.123
1179	-0.00195	0.604	0.334	0.123
1180	-0.002	0.604	0.334	0.123
1181	-0.00191	0.604	0.334	0.123
1182	-0.00186	0.604	0.334	0.123
1183	-0.0017	0.604	0.334	0.123
1184	-0.00154	0.604	0.334	0.123
1185	-0.00177	0.604	0.334	0.123
1186	-0.00186	0.604	0.334	0.123
1187	-0.00191	0.604	0.334	0.123
1188	-0.00185	0.604	0.334	0.123
1189	-0.00203	0.604	0.334	0.123
1190	-0.00187	0.604	0.334	0.123
1191	-0.00186	0.605	0.334	0.123
1192	-0.00194	0.604	0.334	0.123
1193	-0.00193	0.604	0.334	0.123
1194	-0.00194	0.604	0.334	0.123
1195	-0.00209	0.604	0.334	0.123
1196	-0.00199	0.604	0.334	0.123
1197	-0.00187	0.604	0.334	0.123
1198	-0.00182	0.604	0.334	0.123
1199	-0.00174	0.604	0.334	0.123
1200	-0.00177	0.604	0.334	0.123
1201	-0.0019	0.604	0.334	0.123
1202	-0.0018	0.604	0.334	0.123
1203	-0.00194	0.604	0.334	0.123
1204	-0.00191	0.604	0.334	0.123
1205	-0.00181	0.604	0.334	0.123
1206	-0.00187	0.604	0.334	0.123
1207	-0.00172	0.604	0.334	0.123
1208	-0.00176	0.604	0.334	0.123
1209	-0.0018	0.604	0.334	0.123
1210	-0.00199	0.604	0.334	0.123
1211	-0.00166	0.604	0.334	0.123
1212	-0.00168	0.604	0.334	0.123
1213	-0.00185	0.604	0.334	0.123
1214	-0.00195	0.604	0.334	0.123
1215	-0.0021	0.604	0.334	0.123
1216	-0.00218	0.604	0.334	0.123
1217	-0.00183	0.604	0.334	0.123
1218	-0.00159	0.604	0.334	0.123
1219	-0.0018	0.604	0.334	0.123
1220	-0.0018	0.604	0.334	0.123
1221	-0.00189	0.604	0.333	0.123
1222	-0.00193	0.604	0.334	0.123
1223	-0.00171	0.604	0.334	0.123
1224	-0.00171	0.604	0.333	0.123
1225	-0.00206	0.604	0.333	0.123
1226	-0.00179	0.604	0.333	0.123
1227	-0.00196	0.604	0.334	0.123
1228	-0.00192	0.604	0.333	0.123
1229	-0.00179	0.603	0.334	0.122
1230	-0.002	0.604	0.334	0.123
1231	-0.002	0.604	0.334	0.123
1232	-0.00195	0.604	0.334	0.123
1233	-0.00213	0.604	0.334	0.123
1234	-0.00204	0.604	0.334	0.123
1235	-0.00207	0.603	0.334	0.122
1236	-0.00203	0.604	0.334	0.122
1237	-0.00192	0.604	0.333	0.123
1238	-0.00182	0.603	0.334	0.123
1239	-0.00191	0.604	0.334	0.123
1240	-0.00205	0.604	0.334	0.123
1241	-0.00201	0.604	0.334	0.123
1242	-0.00201	0.603	0.334	0.123
1243	-0.00235	0.603	0.334	0.122
1244	-0.00207	0.604	0.334	0.123
1245	-0.00214	0.603	0.334	0.123
1246	-0.00231	0.604	0.334	0.123
1247	-0.00222	0.603	0.334	0.123
1248	-0.00223	0.603	0.334	0.122
1249	-0.0022	0.604	0.334	0.122
1250	-0.00232	0.604	0.334	0.123
1251	-0.00218	0.604	0.334	0.122
1252	-0.00228	0.604	0.333	0.123
1253	-0.00211	0.604	0.334	0.122
1254	-0.00218	0.604	0.334	0.123
1255	-0.0024	0.604	0.334	0.123
1256	-0.00235	0.604	0.334	0.123
1257	-0.00232	0.603	0.334	0.122
1258	-0.0023	0.603	0.334	0.123
1259	-0.00202	0.603	0.334	0.122
1260	-0.0023	0.603	0.334	0.122
1261	-0.00234	0.603	0.334	0.122
1262	-0.00204	0.603	0.334	0.122
1263	-0.00197	0.603	0.334	0.123
1264	-0.0022	0.604	0.334	0.123
1265	-0.00198	0.603	0.334	0.123
1266	-0.00195	0.603	0.334	0.123
1267	-0.00204	0.603	0.334	0.123
1268	-0.0021	0.603	0.334	0.123
1269	-0.00195	0.603	0.334	0.123
1270	-0.00209	0.603	0.334	0.123
1271	-0.0019	0.603	0.334	0.123
1272	-0.002	0.601	0.336	0.122
1273	-0.00187	0.6	0.338	0.122
1274	-0.00184	0.6	0.338	0.122
1275	-0.00184	0.601	0.337	0.123
1276	-0.00208	0.601	0.337	0.123
1277	-0.00181	0.6	0.337	0.122
1278	-0.00191	0.601	0.336	0.122
1279	-0.00203	0.601	0.336	0.123
1280	-0.00192	0.601	0.336	0.122
1281	-0.00199	0.601	0.336	0.122
1282	-0.00198	0.601	0.336	0.123
1283	-0.00207	0.602	0.336	0.123
1284	-0.00224	0.601	0.337	0.123
1285	-0.0023	0.601	0.336	0.123
1286	-0.00229	0.601	0.336	0.123
1287	-0.00206	0.602	0.336	0.123
1288	-0.00219	0.602	0.336	0.123
1289	-0.00234	0.601	0.336	0.122
1290	-0.00222	0.602	0.336	0.122
1291	-0.00229	0.601	0.336	0.122
1292	-0.00233	0.601	0.336	0.122
1293	-0.00234	0.602	0.335	0.122
1294	-0.00226	0.602	0.335	0.122
1295	-0.00256	0.601	0.336	0.122
1296	-0.00246	0.602	0.335	0.122
1297	-0.00243	0.602	0.335	0.123
1298	-0.00235	0.601	0.335	0.122
1299	-0.00242	0.602	0.335	0.122
1300	-0.00228	0.602	0.335	0.122
1301	-0.00219	0.602	0.335	0.122
1302	-0.00224	0.602	0.335	0.122
1303	-0.00215	0.602	0.335	0.122
1304	-0.00181	0.601	0.335	0.122
1305	-0.00202	0.602	0.335	0.122
1306	-0.00215	0.602	0.335	0.122
1307	-0.00198	0.602	0.335	0.122
1308	-0.00202	0.601	0.335	0.122
1309	-0.0021	0.602	0.335	0.122
1310	-0.00198	0.602	0.335	0.122
1311	-0.00221	0.602	0.335	0.122
1312	-0.0023	0.602	0.335	0.122
1313	-0.00205	0.602	0.335	0.122
1314	-0.00198	0.601	0.335	0.122
1315	-0.00221	0.602	0.335	0.122
1316	-0.00226	0.602	0.335	0.122
1317	-0.00225	0.602	0.335	0.122
1318	-0.00203	0.602	0.335	0.122
1319	-0.00213	0.602	0.335	0.122
1320	-0.00208	0.602	0.335	0.122
1321	-0.00208	0.602	0.335	0.122
1322	-0.00203	0.601	0.335	0.122
1323	-0.00218	0.601	0.335	0.122
1324	-0.0021	0.602	0.335	0.122
1325	-0.00235	0.602	0.335	0.122
1326	-0.00236	0.602	0.335	0.122
1327	-0.00213	0.602	0.335	0.122
1328	-0.00222	0.602	0.335	0.122
1329	-0.00221	0.602	0.335	0.122
1330	-0.00228	0.601	0.335	0.122
1331	-0.00208	0.602	0.335	0.122
1332	-0.00195	0.601	0.335	0.122
1333	-0.00224	0.602	0.335	0.123
1334	-0.00205	0.602	0.335	0.122
1335	-0.00197	0.602	0.335	0.122
1336	-0.00216	0.602	0.335	0.122
1337	-0.00239	0.601	0.335	0.122
1338	-0.00216	0.601	0.335	0.122
1339	-0.00228	0.601	0.335	0.122
1340	-0.00251	0.601	0.335	0.122
1341	-0.00237	0.601	0.335	0.122
1342	-0.00231	0.602	0.335	0.122
1343	-0.00248	0.602	0.335	0.122
1344	-0.00252	0.601	0.335	0.122
1345	-0.0025	0.602	0.335	0.122
1346	-0.00256	0.602	0.335	0.122
1347	-0.00275	0.602	0.335	0.122
1348	-0.00253	0.602	0.335	0.122
1349	-0.0025	0.601	0.335	0.122
1350	-0.00255	0.602	0.335	0.122
1351	-0.00257	0.601	0.335	0.122
1352	-0.00236	0.601	0.335	0.122
1353	-0.00267	0.601	0.335	0.122
1354	-0.00252	0.601	0.335	0.122
1355	-0.00221	0.601	0.335	0.122
1356	-0.00248	0.602	0.335	0.122
1357	-0.00254	0.602	0.335	0.122
1358	-0.00234	0.601	0.335	0.122
1359	-0.00223	0.601	0.335	0.122
1360	-0.00233	0.601	0.335	0.122
1361	-0.00221	0.601	0.335	0.122
1362	-0.00228	0.602	0.335	0.122
1363	-0.00226	0.601	0.335	0.122
1364	-0.00226	0.602	0.335	0.122
1365	-0.00218	0.602	0.335	0.122
1366	-0.00204	0.601	0.336	0.122
1367	-0.00225	0.601	0.335	0.122
1368	-0.00215	0.601	0.335	0.122
1369	-0.00208	0.601	0.335	0.122
1370	-0.00205	0.601	0.335	0.122
1371	-0.00202	0.601	0.335	0.122
1372	-0.0021	0.601	0.335	0.122
1373	-0.00204	0.601	0.335	0.122
1374	-0.00206	0.601	0.335	0.122
1375	-0.00231	0.601	0.336	0.122
1376	-0.00237	0.601	0.336	0.122
1377	-0.00218	0.602	0.335	0.122
1378	-0.00224	0.601	0.335	0.122
1379	-0.00218	0.601	0.336	0.122
1380	-0.00205	0.601	0.335	0.122
1381	-0.00217	0.601	0.335	0.122
1382	-0.00219	0.601	0.335	0.122
1383	-0.00216	0.601	0.336	0.122
1384	-0.00246	0.601	0.335	0.122
1385	-0.00253	0.601	0.335	0.122
1386	-0.00231	0.601	0.335	0.122
1387	-0.00208	0.601	0.336	0.122
1388	-0.0022	0.601	0.335	0.122
1389	-0.00233	0.601	0.335	0.122
1390	-0.00253	0.601	0.335	0.122
1391	-0.00236	0.601	0.335	0.122
1392	-0.0024	0.601	0.335	0.122
1393	-0.0023	0.601	0.335	0.122
1394	-0.00216	0.601	0.335	0.122
1395	-0.00241	0.601	0.335	0.122
1396	-0.00241	0.601	0.335	0.122
1397	-0.00236	0.601	0.335	0.122
1398	-0.0023	0.601	0.335	0.122
1399	-0.00239	0.601	0.335	0.122
1400	-0.0025	0.601	0.335	0.122
1401	-0.00263	0.601	0.335	0.122
1402	-0.00266	0.601	0.335	0.122
1403	-0.00241	0.601	0.335	0.122
1404	-0.00241	0.601	0.335	0.122
1405	-0.00242	0.6	0.335	0.121
1406	-0.00261	0.601	0.335	0.122
1407	-0.00258	0.601	0.335	0.122
1408	-0.00238	0.601	0.335	0.122
1409	-0.00249	0.601	0.335	0.121
1410	-0.00254	0.601	0.335	0.122
1411	-0.00265	0.601	0.335	0.121
1412	-0.00273	0.6	0.335	0.121
1413	-0.00271	0.601	0.335	0.121
1414	-0.00254	0.6	0.335	0.121
1415	-0.00269	0.601	0.335	0.122
1416	-0.00286	0.601	0.335	0.122
1417	-0.0027	0.601	0.335	0.121
1418	-0.00274	0.601	0.335	0.121
1419	-0.00285	0.601	0.335	0.121
1420	-0.00294	0.6	0.335	0.121
1421	-0.00281	0.601	0.335	0.121
1422	-0.00269	0.601	0.335	0.122
1423	-0.00267	0.601	0.335	0.122
1424	-0.00248	0.601	0.335	0.122
1425	-0.00236	0.601	0.335	0.121
1426	-0.00274	0.6	0.335	0.121
1427	-0.00281	0.6	0.335	0.121
1428	-0.00279	0.6	0.335	0.121
1429	-0.00291	0.601	0.335	0.121
1430	-0.00266	0.601	0.335	0.121
1431	-0.00262	0.601	0.335	0.121
1432	-0.00279	0.601	0.335	0.121
1433	-0.00292	0.601	0.335	0.121
1434	-0.00269	0.601	0.335	0.121
1435	-0.00287	0.601	0.335	0.121
1436	-0.00281	0.6	0.335	0.121
1437	-0.00285	0.601	0.335	0.121
1438	-0.00287	0.6	0.335	0.121
1439	-0.00293	0.601	0.335	0.121
1440	-0.00279	0.6	0.335	0.121
1441	-0.00284	0.601	0.335	0.121
1442	-0.00278	0.6	0.335	0.121
1443	-0.00257	0.6	0.335	0.121
1444	-0.00257	0.6	0.335	0.121
1445	-0.00266	0.6	0.336	0.121
1446	-0.00265	0.599	0.337	0.121
1447	-0.00259	0.597	0.339	0.121
1448	-0.00253	0.597	0.338	0.121
1449	-0.00253	0.598	0.338	0.121
1450	-0.00256	0.598	0.337	0.121
1451	-0.0026	0.598	0.338	0.121
1452	-0.00274	0.599	0.337	0.121
1453	-0.00254	0.599	0.337	0.121
1454	-0.00234	0.599	0.337	0.121
1455	-0.00256	0.599	0.337	0.121
1456	-0.00253	0.598	0.337	0.121
1457	-0.00266	0.599	0.337	0.121
1458	-0.00247	0.599	0.337	0.121
1459	-0.00267	0.599	0.337	0.121
1460	-0.00259	0.599	0.336	0.121
1461	-0.00254	0.598	0.337	0.121
1462	-0.00251	0.599	0.337	0.121
1463	-0.00271	0.599	0.337	0.121
1464	-0.00274	0.599	0.336	0.121
1465	-0.00259	0.599	0.336	0.121
1466	-0.00292	0.599	0.336	0.121
1467	-0.00282	0.599	0.337	0.121
1468	-0.00274	0.599	0.336	0.121
1469	-0.00277	0.599	0.336	0.121
1470	-0.00293	0.599	0.336	0.121
1471	-0.00269	0.599	0.336	0.121
1472	-0.00279	0.599	0.336	0.121
1473	-0.00263	0.599	0.336	0.121
1474	-0.00273	0.599	0.337	0.121
1475	-0.00291	0.599	0.336	0.121
1476	-0.00282	0.599	0.336	0.121
1477	-0.00275	0.599	0.336	0.121
1478	-0.0027	0.598	0.336	0.121
1479	-0.00274	0.599	0.336	0.121
1480	-0.00266	0.599	0.336	0.121
1481	-0.00252	0.599	0.336	0.121
1482	-0.00275	0.599	0.336	0.121
1483	-0.00278	0.599	0.336	0.121
1484	-0.00253	0.599	0.336	0.121
1485	-0.00271	0.599	0.336	0.121
1486	-0.003	0.599	0.336	0.121
1487	-0.00306	0.599	0.336	0.121
1488	-0.00282	0.599	0.336	0.121
1489	-0.00287	0.599	0.336	0.121
1490	-0.00271	0.599	0.336	0.121
1491	-0.00274	0.599	0.336	0.121
1492	-0.00283	0.599	0.336	0.121
1493	-0.00269	0.599	0.336	0.121
1494	-0.00297	0.599	0.336	0.121
1495	-0.00281	0.599	0.336	0.121
1496	-0.00279	0.599	0.336	0.121
1497	-0.00275	0.599	0.336	0.121
1498	-0.00271	0.598	0.336	0.121
1499	-0.00291	0.599	0.336	0.121
1500	-0.00306	0.599	0.336	0.121
1501	-0.00314	0.599	0.336	0.121
1502	-0.0031	0.599	0.336	0.121
1503	-0.00328	0.599	0.336	0.121
1504	-0.00303	0.598	0.336	0.121
1505	-0.00316	0.599	0.336	0.121
1506	-0.00307	0.599	0.336	0.121
1507	-0.00305	0.599	0.336	0.121
1508	-0.00302	0.599	0.336	0.121
1509	-0.00293	0.599	0.336	0.121
1510	-0.00322	0.599	0.336	0.121
1511	-0.00326	0.599	0.336	0.121
1512	-0.0031	0.599	0.336	0.121
1513	-0.00324	0.599	0.336	0.121
1514	-0.00323	0.599	0.336	0.121
1515	-0.00303	0.599	0.336	0.121
1516	-0.00323	0.599	0.336	0.121
1517	-0.00319	0.599	0.336	0.121
1518	-0.00307	0.599	0.336	0.121
1519	-0.00323	0.599	0.336	0.121
1520	-0.00326	0.599	0.336	0.121
1521	-0.0032	0.599	0.336	0.121
1522	-0.00308	0.598	0.336	0.121
1523	-0.00325	0.599	0.336	0.121
1524	-0.00304	0.599	0.336	0.121
1525	-0.00305	0.598	0.336	0.121
1526	-0.00299	0.599	0.336	0.121
1527	-0.00275	0.599	0.336	0.121
1528	-0.00284	0.599	0.336	0.121
1529	-0.00301	0.599	0.336	0.121
1530	-0.00283	0.599	0.336	0.121
1531	-0.00274	0.599	0.335	0.121
1532	-0.00293	0.599	0.336	0.121
1533	-0.00287	0.599	0.336	0.121
1534	-0.00272	0.599	0.336	0.121
1535	-0.00256	0.599	0.336	0.121
1536	-0.0028	0.599	0.336	0.121
1537	-0.00259	0.599	0.336	0.121
1538	-0.00282	0.599	0.336	0.121
1539	-0.00276	0.599	0.336	0.121
1540	-0.00273	0.599	0.336	0.121
1541	-0.00307	0.599	0.335	0.121
1542	-0.00284	0.598	0.336	0.12
1543	-0.0028	0.599	0.336	0.12
1544	-0.00284	0.599	0.335	0.121
1545	-0.00282	0.598	0.336	0.121
1546	-0.00282	0.599	0.336	0.121
1547	-0.00299	0.599	0.336	0.121
1548	-0.00287	0.598	0.336	0.121
1549	-0.00303	0.599	0.336	0.121
1550	-0.00287	0.599	0.336	0.121
1551	-0.00285	0.598	0.336	0.12
1552	-0.00266	0.598	0.336	0.12
1553	-0.00303	0.599	0.336	0.121
1554	-0.00297	0.599	0.336	0.121
1555	-0.00298	0.599	0.336	0.12
1556	-0.00281	0.599	0.336	0.121
1557	-0.0028	0.598	0.336	0.12
1558	-0.00309	0.599	0.336	0.121
1559	-0.00314	0.598	0.336	0.121
1560	-0.00296	0.599	0.335	0.121
1561	-0.00314	0.598	0.336	0.12
1562	-0.00315	0.598	0.336	0.12
1563	-0.0031	0.599	0.335	0.12
1564	-0.00308	0.599	0.336	0.121
1565	-0.00297	0.599	0.336	0.12
1566	-0.00287	0.598	0.335	0.12
1567	-0.00309	0.599	0.336	0.12
1568	-0.00314	0.599	0.336	0.12
1569	-0.00314	0.598	0.336	0.12
1570	-0.00294	0.599	0.336	0.12
1571	-0.003	0.599	0.336	0.12
1572	-0.00282	0.598	0.336	0.12
1573	-0.00322	0.598	0.336	0.12
1574	-0.00316	0.599	0.335	0.121
1575	-0.00296	0.598	0.336	0.121
1576	-0.00299	0.598	0.336	0.12
1577	-0.00293	0.599	0.336	0.12
1578	-0.00281	0.598	0.336	0.12
1579	-0.00281	0.598	0.336	0.12
1580	-0.0029	0.599	0.336	0.12
1581	-0.00313	0.599	0.336	0.12
1582	-0.00306	0.598	0.336	0.12
1583	-0.00313	0.599	0.336	0.12
1584	-0.00317	0.598	0.336	0.12
1585	-0.00319	0.598	0.336	0.12
1586	-0.00301	0.598	0.335	0.12
1587	-0.00315	0.598	0.336	0.12
1588	-0.00329	0.598	0.336	0.12
1589	-0.0031	0.598	0.336	0.12
1590	-0.00318	0.598	0.336	0.12
1591	-0.00337	0.598	0.336	0.12
1592	-0.00325	0.598	0.336	0.12
1593	-0.00353	0.598	0.336	0.12
1594	-0.0035	0.598	0.336	0.12
1595	-0.00342	0.598	0.336	0.12
