Iteration	ValueMean	ValueStddev	DerivMean	DerivStddev
1	0.0141	0.676	0.523	0.309
2	0.0227	0.643	0.57	0.314
3	0.023	0.629	0.568	0.299
4	0.0223	0.621	0.564	0.285
5	0.0253	0.61	0.564	0.275
6	0.0249	0.603	0.564	0.266
7	0.0235	0.601	0.561	0.261
8	0.0224	0.6	0.56	0.258
9	0.0225	0.599	0.559	0.255
10	0.0217	0.598	0.558	0.252
11	0.0207	0.597	0.557	0.249
12	0.0206	0.598	0.555	0.247
13	0.0209	0.599	0.553	0.246
14	0.0211	0.599	0.551	0.243
15	0.0209	0.6	0.55	0.242
16	0.0205	0.6	0.549	0.239
17	0.0199	0.6	0.547	0.238
18	0.0192	0.601	0.546	0.238
19	0.0177	0.601	0.545	0.236
20	0.018	0.602	0.543	0.235
21	0.0178	0.603	0.541	0.235
22	0.018	0.604	0.541	0.234
23	0.0183	0.605	0.539	0.234
24	0.0197	0.605	0.538	0.233
25	0.0196	0.606	0.537	0.232
26	0.0201	0.607	0.536	0.233
27	0.0186	0.607	0.534	0.231
28	0.0188	0.608	0.533	0.23
29	0.019	0.608	0.532	0.23
30	0.0188	0.609	0.531	0.23
31	0.0191	0.609	0.53	0.229
32	0.0193	0.61	0.529	0.229
33	0.02	0.611	0.527	0.229
34	0.0202	0.611	0.527	0.228
35	0.0199	0.612	0.524	0.228
36	0.0202	0.613	0.523	0.228
37	0.0197	0.613	0.523	0.228
38	0.0198	0.614	0.523	0.227
39	0.0194	0.615	0.521	0.227
40	0.0188	0.616	0.52	0.227
41	0.0185	0.616	0.519	0.227
42	0.0201	0.617	0.518	0.227
43	0.0195	0.617	0.517	0.227
44	0.0188	0.618	0.517	0.226
45	0.0193	0.619	0.515	0.226
46	0.0195	0.62	0.514	0.226
47	0.0197	0.62	0.513	0.225
48	0.02	0.62	0.512	0.225
49	0.0207	0.622	0.511	0.225
50	0.0205	0.621	0.511	0.225
51	0.0198	0.622	0.51	0.225
52	0.0196	0.622	0.508	0.225
53	0.0204	0.624	0.507	0.225
54	0.0205	0.624	0.506	0.225
55	0.0209	0.625	0.506	0.224
56	0.0207	0.625	0.505	0.224
57	0.0206	0.626	0.504	0.224
58	0.0208	0.626	0.504	0.224
59	0.0209	0.627	0.502	0.223
60	0.0214	0.627	0.502	0.223
61	0.0213	0.627	0.501	0.223
62	0.0203	0.629	0.5	0.223
63	0.0208	0.629	0.5	0.223
64	0.0213	0.629	0.499	0.223
65	0.0219	0.63	0.498	0.223
66	0.0222	0.629	0.498	0.222
67	0.0216	0.63	0.497	0.222
68	0.0208	0.631	0.497	0.222
69	0.021	0.631	0.496	0.222
70	0.0208	0.632	0.495	0.222
71	0.0212	0.632	0.494	0.222
72	0.0215	0.633	0.494	0.222
73	0.0225	0.633	0.493	0.221
74	0.022	0.634	0.492	0.221
75	0.0218	0.633	0.492	0.221
76	0.0219	0.635	0.49	0.22
77	0.0217	0.635	0.49	0.22
78	0.0209	0.635	0.49	0.22
79	0.0222	0.636	0.489	0.22
80	0.022	0.636	0.489	0.22
81	0.0223	0.637	0.488	0.22
82	0.0219	0.637	0.488	0.22
83	0.0214	0.637	0.488	0.22
84	0.022	0.637	0.487	0.22
85	0.0212	0.637	0.486	0.219
86	0.0218	0.638	0.486	0.219
87	0.0222	0.638	0.485	0.219
88	0.0219	0.639	0.485	0.219
89	0.0217	0.639	0.484	0.219
90	0.0212	0.638	0.485	0.219
91	0.021	0.639	0.484	0.219
92	0.0215	0.64	0.483	0.219
93	0.0217	0.64	0.482	0.219
94	0.0214	0.64	0.482	0.219
95	0.0213	0.64	0.482	0.219
96	0.0214	0.64	0.482	0.218
97	0.0202	0.64	0.482	0.218
98	0.0207	0.64	0.481	0.218
99	0.0204	0.641	0.481	0.218
100	0.0212	0.641	0.48	0.218
101	0.0222	0.641	0.48	0.218
102	0.0226	0.642	0.479	0.218
103	0.0225	0.642	0.478	0.218
104	0.022	0.642	0.478	0.218
105	0.0218	0.642	0.478	0.217
106	0.022	0.643	0.477	0.218
107	0.0224	0.643	0.477	0.217
108	0.0229	0.644	0.476	0.217
109	0.0222	0.643	0.477	0.217
110	0.0222	0.644	0.476	0.217
111	0.0218	0.644	0.475	0.217
112	0.0222	0.644	0.475	0.217
113	0.0219	0.645	0.474	0.216
114	0.0218	0.645	0.474	0.216
115	0.022	0.645	0.474	0.216
116	0.0223	0.645	0.474	0.217
117	0.0227	0.645	0.474	0.217
118	0.0232	0.645	0.473	0.217
119	0.0227	0.645	0.473	0.216
120	0.0233	0.645	0.473	0.216
121	0.0238	0.645	0.473	0.216
122	0.0235	0.647	0.472	0.216
123	0.0233	0.646	0.472	0.216
124	0.0229	0.646	0.471	0.216
125	0.0232	0.647	0.471	0.216
126	0.0228	0.646	0.47	0.216
127	0.023	0.647	0.47	0.216
128	0.0231	0.648	0.47	0.215
129	0.0226	0.647	0.47	0.215
130	0.0228	0.647	0.469	0.215
131	0.0222	0.648	0.469	0.215
132	0.0219	0.648	0.469	0.215
133	0.0216	0.647	0.469	0.214
134	0.0215	0.648	0.468	0.215
135	0.0218	0.648	0.468	0.214
136	0.0221	0.648	0.468	0.214
137	0.0216	0.648	0.467	0.214
138	0.0223	0.649	0.467	0.214
139	0.0222	0.648	0.468	0.214
140	0.0225	0.649	0.467	0.214
141	0.0232	0.649	0.466	0.214
142	0.0225	0.649	0.466	0.214
143	0.0227	0.649	0.466	0.214
144	0.0233	0.649	0.466	0.213
145	0.0226	0.649	0.466	0.214
146	0.0232	0.649	0.465	0.213
147	0.0232	0.65	0.464	0.213
148	0.0234	0.65	0.464	0.213
149	0.0233	0.65	0.464	0.213
150	0.0234	0.651	0.463	0.213
151	0.0234	0.65	0.463	0.213
152	0.0234	0.651	0.463	0.213
153	0.0235	0.65	0.463	0.212
154	0.0231	0.651	0.462	0.212
155	0.0236	0.651	0.462	0.212
156	0.0236	0.651	0.462	0.212
157	0.0228	0.651	0.462	0.212
158	0.0228	0.651	0.462	0.212
159	0.0232	0.651	0.462	0.211
160	0.0238	0.652	0.461	0.211
161	0.0234	0.652	0.46	0.211
162	0.0231	0.652	0.46	0.211
163	0.0235	0.652	0.46	0.211
164	0.0231	0.652	0.46	0.211
165	0.023	0.653	0.459	0.211
166	0.0228	0.652	0.459	0.21
167	0.0223	0.653	0.459	0.211
168	0.023	0.652	0.459	0.21
169	0.023	0.652	0.459	0.21
170	0.0228	0.652	0.459	0.21
171	0.0225	0.653	0.458	0.21
172	0.0227	0.653	0.458	0.21
173	0.0237	0.654	0.457	0.21
174	0.0237	0.653	0.457	0.21
175	0.0242	0.653	0.457	0.21
176	0.0238	0.652	0.457	0.21
177	0.0232	0.652	0.458	0.21
178	0.0226	0.652	0.458	0.209
179	0.0231	0.653	0.457	0.21
180	0.0227	0.653	0.457	0.21
181	0.0237	0.652	0.457	0.209
182	0.024	0.653	0.456	0.209
183	0.0239	0.652	0.456	0.209
184	0.0244	0.653	0.456	0.209
185	0.0243	0.653	0.456	0.209
186	0.0248	0.653	0.456	0.208
187	0.0245	0.653	0.455	0.209
188	0.0244	0.653	0.455	0.209
189	0.0242	0.653	0.454	0.208
190	0.0239	0.653	0.455	0.208
191	0.0246	0.653	0.455	0.208
192	0.0249	0.653	0.455	0.208
193	0.0253	0.653	0.455	0.208
194	0.0256	0.653	0.454	0.208
195	0.0254	0.653	0.454	0.207
196	0.0258	0.653	0.454	0.208
197	0.0252	0.654	0.454	0.208
198	0.0254	0.654	0.453	0.208
199	0.0251	0.653	0.454	0.208
200	0.0246	0.653	0.454	0.208
201	0.0253	0.653	0.454	0.207
202	0.0241	0.653	0.454	0.207
203	0.0243	0.653	0.454	0.206
204	0.0244	0.653	0.453	0.207
205	0.0242	0.654	0.452	0.206
206	0.0242	0.653	0.453	0.206
207	0.0242	0.653	0.453	0.206
208	0.0242	0.654	0.452	0.207
209	0.0238	0.654	0.452	0.206
210	0.0249	0.653	0.452	0.206
211	0.0243	0.653	0.453	0.206
212	0.0241	0.653	0.452	0.206
213	0.0238	0.653	0.452	0.206
214	0.0238	0.654	0.451	0.206
215	0.0244	0.653	0.452	0.205
216	0.0243	0.654	0.451	0.205
217	0.0243	0.654	0.451	0.205
218	0.0241	0.654	0.451	0.205
219	0.0244	0.654	0.45	0.205
220	0.024	0.653	0.451	0.205
221	0.0242	0.654	0.451	0.205
222	0.0244	0.653	0.451	0.204
223	0.0245	0.653	0.451	0.205
224	0.024	0.653	0.45	0.204
225	0.0241	0.654	0.45	0.204
226	0.0246	0.654	0.45	0.205
227	0.0241	0.654	0.45	0.204
228	0.024	0.654	0.449	0.204
229	0.0241	0.653	0.45	0.203
230	0.0243	0.653	0.45	0.203
231	0.0237	0.654	0.449	0.203
232	0.0238	0.653	0.45	0.203
233	0.024	0.654	0.449	0.203
234	0.0238	0.654	0.449	0.203
235	0.0235	0.653	0.45	0.203
236	0.0235	0.654	0.449	0.203
237	0.0245	0.654	0.449	0.203
238	0.0239	0.653	0.45	0.203
239	0.0239	0.654	0.449	0.203
240	0.0238	0.654	0.448	0.203
241	0.0233	0.654	0.449	0.203
242	0.0235	0.654	0.448	0.203
243	0.023	0.654	0.448	0.203
244	0.0233	0.653	0.448	0.202
245	0.023	0.654	0.448	0.202
246	0.0231	0.654	0.448	0.202
247	0.023	0.654	0.448	0.202
248	0.0233	0.654	0.448	0.202
249	0.0236	0.654	0.447	0.202
250	0.0235	0.654	0.448	0.202
251	0.0238	0.654	0.447	0.202
252	0.0231	0.654	0.447	0.202
253	0.0229	0.654	0.447	0.202
254	0.0234	0.654	0.446	0.202
255	0.023	0.654	0.447	0.202
256	0.0242	0.654	0.446	0.201
257	0.0238	0.654	0.446	0.201
258	0.0241	0.655	0.445	0.201
259	0.0235	0.655	0.446	0.201
260	0.0233	0.655	0.446	0.201
261	0.0231	0.655	0.445	0.201
262	0.023	0.654	0.446	0.201
263	0.0236	0.654	0.446	0.201
264	0.0241	0.654	0.446	0.201
265	0.024	0.655	0.445	0.201
266	0.0239	0.654	0.445	0.201
267	0.0239	0.653	0.446	0.201
268	0.0245	0.653	0.447	0.201
269	0.0245	0.653	0.446	0.201
270	0.0246	0.654	0.445	0.2
271	0.0242	0.653	0.445	0.201
272	0.024	0.654	0.445	0.2
273	0.0239	0.654	0.445	0.201
274	0.0241	0.654	0.445	0.2
275	0.024	0.654	0.445	0.2
276	0.024	0.653	0.445	0.2
277	0.0244	0.653	0.445	0.2
278	0.0243	0.654	0.444	0.2
279	0.0243	0.654	0.444	0.2
280	0.0244	0.653	0.445	0.2
281	0.025	0.653	0.445	0.2
282	0.0243	0.654	0.444	0.199
283	0.0245	0.653	0.445	0.2
284	0.0248	0.653	0.445	0.199
285	0.025	0.653	0.445	0.199
286	0.0253	0.652	0.445	0.199
287	0.0248	0.653	0.444	0.199
288	0.0243	0.654	0.444	0.199
289	0.025	0.653	0.444	0.199
290	0.0244	0.654	0.444	0.199
291	0.0242	0.654	0.444	0.199
292	0.0241	0.652	0.444	0.198
293	0.0242	0.653	0.444	0.199
294	0.0244	0.652	0.444	0.199
295	0.0244	0.652	0.445	0.199
296	0.0238	0.653	0.444	0.198
297	0.0239	0.653	0.443	0.198
298	0.024	0.653	0.443	0.199
299	0.0236	0.653	0.443	0.198
300	0.0236	0.653	0.443	0.198
301	0.0241	0.652	0.443	0.198
302	0.0236	0.653	0.443	0.198
303	0.0237	0.653	0.442	0.198
304	0.0239	0.653	0.443	0.198
305	0.0238	0.653	0.443	0.198
306	0.024	0.653	0.443	0.197
307	0.0241	0.653	0.443	0.197
308	0.0244	0.653	0.443	0.197
309	0.0237	0.653	0.443	0.197
310	0.0237	0.653	0.442	0.197
311	0.0245	0.652	0.442	0.197
312	0.0241	0.653	0.442	0.197
313	0.0245	0.653	0.442	0.197
314	0.0241	0.652	0.443	0.197
315	0.0237	0.652	0.442	0.197
316	0.0239	0.653	0.442	0.197
317	0.0233	0.653	0.442	0.197
318	0.0238	0.652	0.442	0.197
319	0.0235	0.653	0.442	0.197
320	0.0235	0.652	0.442	0.197
321	0.024	0.653	0.441	0.197
322	0.0245	0.652	0.442	0.197
323	0.0241	0.652	0.442	0.197
324	0.0243	0.652	0.442	0.196
325	0.0243	0.652	0.442	0.196
326	0.0243	0.652	0.442	0.196
327	0.0239	0.652	0.442	0.196
328	0.0238	0.652	0.442	0.196
329	0.0238	0.652	0.442	0.196
330	0.024	0.652	0.441	0.196
331	0.0239	0.652	0.442	0.196
332	0.0242	0.652	0.442	0.196
333	0.0244	0.652	0.442	0.196
334	0.0241	0.652	0.441	0.196
335	0.0239	0.652	0.441	0.196
336	0.0236	0.652	0.442	0.195
337	0.0232	0.651	0.442	0.195
338	0.0238	0.651	0.441	0.195
339	0.0237	0.652	0.441	0.196
340	0.0234	0.651	0.441	0.195
341	0.0237	0.652	0.441	0.196
342	0.0233	0.651	0.441	0.195
343	0.0236	0.651	0.441	0.195
344	0.0237	0.651	0.441	0.195
345	0.0239	0.652	0.441	0.195
346	0.0234	0.651	0.441	0.195
347	0.024	0.651	0.441	0.195
348	0.0237	0.651	0.441	0.194
349	0.0239	0.651	0.441	0.195
350	0.0236	0.651	0.441	0.195
351	0.0235	0.651	0.44	0.195
352	0.0234	0.651	0.44	0.194
353	0.0231	0.652	0.44	0.194
354	0.0229	0.652	0.44	0.195
355	0.0231	0.652	0.44	0.194
356	0.0229	0.652	0.44	0.195
357	0.0229	0.651	0.44	0.194
358	0.0232	0.651	0.44	0.194
359	0.0239	0.651	0.44	0.194
360	0.0241	0.651	0.44	0.195
361	0.0236	0.651	0.44	0.194
362	0.0233	0.651	0.44	0.195
363	0.0233	0.65	0.441	0.194
364	0.0239	0.651	0.44	0.194
365	0.0237	0.651	0.44	0.195
366	0.0234	0.651	0.44	0.195
367	0.0236	0.65	0.44	0.194
368	0.0235	0.65	0.44	0.194
369	0.0233	0.651	0.44	0.194
370	0.0234	0.651	0.44	0.194
371	0.0232	0.65	0.44	0.194
372	0.0238	0.65	0.44	0.193
373	0.0238	0.651	0.439	0.194
374	0.0235	0.65	0.439	0.193
375	0.0235	0.65	0.44	0.193
376	0.0233	0.65	0.44	0.194
377	0.024	0.65	0.439	0.193
378	0.0241	0.65	0.439	0.193
379	0.0238	0.65	0.44	0.193
380	0.0239	0.65	0.44	0.193
381	0.0241	0.65	0.44	0.193
382	0.0233	0.65	0.44	0.193
383	0.0235	0.65	0.439	0.193
384	0.0236	0.65	0.44	0.193
385	0.0235	0.65	0.439	0.193
386	0.0237	0.65	0.439	0.193
387	0.0229	0.65	0.439	0.193
388	0.0228	0.65	0.439	0.193
389	0.0233	0.649	0.439	0.193
390	0.0228	0.649	0.439	0.193
391	0.0229	0.649	0.439	0.193
392	0.023	0.649	0.44	0.193
393	0.0232	0.649	0.44	0.193
394	0.0235	0.649	0.44	0.193
395	0.0237	0.649	0.439	0.192
396	0.0233	0.649	0.439	0.192
397	0.0231	0.65	0.439	0.192
398	0.0226	0.65	0.439	0.192
399	0.0229	0.65	0.439	0.192
400	0.023	0.65	0.439	0.192
401	0.0234	0.649	0.439	0.192
402	0.0235	0.649	0.439	0.192
403	0.0233	0.649	0.439	0.193
404	0.0227	0.649	0.439	0.192
405	0.0227	0.649	0.439	0.192
406	0.023	0.649	0.439	0.192
407	0.0231	0.649	0.439	0.191
408	0.0226	0.649	0.438	0.192
409	0.023	0.649	0.439	0.192
410	0.023	0.649	0.438	0.192
411	0.023	0.649	0.438	0.191
412	0.0229	0.649	0.438	0.192
413	0.0227	0.648	0.439	0.192
414	0.0226	0.649	0.438	0.192
415	0.0228	0.648	0.439	0.191
416	0.0229	0.648	0.439	0.191
417	0.0228	0.648	0.439	0.192
418	0.0232	0.648	0.439	0.191
419	0.0229	0.648	0.439	0.192
420	0.0234	0.648	0.438	0.191
421	0.0233	0.649	0.438	0.192
422	0.0228	0.648	0.438	0.192
423	0.023	0.649	0.438	0.192
424	0.023	0.649	0.438	0.192
425	0.0225	0.649	0.438	0.191
426	0.0227	0.649	0.438	0.191
427	0.0226	0.649	0.438	0.191
428	0.0226	0.648	0.438	0.191
429	0.023	0.648	0.438	0.191
430	0.0233	0.648	0.438	0.191
431	0.0231	0.648	0.438	0.191
432	0.0229	0.648	0.438	0.191
433	0.0226	0.648	0.438	0.191
434	0.0223	0.648	0.438	0.191
435	0.0225	0.648	0.438	0.191
436	0.0223	0.648	0.438	0.191
437	0.0223	0.647	0.439	0.19
438	0.0221	0.648	0.438	0.191
439	0.0226	0.649	0.437	0.191
440	0.0223	0.648	0.437	0.191
441	0.022	0.648	0.438	0.191
442	0.0224	0.648	0.438	0.19
443	0.0224	0.647	0.439	0.19
444	0.0224	0.647	0.438	0.19
445	0.0231	0.647	0.439	0.19
446	0.0236	0.647	0.438	0.19
447	0.0236	0.647	0.438	0.19
448	0.0229	0.646	0.438	0.19
449	0.0225	0.646	0.439	0.19
450	0.0224	0.646	0.439	0.19
451	0.0226	0.646	0.438	0.189
452	0.0225	0.647	0.438	0.19
453	0.0228	0.647	0.438	0.19
454	0.0223	0.646	0.438	0.19
455	0.022	0.646	0.439	0.19
456	0.0221	0.646	0.438	0.19
457	0.022	0.646	0.438	0.19
458	0.022	0.646	0.439	0.19
459	0.022	0.646	0.438	0.19
460	0.0218	0.646	0.438	0.19
461	0.0218	0.646	0.438	0.19
462	0.0215	0.646	0.438	0.19
463	0.0217	0.646	0.438	0.19
464	0.0216	0.646	0.438	0.19
465	0.0222	0.646	0.438	0.19
466	0.0222	0.646	0.438	0.189
467	0.0219	0.647	0.437	0.189
468	0.0223	0.646	0.438	0.189
469	0.0225	0.646	0.438	0.189
470	0.0229	0.646	0.438	0.189
471	0.0227	0.646	0.438	0.19
472	0.0226	0.646	0.437	0.19
473	0.0221	0.646	0.438	0.189
474	0.0219	0.646	0.437	0.189
475	0.0221	0.646	0.437	0.189
476	0.022	0.645	0.438	0.189
477	0.0222	0.646	0.438	0.189
478	0.0225	0.645	0.438	0.189
479	0.0223	0.645	0.438	0.189
480	0.0228	0.645	0.438	0.189
481	0.0228	0.646	0.437	0.19
482	0.0224	0.646	0.437	0.19
483	0.0224	0.645	0.438	0.189
484	0.0228	0.645	0.438	0.189
485	0.0228	0.645	0.438	0.189
486	0.0227	0.645	0.437	0.189
487	0.0231	0.645	0.437	0.189
488	0.023	0.645	0.437	0.189
489	0.0229	0.645	0.438	0.189
490	0.0228	0.644	0.438	0.189
491	0.0231	0.645	0.438	0.189
492	0.0233	0.645	0.437	0.189
493	0.0225	0.645	0.438	0.189
494	0.0226	0.645	0.438	0.189
495	0.0218	0.645	0.438	0.189
496	0.0219	0.644	0.438	0.189
497	0.0221	0.644	0.438	0.189
498	0.0225	0.645	0.438	0.189
499	0.022	0.645	0.437	0.189
500	0.0218	0.644	0.438	0.189
501	0.0224	0.645	0.437	0.189
502	0.0221	0.644	0.437	0.189
503	0.0219	0.644	0.438	0.189
504	0.022	0.644	0.438	0.189
505	0.0216	0.644	0.438	0.189
506	0.0216	0.644	0.437	0.189
507	0.0215	0.644	0.437	0.189
508	0.0215	0.644	0.437	0.189
509	0.0218	0.644	0.437	0.189
510	0.0214	0.645	0.436	0.189
511	0.0218	0.645	0.437	0.188
512	0.0217	0.644	0.437	0.188
513	0.022	0.645	0.437	0.188
514	0.0215	0.644	0.437	0.188
515	0.0219	0.644	0.437	0.188
516	0.022	0.644	0.437	0.188
517	0.022	0.643	0.437	0.188
518	0.022	0.644	0.437	0.188
519	0.0217	0.644	0.436	0.188
520	0.022	0.644	0.437	0.188
521	0.0216	0.643	0.437	0.188
522	0.0216	0.644	0.437	0.188
523	0.0218	0.643	0.437	0.188
524	0.0216	0.643	0.437	0.188
525	0.0216	0.644	0.437	0.188
526	0.0221	0.643	0.437	0.188
527	0.0218	0.643	0.438	0.188
528	0.022	0.643	0.437	0.188
529	0.0222	0.643	0.437	0.188
530	0.0222	0.643	0.437	0.188
531	0.0221	0.643	0.437	0.187
532	0.0217	0.642	0.438	0.188
533	0.0216	0.643	0.438	0.188
534	0.0216	0.642	0.438	0.188
535	0.0218	0.642	0.438	0.188
536	0.0217	0.642	0.438	0.187
537	0.0218	0.642	0.437	0.187
538	0.0218	0.642	0.437	0.187
539	0.0219	0.642	0.438	0.187
540	0.0222	0.643	0.437	0.187
541	0.0221	0.643	0.437	0.187
542	0.0228	0.642	0.437	0.187
543	0.0224	0.642	0.437	0.187
544	0.0229	0.642	0.437	0.187
545	0.023	0.642	0.437	0.187
546	0.0226	0.642	0.437	0.187
547	0.0226	0.642	0.437	0.187
548	0.022	0.642	0.437	0.187
549	0.0214	0.642	0.437	0.187
550	0.0216	0.642	0.437	0.187
551	0.0222	0.642	0.438	0.187
552	0.0221	0.641	0.438	0.187
553	0.0221	0.641	0.438	0.187
554	0.0224	0.641	0.438	0.187
555	0.0222	0.642	0.437	0.187
556	0.0221	0.641	0.437	0.187
557	0.0223	0.642	0.437	0.187
558	0.0225	0.642	0.437	0.187
559	0.0224	0.641	0.438	0.187
560	0.022	0.641	0.437	0.186
561	0.0218	0.641	0.437	0.187
562	0.0218	0.641	0.437	0.187
563	0.022	0.641	0.437	0.186
564	0.0224	0.641	0.437	0.187
565	0.0224	0.641	0.438	0.187
566	0.0222	0.641	0.438	0.187
567	0.022	0.64	0.437	0.186
568	0.0214	0.641	0.437	0.186
569	0.0217	0.64	0.438	0.187
570	0.0219	0.641	0.437	0.187
571	0.0221	0.641	0.437	0.187
572	0.0214	0.641	0.437	0.187
573	0.0217	0.641	0.437	0.187
574	0.0217	0.64	0.438	0.186
575	0.0214	0.641	0.437	0.187
576	0.0209	0.64	0.437	0.187
577	0.0213	0.64	0.438	0.187
578	0.0213	0.64	0.438	0.187
579	0.0215	0.64	0.437	0.186
580	0.0216	0.641	0.437	0.187
581	0.0218	0.641	0.436	0.187
582	0.0221	0.64	0.437	0.187
583	0.0219	0.64	0.437	0.186
584	0.0214	0.641	0.437	0.186
585	0.022	0.641	0.436	0.186
586	0.0221	0.641	0.437	0.186
587	0.0215	0.64	0.437	0.186
588	0.0215	0.64	0.437	0.186
589	0.0213	0.64	0.437	0.186
590	0.0214	0.64	0.437	0.186
591	0.021	0.64	0.437	0.186
592	0.0214	0.64	0.437	0.186
593	0.0212	0.641	0.437	0.186
594	0.0212	0.641	0.436	0.186
595	0.0213	0.64	0.438	0.186
596	0.0213	0.64	0.437	0.186
597	0.0218	0.64	0.437	0.186
598	0.0216	0.64	0.437	0.186
599	0.0215	0.639	0.437	0.186
600	0.0217	0.64	0.437	0.186
601	0.0214	0.64	0.437	0.186
602	0.0213	0.639	0.438	0.186
603	0.0216	0.639	0.437	0.186
604	0.0216	0.639	0.438	0.186
605	0.0214	0.639	0.437	0.186
606	0.0211	0.639	0.437	0.186
607	0.0212	0.639	0.437	0.186
608	0.0203	0.639	0.437	0.185
609	0.0201	0.639	0.438	0.186
610	0.0204	0.639	0.438	0.186
611	0.0202	0.639	0.437	0.186
612	0.0202	0.64	0.437	0.186
613	0.0205	0.639	0.437	0.186
614	0.0205	0.638	0.438	0.186
615	0.0205	0.638	0.438	0.186
616	0.0204	0.638	0.438	0.185
617	0.0205	0.638	0.437	0.185
618	0.0204	0.638	0.437	0.186
619	0.0209	0.638	0.438	0.186
620	0.0207	0.638	0.437	0.185
621	0.0209	0.638	0.438	0.185
622	0.0209	0.638	0.438	0.185
623	0.0207	0.638	0.437	0.185
624	0.0206	0.638	0.437	0.186
625	0.0202	0.638	0.437	0.185
626	0.0203	0.637	0.438	0.185
627	0.0203	0.638	0.437	0.185
628	0.0208	0.638	0.437	0.186
629	0.0212	0.638	0.437	0.186
630	0.0203	0.638	0.437	0.186
631	0.0206	0.639	0.437	0.186
632	0.0204	0.638	0.437	0.185
633	0.0207	0.639	0.437	0.185
634	0.0211	0.638	0.437	0.186
635	0.0214	0.638	0.437	0.185
636	0.021	0.637	0.437	0.185
637	0.021	0.638	0.437	0.185
638	0.021	0.637	0.437	0.185
639	0.0208	0.637	0.437	0.185
640	0.0211	0.637	0.437	0.185
641	0.021	0.638	0.437	0.186
642	0.0213	0.637	0.437	0.185
643	0.0213	0.638	0.437	0.186
644	0.0205	0.637	0.437	0.185
645	0.0208	0.637	0.438	0.185
646	0.0213	0.637	0.437	0.185
647	0.0211	0.637	0.438	0.185
648	0.0212	0.637	0.437	0.185
649	0.021	0.637	0.437	0.185
650	0.0215	0.637	0.437	0.185
651	0.0211	0.637	0.437	0.185
652	0.0216	0.637	0.437	0.185
653	0.0213	0.637	0.438	0.185
654	0.0214	0.637	0.437	0.185
655	0.0217	0.636	0.438	0.185
656	0.0218	0.636	0.438	0.185
657	0.0216	0.637	0.437	0.185
658	0.0219	0.636	0.437	0.185
659	0.0219	0.637	0.437	0.185
660	0.0216	0.637	0.437	0.185
661	0.0214	0.636	0.437	0.185
662	0.0215	0.636	0.437	0.185
663	0.0213	0.637	0.436	0.185
664	0.0213	0.637	0.437	0.185
665	0.0215	0.636	0.437	0.185
666	0.0213	0.637	0.437	0.185
667	0.0215	0.636	0.437	0.185
668	0.0214	0.636	0.437	0.185
669	0.0212	0.636	0.437	0.185
670	0.0209	0.636	0.438	0.185
671	0.0206	0.636	0.437	0.185
672	0.0203	0.636	0.437	0.184
673	0.0199	0.636	0.437	0.185
674	0.0203	0.636	0.437	0.185
675	0.0202	0.636	0.437	0.184
676	0.0201	0.636	0.437	0.184
677	0.0202	0.636	0.437	0.184
678	0.02	0.636	0.437	0.184
679	0.0201	0.635	0.437	0.184
680	0.0205	0.635	0.437	0.184
681	0.0201	0.635	0.437	0.184
682	0.0202	0.635	0.437	0.184
683	0.0201	0.636	0.437	0.184
684	0.0203	0.636	0.437	0.184
685	0.0203	0.636	0.437	0.184
686	0.0205	0.636	0.437	0.184
687	0.0209	0.635	0.437	0.184
688	0.0206	0.635	0.437	0.184
689	0.0203	0.635	0.437	0.184
690	0.02	0.635	0.437	0.184
691	0.0202	0.635	0.437	0.184
692	0.0205	0.635	0.437	0.184
693	0.0201	0.634	0.438	0.184
694	0.0203	0.635	0.437	0.184
695	0.0203	0.635	0.437	0.184
696	0.0207	0.635	0.437	0.184
697	0.021	0.635	0.437	0.184
698	0.021	0.635	0.437	0.184
699	0.0207	0.635	0.437	0.184
700	0.0208	0.635	0.437	0.184
701	0.0204	0.635	0.437	0.184
702	0.0201	0.634	0.437	0.183
703	0.0206	0.634	0.437	0.184
704	0.0202	0.634	0.437	0.184
705	0.0208	0.634	0.438	0.184
706	0.021	0.633	0.438	0.184
707	0.0209	0.633	0.438	0.184
708	0.0211	0.634	0.438	0.184
709	0.0207	0.634	0.438	0.183
710	0.0204	0.633	0.438	0.183
711	0.0206	0.634	0.437	0.184
712	0.0203	0.635	0.437	0.184
713	0.0201	0.634	0.437	0.183
714	0.0203	0.634	0.438	0.183
715	0.0205	0.634	0.438	0.184
716	0.0209	0.633	0.438	0.183
717	0.0206	0.633	0.438	0.183
718	0.0212	0.634	0.438	0.183
719	0.0208	0.633	0.438	0.183
720	0.021	0.633	0.438	0.183
721	0.0207	0.633	0.438	0.183
722	0.021	0.634	0.437	0.183
723	0.0211	0.634	0.437	0.183
724	0.0207	0.634	0.437	0.183
725	0.0205	0.634	0.437	0.183
726	0.0205	0.633	0.438	0.183
727	0.0211	0.634	0.437	0.183
728	0.0212	0.633	0.438	0.183
729	0.0212	0.633	0.438	0.183
730	0.0211	0.633	0.438	0.183
731	0.021	0.634	0.437	0.183
732	0.0211	0.633	0.437	0.183
733	0.0211	0.633	0.437	0.183
734	0.0212	0.633	0.437	0.183
735	0.0212	0.633	0.437	0.183
736	0.0209	0.632	0.438	0.183
737	0.021	0.632	0.438	0.183
738	0.0213	0.633	0.438	0.184
739	0.0207	0.632	0.438	0.183
740	0.0207	0.632	0.438	0.183
741	0.0205	0.632	0.438	0.183
742	0.0205	0.632	0.438	0.183
743	0.0204	0.633	0.438	0.183
744	0.0204	0.633	0.437	0.183
745	0.0207	0.633	0.437	0.183
746	0.0206	0.633	0.437	0.183
747	0.0206	0.632	0.437	0.183
748	0.0207	0.633	0.437	0.183
749	0.0202	0.633	0.437	0.183
750	0.0205	0.632	0.438	0.183
751	0.0202	0.632	0.438	0.183
752	0.0202	0.632	0.438	0.183
753	0.0197	0.632	0.438	0.183
754	0.0196	0.632	0.437	0.183
755	0.0198	0.632	0.438	0.183
756	0.0197	0.632	0.437	0.183
757	0.0192	0.631	0.438	0.183
758	0.0195	0.631	0.438	0.183
759	0.0191	0.632	0.437	0.183
760	0.0191	0.632	0.438	0.183
761	0.0197	0.632	0.437	0.183
762	0.0199	0.632	0.438	0.183
763	0.0201	0.632	0.437	0.183
764	0.0205	0.632	0.438	0.183
765	0.0204	0.632	0.437	0.183
766	0.0206	0.631	0.438	0.182
767	0.0203	0.631	0.438	0.182
768	0.0205	0.631	0.438	0.182
769	0.0206	0.631	0.438	0.183
770	0.0201	0.631	0.438	0.183
771	0.0201	0.631	0.438	0.183
772	0.02	0.631	0.439	0.183
773	0.0197	0.631	0.438	0.183
774	0.0198	0.631	0.438	0.183
775	0.0197	0.631	0.438	0.183
776	0.0195	0.631	0.438	0.183
777	0.019	0.631	0.438	0.183
778	0.0191	0.631	0.438	0.183
779	0.0196	0.631	0.438	0.183
780	0.0195	0.631	0.437	0.183
781	0.0194	0.631	0.438	0.182
782	0.0192	0.631	0.438	0.182
783	0.0192	0.631	0.438	0.182
784	0.0193	0.631	0.438	0.182
785	0.0195	0.631	0.438	0.182
786	0.0193	0.63	0.438	0.182
787	0.0196	0.631	0.438	0.183
788	0.0192	0.631	0.438	0.182
789	0.0194	0.63	0.439	0.182
790	0.0198	0.63	0.438	0.182
791	0.0199	0.63	0.438	0.182
792	0.0196	0.631	0.438	0.182
793	0.0194	0.63	0.438	0.182
794	0.0193	0.63	0.438	0.182
795	0.0195	0.63	0.438	0.182
796	0.0195	0.63	0.438	0.182
797	0.0199	0.631	0.437	0.182
798	0.02	0.63	0.438	0.182
799	0.0199	0.63	0.438	0.182
800	0.0197	0.63	0.438	0.182
801	0.0194	0.631	0.438	0.182
802	0.0197	0.63	0.438	0.182
803	0.02	0.63	0.438	0.182
804	0.0198	0.63	0.438	0.183
805	0.0199	0.63	0.438	0.182
806	0.0196	0.63	0.438	0.183
807	0.0199	0.629	0.439	0.182
808	0.0203	0.629	0.438	0.182
809	0.0197	0.629	0.439	0.182
810	0.0198	0.629	0.439	0.182
811	0.0194	0.629	0.438	0.182
812	0.0197	0.629	0.439	0.182
813	0.0194	0.629	0.439	0.182
814	0.0194	0.629	0.439	0.182
815	0.0192	0.629	0.438	0.182
816	0.0194	0.629	0.438	0.182
817	0.02	0.629	0.439	0.182
818	0.0201	0.629	0.438	0.182
819	0.0202	0.629	0.438	0.181
820	0.0202	0.629	0.438	0.181
821	0.0198	0.628	0.439	0.181
822	0.0197	0.629	0.439	0.181
823	0.0198	0.629	0.439	0.181
824	0.0196	0.628	0.439	0.181
825	0.0199	0.628	0.439	0.182
826	0.0198	0.629	0.439	0.182
827	0.02	0.629	0.438	0.182
828	0.02	0.628	0.439	0.182
829	0.0196	0.628	0.439	0.182
830	0.0192	0.628	0.439	0.181
831	0.0195	0.628	0.439	0.181
832	0.0195	0.628	0.439	0.181
833	0.0196	0.628	0.439	0.181
834	0.0197	0.628	0.439	0.181
835	0.0198	0.628	0.439	0.181
836	0.0195	0.628	0.439	0.181
837	0.0196	0.628	0.439	0.181
838	0.0192	0.628	0.439	0.181
839	0.0188	0.628	0.439	0.181
840	0.0193	0.627	0.439	0.181
841	0.0189	0.628	0.439	0.181
842	0.0193	0.627	0.439	0.181
843	0.0193	0.627	0.439	0.181
844	0.0191	0.627	0.439	0.182
845	0.0187	0.628	0.439	0.182
846	0.0189	0.627	0.439	0.182
847	0.0191	0.627	0.439	0.182
848	0.019	0.627	0.439	0.182
849	0.0187	0.627	0.439	0.181
850	0.0189	0.627	0.439	0.181
851	0.019	0.627	0.439	0.181
852	0.019	0.627	0.439	0.181
853	0.019	0.627	0.439	0.181
854	0.019	0.627	0.439	0.181
855	0.0191	0.627	0.439	0.181
856	0.0191	0.627	0.439	0.181
857	0.0192	0.627	0.439	0.181
858	0.0187	0.627	0.439	0.181
859	0.0184	0.627	0.439	0.181
860	0.0188	0.627	0.439	0.181
861	0.0187	0.627	0.439	0.181
862	0.0184	0.627	0.439	0.181
863	0.019	0.627	0.439	0.181
864	0.0191	0.627	0.439	0.181
865	0.0188	0.627	0.439	0.181
866	0.019	0.627	0.439	0.181
867	0.0194	0.626	0.439	0.181
868	0.0194	0.626	0.439	0.181
869	0.0195	0.626	0.439	0.181
870	0.0196	0.626	0.439	0.181
871	0.019	0.627	0.439	0.181
872	0.0189	0.626	0.439	0.181
873	0.0189	0.626	0.439	0.181
874	0.0188	0.626	0.439	0.181
875	0.019	0.626	0.439	0.181
876	0.0188	0.626	0.439	0.181
877	0.0192	0.626	0.439	0.181
878	0.0195	0.626	0.439	0.181
879	0.0194	0.626	0.439	0.18
880	0.0196	0.626	0.439	0.181
881	0.0193	0.626	0.439	0.181
882	0.019	0.626	0.439	0.181
883	0.0195	0.626	0.439	0.18
884	0.0193	0.626	0.439	0.18
885	0.019	0.626	0.439	0.181
886	0.0189	0.626	0.439	0.18
887	0.0188	0.625	0.439	0.18
888	0.019	0.626	0.439	0.18
889	0.0187	0.625	0.439	0.18
890	0.019	0.626	0.438	0.18
891	0.019	0.626	0.439	0.18
892	0.019	0.626	0.439	0.18
893	0.0192	0.625	0.439	0.18
894	0.0188	0.626	0.439	0.18
895	0.0193	0.625	0.439	0.18
896	0.0195	0.625	0.439	0.18
897	0.0194	0.625	0.439	0.18
898	0.0195	0.625	0.439	0.18
899	0.0197	0.625	0.439	0.18
900	0.0196	0.626	0.439	0.18
901	0.0191	0.625	0.439	0.18
902	0.0194	0.626	0.439	0.18
903	0.0195	0.625	0.439	0.18
904	0.0196	0.625	0.439	0.18
905	0.0194	0.625	0.439	0.18
906	0.0193	0.625	0.439	0.18
907	0.019	0.625	0.439	0.18
908	0.0192	0.626	0.439	0.18
909	0.0197	0.625	0.439	0.18
910	0.0194	0.625	0.439	0.18
911	0.0194	0.625	0.439	0.179
912	0.0193	0.625	0.439	0.18
913	0.0194	0.625	0.439	0.18
914	0.0194	0.625	0.439	0.18
915	0.0194	0.625	0.439	0.18
916	0.0192	0.624	0.44	0.18
917	0.0192	0.625	0.439	0.18
918	0.0191	0.625	0.439	0.18
919	0.0193	0.625	0.439	0.18
920	0.019	0.625	0.439	0.18
921	0.0187	0.625	0.439	0.18
922	0.019	0.624	0.44	0.18
923	0.0187	0.624	0.439	0.179
924	0.0189	0.624	0.44	0.18
925	0.0189	0.624	0.439	0.179
926	0.019	0.624	0.439	0.18
927	0.0191	0.624	0.439	0.18
928	0.019	0.624	0.439	0.18
929	0.0188	0.624	0.439	0.18
930	0.019	0.624	0.44	0.18
931	0.0188	0.624	0.439	0.18
932	0.0189	0.624	0.439	0.18
933	0.0194	0.624	0.44	0.18
934	0.0189	0.624	0.44	0.18
935	0.0188	0.624	0.439	0.18
936	0.019	0.624	0.439	0.18
937	0.0192	0.624	0.439	0.18
938	0.0189	0.624	0.439	0.18
939	0.0191	0.624	0.44	0.18
940	0.0192	0.624	0.44	0.18
941	0.0191	0.624	0.44	0.179
942	0.0193	0.624	0.44	0.18
943	0.0191	0.624	0.439	0.18
944	0.0195	0.624	0.439	0.18
945	0.0192	0.623	0.44	0.179
946	0.0186	0.624	0.44	0.18
947	0.0188	0.623	0.44	0.179
948	0.0192	0.623	0.44	0.179
949	0.0192	0.623	0.44	0.179
950	0.0194	0.624	0.439	0.179
951	0.0191	0.623	0.44	0.179
952	0.0193	0.623	0.44	0.18
953	0.019	0.623	0.439	0.18
954	0.0193	0.623	0.44	0.179
955	0.0192	0.623	0.439	0.179
956	0.0192	0.623	0.44	0.179
957	0.0189	0.623	0.44	0.18
958	0.0191	0.623	0.44	0.179
959	0.0189	0.623	0.439	0.179
960	0.0191	0.623	0.44	0.179
961	0.0189	0.623	0.44	0.179
962	0.0187	0.623	0.439	0.179
963	0.0185	0.623	0.439	0.179
964	0.0185	0.623	0.44	0.179
965	0.0181	0.623	0.44	0.179
966	0.0183	0.622	0.44	0.179
967	0.0184	0.623	0.44	0.179
968	0.0183	0.623	0.439	0.179
969	0.0186	0.623	0.44	0.179
970	0.0188	0.622	0.44	0.179
971	0.0188	0.623	0.44	0.179
972	0.0193	0.622	0.44	0.179
973	0.0192	0.622	0.44	0.179
974	0.0191	0.622	0.44	0.179
975	0.0186	0.619	0.444	0.179
976	0.0188	0.617	0.448	0.178
977	0.019	0.617	0.448	0.178
978	0.0187	0.618	0.447	0.178
979	0.0185	0.618	0.447	0.178
980	0.0188	0.618	0.447	0.178
981	0.019	0.618	0.447	0.178
982	0.0187	0.618	0.447	0.178
983	0.0184	0.619	0.446	0.179
984	0.0187	0.618	0.446	0.178
985	0.0187	0.618	0.446	0.178
986	0.0187	0.618	0.446	0.179
987	0.0187	0.618	0.446	0.178
988	0.019	0.618	0.446	0.178
989	0.0192	0.618	0.445	0.179
990	0.0189	0.618	0.446	0.178
991	0.0183	0.618	0.445	0.179
992	0.0184	0.619	0.445	0.179
993	0.0184	0.618	0.445	0.179
994	0.0188	0.619	0.445	0.179
995	0.019	0.619	0.445	0.179
996	0.0192	0.618	0.445	0.179
997	0.0192	0.618	0.445	0.179
998	0.0191	0.619	0.445	0.179
999	0.0192	0.619	0.445	0.179
1000	0.0188	0.619	0.445	0.179
1001	0.0187	0.619	0.445	0.179
1002	0.019	0.618	0.445	0.179
1003	0.0183	0.618	0.445	0.178
1004	0.0183	0.619	0.445	0.179
1005	0.0181	0.619	0.445	0.178
1006	0.0178	0.619	0.445	0.178
1007	0.0184	0.618	0.445	0.178
1008	0.0185	0.619	0.445	0.178
1009	0.0189	0.619	0.445	0.179
1010	0.0188	0.619	0.445	0.178
1011	0.0189	0.619	0.444	0.178
1012	0.019	0.619	0.444	0.178
1013	0.019	0.619	0.444	0.178
1014	0.0187	0.619	0.444	0.178
1015	0.0188	0.619	0.444	0.178
1016	0.0187	0.619	0.444	0.178
1017	0.0184	0.618	0.445	0.178
1018	0.0182	0.618	0.445	0.178
1019	0.0185	0.618	0.444	0.178
1020	0.0186	0.619	0.444	0.179
1021	0.0185	0.618	0.444	0.178
1022	0.0185	0.619	0.444	0.178
1023	0.0186	0.619	0.444	0.178
1024	0.0188	0.619	0.444	0.178
1025	0.0187	0.619	0.444	0.178
1026	0.0185	0.618	0.444	0.178
1027	0.0185	0.618	0.444	0.178
1028	0.0185	0.619	0.444	0.178
1029	0.0186	0.618	0.444	0.178
1030	0.0189	0.619	0.444	0.178
1031	0.0186	0.618	0.444	0.178
1032	0.0188	0.618	0.444	0.178
1033	0.0185	0.618	0.444	0.178
1034	0.0186	0.618	0.444	0.178
1035	0.0186	0.617	0.445	0.178
1036	0.0187	0.618	0.445	0.178
1037	0.019	0.617	0.445	0.178
1038	0.0191	0.618	0.444	0.178
1039	0.0189	0.617	0.445	0.178
1040	0.0194	0.618	0.444	0.178
1041	0.0196	0.618	0.444	0.178
1042	0.0193	0.618	0.444	0.178
1043	0.0192	0.618	0.444	0.178
1044	0.0189	0.618	0.444	0.178
1045	0.019	0.618	0.445	0.178
1046	0.019	0.618	0.444	0.178
1047	0.0192	0.618	0.444	0.178
1048	0.0191	0.618	0.444	0.178
1049	0.0189	0.618	0.444	0.178
1050	0.0187	0.618	0.444	0.178
1051	0.0187	0.618	0.444	0.178
1052	0.0187	0.618	0.444	0.178
1053	0.0188	0.618	0.444	0.178
1054	0.0187	0.617	0.444	0.178
1055	0.0184	0.617	0.444	0.178
1056	0.0189	0.618	0.444	0.178
1057	0.0186	0.618	0.444	0.178
1058	0.0187	0.617	0.444	0.178
1059	0.0188	0.618	0.444	0.178
1060	0.0186	0.617	0.444	0.177
1061	0.0188	0.617	0.444	0.177
1062	0.019	0.617	0.444	0.177
1063	0.0188	0.618	0.444	0.178
1064	0.0186	0.617	0.444	0.178
1065	0.0186	0.617	0.444	0.178
1066	0.0183	0.617	0.444	0.177
1067	0.0184	0.617	0.444	0.177
1068	0.0184	0.617	0.444	0.177
1069	0.0187	0.617	0.444	0.177
1070	0.0184	0.617	0.444	0.178
1071	0.0185	0.617	0.444	0.177
1072	0.0188	0.617	0.444	0.177
1073	0.0185	0.617	0.444	0.177
1074	0.019	0.617	0.443	0.178
1075	0.0188	0.617	0.444	0.177
1076	0.0186	0.617	0.444	0.177
1077	0.0187	0.617	0.444	0.177
1078	0.0186	0.617	0.443	0.178
1079	0.0187	0.617	0.443	0.178
1080	0.0185	0.617	0.443	0.178
1081	0.0185	0.617	0.444	0.178
1082	0.0182	0.617	0.444	0.178
1083	0.0183	0.617	0.444	0.178
1084	0.0181	0.616	0.444	0.177
1085	0.0185	0.617	0.444	0.177
1086	0.0183	0.617	0.443	0.177
1087	0.0183	0.617	0.443	0.177
1088	0.0182	0.617	0.443	0.177
1089	0.0183	0.617	0.443	0.177
1090	0.0179	0.617	0.443	0.177
1091	0.0178	0.617	0.444	0.177
1092	0.018	0.616	0.444	0.177
1093	0.0175	0.617	0.444	0.177
1094	0.0179	0.616	0.444	0.177
1095	0.0181	0.616	0.444	0.177
1096	0.0183	0.616	0.444	0.177
1097	0.0185	0.616	0.444	0.177
1098	0.0184	0.616	0.444	0.177
1099	0.0186	0.616	0.444	0.177
1100	0.0185	0.616	0.444	0.177
1101	0.018	0.617	0.444	0.177
1102	0.018	0.616	0.444	0.177
1103	0.018	0.617	0.444	0.177
1104	0.0184	0.616	0.444	0.177
1105	0.0184	0.616	0.444	0.177
1106	0.0181	0.616	0.444	0.177
1107	0.0184	0.616	0.444	0.177
1108	0.0186	0.616	0.444	0.177
1109	0.0183	0.616	0.444	0.177
1110	0.0185	0.616	0.444	0.177
1111	0.0184	0.616	0.444	0.177
1112	0.0184	0.616	0.443	0.177
1113	0.0181	0.616	0.443	0.177
1114	0.0178	0.616	0.444	0.177
1115	0.0179	0.615	0.444	0.177
1116	0.018	0.616	0.444	0.177
1117	0.0185	0.616	0.444	0.177
1118	0.0184	0.616	0.444	0.177
1119	0.0182	0.616	0.444	0.177
1120	0.0183	0.616	0.443	0.177
1121	0.0189	0.615	0.444	0.177
1122	0.0186	0.616	0.444	0.177
1123	0.0184	0.615	0.444	0.177
1124	0.0183	0.616	0.443	0.177
1125	0.0178	0.616	0.444	0.177
1126	0.018	0.616	0.443	0.177
1127	0.018	0.616	0.444	0.177
1128	0.0182	0.616	0.443	0.177
1129	0.0182	0.616	0.443	0.177
1130	0.0183	0.616	0.444	0.177
1131	0.0184	0.616	0.443	0.177
1132	0.0183	0.615	0.444	0.177
1133	0.0181	0.615	0.444	0.177
1134	0.018	0.615	0.444	0.177
1135	0.0181	0.616	0.444	0.177
1136	0.018	0.613	0.448	0.177
1137	0.0179	0.61	0.452	0.176
1138	0.0181	0.61	0.452	0.176
1139	0.0182	0.61	0.451	0.176
1140	0.0181	0.611	0.451	0.176
1141	0.0183	0.61	0.45	0.176
1142	0.0181	0.611	0.451	0.176
1143	0.0179	0.611	0.45	0.176
1144	0.0182	0.611	0.45	0.176
1145	0.0189	0.611	0.45	0.177
1146	0.0185	0.61	0.45	0.176
1147	0.0189	0.611	0.45	0.176
1148	0.0185	0.611	0.45	0.176
1149	0.0184	0.611	0.45	0.176
1150	0.0184	0.611	0.449	0.177
1151	0.0183	0.611	0.45	0.177
1152	0.0182	0.611	0.45	0.177
1153	0.0184	0.611	0.45	0.176
1154	0.018	0.611	0.45	0.176
1155	0.0177	0.611	0.45	0.176
1156	0.0179	0.611	0.449	0.176
1157	0.0181	0.611	0.449	0.176
1158	0.0178	0.611	0.45	0.176
1159	0.0183	0.612	0.449	0.176
1160	0.0184	0.611	0.449	0.176
1161	0.0179	0.611	0.449	0.176
1162	0.0181	0.612	0.449	0.176
1163	0.0184	0.611	0.449	0.176
1164	0.0182	0.611	0.449	0.176
1165	0.0181	0.611	0.449	0.176
1166	0.0181	0.611	0.449	0.176
1167	0.0184	0.612	0.449	0.176
1168	0.0184	0.612	0.448	0.176
1169	0.0178	0.612	0.448	0.176
1170	0.018	0.612	0.448	0.176
1171	0.0176	0.611	0.449	0.176
1172	0.0179	0.611	0.449	0.176
1173	0.0175	0.611	0.449	0.176
1174	0.0179	0.611	0.449	0.176
1175	0.0182	0.611	0.449	0.176
1176	0.0183	0.611	0.449	0.176
1177	0.0183	0.611	0.449	0.176
1178	0.018	0.612	0.448	0.176
1179	0.0179	0.611	0.449	0.175
1180	0.0179	0.611	0.448	0.176
1181	0.0176	0.611	0.449	0.176
1182	0.0175	0.611	0.448	0.176
1183	0.0177	0.611	0.448	0.176
1184	0.0176	0.611	0.448	0.176
1185	0.0174	0.611	0.448	0.176
1186	0.0175	0.611	0.449	0.176
1187	0.0175	0.611	0.448	0.176
1188	0.0178	0.611	0.449	0.176
1189	0.0177	0.611	0.448	0.176
1190	0.0175	0.611	0.448	0.175
1191	0.0175	0.611	0.448	0.176
1192	0.0176	0.611	0.448	0.175
1193	0.0173	0.611	0.448	0.176
1194	0.0176	0.611	0.448	0.175
1195	0.0176	0.611	0.448	0.176
1196	0.0175	0.611	0.448	0.175
1197	0.0178	0.611	0.448	0.175
1198	0.0176	0.611	0.448	0.176
1199	0.0178	0.611	0.448	0.176
1200	0.0181	0.61	0.448	0.175
1201	0.0178	0.611	0.448	0.176
1202	0.0178	0.611	0.448	0.175
1203	0.0175	0.611	0.448	0.175
1204	0.0176	0.611	0.448	0.175
1205	0.0174	0.611	0.448	0.176
1206	0.0176	0.611	0.447	0.176
1207	0.0178	0.611	0.448	0.175
1208	0.018	0.611	0.448	0.176
1209	0.0182	0.611	0.448	0.176
1210	0.0179	0.611	0.448	0.175
1211	0.0177	0.611	0.448	0.175
1212	0.0181	0.61	0.448	0.175
1213	0.0178	0.61	0.448	0.175
1214	0.0176	0.611	0.448	0.176
1215	0.0177	0.61	0.448	0.175
1216	0.0177	0.61	0.448	0.175
1217	0.0176	0.61	0.448	0.176
1218	0.0176	0.61	0.448	0.175
1219	0.0178	0.61	0.449	0.175
1220	0.0179	0.61	0.448	0.175
1221	0.0177	0.61	0.448	0.175
1222	0.0178	0.61	0.448	0.175
1223	0.0178	0.61	0.448	0.175
1224	0.0179	0.61	0.448	0.175
1225	0.0179	0.61	0.448	0.175
1226	0.0177	0.61	0.448	0.175
1227	0.0179	0.61	0.448	0.175
1228	0.0178	0.61	0.448	0.175
1229	0.0176	0.61	0.447	0.176
1230	0.018	0.611	0.447	0.175
1231	0.0181	0.61	0.447	0.175
1232	0.0178	0.61	0.447	0.175
1233	0.0175	0.61	0.448	0.175
1234	0.0175	0.61	0.448	0.175
1235	0.0174	0.611	0.447	0.175
1236	0.0176	0.61	0.448	0.175
1237	0.0178	0.61	0.448	0.175
1238	0.0178	0.61	0.448	0.175
1239	0.018	0.61	0.447	0.175
1240	0.0179	0.61	0.447	0.175
1241	0.0175	0.61	0.448	0.175
1242	0.0177	0.61	0.447	0.175
1243	0.0177	0.61	0.447	0.175
1244	0.0177	0.61	0.448	0.175
1245	0.0178	0.61	0.448	0.175
1246	0.0178	0.61	0.448	0.175
1247	0.018	0.61	0.447	0.175
1248	0.0181	0.61	0.447	0.175
1249	0.0178	0.61	0.447	0.175
1250	0.0177	0.61	0.447	0.175
1251	0.0178	0.61	0.447	0.175
1252	0.018	0.61	0.447	0.175
1253	0.0174	0.609	0.448	0.175
1254	0.0176	0.609	0.448	0.175
1255	0.0178	0.609	0.448	0.175
1256	0.0174	0.609	0.448	0.175
1257	0.0178	0.61	0.448	0.175
1258	0.0176	0.609	0.448	0.175
1259	0.0177	0.61	0.447	0.175
1260	0.0174	0.61	0.447	0.175
1261	0.0177	0.61	0.447	0.174
1262	0.0176	0.61	0.447	0.174
1263	0.0178	0.61	0.447	0.174
1264	0.0178	0.61	0.447	0.175
1265	0.0177	0.61	0.447	0.175
1266	0.0177	0.61	0.447	0.175
1267	0.0178	0.61	0.447	0.175
1268	0.0176	0.609	0.447	0.175
1269	0.0175	0.609	0.447	0.174
1270	0.0176	0.609	0.447	0.174
1271	0.0176	0.61	0.447	0.174
1272	0.0175	0.607	0.452	0.174
1273	0.0175	0.604	0.456	0.174
1274	0.0179	0.604	0.455	0.174
1275	0.0176	0.604	0.455	0.174
1276	0.0174	0.605	0.454	0.174
1277	0.0174	0.605	0.454	0.174
1278	0.0171	0.605	0.454	0.174
1279	0.0173	0.605	0.454	0.174
1280	0.017	0.605	0.454	0.174
1281	0.0173	0.606	0.454	0.175
1282	0.0173	0.605	0.454	0.174
1283	0.0172	0.605	0.454	0.174
1284	0.0176	0.605	0.453	0.174
1285	0.0176	0.606	0.453	0.174
1286	0.0175	0.606	0.453	0.175
1287	0.0174	0.606	0.453	0.174
1288	0.0174	0.606	0.453	0.174
1289	0.0177	0.606	0.453	0.174
1290	0.0175	0.606	0.453	0.174
1291	0.0173	0.606	0.453	0.174
1292	0.0176	0.605	0.453	0.174
1293	0.0177	0.605	0.453	0.174
1294	0.0178	0.606	0.453	0.174
1295	0.0176	0.606	0.452	0.174
1296	0.0178	0.605	0.453	0.174
1297	0.0179	0.605	0.453	0.174
1298	0.0181	0.606	0.452	0.175
1299	0.018	0.606	0.452	0.174
1300	0.0179	0.606	0.452	0.174
1301	0.0174	0.606	0.452	0.174
1302	0.0176	0.606	0.452	0.174
1303	0.0183	0.606	0.452	0.174
1304	0.018	0.606	0.452	0.174
1305	0.0181	0.605	0.452	0.174
1306	0.0179	0.606	0.452	0.174
1307	0.0177	0.606	0.452	0.174
1308	0.0178	0.605	0.452	0.174
1309	0.0175	0.606	0.452	0.174
1310	0.0171	0.606	0.452	0.174
1311	0.0173	0.605	0.452	0.174
1312	0.0174	0.605	0.452	0.174
1313	0.0174	0.605	0.452	0.174
1314	0.0175	0.606	0.452	0.174
1315	0.0172	0.605	0.452	0.174
1316	0.0177	0.606	0.451	0.174
1317	0.0178	0.606	0.451	0.174
1318	0.0175	0.606	0.452	0.174
1319	0.0175	0.606	0.451	0.174
1320	0.0174	0.606	0.451	0.174
1321	0.0173	0.606	0.451	0.174
1322	0.017	0.606	0.451	0.174
1323	0.0173	0.605	0.452	0.174
1324	0.0172	0.606	0.452	0.174
1325	0.0172	0.606	0.451	0.174
1326	0.0174	0.607	0.451	0.174
1327	0.0175	0.606	0.451	0.174
1328	0.0174	0.606	0.451	0.174
1329	0.0173	0.606	0.451	0.174
1330	0.0176	0.606	0.451	0.174
1331	0.0177	0.606	0.451	0.174
1332	0.0176	0.606	0.451	0.174
1333	0.0175	0.606	0.451	0.174
1334	0.0176	0.606	0.451	0.174
1335	0.0174	0.606	0.451	0.174
1336	0.0176	0.606	0.451	0.174
1337	0.0178	0.606	0.451	0.174
1338	0.0176	0.605	0.451	0.174
1339	0.0176	0.605	0.451	0.174
1340	0.0177	0.605	0.451	0.174
1341	0.0176	0.606	0.451	0.174
1342	0.0172	0.605	0.451	0.174
1343	0.0174	0.606	0.451	0.174
1344	0.0179	0.605	0.451	0.174
1345	0.0175	0.605	0.451	0.174
1346	0.0171	0.605	0.451	0.174
1347	0.0173	0.605	0.451	0.174
1348	0.0172	0.605	0.451	0.174
1349	0.0172	0.605	0.451	0.174
1350	0.0174	0.605	0.451	0.174
1351	0.0172	0.606	0.451	0.174
1352	0.0174	0.605	0.451	0.174
1353	0.0174	0.605	0.451	0.174
1354	0.0173	0.605	0.451	0.174
1355	0.0173	0.605	0.451	0.174
1356	0.0174	0.606	0.451	0.174
1357	0.0173	0.605	0.451	0.174
1358	0.0171	0.606	0.45	0.174
1359	0.0171	0.605	0.451	0.174
1360	0.0169	0.605	0.451	0.173
1361	0.0172	0.605	0.451	0.173
1362	0.017	0.606	0.45	0.174
1363	0.0174	0.606	0.451	0.174
1364	0.0176	0.605	0.451	0.174
1365	0.0177	0.605	0.451	0.174
1366	0.0175	0.605	0.451	0.174
1367	0.0176	0.605	0.45	0.174
1368	0.0175	0.605	0.451	0.174
1369	0.0173	0.605	0.451	0.174
1370	0.0175	0.605	0.451	0.174
1371	0.0174	0.605	0.451	0.174
1372	0.0173	0.606	0.45	0.174
1373	0.0174	0.605	0.45	0.174
1374	0.0173	0.605	0.451	0.174
1375	0.0174	0.605	0.45	0.174
1376	0.0174	0.605	0.45	0.174
1377	0.0171	0.605	0.45	0.174
1378	0.0171	0.605	0.451	0.173
1379	0.0172	0.605	0.45	0.173
1380	0.0172	0.605	0.451	0.173
1381	0.0172	0.605	0.451	0.173
1382	0.0173	0.605	0.45	0.173
1383	0.0173	0.605	0.451	0.173
1384	0.0175	0.605	0.451	0.173
1385	0.0173	0.605	0.45	0.173
1386	0.0172	0.605	0.45	0.174
1387	0.0173	0.605	0.451	0.173
1388	0.0174	0.605	0.45	0.173
1389	0.0174	0.605	0.451	0.173
1390	0.0175	0.605	0.45	0.173
1391	0.0172	0.605	0.45	0.173
1392	0.0172	0.605	0.451	0.173
1393	0.0174	0.605	0.45	0.174
1394	0.0175	0.605	0.45	0.173
1395	0.0173	0.605	0.45	0.173
1396	0.0177	0.605	0.45	0.173
1397	0.0178	0.605	0.45	0.173
1398	0.0178	0.605	0.45	0.173
1399	0.0173	0.605	0.45	0.173
1400	0.0176	0.605	0.45	0.173
1401	0.0171	0.605	0.45	0.173
1402	0.0169	0.604	0.451	0.173
1403	0.0171	0.604	0.45	0.173
1404	0.0171	0.604	0.45	0.173
1405	0.017	0.605	0.451	0.173
1406	0.0168	0.604	0.45	0.173
1407	0.0171	0.604	0.45	0.173
1408	0.017	0.604	0.45	0.173
1409	0.0172	0.604	0.45	0.173
1410	0.0168	0.604	0.45	0.173
1411	0.0165	0.604	0.45	0.173
1412	0.0167	0.604	0.45	0.173
1413	0.0169	0.604	0.45	0.173
1414	0.017	0.605	0.45	0.173
1415	0.0171	0.605	0.45	0.173
1416	0.0171	0.605	0.45	0.173
1417	0.017	0.604	0.45	0.173
1418	0.017	0.604	0.45	0.173
1419	0.0172	0.605	0.45	0.173
1420	0.0172	0.605	0.45	0.173
1421	0.0171	0.605	0.45	0.173
1422	0.0174	0.605	0.45	0.173
1423	0.0172	0.605	0.45	0.173
1424	0.0171	0.604	0.45	0.173
1425	0.0169	0.605	0.45	0.173
1426	0.0171	0.604	0.45	0.173
1427	0.0173	0.604	0.45	0.173
1428	0.0173	0.604	0.45	0.173
1429	0.0172	0.604	0.45	0.173
1430	0.0173	0.605	0.45	0.173
1431	0.0171	0.604	0.45	0.173
1432	0.0173	0.604	0.45	0.173
1433	0.0175	0.604	0.45	0.173
1434	0.0173	0.604	0.45	0.173
1435	0.0174	0.604	0.45	0.173
1436	0.0174	0.604	0.45	0.173
1437	0.0173	0.604	0.45	0.173
1438	0.0175	0.604	0.45	0.173
1439	0.0176	0.604	0.45	0.173
1440	0.0175	0.604	0.45	0.173
1441	0.0177	0.604	0.45	0.173
1442	0.0177	0.604	0.45	0.173
1443	0.0176	0.604	0.45	0.172
1444	0.0177	0.604	0.45	0.173
1445	0.0176	0.604	0.449	0.173
1446	0.0176	0.601	0.454	0.173
1447	0.0175	0.599	0.458	0.173
1448	0.0173	0.598	0.458	0.172
1449	0.0169	0.599	0.457	0.172
1450	0.0172	0.599	0.458	0.172
1451	0.0173	0.599	0.457	0.172
1452	0.0176	0.599	0.457	0.172
1453	0.0171	0.599	0.457	0.172
1454	0.0171	0.599	0.456	0.172
1455	0.0168	0.599	0.456	0.172
1456	0.0167	0.599	0.457	0.172
1457	0.0168	0.599	0.456	0.172
1458	0.0168	0.6	0.456	0.172
1459	0.017	0.6	0.456	0.172
1460	0.0167	0.6	0.456	0.172
1461	0.0167	0.6	0.456	0.172
1462	0.0169	0.6	0.456	0.172
1463	0.0169	0.6	0.456	0.172
1464	0.0169	0.6	0.455	0.172
1465	0.0168	0.6	0.455	0.172
1466	0.0166	0.6	0.455	0.172
1467	0.0166	0.6	0.455	0.172
1468	0.0167	0.6	0.455	0.172
1469	0.0166	0.6	0.455	0.172
1470	0.0166	0.6	0.455	0.172
1471	0.0166	0.6	0.455	0.172
1472	0.0167	0.6	0.455	0.172
1473	0.017	0.6	0.455	0.172
1474	0.0169	0.6	0.454	0.172
1475	0.0167	0.6	0.455	0.172
1476	0.0166	0.6	0.455	0.172
1477	0.0166	0.6	0.454	0.172
1478	0.0166	0.6	0.455	0.172
1479	0.0168	0.6	0.455	0.172
1480	0.0166	0.6	0.454	0.172
1481	0.0168	0.6	0.454	0.172
1482	0.0168	0.6	0.455	0.172
1483	0.0166	0.6	0.455	0.172
1484	0.0167	0.6	0.455	0.172
1485	0.0165	0.6	0.454	0.172
1486	0.0165	0.6	0.454	0.172
1487	0.0162	0.6	0.455	0.172
1488	0.0165	0.6	0.455	0.172
1489	0.0166	0.6	0.454	0.172
1490	0.0163	0.6	0.455	0.172
1491	0.0163	0.6	0.454	0.172
1492	0.0161	0.599	0.455	0.172
1493	0.0165	0.6	0.454	0.172
1494	0.0166	0.6	0.454	0.172
1495	0.0164	0.6	0.454	0.172
1496	0.0163	0.6	0.454	0.172
1497	0.0164	0.6	0.454	0.172
1498	0.0165	0.6	0.454	0.172
1499	0.0166	0.6	0.454	0.172
1500	0.0168	0.6	0.454	0.172
1501	0.0165	0.6	0.454	0.172
1502	0.0162	0.6	0.454	0.172
1503	0.0163	0.6	0.454	0.172
1504	0.0164	0.6	0.454	0.172
1505	0.0166	0.601	0.453	0.172
1506	0.0166	0.601	0.453	0.172
1507	0.0166	0.601	0.453	0.172
1508	0.0165	0.6	0.453	0.172
1509	0.0164	0.6	0.454	0.172
1510	0.0165	0.6	0.454	0.172
1511	0.0168	0.6	0.454	0.172
1512	0.0168	0.6	0.454	0.172
1513	0.0167	0.6	0.454	0.172
1514	0.0167	0.6	0.453	0.172
1515	0.0168	0.6	0.454	0.172
1516	0.0165	0.6	0.454	0.172
1517	0.0168	0.6	0.454	0.172
1518	0.0169	0.6	0.454	0.172
1519	0.0168	0.6	0.454	0.172
1520	0.0167	0.6	0.454	0.172
1521	0.017	0.6	0.454	0.172
1522	0.0168	0.6	0.454	0.172
1523	0.017	0.599	0.454	0.172
1524	0.0169	0.599	0.454	0.172
1525	0.017	0.6	0.454	0.172
1526	0.017	0.6	0.454	0.171
1527	0.017	0.6	0.454	0.171
1528	0.0171	0.6	0.453	0.171
1529	0.017	0.6	0.453	0.171
1530	0.0171	0.6	0.453	0.172
1531	0.0172	0.6	0.453	0.172
1532	0.0167	0.599	0.454	0.172
1533	0.0169	0.599	0.453	0.171
1534	0.0167	0.599	0.454	0.172
1535	0.0168	0.6	0.454	0.172
1536	0.0171	0.6	0.454	0.172
1537	0.0173	0.599	0.454	0.172
1538	0.0172	0.599	0.454	0.172
1539	0.0172	0.599	0.454	0.172
1540	0.0167	0.599	0.454	0.172
1541	0.0169	0.599	0.454	0.172
1542	0.0168	0.6	0.453	0.172
1543	0.017	0.599	0.454	0.172
1544	0.0168	0.599	0.454	0.172
1545	0.0168	0.599	0.454	0.172
1546	0.017	0.599	0.453	0.172
1547	0.0169	0.599	0.453	0.172
1548	0.0168	0.599	0.453	0.172
1549	0.0168	0.599	0.453	0.172
1550	0.0169	0.599	0.454	0.171
1551	0.0167	0.599	0.453	0.171
1552	0.0167	0.599	0.453	0.172
1553	0.0165	0.599	0.454	0.172
1554	0.0165	0.6	0.453	0.172
1555	0.0169	0.599	0.453	0.172
1556	0.0169	0.598	0.454	0.171
1557	0.0172	0.599	0.453	0.171
1558	0.0172	0.599	0.453	0.171
1559	0.0167	0.599	0.453	0.172
1560	0.0165	0.599	0.453	0.171
1561	0.0169	0.599	0.453	0.171
1562	0.0168	0.599	0.453	0.171
1563	0.0165	0.599	0.453	0.171
1564	0.0166	0.599	0.453	0.171
1565	0.0167	0.599	0.453	0.171
1566	0.0168	0.599	0.453	0.171
1567	0.0167	0.599	0.453	0.171
1568	0.0164	0.598	0.454	0.171
1569	0.0165	0.598	0.453	0.171
1570	0.0167	0.599	0.453	0.171
1571	0.0167	0.598	0.454	0.171
1572	0.0166	0.598	0.453	0.171
1573	0.0167	0.599	0.453	0.171
1574	0.0169	0.598	0.453	0.171
1575	0.017	0.599	0.453	0.171
1576	0.0167	0.598	0.453	0.171
1577	0.0167	0.599	0.454	0.171
1578	0.0165	0.599	0.453	0.171
1579	0.0166	0.599	0.453	0.172
1580	0.0165	0.599	0.453	0.171
1581	0.0168	0.599	0.453	0.172
1582	0.0167	0.599	0.453	0.171
1583	0.0165	0.599	0.453	0.171
1584	0.0164	0.599	0.453	0.171
1585	0.0165	0.599	0.453	0.171
1586	0.0163	0.599	0.453	0.171
1587	0.0166	0.599	0.453	0.171
1588	0.0165	0.599	0.453	0.171
1589	0.0164	0.599	0.453	0.171
1590	0.0164	0.599	0.453	0.171
1591	0.0165	0.599	0.453	0.171
1592	0.0165	0.598	0.453	0.171
1593	0.0166	0.598	0.453	0.171
1594	0.0164	0.598	0.453	0.171
1595	0.0166	0.599	0.453	0.172
