Iteration	ValueMean	ValueStddev	DerivMean	DerivStddev
5	0.517	0.262	0.166	0.0664
6	0.489	0.255	0.173	0.0633
7	0.482	0.246	0.174	0.0589
8	0.478	0.242	0.175	0.0572
9	0.475	0.241	0.175	0.0566
10	0.473	0.239	0.176	0.0557
11	0.471	0.237	0.176	0.0549
12	0.47	0.236	0.176	0.0546
13	0.469	0.235	0.176	0.054
14	0.468	0.235	0.175	0.0537
15	0.466	0.234	0.175	0.0535
16	0.464	0.234	0.175	0.0532
17	0.463	0.233	0.175	0.0529
18	0.463	0.233	0.175	0.0528
19	0.462	0.234	0.174	0.0527
20	0.462	0.234	0.174	0.0526
21	0.461	0.234	0.174	0.0524
22	0.461	0.233	0.173	0.0522
23	0.46	0.233	0.173	0.052
24	0.46	0.233	0.173	0.0518
25	0.459	0.232	0.173	0.0515
26	0.459	0.232	0.173	0.0515
27	0.459	0.232	0.172	0.0513
28	0.458	0.232	0.172	0.0514
29	0.458	0.233	0.172	0.0514
30	0.457	0.232	0.172	0.0511
31	0.457	0.232	0.172	0.051
32	0.456	0.232	0.171	0.051
33	0.456	0.232	0.171	0.0511
34	0.456	0.232	0.171	0.051
35	0.455	0.232	0.171	0.0509
36	0.455	0.233	0.171	0.0509
37	0.455	0.232	0.17	0.0508
38	0.455	0.232	0.17	0.0509
39	0.456	0.233	0.17	0.0508
40	0.456	0.233	0.17	0.0507
41	0.455	0.232	0.17	0.0507
42	0.456	0.233	0.169	0.0507
43	0.456	0.233	0.169	0.0506
44	0.455	0.233	0.169	0.0507
45	0.455	0.233	0.169	0.0507
46	0.455	0.233	0.169	0.0507
47	0.455	0.233	0.169	0.0506
48	0.454	0.233	0.169	0.0506
49	0.455	0.233	0.168	0.0506
50	0.455	0.233	0.168	0.0505
51	0.455	0.233	0.168	0.0505
52	0.455	0.233	0.168	0.0505
53	0.454	0.233	0.168	0.0504
54	0.455	0.233	0.168	0.0503
55	0.455	0.234	0.168	0.0505
56	0.454	0.234	0.168	0.0505
57	0.453	0.234	0.168	0.0505
58	0.454	0.234	0.168	0.0504
59	0.453	0.234	0.167	0.0503
60	0.453	0.234	0.167	0.0504
61	0.453	0.234	0.167	0.0503
62	0.453	0.234	0.167	0.0503
63	0.453	0.234	0.167	0.0505
64	0.454	0.234	0.167	0.0504
65	0.454	0.234	0.167	0.0504
66	0.454	0.234	0.167	0.0503
67	0.455	0.234	0.167	0.0502
68	0.453	0.234	0.167	0.0503
69	0.452	0.234	0.167	0.0503
70	0.454	0.234	0.167	0.0503
71	0.453	0.234	0.167	0.0503
72	0.453	0.235	0.167	0.0504
73	0.454	0.235	0.166	0.0503
74	0.453	0.235	0.166	0.0503
75	0.453	0.235	0.166	0.0504
76	0.454	0.235	0.166	0.0503
77	0.454	0.235	0.166	0.0504
78	0.454	0.235	0.166	0.0505
79	0.454	0.235	0.166	0.0502
80	0.454	0.235	0.166	0.0503
81	0.453	0.235	0.166	0.0503
82	0.453	0.234	0.166	0.0501
83	0.452	0.235	0.166	0.0502
84	0.452	0.235	0.166	0.0502
85	0.453	0.235	0.166	0.0501
86	0.453	0.235	0.166	0.0503
87	0.453	0.235	0.166	0.0503
88	0.454	0.235	0.166	0.0503
89	0.453	0.235	0.166	0.0503
90	0.452	0.235	0.166	0.0502
91	0.453	0.235	0.166	0.0501
92	0.453	0.235	0.165	0.0502
93	0.452	0.235	0.165	0.0501
94	0.452	0.235	0.166	0.0501
95	0.452	0.235	0.165	0.0501
96	0.451	0.235	0.165	0.0501
97	0.452	0.235	0.165	0.0499
98	0.452	0.235	0.165	0.05
99	0.452	0.235	0.165	0.0501
100	0.452	0.236	0.165	0.05
101	0.452	0.236	0.165	0.0501
102	0.451	0.235	0.165	0.05
103	0.452	0.235	0.165	0.05
104	0.451	0.235	0.165	0.05
105	0.451	0.235	0.165	0.05
106	0.452	0.235	0.165	0.05
107	0.451	0.235	0.165	0.05
108	0.451	0.235	0.165	0.05
109	0.452	0.235	0.165	0.0498
110	0.452	0.235	0.165	0.0499
111	0.452	0.235	0.165	0.05
112	0.452	0.235	0.165	0.0499
113	0.452	0.235	0.165	0.0499
114	0.451	0.235	0.165	0.0499
115	0.452	0.235	0.165	0.0499
116	0.452	0.235	0.165	0.0499
117	0.451	0.235	0.165	0.05
118	0.452	0.236	0.165	0.05
119	0.452	0.236	0.165	0.05
120	0.451	0.236	0.165	0.0502
121	0.452	0.236	0.165	0.0501
122	0.452	0.236	0.165	0.05
123	0.451	0.236	0.164	0.0501
124	0.453	0.236	0.165	0.0501
125	0.453	0.236	0.165	0.05
126	0.452	0.236	0.164	0.0501
127	0.453	0.236	0.164	0.0499
128	0.452	0.236	0.164	0.05
129	0.452	0.236	0.164	0.0501
130	0.453	0.236	0.164	0.05
131	0.453	0.236	0.164	0.0499
132	0.452	0.236	0.164	0.0499
133	0.453	0.236	0.164	0.0498
134	0.452	0.236	0.164	0.0497
135	0.452	0.236	0.164	0.0498
136	0.453	0.236	0.164	0.0497
137	0.453	0.236	0.164	0.0499
138	0.451	0.236	0.164	0.05
139	0.453	0.237	0.164	0.05
140	0.453	0.237	0.164	0.0499
141	0.452	0.236	0.164	0.0499
142	0.453	0.236	0.164	0.0499
143	0.453	0.236	0.164	0.0499
144	0.452	0.236	0.164	0.0498
145	0.453	0.237	0.164	0.0499
146	0.452	0.236	0.164	0.0499
147	0.451	0.236	0.164	0.0499
148	0.453	0.236	0.164	0.0498
149	0.452	0.236	0.164	0.0498
150	0.453	0.236	0.164	0.0498
151	0.454	0.236	0.164	0.0498
152	0.453	0.236	0.164	0.0497
153	0.452	0.236	0.164	0.0498
154	0.453	0.236	0.164	0.0498
155	0.453	0.235	0.164	0.0497
156	0.453	0.236	0.164	0.0498
157	0.454	0.236	0.164	0.0496
158	0.453	0.235	0.164	0.0496
159	0.453	0.235	0.164	0.0497
160	0.454	0.235	0.164	0.0496
161	0.453	0.236	0.164	0.0498
162	0.453	0.235	0.164	0.0497
163	0.454	0.235	0.164	0.0496
164	0.453	0.235	0.164	0.0496
165	0.452	0.235	0.164	0.0498
166	0.454	0.235	0.164	0.0495
167	0.452	0.236	0.164	0.0497
168	0.452	0.236	0.164	0.0496
169	0.453	0.235	0.164	0.0495
170	0.452	0.235	0.164	0.0496
171	0.452	0.235	0.164	0.0496
172	0.453	0.235	0.164	0.0495
173	0.452	0.235	0.164	0.0495
174	0.453	0.235	0.164	0.0496
175	0.453	0.236	0.164	0.0496
176	0.452	0.236	0.164	0.0496
177	0.451	0.236	0.164	0.0496
178	0.453	0.236	0.164	0.0495
179	0.453	0.236	0.164	0.0495
180	0.452	0.235	0.164	0.0495
181	0.453	0.236	0.164	0.0495
182	0.452	0.235	0.164	0.0496
183	0.452	0.236	0.164	0.0495
184	0.453	0.235	0.164	0.0494
185	0.453	0.235	0.164	0.0495
186	0.453	0.236	0.164	0.0496
187	0.453	0.235	0.164	0.0495
188	0.453	0.235	0.164	0.0494
189	0.453	0.236	0.164	0.0495
190	0.453	0.235	0.164	0.0494
191	0.454	0.235	0.164	0.0494
192	0.454	0.235	0.164	0.0493
193	0.453	0.235	0.164	0.0494
194	0.453	0.235	0.164	0.0494
195	0.453	0.235	0.164	0.0494
196	0.453	0.235	0.164	0.0494
197	0.454	0.235	0.164	0.0494
198	0.454	0.235	0.164	0.0494
199	0.453	0.235	0.164	0.0494
200	0.454	0.235	0.164	0.0493
201	0.453	0.235	0.164	0.0494
202	0.454	0.236	0.164	0.0494
203	0.454	0.235	0.164	0.0493
204	0.453	0.235	0.164	0.0494
205	0.453	0.236	0.164	0.0494
206	0.454	0.235	0.164	0.0493
207	0.453	0.236	0.164	0.0493
208	0.453	0.235	0.164	0.0493
209	0.454	0.235	0.164	0.0494
210	0.454	0.235	0.164	0.0493
211	0.453	0.235	0.164	0.0493
212	0.453	0.235	0.164	0.0493
213	0.453	0.235	0.164	0.0493
214	0.452	0.235	0.164	0.0492
215	0.454	0.235	0.164	0.0492
216	0.454	0.235	0.164	0.0492
217	0.454	0.235	0.164	0.0492
218	0.454	0.235	0.164	0.0491
219	0.454	0.235	0.164	0.0491
220	0.454	0.235	0.164	0.0491
221	0.454	0.235	0.164	0.0491
222	0.454	0.235	0.164	0.0491
223	0.454	0.235	0.164	0.0491
224	0.454	0.235	0.164	0.0491
225	0.454	0.235	0.164	0.0491
226	0.454	0.235	0.164	0.0491
227	0.455	0.235	0.164	0.049
228	0.454	0.235	0.164	0.0491
229	0.453	0.235	0.164	0.049
230	0.454	0.235	0.164	0.049
231	0.454	0.235	0.164	0.0491
232	0.454	0.235	0.164	0.0491
233	0.455	0.235	0.164	0.049
234	0.454	0.235	0.164	0.0491
235	0.454	0.235	0.164	0.0491
236	0.454	0.235	0.164	0.0491
237	0.455	0.235	0.164	0.0491
238	0.454	0.235	0.164	0.0491
239	0.456	0.235	0.164	0.049
240	0.455	0.235	0.164	0.0491
241	0.454	0.235	0.164	0.049
242	0.455	0.235	0.164	0.0489
243	0.455	0.235	0.164	0.049
244	0.454	0.235	0.164	0.0491
245	0.455	0.235	0.164	0.049
246	0.455	0.235	0.164	0.049
247	0.454	0.235	0.164	0.049
248	0.455	0.235	0.164	0.049
249	0.455	0.235	0.164	0.0489
250	0.454	0.235	0.164	0.049
251	0.455	0.235	0.164	0.049
252	0.454	0.235	0.164	0.049
253	0.454	0.235	0.164	0.049
254	0.455	0.235	0.164	0.049
255	0.454	0.235	0.164	0.049
256	0.455	0.235	0.164	0.0491
257	0.455	0.235	0.164	0.0491
258	0.455	0.235	0.164	0.049
259	0.454	0.235	0.164	0.049
260	0.455	0.235	0.164	0.0489
261	0.455	0.235	0.164	0.0489
262	0.455	0.235	0.164	0.0489
263	0.456	0.235	0.164	0.0489
264	0.455	0.235	0.164	0.0489
265	0.455	0.235	0.164	0.049
266	0.455	0.235	0.164	0.0489
267	0.456	0.235	0.164	0.0489
268	0.456	0.235	0.164	0.0489
269	0.457	0.235	0.164	0.0488
270	0.457	0.235	0.164	0.0489
271	0.456	0.235	0.164	0.0489
272	0.456	0.234	0.164	0.0487
273	0.456	0.235	0.164	0.0488
274	0.456	0.235	0.164	0.0488
275	0.457	0.234	0.164	0.0487
276	0.456	0.234	0.164	0.0488
277	0.456	0.234	0.164	0.0488
278	0.456	0.234	0.164	0.0487
279	0.456	0.234	0.164	0.0488
280	0.456	0.234	0.164	0.0488
281	0.457	0.234	0.164	0.0487
282	0.456	0.234	0.164	0.0488
283	0.456	0.234	0.164	0.0488
284	0.457	0.234	0.164	0.0487
285	0.457	0.234	0.164	0.0488
286	0.457	0.234	0.164	0.0487
287	0.457	0.234	0.164	0.0487
288	0.457	0.234	0.164	0.0487
289	0.457	0.234	0.164	0.0488
290	0.457	0.234	0.164	0.0486
291	0.457	0.234	0.164	0.0487
292	0.456	0.234	0.164	0.0487
293	0.457	0.234	0.164	0.0486
294	0.457	0.234	0.164	0.0487
295	0.457	0.234	0.164	0.0487
296	0.457	0.234	0.164	0.0487
297	0.457	0.234	0.164	0.0487
298	0.457	0.234	0.164	0.0486
299	0.458	0.234	0.164	0.0486
300	0.457	0.234	0.164	0.0487
301	0.457	0.234	0.164	0.0487
302	0.458	0.234	0.164	0.0486
303	0.458	0.234	0.164	0.0487
304	0.458	0.234	0.164	0.0487
305	0.458	0.234	0.164	0.0487
306	0.458	0.234	0.164	0.0487
307	0.458	0.234	0.164	0.0487
308	0.458	0.234	0.164	0.0487
309	0.458	0.234	0.164	0.0486
310	0.458	0.234	0.164	0.0487
311	0.458	0.234	0.164	0.0487
312	0.458	0.234	0.164	0.0487
313	0.458	0.234	0.164	0.0487
314	0.458	0.234	0.164	0.0487
315	0.457	0.234	0.164	0.0486
316	0.458	0.234	0.164	0.0486
317	0.458	0.234	0.164	0.0486
318	0.458	0.234	0.164	0.0487
319	0.458	0.234	0.164	0.0487
320	0.458	0.234	0.164	0.0487
321	0.458	0.234	0.164	0.0486
322	0.458	0.234	0.164	0.0486
323	0.457	0.234	0.164	0.0485
324	0.457	0.234	0.164	0.0486
325	0.458	0.234	0.164	0.0485
326	0.458	0.234	0.164	0.0485
327	0.458	0.234	0.164	0.0486
328	0.458	0.234	0.164	0.0485
329	0.458	0.234	0.164	0.0485
330	0.458	0.234	0.164	0.0485
331	0.458	0.234	0.164	0.0486
332	0.458	0.234	0.164	0.0485
333	0.459	0.234	0.164	0.0486
334	0.459	0.234	0.164	0.0486
335	0.459	0.234	0.164	0.0485
336	0.459	0.234	0.164	0.0485
337	0.458	0.234	0.164	0.0485
338	0.459	0.234	0.164	0.0485
339	0.459	0.234	0.164	0.0485
340	0.459	0.234	0.164	0.0485
341	0.459	0.234	0.164	0.0485
342	0.459	0.234	0.164	0.0484
343	0.459	0.234	0.164	0.0484
344	0.459	0.234	0.164	0.0485
345	0.459	0.234	0.164	0.0485
346	0.459	0.234	0.164	0.0485
347	0.459	0.234	0.164	0.0485
348	0.459	0.234	0.164	0.0484
349	0.459	0.234	0.164	0.0485
350	0.459	0.234	0.164	0.0485
351	0.459	0.234	0.164	0.0485
352	0.459	0.234	0.164	0.0485
353	0.459	0.234	0.164	0.0485
354	0.46	0.234	0.164	0.0485
355	0.46	0.234	0.164	0.0485
356	0.46	0.234	0.164	0.0485
357	0.46	0.234	0.164	0.0484
358	0.46	0.234	0.164	0.0484
359	0.459	0.234	0.164	0.0485
360	0.46	0.234	0.164	0.0485
361	0.459	0.234	0.164	0.0485
362	0.459	0.234	0.164	0.0485
363	0.46	0.234	0.164	0.0485
364	0.46	0.234	0.164	0.0484
365	0.459	0.234	0.164	0.0484
366	0.46	0.234	0.164	0.0484
367	0.46	0.234	0.164	0.0484
368	0.461	0.234	0.164	0.0484
369	0.46	0.234	0.164	0.0483
370	0.46	0.234	0.164	0.0483
371	0.461	0.234	0.164	0.0484
372	0.46	0.234	0.164	0.0484
373	0.46	0.234	0.164	0.0484
374	0.46	0.234	0.164	0.0484
375	0.46	0.234	0.164	0.0484
376	0.461	0.234	0.164	0.0484
377	0.46	0.234	0.164	0.0483
378	0.461	0.234	0.164	0.0483
379	0.461	0.234	0.164	0.0484
380	0.46	0.234	0.164	0.0484
381	0.461	0.234	0.164	0.0483
382	0.461	0.234	0.164	0.0483
383	0.461	0.234	0.164	0.0483
384	0.461	0.234	0.164	0.0482
385	0.461	0.234	0.164	0.0483
386	0.461	0.234	0.164	0.0482
387	0.461	0.233	0.164	0.0482
388	0.461	0.234	0.164	0.0482
389	0.461	0.234	0.164	0.0482
390	0.461	0.234	0.164	0.0483
391	0.461	0.233	0.164	0.0482
392	0.461	0.234	0.164	0.0482
393	0.462	0.234	0.164	0.0482
394	0.461	0.234	0.164	0.0482
395	0.461	0.234	0.164	0.0483
396	0.462	0.234	0.164	0.0482
397	0.461	0.234	0.164	0.0482
398	0.461	0.234	0.164	0.0482
399	0.461	0.234	0.164	0.0482
400	0.462	0.234	0.164	0.0483
401	0.462	0.233	0.164	0.0482
402	0.461	0.234	0.164	0.0482
403	0.461	0.233	0.164	0.0482
404	0.462	0.233	0.164	0.0482
405	0.462	0.234	0.164	0.0483
406	0.463	0.234	0.164	0.0482
407	0.462	0.234	0.164	0.0482
408	0.462	0.233	0.164	0.0481
409	0.462	0.233	0.164	0.0481
410	0.463	0.234	0.164	0.0481
411	0.463	0.234	0.164	0.0482
412	0.463	0.234	0.164	0.0482
413	0.462	0.234	0.164	0.0482
414	0.462	0.234	0.164	0.0482
415	0.462	0.234	0.164	0.0482
416	0.462	0.234	0.164	0.0482
417	0.462	0.234	0.164	0.0482
418	0.462	0.234	0.164	0.0482
419	0.463	0.234	0.164	0.0482
420	0.463	0.233	0.164	0.0481
421	0.463	0.234	0.164	0.0481
422	0.463	0.234	0.164	0.0481
423	0.463	0.233	0.164	0.0481
424	0.464	0.234	0.164	0.0481
425	0.464	0.234	0.164	0.048
426	0.463	0.233	0.164	0.048
427	0.463	0.233	0.164	0.048
428	0.463	0.234	0.164	0.0481
429	0.462	0.233	0.164	0.048
430	0.462	0.233	0.164	0.0481
431	0.463	0.233	0.164	0.048
432	0.463	0.233	0.164	0.048
433	0.463	0.234	0.164	0.0481
434	0.464	0.233	0.164	0.048
435	0.464	0.233	0.164	0.048
436	0.463	0.233	0.164	0.0481
437	0.464	0.233	0.164	0.048
438	0.463	0.233	0.164	0.048
439	0.463	0.233	0.164	0.0481
440	0.464	0.233	0.164	0.048
441	0.464	0.233	0.164	0.048
442	0.463	0.233	0.164	0.0481
443	0.464	0.233	0.164	0.048
444	0.464	0.233	0.164	0.0479
445	0.464	0.233	0.164	0.048
446	0.465	0.233	0.164	0.048
447	0.464	0.233	0.164	0.048
448	0.464	0.233	0.164	0.048
449	0.464	0.233	0.164	0.0479
450	0.464	0.233	0.164	0.0479
451	0.463	0.233	0.164	0.048
452	0.465	0.233	0.164	0.0479
453	0.465	0.233	0.164	0.0479
454	0.464	0.233	0.164	0.0479
455	0.464	0.233	0.164	0.0478
456	0.465	0.233	0.164	0.048
457	0.464	0.234	0.164	0.048
458	0.465	0.233	0.164	0.0479
459	0.464	0.233	0.164	0.0479
460	0.463	0.233	0.164	0.0479
461	0.465	0.233	0.164	0.0479
462	0.465	0.233	0.164	0.0479
463	0.464	0.233	0.164	0.0479
464	0.465	0.233	0.164	0.0478
465	0.465	0.233	0.164	0.0478
466	0.465	0.233	0.164	0.0478
467	0.464	0.233	0.164	0.0478
468	0.465	0.233	0.164	0.0478
469	0.464	0.233	0.164	0.0478
470	0.465	0.233	0.164	0.0478
471	0.464	0.233	0.164	0.0477
472	0.464	0.233	0.164	0.0478
473	0.465	0.233	0.164	0.0477
474	0.464	0.233	0.164	0.0478
475	0.465	0.233	0.164	0.0479
476	0.465	0.233	0.164	0.0478
477	0.465	0.233	0.164	0.0477
478	0.465	0.233	0.164	0.0477
479	0.466	0.233	0.164	0.0476
480	0.466	0.233	0.164	0.0476
481	0.465	0.233	0.164	0.0477
482	0.466	0.233	0.164	0.0476
483	0.465	0.233	0.164	0.0476
484	0.465	0.233	0.164	0.0477
485	0.466	0.233	0.164	0.0476
486	0.466	0.233	0.164	0.0476
487	0.465	0.233	0.164	0.0476
488	0.466	0.233	0.164	0.0476
489	0.466	0.233	0.164	0.0476
490	0.466	0.233	0.164	0.0476
491	0.466	0.233	0.164	0.0475
492	0.465	0.233	0.164	0.0476
493	0.465	0.233	0.164	0.0476
494	0.466	0.232	0.164	0.0475
495	0.466	0.232	0.164	0.0476
496	0.465	0.233	0.164	0.0476
497	0.466	0.233	0.164	0.0476
498	0.466	0.233	0.164	0.0475
499	0.465	0.233	0.164	0.0476
500	0.466	0.233	0.164	0.0476
501	0.466	0.233	0.164	0.0475
502	0.466	0.232	0.164	0.0474
503	0.467	0.232	0.164	0.0474
504	0.466	0.232	0.164	0.0475
505	0.465	0.233	0.164	0.0475
506	0.467	0.232	0.164	0.0475
507	0.466	0.232	0.164	0.0475
508	0.466	0.232	0.164	0.0476
509	0.467	0.233	0.164	0.0476
510	0.466	0.232	0.164	0.0476
511	0.466	0.233	0.164	0.0476
512	0.467	0.233	0.164	0.0475
513	0.466	0.233	0.164	0.0475
514	0.466	0.233	0.164	0.0476
515	0.467	0.233	0.164	0.0475
516	0.467	0.233	0.164	0.0476
517	0.467	0.233	0.164	0.0475
518	0.468	0.233	0.164	0.0475
519	0.467	0.233	0.164	0.0474
520	0.467	0.233	0.164	0.0475
521	0.468	0.233	0.164	0.0475
522	0.468	0.233	0.164	0.0475
523	0.467	0.233	0.164	0.0475
524	0.468	0.233	0.164	0.0474
525	0.467	0.233	0.164	0.0475
526	0.467	0.233	0.164	0.0475
527	0.468	0.233	0.164	0.0475
528	0.468	0.233	0.164	0.0476
529	0.467	0.233	0.164	0.0476
530	0.469	0.233	0.164	0.0476
531	0.468	0.233	0.164	0.0475
532	0.468	0.233	0.164	0.0474
533	0.469	0.233	0.164	0.0474
534	0.468	0.233	0.164	0.0475
535	0.468	0.233	0.164	0.0475
536	0.469	0.233	0.164	0.0474
537	0.468	0.233	0.164	0.0475
538	0.468	0.233	0.164	0.0474
539	0.469	0.232	0.164	0.0474
540	0.469	0.233	0.164	0.0475
541	0.468	0.233	0.164	0.0475
542	0.469	0.233	0.164	0.0474
543	0.468	0.232	0.164	0.0474
544	0.468	0.233	0.164	0.0474
545	0.469	0.232	0.164	0.0473
546	0.469	0.233	0.164	0.0474
547	0.468	0.233	0.164	0.0475
548	0.469	0.233	0.164	0.0474
549	0.469	0.233	0.164	0.0474
550	0.468	0.233	0.164	0.0474
551	0.469	0.233	0.164	0.0474
552	0.469	0.232	0.164	0.0474
553	0.468	0.233	0.164	0.0475
554	0.469	0.233	0.164	0.0474
555	0.468	0.233	0.164	0.0474
556	0.468	0.232	0.164	0.0474
557	0.47	0.233	0.164	0.0473
558	0.468	0.232	0.164	0.0473
559	0.469	0.233	0.164	0.0474
560	0.469	0.233	0.164	0.0474
561	0.468	0.232	0.164	0.0473
562	0.469	0.232	0.164	0.0473
563	0.47	0.232	0.164	0.0473
564	0.469	0.232	0.164	0.0472
565	0.468	0.232	0.164	0.0472
566	0.469	0.232	0.164	0.0473
567	0.469	0.232	0.164	0.0473
568	0.469	0.232	0.164	0.0473
569	0.47	0.232	0.164	0.0473
570	0.469	0.233	0.164	0.0473
571	0.469	0.232	0.164	0.0473
572	0.47	0.232	0.164	0.0473
573	0.47	0.232	0.164	0.0473
574	0.469	0.232	0.164	0.0472
575	0.47	0.232	0.164	0.0471
576	0.47	0.232	0.164	0.0472
577	0.47	0.232	0.164	0.0472
578	0.47	0.233	0.164	0.0472
579	0.47	0.232	0.164	0.0472
580	0.469	0.232	0.164	0.0473
581	0.47	0.232	0.164	0.0472
582	0.47	0.233	0.164	0.0473
583	0.469	0.232	0.164	0.0473
584	0.471	0.233	0.164	0.0472
585	0.47	0.233	0.164	0.0473
586	0.471	0.232	0.164	0.0472
587	0.471	0.232	0.164	0.0471
588	0.47	0.232	0.164	0.0472
589	0.471	0.232	0.164	0.0472
590	0.471	0.232	0.164	0.0471
591	0.471	0.232	0.164	0.0471
592	0.47	0.232	0.164	0.0471
593	0.471	0.232	0.164	0.0471
594	0.471	0.232	0.164	0.0471
595	0.471	0.232	0.164	0.0471
596	0.471	0.232	0.164	0.0471
597	0.471	0.233	0.164	0.0471
598	0.471	0.232	0.164	0.0471
599	0.471	0.232	0.164	0.0471
600	0.471	0.232	0.164	0.0471
601	0.471	0.232	0.164	0.0471
602	0.472	0.232	0.164	0.0471
603	0.471	0.232	0.164	0.047
604	0.471	0.232	0.164	0.0471
605	0.472	0.232	0.164	0.0471
606	0.472	0.233	0.164	0.0472
607	0.472	0.232	0.164	0.0471
608	0.472	0.232	0.164	0.047
609	0.472	0.232	0.164	0.0471
610	0.471	0.232	0.164	0.0471
611	0.471	0.232	0.164	0.0471
612	0.472	0.232	0.164	0.0471
613	0.472	0.232	0.164	0.0471
614	0.472	0.232	0.164	0.0471
615	0.471	0.232	0.164	0.047
616	0.471	0.232	0.164	0.047
617	0.472	0.232	0.164	0.047
618	0.471	0.232	0.164	0.047
619	0.471	0.232	0.164	0.047
620	0.472	0.232	0.164	0.047
621	0.472	0.232	0.164	0.047
622	0.472	0.232	0.164	0.047
623	0.473	0.232	0.164	0.047
624	0.472	0.232	0.164	0.0471
625	0.471	0.232	0.164	0.047
626	0.472	0.232	0.164	0.0471
627	0.472	0.232	0.164	0.0471
628	0.472	0.232	0.164	0.0471
629	0.472	0.232	0.164	0.047
630	0.472	0.232	0.164	0.047
631	0.472	0.232	0.164	0.047
632	0.473	0.232	0.164	0.0469
633	0.472	0.232	0.164	0.0469
634	0.472	0.232	0.164	0.0469
635	0.473	0.232	0.164	0.0469
636	0.473	0.232	0.164	0.047
637	0.472	0.232	0.164	0.047
638	0.474	0.232	0.164	0.0469
639	0.473	0.232	0.164	0.0469
640	0.473	0.232	0.164	0.047
641	0.473	0.232	0.164	0.047
642	0.472	0.232	0.164	0.047
643	0.472	0.232	0.164	0.047
644	0.473	0.232	0.164	0.047
645	0.473	0.232	0.164	0.047
646	0.473	0.232	0.164	0.0469
647	0.474	0.232	0.164	0.0469
648	0.473	0.232	0.164	0.0469
649	0.473	0.232	0.164	0.0469
650	0.473	0.232	0.164	0.0468
651	0.473	0.231	0.164	0.0468
652	0.473	0.232	0.164	0.0469
653	0.473	0.232	0.164	0.0468
654	0.473	0.232	0.164	0.0468
655	0.473	0.232	0.164	0.0468
656	0.473	0.232	0.164	0.0469
657	0.473	0.232	0.164	0.0468
658	0.473	0.232	0.164	0.0469
659	0.473	0.232	0.164	0.0469
660	0.473	0.232	0.164	0.0468
661	0.472	0.232	0.164	0.0469
662	0.473	0.231	0.164	0.0468
663	0.472	0.231	0.164	0.0469
664	0.473	0.231	0.164	0.0469
665	0.474	0.232	0.164	0.0469
666	0.473	0.232	0.164	0.0469
667	0.473	0.232	0.164	0.0469
668	0.474	0.232	0.164	0.0469
669	0.473	0.231	0.164	0.0469
670	0.473	0.231	0.164	0.0468
671	0.474	0.232	0.164	0.0469
672	0.474	0.232	0.164	0.0469
673	0.474	0.231	0.164	0.0468
674	0.474	0.231	0.164	0.0468
675	0.473	0.231	0.164	0.0468
676	0.473	0.231	0.164	0.0468
677	0.473	0.232	0.164	0.0468
678	0.474	0.232	0.164	0.0468
679	0.474	0.231	0.164	0.0468
680	0.474	0.232	0.164	0.0468
681	0.473	0.231	0.164	0.0467
682	0.474	0.232	0.164	0.0468
683	0.474	0.232	0.164	0.0468
684	0.474	0.231	0.164	0.0468
685	0.474	0.231	0.164	0.0467
686	0.474	0.232	0.164	0.0468
687	0.475	0.232	0.164	0.0468
688	0.474	0.232	0.164	0.0468
689	0.474	0.232	0.164	0.0469
690	0.474	0.232	0.164	0.0468
691	0.474	0.232	0.164	0.0468
692	0.474	0.232	0.164	0.0468
693	0.474	0.232	0.164	0.0468
694	0.474	0.232	0.164	0.0467
695	0.475	0.232	0.164	0.0468
696	0.474	0.231	0.164	0.0467
697	0.475	0.232	0.164	0.0468
698	0.475	0.232	0.164	0.0468
699	0.474	0.231	0.164	0.0468
700	0.475	0.232	0.164	0.0468
701	0.475	0.232	0.164	0.0467
702	0.475	0.232	0.164	0.0468
703	0.475	0.232	0.164	0.0468
704	0.475	0.231	0.164	0.0467
705	0.475	0.231	0.164	0.0468
706	0.474	0.231	0.164	0.0468
707	0.475	0.231	0.164	0.0468
708	0.474	0.231	0.164	0.0467
709	0.475	0.231	0.164	0.0468
710	0.475	0.231	0.164	0.0468
711	0.475	0.231	0.164	0.0467
712	0.474	0.231	0.164	0.0467
713	0.475	0.231	0.164	0.0468
714	0.475	0.231	0.164	0.0468
715	0.475	0.231	0.164	0.0467
716	0.475	0.231	0.164	0.0468
717	0.475	0.231	0.164	0.0467
718	0.475	0.231	0.164	0.0467
719	0.475	0.231	0.164	0.0467
720	0.476	0.231	0.164	0.0467
721	0.475	0.231	0.164	0.0467
722	0.476	0.232	0.164	0.0469
723	0.476	0.231	0.164	0.0468
724	0.475	0.231	0.164	0.0468
725	0.476	0.231	0.164	0.0468
726	0.475	0.231	0.164	0.0467
727	0.475	0.231	0.164	0.0467
728	0.476	0.231	0.164	0.0467
729	0.476	0.231	0.164	0.0467
730	0.475	0.231	0.164	0.0467
731	0.476	0.231	0.164	0.0467
732	0.476	0.231	0.164	0.0467
733	0.476	0.231	0.164	0.0467
734	0.476	0.231	0.164	0.0467
735	0.476	0.232	0.164	0.0467
736	0.476	0.231	0.164	0.0467
737	0.476	0.231	0.164	0.0466
738	0.476	0.231	0.164	0.0467
739	0.476	0.231	0.164	0.0467
740	0.476	0.231	0.164	0.0467
741	0.475	0.231	0.164	0.0466
742	0.476	0.231	0.164	0.0466
743	0.476	0.231	0.164	0.0467
744	0.476	0.231	0.164	0.0467
745	0.476	0.231	0.164	0.0466
746	0.477	0.231	0.164	0.0466
747	0.476	0.231	0.164	0.0467
748	0.476	0.231	0.164	0.0466
749	0.477	0.231	0.164	0.0466
750	0.477	0.231	0.164	0.0466
751	0.476	0.231	0.164	0.0466
752	0.476	0.231	0.164	0.0466
753	0.477	0.231	0.164	0.0466
754	0.476	0.231	0.164	0.0465
755	0.477	0.231	0.164	0.0466
756	0.477	0.231	0.164	0.0465
757	0.477	0.231	0.164	0.0466
758	0.476	0.231	0.164	0.0466
759	0.477	0.231	0.164	0.0465
760	0.477	0.231	0.164	0.0466
761	0.477	0.231	0.164	0.0465
762	0.477	0.231	0.164	0.0465
763	0.477	0.231	0.164	0.0465
764	0.477	0.231	0.164	0.0465
765	0.477	0.231	0.164	0.0465
766	0.477	0.231	0.164	0.0465
767	0.477	0.231	0.164	0.0465
768	0.477	0.231	0.164	0.0465
769	0.477	0.231	0.164	0.0466
770	0.477	0.231	0.164	0.0465
771	0.477	0.231	0.164	0.0465
772	0.477	0.231	0.164	0.0465
773	0.478	0.231	0.164	0.0465
774	0.478	0.231	0.164	0.0465
775	0.477	0.231	0.164	0.0466
776	0.477	0.231	0.164	0.0466
777	0.478	0.231	0.164	0.0466
778	0.478	0.231	0.164	0.0466
779	0.478	0.231	0.164	0.0465
780	0.478	0.231	0.164	0.0465
781	0.477	0.231	0.164	0.0465
782	0.478	0.231	0.164	0.0465
783	0.478	0.231	0.164	0.0465
784	0.477	0.231	0.164	0.0465
785	0.477	0.231	0.164	0.0465
786	0.477	0.231	0.164	0.0466
787	0.477	0.231	0.164	0.0466
788	0.478	0.231	0.164	0.0466
789	0.478	0.231	0.164	0.0466
790	0.478	0.231	0.164	0.0466
791	0.478	0.231	0.164	0.0465
792	0.478	0.231	0.164	0.0465
793	0.478	0.231	0.164	0.0466
794	0.478	0.231	0.164	0.0465
795	0.478	0.231	0.164	0.0465
796	0.478	0.231	0.164	0.0464
797	0.478	0.231	0.164	0.0464
798	0.478	0.231	0.164	0.0465
799	0.478	0.231	0.164	0.0465
800	0.478	0.231	0.164	0.0465
801	0.478	0.231	0.164	0.0465
802	0.479	0.231	0.164	0.0465
803	0.478	0.231	0.164	0.0465
804	0.478	0.231	0.164	0.0465
805	0.479	0.231	0.164	0.0464
806	0.479	0.231	0.164	0.0465
807	0.478	0.231	0.164	0.0464
808	0.479	0.23	0.164	0.0464
809	0.478	0.23	0.164	0.0464
810	0.478	0.231	0.164	0.0464
811	0.479	0.231	0.164	0.0464
812	0.479	0.231	0.164	0.0464
813	0.478	0.231	0.164	0.0464
814	0.479	0.231	0.164	0.0464
815	0.479	0.231	0.164	0.0463
816	0.478	0.231	0.164	0.0464
817	0.479	0.231	0.164	0.0463
818	0.479	0.231	0.164	0.0464
819	0.478	0.231	0.164	0.0463
820	0.479	0.231	0.164	0.0464
821	0.479	0.231	0.164	0.0464
822	0.478	0.231	0.164	0.0463
823	0.479	0.231	0.164	0.0464
824	0.479	0.23	0.164	0.0463
825	0.479	0.231	0.164	0.0464
826	0.48	0.231	0.164	0.0464
827	0.479	0.23	0.164	0.0464
828	0.479	0.231	0.164	0.0464
829	0.479	0.23	0.164	0.0463
830	0.479	0.23	0.164	0.0464
831	0.479	0.231	0.164	0.0464
832	0.479	0.23	0.164	0.0464
833	0.479	0.23	0.164	0.0464
834	0.478	0.23	0.164	0.0464
835	0.48	0.23	0.164	0.0464
836	0.479	0.231	0.164	0.0464
837	0.479	0.23	0.164	0.0463
838	0.48	0.231	0.164	0.0463
839	0.48	0.231	0.164	0.0463
840	0.479	0.231	0.164	0.0463
841	0.479	0.23	0.164	0.0463
842	0.479	0.23	0.164	0.0463
843	0.479	0.23	0.164	0.0463
844	0.48	0.23	0.164	0.0463
845	0.48	0.231	0.164	0.0463
846	0.48	0.231	0.164	0.0464
847	0.48	0.23	0.164	0.0463
848	0.48	0.23	0.164	0.0464
849	0.479	0.23	0.164	0.0463
850	0.48	0.231	0.164	0.0464
851	0.48	0.23	0.164	0.0463
852	0.479	0.231	0.164	0.0464
853	0.48	0.23	0.164	0.0463
854	0.48	0.23	0.164	0.0463
855	0.48	0.23	0.164	0.0463
856	0.481	0.231	0.164	0.0464
857	0.48	0.23	0.164	0.0463
858	0.48	0.23	0.164	0.0464
859	0.481	0.23	0.164	0.0463
860	0.48	0.23	0.164	0.0463
861	0.481	0.23	0.164	0.0463
862	0.481	0.23	0.164	0.0463
863	0.48	0.23	0.164	0.0463
864	0.48	0.231	0.164	0.0463
865	0.481	0.23	0.164	0.0463
866	0.481	0.231	0.164	0.0463
867	0.48	0.231	0.164	0.0463
868	0.481	0.23	0.164	0.0463
869	0.481	0.23	0.164	0.0463
870	0.48	0.23	0.164	0.0463
871	0.481	0.23	0.164	0.0462
872	0.481	0.23	0.164	0.0463
873	0.48	0.23	0.164	0.0462
874	0.48	0.23	0.164	0.0462
875	0.48	0.23	0.164	0.0463
876	0.48	0.23	0.164	0.0462
877	0.481	0.23	0.164	0.0461
878	0.48	0.23	0.164	0.0462
879	0.48	0.23	0.164	0.0463
880	0.481	0.23	0.164	0.0462
881	0.481	0.23	0.164	0.0462
882	0.48	0.23	0.164	0.0462
883	0.481	0.23	0.164	0.0462
884	0.481	0.23	0.164	0.0462
885	0.481	0.23	0.164	0.0462
886	0.481	0.23	0.164	0.0463
887	0.481	0.23	0.164	0.0462
888	0.48	0.23	0.164	0.0462
889	0.481	0.23	0.164	0.0462
890	0.481	0.23	0.164	0.0462
891	0.481	0.23	0.164	0.0462
892	0.481	0.23	0.164	0.0462
893	0.481	0.23	0.164	0.0462
894	0.481	0.23	0.164	0.0462
895	0.481	0.23	0.164	0.0462
896	0.481	0.23	0.164	0.0462
897	0.481	0.23	0.164	0.0462
898	0.482	0.23	0.164	0.0462
899	0.482	0.23	0.164	0.0461
900	0.481	0.23	0.164	0.0462
901	0.481	0.23	0.164	0.0461
902	0.481	0.23	0.164	0.0462
903	0.481	0.23	0.164	0.0462
904	0.482	0.23	0.164	0.0461
905	0.481	0.23	0.164	0.0461
906	0.48	0.23	0.164	0.0462
907	0.482	0.23	0.164	0.0461
908	0.482	0.23	0.164	0.0461
909	0.481	0.23	0.164	0.0462
910	0.482	0.23	0.164	0.0461
911	0.482	0.23	0.164	0.0461
912	0.482	0.23	0.164	0.0461
913	0.482	0.23	0.164	0.0461
914	0.482	0.23	0.164	0.0461
915	0.482	0.23	0.164	0.0461
916	0.482	0.23	0.164	0.0462
917	0.482	0.23	0.164	0.0461
918	0.481	0.23	0.164	0.0461
919	0.482	0.23	0.164	0.0461
920	0.482	0.23	0.164	0.0462
921	0.481	0.23	0.164	0.0461
922	0.482	0.23	0.164	0.0461
923	0.482	0.23	0.164	0.0461
924	0.482	0.23	0.164	0.0461
925	0.482	0.23	0.164	0.0461
926	0.482	0.23	0.164	0.0461
927	0.482	0.23	0.164	0.0461
928	0.482	0.23	0.164	0.0461
929	0.482	0.23	0.164	0.0461
930	0.482	0.23	0.164	0.0461
931	0.482	0.23	0.164	0.0461
932	0.481	0.23	0.164	0.0461
933	0.482	0.23	0.164	0.0461
934	0.482	0.23	0.164	0.0461
935	0.482	0.23	0.164	0.0461
936	0.482	0.23	0.164	0.0461
937	0.483	0.23	0.164	0.0461
938	0.482	0.23	0.164	0.046
939	0.482	0.23	0.164	0.046
940	0.483	0.23	0.164	0.046
941	0.483	0.23	0.164	0.0461
942	0.483	0.23	0.164	0.046
943	0.483	0.23	0.164	0.046
944	0.483	0.23	0.164	0.046
945	0.483	0.23	0.164	0.046
946	0.483	0.23	0.164	0.046
947	0.483	0.23	0.164	0.046
948	0.483	0.23	0.164	0.046
949	0.484	0.23	0.164	0.046
950	0.484	0.23	0.164	0.0461
951	0.483	0.229	0.164	0.0459
952	0.484	0.229	0.164	0.046
953	0.483	0.23	0.164	0.046
954	0.483	0.23	0.164	0.046
955	0.484	0.23	0.164	0.046
956	0.483	0.23	0.164	0.046
957	0.483	0.23	0.164	0.046
958	0.484	0.23	0.164	0.046
959	0.484	0.23	0.164	0.046
960	0.484	0.23	0.164	0.046
961	0.484	0.23	0.164	0.046
962	0.483	0.23	0.164	0.046
963	0.483	0.229	0.164	0.046
964	0.484	0.23	0.164	0.046
965	0.483	0.23	0.164	0.046
966	0.483	0.23	0.164	0.046
967	0.484	0.23	0.164	0.046
968	0.484	0.23	0.164	0.046
969	0.483	0.23	0.164	0.0461
970	0.484	0.23	0.164	0.046
971	0.484	0.23	0.164	0.046
972	0.484	0.23	0.164	0.046
973	0.484	0.229	0.164	0.046
974	0.484	0.23	0.164	0.046
975	0.485	0.228	0.165	0.0456
976	0.485	0.226	0.166	0.0451
977	0.485	0.227	0.166	0.0453
978	0.485	0.227	0.165	0.0453
979	0.485	0.227	0.165	0.0453
980	0.485	0.227	0.165	0.0454
981	0.485	0.227	0.165	0.0452
982	0.486	0.227	0.165	0.0453
983	0.485	0.227	0.165	0.0454
984	0.485	0.227	0.165	0.0453
985	0.485	0.227	0.165	0.0454
986	0.485	0.228	0.165	0.0454
987	0.485	0.227	0.165	0.0454
988	0.486	0.227	0.165	0.0454
989	0.485	0.227	0.165	0.0454
990	0.485	0.227	0.165	0.0453
991	0.486	0.228	0.165	0.0454
992	0.485	0.227	0.165	0.0454
993	0.485	0.227	0.165	0.0454
994	0.486	0.227	0.165	0.0454
995	0.485	0.227	0.165	0.0454
996	0.485	0.227	0.165	0.0454
997	0.486	0.227	0.165	0.0454
998	0.485	0.227	0.165	0.0453
999	0.486	0.227	0.165	0.0454
1000	0.486	0.227	0.165	0.0454
1001	0.485	0.227	0.165	0.0454
1002	0.486	0.227	0.165	0.0454
1003	0.486	0.227	0.165	0.0454
1004	0.486	0.228	0.165	0.0454
1005	0.485	0.227	0.165	0.0454
1006	0.486	0.227	0.165	0.0453
1007	0.486	0.227	0.165	0.0454
1008	0.485	0.227	0.165	0.0454
1009	0.485	0.227	0.165	0.0453
1010	0.485	0.227	0.165	0.0454
1011	0.485	0.227	0.165	0.0454
1012	0.486	0.227	0.165	0.0454
1013	0.486	0.228	0.165	0.0454
1014	0.485	0.228	0.165	0.0454
1015	0.486	0.228	0.165	0.0454
1016	0.486	0.228	0.165	0.0454
1017	0.486	0.227	0.165	0.0454
1018	0.486	0.228	0.165	0.0454
1019	0.486	0.228	0.165	0.0454
1020	0.486	0.228	0.165	0.0455
1021	0.486	0.228	0.165	0.0454
1022	0.486	0.228	0.165	0.0455
1023	0.486	0.228	0.165	0.0454
1024	0.486	0.228	0.165	0.0454
1025	0.486	0.228	0.165	0.0454
1026	0.485	0.228	0.165	0.0454
1027	0.487	0.228	0.165	0.0454
1028	0.486	0.228	0.165	0.0454
1029	0.486	0.228	0.165	0.0455
1030	0.486	0.228	0.165	0.0455
1031	0.486	0.228	0.165	0.0455
1032	0.486	0.228	0.165	0.0455
1033	0.487	0.227	0.165	0.0454
1034	0.486	0.228	0.165	0.0455
1035	0.486	0.227	0.165	0.0454
1036	0.487	0.227	0.165	0.0454
1037	0.486	0.227	0.165	0.0454
1038	0.486	0.227	0.165	0.0454
1039	0.488	0.227	0.165	0.0454
1040	0.487	0.227	0.165	0.0455
1041	0.487	0.228	0.165	0.0455
1042	0.487	0.227	0.165	0.0454
1043	0.487	0.227	0.165	0.0454
1044	0.486	0.227	0.165	0.0454
1045	0.486	0.227	0.165	0.0454
1046	0.486	0.228	0.165	0.0454
1047	0.486	0.228	0.165	0.0454
1048	0.486	0.227	0.165	0.0454
1049	0.486	0.228	0.165	0.0454
1050	0.487	0.228	0.165	0.0455
1051	0.487	0.227	0.165	0.0454
1052	0.487	0.228	0.165	0.0454
1053	0.487	0.228	0.165	0.0454
1054	0.487	0.228	0.165	0.0455
1055	0.487	0.228	0.165	0.0454
1056	0.487	0.228	0.165	0.0454
1057	0.487	0.228	0.165	0.0454
1058	0.487	0.228	0.165	0.0454
1059	0.487	0.228	0.165	0.0455
1060	0.487	0.228	0.165	0.0454
1061	0.487	0.228	0.165	0.0455
1062	0.488	0.228	0.165	0.0455
1063	0.488	0.228	0.165	0.0455
1064	0.488	0.228	0.165	0.0454
1065	0.487	0.228	0.165	0.0454
1066	0.487	0.228	0.165	0.0455
1067	0.487	0.228	0.165	0.0454
1068	0.487	0.228	0.165	0.0455
1069	0.487	0.228	0.165	0.0455
1070	0.487	0.228	0.165	0.0455
1071	0.487	0.228	0.165	0.0455
1072	0.487	0.228	0.165	0.0454
1073	0.487	0.228	0.165	0.0455
1074	0.488	0.228	0.165	0.0454
1075	0.487	0.228	0.165	0.0454
1076	0.487	0.228	0.165	0.0455
1077	0.487	0.228	0.165	0.0455
1078	0.487	0.228	0.165	0.0454
1079	0.488	0.228	0.165	0.0455
1080	0.487	0.228	0.165	0.0455
1081	0.487	0.228	0.165	0.0454
1082	0.487	0.228	0.165	0.0455
1083	0.488	0.228	0.165	0.0455
1084	0.488	0.228	0.165	0.0454
1085	0.487	0.228	0.165	0.0455
1086	0.488	0.228	0.165	0.0455
1087	0.488	0.228	0.165	0.0455
1088	0.488	0.228	0.165	0.0455
1089	0.488	0.228	0.165	0.0455
1090	0.488	0.228	0.165	0.0455
1091	0.488	0.228	0.165	0.0455
1092	0.488	0.228	0.165	0.0454
1093	0.488	0.228	0.165	0.0455
1094	0.488	0.228	0.165	0.0455
1095	0.488	0.228	0.165	0.0455
1096	0.488	0.228	0.165	0.0455
1097	0.488	0.228	0.165	0.0455
1098	0.488	0.228	0.165	0.0455
1099	0.488	0.228	0.165	0.0455
1100	0.488	0.228	0.165	0.0455
1101	0.488	0.228	0.165	0.0455
1102	0.489	0.228	0.165	0.0454
1103	0.488	0.228	0.165	0.0455
1104	0.488	0.228	0.165	0.0455
1105	0.489	0.228	0.165	0.0454
1106	0.489	0.228	0.165	0.0454
1107	0.488	0.227	0.165	0.0454
1108	0.489	0.228	0.165	0.0454
1109	0.489	0.228	0.165	0.0454
1110	0.488	0.227	0.165	0.0454
1111	0.488	0.228	0.165	0.0454
1112	0.488	0.227	0.165	0.0454
1113	0.489	0.228	0.165	0.0455
1114	0.489	0.227	0.165	0.0454
1115	0.489	0.227	0.165	0.0454
1116	0.489	0.228	0.165	0.0454
1117	0.489	0.228	0.165	0.0454
1118	0.488	0.227	0.165	0.0454
1119	0.489	0.228	0.165	0.0454
1120	0.488	0.227	0.165	0.0454
1121	0.489	0.228	0.165	0.0454
1122	0.489	0.227	0.165	0.0454
1123	0.489	0.228	0.165	0.0454
1124	0.489	0.227	0.165	0.0454
1125	0.489	0.227	0.165	0.0454
1126	0.489	0.228	0.165	0.0454
1127	0.489	0.227	0.165	0.0454
1128	0.488	0.228	0.164	0.0454
1129	0.489	0.228	0.165	0.0455
1130	0.489	0.228	0.165	0.0455
1131	0.489	0.228	0.164	0.0454
1132	0.488	0.228	0.164	0.0454
1133	0.489	0.228	0.165	0.0454
1134	0.489	0.228	0.164	0.0454
1135	0.489	0.228	0.164	0.0454
1136	0.489	0.226	0.165	0.0449
1137	0.49	0.224	0.166	0.0446
1138	0.49	0.225	0.166	0.0447
1139	0.49	0.225	0.166	0.0447
1140	0.49	0.225	0.166	0.0447
1141	0.49	0.225	0.166	0.0448
1142	0.49	0.225	0.166	0.0448
1143	0.489	0.225	0.166	0.0447
1144	0.49	0.225	0.166	0.0448
1145	0.49	0.225	0.166	0.0448
1146	0.49	0.225	0.166	0.0448
1147	0.49	0.225	0.166	0.0448
1148	0.491	0.225	0.166	0.0448
1149	0.49	0.225	0.166	0.0448
1150	0.49	0.225	0.166	0.0448
1151	0.49	0.225	0.166	0.0448
1152	0.49	0.225	0.165	0.0448
1153	0.49	0.225	0.166	0.0448
1154	0.49	0.225	0.165	0.0448
1155	0.49	0.225	0.165	0.0448
1156	0.491	0.225	0.165	0.0449
1157	0.49	0.225	0.165	0.0448
1158	0.49	0.225	0.165	0.0449
1159	0.491	0.225	0.165	0.0448
1160	0.491	0.226	0.165	0.0449
1161	0.491	0.226	0.165	0.0449
1162	0.491	0.226	0.165	0.0449
1163	0.491	0.226	0.165	0.0449
1164	0.49	0.226	0.165	0.0449
1165	0.49	0.225	0.165	0.0449
1166	0.491	0.226	0.165	0.0449
1167	0.491	0.226	0.165	0.0449
1168	0.491	0.226	0.165	0.0449
1169	0.491	0.226	0.165	0.0449
1170	0.491	0.226	0.165	0.0449
1171	0.491	0.226	0.165	0.0449
1172	0.491	0.225	0.165	0.0449
1173	0.491	0.226	0.165	0.045
1174	0.491	0.225	0.165	0.0449
1175	0.491	0.225	0.165	0.0449
1176	0.491	0.226	0.165	0.0449
1177	0.491	0.226	0.165	0.0449
1178	0.491	0.226	0.165	0.0449
1179	0.491	0.226	0.165	0.0449
1180	0.491	0.225	0.165	0.0449
1181	0.491	0.226	0.165	0.045
1182	0.49	0.226	0.165	0.0449
1183	0.492	0.226	0.165	0.0449
1184	0.491	0.226	0.165	0.0449
1185	0.49	0.226	0.165	0.0449
1186	0.491	0.226	0.165	0.0449
1187	0.491	0.226	0.165	0.0449
1188	0.491	0.226	0.165	0.0449
1189	0.492	0.226	0.165	0.0449
1190	0.492	0.226	0.165	0.0449
1191	0.491	0.226	0.165	0.0449
1192	0.492	0.226	0.165	0.045
1193	0.492	0.226	0.165	0.045
1194	0.492	0.226	0.165	0.0449
1195	0.492	0.226	0.165	0.0449
1196	0.492	0.226	0.165	0.045
1197	0.492	0.226	0.165	0.0449
1198	0.492	0.226	0.165	0.0449
1199	0.492	0.226	0.165	0.0449
1200	0.492	0.226	0.165	0.045
1201	0.492	0.226	0.165	0.045
1202	0.492	0.226	0.165	0.0449
1203	0.491	0.226	0.165	0.045
1204	0.492	0.226	0.165	0.0449
1205	0.492	0.226	0.165	0.0449
1206	0.491	0.226	0.165	0.045
1207	0.492	0.225	0.165	0.0449
1208	0.492	0.226	0.165	0.0449
1209	0.492	0.226	0.165	0.0449
1210	0.493	0.226	0.165	0.0449
1211	0.492	0.225	0.165	0.0448
1212	0.492	0.226	0.165	0.0448
1213	0.492	0.225	0.165	0.0448
1214	0.493	0.226	0.165	0.0449
1215	0.492	0.226	0.165	0.0449
1216	0.492	0.225	0.165	0.0448
1217	0.493	0.226	0.165	0.0449
1218	0.492	0.226	0.165	0.0449
1219	0.492	0.225	0.165	0.0448
1220	0.492	0.225	0.165	0.0448
1221	0.492	0.225	0.165	0.0448
1222	0.492	0.226	0.165	0.0449
1223	0.492	0.225	0.165	0.0449
1224	0.492	0.225	0.165	0.0448
1225	0.493	0.225	0.165	0.0449
1226	0.492	0.225	0.165	0.0449
1227	0.492	0.225	0.165	0.0448
1228	0.493	0.225	0.165	0.0449
1229	0.492	0.225	0.165	0.0449
1230	0.492	0.225	0.165	0.0449
1231	0.493	0.225	0.165	0.0449
1232	0.492	0.225	0.165	0.0448
1233	0.493	0.226	0.165	0.0449
1234	0.493	0.225	0.165	0.0448
1235	0.493	0.225	0.165	0.0449
1236	0.493	0.225	0.165	0.0449
1237	0.493	0.225	0.165	0.0449
1238	0.493	0.225	0.165	0.0449
1239	0.493	0.225	0.165	0.0449
1240	0.494	0.225	0.165	0.0449
1241	0.493	0.225	0.165	0.0448
1242	0.492	0.225	0.165	0.0448
1243	0.493	0.225	0.165	0.0448
1244	0.493	0.225	0.165	0.0448
1245	0.493	0.225	0.165	0.0448
1246	0.493	0.225	0.165	0.0449
1247	0.493	0.225	0.165	0.0448
1248	0.493	0.225	0.165	0.0449
1249	0.494	0.225	0.165	0.0448
1250	0.493	0.225	0.165	0.0449
1251	0.493	0.225	0.165	0.0448
1252	0.493	0.225	0.165	0.0448
1253	0.493	0.225	0.165	0.0449
1254	0.493	0.225	0.165	0.0449
1255	0.494	0.225	0.165	0.0449
1256	0.493	0.225	0.165	0.0449
1257	0.493	0.225	0.165	0.0448
1258	0.494	0.225	0.165	0.0448
1259	0.493	0.225	0.165	0.0449
1260	0.493	0.225	0.165	0.0448
1261	0.494	0.225	0.165	0.0449
1262	0.494	0.225	0.165	0.0449
1263	0.493	0.225	0.165	0.0448
1264	0.494	0.225	0.165	0.0448
1265	0.494	0.225	0.165	0.0449
1266	0.493	0.225	0.165	0.0449
1267	0.494	0.225	0.165	0.0449
1268	0.493	0.225	0.165	0.0449
1269	0.493	0.225	0.165	0.0449
1270	0.494	0.225	0.165	0.0448
1271	0.494	0.225	0.165	0.0449
1272	0.493	0.224	0.166	0.0445
1273	0.494	0.222	0.167	0.0441
1274	0.494	0.222	0.166	0.0441
1275	0.494	0.223	0.166	0.0442
1276	0.494	0.223	0.166	0.0442
1277	0.494	0.223	0.166	0.0442
1278	0.494	0.223	0.166	0.0443
1279	0.494	0.223	0.166	0.0442
1280	0.494	0.223	0.166	0.0443
1281	0.494	0.223	0.166	0.0443
1282	0.494	0.223	0.166	0.0442
1283	0.494	0.223	0.166	0.0443
1284	0.494	0.223	0.166	0.0443
1285	0.495	0.223	0.166	0.0442
1286	0.495	0.223	0.166	0.0443
1287	0.495	0.223	0.166	0.0443
1288	0.495	0.223	0.166	0.0443
1289	0.495	0.223	0.166	0.0444
1290	0.495	0.223	0.166	0.0444
1291	0.495	0.223	0.166	0.0443
1292	0.495	0.223	0.166	0.0443
1293	0.495	0.223	0.166	0.0443
1294	0.495	0.223	0.166	0.0443
1295	0.495	0.223	0.166	0.0443
1296	0.495	0.223	0.166	0.0443
1297	0.495	0.224	0.166	0.0444
1298	0.495	0.223	0.166	0.0443
1299	0.495	0.223	0.166	0.0443
1300	0.496	0.223	0.166	0.0443
1301	0.495	0.224	0.166	0.0444
1302	0.495	0.223	0.166	0.0444
1303	0.496	0.223	0.166	0.0443
1304	0.496	0.223	0.166	0.0443
1305	0.495	0.223	0.166	0.0443
1306	0.496	0.223	0.166	0.0443
1307	0.496	0.223	0.166	0.0443
1308	0.495	0.223	0.166	0.0443
1309	0.496	0.223	0.166	0.0443
1310	0.496	0.223	0.166	0.0444
1311	0.495	0.223	0.166	0.0443
1312	0.496	0.223	0.166	0.0443
1313	0.496	0.223	0.166	0.0443
1314	0.495	0.223	0.166	0.0443
1315	0.495	0.223	0.166	0.0444
1316	0.495	0.224	0.166	0.0444
1317	0.495	0.224	0.166	0.0444
1318	0.496	0.224	0.166	0.0444
1319	0.496	0.224	0.166	0.0444
1320	0.495	0.223	0.166	0.0444
1321	0.496	0.223	0.166	0.0444
1322	0.495	0.223	0.166	0.0444
1323	0.495	0.223	0.166	0.0444
1324	0.496	0.224	0.166	0.0444
1325	0.496	0.223	0.166	0.0444
1326	0.495	0.223	0.166	0.0443
1327	0.496	0.224	0.166	0.0443
1328	0.496	0.224	0.166	0.0444
1329	0.496	0.224	0.166	0.0444
1330	0.496	0.223	0.166	0.0444
1331	0.496	0.223	0.166	0.0444
1332	0.496	0.223	0.166	0.0444
1333	0.496	0.223	0.166	0.0444
1334	0.497	0.224	0.166	0.0444
1335	0.496	0.224	0.166	0.0444
1336	0.496	0.224	0.166	0.0444
1337	0.496	0.224	0.166	0.0444
1338	0.496	0.223	0.166	0.0443
1339	0.497	0.223	0.166	0.0444
1340	0.496	0.223	0.166	0.0443
1341	0.496	0.224	0.166	0.0443
1342	0.497	0.223	0.166	0.0444
1343	0.496	0.224	0.166	0.0444
1344	0.496	0.223	0.166	0.0443
1345	0.496	0.223	0.166	0.0443
1346	0.496	0.224	0.166	0.0444
1347	0.496	0.223	0.166	0.0444
1348	0.497	0.223	0.166	0.0444
1349	0.496	0.223	0.166	0.0444
1350	0.496	0.223	0.166	0.0443
1351	0.497	0.223	0.166	0.0444
1352	0.497	0.223	0.166	0.0444
1353	0.497	0.223	0.166	0.0444
1354	0.497	0.224	0.166	0.0444
1355	0.496	0.223	0.166	0.0444
1356	0.496	0.223	0.166	0.0444
1357	0.497	0.224	0.166	0.0444
1358	0.497	0.224	0.166	0.0444
1359	0.497	0.223	0.166	0.0444
1360	0.497	0.224	0.166	0.0444
1361	0.497	0.224	0.166	0.0445
1362	0.496	0.223	0.166	0.0444
1363	0.497	0.223	0.166	0.0444
1364	0.497	0.224	0.165	0.0444
1365	0.496	0.224	0.166	0.0444
1366	0.497	0.224	0.166	0.0444
1367	0.496	0.224	0.166	0.0444
1368	0.496	0.223	0.166	0.0444
1369	0.497	0.223	0.166	0.0444
1370	0.496	0.223	0.166	0.0444
1371	0.496	0.224	0.166	0.0444
1372	0.497	0.223	0.166	0.0444
1373	0.496	0.223	0.166	0.0444
1374	0.496	0.223	0.166	0.0444
1375	0.497	0.223	0.166	0.0444
1376	0.497	0.223	0.166	0.0444
1377	0.497	0.223	0.166	0.0444
1378	0.498	0.223	0.166	0.0444
1379	0.497	0.224	0.166	0.0445
1380	0.497	0.223	0.166	0.0444
1381	0.497	0.223	0.166	0.0444
1382	0.497	0.223	0.166	0.0444
1383	0.497	0.224	0.166	0.0445
1384	0.497	0.223	0.166	0.0444
1385	0.497	0.224	0.165	0.0444
1386	0.498	0.224	0.165	0.0445
1387	0.498	0.224	0.165	0.0444
1388	0.497	0.224	0.165	0.0445
1389	0.497	0.224	0.165	0.0444
1390	0.498	0.224	0.165	0.0445
1391	0.497	0.224	0.165	0.0445
1392	0.497	0.224	0.165	0.0444
1393	0.498	0.223	0.166	0.0444
1394	0.498	0.224	0.166	0.0444
1395	0.498	0.223	0.165	0.0444
1396	0.498	0.223	0.165	0.0444
1397	0.498	0.224	0.165	0.0444
1398	0.497	0.223	0.166	0.0444
1399	0.498	0.223	0.166	0.0444
1400	0.498	0.224	0.166	0.0445
1401	0.498	0.223	0.166	0.0444
1402	0.497	0.223	0.165	0.0444
1403	0.498	0.223	0.165	0.0444
1404	0.498	0.223	0.166	0.0444
1405	0.498	0.223	0.166	0.0444
1406	0.497	0.223	0.165	0.0444
1407	0.498	0.223	0.165	0.0444
1408	0.498	0.223	0.165	0.0444
1409	0.497	0.224	0.165	0.0444
1410	0.498	0.223	0.165	0.0444
1411	0.498	0.223	0.165	0.0444
1412	0.498	0.223	0.165	0.0443
1413	0.498	0.223	0.165	0.0444
1414	0.498	0.223	0.165	0.0444
1415	0.497	0.223	0.165	0.0444
1416	0.497	0.223	0.165	0.0444
1417	0.498	0.223	0.166	0.0444
1418	0.498	0.223	0.165	0.0444
1419	0.498	0.223	0.165	0.0444
1420	0.498	0.223	0.165	0.0444
1421	0.498	0.223	0.165	0.0444
1422	0.498	0.223	0.165	0.0444
1423	0.498	0.223	0.165	0.0444
1424	0.498	0.223	0.165	0.0444
1425	0.498	0.223	0.165	0.0444
1426	0.497	0.223	0.165	0.0444
1427	0.498	0.223	0.165	0.0444
1428	0.498	0.223	0.165	0.0444
1429	0.498	0.223	0.165	0.0444
1430	0.498	0.223	0.165	0.0444
1431	0.498	0.223	0.165	0.0444
1432	0.498	0.223	0.165	0.0444
1433	0.498	0.223	0.165	0.0444
1434	0.498	0.223	0.165	0.0444
1435	0.498	0.223	0.165	0.0444
1436	0.498	0.223	0.165	0.0444
1437	0.498	0.223	0.165	0.0444
1438	0.498	0.223	0.165	0.0443
1439	0.498	0.223	0.165	0.0444
1440	0.498	0.223	0.165	0.0444
1441	0.498	0.223	0.165	0.0444
1442	0.498	0.223	0.165	0.0444
1443	0.498	0.223	0.165	0.0444
1444	0.498	0.223	0.165	0.0444
1445	0.499	0.224	0.165	0.0445
1446	0.499	0.222	0.166	0.044
1447	0.498	0.22	0.167	0.0436
1448	0.498	0.22	0.167	0.0437
1449	0.499	0.221	0.167	0.0438
1450	0.498	0.221	0.166	0.0438
1451	0.499	0.221	0.166	0.0438
1452	0.499	0.221	0.166	0.0438
1453	0.499	0.221	0.166	0.0438
1454	0.499	0.221	0.166	0.0439
1455	0.499	0.221	0.166	0.0438
1456	0.499	0.221	0.166	0.0438
1457	0.499	0.221	0.166	0.0439
1458	0.499	0.221	0.166	0.0439
1459	0.499	0.221	0.166	0.0439
1460	0.499	0.221	0.166	0.0439
1461	0.499	0.221	0.166	0.0439
1462	0.499	0.221	0.166	0.0439
1463	0.5	0.221	0.166	0.0439
1464	0.5	0.221	0.166	0.0439
1465	0.5	0.221	0.166	0.044
1466	0.5	0.221	0.166	0.044
1467	0.5	0.221	0.166	0.044
1468	0.499	0.221	0.166	0.0439
1469	0.5	0.221	0.166	0.0439
1470	0.5	0.221	0.166	0.0439
1471	0.5	0.221	0.166	0.0439
1472	0.5	0.221	0.166	0.0439
1473	0.5	0.222	0.166	0.044
1474	0.5	0.222	0.166	0.044
1475	0.5	0.222	0.166	0.044
1476	0.5	0.222	0.166	0.044
1477	0.5	0.221	0.166	0.044
1478	0.5	0.221	0.166	0.0439
1479	0.5	0.221	0.166	0.0439
1480	0.5	0.222	0.166	0.0439
1481	0.5	0.221	0.166	0.0439
1482	0.5	0.222	0.166	0.0439
1483	0.5	0.222	0.166	0.0439
1484	0.5	0.222	0.166	0.0439
1485	0.5	0.221	0.166	0.0439
1486	0.5	0.221	0.166	0.0439
1487	0.5	0.221	0.166	0.0439
1488	0.5	0.221	0.166	0.0439
1489	0.5	0.221	0.166	0.0439
1490	0.5	0.221	0.166	0.0439
1491	0.5	0.222	0.166	0.0439
1492	0.5	0.222	0.166	0.0439
1493	0.5	0.222	0.166	0.044
1494	0.501	0.222	0.166	0.0439
1495	0.5	0.221	0.166	0.0439
1496	0.5	0.221	0.166	0.0439
1497	0.5	0.222	0.166	0.0439
1498	0.5	0.221	0.166	0.0439
1499	0.5	0.221	0.166	0.0439
1500	0.5	0.221	0.166	0.0439
1501	0.5	0.221	0.166	0.0439
1502	0.5	0.221	0.166	0.0439
1503	0.5	0.221	0.166	0.0439
1504	0.5	0.222	0.166	0.044
1505	0.5	0.221	0.166	0.0439
1506	0.501	0.221	0.166	0.044
1507	0.501	0.221	0.166	0.044
1508	0.5	0.222	0.166	0.044
1509	0.501	0.222	0.166	0.044
1510	0.501	0.221	0.166	0.0439
1511	0.5	0.222	0.166	0.044
1512	0.501	0.222	0.166	0.044
1513	0.5	0.221	0.166	0.044
1514	0.501	0.221	0.166	0.0439
1515	0.501	0.222	0.166	0.0439
1516	0.501	0.222	0.166	0.0439
1517	0.5	0.221	0.166	0.0439
1518	0.5	0.221	0.166	0.0439
1519	0.5	0.221	0.166	0.0439
1520	0.501	0.221	0.166	0.044
1521	0.501	0.222	0.166	0.0439
1522	0.5	0.221	0.166	0.0439
1523	0.5	0.222	0.166	0.044
1524	0.5	0.221	0.166	0.0439
1525	0.5	0.221	0.166	0.0439
1526	0.501	0.222	0.166	0.044
1527	0.501	0.222	0.166	0.044
1528	0.501	0.222	0.166	0.044
1529	0.501	0.222	0.166	0.0439
1530	0.501	0.222	0.166	0.044
1531	0.501	0.221	0.166	0.0439
1532	0.501	0.222	0.166	0.044
1533	0.501	0.222	0.166	0.044
1534	0.501	0.222	0.166	0.044
1535	0.501	0.222	0.166	0.044
1536	0.501	0.222	0.166	0.044
1537	0.501	0.222	0.166	0.044
1538	0.501	0.222	0.166	0.044
1539	0.501	0.222	0.166	0.044
1540	0.501	0.222	0.166	0.044
1541	0.501	0.222	0.166	0.044
1542	0.501	0.221	0.166	0.044
1543	0.501	0.222	0.166	0.044
1544	0.501	0.221	0.166	0.0439
1545	0.501	0.221	0.166	0.044
1546	0.501	0.221	0.166	0.0439
1547	0.502	0.221	0.166	0.044
1548	0.502	0.221	0.166	0.044
1549	0.502	0.222	0.166	0.044
1550	0.502	0.222	0.166	0.044
1551	0.501	0.222	0.166	0.044
1552	0.501	0.222	0.166	0.044
1553	0.502	0.222	0.166	0.044
1554	0.501	0.221	0.166	0.0439
1555	0.501	0.222	0.166	0.044
1556	0.502	0.222	0.166	0.044
1557	0.501	0.222	0.166	0.044
1558	0.501	0.222	0.166	0.044
1559	0.502	0.221	0.166	0.044
1560	0.501	0.222	0.166	0.044
1561	0.501	0.222	0.166	0.044
1562	0.502	0.222	0.166	0.0439
1563	0.501	0.222	0.166	0.044
1564	0.501	0.222	0.166	0.044
1565	0.502	0.221	0.166	0.0439
1566	0.501	0.221	0.166	0.0439
1567	0.501	0.222	0.166	0.044
1568	0.502	0.221	0.166	0.044
1569	0.501	0.221	0.166	0.0439
1570	0.502	0.222	0.166	0.044
1571	0.502	0.221	0.166	0.0439
1572	0.502	0.221	0.166	0.044
1573	0.501	0.222	0.166	0.044
1574	0.502	0.221	0.166	0.044
1575	0.502	0.222	0.166	0.044
1576	0.502	0.222	0.166	0.044
1577	0.502	0.221	0.166	0.0439
1578	0.502	0.221	0.166	0.044
1579	0.502	0.221	0.166	0.044
1580	0.502	0.221	0.166	0.0439
1581	0.502	0.221	0.166	0.044
1582	0.501	0.221	0.166	0.0439
1583	0.502	0.221	0.166	0.0439
1584	0.502	0.221	0.166	0.0439
1585	0.502	0.222	0.166	0.044
1586	0.502	0.221	0.166	0.0439
1587	0.502	0.222	0.166	0.044
1588	0.502	0.221	0.166	0.044
1589	0.502	0.221	0.166	0.044
1590	0.502	0.221	0.166	0.0439
1591	0.502	0.221	0.166	0.0439
1592	0.503	0.221	0.166	0.0439
1593	0.503	0.221	0.166	0.044
1594	0.502	0.221	0.166	0.0439
1595	0.502	0.221	0.166	0.0439
