Iteration	ValueMean	ValueStddev	DerivMean	DerivStddev
3	0.00329	0.558	0.629	0.296
4	0.0187	0.551	0.648	0.276
5	0.0241	0.52	0.652	0.251
6	0.0208	0.499	0.669	0.24
7	0.018	0.485	0.673	0.229
8	0.0186	0.483	0.674	0.227
9	0.0182	0.482	0.674	0.225
10	0.0183	0.478	0.675	0.224
11	0.0198	0.477	0.674	0.223
12	0.0215	0.476	0.673	0.222
13	0.0231	0.475	0.673	0.222
14	0.0242	0.473	0.673	0.221
15	0.0258	0.474	0.672	0.222
16	0.0252	0.474	0.671	0.222
17	0.0241	0.472	0.671	0.22
18	0.0263	0.471	0.671	0.22
19	0.0275	0.47	0.671	0.22
20	0.0275	0.469	0.671	0.219
21	0.0275	0.469	0.67	0.219
22	0.0268	0.469	0.67	0.219
23	0.0267	0.469	0.669	0.22
24	0.0272	0.468	0.669	0.22
25	0.0265	0.468	0.669	0.219
26	0.0258	0.469	0.67	0.219
27	0.0261	0.467	0.669	0.219
28	0.0258	0.468	0.669	0.22
29	0.0262	0.467	0.669	0.219
30	0.027	0.467	0.668	0.219
31	0.0271	0.468	0.668	0.22
32	0.0281	0.468	0.668	0.22
33	0.0281	0.467	0.669	0.219
34	0.0271	0.468	0.669	0.22
35	0.027	0.467	0.669	0.22
36	0.0275	0.467	0.669	0.22
37	0.027	0.467	0.669	0.22
38	0.0262	0.467	0.669	0.22
39	0.0252	0.465	0.67	0.219
40	0.0251	0.465	0.67	0.218
41	0.0253	0.465	0.67	0.219
42	0.0254	0.465	0.67	0.219
43	0.0251	0.466	0.67	0.219
44	0.0253	0.465	0.671	0.219
45	0.0257	0.465	0.67	0.219
46	0.0261	0.465	0.67	0.22
47	0.0257	0.465	0.671	0.219
48	0.0256	0.465	0.67	0.219
49	0.0253	0.465	0.67	0.219
50	0.0248	0.464	0.671	0.219
51	0.0243	0.463	0.671	0.218
52	0.0241	0.463	0.672	0.219
53	0.024	0.464	0.672	0.219
54	0.0239	0.464	0.672	0.219
55	0.0246	0.464	0.672	0.219
56	0.0251	0.465	0.672	0.22
57	0.0246	0.465	0.671	0.221
58	0.0242	0.464	0.672	0.22
59	0.0239	0.464	0.672	0.219
60	0.0236	0.463	0.673	0.219
61	0.0234	0.463	0.673	0.219
62	0.0239	0.462	0.674	0.22
63	0.0245	0.461	0.675	0.219
64	0.0245	0.461	0.675	0.219
65	0.0245	0.462	0.675	0.22
66	0.0245	0.461	0.675	0.22
67	0.0245	0.461	0.676	0.22
68	0.0236	0.461	0.675	0.22
69	0.0239	0.46	0.677	0.219
70	0.023	0.46	0.677	0.219
71	0.0239	0.461	0.676	0.22
72	0.0232	0.461	0.676	0.22
73	0.023	0.46	0.677	0.22
74	0.0228	0.461	0.677	0.22
75	0.0233	0.461	0.677	0.22
76	0.0232	0.461	0.677	0.22
77	0.023	0.46	0.678	0.219
78	0.0236	0.46	0.678	0.22
79	0.0236	0.46	0.678	0.22
80	0.0241	0.459	0.679	0.22
81	0.0241	0.459	0.68	0.22
82	0.0239	0.459	0.679	0.22
83	0.0235	0.458	0.68	0.22
84	0.0237	0.458	0.68	0.219
85	0.0237	0.458	0.68	0.22
86	0.0235	0.458	0.681	0.219
87	0.023	0.457	0.682	0.219
88	0.0229	0.456	0.683	0.219
89	0.0231	0.457	0.682	0.22
90	0.0231	0.457	0.682	0.219
91	0.0227	0.456	0.683	0.219
92	0.0223	0.456	0.683	0.219
93	0.0215	0.456	0.683	0.22
94	0.0217	0.457	0.683	0.22
95	0.0212	0.457	0.683	0.22
96	0.0214	0.456	0.684	0.22
97	0.0213	0.457	0.684	0.22
98	0.0212	0.457	0.684	0.221
99	0.0217	0.455	0.686	0.219
100	0.0215	0.456	0.685	0.22
101	0.0215	0.455	0.685	0.22
102	0.0218	0.456	0.686	0.22
103	0.0221	0.455	0.686	0.221
104	0.0218	0.456	0.686	0.221
105	0.0226	0.456	0.686	0.221
106	0.0223	0.456	0.686	0.221
107	0.0221	0.456	0.686	0.221
108	0.022	0.456	0.687	0.221
109	0.0223	0.455	0.687	0.22
110	0.0227	0.455	0.687	0.221
111	0.0233	0.454	0.688	0.22
112	0.0229	0.454	0.688	0.22
113	0.0231	0.454	0.689	0.22
114	0.0238	0.454	0.689	0.22
115	0.0232	0.452	0.69	0.22
116	0.0229	0.453	0.689	0.22
117	0.0232	0.453	0.69	0.22
118	0.0231	0.453	0.69	0.22
119	0.0233	0.453	0.69	0.22
120	0.0231	0.452	0.691	0.219
121	0.0232	0.452	0.691	0.219
122	0.0231	0.452	0.691	0.22
123	0.0235	0.452	0.691	0.22
124	0.0239	0.453	0.691	0.22
125	0.0231	0.453	0.691	0.22
126	0.0227	0.452	0.692	0.22
127	0.0235	0.451	0.693	0.219
128	0.0235	0.451	0.692	0.22
129	0.0228	0.452	0.693	0.22
130	0.0229	0.451	0.693	0.22
131	0.0227	0.451	0.693	0.22
132	0.0228	0.451	0.694	0.22
133	0.0231	0.45	0.695	0.22
134	0.0228	0.45	0.694	0.221
135	0.0225	0.45	0.695	0.22
136	0.0225	0.45	0.695	0.22
137	0.0222	0.45	0.695	0.221
138	0.0231	0.449	0.696	0.22
139	0.0224	0.448	0.697	0.219
140	0.0226	0.449	0.697	0.22
141	0.0229	0.448	0.697	0.219
142	0.0223	0.448	0.697	0.22
143	0.0226	0.449	0.697	0.22
144	0.022	0.448	0.698	0.22
145	0.0216	0.447	0.699	0.219
146	0.0209	0.448	0.699	0.22
147	0.0212	0.447	0.699	0.22
148	0.0216	0.447	0.7	0.22
149	0.0219	0.447	0.699	0.22
150	0.0212	0.446	0.7	0.22
151	0.0215	0.446	0.701	0.22
152	0.0218	0.446	0.701	0.22
153	0.0225	0.445	0.702	0.219
154	0.0224	0.445	0.701	0.219
155	0.0216	0.445	0.702	0.219
156	0.0218	0.444	0.702	0.219
157	0.0223	0.444	0.703	0.219
158	0.0221	0.445	0.703	0.219
159	0.0222	0.444	0.704	0.219
160	0.0218	0.443	0.703	0.219
161	0.0221	0.444	0.704	0.219
162	0.022	0.443	0.704	0.218
163	0.0221	0.443	0.704	0.219
164	0.0226	0.442	0.705	0.219
165	0.0225	0.442	0.706	0.218
166	0.0227	0.442	0.706	0.219
167	0.0223	0.442	0.706	0.219
168	0.0221	0.441	0.706	0.219
169	0.022	0.442	0.706	0.22
170	0.0222	0.442	0.706	0.22
171	0.0229	0.442	0.707	0.22
172	0.0227	0.442	0.707	0.22
173	0.0225	0.442	0.707	0.22
174	0.0226	0.442	0.707	0.22
175	0.0225	0.441	0.708	0.22
176	0.0221	0.442	0.708	0.22
177	0.022	0.441	0.709	0.22
178	0.0223	0.44	0.71	0.22
179	0.0223	0.44	0.709	0.22
180	0.0221	0.44	0.709	0.22
181	0.0221	0.44	0.709	0.221
182	0.0215	0.441	0.709	0.221
183	0.021	0.441	0.709	0.221
184	0.0215	0.44	0.709	0.221
185	0.0217	0.44	0.709	0.221
186	0.0223	0.44	0.71	0.221
187	0.0218	0.438	0.711	0.22
188	0.0219	0.438	0.712	0.22
189	0.0218	0.439	0.711	0.22
190	0.0218	0.439	0.711	0.221
191	0.0214	0.438	0.711	0.22
192	0.0215	0.438	0.712	0.221
193	0.0215	0.438	0.713	0.22
194	0.0216	0.438	0.712	0.22
195	0.0214	0.437	0.712	0.22
196	0.021	0.437	0.713	0.22
197	0.0207	0.437	0.713	0.22
198	0.0209	0.437	0.713	0.22
199	0.0208	0.437	0.713	0.22
200	0.0211	0.437	0.713	0.22
201	0.021	0.437	0.714	0.221
202	0.0211	0.436	0.714	0.22
203	0.021	0.436	0.714	0.22
204	0.0206	0.436	0.715	0.22
205	0.021	0.435	0.715	0.22
206	0.0212	0.435	0.715	0.22
207	0.0209	0.436	0.715	0.221
208	0.0211	0.435	0.715	0.22
209	0.0208	0.435	0.715	0.22
210	0.0208	0.435	0.716	0.22
211	0.0205	0.435	0.716	0.22
212	0.0207	0.434	0.717	0.219
213	0.0206	0.433	0.717	0.219
214	0.0208	0.434	0.717	0.219
215	0.021	0.433	0.717	0.219
216	0.0209	0.434	0.717	0.22
217	0.0208	0.434	0.718	0.22
218	0.0208	0.433	0.718	0.22
219	0.0211	0.433	0.718	0.22
220	0.0211	0.433	0.718	0.219
221	0.0213	0.432	0.719	0.22
222	0.0208	0.432	0.719	0.219
223	0.0214	0.431	0.72	0.219
224	0.0213	0.431	0.72	0.219
225	0.0216	0.432	0.72	0.219
226	0.0212	0.431	0.72	0.219
227	0.0214	0.431	0.721	0.219
228	0.0211	0.43	0.721	0.219
229	0.021	0.43	0.722	0.219
230	0.0213	0.429	0.722	0.219
231	0.021	0.429	0.722	0.219
232	0.0209	0.43	0.722	0.219
233	0.0206	0.43	0.722	0.22
234	0.021	0.43	0.722	0.219
235	0.0209	0.429	0.723	0.219
236	0.0206	0.429	0.722	0.219
237	0.0203	0.429	0.723	0.219
238	0.0206	0.429	0.723	0.219
239	0.0203	0.428	0.724	0.219
240	0.0205	0.428	0.724	0.219
241	0.0197	0.428	0.724	0.219
242	0.0202	0.427	0.725	0.218
243	0.0202	0.428	0.725	0.218
244	0.0202	0.427	0.725	0.218
245	0.0201	0.427	0.725	0.218
246	0.0209	0.426	0.726	0.218
247	0.0208	0.426	0.726	0.218
248	0.0207	0.426	0.726	0.218
249	0.0208	0.427	0.726	0.219
250	0.0206	0.426	0.726	0.218
251	0.0202	0.427	0.726	0.219
252	0.0208	0.427	0.726	0.219
253	0.0209	0.426	0.726	0.219
254	0.0204	0.426	0.727	0.219
255	0.0201	0.426	0.727	0.219
256	0.0206	0.426	0.727	0.218
257	0.0205	0.426	0.727	0.219
258	0.0205	0.426	0.727	0.219
259	0.0208	0.425	0.728	0.218
260	0.0203	0.425	0.728	0.218
261	0.021	0.425	0.728	0.218
262	0.021	0.424	0.729	0.217
263	0.021	0.424	0.729	0.218
264	0.0205	0.424	0.729	0.218
265	0.0201	0.423	0.729	0.217
266	0.0206	0.423	0.729	0.218
267	0.0203	0.424	0.729	0.219
268	0.0203	0.423	0.73	0.218
269	0.0203	0.423	0.73	0.218
270	0.0206	0.424	0.73	0.219
271	0.0203	0.423	0.73	0.218
272	0.0206	0.424	0.73	0.219
273	0.0206	0.424	0.73	0.219
274	0.021	0.423	0.73	0.219
275	0.0213	0.422	0.731	0.219
276	0.0212	0.422	0.731	0.218
277	0.0213	0.421	0.732	0.217
278	0.0214	0.422	0.732	0.218
279	0.0216	0.421	0.732	0.218
280	0.0217	0.421	0.733	0.218
281	0.0215	0.421	0.732	0.218
282	0.0215	0.421	0.733	0.218
283	0.0212	0.42	0.733	0.217
284	0.0211	0.42	0.734	0.218
285	0.0211	0.42	0.733	0.218
286	0.0211	0.421	0.733	0.218
287	0.0214	0.421	0.733	0.218
288	0.0208	0.421	0.733	0.218
289	0.0215	0.42	0.733	0.218
290	0.021	0.42	0.733	0.218
291	0.0209	0.42	0.734	0.218
292	0.0208	0.42	0.734	0.218
293	0.0205	0.42	0.734	0.218
294	0.0205	0.42	0.734	0.218
295	0.0203	0.42	0.734	0.218
296	0.0204	0.419	0.735	0.218
297	0.0205	0.419	0.735	0.217
298	0.0205	0.419	0.735	0.218
299	0.0207	0.419	0.735	0.218
300	0.0205	0.419	0.735	0.218
301	0.0205	0.418	0.736	0.218
302	0.0208	0.418	0.737	0.217
303	0.0211	0.418	0.736	0.218
304	0.0211	0.418	0.737	0.217
305	0.0212	0.417	0.737	0.218
306	0.0209	0.417	0.737	0.217
307	0.0207	0.417	0.737	0.218
308	0.0208	0.417	0.738	0.217
309	0.0205	0.417	0.737	0.218
310	0.0204	0.417	0.738	0.218
311	0.0205	0.416	0.738	0.217
312	0.0203	0.416	0.738	0.217
313	0.0203	0.417	0.738	0.218
314	0.0201	0.416	0.738	0.217
315	0.0204	0.417	0.738	0.218
316	0.0207	0.416	0.738	0.217
317	0.0206	0.416	0.738	0.217
318	0.0201	0.417	0.738	0.218
319	0.0197	0.416	0.738	0.218
320	0.0193	0.416	0.738	0.218
321	0.0193	0.416	0.739	0.217
322	0.0193	0.416	0.739	0.218
323	0.0196	0.416	0.739	0.217
324	0.0198	0.416	0.739	0.218
325	0.0194	0.416	0.739	0.218
326	0.0194	0.416	0.739	0.218
327	0.0197	0.416	0.739	0.218
328	0.0198	0.416	0.739	0.218
329	0.0196	0.415	0.74	0.217
330	0.0193	0.415	0.74	0.218
331	0.0195	0.415	0.74	0.218
332	0.0196	0.415	0.74	0.217
333	0.0194	0.415	0.74	0.217
334	0.0192	0.415	0.74	0.218
335	0.019	0.415	0.74	0.218
336	0.0191	0.415	0.74	0.218
337	0.019	0.415	0.74	0.218
338	0.0186	0.414	0.741	0.218
339	0.0182	0.414	0.741	0.218
340	0.018	0.414	0.741	0.217
341	0.018	0.414	0.741	0.218
342	0.0183	0.414	0.741	0.218
343	0.0186	0.413	0.741	0.217
344	0.0186	0.413	0.742	0.217
345	0.0185	0.413	0.742	0.217
346	0.0184	0.413	0.742	0.217
347	0.0186	0.413	0.742	0.217
348	0.0186	0.412	0.742	0.217
349	0.0183	0.412	0.743	0.217
350	0.0182	0.412	0.743	0.216
351	0.0183	0.411	0.744	0.217
352	0.0185	0.411	0.743	0.216
353	0.0184	0.411	0.744	0.217
354	0.0188	0.411	0.744	0.217
355	0.0184	0.411	0.744	0.216
356	0.0186	0.411	0.745	0.216
357	0.0184	0.411	0.745	0.216
358	0.0182	0.411	0.744	0.217
359	0.0183	0.411	0.745	0.217
360	0.0185	0.411	0.745	0.217
361	0.0186	0.411	0.745	0.217
362	0.0182	0.411	0.744	0.217
363	0.0189	0.411	0.745	0.218
364	0.0187	0.411	0.745	0.217
365	0.0186	0.411	0.744	0.218
366	0.0182	0.411	0.745	0.218
367	0.018	0.41	0.745	0.217
368	0.0182	0.41	0.745	0.217
369	0.0181	0.41	0.745	0.217
370	0.0176	0.41	0.746	0.217
371	0.0177	0.41	0.746	0.217
372	0.0179	0.41	0.746	0.217
373	0.0181	0.409	0.746	0.217
374	0.0182	0.409	0.746	0.217
375	0.0183	0.409	0.746	0.218
376	0.0182	0.409	0.747	0.217
377	0.0182	0.409	0.747	0.217
378	0.0182	0.409	0.747	0.217
379	0.0177	0.409	0.747	0.217
380	0.0183	0.409	0.747	0.218
381	0.0183	0.409	0.747	0.218
382	0.0182	0.41	0.747	0.218
383	0.0188	0.409	0.747	0.218
384	0.0184	0.409	0.747	0.217
385	0.0181	0.409	0.747	0.217
386	0.0184	0.408	0.748	0.217
387	0.0183	0.408	0.748	0.217
388	0.0184	0.408	0.748	0.217
389	0.0186	0.407	0.749	0.217
390	0.0187	0.407	0.749	0.216
391	0.0188	0.407	0.749	0.216
392	0.0189	0.406	0.749	0.216
393	0.0185	0.407	0.749	0.216
394	0.0185	0.407	0.749	0.216
395	0.0186	0.406	0.749	0.216
396	0.0187	0.406	0.75	0.216
397	0.0187	0.406	0.75	0.216
398	0.0187	0.406	0.75	0.216
399	0.0186	0.406	0.75	0.216
400	0.0183	0.406	0.75	0.216
401	0.0183	0.406	0.75	0.216
402	0.0185	0.406	0.75	0.216
403	0.0182	0.406	0.751	0.216
404	0.018	0.405	0.751	0.216
405	0.0181	0.405	0.751	0.216
406	0.0183	0.406	0.751	0.216
407	0.0186	0.405	0.751	0.216
408	0.0184	0.405	0.751	0.216
409	0.0184	0.405	0.751	0.216
410	0.0184	0.405	0.751	0.216
411	0.0187	0.405	0.752	0.216
412	0.0188	0.404	0.752	0.215
413	0.0183	0.404	0.752	0.216
414	0.0186	0.404	0.752	0.216
415	0.0183	0.404	0.752	0.216
416	0.0181	0.404	0.752	0.216
417	0.0181	0.404	0.752	0.216
418	0.018	0.404	0.753	0.216
419	0.0179	0.403	0.753	0.216
420	0.018	0.404	0.753	0.216
421	0.0181	0.404	0.753	0.216
422	0.0185	0.404	0.753	0.216
423	0.0189	0.404	0.753	0.216
424	0.0186	0.403	0.753	0.216
425	0.0181	0.404	0.753	0.216
426	0.0182	0.403	0.753	0.216
427	0.0186	0.403	0.753	0.216
428	0.019	0.403	0.753	0.216
429	0.0194	0.403	0.753	0.216
430	0.0191	0.403	0.754	0.216
431	0.019	0.403	0.754	0.216
432	0.0191	0.403	0.754	0.216
433	0.0192	0.403	0.754	0.216
434	0.0188	0.403	0.754	0.216
435	0.0184	0.403	0.754	0.216
436	0.0183	0.402	0.755	0.216
437	0.0188	0.402	0.754	0.216
438	0.0187	0.402	0.754	0.216
439	0.0189	0.402	0.755	0.216
440	0.019	0.402	0.755	0.216
441	0.0187	0.402	0.755	0.216
442	0.0183	0.402	0.755	0.216
443	0.0183	0.402	0.755	0.216
444	0.0183	0.401	0.755	0.216
445	0.0183	0.401	0.756	0.215
446	0.0185	0.4	0.756	0.215
447	0.018	0.401	0.756	0.215
448	0.0181	0.401	0.756	0.215
449	0.018	0.401	0.756	0.216
450	0.0184	0.401	0.756	0.216
451	0.0184	0.401	0.756	0.216
452	0.0185	0.401	0.756	0.216
453	0.0184	0.401	0.756	0.216
454	0.0182	0.401	0.756	0.216
455	0.0189	0.4	0.756	0.216
456	0.0189	0.4	0.756	0.216
457	0.0188	0.4	0.757	0.215
458	0.0186	0.399	0.757	0.215
459	0.0187	0.4	0.757	0.215
460	0.0186	0.4	0.757	0.216
461	0.0187	0.399	0.757	0.215
462	0.0188	0.4	0.757	0.216
463	0.0187	0.399	0.758	0.215
464	0.0189	0.399	0.757	0.215
465	0.0188	0.399	0.757	0.215
466	0.0188	0.399	0.758	0.215
467	0.0189	0.399	0.758	0.215
468	0.0191	0.399	0.758	0.215
469	0.0188	0.399	0.758	0.215
470	0.0189	0.399	0.758	0.215
471	0.019	0.399	0.758	0.215
472	0.0191	0.399	0.758	0.216
473	0.0191	0.399	0.758	0.216
474	0.0194	0.399	0.758	0.215
475	0.0191	0.399	0.758	0.215
476	0.0197	0.398	0.758	0.215
477	0.0193	0.399	0.758	0.216
478	0.0195	0.398	0.759	0.215
479	0.0194	0.398	0.758	0.215
480	0.0194	0.398	0.759	0.216
481	0.0192	0.399	0.758	0.216
482	0.0195	0.398	0.758	0.216
483	0.0191	0.399	0.758	0.216
484	0.0192	0.398	0.759	0.216
485	0.0195	0.397	0.76	0.215
486	0.0194	0.398	0.759	0.216
487	0.0192	0.398	0.759	0.215
488	0.0191	0.398	0.759	0.216
489	0.0189	0.397	0.76	0.215
490	0.019	0.397	0.76	0.215
491	0.019	0.397	0.76	0.215
492	0.0189	0.397	0.76	0.216
493	0.0186	0.397	0.76	0.215
494	0.0185	0.396	0.761	0.215
495	0.0187	0.396	0.761	0.215
496	0.0184	0.396	0.761	0.215
497	0.0187	0.396	0.761	0.215
498	0.0186	0.396	0.761	0.215
499	0.0186	0.396	0.761	0.215
500	0.0183	0.396	0.761	0.215
501	0.0184	0.396	0.761	0.215
502	0.0186	0.396	0.762	0.215
503	0.0183	0.396	0.761	0.215
504	0.0186	0.396	0.761	0.215
505	0.0186	0.395	0.762	0.214
506	0.0189	0.395	0.762	0.214
507	0.0186	0.395	0.762	0.215
508	0.0188	0.395	0.762	0.214
509	0.0189	0.395	0.762	0.214
510	0.0188	0.395	0.761	0.215
511	0.0187	0.395	0.762	0.215
512	0.0188	0.395	0.762	0.215
513	0.0189	0.395	0.762	0.215
514	0.0189	0.395	0.762	0.214
515	0.0185	0.395	0.763	0.215
516	0.0184	0.394	0.763	0.215
517	0.0188	0.394	0.763	0.215
518	0.0189	0.394	0.763	0.214
519	0.0189	0.394	0.763	0.215
520	0.019	0.394	0.763	0.215
521	0.0189	0.394	0.763	0.214
522	0.0188	0.394	0.763	0.215
523	0.0188	0.394	0.763	0.215
524	0.0189	0.394	0.764	0.215
525	0.0187	0.394	0.763	0.215
526	0.0183	0.394	0.764	0.215
527	0.0185	0.393	0.764	0.214
528	0.0188	0.394	0.764	0.215
529	0.0189	0.394	0.764	0.215
530	0.0192	0.393	0.764	0.214
531	0.0188	0.394	0.764	0.215
532	0.0186	0.393	0.764	0.215
533	0.0183	0.394	0.764	0.215
534	0.0183	0.393	0.764	0.215
535	0.0182	0.393	0.765	0.214
536	0.0183	0.393	0.765	0.214
537	0.0182	0.393	0.765	0.215
538	0.0183	0.393	0.764	0.215
539	0.0184	0.393	0.765	0.214
540	0.0185	0.393	0.765	0.214
541	0.0185	0.392	0.765	0.214
542	0.0185	0.392	0.765	0.214
543	0.0189	0.392	0.765	0.214
544	0.0187	0.391	0.766	0.213
545	0.0183	0.392	0.766	0.214
546	0.0181	0.392	0.766	0.214
547	0.0181	0.392	0.766	0.214
548	0.0181	0.392	0.766	0.215
549	0.018	0.392	0.765	0.215
550	0.0182	0.391	0.766	0.214
551	0.0182	0.391	0.766	0.214
552	0.0184	0.392	0.766	0.215
553	0.0184	0.391	0.766	0.215
554	0.0186	0.392	0.766	0.215
555	0.019	0.392	0.766	0.215
556	0.0185	0.391	0.766	0.214
557	0.0182	0.391	0.766	0.214
558	0.0181	0.391	0.766	0.214
559	0.0182	0.391	0.766	0.215
560	0.0182	0.391	0.766	0.215
561	0.0183	0.391	0.766	0.215
562	0.018	0.391	0.767	0.214
563	0.0181	0.391	0.767	0.215
564	0.0181	0.391	0.767	0.215
565	0.0178	0.39	0.767	0.214
566	0.018	0.39	0.768	0.214
567	0.0183	0.39	0.767	0.214
568	0.0184	0.39	0.768	0.214
569	0.0186	0.39	0.768	0.214
570	0.0188	0.389	0.768	0.213
571	0.0187	0.39	0.768	0.214
572	0.0186	0.389	0.768	0.213
573	0.0184	0.389	0.768	0.214
574	0.0186	0.389	0.768	0.213
575	0.0185	0.389	0.768	0.213
576	0.0183	0.389	0.768	0.214
577	0.0184	0.389	0.768	0.213
578	0.0182	0.389	0.768	0.213
579	0.0187	0.389	0.768	0.213
580	0.0188	0.389	0.769	0.213
581	0.0186	0.388	0.769	0.213
582	0.0182	0.389	0.768	0.213
583	0.0182	0.389	0.769	0.213
584	0.0183	0.389	0.768	0.213
585	0.0183	0.389	0.769	0.213
586	0.0182	0.388	0.769	0.213
587	0.0177	0.388	0.769	0.213
588	0.0178	0.389	0.769	0.214
589	0.0179	0.388	0.769	0.213
590	0.0179	0.388	0.769	0.213
591	0.018	0.388	0.769	0.214
592	0.018	0.388	0.77	0.213
593	0.018	0.388	0.77	0.213
594	0.0181	0.388	0.77	0.213
595	0.0179	0.387	0.77	0.213
596	0.0178	0.388	0.77	0.213
597	0.0177	0.388	0.77	0.213
598	0.0177	0.388	0.77	0.213
599	0.0176	0.388	0.77	0.213
600	0.0174	0.387	0.77	0.213
601	0.0176	0.387	0.771	0.213
602	0.0178	0.387	0.77	0.213
603	0.0181	0.387	0.77	0.213
604	0.0179	0.387	0.77	0.213
605	0.018	0.387	0.77	0.213
606	0.0179	0.387	0.77	0.213
607	0.0178	0.387	0.77	0.213
608	0.0178	0.386	0.771	0.212
609	0.0179	0.387	0.771	0.213
610	0.0182	0.386	0.771	0.212
611	0.0183	0.386	0.771	0.212
612	0.0181	0.386	0.771	0.213
613	0.0183	0.386	0.771	0.212
614	0.0182	0.386	0.772	0.212
615	0.0183	0.386	0.771	0.212
616	0.0182	0.385	0.772	0.212
617	0.0183	0.385	0.772	0.212
618	0.0183	0.386	0.772	0.213
619	0.0186	0.385	0.772	0.212
620	0.0183	0.385	0.772	0.212
621	0.0186	0.385	0.772	0.212
622	0.0183	0.385	0.772	0.212
623	0.0183	0.385	0.772	0.212
624	0.0181	0.385	0.772	0.212
625	0.0186	0.385	0.772	0.212
626	0.0188	0.385	0.772	0.212
627	0.0187	0.385	0.772	0.212
628	0.0186	0.385	0.772	0.212
629	0.0188	0.385	0.772	0.212
630	0.0191	0.385	0.772	0.213
631	0.0191	0.385	0.772	0.212
632	0.0196	0.384	0.773	0.212
633	0.0193	0.385	0.773	0.213
634	0.0191	0.385	0.773	0.213
635	0.0192	0.384	0.773	0.213
636	0.0192	0.384	0.773	0.212
637	0.019	0.384	0.773	0.213
638	0.0191	0.384	0.773	0.213
639	0.0184	0.385	0.773	0.213
640	0.0181	0.385	0.773	0.213
641	0.0183	0.385	0.773	0.213
642	0.0184	0.385	0.773	0.212
643	0.018	0.385	0.773	0.212
644	0.0182	0.385	0.773	0.213
645	0.0182	0.384	0.773	0.213
646	0.018	0.384	0.773	0.213
647	0.0181	0.385	0.773	0.213
648	0.0183	0.385	0.773	0.213
649	0.0184	0.384	0.773	0.213
650	0.0181	0.384	0.773	0.213
651	0.0182	0.384	0.774	0.212
652	0.0183	0.383	0.774	0.212
653	0.0183	0.384	0.773	0.212
654	0.0182	0.384	0.773	0.213
655	0.0179	0.384	0.774	0.213
656	0.0181	0.383	0.774	0.212
657	0.0185	0.384	0.774	0.213
658	0.0179	0.384	0.774	0.212
659	0.0179	0.383	0.774	0.212
660	0.0179	0.383	0.774	0.212
661	0.0179	0.383	0.774	0.212
662	0.0177	0.383	0.775	0.212
663	0.0177	0.383	0.774	0.212
664	0.0174	0.383	0.774	0.212
665	0.0174	0.383	0.775	0.212
666	0.0178	0.383	0.774	0.213
667	0.0177	0.383	0.774	0.213
668	0.0176	0.383	0.774	0.212
669	0.0179	0.383	0.775	0.212
670	0.018	0.383	0.775	0.212
671	0.0181	0.383	0.774	0.212
672	0.0182	0.383	0.774	0.213
673	0.0185	0.383	0.774	0.212
674	0.0185	0.383	0.775	0.212
675	0.0185	0.383	0.774	0.213
676	0.0186	0.383	0.775	0.213
677	0.0185	0.382	0.775	0.212
678	0.0182	0.383	0.775	0.213
679	0.0186	0.382	0.775	0.212
680	0.0187	0.382	0.775	0.213
681	0.0186	0.383	0.775	0.213
682	0.0189	0.382	0.775	0.212
683	0.0187	0.382	0.775	0.212
684	0.0188	0.383	0.775	0.213
685	0.0188	0.382	0.775	0.213
686	0.0189	0.382	0.775	0.212
687	0.0188	0.381	0.776	0.212
688	0.0188	0.382	0.776	0.212
689	0.019	0.381	0.776	0.212
690	0.0192	0.381	0.776	0.212
691	0.019	0.381	0.776	0.212
692	0.0188	0.381	0.777	0.211
693	0.0187	0.381	0.776	0.212
694	0.0188	0.381	0.776	0.211
695	0.0188	0.381	0.777	0.211
696	0.0188	0.381	0.776	0.212
697	0.0188	0.381	0.777	0.212
698	0.0187	0.38	0.777	0.211
699	0.0187	0.38	0.777	0.211
700	0.0186	0.381	0.777	0.212
701	0.0186	0.38	0.777	0.212
702	0.0181	0.38	0.777	0.212
703	0.0182	0.38	0.777	0.212
704	0.0179	0.38	0.777	0.212
705	0.0182	0.38	0.777	0.211
706	0.0184	0.38	0.777	0.211
707	0.0184	0.38	0.777	0.211
708	0.0185	0.38	0.777	0.211
709	0.0186	0.38	0.777	0.212
710	0.0186	0.38	0.777	0.211
711	0.0186	0.379	0.778	0.211
712	0.0185	0.379	0.778	0.211
713	0.0185	0.379	0.778	0.211
714	0.0184	0.379	0.778	0.211
715	0.0184	0.379	0.778	0.211
716	0.0183	0.38	0.778	0.211
717	0.0185	0.379	0.778	0.211
718	0.0185	0.379	0.778	0.211
719	0.0186	0.379	0.778	0.211
720	0.0186	0.379	0.778	0.211
721	0.0184	0.379	0.778	0.211
722	0.0185	0.379	0.778	0.211
723	0.0186	0.379	0.778	0.211
724	0.0185	0.379	0.778	0.211
725	0.0184	0.379	0.778	0.211
726	0.0187	0.379	0.778	0.211
727	0.0187	0.379	0.778	0.211
728	0.0188	0.379	0.778	0.211
729	0.019	0.379	0.778	0.211
730	0.0193	0.379	0.778	0.211
731	0.0194	0.378	0.779	0.211
732	0.0191	0.378	0.779	0.211
733	0.0191	0.378	0.779	0.211
734	0.0191	0.378	0.779	0.211
735	0.019	0.378	0.779	0.211
736	0.0191	0.378	0.779	0.211
737	0.0189	0.378	0.779	0.211
738	0.0186	0.378	0.779	0.211
739	0.0185	0.378	0.779	0.211
740	0.0184	0.378	0.78	0.211
741	0.0183	0.378	0.779	0.211
742	0.0184	0.378	0.779	0.211
743	0.0183	0.378	0.779	0.211
744	0.0184	0.378	0.78	0.211
745	0.0185	0.378	0.779	0.211
746	0.0186	0.378	0.779	0.211
747	0.0187	0.378	0.779	0.211
748	0.0185	0.377	0.78	0.211
749	0.0186	0.377	0.78	0.211
750	0.0184	0.377	0.78	0.211
751	0.0182	0.377	0.78	0.211
752	0.0183	0.377	0.78	0.211
753	0.0183	0.377	0.78	0.211
754	0.0183	0.377	0.78	0.211
755	0.0182	0.377	0.78	0.211
756	0.0183	0.377	0.78	0.211
757	0.0185	0.377	0.78	0.211
758	0.0188	0.377	0.78	0.211
759	0.0188	0.377	0.781	0.211
760	0.0188	0.377	0.781	0.211
761	0.0187	0.377	0.781	0.211
762	0.0186	0.376	0.781	0.21
763	0.0187	0.376	0.781	0.21
764	0.0187	0.376	0.781	0.211
765	0.0186	0.376	0.781	0.211
766	0.0186	0.376	0.781	0.21
767	0.0187	0.376	0.781	0.21
768	0.0187	0.376	0.781	0.21
769	0.0187	0.376	0.781	0.21
770	0.0189	0.376	0.781	0.21
771	0.0186	0.376	0.781	0.21
772	0.0185	0.376	0.781	0.211
773	0.0186	0.375	0.782	0.21
774	0.0185	0.375	0.782	0.21
775	0.0186	0.375	0.782	0.21
776	0.0185	0.375	0.782	0.21
777	0.0189	0.375	0.782	0.21
778	0.0188	0.375	0.782	0.21
779	0.0187	0.375	0.782	0.21
780	0.0186	0.375	0.782	0.21
781	0.0186	0.375	0.782	0.21
782	0.0188	0.375	0.782	0.21
783	0.0188	0.375	0.782	0.21
784	0.0187	0.375	0.782	0.21
785	0.0187	0.375	0.782	0.21
786	0.0189	0.375	0.782	0.21
787	0.0187	0.375	0.782	0.21
788	0.0188	0.375	0.782	0.21
789	0.0187	0.375	0.782	0.21
790	0.019	0.374	0.782	0.21
791	0.0187	0.375	0.782	0.21
792	0.0188	0.375	0.782	0.21
793	0.019	0.374	0.783	0.21
794	0.0188	0.374	0.783	0.21
795	0.0187	0.375	0.783	0.21
796	0.0185	0.375	0.782	0.21
797	0.0187	0.375	0.783	0.21
798	0.0186	0.374	0.783	0.21
799	0.019	0.375	0.783	0.21
800	0.019	0.374	0.783	0.21
801	0.0189	0.374	0.783	0.21
802	0.019	0.374	0.783	0.21
803	0.0187	0.374	0.783	0.21
804	0.0187	0.374	0.783	0.21
805	0.0188	0.374	0.783	0.21
806	0.0187	0.374	0.783	0.21
807	0.0188	0.373	0.784	0.21
808	0.0186	0.374	0.783	0.21
809	0.0188	0.374	0.783	0.21
810	0.0189	0.374	0.783	0.21
811	0.0187	0.374	0.783	0.21
812	0.0187	0.374	0.783	0.21
813	0.0187	0.374	0.783	0.21
814	0.0187	0.374	0.783	0.21
815	0.0186	0.374	0.783	0.211
816	0.0185	0.374	0.783	0.21
817	0.018	0.373	0.783	0.21
818	0.0182	0.374	0.783	0.21
819	0.0184	0.374	0.783	0.21
820	0.0186	0.373	0.784	0.21
821	0.0188	0.374	0.783	0.21
822	0.0186	0.373	0.784	0.21
823	0.0189	0.373	0.784	0.21
824	0.0187	0.373	0.784	0.21
825	0.0188	0.373	0.784	0.21
826	0.0187	0.373	0.784	0.21
827	0.0187	0.373	0.784	0.21
828	0.0186	0.373	0.784	0.21
829	0.0187	0.373	0.784	0.209
830	0.0191	0.373	0.784	0.21
831	0.0189	0.373	0.784	0.21
832	0.0187	0.373	0.784	0.21
833	0.0188	0.373	0.784	0.21
834	0.0189	0.372	0.785	0.209
835	0.0189	0.372	0.785	0.209
836	0.0188	0.373	0.784	0.21
837	0.019	0.373	0.785	0.209
838	0.0185	0.373	0.785	0.21
839	0.0181	0.373	0.785	0.21
840	0.018	0.372	0.785	0.209
841	0.0183	0.372	0.785	0.209
842	0.0183	0.372	0.785	0.21
843	0.0186	0.372	0.785	0.21
844	0.0188	0.372	0.785	0.21
845	0.0188	0.372	0.785	0.21
846	0.0187	0.372	0.785	0.21
847	0.0189	0.372	0.786	0.209
848	0.0186	0.372	0.785	0.21
849	0.0186	0.372	0.786	0.21
850	0.0186	0.371	0.786	0.209
851	0.0185	0.372	0.786	0.21
852	0.0186	0.372	0.786	0.21
853	0.0184	0.371	0.786	0.21
854	0.0187	0.372	0.785	0.21
855	0.0187	0.372	0.786	0.21
856	0.0186	0.371	0.786	0.21
857	0.0188	0.372	0.786	0.21
858	0.0185	0.371	0.786	0.209
859	0.0186	0.371	0.786	0.209
860	0.0183	0.371	0.786	0.209
861	0.0185	0.371	0.786	0.209
862	0.0184	0.371	0.786	0.209
863	0.0186	0.371	0.786	0.21
864	0.0191	0.371	0.786	0.209
865	0.0189	0.37	0.786	0.209
866	0.0185	0.371	0.786	0.209
867	0.0187	0.371	0.786	0.209
868	0.0187	0.37	0.787	0.209
869	0.019	0.37	0.787	0.209
870	0.0189	0.37	0.787	0.209
871	0.0186	0.37	0.787	0.209
872	0.0186	0.37	0.787	0.209
873	0.0187	0.37	0.787	0.209
874	0.0186	0.37	0.787	0.209
875	0.0186	0.37	0.787	0.21
876	0.0184	0.37	0.787	0.209
877	0.0184	0.37	0.787	0.209
878	0.0184	0.37	0.787	0.209
879	0.0187	0.37	0.787	0.209
880	0.0185	0.37	0.787	0.209
881	0.0183	0.37	0.787	0.209
882	0.0183	0.37	0.787	0.209
883	0.0184	0.37	0.787	0.209
884	0.0185	0.37	0.787	0.209
885	0.0185	0.37	0.787	0.209
886	0.0184	0.37	0.787	0.21
887	0.0183	0.371	0.787	0.21
888	0.0183	0.37	0.787	0.209
889	0.0188	0.37	0.787	0.209
890	0.0187	0.37	0.787	0.209
891	0.0187	0.37	0.787	0.209
892	0.0189	0.37	0.788	0.209
893	0.0186	0.37	0.787	0.209
894	0.019	0.369	0.788	0.209
895	0.0189	0.369	0.788	0.209
896	0.0188	0.369	0.788	0.209
897	0.0187	0.369	0.788	0.209
898	0.0185	0.369	0.788	0.208
899	0.0185	0.369	0.788	0.209
900	0.0185	0.369	0.788	0.208
901	0.0186	0.369	0.788	0.209
902	0.0186	0.369	0.788	0.209
903	0.0186	0.369	0.788	0.209
904	0.0186	0.368	0.788	0.208
905	0.0185	0.369	0.788	0.208
906	0.0185	0.369	0.788	0.209
907	0.0184	0.369	0.788	0.209
908	0.0186	0.369	0.788	0.209
909	0.0188	0.368	0.789	0.208
910	0.0188	0.368	0.789	0.208
911	0.0186	0.368	0.789	0.209
912	0.0186	0.368	0.789	0.209
913	0.0188	0.368	0.789	0.208
914	0.0188	0.368	0.789	0.208
915	0.0187	0.368	0.789	0.208
916	0.0185	0.368	0.789	0.209
917	0.0188	0.368	0.789	0.209
918	0.0187	0.368	0.789	0.209
919	0.0189	0.368	0.789	0.209
920	0.0189	0.368	0.789	0.209
921	0.0189	0.368	0.789	0.209
922	0.0189	0.368	0.789	0.209
923	0.0188	0.368	0.789	0.209
924	0.0186	0.368	0.789	0.209
925	0.0189	0.368	0.789	0.209
926	0.0189	0.368	0.789	0.209
927	0.019	0.368	0.789	0.209
928	0.0191	0.368	0.789	0.209
929	0.0189	0.368	0.789	0.209
930	0.0189	0.368	0.789	0.208
931	0.019	0.367	0.789	0.208
932	0.0193	0.368	0.789	0.209
933	0.019	0.367	0.79	0.208
934	0.0189	0.367	0.79	0.208
935	0.019	0.367	0.79	0.208
936	0.019	0.366	0.79	0.208
937	0.0189	0.367	0.79	0.208
938	0.0189	0.367	0.789	0.208
939	0.0192	0.367	0.79	0.208
940	0.019	0.367	0.79	0.208
941	0.0187	0.367	0.79	0.208
942	0.0187	0.367	0.79	0.208
943	0.0187	0.367	0.79	0.208
944	0.0187	0.367	0.79	0.208
945	0.019	0.367	0.79	0.208
946	0.0188	0.366	0.79	0.208
947	0.0191	0.367	0.79	0.208
948	0.0192	0.366	0.79	0.208
949	0.0191	0.366	0.79	0.208
950	0.0191	0.366	0.79	0.208
951	0.019	0.366	0.79	0.208
952	0.019	0.366	0.79	0.208
953	0.0188	0.367	0.79	0.209
954	0.0189	0.367	0.79	0.208
955	0.0188	0.366	0.79	0.208
956	0.0189	0.366	0.79	0.208
957	0.0188	0.366	0.791	0.208
958	0.0191	0.366	0.791	0.208
959	0.019	0.366	0.791	0.208
960	0.0187	0.366	0.791	0.208
961	0.0185	0.366	0.791	0.208
962	0.0186	0.366	0.791	0.208
963	0.0189	0.365	0.791	0.208
964	0.0188	0.366	0.791	0.208
965	0.0191	0.366	0.791	0.208
966	0.0194	0.366	0.791	0.208
967	0.0193	0.366	0.791	0.208
968	0.0192	0.366	0.791	0.208
969	0.0194	0.365	0.792	0.208
970	0.0192	0.365	0.791	0.207
971	0.0191	0.365	0.792	0.208
972	0.0189	0.365	0.792	0.208
973	0.0189	0.365	0.792	0.208
974	0.0189	0.365	0.791	0.208
975	0.019	0.365	0.791	0.206
976	0.0189	0.365	0.79	0.206
977	0.0189	0.365	0.79	0.206
978	0.0192	0.365	0.79	0.206
979	0.0189	0.365	0.79	0.206
980	0.019	0.365	0.79	0.206
981	0.0192	0.365	0.79	0.206
982	0.0191	0.365	0.79	0.206
983	0.0193	0.365	0.79	0.206
984	0.0197	0.365	0.79	0.206
985	0.0195	0.365	0.79	0.206
986	0.0194	0.365	0.79	0.206
987	0.0195	0.365	0.79	0.206
988	0.0194	0.365	0.79	0.206
989	0.0191	0.366	0.79	0.207
990	0.0189	0.365	0.79	0.206
991	0.0188	0.365	0.79	0.207
992	0.019	0.365	0.79	0.207
993	0.019	0.365	0.79	0.206
994	0.0191	0.365	0.79	0.207
995	0.019	0.365	0.79	0.207
996	0.0188	0.365	0.79	0.207
997	0.0191	0.365	0.79	0.207
998	0.0192	0.365	0.79	0.207
999	0.0191	0.365	0.79	0.207
1000	0.0189	0.365	0.791	0.206
1001	0.0188	0.365	0.79	0.207
1002	0.0188	0.365	0.79	0.207
1003	0.019	0.365	0.791	0.207
1004	0.0189	0.365	0.79	0.207
1005	0.0189	0.365	0.79	0.207
1006	0.0191	0.365	0.791	0.206
1007	0.0191	0.365	0.791	0.207
1008	0.0189	0.365	0.791	0.206
1009	0.0191	0.365	0.791	0.206
1010	0.0191	0.365	0.791	0.206
1011	0.0192	0.365	0.791	0.206
1012	0.0191	0.364	0.791	0.206
1013	0.0191	0.364	0.791	0.206
1014	0.0191	0.364	0.791	0.206
1015	0.0188	0.364	0.791	0.206
1016	0.019	0.364	0.791	0.206
1017	0.019	0.364	0.791	0.206
1018	0.0191	0.364	0.791	0.207
1019	0.0189	0.364	0.791	0.207
1020	0.0188	0.364	0.791	0.206
1021	0.0188	0.364	0.792	0.206
1022	0.0189	0.364	0.791	0.206
1023	0.0188	0.364	0.792	0.206
1024	0.0187	0.364	0.791	0.206
1025	0.0187	0.364	0.792	0.206
1026	0.0189	0.364	0.792	0.206
1027	0.019	0.364	0.792	0.206
1028	0.0189	0.365	0.791	0.207
1029	0.019	0.364	0.791	0.207
1030	0.0188	0.364	0.791	0.206
1031	0.0188	0.365	0.791	0.207
1032	0.0189	0.364	0.791	0.207
1033	0.019	0.364	0.792	0.206
1034	0.0193	0.364	0.792	0.207
1035	0.0193	0.364	0.792	0.206
1036	0.0193	0.364	0.792	0.206
1037	0.0192	0.364	0.792	0.206
1038	0.0191	0.364	0.792	0.207
1039	0.0191	0.364	0.792	0.207
1040	0.0193	0.364	0.792	0.207
1041	0.0193	0.363	0.792	0.206
1042	0.0194	0.363	0.792	0.206
1043	0.0193	0.363	0.792	0.206
1044	0.0193	0.363	0.792	0.206
1045	0.0194	0.363	0.792	0.206
1046	0.0191	0.363	0.792	0.207
1047	0.0191	0.363	0.792	0.207
1048	0.0188	0.363	0.792	0.207
1049	0.0191	0.363	0.792	0.206
1050	0.0191	0.363	0.792	0.206
1051	0.0191	0.363	0.792	0.206
1052	0.0191	0.363	0.792	0.207
1053	0.0192	0.363	0.792	0.207
1054	0.0191	0.363	0.792	0.207
1055	0.019	0.363	0.793	0.206
1056	0.019	0.363	0.792	0.206
1057	0.0189	0.363	0.793	0.207
1058	0.019	0.363	0.793	0.206
1059	0.019	0.363	0.793	0.206
1060	0.019	0.363	0.793	0.206
1061	0.0191	0.363	0.793	0.206
1062	0.0191	0.363	0.793	0.207
1063	0.0193	0.363	0.793	0.207
1064	0.0193	0.363	0.793	0.206
1065	0.0191	0.363	0.793	0.206
1066	0.0193	0.362	0.793	0.206
1067	0.0194	0.363	0.793	0.207
1068	0.0193	0.363	0.793	0.207
1069	0.0193	0.363	0.793	0.207
1070	0.0194	0.363	0.793	0.207
1071	0.0193	0.363	0.793	0.206
1072	0.0193	0.362	0.793	0.206
1073	0.019	0.363	0.793	0.207
1074	0.0189	0.362	0.793	0.206
1075	0.0191	0.362	0.794	0.206
1076	0.0192	0.362	0.793	0.206
1077	0.0191	0.362	0.793	0.206
1078	0.0191	0.362	0.794	0.206
1079	0.0191	0.362	0.793	0.206
1080	0.0192	0.362	0.794	0.206
1081	0.0192	0.362	0.794	0.206
1082	0.0191	0.362	0.794	0.206
1083	0.0191	0.362	0.794	0.206
1084	0.0192	0.362	0.794	0.206
1085	0.0191	0.362	0.793	0.207
1086	0.0192	0.362	0.793	0.207
1087	0.0193	0.362	0.793	0.207
1088	0.0192	0.362	0.794	0.207
1089	0.0191	0.362	0.793	0.207
1090	0.0191	0.362	0.794	0.206
1091	0.0192	0.362	0.794	0.206
1092	0.0191	0.362	0.794	0.206
1093	0.0189	0.362	0.794	0.207
1094	0.0192	0.362	0.794	0.206
1095	0.0194	0.361	0.794	0.206
1096	0.0194	0.361	0.794	0.206
1097	0.0194	0.361	0.794	0.206
1098	0.0193	0.361	0.795	0.206
1099	0.0194	0.361	0.794	0.206
1100	0.0191	0.361	0.794	0.206
1101	0.0194	0.361	0.795	0.206
1102	0.019	0.361	0.795	0.206
1103	0.0188	0.361	0.794	0.206
1104	0.0189	0.361	0.795	0.206
1105	0.0189	0.361	0.795	0.206
1106	0.0191	0.361	0.794	0.206
1107	0.0194	0.361	0.794	0.206
1108	0.0193	0.361	0.794	0.206
1109	0.0192	0.361	0.795	0.206
1110	0.0193	0.361	0.795	0.206
1111	0.0192	0.361	0.795	0.206
1112	0.019	0.361	0.795	0.206
1113	0.0191	0.361	0.795	0.206
1114	0.0191	0.361	0.795	0.206
1115	0.019	0.361	0.795	0.206
1116	0.0192	0.361	0.795	0.206
1117	0.0193	0.361	0.795	0.206
1118	0.0196	0.361	0.795	0.206
1119	0.0195	0.361	0.795	0.206
1120	0.0196	0.36	0.795	0.206
1121	0.0194	0.36	0.795	0.206
1122	0.0194	0.36	0.795	0.206
1123	0.0193	0.36	0.795	0.206
1124	0.0194	0.36	0.795	0.206
1125	0.0194	0.36	0.795	0.206
1126	0.0193	0.36	0.795	0.206
1127	0.0194	0.36	0.795	0.205
1128	0.0195	0.36	0.796	0.206
1129	0.0195	0.36	0.796	0.206
1130	0.0195	0.36	0.796	0.206
1131	0.0195	0.36	0.796	0.206
1132	0.0195	0.36	0.796	0.206
1133	0.0197	0.36	0.796	0.206
1134	0.0196	0.36	0.796	0.206
1135	0.0195	0.36	0.796	0.206
1136	0.0193	0.36	0.795	0.204
1137	0.0194	0.36	0.794	0.204
1138	0.0194	0.36	0.794	0.204
1139	0.0193	0.36	0.794	0.204
1140	0.0195	0.36	0.794	0.205
1141	0.0195	0.361	0.794	0.205
1142	0.0192	0.36	0.794	0.205
1143	0.0193	0.361	0.794	0.205
1144	0.0195	0.36	0.794	0.205
1145	0.0194	0.361	0.794	0.205
1146	0.0195	0.361	0.794	0.205
1147	0.0194	0.36	0.794	0.205
1148	0.0195	0.361	0.794	0.205
1149	0.0193	0.36	0.794	0.205
1150	0.0195	0.36	0.794	0.205
1151	0.0194	0.36	0.794	0.205
1152	0.0195	0.361	0.794	0.205
1153	0.0192	0.36	0.794	0.205
1154	0.0191	0.36	0.794	0.205
1155	0.0192	0.361	0.794	0.205
1156	0.0192	0.36	0.794	0.205
1157	0.0193	0.361	0.794	0.205
1158	0.0194	0.36	0.794	0.205
1159	0.0194	0.36	0.794	0.205
1160	0.0194	0.36	0.794	0.205
1161	0.0193	0.36	0.794	0.205
1162	0.0191	0.36	0.795	0.205
1163	0.0193	0.36	0.795	0.205
1164	0.0192	0.36	0.794	0.205
1165	0.0191	0.36	0.794	0.205
1166	0.019	0.36	0.794	0.205
1167	0.019	0.36	0.794	0.205
1168	0.0192	0.36	0.794	0.205
1169	0.0194	0.36	0.795	0.205
1170	0.0193	0.36	0.795	0.205
1171	0.0192	0.359	0.795	0.205
1172	0.0193	0.359	0.795	0.205
1173	0.0194	0.359	0.795	0.205
1174	0.0195	0.359	0.795	0.204
1175	0.0194	0.359	0.795	0.205
1176	0.0192	0.359	0.795	0.205
1177	0.0191	0.359	0.795	0.205
1178	0.0191	0.36	0.795	0.205
1179	0.019	0.359	0.795	0.204
1180	0.0191	0.359	0.795	0.205
1181	0.0193	0.359	0.795	0.205
1182	0.0194	0.359	0.795	0.205
1183	0.0195	0.359	0.795	0.205
1184	0.0196	0.359	0.795	0.205
1185	0.0195	0.359	0.795	0.205
1186	0.0194	0.359	0.795	0.204
1187	0.0194	0.359	0.795	0.205
1188	0.0194	0.359	0.796	0.205
1189	0.0193	0.359	0.795	0.204
1190	0.0192	0.359	0.795	0.205
1191	0.0191	0.359	0.796	0.205
1192	0.0192	0.359	0.796	0.205
1193	0.0191	0.359	0.795	0.205
1194	0.0192	0.359	0.796	0.205
1195	0.0191	0.359	0.796	0.205
1196	0.0191	0.359	0.795	0.205
1197	0.0195	0.359	0.796	0.205
1198	0.0195	0.358	0.796	0.204
1199	0.0194	0.358	0.796	0.204
1200	0.0194	0.358	0.796	0.204
1201	0.0193	0.358	0.796	0.204
1202	0.0195	0.359	0.796	0.205
1203	0.0194	0.358	0.796	0.204
1204	0.0195	0.358	0.796	0.204
1205	0.0193	0.358	0.796	0.204
1206	0.0194	0.358	0.796	0.204
1207	0.0194	0.358	0.796	0.204
1208	0.0195	0.359	0.796	0.205
1209	0.0196	0.359	0.796	0.205
1210	0.0195	0.358	0.796	0.204
1211	0.0194	0.358	0.796	0.204
1212	0.0195	0.358	0.796	0.204
1213	0.0193	0.358	0.796	0.204
1214	0.0193	0.358	0.796	0.204
1215	0.0193	0.358	0.796	0.204
1216	0.0194	0.358	0.796	0.204
1217	0.0193	0.359	0.796	0.205
1218	0.0191	0.359	0.796	0.205
1219	0.0196	0.358	0.796	0.204
1220	0.0193	0.358	0.796	0.205
1221	0.0192	0.358	0.796	0.205
1222	0.0192	0.358	0.796	0.204
1223	0.0192	0.358	0.796	0.205
1224	0.0191	0.358	0.796	0.204
1225	0.0192	0.358	0.796	0.204
1226	0.0189	0.358	0.796	0.204
1227	0.0193	0.358	0.797	0.204
1228	0.0192	0.357	0.797	0.204
1229	0.0192	0.358	0.797	0.204
1230	0.0192	0.357	0.797	0.204
1231	0.019	0.357	0.797	0.204
1232	0.0191	0.358	0.797	0.204
1233	0.0193	0.357	0.797	0.204
1234	0.0193	0.357	0.797	0.204
1235	0.0194	0.358	0.797	0.205
1236	0.0195	0.357	0.797	0.204
1237	0.0194	0.357	0.797	0.204
1238	0.0195	0.357	0.797	0.204
1239	0.0194	0.358	0.797	0.204
1240	0.0196	0.357	0.797	0.205
1241	0.0194	0.357	0.797	0.204
1242	0.0192	0.357	0.797	0.204
1243	0.0192	0.357	0.797	0.204
1244	0.0194	0.357	0.797	0.204
1245	0.0195	0.357	0.797	0.204
1246	0.0197	0.357	0.798	0.204
1247	0.0198	0.357	0.797	0.204
1248	0.0197	0.357	0.798	0.204
1249	0.0196	0.357	0.797	0.204
1250	0.0196	0.357	0.797	0.204
1251	0.0198	0.356	0.798	0.204
1252	0.0196	0.356	0.798	0.204
1253	0.0199	0.357	0.798	0.204
1254	0.0198	0.356	0.798	0.204
1255	0.0198	0.356	0.798	0.204
1256	0.0198	0.357	0.798	0.204
1257	0.0193	0.356	0.798	0.204
1258	0.0195	0.356	0.798	0.204
1259	0.0196	0.356	0.798	0.204
1260	0.0197	0.357	0.798	0.204
1261	0.0198	0.356	0.798	0.204
1262	0.0197	0.356	0.798	0.204
1263	0.0196	0.357	0.798	0.204
1264	0.0194	0.357	0.798	0.204
1265	0.0197	0.357	0.798	0.205
1266	0.0197	0.357	0.798	0.204
1267	0.0197	0.356	0.798	0.204
1268	0.0196	0.357	0.798	0.204
1269	0.0196	0.356	0.798	0.204
1270	0.0196	0.356	0.798	0.204
1271	0.0196	0.357	0.798	0.204
1272	0.0198	0.356	0.797	0.203
1273	0.0197	0.356	0.797	0.202
1274	0.0197	0.357	0.796	0.203
1275	0.0196	0.357	0.797	0.203
1276	0.0194	0.357	0.797	0.203
1277	0.0195	0.357	0.797	0.203
1278	0.0195	0.357	0.796	0.203
1279	0.0196	0.357	0.796	0.203
1280	0.0195	0.357	0.796	0.204
1281	0.0197	0.357	0.796	0.203
1282	0.0197	0.357	0.796	0.203
1283	0.0196	0.357	0.796	0.203
1284	0.0199	0.357	0.797	0.203
1285	0.0197	0.357	0.797	0.203
1286	0.0196	0.357	0.796	0.203
1287	0.0195	0.357	0.797	0.203
1288	0.0195	0.357	0.796	0.204
1289	0.0197	0.357	0.797	0.204
1290	0.0195	0.357	0.797	0.204
1291	0.0193	0.357	0.797	0.204
1292	0.0194	0.357	0.797	0.204
1293	0.0193	0.357	0.797	0.203
1294	0.0196	0.356	0.797	0.203
1295	0.0195	0.357	0.796	0.204
1296	0.0196	0.357	0.797	0.203
1297	0.0196	0.356	0.797	0.203
1298	0.0196	0.357	0.797	0.203
1299	0.0195	0.356	0.797	0.203
1300	0.0195	0.356	0.797	0.203
1301	0.0193	0.357	0.797	0.203
1302	0.0191	0.356	0.797	0.204
1303	0.0193	0.356	0.797	0.203
1304	0.0195	0.357	0.797	0.204
1305	0.0195	0.357	0.797	0.204
1306	0.0194	0.357	0.797	0.204
1307	0.0194	0.357	0.797	0.204
1308	0.0193	0.356	0.797	0.203
1309	0.0193	0.356	0.797	0.204
1310	0.0194	0.357	0.797	0.204
1311	0.0195	0.356	0.797	0.204
1312	0.0196	0.356	0.797	0.203
1313	0.0195	0.357	0.797	0.204
1314	0.0196	0.356	0.797	0.203
1315	0.0195	0.356	0.797	0.203
1316	0.0196	0.357	0.797	0.204
1317	0.0195	0.356	0.797	0.204
1318	0.0195	0.356	0.797	0.203
1319	0.0196	0.356	0.797	0.204
1320	0.0194	0.356	0.797	0.203
1321	0.0193	0.356	0.797	0.203
1322	0.0193	0.356	0.797	0.204
1323	0.0195	0.356	0.798	0.203
1324	0.0193	0.356	0.798	0.203
1325	0.0195	0.356	0.798	0.203
1326	0.0195	0.356	0.798	0.203
1327	0.0195	0.356	0.797	0.203
1328	0.0197	0.356	0.797	0.203
1329	0.0196	0.356	0.798	0.203
1330	0.0197	0.356	0.798	0.203
1331	0.0198	0.356	0.797	0.204
1332	0.0196	0.356	0.798	0.203
1333	0.0195	0.356	0.797	0.204
1334	0.0196	0.356	0.797	0.204
1335	0.0197	0.356	0.798	0.203
1336	0.0193	0.356	0.798	0.204
1337	0.0196	0.356	0.798	0.204
1338	0.0196	0.356	0.797	0.204
1339	0.0197	0.356	0.798	0.203
1340	0.0195	0.356	0.798	0.204
1341	0.0197	0.356	0.797	0.204
1342	0.0197	0.356	0.798	0.204
1343	0.0198	0.356	0.798	0.204
1344	0.0198	0.355	0.798	0.203
1345	0.0195	0.355	0.798	0.203
1346	0.0198	0.356	0.798	0.204
1347	0.0197	0.355	0.798	0.203
1348	0.0195	0.355	0.798	0.203
1349	0.0197	0.355	0.798	0.203
1350	0.0197	0.355	0.798	0.203
1351	0.0196	0.355	0.798	0.203
1352	0.0197	0.355	0.798	0.203
1353	0.0195	0.355	0.799	0.203
1354	0.0195	0.355	0.799	0.203
1355	0.0196	0.355	0.798	0.204
1356	0.0195	0.355	0.799	0.203
1357	0.0194	0.355	0.799	0.203
1358	0.0195	0.355	0.798	0.204
1359	0.0194	0.355	0.799	0.203
1360	0.0194	0.355	0.799	0.203
1361	0.0194	0.355	0.798	0.204
1362	0.0195	0.355	0.799	0.204
1363	0.0195	0.355	0.799	0.204
1364	0.0197	0.355	0.799	0.204
1365	0.0196	0.355	0.799	0.203
1366	0.0194	0.355	0.799	0.203
1367	0.0193	0.355	0.799	0.203
1368	0.0195	0.354	0.799	0.203
1369	0.0193	0.354	0.799	0.203
1370	0.0195	0.355	0.799	0.203
1371	0.0196	0.354	0.799	0.203
1372	0.0195	0.355	0.799	0.203
1373	0.0196	0.355	0.799	0.203
1374	0.0196	0.354	0.799	0.203
1375	0.0196	0.354	0.799	0.203
1376	0.0197	0.355	0.799	0.204
1377	0.0196	0.354	0.799	0.203
1378	0.0196	0.354	0.799	0.203
1379	0.0197	0.355	0.799	0.203
1380	0.0198	0.354	0.799	0.203
1381	0.0196	0.354	0.799	0.203
1382	0.0199	0.354	0.799	0.203
1383	0.0196	0.354	0.799	0.203
1384	0.0197	0.354	0.8	0.203
1385	0.0197	0.354	0.799	0.203
1386	0.0197	0.353	0.8	0.203
1387	0.0198	0.353	0.8	0.203
1388	0.0199	0.354	0.8	0.203
1389	0.0199	0.353	0.8	0.203
1390	0.0199	0.353	0.8	0.203
1391	0.0199	0.354	0.8	0.203
1392	0.0195	0.353	0.8	0.202
1393	0.0197	0.353	0.8	0.203
1394	0.0197	0.354	0.8	0.203
1395	0.0197	0.354	0.8	0.203
1396	0.0196	0.354	0.8	0.203
1397	0.0196	0.354	0.8	0.203
1398	0.0197	0.353	0.8	0.203
1399	0.0195	0.353	0.8	0.203
1400	0.0195	0.354	0.8	0.203
1401	0.0194	0.353	0.8	0.203
1402	0.0195	0.354	0.8	0.203
1403	0.0195	0.354	0.8	0.203
1404	0.0195	0.353	0.8	0.203
1405	0.0195	0.353	0.8	0.203
1406	0.0195	0.354	0.8	0.203
1407	0.0195	0.353	0.8	0.203
1408	0.0194	0.353	0.8	0.203
1409	0.0192	0.353	0.8	0.203
1410	0.0193	0.353	0.8	0.203
1411	0.0195	0.353	0.8	0.203
1412	0.0191	0.353	0.8	0.203
1413	0.0192	0.353	0.8	0.203
1414	0.0193	0.353	0.8	0.203
1415	0.0194	0.353	0.8	0.203
1416	0.0193	0.353	0.8	0.203
1417	0.0195	0.353	0.8	0.203
1418	0.0196	0.353	0.8	0.203
1419	0.0196	0.353	0.8	0.203
1420	0.0195	0.353	0.8	0.203
1421	0.0198	0.353	0.801	0.203
1422	0.0197	0.353	0.8	0.203
1423	0.0198	0.353	0.801	0.203
1424	0.0197	0.353	0.8	0.203
1425	0.0198	0.353	0.801	0.203
1426	0.0198	0.353	0.8	0.203
1427	0.0197	0.353	0.8	0.203
1428	0.0197	0.353	0.801	0.203
1429	0.0197	0.352	0.801	0.203
1430	0.0197	0.353	0.801	0.203
1431	0.0198	0.353	0.801	0.203
1432	0.0199	0.353	0.801	0.203
1433	0.0202	0.353	0.801	0.203
1434	0.0199	0.352	0.801	0.203
1435	0.0199	0.352	0.801	0.203
1436	0.0198	0.353	0.801	0.203
1437	0.0198	0.353	0.801	0.203
1438	0.0198	0.352	0.801	0.202
1439	0.0198	0.352	0.801	0.202
1440	0.0197	0.352	0.801	0.203
1441	0.0197	0.352	0.801	0.203
1442	0.0196	0.352	0.801	0.202
1443	0.0196	0.352	0.801	0.203
1444	0.0196	0.352	0.801	0.203
1445	0.0196	0.352	0.801	0.203
1446	0.0198	0.352	0.801	0.201
1447	0.0197	0.352	0.8	0.201
1448	0.0197	0.352	0.8	0.201
1449	0.0197	0.352	0.799	0.201
1450	0.0197	0.352	0.8	0.201
1451	0.0196	0.352	0.8	0.201
1452	0.0195	0.353	0.799	0.201
1453	0.0195	0.353	0.8	0.202
1454	0.0194	0.353	0.8	0.201
1455	0.0194	0.352	0.8	0.201
1456	0.0194	0.352	0.8	0.202
1457	0.0194	0.353	0.799	0.202
1458	0.0196	0.353	0.799	0.202
1459	0.0195	0.352	0.8	0.202
1460	0.0197	0.353	0.799	0.202
1461	0.0197	0.352	0.8	0.202
1462	0.0195	0.353	0.8	0.202
1463	0.0194	0.353	0.8	0.202
1464	0.0195	0.353	0.799	0.202
1465	0.0194	0.353	0.8	0.202
1466	0.0195	0.353	0.8	0.202
1467	0.0195	0.353	0.8	0.202
1468	0.0196	0.352	0.8	0.202
1469	0.0195	0.352	0.8	0.202
1470	0.0196	0.353	0.799	0.202
1471	0.0198	0.352	0.8	0.202
1472	0.0196	0.352	0.8	0.202
1473	0.0194	0.352	0.8	0.202
1474	0.0196	0.352	0.8	0.202
1475	0.0197	0.352	0.8	0.202
1476	0.0197	0.352	0.8	0.201
1477	0.0196	0.352	0.8	0.202
1478	0.0195	0.352	0.8	0.202
1479	0.0196	0.352	0.8	0.202
1480	0.0196	0.352	0.8	0.202
1481	0.0197	0.352	0.8	0.202
1482	0.0196	0.352	0.8	0.202
1483	0.0197	0.352	0.8	0.202
1484	0.0197	0.352	0.8	0.202
1485	0.0195	0.352	0.8	0.202
1486	0.0195	0.352	0.8	0.202
1487	0.0196	0.352	0.8	0.202
1488	0.0195	0.352	0.8	0.202
1489	0.0196	0.352	0.8	0.202
1490	0.0197	0.352	0.8	0.202
1491	0.0199	0.352	0.8	0.202
1492	0.0197	0.352	0.8	0.202
1493	0.0198	0.352	0.8	0.202
1494	0.0199	0.352	0.8	0.202
1495	0.0199	0.352	0.8	0.202
1496	0.0196	0.352	0.8	0.202
1497	0.0195	0.352	0.801	0.202
1498	0.0196	0.351	0.801	0.202
1499	0.0196	0.352	0.801	0.202
1500	0.0194	0.351	0.801	0.201
1501	0.0197	0.351	0.801	0.202
1502	0.0195	0.351	0.801	0.202
1503	0.0196	0.351	0.801	0.201
1504	0.0195	0.352	0.801	0.202
1505	0.0197	0.352	0.801	0.202
1506	0.0198	0.351	0.801	0.201
1507	0.0198	0.351	0.801	0.202
1508	0.0198	0.352	0.8	0.202
1509	0.0197	0.351	0.801	0.201
1510	0.0197	0.351	0.801	0.202
1511	0.0198	0.351	0.801	0.202
1512	0.0199	0.351	0.801	0.202
1513	0.02	0.351	0.801	0.202
1514	0.0201	0.351	0.801	0.202
1515	0.0198	0.351	0.801	0.202
1516	0.02	0.351	0.801	0.202
1517	0.0201	0.352	0.801	0.202
1518	0.0197	0.351	0.801	0.202
1519	0.0199	0.351	0.801	0.202
1520	0.02	0.351	0.801	0.202
1521	0.0199	0.351	0.801	0.201
1522	0.0198	0.351	0.801	0.202
1523	0.0199	0.351	0.801	0.201
1524	0.02	0.351	0.801	0.201
1525	0.0199	0.351	0.802	0.201
1526	0.02	0.351	0.802	0.201
1527	0.02	0.351	0.802	0.201
1528	0.02	0.351	0.802	0.201
1529	0.02	0.351	0.801	0.202
1530	0.0201	0.351	0.802	0.201
1531	0.0202	0.351	0.802	0.201
1532	0.02	0.35	0.802	0.201
1533	0.0201	0.351	0.802	0.202
1534	0.02	0.35	0.802	0.201
1535	0.02	0.35	0.802	0.201
1536	0.0201	0.351	0.802	0.201
1537	0.0198	0.35	0.802	0.201
1538	0.02	0.35	0.802	0.201
1539	0.0201	0.351	0.802	0.202
1540	0.0201	0.35	0.802	0.201
1541	0.0201	0.35	0.802	0.201
1542	0.0203	0.35	0.802	0.202
1543	0.0202	0.35	0.802	0.201
1544	0.0201	0.351	0.802	0.202
1545	0.0203	0.351	0.802	0.202
1546	0.0203	0.351	0.802	0.202
1547	0.0201	0.35	0.802	0.201
1548	0.0202	0.35	0.802	0.202
1549	0.0203	0.35	0.802	0.201
1550	0.0202	0.35	0.802	0.201
1551	0.0201	0.35	0.802	0.202
1552	0.0201	0.35	0.802	0.201
1553	0.0202	0.35	0.802	0.201
1554	0.0204	0.35	0.802	0.201
1555	0.0202	0.349	0.802	0.201
1556	0.0201	0.349	0.802	0.201
1557	0.02	0.35	0.802	0.201
1558	0.02	0.35	0.802	0.201
1559	0.0201	0.35	0.802	0.201
1560	0.02	0.35	0.802	0.201
1561	0.02	0.349	0.803	0.201
1562	0.0199	0.35	0.802	0.201
1563	0.0201	0.35	0.802	0.202
1564	0.0202	0.35	0.802	0.201
1565	0.0199	0.349	0.803	0.201
1566	0.0198	0.35	0.802	0.201
1567	0.0198	0.35	0.802	0.201
1568	0.0201	0.349	0.803	0.201
1569	0.0201	0.35	0.802	0.201
1570	0.0201	0.35	0.802	0.201
1571	0.0203	0.35	0.803	0.201
1572	0.0202	0.35	0.803	0.201
1573	0.0203	0.349	0.803	0.201
1574	0.0203	0.349	0.803	0.201
1575	0.0202	0.35	0.802	0.201
1576	0.0201	0.349	0.803	0.201
1577	0.0201	0.349	0.803	0.201
1578	0.0202	0.349	0.803	0.201
1579	0.0203	0.349	0.803	0.201
1580	0.0202	0.349	0.803	0.201
1581	0.0202	0.349	0.803	0.201
1582	0.0203	0.349	0.803	0.201
1583	0.0203	0.349	0.803	0.201
1584	0.0204	0.349	0.803	0.201
1585	0.0205	0.35	0.803	0.201
1586	0.0206	0.349	0.803	0.201
1587	0.0206	0.349	0.803	0.201
1588	0.0204	0.349	0.803	0.201
1589	0.0204	0.349	0.803	0.201
1590	0.0201	0.349	0.803	0.201
1591	0.0201	0.349	0.803	0.201
1592	0.0201	0.349	0.803	0.201
1593	0.0201	0.35	0.803	0.202
1594	0.0203	0.349	0.803	0.201
1595	0.02	0.349	0.803	0.201
