Iteration	ValueMean	ValueStddev	DerivMean	DerivStddev
3	0.00963	0.677	0.487	0.291
4	0.0216	0.688	0.462	0.274
5	0.0251	0.661	0.459	0.248
6	0.0222	0.635	0.47	0.235
7	0.0187	0.62	0.47	0.222
8	0.0184	0.616	0.472	0.215
9	0.0188	0.613	0.471	0.209
10	0.0184	0.609	0.47	0.203
11	0.02	0.608	0.468	0.198
12	0.0214	0.606	0.465	0.194
13	0.0225	0.605	0.463	0.191
14	0.0237	0.602	0.461	0.189
15	0.0252	0.603	0.458	0.186
16	0.0245	0.602	0.456	0.184
17	0.0234	0.601	0.453	0.182
18	0.0252	0.6	0.452	0.181
19	0.0261	0.599	0.45	0.18
20	0.0261	0.599	0.448	0.179
21	0.0255	0.599	0.445	0.178
22	0.0254	0.598	0.443	0.177
23	0.0249	0.599	0.44	0.177
24	0.0252	0.598	0.439	0.176
25	0.0246	0.597	0.437	0.174
26	0.0244	0.598	0.436	0.175
27	0.0242	0.598	0.434	0.174
28	0.0245	0.599	0.431	0.174
29	0.0244	0.598	0.43	0.173
30	0.0248	0.598	0.428	0.173
31	0.0254	0.599	0.426	0.173
32	0.026	0.599	0.425	0.172
33	0.026	0.599	0.424	0.172
34	0.0253	0.6	0.422	0.172
35	0.0254	0.6	0.42	0.172
36	0.0263	0.6	0.42	0.171
37	0.0261	0.6	0.418	0.17
38	0.0252	0.6	0.417	0.17
39	0.025	0.6	0.416	0.17
40	0.0242	0.6	0.414	0.17
41	0.0249	0.6	0.413	0.17
42	0.025	0.6	0.412	0.17
43	0.025	0.6	0.412	0.17
44	0.0254	0.602	0.41	0.17
45	0.0261	0.601	0.409	0.17
46	0.0262	0.601	0.408	0.169
47	0.0253	0.602	0.407	0.169
48	0.0253	0.602	0.405	0.168
49	0.0254	0.601	0.404	0.168
50	0.025	0.601	0.404	0.168
51	0.0241	0.6	0.404	0.167
52	0.0244	0.601	0.403	0.167
53	0.0246	0.602	0.402	0.168
54	0.0247	0.602	0.401	0.168
55	0.0251	0.602	0.4	0.168
56	0.0253	0.602	0.399	0.168
57	0.0251	0.603	0.398	0.168
58	0.0248	0.603	0.397	0.168
59	0.0243	0.603	0.397	0.167
60	0.0242	0.603	0.397	0.168
61	0.024	0.603	0.396	0.168
62	0.0242	0.602	0.396	0.168
63	0.0245	0.601	0.395	0.168
64	0.0246	0.602	0.394	0.167
65	0.0249	0.603	0.393	0.168
66	0.0248	0.602	0.393	0.168
67	0.0244	0.602	0.392	0.168
68	0.024	0.602	0.392	0.168
69	0.0242	0.602	0.391	0.167
70	0.0229	0.602	0.391	0.167
71	0.0236	0.602	0.39	0.167
72	0.0234	0.602	0.39	0.167
73	0.0233	0.602	0.389	0.166
74	0.0236	0.603	0.388	0.167
75	0.0235	0.602	0.388	0.166
76	0.0236	0.603	0.388	0.166
77	0.0234	0.603	0.387	0.167
78	0.0235	0.603	0.387	0.166
79	0.0238	0.603	0.386	0.166
80	0.0241	0.603	0.386	0.166
81	0.0241	0.602	0.386	0.166
82	0.0241	0.602	0.386	0.165
83	0.0241	0.603	0.385	0.166
84	0.0242	0.602	0.385	0.165
85	0.0238	0.602	0.385	0.165
86	0.0238	0.603	0.384	0.166
87	0.0235	0.602	0.384	0.165
88	0.023	0.603	0.384	0.165
89	0.023	0.602	0.383	0.165
90	0.0232	0.602	0.383	0.165
91	0.0228	0.602	0.383	0.165
92	0.0224	0.602	0.383	0.165
93	0.0218	0.602	0.382	0.165
94	0.0219	0.603	0.382	0.165
95	0.0213	0.603	0.381	0.165
96	0.0214	0.603	0.381	0.165
97	0.0212	0.603	0.38	0.165
98	0.0215	0.603	0.38	0.165
99	0.0222	0.603	0.38	0.165
100	0.0219	0.603	0.38	0.165
101	0.0223	0.602	0.38	0.165
102	0.0223	0.604	0.379	0.165
103	0.0224	0.603	0.379	0.165
104	0.0223	0.604	0.378	0.165
105	0.0228	0.604	0.378	0.165
106	0.0225	0.604	0.378	0.165
107	0.0224	0.604	0.378	0.165
108	0.023	0.604	0.377	0.165
109	0.0229	0.604	0.377	0.165
110	0.0234	0.603	0.377	0.164
111	0.024	0.603	0.376	0.165
112	0.0233	0.604	0.376	0.165
113	0.0233	0.603	0.377	0.164
114	0.0244	0.604	0.377	0.165
115	0.0237	0.602	0.377	0.164
116	0.0234	0.603	0.376	0.164
117	0.0238	0.603	0.376	0.164
118	0.0241	0.603	0.376	0.164
119	0.0242	0.603	0.376	0.164
120	0.0239	0.604	0.376	0.164
121	0.024	0.602	0.375	0.164
122	0.0238	0.603	0.375	0.164
123	0.0243	0.603	0.375	0.164
124	0.0247	0.604	0.374	0.164
125	0.0239	0.604	0.374	0.164
126	0.0229	0.603	0.374	0.164
127	0.0236	0.603	0.375	0.164
128	0.0238	0.603	0.374	0.164
129	0.0232	0.604	0.374	0.164
130	0.0234	0.603	0.374	0.164
131	0.0232	0.602	0.374	0.164
132	0.0236	0.603	0.373	0.164
133	0.0237	0.603	0.373	0.164
134	0.0235	0.603	0.372	0.164
135	0.0233	0.603	0.373	0.164
136	0.0233	0.603	0.372	0.164
137	0.0229	0.603	0.372	0.164
138	0.0236	0.604	0.372	0.164
139	0.0228	0.603	0.372	0.164
140	0.0231	0.604	0.372	0.164
141	0.0235	0.603	0.372	0.164
142	0.0229	0.603	0.372	0.164
143	0.023	0.604	0.371	0.164
144	0.0226	0.603	0.371	0.163
145	0.0224	0.603	0.371	0.163
146	0.0217	0.603	0.371	0.163
147	0.0224	0.603	0.371	0.164
148	0.0225	0.602	0.371	0.164
149	0.0224	0.603	0.37	0.164
150	0.0221	0.603	0.371	0.164
151	0.0222	0.602	0.37	0.164
152	0.0226	0.602	0.37	0.164
153	0.0233	0.602	0.37	0.164
154	0.0227	0.602	0.37	0.163
155	0.022	0.602	0.369	0.163
156	0.0225	0.602	0.37	0.164
157	0.023	0.603	0.37	0.164
158	0.023	0.603	0.369	0.164
159	0.0233	0.603	0.37	0.164
160	0.0226	0.602	0.369	0.163
161	0.0232	0.602	0.369	0.164
162	0.0233	0.602	0.369	0.163
163	0.0233	0.602	0.369	0.164
164	0.0233	0.601	0.369	0.163
165	0.0232	0.602	0.369	0.164
166	0.0232	0.601	0.369	0.164
167	0.0228	0.601	0.369	0.163
168	0.0224	0.601	0.369	0.163
169	0.0226	0.602	0.368	0.163
170	0.0232	0.602	0.368	0.163
171	0.024	0.602	0.368	0.163
172	0.0235	0.602	0.367	0.163
173	0.0233	0.602	0.368	0.163
174	0.0236	0.603	0.368	0.163
175	0.0232	0.602	0.368	0.163
176	0.023	0.602	0.368	0.163
177	0.0225	0.602	0.368	0.164
178	0.0228	0.601	0.368	0.164
179	0.0231	0.602	0.367	0.163
180	0.023	0.601	0.367	0.163
181	0.0226	0.601	0.367	0.163
182	0.0219	0.601	0.367	0.163
183	0.0216	0.602	0.367	0.164
184	0.0221	0.601	0.367	0.163
185	0.0224	0.601	0.367	0.163
186	0.0227	0.601	0.367	0.163
187	0.0224	0.6	0.367	0.163
188	0.0226	0.6	0.367	0.163
189	0.0223	0.601	0.366	0.163
190	0.0223	0.601	0.366	0.163
191	0.0217	0.6	0.366	0.163
192	0.0214	0.6	0.366	0.163
193	0.0214	0.601	0.366	0.163
194	0.0215	0.601	0.366	0.163
195	0.0212	0.6	0.366	0.162
196	0.0211	0.6	0.366	0.162
197	0.0209	0.6	0.366	0.163
198	0.0212	0.6	0.366	0.162
199	0.0207	0.6	0.365	0.162
200	0.0208	0.6	0.365	0.162
201	0.0212	0.6	0.365	0.162
202	0.0214	0.6	0.365	0.162
203	0.0211	0.6	0.365	0.162
204	0.0205	0.599	0.365	0.162
205	0.0209	0.599	0.365	0.162
206	0.0211	0.599	0.365	0.162
207	0.0206	0.599	0.365	0.162
208	0.0207	0.599	0.365	0.162
209	0.0203	0.599	0.364	0.162
210	0.0204	0.599	0.365	0.162
211	0.0199	0.599	0.365	0.162
212	0.0204	0.599	0.365	0.162
213	0.0204	0.598	0.365	0.162
214	0.0208	0.599	0.365	0.162
215	0.0208	0.599	0.364	0.162
216	0.0208	0.599	0.364	0.162
217	0.0209	0.599	0.364	0.162
218	0.021	0.598	0.364	0.161
219	0.0216	0.599	0.364	0.162
220	0.0214	0.599	0.363	0.161
221	0.0212	0.598	0.363	0.161
222	0.021	0.598	0.364	0.161
223	0.0214	0.598	0.364	0.161
224	0.0209	0.598	0.363	0.161
225	0.021	0.598	0.363	0.161
226	0.0208	0.598	0.364	0.161
227	0.0207	0.598	0.364	0.161
228	0.0208	0.598	0.363	0.161
229	0.0203	0.597	0.364	0.161
230	0.0208	0.597	0.364	0.161
231	0.0206	0.597	0.363	0.161
232	0.0206	0.598	0.364	0.161
233	0.0204	0.598	0.363	0.161
234	0.0205	0.598	0.364	0.161
235	0.0204	0.597	0.364	0.161
236	0.0205	0.597	0.363	0.161
237	0.0198	0.597	0.363	0.161
238	0.0204	0.597	0.363	0.161
239	0.0203	0.597	0.363	0.161
240	0.0207	0.597	0.363	0.161
241	0.0202	0.597	0.363	0.161
242	0.0202	0.597	0.363	0.161
243	0.0203	0.597	0.363	0.161
244	0.0203	0.597	0.363	0.161
245	0.0203	0.596	0.363	0.161
246	0.021	0.596	0.363	0.161
247	0.0213	0.596	0.363	0.161
248	0.0209	0.596	0.363	0.16
249	0.021	0.596	0.363	0.161
250	0.021	0.595	0.362	0.16
251	0.0205	0.596	0.362	0.16
252	0.0212	0.597	0.362	0.16
253	0.021	0.596	0.362	0.16
254	0.0203	0.596	0.362	0.16
255	0.0204	0.595	0.362	0.16
256	0.0211	0.596	0.362	0.16
257	0.0211	0.596	0.362	0.16
258	0.0208	0.596	0.362	0.16
259	0.0208	0.595	0.362	0.16
260	0.0201	0.596	0.362	0.16
261	0.0207	0.595	0.362	0.16
262	0.0208	0.595	0.362	0.16
263	0.0211	0.595	0.362	0.16
264	0.0205	0.595	0.361	0.159
265	0.0202	0.595	0.362	0.159
266	0.0203	0.595	0.362	0.159
267	0.0201	0.596	0.361	0.159
268	0.0201	0.595	0.362	0.159
269	0.0202	0.595	0.361	0.159
270	0.0204	0.596	0.361	0.159
271	0.0206	0.596	0.361	0.159
272	0.0207	0.596	0.36	0.159
273	0.0205	0.596	0.361	0.159
274	0.0212	0.595	0.361	0.159
275	0.0214	0.595	0.361	0.159
276	0.0211	0.595	0.361	0.159
277	0.0208	0.594	0.361	0.159
278	0.0211	0.595	0.361	0.159
279	0.0215	0.595	0.361	0.159
280	0.022	0.595	0.361	0.159
281	0.0216	0.595	0.36	0.159
282	0.0212	0.595	0.361	0.159
283	0.0208	0.594	0.361	0.159
284	0.0207	0.594	0.361	0.159
285	0.0209	0.594	0.361	0.159
286	0.0211	0.594	0.361	0.158
287	0.0213	0.594	0.361	0.158
288	0.0205	0.595	0.36	0.158
289	0.0211	0.594	0.361	0.158
290	0.0208	0.593	0.36	0.158
291	0.0207	0.593	0.361	0.158
292	0.0206	0.593	0.36	0.158
293	0.0199	0.593	0.36	0.158
294	0.0198	0.593	0.36	0.158
295	0.02	0.593	0.361	0.158
296	0.0198	0.593	0.36	0.158
297	0.02	0.593	0.361	0.159
298	0.0199	0.593	0.361	0.159
299	0.0199	0.592	0.36	0.158
300	0.0197	0.593	0.36	0.158
301	0.0199	0.593	0.36	0.158
302	0.0199	0.593	0.36	0.158
303	0.0201	0.593	0.36	0.158
304	0.0204	0.592	0.36	0.158
305	0.0206	0.592	0.36	0.158
306	0.0203	0.592	0.36	0.159
307	0.02	0.592	0.36	0.158
308	0.0203	0.592	0.36	0.158
309	0.02	0.592	0.36	0.158
310	0.02	0.592	0.36	0.158
311	0.0204	0.592	0.36	0.158
312	0.0203	0.592	0.36	0.158
313	0.0202	0.592	0.359	0.158
314	0.0196	0.592	0.36	0.158
315	0.02	0.592	0.36	0.157
316	0.0206	0.591	0.36	0.157
317	0.0201	0.591	0.36	0.157
318	0.0195	0.592	0.36	0.158
319	0.0193	0.592	0.36	0.157
320	0.0192	0.591	0.36	0.157
321	0.0196	0.591	0.36	0.157
322	0.0195	0.592	0.36	0.157
323	0.0195	0.591	0.36	0.157
324	0.0197	0.591	0.36	0.157
325	0.0192	0.591	0.36	0.157
326	0.0193	0.591	0.36	0.157
327	0.0193	0.592	0.359	0.157
328	0.0194	0.591	0.359	0.157
329	0.0194	0.591	0.359	0.157
330	0.0189	0.592	0.359	0.157
331	0.019	0.591	0.359	0.157
332	0.0189	0.591	0.359	0.157
333	0.0191	0.591	0.359	0.157
334	0.019	0.591	0.359	0.157
335	0.0189	0.591	0.359	0.157
336	0.019	0.591	0.359	0.156
337	0.0189	0.59	0.359	0.156
338	0.0182	0.591	0.359	0.156
339	0.0183	0.591	0.359	0.156
340	0.0176	0.59	0.359	0.156
341	0.0181	0.591	0.358	0.156
342	0.0184	0.59	0.358	0.156
343	0.0186	0.59	0.359	0.156
344	0.0182	0.59	0.359	0.156
345	0.0179	0.59	0.359	0.156
346	0.0182	0.59	0.359	0.156
347	0.0182	0.59	0.358	0.156
348	0.0182	0.59	0.358	0.156
349	0.018	0.59	0.358	0.156
350	0.0187	0.59	0.358	0.156
351	0.0187	0.59	0.359	0.156
352	0.0185	0.589	0.358	0.156
353	0.0183	0.589	0.358	0.156
354	0.0191	0.589	0.359	0.156
355	0.0187	0.589	0.359	0.156
356	0.0189	0.589	0.359	0.155
357	0.0184	0.589	0.359	0.156
358	0.018	0.589	0.359	0.155
359	0.018	0.589	0.359	0.155
360	0.0183	0.589	0.358	0.155
361	0.0187	0.589	0.358	0.156
362	0.0182	0.59	0.358	0.155
363	0.0188	0.59	0.358	0.156
364	0.0186	0.589	0.358	0.155
365	0.0186	0.589	0.358	0.155
366	0.0182	0.589	0.357	0.155
367	0.018	0.589	0.358	0.155
368	0.0178	0.589	0.358	0.155
369	0.0179	0.588	0.358	0.155
370	0.0176	0.589	0.358	0.155
371	0.0173	0.588	0.358	0.155
372	0.0175	0.588	0.358	0.155
373	0.0177	0.588	0.358	0.155
374	0.0177	0.588	0.358	0.155
375	0.0177	0.588	0.358	0.155
376	0.0173	0.588	0.358	0.155
377	0.0177	0.588	0.358	0.154
378	0.0177	0.588	0.358	0.155
379	0.0174	0.587	0.358	0.154
380	0.0179	0.588	0.358	0.155
381	0.0179	0.588	0.358	0.154
382	0.0177	0.588	0.358	0.154
383	0.0186	0.588	0.358	0.154
384	0.018	0.588	0.358	0.154
385	0.0178	0.588	0.358	0.154
386	0.0178	0.588	0.358	0.154
387	0.0178	0.587	0.358	0.154
388	0.0179	0.587	0.358	0.154
389	0.0178	0.587	0.358	0.154
390	0.0185	0.587	0.358	0.154
391	0.0185	0.587	0.357	0.154
392	0.0183	0.587	0.357	0.154
393	0.0182	0.587	0.357	0.154
394	0.0183	0.587	0.357	0.154
395	0.0181	0.587	0.357	0.153
396	0.0177	0.587	0.357	0.153
397	0.0179	0.586	0.357	0.153
398	0.0179	0.587	0.357	0.154
399	0.0178	0.587	0.357	0.154
400	0.0178	0.587	0.357	0.154
401	0.0174	0.586	0.357	0.153
402	0.018	0.587	0.357	0.153
403	0.0178	0.587	0.358	0.153
404	0.0172	0.586	0.358	0.153
405	0.0176	0.586	0.358	0.153
406	0.018	0.587	0.357	0.153
407	0.0181	0.587	0.357	0.153
408	0.0181	0.587	0.357	0.153
409	0.018	0.587	0.357	0.154
410	0.0182	0.586	0.357	0.153
411	0.0184	0.586	0.357	0.153
412	0.0182	0.586	0.358	0.153
413	0.018	0.587	0.357	0.153
414	0.0181	0.586	0.357	0.153
415	0.018	0.586	0.357	0.153
416	0.0179	0.586	0.357	0.153
417	0.0177	0.585	0.357	0.153
418	0.018	0.586	0.357	0.153
419	0.0174	0.586	0.357	0.153
420	0.0174	0.586	0.357	0.153
421	0.0173	0.586	0.357	0.153
422	0.0175	0.585	0.357	0.152
423	0.0182	0.586	0.357	0.153
424	0.0182	0.585	0.357	0.152
425	0.0175	0.585	0.357	0.152
426	0.0175	0.586	0.357	0.152
427	0.0173	0.585	0.357	0.152
428	0.0177	0.585	0.357	0.152
429	0.0181	0.585	0.356	0.152
430	0.0177	0.585	0.357	0.152
431	0.0175	0.585	0.357	0.152
432	0.0181	0.585	0.356	0.152
433	0.0183	0.585	0.357	0.152
434	0.0176	0.585	0.357	0.152
435	0.0174	0.584	0.357	0.152
436	0.0173	0.585	0.357	0.152
437	0.0177	0.584	0.357	0.152
438	0.0176	0.584	0.357	0.152
439	0.0179	0.585	0.357	0.152
440	0.018	0.585	0.356	0.152
441	0.0176	0.585	0.356	0.152
442	0.0172	0.585	0.356	0.152
443	0.0171	0.585	0.356	0.152
444	0.017	0.584	0.357	0.151
445	0.0172	0.584	0.357	0.151
446	0.0174	0.583	0.356	0.151
447	0.0169	0.584	0.357	0.151
448	0.0169	0.584	0.356	0.151
449	0.0166	0.584	0.356	0.151
450	0.0175	0.584	0.356	0.151
451	0.0173	0.584	0.356	0.151
452	0.0172	0.584	0.356	0.151
453	0.0172	0.584	0.356	0.151
454	0.017	0.583	0.356	0.151
455	0.0179	0.583	0.356	0.151
456	0.0175	0.583	0.357	0.151
457	0.0176	0.583	0.357	0.151
458	0.0178	0.583	0.356	0.151
459	0.018	0.583	0.356	0.151
460	0.0178	0.583	0.356	0.151
461	0.0178	0.582	0.356	0.151
462	0.0177	0.582	0.356	0.151
463	0.0178	0.583	0.357	0.151
464	0.0179	0.582	0.356	0.151
465	0.0178	0.582	0.356	0.151
466	0.0177	0.583	0.356	0.151
467	0.0175	0.582	0.356	0.151
468	0.0177	0.582	0.356	0.151
469	0.0177	0.582	0.356	0.151
470	0.0179	0.582	0.356	0.151
471	0.0178	0.582	0.356	0.15
472	0.0174	0.583	0.356	0.15
473	0.0175	0.583	0.356	0.15
474	0.0178	0.582	0.356	0.15
475	0.0175	0.582	0.356	0.15
476	0.0177	0.581	0.356	0.15
477	0.0174	0.582	0.356	0.15
478	0.0177	0.581	0.356	0.15
479	0.0177	0.582	0.356	0.15
480	0.0179	0.582	0.356	0.15
481	0.0176	0.582	0.355	0.15
482	0.0178	0.581	0.355	0.15
483	0.0172	0.582	0.356	0.15
484	0.0172	0.582	0.356	0.15
485	0.0175	0.582	0.356	0.15
486	0.0175	0.581	0.356	0.15
487	0.0173	0.581	0.355	0.15
488	0.0172	0.582	0.356	0.15
489	0.0173	0.581	0.356	0.15
490	0.0175	0.581	0.356	0.15
491	0.0173	0.581	0.356	0.15
492	0.0169	0.581	0.356	0.15
493	0.0166	0.581	0.357	0.15
494	0.0167	0.58	0.356	0.15
495	0.0169	0.58	0.356	0.15
496	0.0167	0.58	0.356	0.15
497	0.017	0.58	0.356	0.15
498	0.0168	0.58	0.356	0.15
499	0.0169	0.58	0.357	0.15
500	0.0167	0.58	0.356	0.15
501	0.0166	0.58	0.357	0.15
502	0.017	0.58	0.357	0.149
503	0.0167	0.58	0.356	0.149
504	0.017	0.58	0.356	0.149
505	0.0171	0.579	0.357	0.149
506	0.0171	0.579	0.356	0.149
507	0.0168	0.579	0.356	0.149
508	0.0173	0.579	0.356	0.149
509	0.0176	0.58	0.356	0.149
510	0.0173	0.579	0.355	0.149
511	0.0172	0.58	0.356	0.149
512	0.0173	0.58	0.356	0.149
513	0.0172	0.58	0.356	0.148
514	0.0174	0.58	0.356	0.149
515	0.0172	0.58	0.355	0.149
516	0.0172	0.579	0.356	0.149
517	0.0176	0.579	0.356	0.149
518	0.018	0.579	0.356	0.149
519	0.0179	0.579	0.356	0.149
520	0.0179	0.579	0.356	0.149
521	0.0179	0.579	0.356	0.149
522	0.0173	0.58	0.356	0.149
523	0.0172	0.579	0.356	0.149
524	0.0175	0.579	0.356	0.149
525	0.0172	0.579	0.356	0.149
526	0.017	0.579	0.356	0.148
527	0.0172	0.578	0.356	0.148
528	0.0173	0.579	0.356	0.149
529	0.0171	0.579	0.356	0.149
530	0.0176	0.579	0.356	0.149
531	0.0173	0.579	0.356	0.149
532	0.017	0.579	0.356	0.149
533	0.0167	0.579	0.356	0.149
534	0.0166	0.578	0.356	0.149
535	0.0161	0.578	0.356	0.149
536	0.0165	0.578	0.356	0.149
537	0.0164	0.579	0.356	0.149
538	0.0163	0.578	0.356	0.148
539	0.0165	0.578	0.356	0.148
540	0.0169	0.579	0.355	0.148
541	0.0172	0.578	0.356	0.149
542	0.0171	0.578	0.355	0.148
543	0.0176	0.578	0.356	0.148
544	0.017	0.577	0.356	0.148
545	0.0168	0.577	0.356	0.148
546	0.0164	0.578	0.356	0.148
547	0.0166	0.578	0.356	0.148
548	0.0165	0.578	0.356	0.148
549	0.0162	0.578	0.356	0.148
550	0.0163	0.577	0.356	0.148
551	0.017	0.577	0.357	0.148
552	0.0172	0.577	0.356	0.148
553	0.0173	0.577	0.356	0.148
554	0.0176	0.577	0.355	0.148
555	0.0179	0.577	0.356	0.148
556	0.0172	0.577	0.356	0.148
557	0.0166	0.577	0.356	0.148
558	0.0168	0.577	0.356	0.148
559	0.017	0.577	0.356	0.148
560	0.0169	0.577	0.356	0.148
561	0.0166	0.577	0.355	0.148
562	0.0164	0.577	0.355	0.148
563	0.0162	0.577	0.356	0.148
564	0.0161	0.576	0.356	0.148
565	0.0158	0.577	0.355	0.148
566	0.0159	0.576	0.356	0.148
567	0.0163	0.576	0.355	0.148
568	0.0164	0.577	0.356	0.148
569	0.0164	0.576	0.356	0.148
570	0.0168	0.576	0.356	0.148
571	0.0167	0.576	0.355	0.148
572	0.0166	0.576	0.355	0.148
573	0.0165	0.576	0.356	0.148
574	0.0168	0.575	0.355	0.147
575	0.0162	0.575	0.355	0.147
576	0.0161	0.576	0.355	0.147
577	0.0163	0.575	0.355	0.147
578	0.016	0.576	0.355	0.147
579	0.0164	0.576	0.355	0.147
580	0.0167	0.576	0.355	0.147
581	0.0163	0.575	0.355	0.147
582	0.0161	0.576	0.355	0.147
583	0.016	0.576	0.355	0.147
584	0.016	0.576	0.355	0.147
585	0.0161	0.576	0.355	0.147
586	0.0161	0.576	0.355	0.147
587	0.0155	0.576	0.355	0.147
588	0.0157	0.576	0.355	0.147
589	0.0157	0.575	0.355	0.147
590	0.0157	0.575	0.355	0.147
591	0.016	0.576	0.355	0.147
592	0.0162	0.576	0.355	0.147
593	0.016	0.575	0.355	0.147
594	0.0157	0.575	0.355	0.147
595	0.0154	0.575	0.355	0.147
596	0.0155	0.576	0.354	0.147
597	0.0156	0.575	0.355	0.147
598	0.0157	0.575	0.354	0.147
599	0.016	0.575	0.354	0.147
600	0.0154	0.575	0.355	0.147
601	0.0153	0.574	0.355	0.147
602	0.0155	0.575	0.355	0.146
603	0.0158	0.575	0.355	0.147
604	0.0157	0.575	0.355	0.146
605	0.0159	0.575	0.354	0.146
606	0.0158	0.575	0.355	0.146
607	0.0159	0.575	0.355	0.146
608	0.0156	0.574	0.355	0.146
609	0.0158	0.575	0.355	0.147
610	0.0159	0.574	0.355	0.146
611	0.0159	0.574	0.355	0.146
612	0.0161	0.575	0.355	0.147
613	0.016	0.574	0.355	0.146
614	0.0162	0.574	0.355	0.146
615	0.0159	0.574	0.355	0.146
616	0.0159	0.573	0.355	0.146
617	0.016	0.574	0.355	0.146
618	0.016	0.574	0.355	0.146
619	0.0162	0.574	0.355	0.146
620	0.0162	0.573	0.355	0.146
621	0.0164	0.573	0.355	0.146
622	0.0163	0.574	0.355	0.146
623	0.0163	0.574	0.355	0.146
624	0.016	0.573	0.355	0.146
625	0.0166	0.572	0.355	0.146
626	0.0166	0.573	0.355	0.146
627	0.0167	0.573	0.355	0.146
628	0.0165	0.573	0.355	0.146
629	0.0166	0.573	0.355	0.146
630	0.0171	0.573	0.355	0.146
631	0.017	0.573	0.355	0.146
632	0.0173	0.572	0.356	0.146
633	0.017	0.573	0.355	0.146
634	0.0168	0.573	0.355	0.146
635	0.0169	0.573	0.355	0.146
636	0.0166	0.572	0.355	0.146
637	0.0166	0.572	0.355	0.146
638	0.0166	0.572	0.356	0.146
639	0.0161	0.572	0.355	0.146
640	0.0153	0.573	0.355	0.145
641	0.0156	0.572	0.355	0.145
642	0.0158	0.572	0.355	0.145
643	0.0155	0.573	0.355	0.146
644	0.0154	0.572	0.355	0.145
645	0.0157	0.571	0.355	0.145
646	0.0155	0.572	0.355	0.145
647	0.0154	0.573	0.355	0.146
648	0.0155	0.573	0.355	0.145
649	0.0156	0.572	0.355	0.145
650	0.0154	0.572	0.355	0.145
651	0.0156	0.572	0.355	0.145
652	0.0157	0.572	0.355	0.145
653	0.0156	0.572	0.355	0.145
654	0.0155	0.572	0.355	0.145
655	0.015	0.572	0.355	0.145
656	0.0152	0.572	0.355	0.145
657	0.0155	0.572	0.355	0.145
658	0.0147	0.572	0.355	0.145
659	0.015	0.572	0.355	0.145
660	0.0151	0.571	0.355	0.145
661	0.0151	0.571	0.355	0.145
662	0.0147	0.571	0.355	0.145
663	0.0146	0.571	0.355	0.145
664	0.0142	0.571	0.355	0.145
665	0.0145	0.572	0.355	0.145
666	0.0149	0.572	0.355	0.145
667	0.0148	0.571	0.355	0.145
668	0.0149	0.571	0.355	0.145
669	0.0152	0.571	0.355	0.145
670	0.0156	0.571	0.355	0.145
671	0.0152	0.571	0.355	0.145
672	0.0155	0.57	0.355	0.144
673	0.0158	0.571	0.355	0.145
674	0.0157	0.571	0.355	0.145
675	0.0159	0.571	0.355	0.145
676	0.0159	0.571	0.355	0.145
677	0.0157	0.571	0.355	0.145
678	0.0153	0.571	0.355	0.145
679	0.0159	0.57	0.354	0.144
680	0.016	0.57	0.355	0.145
681	0.0159	0.571	0.355	0.144
682	0.0162	0.571	0.355	0.144
683	0.0158	0.571	0.355	0.144
684	0.0158	0.571	0.355	0.145
685	0.0158	0.571	0.355	0.145
686	0.0157	0.571	0.355	0.144
687	0.0155	0.57	0.355	0.144
688	0.0156	0.571	0.355	0.144
689	0.016	0.57	0.356	0.144
690	0.016	0.57	0.355	0.144
691	0.0157	0.57	0.355	0.144
692	0.0154	0.569	0.355	0.144
693	0.0151	0.57	0.355	0.145
694	0.0154	0.57	0.355	0.144
695	0.0157	0.57	0.355	0.145
696	0.0154	0.57	0.355	0.144
697	0.0157	0.57	0.355	0.144
698	0.0158	0.569	0.355	0.144
699	0.0158	0.569	0.355	0.144
700	0.0156	0.57	0.354	0.144
701	0.0155	0.569	0.355	0.144
702	0.0151	0.57	0.355	0.144
703	0.0151	0.569	0.355	0.144
704	0.0143	0.569	0.355	0.144
705	0.0148	0.568	0.355	0.144
706	0.0151	0.569	0.356	0.144
707	0.0148	0.569	0.355	0.144
708	0.0153	0.569	0.355	0.144
709	0.0156	0.569	0.355	0.144
710	0.0155	0.569	0.355	0.144
711	0.0155	0.569	0.355	0.144
712	0.0154	0.569	0.355	0.144
713	0.0155	0.569	0.355	0.144
714	0.0153	0.569	0.355	0.144
715	0.0153	0.569	0.355	0.144
716	0.015	0.569	0.355	0.144
717	0.0151	0.569	0.354	0.144
718	0.0152	0.569	0.355	0.144
719	0.0152	0.568	0.355	0.144
720	0.0152	0.569	0.354	0.144
721	0.0148	0.569	0.355	0.144
722	0.0149	0.569	0.355	0.144
723	0.0151	0.569	0.355	0.144
724	0.015	0.569	0.354	0.144
725	0.0147	0.569	0.354	0.144
726	0.0153	0.568	0.355	0.143
727	0.0149	0.569	0.355	0.143
728	0.0149	0.569	0.355	0.143
729	0.0154	0.569	0.355	0.143
730	0.0156	0.568	0.355	0.143
731	0.0157	0.568	0.355	0.143
732	0.0154	0.568	0.354	0.143
733	0.0156	0.568	0.355	0.143
734	0.0155	0.568	0.354	0.143
735	0.0155	0.568	0.355	0.143
736	0.0157	0.568	0.354	0.143
737	0.0155	0.568	0.355	0.143
738	0.0151	0.568	0.355	0.143
739	0.0152	0.568	0.354	0.143
740	0.0153	0.568	0.354	0.143
741	0.0151	0.568	0.354	0.143
742	0.0152	0.569	0.354	0.143
743	0.0149	0.568	0.354	0.143
744	0.015	0.568	0.354	0.143
745	0.0152	0.568	0.354	0.143
746	0.0153	0.568	0.354	0.143
747	0.0156	0.568	0.354	0.143
748	0.0156	0.568	0.354	0.143
749	0.0154	0.567	0.354	0.143
750	0.0152	0.567	0.354	0.143
751	0.0148	0.567	0.354	0.143
752	0.0145	0.568	0.354	0.143
753	0.0148	0.567	0.354	0.143
754	0.0147	0.567	0.354	0.142
755	0.0147	0.567	0.354	0.142
756	0.0147	0.567	0.354	0.142
757	0.015	0.567	0.354	0.142
758	0.0154	0.567	0.354	0.142
759	0.0152	0.567	0.355	0.143
760	0.0154	0.567	0.355	0.143
761	0.0152	0.568	0.354	0.143
762	0.0149	0.567	0.355	0.142
763	0.0149	0.566	0.354	0.142
764	0.0152	0.567	0.354	0.142
765	0.0148	0.567	0.354	0.142
766	0.0145	0.567	0.354	0.142
767	0.0146	0.567	0.354	0.142
768	0.0145	0.566	0.354	0.142
769	0.0147	0.567	0.354	0.142
770	0.015	0.566	0.354	0.142
771	0.0148	0.566	0.354	0.142
772	0.0146	0.566	0.354	0.142
773	0.0152	0.566	0.355	0.142
774	0.015	0.566	0.355	0.142
775	0.0149	0.566	0.354	0.142
776	0.0151	0.566	0.354	0.142
777	0.0156	0.566	0.355	0.142
778	0.0152	0.565	0.355	0.142
779	0.0152	0.566	0.355	0.142
780	0.0148	0.566	0.354	0.142
781	0.0148	0.566	0.355	0.142
782	0.0145	0.566	0.355	0.142
783	0.0146	0.565	0.355	0.142
784	0.0146	0.565	0.354	0.142
785	0.0145	0.565	0.354	0.141
786	0.015	0.565	0.355	0.142
787	0.0147	0.565	0.355	0.142
788	0.0148	0.565	0.354	0.142
789	0.0145	0.565	0.354	0.142
790	0.0146	0.565	0.354	0.142
791	0.0141	0.566	0.354	0.142
792	0.0144	0.566	0.354	0.142
793	0.0145	0.565	0.354	0.142
794	0.0141	0.565	0.355	0.142
795	0.0137	0.566	0.354	0.142
796	0.0136	0.565	0.354	0.141
797	0.0138	0.565	0.354	0.142
798	0.0138	0.565	0.354	0.141
799	0.0141	0.565	0.354	0.141
800	0.0142	0.565	0.355	0.141
801	0.014	0.565	0.355	0.141
802	0.0141	0.564	0.354	0.141
803	0.0139	0.564	0.354	0.141
804	0.0138	0.564	0.354	0.141
805	0.0141	0.565	0.354	0.141
806	0.0142	0.565	0.354	0.142
807	0.0145	0.564	0.355	0.141
808	0.0143	0.564	0.354	0.142
809	0.0145	0.564	0.354	0.141
810	0.0143	0.564	0.354	0.141
811	0.0139	0.564	0.355	0.141
812	0.0143	0.564	0.354	0.141
813	0.014	0.564	0.354	0.141
814	0.0143	0.564	0.354	0.141
815	0.0141	0.564	0.354	0.141
816	0.0141	0.565	0.354	0.141
817	0.0136	0.564	0.354	0.141
818	0.0139	0.564	0.354	0.141
819	0.0143	0.564	0.354	0.141
820	0.0143	0.564	0.354	0.141
821	0.0143	0.565	0.354	0.141
822	0.0141	0.564	0.354	0.141
823	0.0146	0.564	0.354	0.141
824	0.0143	0.564	0.354	0.141
825	0.0142	0.564	0.355	0.141
826	0.0139	0.564	0.354	0.141
827	0.014	0.564	0.354	0.141
828	0.014	0.564	0.354	0.141
829	0.0139	0.563	0.354	0.141
830	0.0141	0.563	0.354	0.141
831	0.0139	0.564	0.354	0.141
832	0.0138	0.564	0.354	0.141
833	0.0139	0.563	0.354	0.141
834	0.0143	0.563	0.355	0.141
835	0.0144	0.563	0.354	0.14
836	0.0144	0.564	0.354	0.141
837	0.0144	0.564	0.354	0.14
838	0.0141	0.564	0.354	0.14
839	0.0137	0.564	0.354	0.141
840	0.0137	0.563	0.354	0.14
841	0.0141	0.563	0.354	0.14
842	0.0142	0.563	0.354	0.14
843	0.0145	0.563	0.354	0.14
844	0.0151	0.563	0.354	0.14
845	0.0148	0.563	0.354	0.14
846	0.0146	0.563	0.354	0.14
847	0.0148	0.563	0.354	0.14
848	0.0144	0.563	0.354	0.14
849	0.0143	0.563	0.354	0.14
850	0.0142	0.563	0.354	0.14
851	0.0142	0.563	0.354	0.14
852	0.0145	0.563	0.354	0.14
853	0.0142	0.563	0.354	0.14
854	0.0143	0.563	0.353	0.14
855	0.0141	0.563	0.354	0.14
856	0.0138	0.563	0.354	0.14
857	0.0139	0.563	0.354	0.141
858	0.0138	0.563	0.354	0.14
859	0.0142	0.562	0.354	0.14
860	0.0136	0.562	0.354	0.14
861	0.0138	0.563	0.354	0.14
862	0.014	0.563	0.354	0.14
863	0.0141	0.562	0.354	0.14
864	0.0146	0.562	0.354	0.14
865	0.0143	0.562	0.354	0.14
866	0.0141	0.562	0.354	0.14
867	0.0145	0.562	0.354	0.14
868	0.0146	0.562	0.354	0.14
869	0.015	0.562	0.354	0.14
870	0.0148	0.562	0.354	0.14
871	0.0144	0.562	0.354	0.14
872	0.0145	0.561	0.354	0.14
873	0.0146	0.562	0.354	0.14
874	0.0145	0.562	0.354	0.14
875	0.0148	0.562	0.354	0.14
876	0.0142	0.562	0.354	0.14
877	0.0144	0.562	0.354	0.14
878	0.0144	0.562	0.354	0.14
879	0.0148	0.562	0.353	0.14
880	0.0147	0.562	0.354	0.14
881	0.0144	0.562	0.354	0.14
882	0.0142	0.563	0.354	0.14
883	0.0141	0.562	0.353	0.14
884	0.0142	0.562	0.353	0.139
885	0.0142	0.562	0.354	0.139
886	0.0138	0.562	0.354	0.139
887	0.014	0.562	0.354	0.139
888	0.014	0.562	0.354	0.139
889	0.0146	0.562	0.353	0.139
890	0.0145	0.562	0.354	0.139
891	0.0143	0.562	0.354	0.139
892	0.0148	0.562	0.354	0.139
893	0.0142	0.561	0.354	0.139
894	0.0148	0.561	0.354	0.139
895	0.0148	0.562	0.354	0.139
896	0.0146	0.561	0.354	0.139
897	0.0142	0.561	0.354	0.139
898	0.014	0.561	0.354	0.139
899	0.0142	0.561	0.353	0.139
900	0.0141	0.561	0.354	0.139
901	0.0143	0.561	0.354	0.139
902	0.0146	0.561	0.354	0.139
903	0.0147	0.561	0.354	0.139
904	0.0149	0.56	0.354	0.139
905	0.0149	0.561	0.354	0.139
906	0.0148	0.56	0.354	0.139
907	0.0146	0.56	0.354	0.138
908	0.0147	0.561	0.354	0.139
909	0.0145	0.56	0.354	0.139
910	0.0145	0.56	0.354	0.139
911	0.0144	0.56	0.354	0.139
912	0.0141	0.56	0.354	0.139
913	0.0142	0.56	0.354	0.139
914	0.0142	0.56	0.354	0.139
915	0.0142	0.56	0.354	0.139
916	0.0141	0.56	0.354	0.139
917	0.0145	0.56	0.354	0.139
918	0.0146	0.56	0.353	0.139
919	0.0147	0.56	0.354	0.139
920	0.0147	0.56	0.354	0.139
921	0.0142	0.56	0.354	0.139
922	0.0142	0.559	0.354	0.139
923	0.0139	0.56	0.354	0.139
924	0.0137	0.559	0.354	0.138
925	0.0141	0.559	0.354	0.138
926	0.0142	0.56	0.354	0.139
927	0.0145	0.559	0.354	0.138
928	0.0145	0.559	0.354	0.138
929	0.0142	0.56	0.354	0.138
930	0.0144	0.56	0.354	0.138
931	0.0145	0.559	0.354	0.138
932	0.0149	0.56	0.354	0.139
933	0.0146	0.559	0.354	0.139
934	0.0143	0.559	0.354	0.138
935	0.0145	0.559	0.354	0.138
936	0.0146	0.559	0.354	0.138
937	0.0144	0.559	0.354	0.138
938	0.0141	0.559	0.354	0.138
939	0.0145	0.559	0.354	0.138
940	0.0144	0.559	0.354	0.138
941	0.0138	0.559	0.354	0.138
942	0.014	0.559	0.354	0.138
943	0.014	0.559	0.354	0.138
944	0.0138	0.559	0.354	0.138
945	0.0141	0.559	0.354	0.138
946	0.014	0.559	0.354	0.138
947	0.0144	0.559	0.354	0.138
948	0.0145	0.559	0.354	0.138
949	0.0144	0.558	0.354	0.138
950	0.0143	0.558	0.354	0.138
951	0.0144	0.558	0.354	0.138
952	0.0141	0.558	0.354	0.138
953	0.0137	0.558	0.354	0.138
954	0.014	0.558	0.354	0.138
955	0.014	0.559	0.354	0.138
956	0.0141	0.559	0.354	0.138
957	0.0144	0.559	0.354	0.138
958	0.0145	0.558	0.354	0.138
959	0.0145	0.558	0.354	0.138
960	0.0143	0.558	0.354	0.138
961	0.0139	0.558	0.354	0.138
962	0.0138	0.558	0.354	0.138
963	0.014	0.557	0.354	0.138
964	0.0141	0.557	0.354	0.138
965	0.0145	0.558	0.354	0.138
966	0.015	0.558	0.354	0.138
967	0.0146	0.558	0.354	0.138
968	0.0143	0.558	0.354	0.138
969	0.0147	0.558	0.354	0.138
970	0.0149	0.558	0.354	0.138
971	0.0144	0.558	0.354	0.138
972	0.0146	0.559	0.354	0.138
973	0.0145	0.558	0.354	0.138
974	0.0144	0.557	0.354	0.138
975	0.0144	0.555	0.357	0.138
976	0.0142	0.553	0.36	0.138
977	0.014	0.553	0.359	0.138
978	0.0143	0.554	0.359	0.138
979	0.0138	0.553	0.358	0.138
980	0.0143	0.554	0.358	0.138
981	0.0144	0.554	0.358	0.138
982	0.0142	0.554	0.358	0.138
983	0.0143	0.554	0.358	0.138
984	0.0149	0.554	0.358	0.138
985	0.0147	0.554	0.357	0.138
986	0.0146	0.553	0.358	0.138
987	0.0145	0.554	0.357	0.138
988	0.0144	0.554	0.357	0.138
989	0.0141	0.555	0.357	0.138
990	0.014	0.554	0.357	0.138
991	0.0141	0.554	0.357	0.138
992	0.0145	0.554	0.357	0.138
993	0.0144	0.555	0.357	0.138
994	0.0144	0.555	0.357	0.138
995	0.0142	0.554	0.357	0.138
996	0.0138	0.555	0.356	0.138
997	0.0142	0.555	0.356	0.138
998	0.0146	0.555	0.356	0.138
999	0.0144	0.555	0.356	0.138
1000	0.0141	0.555	0.356	0.138
1001	0.014	0.555	0.356	0.138
1002	0.0142	0.555	0.356	0.138
1003	0.0142	0.555	0.356	0.138
1004	0.0139	0.555	0.356	0.138
1005	0.0137	0.555	0.356	0.138
1006	0.0144	0.555	0.356	0.138
1007	0.0143	0.555	0.356	0.138
1008	0.0141	0.554	0.356	0.138
1009	0.0142	0.554	0.356	0.137
1010	0.0141	0.554	0.356	0.137
1011	0.0142	0.554	0.356	0.137
1012	0.014	0.555	0.356	0.137
1013	0.014	0.555	0.356	0.138
1014	0.0137	0.554	0.356	0.137
1015	0.0136	0.555	0.356	0.138
1016	0.014	0.555	0.356	0.138
1017	0.014	0.554	0.356	0.137
1018	0.0141	0.554	0.356	0.137
1019	0.0141	0.554	0.356	0.138
1020	0.0138	0.554	0.356	0.137
1021	0.0137	0.554	0.356	0.137
1022	0.0139	0.554	0.356	0.137
1023	0.0137	0.554	0.356	0.137
1024	0.0135	0.554	0.355	0.137
1025	0.0132	0.554	0.356	0.137
1026	0.0133	0.554	0.356	0.137
1027	0.0133	0.554	0.356	0.137
1028	0.0131	0.555	0.356	0.137
1029	0.0132	0.555	0.356	0.137
1030	0.013	0.555	0.356	0.137
1031	0.0132	0.555	0.355	0.137
1032	0.0134	0.554	0.355	0.137
1033	0.0135	0.554	0.356	0.137
1034	0.0137	0.554	0.356	0.137
1035	0.0135	0.554	0.356	0.137
1036	0.0136	0.554	0.356	0.137
1037	0.0134	0.553	0.356	0.137
1038	0.0133	0.554	0.356	0.137
1039	0.0131	0.553	0.356	0.137
1040	0.0135	0.554	0.356	0.137
1041	0.0136	0.554	0.356	0.137
1042	0.0138	0.554	0.356	0.137
1043	0.0137	0.553	0.356	0.137
1044	0.0138	0.553	0.356	0.137
1045	0.0137	0.553	0.356	0.137
1046	0.0134	0.554	0.356	0.137
1047	0.0133	0.554	0.356	0.137
1048	0.013	0.553	0.356	0.137
1049	0.0132	0.553	0.356	0.137
1050	0.0132	0.553	0.356	0.137
1051	0.0135	0.553	0.356	0.137
1052	0.0134	0.553	0.355	0.137
1053	0.0137	0.553	0.356	0.137
1054	0.0137	0.553	0.355	0.137
1055	0.0135	0.553	0.356	0.137
1056	0.0135	0.553	0.356	0.137
1057	0.0135	0.553	0.356	0.137
1058	0.0136	0.553	0.356	0.137
1059	0.0136	0.553	0.356	0.137
1060	0.0136	0.553	0.356	0.137
1061	0.0137	0.553	0.356	0.137
1062	0.0137	0.553	0.356	0.137
1063	0.0139	0.553	0.356	0.137
1064	0.014	0.552	0.356	0.137
1065	0.0134	0.553	0.356	0.137
1066	0.0136	0.552	0.356	0.137
1067	0.0136	0.552	0.356	0.137
1068	0.0138	0.553	0.356	0.137
1069	0.0139	0.553	0.356	0.137
1070	0.014	0.553	0.356	0.136
1071	0.0136	0.553	0.356	0.137
1072	0.0135	0.552	0.356	0.137
1073	0.0132	0.553	0.356	0.137
1074	0.013	0.552	0.356	0.137
1075	0.0132	0.552	0.356	0.136
1076	0.0134	0.552	0.356	0.137
1077	0.0134	0.552	0.356	0.137
1078	0.0138	0.552	0.356	0.137
1079	0.0137	0.552	0.356	0.137
1080	0.014	0.552	0.356	0.137
1081	0.0136	0.553	0.356	0.137
1082	0.0134	0.552	0.356	0.137
1083	0.0135	0.552	0.356	0.137
1084	0.0138	0.552	0.356	0.137
1085	0.0136	0.552	0.356	0.137
1086	0.0136	0.553	0.355	0.137
1087	0.0136	0.552	0.355	0.137
1088	0.0134	0.552	0.356	0.137
1089	0.013	0.552	0.355	0.136
1090	0.013	0.552	0.356	0.137
1091	0.0132	0.552	0.356	0.137
1092	0.0132	0.552	0.355	0.136
1093	0.013	0.552	0.356	0.137
1094	0.0133	0.552	0.356	0.137
1095	0.0135	0.552	0.356	0.137
1096	0.0135	0.551	0.356	0.137
1097	0.0138	0.552	0.356	0.137
1098	0.0138	0.551	0.356	0.137
1099	0.0138	0.552	0.355	0.137
1100	0.0134	0.552	0.355	0.137
1101	0.0138	0.552	0.356	0.137
1102	0.0138	0.552	0.355	0.137
1103	0.0135	0.552	0.355	0.137
1104	0.0135	0.552	0.355	0.137
1105	0.0135	0.552	0.355	0.136
1106	0.0136	0.552	0.355	0.136
1107	0.014	0.552	0.355	0.136
1108	0.014	0.552	0.355	0.136
1109	0.0135	0.552	0.356	0.136
1110	0.0135	0.552	0.356	0.136
1111	0.0134	0.552	0.356	0.136
1112	0.0132	0.552	0.356	0.136
1113	0.0131	0.552	0.356	0.136
1114	0.0132	0.552	0.356	0.136
1115	0.0131	0.551	0.356	0.136
1116	0.0132	0.552	0.356	0.137
1117	0.0133	0.552	0.356	0.136
1118	0.0135	0.552	0.356	0.136
1119	0.0134	0.551	0.355	0.136
1120	0.0137	0.551	0.355	0.136
1121	0.0134	0.551	0.355	0.136
1122	0.0134	0.551	0.356	0.136
1123	0.0135	0.551	0.355	0.136
1124	0.0134	0.551	0.355	0.136
1125	0.0134	0.551	0.356	0.136
1126	0.0135	0.551	0.356	0.136
1127	0.0137	0.55	0.356	0.136
1128	0.0136	0.551	0.355	0.136
1129	0.0139	0.551	0.356	0.136
1130	0.0137	0.551	0.356	0.136
1131	0.0137	0.551	0.356	0.136
1132	0.0136	0.551	0.356	0.136
1133	0.0136	0.551	0.356	0.136
1134	0.0134	0.55	0.355	0.136
1135	0.0131	0.55	0.355	0.136
1136	0.013	0.548	0.358	0.136
1137	0.0132	0.546	0.36	0.136
1138	0.0132	0.546	0.36	0.136
1139	0.0133	0.546	0.36	0.136
1140	0.0134	0.547	0.359	0.136
1141	0.0131	0.547	0.359	0.136
1142	0.0124	0.547	0.359	0.136
1143	0.0124	0.547	0.359	0.136
1144	0.0126	0.547	0.358	0.136
1145	0.0128	0.547	0.359	0.136
1146	0.0128	0.548	0.358	0.136
1147	0.0128	0.548	0.358	0.135
1148	0.0127	0.548	0.358	0.135
1149	0.0124	0.547	0.358	0.135
1150	0.0124	0.548	0.358	0.135
1151	0.0126	0.548	0.358	0.136
1152	0.0132	0.548	0.358	0.136
1153	0.0129	0.547	0.358	0.136
1154	0.0126	0.547	0.358	0.136
1155	0.0126	0.548	0.358	0.136
1156	0.0128	0.547	0.358	0.136
1157	0.0126	0.548	0.358	0.136
1158	0.0127	0.547	0.358	0.136
1159	0.0129	0.547	0.357	0.136
1160	0.0129	0.547	0.358	0.136
1161	0.0127	0.547	0.357	0.136
1162	0.0128	0.547	0.358	0.136
1163	0.013	0.547	0.358	0.136
1164	0.0128	0.548	0.357	0.136
1165	0.0126	0.548	0.358	0.136
1166	0.0125	0.548	0.357	0.136
1167	0.0126	0.548	0.358	0.136
1168	0.0128	0.548	0.357	0.136
1169	0.0131	0.547	0.358	0.136
1170	0.0126	0.547	0.358	0.136
1171	0.0126	0.547	0.357	0.136
1172	0.0127	0.547	0.357	0.136
1173	0.0127	0.548	0.357	0.136
1174	0.013	0.547	0.358	0.136
1175	0.0128	0.547	0.357	0.136
1176	0.0127	0.548	0.357	0.135
1177	0.0127	0.548	0.357	0.135
1178	0.0127	0.548	0.357	0.135
1179	0.0125	0.547	0.357	0.135
1180	0.0124	0.547	0.357	0.135
1181	0.0127	0.547	0.357	0.135
1182	0.013	0.547	0.357	0.135
1183	0.0129	0.547	0.357	0.135
1184	0.0134	0.547	0.357	0.135
1185	0.0131	0.547	0.357	0.135
1186	0.0129	0.547	0.357	0.135
1187	0.013	0.547	0.357	0.135
1188	0.013	0.547	0.357	0.135
1189	0.0128	0.547	0.357	0.135
1190	0.0124	0.547	0.357	0.135
1191	0.0122	0.547	0.357	0.135
1192	0.0125	0.547	0.357	0.135
1193	0.0123	0.547	0.357	0.135
1194	0.0126	0.547	0.357	0.135
1195	0.0124	0.547	0.357	0.135
1196	0.0124	0.547	0.357	0.135
1197	0.0129	0.546	0.357	0.135
1198	0.0127	0.546	0.357	0.135
1199	0.0126	0.546	0.357	0.135
1200	0.0127	0.546	0.357	0.135
1201	0.0128	0.546	0.357	0.135
1202	0.0129	0.547	0.357	0.135
1203	0.0129	0.546	0.357	0.135
1204	0.013	0.546	0.357	0.135
1205	0.0129	0.547	0.357	0.135
1206	0.0131	0.547	0.356	0.135
1207	0.013	0.546	0.356	0.135
1208	0.0132	0.547	0.357	0.135
1209	0.0134	0.547	0.356	0.135
1210	0.0131	0.547	0.356	0.135
1211	0.0128	0.547	0.356	0.135
1212	0.0129	0.547	0.356	0.135
1213	0.0127	0.547	0.356	0.135
1214	0.0126	0.547	0.356	0.135
1215	0.0125	0.547	0.357	0.135
1216	0.013	0.547	0.356	0.135
1217	0.0129	0.547	0.356	0.135
1218	0.0125	0.547	0.357	0.135
1219	0.0131	0.547	0.356	0.135
1220	0.0129	0.547	0.356	0.135
1221	0.0127	0.547	0.356	0.135
1222	0.0129	0.547	0.356	0.135
1223	0.0127	0.547	0.356	0.135
1224	0.0126	0.546	0.356	0.134
1225	0.0125	0.546	0.356	0.134
1226	0.0123	0.546	0.356	0.134
1227	0.0127	0.546	0.357	0.135
1228	0.0128	0.546	0.356	0.134
1229	0.0129	0.546	0.356	0.134
1230	0.0127	0.546	0.357	0.135
1231	0.0126	0.546	0.357	0.134
1232	0.0123	0.546	0.356	0.134
1233	0.0125	0.546	0.356	0.134
1234	0.0124	0.546	0.356	0.134
1235	0.0123	0.546	0.356	0.134
1236	0.0125	0.546	0.356	0.135
1237	0.0125	0.546	0.356	0.134
1238	0.0126	0.546	0.356	0.135
1239	0.0126	0.547	0.356	0.135
1240	0.0127	0.546	0.356	0.135
1241	0.0121	0.546	0.356	0.134
1242	0.0119	0.546	0.356	0.135
1243	0.0119	0.545	0.356	0.134
1244	0.0124	0.546	0.356	0.134
1245	0.0126	0.546	0.356	0.134
1246	0.0126	0.546	0.356	0.134
1247	0.0128	0.546	0.356	0.134
1248	0.0128	0.546	0.356	0.135
1249	0.0126	0.546	0.356	0.134
1250	0.0128	0.546	0.356	0.135
1251	0.0133	0.546	0.356	0.135
1252	0.0127	0.545	0.356	0.134
1253	0.013	0.546	0.356	0.135
1254	0.0129	0.546	0.356	0.135
1255	0.0128	0.545	0.356	0.135
1256	0.013	0.545	0.356	0.135
1257	0.0125	0.545	0.356	0.135
1258	0.0126	0.545	0.357	0.134
1259	0.0127	0.545	0.356	0.135
1260	0.0128	0.545	0.356	0.134
1261	0.0129	0.545	0.356	0.134
1262	0.0127	0.545	0.356	0.134
1263	0.0124	0.546	0.356	0.135
1264	0.0124	0.546	0.356	0.135
1265	0.0125	0.546	0.357	0.135
1266	0.0127	0.546	0.357	0.135
1267	0.0127	0.545	0.357	0.134
1268	0.0123	0.545	0.356	0.134
1269	0.0124	0.545	0.356	0.134
1270	0.0125	0.545	0.356	0.134
1271	0.0126	0.546	0.357	0.135
1272	0.0125	0.543	0.359	0.134
1273	0.0125	0.541	0.361	0.134
1274	0.0124	0.541	0.361	0.134
1275	0.0123	0.542	0.361	0.134
1276	0.012	0.542	0.36	0.134
1277	0.0121	0.541	0.361	0.134
1278	0.0121	0.542	0.36	0.134
1279	0.0125	0.542	0.36	0.134
1280	0.0123	0.542	0.36	0.134
1281	0.0127	0.542	0.359	0.134
1282	0.0129	0.543	0.359	0.134
1283	0.0126	0.543	0.359	0.134
1284	0.0129	0.543	0.359	0.135
1285	0.0129	0.542	0.359	0.134
1286	0.0127	0.542	0.359	0.134
1287	0.0124	0.543	0.358	0.134
1288	0.0121	0.543	0.359	0.134
1289	0.0124	0.543	0.359	0.135
1290	0.0119	0.542	0.359	0.134
1291	0.012	0.543	0.358	0.134
1292	0.0121	0.542	0.359	0.134
1293	0.0119	0.542	0.359	0.134
1294	0.0122	0.542	0.359	0.134
1295	0.0122	0.542	0.358	0.134
1296	0.0124	0.542	0.358	0.134
1297	0.0125	0.542	0.358	0.134
1298	0.0124	0.542	0.358	0.134
1299	0.0125	0.542	0.358	0.134
1300	0.0125	0.542	0.358	0.134
1301	0.0125	0.543	0.358	0.134
1302	0.0121	0.543	0.358	0.134
1303	0.012	0.543	0.358	0.134
1304	0.0124	0.543	0.358	0.134
1305	0.0126	0.543	0.358	0.134
1306	0.0124	0.543	0.358	0.134
1307	0.0122	0.543	0.358	0.134
1308	0.0121	0.543	0.358	0.134
1309	0.0125	0.543	0.358	0.134
1310	0.0122	0.543	0.358	0.134
1311	0.0123	0.543	0.358	0.134
1312	0.0126	0.542	0.358	0.134
1313	0.0124	0.543	0.358	0.134
1314	0.0123	0.543	0.358	0.134
1315	0.0123	0.543	0.358	0.134
1316	0.0123	0.543	0.358	0.134
1317	0.0122	0.543	0.358	0.134
1318	0.0123	0.542	0.358	0.134
1319	0.0121	0.543	0.358	0.134
1320	0.012	0.542	0.358	0.134
1321	0.0119	0.542	0.358	0.134
1322	0.0122	0.543	0.358	0.134
1323	0.0122	0.543	0.358	0.134
1324	0.0124	0.542	0.358	0.134
1325	0.0124	0.542	0.358	0.134
1326	0.0123	0.543	0.357	0.134
1327	0.0123	0.543	0.357	0.134
1328	0.0121	0.542	0.358	0.134
1329	0.0121	0.543	0.357	0.134
1330	0.0122	0.543	0.357	0.134
1331	0.0123	0.543	0.357	0.134
1332	0.0121	0.542	0.357	0.134
1333	0.0119	0.543	0.357	0.134
1334	0.012	0.543	0.357	0.134
1335	0.0119	0.542	0.358	0.134
1336	0.0115	0.542	0.357	0.133
1337	0.0118	0.542	0.357	0.134
1338	0.0117	0.542	0.357	0.133
1339	0.0117	0.542	0.357	0.133
1340	0.0118	0.542	0.357	0.133
1341	0.0119	0.542	0.357	0.133
1342	0.0119	0.542	0.357	0.133
1343	0.012	0.542	0.357	0.134
1344	0.0123	0.542	0.358	0.134
1345	0.0117	0.542	0.357	0.133
1346	0.0118	0.542	0.357	0.134
1347	0.012	0.541	0.358	0.133
1348	0.0119	0.542	0.357	0.134
1349	0.0123	0.541	0.358	0.134
1350	0.0123	0.541	0.357	0.134
1351	0.0119	0.541	0.358	0.133
1352	0.012	0.541	0.358	0.134
1353	0.0119	0.541	0.358	0.133
1354	0.012	0.541	0.358	0.133
1355	0.0119	0.542	0.358	0.134
1356	0.0118	0.542	0.358	0.134
1357	0.0118	0.542	0.358	0.134
1358	0.0118	0.541	0.358	0.134
1359	0.0116	0.541	0.358	0.134
1360	0.0115	0.541	0.358	0.134
1361	0.0115	0.542	0.357	0.134
1362	0.0117	0.542	0.357	0.134
1363	0.0118	0.542	0.357	0.134
1364	0.0117	0.542	0.357	0.134
1365	0.0117	0.542	0.357	0.133
1366	0.0115	0.541	0.358	0.133
1367	0.0113	0.541	0.357	0.133
1368	0.0115	0.541	0.358	0.133
1369	0.0114	0.541	0.358	0.133
1370	0.0116	0.541	0.358	0.133
1371	0.0119	0.541	0.358	0.133
1372	0.0117	0.541	0.358	0.133
1373	0.0118	0.541	0.358	0.133
1374	0.0118	0.541	0.358	0.133
1375	0.0119	0.541	0.358	0.134
1376	0.0119	0.541	0.358	0.133
1377	0.0116	0.541	0.357	0.134
1378	0.0114	0.541	0.357	0.133
1379	0.0115	0.542	0.358	0.133
1380	0.0116	0.541	0.358	0.133
1381	0.0113	0.541	0.358	0.133
1382	0.0118	0.541	0.357	0.134
1383	0.0114	0.541	0.358	0.134
1384	0.0116	0.541	0.358	0.133
1385	0.0117	0.541	0.357	0.133
1386	0.0118	0.54	0.358	0.133
1387	0.012	0.54	0.358	0.133
1388	0.0119	0.541	0.358	0.133
1389	0.0122	0.541	0.357	0.133
1390	0.0122	0.541	0.358	0.133
1391	0.0124	0.541	0.357	0.134
1392	0.0118	0.541	0.357	0.133
1393	0.0118	0.54	0.357	0.133
1394	0.0118	0.541	0.357	0.133
1395	0.012	0.541	0.357	0.133
1396	0.0119	0.541	0.357	0.133
1397	0.012	0.541	0.357	0.133
1398	0.0118	0.541	0.357	0.134
1399	0.0117	0.541	0.357	0.133
1400	0.0118	0.541	0.357	0.134
1401	0.0116	0.541	0.357	0.134
1402	0.0116	0.541	0.357	0.133
1403	0.0115	0.541	0.357	0.134
1404	0.0117	0.541	0.357	0.133
1405	0.0115	0.541	0.357	0.133
1406	0.0116	0.541	0.357	0.133
1407	0.0115	0.541	0.357	0.133
1408	0.0114	0.541	0.357	0.133
1409	0.0112	0.541	0.357	0.133
1410	0.0112	0.54	0.357	0.133
1411	0.0115	0.54	0.357	0.133
1412	0.0109	0.54	0.357	0.133
1413	0.0111	0.54	0.357	0.133
1414	0.0114	0.54	0.357	0.133
1415	0.0113	0.54	0.357	0.133
1416	0.0111	0.54	0.357	0.133
1417	0.0111	0.54	0.357	0.133
1418	0.0112	0.54	0.357	0.133
1419	0.0112	0.54	0.357	0.133
1420	0.011	0.54	0.357	0.133
1421	0.0112	0.54	0.357	0.133
1422	0.0113	0.54	0.357	0.133
1423	0.0113	0.541	0.357	0.133
1424	0.0112	0.54	0.357	0.133
1425	0.0111	0.54	0.357	0.133
1426	0.0111	0.54	0.357	0.133
1427	0.011	0.54	0.357	0.133
1428	0.0111	0.54	0.357	0.133
1429	0.0111	0.54	0.357	0.133
1430	0.011	0.54	0.357	0.132
1431	0.0111	0.54	0.357	0.132
1432	0.0114	0.54	0.357	0.133
1433	0.0118	0.54	0.357	0.133
1434	0.0113	0.54	0.357	0.132
1435	0.0113	0.539	0.357	0.133
1436	0.0114	0.54	0.357	0.133
1437	0.0115	0.54	0.357	0.133
1438	0.0115	0.539	0.357	0.133
1439	0.0114	0.539	0.357	0.133
1440	0.0112	0.539	0.357	0.133
1441	0.0114	0.54	0.357	0.133
1442	0.0113	0.54	0.357	0.133
1443	0.0112	0.54	0.357	0.133
1444	0.011	0.54	0.357	0.133
1445	0.0111	0.54	0.357	0.133
1446	0.0113	0.537	0.36	0.133
1447	0.0112	0.535	0.362	0.133
1448	0.0111	0.535	0.361	0.133
1449	0.0109	0.536	0.361	0.133
1450	0.011	0.537	0.361	0.133
1451	0.0108	0.537	0.361	0.133
1452	0.0105	0.537	0.36	0.133
1453	0.0107	0.537	0.36	0.133
1454	0.0106	0.537	0.36	0.133
1455	0.0107	0.536	0.36	0.132
1456	0.0106	0.536	0.36	0.132
1457	0.0109	0.536	0.359	0.132
1458	0.011	0.536	0.36	0.132
1459	0.0109	0.537	0.359	0.132
1460	0.0112	0.537	0.359	0.132
1461	0.0112	0.537	0.359	0.132
1462	0.0111	0.537	0.359	0.133
1463	0.0111	0.537	0.359	0.132
1464	0.0111	0.537	0.359	0.132
1465	0.0108	0.537	0.359	0.132
1466	0.0107	0.537	0.359	0.132
1467	0.0107	0.537	0.359	0.132
1468	0.0109	0.536	0.359	0.132
1469	0.0108	0.537	0.359	0.132
1470	0.0109	0.537	0.358	0.132
1471	0.0112	0.536	0.359	0.132
1472	0.011	0.536	0.359	0.132
1473	0.0111	0.537	0.359	0.132
1474	0.0112	0.537	0.358	0.132
1475	0.0111	0.537	0.358	0.132
1476	0.0112	0.536	0.359	0.132
1477	0.0113	0.537	0.358	0.132
1478	0.0113	0.537	0.358	0.132
1479	0.0114	0.537	0.358	0.132
1480	0.0115	0.537	0.358	0.132
1481	0.0115	0.537	0.358	0.132
1482	0.0113	0.538	0.358	0.132
1483	0.0113	0.537	0.358	0.132
1484	0.0113	0.537	0.358	0.132
1485	0.0112	0.538	0.358	0.132
1486	0.0111	0.537	0.358	0.132
1487	0.0111	0.537	0.358	0.132
1488	0.0111	0.537	0.358	0.132
1489	0.0113	0.537	0.358	0.132
1490	0.0113	0.537	0.358	0.132
1491	0.0117	0.537	0.358	0.132
1492	0.0115	0.537	0.358	0.132
1493	0.0114	0.537	0.358	0.132
1494	0.0118	0.537	0.358	0.132
1495	0.0115	0.536	0.358	0.132
1496	0.0113	0.537	0.358	0.132
1497	0.0113	0.537	0.358	0.132
1498	0.0115	0.537	0.358	0.132
1499	0.0116	0.536	0.358	0.132
1500	0.0112	0.537	0.358	0.132
1501	0.0113	0.537	0.358	0.131
1502	0.0111	0.537	0.358	0.132
1503	0.0111	0.537	0.358	0.132
1504	0.011	0.537	0.358	0.132
1505	0.0114	0.537	0.358	0.132
1506	0.0114	0.536	0.358	0.132
1507	0.0113	0.537	0.358	0.132
1508	0.0112	0.537	0.358	0.132
1509	0.0109	0.536	0.358	0.132
1510	0.0108	0.536	0.358	0.132
1511	0.011	0.536	0.358	0.132
1512	0.0111	0.536	0.358	0.132
1513	0.0112	0.537	0.358	0.132
1514	0.0115	0.536	0.358	0.132
1515	0.0111	0.536	0.358	0.132
1516	0.0113	0.536	0.358	0.131
1517	0.0114	0.537	0.358	0.132
1518	0.0109	0.536	0.358	0.132
1519	0.0111	0.536	0.358	0.132
1520	0.0112	0.536	0.358	0.132
1521	0.0111	0.536	0.358	0.132
1522	0.011	0.536	0.358	0.132
1523	0.0111	0.536	0.358	0.132
1524	0.0111	0.536	0.358	0.132
1525	0.0112	0.536	0.358	0.132
1526	0.0114	0.536	0.358	0.132
1527	0.0111	0.536	0.358	0.132
1528	0.0112	0.537	0.358	0.132
1529	0.011	0.536	0.358	0.132
1530	0.0115	0.536	0.358	0.132
1531	0.0115	0.536	0.358	0.132
1532	0.0112	0.536	0.358	0.132
1533	0.0116	0.536	0.358	0.132
1534	0.0115	0.537	0.358	0.132
1535	0.0113	0.536	0.358	0.132
1536	0.0114	0.536	0.358	0.132
1537	0.011	0.536	0.358	0.132
1538	0.0112	0.536	0.358	0.132
1539	0.0112	0.536	0.358	0.132
1540	0.0113	0.536	0.358	0.132
1541	0.0113	0.536	0.358	0.131
1542	0.0117	0.536	0.358	0.132
1543	0.0116	0.536	0.358	0.132
1544	0.0118	0.536	0.358	0.132
1545	0.0118	0.536	0.358	0.132
1546	0.0119	0.536	0.358	0.132
1547	0.0116	0.536	0.357	0.132
1548	0.0114	0.536	0.357	0.132
1549	0.0114	0.536	0.358	0.132
1550	0.0111	0.536	0.357	0.131
1551	0.0112	0.536	0.358	0.132
1552	0.0115	0.536	0.358	0.132
1553	0.0116	0.535	0.358	0.132
1554	0.0116	0.535	0.358	0.132
1555	0.0115	0.535	0.358	0.132
1556	0.0115	0.535	0.358	0.131
1557	0.0112	0.536	0.357	0.132
1558	0.0111	0.536	0.357	0.131
1559	0.0116	0.535	0.357	0.131
1560	0.0114	0.536	0.357	0.132
1561	0.0112	0.536	0.357	0.131
1562	0.0113	0.536	0.357	0.131
1563	0.0117	0.536	0.357	0.131
1564	0.0119	0.536	0.357	0.132
1565	0.0114	0.536	0.357	0.131
1566	0.0114	0.536	0.357	0.131
1567	0.0113	0.536	0.357	0.131
1568	0.0117	0.536	0.357	0.131
1569	0.0115	0.536	0.358	0.131
1570	0.0115	0.536	0.357	0.131
1571	0.0116	0.536	0.357	0.131
1572	0.0115	0.536	0.357	0.131
1573	0.0116	0.535	0.357	0.131
1574	0.0115	0.535	0.357	0.131
1575	0.0115	0.536	0.357	0.131
1576	0.0113	0.535	0.357	0.131
1577	0.0114	0.535	0.357	0.131
1578	0.0117	0.535	0.358	0.131
1579	0.0117	0.535	0.357	0.131
1580	0.0117	0.535	0.358	0.131
1581	0.0117	0.535	0.357	0.131
1582	0.0115	0.536	0.357	0.131
1583	0.0114	0.535	0.357	0.131
1584	0.0113	0.535	0.357	0.131
1585	0.0116	0.535	0.357	0.131
1586	0.0118	0.535	0.357	0.131
1587	0.0119	0.535	0.357	0.131
1588	0.0117	0.535	0.357	0.131
1589	0.0116	0.535	0.357	0.131
1590	0.0112	0.535	0.357	0.131
1591	0.0111	0.535	0.357	0.131
1592	0.011	0.535	0.357	0.131
1593	0.0111	0.535	0.357	0.131
1594	0.0112	0.535	0.357	0.131
1595	0.0108	0.535	0.358	0.131
