Iteration	ValueMean	ValueStddev	DerivMean	DerivStddev
1	-0.0422	0.563	0.65	0.314
2	-0.0366	0.547	0.675	0.298
3	-0.0289	0.524	0.681	0.273
4	-0.0234	0.512	0.689	0.259
5	-0.0197	0.492	0.701	0.244
6	-0.0156	0.483	0.708	0.241
7	-0.0166	0.483	0.704	0.241
8	-0.0154	0.482	0.705	0.241
9	-0.0142	0.48	0.707	0.24
10	-0.0122	0.481	0.705	0.24
11	-0.014	0.481	0.706	0.239
12	-0.0136	0.482	0.706	0.24
13	-0.0129	0.482	0.706	0.24
14	-0.0138	0.483	0.706	0.24
15	-0.0128	0.484	0.706	0.24
16	-0.0144	0.484	0.705	0.24
17	-0.0144	0.485	0.704	0.24
18	-0.0129	0.486	0.704	0.241
19	-0.0122	0.486	0.705	0.241
20	-0.0122	0.485	0.705	0.24
21	-0.0119	0.485	0.705	0.24
22	-0.0113	0.485	0.706	0.239
23	-0.0118	0.485	0.706	0.24
24	-0.0114	0.486	0.706	0.239
25	-0.0123	0.485	0.706	0.239
26	-0.0129	0.486	0.707	0.239
27	-0.0118	0.485	0.707	0.239
28	-0.0118	0.485	0.707	0.239
29	-0.0117	0.486	0.706	0.239
30	-0.0118	0.487	0.706	0.24
31	-0.0121	0.487	0.706	0.239
32	-0.0128	0.486	0.707	0.239
33	-0.0122	0.485	0.708	0.238
34	-0.0128	0.485	0.708	0.237
35	-0.0132	0.486	0.708	0.238
36	-0.0132	0.486	0.708	0.238
37	-0.0119	0.487	0.708	0.239
38	-0.0118	0.488	0.707	0.24
39	-0.0111	0.486	0.709	0.238
40	-0.011	0.486	0.709	0.238
41	-0.0123	0.487	0.708	0.238
42	-0.0111	0.486	0.709	0.238
43	-0.0103	0.485	0.71	0.237
44	-0.0119	0.486	0.71	0.237
45	-0.0113	0.485	0.71	0.236
46	-0.0114	0.485	0.71	0.236
47	-0.0116	0.486	0.71	0.236
48	-0.0119	0.485	0.71	0.235
49	-0.0117	0.485	0.711	0.236
50	-0.0116	0.484	0.711	0.235
51	-0.0113	0.485	0.711	0.235
52	-0.0123	0.485	0.711	0.236
53	-0.0127	0.484	0.712	0.234
54	-0.0132	0.484	0.712	0.235
55	-0.0123	0.484	0.713	0.235
56	-0.0118	0.483	0.713	0.235
57	-0.012	0.483	0.714	0.234
58	-0.0108	0.483	0.713	0.235
59	-0.00955	0.484	0.712	0.235
60	-0.00973	0.484	0.713	0.235
61	-0.0106	0.484	0.714	0.235
62	-0.0111	0.482	0.715	0.234
63	-0.0108	0.481	0.716	0.233
64	-0.0108	0.482	0.716	0.233
65	-0.0112	0.482	0.716	0.234
66	-0.0114	0.482	0.716	0.234
67	-0.0114	0.481	0.717	0.234
68	-0.0115	0.481	0.717	0.233
69	-0.0114	0.482	0.716	0.234
70	-0.0101	0.481	0.716	0.234
71	-0.0103	0.482	0.716	0.234
72	-0.00954	0.483	0.715	0.235
73	-0.00955	0.482	0.716	0.234
74	-0.0104	0.482	0.716	0.235
75	-0.00976	0.482	0.716	0.235
76	-0.00977	0.482	0.717	0.234
77	-0.0105	0.481	0.717	0.233
78	-0.0105	0.481	0.717	0.234
79	-0.0106	0.481	0.718	0.234
80	-0.011	0.48	0.719	0.233
81	-0.0109	0.479	0.72	0.232
82	-0.0111	0.479	0.72	0.232
83	-0.0112	0.479	0.72	0.232
84	-0.0105	0.479	0.72	0.233
85	-0.0107	0.479	0.721	0.233
86	-0.0112	0.478	0.721	0.232
87	-0.0109	0.479	0.72	0.233
88	-0.011	0.478	0.722	0.232
89	-0.0112	0.478	0.721	0.232
90	-0.0116	0.478	0.721	0.233
91	-0.011	0.479	0.721	0.233
92	-0.0109	0.479	0.721	0.234
93	-0.0105	0.478	0.722	0.233
94	-0.0104	0.478	0.722	0.232
95	-0.0103	0.477	0.723	0.232
96	-0.0104	0.477	0.723	0.232
97	-0.0108	0.476	0.723	0.232
98	-0.0113	0.476	0.724	0.232
99	-0.0112	0.475	0.725	0.231
100	-0.0106	0.475	0.726	0.231
101	-0.0111	0.475	0.725	0.231
102	-0.011	0.475	0.725	0.231
103	-0.0111	0.475	0.726	0.231
104	-0.0111	0.474	0.726	0.231
105	-0.0109	0.475	0.726	0.231
106	-0.0106	0.473	0.727	0.231
107	-0.0108	0.473	0.727	0.231
108	-0.0111	0.473	0.727	0.23
109	-0.0111	0.473	0.728	0.23
110	-0.0109	0.474	0.727	0.231
111	-0.0107	0.474	0.727	0.231
112	-0.0109	0.472	0.728	0.23
113	-0.0105	0.473	0.728	0.231
114	-0.0103	0.473	0.728	0.231
115	-0.0104	0.472	0.728	0.23
116	-0.0104	0.472	0.729	0.23
117	-0.01	0.472	0.729	0.23
118	-0.0108	0.472	0.729	0.23
119	-0.011	0.472	0.729	0.23
120	-0.0102	0.472	0.729	0.23
121	-0.00901	0.471	0.73	0.229
122	-0.00958	0.471	0.73	0.23
123	-0.00963	0.471	0.731	0.229
124	-0.00962	0.469	0.732	0.228
125	-0.0103	0.469	0.732	0.228
126	-0.0111	0.468	0.732	0.228
127	-0.011	0.469	0.732	0.228
128	-0.0107	0.469	0.732	0.228
129	-0.0116	0.469	0.733	0.229
130	-0.0116	0.468	0.734	0.228
131	-0.0112	0.468	0.733	0.228
132	-0.0123	0.467	0.734	0.228
133	-0.0119	0.467	0.734	0.228
134	-0.0108	0.467	0.735	0.228
135	-0.0111	0.466	0.735	0.228
136	-0.0116	0.465	0.736	0.227
137	-0.0111	0.465	0.736	0.227
138	-0.0114	0.465	0.736	0.226
139	-0.0118	0.464	0.737	0.226
140	-0.0119	0.465	0.737	0.226
141	-0.0114	0.464	0.737	0.226
142	-0.0114	0.464	0.737	0.227
143	-0.0117	0.466	0.736	0.228
144	-0.0118	0.464	0.737	0.227
145	-0.0118	0.463	0.738	0.226
146	-0.0116	0.464	0.737	0.227
147	-0.0122	0.464	0.738	0.227
148	-0.0127	0.463	0.738	0.226
149	-0.0125	0.462	0.739	0.226
150	-0.0125	0.463	0.739	0.226
151	-0.0116	0.463	0.739	0.227
152	-0.0117	0.462	0.739	0.226
153	-0.0116	0.462	0.74	0.226
154	-0.0113	0.461	0.74	0.226
155	-0.0115	0.462	0.74	0.227
156	-0.0116	0.462	0.74	0.226
157	-0.0124	0.461	0.741	0.226
158	-0.0127	0.461	0.741	0.226
159	-0.0126	0.46	0.742	0.226
160	-0.0119	0.459	0.743	0.224
161	-0.0118	0.459	0.742	0.225
162	-0.0113	0.46	0.742	0.226
163	-0.0116	0.459	0.742	0.225
164	-0.0116	0.459	0.742	0.225
165	-0.0118	0.46	0.742	0.226
166	-0.0117	0.458	0.743	0.225
167	-0.0112	0.459	0.742	0.226
168	-0.0114	0.46	0.742	0.226
169	-0.0117	0.458	0.744	0.224
170	-0.0115	0.459	0.743	0.225
171	-0.0116	0.458	0.743	0.225
172	-0.0113	0.456	0.745	0.223
173	-0.0113	0.457	0.744	0.224
174	-0.0115	0.457	0.745	0.224
175	-0.0115	0.456	0.745	0.223
176	-0.0107	0.456	0.745	0.223
177	-0.0101	0.456	0.746	0.223
178	-0.0106	0.455	0.746	0.223
179	-0.0114	0.455	0.746	0.224
180	-0.0112	0.455	0.746	0.224
181	-0.0111	0.454	0.746	0.223
182	-0.0115	0.455	0.746	0.223
183	-0.0119	0.455	0.746	0.223
184	-0.012	0.454	0.746	0.223
185	-0.0116	0.455	0.746	0.224
186	-0.0109	0.455	0.747	0.224
187	-0.0106	0.453	0.747	0.223
188	-0.0109	0.453	0.748	0.223
189	-0.0112	0.453	0.748	0.223
190	-0.011	0.453	0.748	0.223
191	-0.0107	0.453	0.748	0.223
192	-0.0111	0.454	0.748	0.224
193	-0.0113	0.453	0.749	0.223
194	-0.0112	0.452	0.749	0.223
195	-0.0111	0.452	0.749	0.223
196	-0.0109	0.452	0.749	0.223
197	-0.0108	0.452	0.749	0.223
198	-0.011	0.452	0.75	0.223
199	-0.0112	0.451	0.75	0.223
200	-0.0109	0.451	0.75	0.223
201	-0.0114	0.452	0.749	0.224
202	-0.011	0.451	0.75	0.223
203	-0.0112	0.451	0.751	0.223
204	-0.0103	0.451	0.751	0.223
205	-0.0105	0.451	0.751	0.223
206	-0.0104	0.451	0.751	0.223
207	-0.0101	0.451	0.751	0.223
208	-0.0105	0.45	0.751	0.223
209	-0.0104	0.449	0.752	0.222
210	-0.00995	0.45	0.752	0.223
211	-0.00995	0.449	0.752	0.222
212	-0.0097	0.449	0.752	0.222
213	-0.0102	0.449	0.752	0.222
214	-0.0104	0.449	0.752	0.222
215	-0.0103	0.448	0.753	0.221
216	-0.0109	0.448	0.753	0.222
217	-0.0104	0.447	0.754	0.221
218	-0.00993	0.447	0.754	0.22
219	-0.01	0.447	0.754	0.221
220	-0.00944	0.446	0.754	0.221
221	-0.00904	0.446	0.755	0.22
222	-0.00932	0.447	0.755	0.221
223	-0.00944	0.446	0.755	0.221
224	-0.00924	0.445	0.755	0.22
225	-0.00889	0.446	0.755	0.221
226	-0.00901	0.445	0.756	0.22
227	-0.00937	0.443	0.757	0.219
228	-0.00981	0.444	0.757	0.22
229	-0.00961	0.443	0.757	0.219
230	-0.00955	0.444	0.757	0.22
231	-0.00983	0.444	0.757	0.22
232	-0.00944	0.443	0.757	0.22
233	-0.0097	0.444	0.757	0.22
234	-0.00964	0.444	0.757	0.22
235	-0.00932	0.443	0.757	0.22
236	-0.00913	0.443	0.758	0.219
237	-0.00918	0.444	0.757	0.22
238	-0.00921	0.443	0.758	0.22
239	-0.00888	0.443	0.757	0.22
240	-0.00904	0.444	0.758	0.22
241	-0.00956	0.442	0.758	0.22
242	-0.0094	0.442	0.759	0.219
243	-0.00824	0.442	0.759	0.22
244	-0.00844	0.441	0.76	0.219
245	-0.00912	0.44	0.76	0.218
246	-0.00921	0.441	0.76	0.219
247	-0.00956	0.44	0.76	0.218
248	-0.00932	0.44	0.761	0.219
249	-0.00859	0.44	0.761	0.219
250	-0.0086	0.439	0.761	0.218
251	-0.00892	0.439	0.761	0.219
252	-0.00926	0.44	0.761	0.219
253	-0.0093	0.44	0.761	0.22
254	-0.00975	0.44	0.761	0.22
255	-0.0094	0.44	0.761	0.22
256	-0.00882	0.439	0.761	0.219
257	-0.00875	0.439	0.761	0.22
258	-0.00899	0.44	0.761	0.22
259	-0.00894	0.439	0.762	0.219
260	-0.00942	0.438	0.763	0.218
261	-0.00902	0.439	0.762	0.219
262	-0.00911	0.438	0.762	0.219
263	-0.00879	0.438	0.763	0.219
264	-0.00845	0.438	0.762	0.219
265	-0.00885	0.438	0.763	0.219
266	-0.00899	0.437	0.763	0.219
267	-0.00856	0.438	0.763	0.219
268	-0.00826	0.437	0.763	0.219
269	-0.00811	0.437	0.764	0.218
270	-0.00821	0.437	0.763	0.219
271	-0.00874	0.436	0.764	0.218
272	-0.00936	0.435	0.765	0.218
273	-0.00905	0.437	0.764	0.219
274	-0.00885	0.436	0.764	0.218
275	-0.00901	0.436	0.764	0.218
276	-0.00927	0.437	0.764	0.219
277	-0.00951	0.436	0.764	0.219
278	-0.00988	0.436	0.764	0.219
279	-0.00947	0.436	0.764	0.219
280	-0.00967	0.435	0.765	0.219
281	-0.0101	0.435	0.765	0.218
282	-0.00972	0.435	0.765	0.219
283	-0.00992	0.436	0.765	0.219
284	-0.00953	0.434	0.766	0.218
285	-0.00925	0.435	0.766	0.218
286	-0.00893	0.434	0.766	0.218
287	-0.0087	0.434	0.766	0.218
288	-0.00906	0.434	0.766	0.218
289	-0.00908	0.433	0.766	0.218
290	-0.00895	0.433	0.766	0.218
291	-0.00876	0.433	0.766	0.218
292	-0.00904	0.433	0.766	0.218
293	-0.00881	0.433	0.767	0.217
294	-0.00873	0.433	0.767	0.218
295	-0.00907	0.433	0.767	0.218
296	-0.00941	0.433	0.767	0.218
297	-0.00878	0.433	0.767	0.218
298	-0.00862	0.432	0.768	0.217
299	-0.00815	0.431	0.768	0.217
300	-0.00871	0.432	0.768	0.218
301	-0.00899	0.431	0.768	0.217
302	-0.00918	0.431	0.768	0.217
303	-0.00825	0.431	0.768	0.217
304	-0.00803	0.431	0.769	0.217
305	-0.00788	0.43	0.769	0.216
306	-0.00808	0.43	0.769	0.217
307	-0.00797	0.43	0.769	0.217
308	-0.00829	0.43	0.769	0.216
309	-0.00831	0.43	0.769	0.217
310	-0.00815	0.43	0.769	0.217
311	-0.00807	0.43	0.769	0.217
312	-0.00834	0.429	0.77	0.216
313	-0.00801	0.429	0.77	0.217
314	-0.00792	0.43	0.769	0.217
315	-0.00755	0.43	0.769	0.217
316	-0.00792	0.43	0.77	0.217
317	-0.00758	0.43	0.769	0.218
318	-0.00755	0.431	0.769	0.218
319	-0.00773	0.429	0.77	0.217
320	-0.0077	0.429	0.77	0.217
321	-0.00776	0.429	0.77	0.217
322	-0.00758	0.429	0.771	0.216
323	-0.00765	0.429	0.77	0.217
324	-0.00774	0.429	0.77	0.217
325	-0.00786	0.428	0.771	0.216
326	-0.0076	0.428	0.771	0.216
327	-0.00785	0.428	0.771	0.217
328	-0.00815	0.428	0.771	0.217
329	-0.00814	0.427	0.772	0.216
330	-0.00815	0.428	0.771	0.216
331	-0.00818	0.427	0.772	0.216
332	-0.00761	0.427	0.772	0.217
333	-0.0079	0.427	0.772	0.216
334	-0.0078	0.427	0.772	0.217
335	-0.0073	0.427	0.772	0.216
336	-0.00725	0.428	0.772	0.217
337	-0.00704	0.428	0.772	0.217
338	-0.00723	0.427	0.772	0.217
339	-0.00734	0.426	0.773	0.216
340	-0.00658	0.427	0.772	0.216
341	-0.00666	0.427	0.772	0.217
342	-0.0069	0.426	0.772	0.216
343	-0.00696	0.426	0.773	0.216
344	-0.00705	0.426	0.773	0.216
345	-0.00755	0.426	0.773	0.216
346	-0.00745	0.426	0.773	0.216
347	-0.00732	0.426	0.773	0.216
348	-0.00734	0.426	0.773	0.216
349	-0.00718	0.426	0.773	0.216
350	-0.00772	0.426	0.773	0.215
351	-0.00751	0.426	0.773	0.216
352	-0.00786	0.425	0.774	0.215
353	-0.00789	0.425	0.774	0.215
354	-0.0077	0.424	0.774	0.215
355	-0.00788	0.424	0.774	0.215
356	-0.00785	0.424	0.774	0.215
357	-0.00807	0.424	0.775	0.215
358	-0.0077	0.424	0.775	0.214
359	-0.00706	0.423	0.775	0.214
360	-0.00734	0.424	0.775	0.215
361	-0.00749	0.423	0.775	0.215
362	-0.00775	0.423	0.775	0.215
363	-0.00748	0.423	0.776	0.214
364	-0.00764	0.423	0.776	0.215
365	-0.00769	0.423	0.776	0.215
366	-0.00787	0.422	0.776	0.214
367	-0.00789	0.423	0.775	0.215
368	-0.00771	0.422	0.776	0.214
369	-0.00725	0.423	0.775	0.215
370	-0.00731	0.422	0.776	0.213
371	-0.00748	0.422	0.776	0.213
372	-0.00756	0.421	0.777	0.213
373	-0.00777	0.421	0.777	0.214
374	-0.00745	0.421	0.777	0.214
375	-0.00719	0.421	0.777	0.214
376	-0.00707	0.421	0.777	0.213
377	-0.00711	0.42	0.777	0.213
378	-0.00694	0.421	0.777	0.214
379	-0.00655	0.421	0.777	0.214
380	-0.00674	0.421	0.777	0.214
381	-0.00708	0.42	0.778	0.214
382	-0.00706	0.42	0.778	0.214
383	-0.00744	0.42	0.778	0.213
384	-0.00742	0.42	0.778	0.213
385	-0.00732	0.42	0.778	0.214
386	-0.00737	0.42	0.778	0.214
387	-0.00708	0.42	0.778	0.214
388	-0.00719	0.42	0.778	0.213
389	-0.00725	0.42	0.778	0.214
390	-0.00703	0.42	0.778	0.214
391	-0.00727	0.419	0.778	0.213
392	-0.00744	0.419	0.779	0.213
393	-0.00695	0.419	0.779	0.213
394	-0.007	0.419	0.779	0.213
395	-0.00686	0.418	0.779	0.213
396	-0.00658	0.419	0.778	0.214
397	-0.00673	0.419	0.779	0.214
398	-0.00646	0.419	0.779	0.214
399	-0.00662	0.418	0.779	0.213
400	-0.00627	0.419	0.779	0.214
401	-0.00675	0.419	0.779	0.213
402	-0.00695	0.418	0.779	0.213
403	-0.00703	0.419	0.779	0.214
404	-0.00701	0.419	0.779	0.214
405	-0.0065	0.419	0.779	0.214
406	-0.00625	0.419	0.779	0.214
407	-0.00639	0.418	0.779	0.214
408	-0.00598	0.418	0.779	0.213
409	-0.00646	0.418	0.78	0.213
410	-0.00671	0.418	0.779	0.213
411	-0.00674	0.417	0.78	0.213
412	-0.00688	0.417	0.78	0.213
413	-0.00727	0.416	0.78	0.212
414	-0.00761	0.415	0.781	0.212
415	-0.00798	0.415	0.781	0.211
416	-0.0077	0.416	0.781	0.212
417	-0.00708	0.416	0.781	0.212
418	-0.00739	0.416	0.781	0.212
419	-0.00747	0.416	0.78	0.213
420	-0.0075	0.416	0.781	0.213
421	-0.00702	0.416	0.781	0.212
422	-0.00708	0.416	0.781	0.212
423	-0.00748	0.416	0.781	0.212
424	-0.00709	0.415	0.781	0.212
425	-0.00704	0.415	0.782	0.211
426	-0.00732	0.415	0.781	0.212
427	-0.00722	0.415	0.782	0.212
428	-0.00714	0.415	0.781	0.212
429	-0.00707	0.416	0.781	0.213
430	-0.00743	0.415	0.781	0.213
431	-0.00734	0.416	0.781	0.213
432	-0.00737	0.416	0.781	0.213
433	-0.00741	0.415	0.781	0.213
434	-0.00729	0.415	0.782	0.212
435	-0.00702	0.415	0.781	0.213
436	-0.00706	0.415	0.782	0.212
437	-0.00706	0.414	0.782	0.212
438	-0.00706	0.415	0.781	0.213
439	-0.00733	0.415	0.782	0.212
440	-0.00723	0.414	0.782	0.212
441	-0.00749	0.414	0.782	0.212
442	-0.00774	0.414	0.783	0.212
443	-0.00777	0.414	0.783	0.212
444	-0.00751	0.414	0.783	0.212
445	-0.00713	0.413	0.783	0.211
446	-0.00752	0.412	0.783	0.211
447	-0.00756	0.413	0.783	0.211
448	-0.00777	0.412	0.784	0.21
449	-0.008	0.412	0.784	0.211
450	-0.00782	0.412	0.784	0.211
451	-0.00764	0.413	0.784	0.211
452	-0.00743	0.412	0.784	0.211
453	-0.0076	0.413	0.783	0.211
454	-0.00769	0.413	0.783	0.211
455	-0.00753	0.412	0.784	0.211
456	-0.00731	0.412	0.784	0.211
457	-0.00698	0.412	0.784	0.211
458	-0.00706	0.412	0.784	0.211
459	-0.00726	0.412	0.784	0.211
460	-0.00702	0.412	0.784	0.211
461	-0.00694	0.411	0.785	0.21
462	-0.00638	0.412	0.784	0.211
463	-0.00665	0.412	0.784	0.211
464	-0.00653	0.411	0.785	0.211
465	-0.00662	0.411	0.785	0.21
466	-0.00645	0.41	0.785	0.21
467	-0.00665	0.41	0.786	0.21
468	-0.00708	0.41	0.786	0.21
469	-0.00695	0.41	0.786	0.21
470	-0.00704	0.41	0.786	0.209
471	-0.0071	0.41	0.786	0.209
472	-0.00726	0.409	0.786	0.209
473	-0.00722	0.409	0.786	0.209
474	-0.00752	0.409	0.786	0.209
475	-0.00732	0.409	0.786	0.209
476	-0.00748	0.409	0.786	0.209
477	-0.00722	0.409	0.786	0.209
478	-0.00712	0.409	0.786	0.209
479	-0.0071	0.408	0.787	0.209
480	-0.00749	0.408	0.787	0.209
481	-0.00785	0.409	0.787	0.21
482	-0.00767	0.408	0.787	0.209
483	-0.00772	0.409	0.787	0.209
484	-0.00804	0.409	0.787	0.209
485	-0.0083	0.408	0.787	0.209
486	-0.00793	0.408	0.787	0.209
487	-0.00779	0.408	0.787	0.209
488	-0.00755	0.408	0.787	0.209
489	-0.00732	0.408	0.787	0.209
490	-0.00763	0.408	0.787	0.209
491	-0.00775	0.408	0.787	0.209
492	-0.00759	0.408	0.787	0.209
493	-0.00801	0.408	0.787	0.209
494	-0.00778	0.407	0.788	0.209
495	-0.00778	0.407	0.788	0.209
496	-0.00785	0.407	0.788	0.209
497	-0.00766	0.407	0.788	0.209
498	-0.00795	0.407	0.788	0.209
499	-0.00759	0.407	0.788	0.208
500	-0.00786	0.406	0.789	0.208
501	-0.00758	0.406	0.789	0.208
502	-0.0072	0.406	0.788	0.208
503	-0.00742	0.405	0.789	0.207
504	-0.00734	0.406	0.789	0.208
505	-0.00739	0.406	0.789	0.208
506	-0.00763	0.406	0.789	0.208
507	-0.00785	0.406	0.789	0.208
508	-0.00763	0.405	0.789	0.208
509	-0.00739	0.405	0.789	0.208
510	-0.00745	0.405	0.79	0.207
511	-0.00764	0.405	0.79	0.207
512	-0.00774	0.405	0.79	0.208
513	-0.00766	0.405	0.789	0.208
514	-0.00757	0.405	0.789	0.208
515	-0.00754	0.404	0.79	0.207
516	-0.00733	0.405	0.79	0.208
517	-0.00714	0.405	0.79	0.207
518	-0.00749	0.405	0.79	0.207
519	-0.00762	0.405	0.79	0.208
520	-0.00785	0.405	0.79	0.207
521	-0.00783	0.404	0.79	0.207
522	-0.00788	0.405	0.79	0.208
523	-0.00806	0.404	0.79	0.207
524	-0.00805	0.403	0.79	0.207
525	-0.00757	0.404	0.791	0.207
526	-0.00765	0.404	0.79	0.207
527	-0.00759	0.404	0.79	0.207
528	-0.00764	0.404	0.79	0.207
529	-0.00764	0.403	0.791	0.207
530	-0.00777	0.403	0.791	0.207
531	-0.00762	0.404	0.79	0.208
532	-0.00786	0.403	0.791	0.207
533	-0.00803	0.403	0.791	0.207
534	-0.00819	0.403	0.791	0.207
535	-0.00834	0.403	0.791	0.208
536	-0.00816	0.403	0.791	0.207
537	-0.00811	0.403	0.791	0.207
538	-0.00775	0.403	0.791	0.207
539	-0.00768	0.402	0.791	0.207
540	-0.00758	0.403	0.791	0.207
541	-0.00771	0.402	0.792	0.206
542	-0.00749	0.402	0.792	0.206
543	-0.00758	0.402	0.792	0.207
544	-0.0074	0.402	0.792	0.207
545	-0.00787	0.402	0.792	0.207
546	-0.00818	0.402	0.792	0.207
547	-0.00817	0.402	0.792	0.207
548	-0.00877	0.401	0.792	0.207
549	-0.00861	0.402	0.792	0.207
550	-0.00844	0.402	0.792	0.207
551	-0.0081	0.402	0.792	0.207
552	-0.00825	0.402	0.792	0.207
553	-0.00829	0.401	0.793	0.206
554	-0.00817	0.4	0.793	0.206
555	-0.00811	0.401	0.793	0.207
556	-0.0086	0.401	0.793	0.207
557	-0.00839	0.4	0.793	0.206
558	-0.00835	0.401	0.793	0.206
559	-0.00844	0.4	0.793	0.206
560	-0.00822	0.4	0.794	0.206
561	-0.00811	0.4	0.794	0.206
562	-0.00822	0.4	0.794	0.206
563	-0.00828	0.399	0.794	0.205
564	-0.008	0.4	0.794	0.206
565	-0.00788	0.4	0.794	0.205
566	-0.00786	0.4	0.794	0.205
567	-0.00763	0.399	0.794	0.205
568	-0.00771	0.399	0.795	0.205
569	-0.00785	0.399	0.794	0.205
570	-0.00739	0.399	0.794	0.205
571	-0.00731	0.399	0.794	0.205
572	-0.00706	0.399	0.794	0.205
573	-0.00712	0.399	0.794	0.205
574	-0.00728	0.399	0.794	0.205
575	-0.00778	0.399	0.794	0.205
576	-0.00748	0.399	0.794	0.205
577	-0.00746	0.399	0.794	0.205
578	-0.00723	0.399	0.794	0.205
579	-0.00743	0.399	0.794	0.206
580	-0.00788	0.398	0.795	0.205
581	-0.0076	0.398	0.795	0.205
582	-0.00759	0.399	0.794	0.205
583	-0.00792	0.399	0.794	0.205
584	-0.00804	0.399	0.794	0.205
585	-0.008	0.399	0.794	0.205
586	-0.00819	0.398	0.795	0.205
587	-0.00834	0.398	0.795	0.204
588	-0.00832	0.398	0.795	0.205
589	-0.00825	0.397	0.795	0.204
590	-0.00831	0.398	0.795	0.204
591	-0.00808	0.398	0.795	0.204
592	-0.00759	0.397	0.795	0.204
593	-0.0074	0.397	0.796	0.204
594	-0.00751	0.398	0.795	0.205
595	-0.00783	0.397	0.796	0.204
596	-0.00757	0.397	0.796	0.204
597	-0.00745	0.398	0.795	0.205
598	-0.00785	0.397	0.795	0.204
599	-0.00816	0.397	0.795	0.204
600	-0.0082	0.397	0.795	0.204
601	-0.00847	0.397	0.796	0.204
602	-0.00836	0.397	0.796	0.204
603	-0.00856	0.397	0.796	0.204
604	-0.00843	0.396	0.796	0.204
605	-0.00835	0.396	0.796	0.203
606	-0.0083	0.397	0.796	0.204
607	-0.00828	0.396	0.796	0.204
608	-0.00832	0.396	0.796	0.203
609	-0.0083	0.396	0.797	0.203
610	-0.00807	0.395	0.797	0.203
611	-0.0083	0.396	0.796	0.204
612	-0.00811	0.396	0.796	0.204
613	-0.00826	0.395	0.797	0.203
614	-0.00834	0.395	0.797	0.203
615	-0.0081	0.396	0.797	0.204
616	-0.00788	0.396	0.796	0.204
617	-0.00815	0.395	0.797	0.203
618	-0.00843	0.395	0.797	0.203
619	-0.0084	0.395	0.797	0.203
620	-0.00858	0.395	0.797	0.203
621	-0.00807	0.395	0.797	0.203
622	-0.00815	0.395	0.797	0.204
623	-0.00793	0.394	0.798	0.203
624	-0.00792	0.394	0.798	0.202
625	-0.00806	0.394	0.798	0.202
626	-0.00838	0.394	0.798	0.202
627	-0.0084	0.394	0.798	0.202
628	-0.00877	0.393	0.798	0.202
629	-0.00873	0.393	0.798	0.202
630	-0.0085	0.393	0.798	0.202
631	-0.0089	0.393	0.799	0.201
632	-0.00858	0.392	0.799	0.201
633	-0.00894	0.393	0.798	0.202
634	-0.00895	0.392	0.799	0.201
635	-0.00881	0.392	0.799	0.201
636	-0.009	0.393	0.799	0.202
637	-0.009	0.392	0.799	0.201
638	-0.009	0.392	0.799	0.201
639	-0.00909	0.392	0.799	0.202
640	-0.00903	0.392	0.799	0.201
641	-0.00886	0.392	0.799	0.201
642	-0.00872	0.392	0.8	0.201
643	-0.00874	0.392	0.8	0.201
644	-0.00872	0.391	0.8	0.201
645	-0.0084	0.392	0.799	0.201
646	-0.00839	0.391	0.8	0.201
647	-0.00847	0.391	0.8	0.201
648	-0.00834	0.391	0.8	0.201
649	-0.00847	0.391	0.8	0.201
650	-0.00841	0.391	0.8	0.201
651	-0.00883	0.392	0.8	0.201
652	-0.00889	0.391	0.8	0.201
653	-0.00907	0.392	0.8	0.201
654	-0.00871	0.392	0.8	0.202
655	-0.00863	0.392	0.8	0.201
656	-0.0085	0.391	0.8	0.201
657	-0.00858	0.392	0.8	0.202
658	-0.00864	0.391	0.8	0.201
659	-0.00862	0.392	0.8	0.202
660	-0.00828	0.392	0.8	0.202
661	-0.00856	0.392	0.8	0.202
662	-0.00862	0.391	0.8	0.202
663	-0.00889	0.391	0.8	0.201
664	-0.0088	0.39	0.801	0.2
665	-0.0087	0.39	0.801	0.2
666	-0.00846	0.39	0.801	0.2
667	-0.00825	0.389	0.801	0.2
668	-0.00844	0.389	0.801	0.2
669	-0.00847	0.39	0.801	0.201
670	-0.00882	0.39	0.801	0.201
671	-0.0091	0.39	0.801	0.201
672	-0.0089	0.39	0.801	0.2
673	-0.00886	0.389	0.801	0.2
674	-0.00883	0.389	0.802	0.2
675	-0.00909	0.39	0.801	0.201
676	-0.00897	0.389	0.801	0.2
677	-0.00911	0.389	0.801	0.2
678	-0.00908	0.39	0.801	0.2
679	-0.00851	0.389	0.802	0.2
680	-0.00853	0.389	0.802	0.2
681	-0.00862	0.389	0.802	0.2
682	-0.00872	0.389	0.802	0.2
683	-0.00885	0.389	0.802	0.2
684	-0.00894	0.389	0.802	0.2
685	-0.00892	0.389	0.802	0.2
686	-0.00906	0.389	0.802	0.2
687	-0.00889	0.389	0.802	0.2
688	-0.00889	0.389	0.802	0.2
689	-0.00907	0.389	0.802	0.2
690	-0.00876	0.389	0.802	0.2
691	-0.00886	0.388	0.802	0.2
692	-0.00876	0.388	0.803	0.2
693	-0.00868	0.388	0.803	0.2
694	-0.00876	0.388	0.803	0.2
695	-0.00881	0.388	0.803	0.2
696	-0.00876	0.388	0.803	0.2
697	-0.00848	0.387	0.803	0.199
698	-0.00872	0.387	0.803	0.199
699	-0.00863	0.387	0.803	0.199
700	-0.00901	0.387	0.803	0.199
701	-0.00901	0.387	0.803	0.199
702	-0.00864	0.387	0.803	0.199
703	-0.00892	0.387	0.803	0.199
704	-0.00862	0.387	0.803	0.199
705	-0.00853	0.387	0.803	0.199
706	-0.00847	0.387	0.803	0.199
707	-0.00806	0.387	0.803	0.199
708	-0.00799	0.387	0.804	0.198
709	-0.008	0.387	0.804	0.199
710	-0.00818	0.387	0.803	0.199
711	-0.00796	0.387	0.803	0.199
712	-0.00791	0.387	0.803	0.199
713	-0.00824	0.386	0.804	0.198
714	-0.0084	0.386	0.804	0.198
715	-0.00846	0.386	0.804	0.198
716	-0.00837	0.386	0.804	0.198
717	-0.00842	0.386	0.804	0.198
718	-0.00857	0.386	0.804	0.199
719	-0.00834	0.387	0.804	0.199
720	-0.00816	0.386	0.804	0.199
721	-0.00817	0.386	0.804	0.198
722	-0.0083	0.386	0.804	0.198
723	-0.0082	0.386	0.804	0.198
724	-0.00813	0.386	0.804	0.199
725	-0.00851	0.386	0.804	0.199
726	-0.00828	0.386	0.804	0.199
727	-0.00845	0.386	0.804	0.199
728	-0.00814	0.386	0.804	0.199
729	-0.00793	0.385	0.805	0.198
730	-0.00788	0.385	0.805	0.198
731	-0.00836	0.385	0.805	0.198
732	-0.00848	0.385	0.805	0.198
733	-0.00855	0.385	0.805	0.198
734	-0.00866	0.385	0.805	0.198
735	-0.00873	0.385	0.805	0.198
736	-0.00857	0.385	0.805	0.198
737	-0.0084	0.385	0.805	0.198
738	-0.00861	0.385	0.805	0.199
739	-0.0085	0.385	0.805	0.198
740	-0.00869	0.385	0.805	0.198
741	-0.00883	0.385	0.805	0.198
742	-0.00851	0.385	0.805	0.198
743	-0.00842	0.384	0.805	0.198
744	-0.0084	0.384	0.805	0.198
745	-0.00822	0.385	0.805	0.198
746	-0.00822	0.385	0.805	0.198
747	-0.00817	0.385	0.805	0.198
748	-0.00856	0.384	0.805	0.198
749	-0.00863	0.384	0.805	0.198
750	-0.00857	0.385	0.805	0.198
751	-0.00855	0.385	0.805	0.198
752	-0.00856	0.384	0.805	0.198
753	-0.00854	0.384	0.805	0.198
754	-0.00853	0.385	0.805	0.198
755	-0.00838	0.384	0.805	0.198
756	-0.00836	0.384	0.805	0.198
757	-0.00851	0.384	0.805	0.198
758	-0.00862	0.384	0.805	0.198
759	-0.0088	0.384	0.806	0.198
760	-0.00853	0.384	0.806	0.198
761	-0.00869	0.384	0.806	0.197
762	-0.00876	0.383	0.806	0.197
763	-0.00858	0.384	0.806	0.198
764	-0.00897	0.383	0.806	0.197
765	-0.00946	0.383	0.807	0.197
766	-0.00914	0.383	0.807	0.197
767	-0.00909	0.383	0.807	0.197
768	-0.00903	0.383	0.807	0.197
769	-0.00902	0.382	0.807	0.197
770	-0.00929	0.383	0.807	0.197
771	-0.00921	0.382	0.807	0.197
772	-0.00933	0.383	0.806	0.197
773	-0.00929	0.383	0.807	0.197
774	-0.00895	0.382	0.807	0.197
775	-0.00925	0.382	0.807	0.197
776	-0.00937	0.382	0.807	0.197
777	-0.00921	0.382	0.807	0.197
778	-0.0092	0.382	0.807	0.197
779	-0.00939	0.382	0.807	0.197
780	-0.00938	0.382	0.807	0.197
781	-0.00956	0.382	0.807	0.197
782	-0.00935	0.382	0.807	0.197
783	-0.00966	0.382	0.807	0.197
784	-0.00953	0.382	0.807	0.197
785	-0.00945	0.381	0.808	0.196
786	-0.00949	0.381	0.808	0.196
787	-0.00965	0.381	0.808	0.196
788	-0.00948	0.381	0.808	0.196
789	-0.00939	0.381	0.808	0.196
790	-0.0092	0.38	0.809	0.195
791	-0.0095	0.38	0.809	0.195
792	-0.00955	0.38	0.809	0.195
793	-0.00983	0.38	0.809	0.195
794	-0.00983	0.38	0.809	0.195
795	-0.00985	0.38	0.809	0.195
796	-0.00988	0.38	0.809	0.195
797	-0.00968	0.38	0.809	0.195
798	-0.0094	0.38	0.809	0.195
799	-0.00963	0.38	0.809	0.195
800	-0.00975	0.38	0.809	0.195
801	-0.0096	0.379	0.809	0.195
802	-0.00966	0.379	0.809	0.195
803	-0.00959	0.38	0.809	0.195
804	-0.00974	0.379	0.809	0.195
805	-0.00954	0.379	0.809	0.195
806	-0.00944	0.379	0.809	0.195
807	-0.00954	0.379	0.809	0.195
808	-0.00959	0.379	0.809	0.195
809	-0.00931	0.379	0.809	0.195
810	-0.0095	0.379	0.809	0.195
811	-0.00973	0.379	0.81	0.195
812	-0.00957	0.379	0.81	0.195
813	-0.00975	0.378	0.81	0.194
814	-0.01	0.379	0.81	0.195
815	-0.0101	0.379	0.81	0.195
816	-0.0102	0.378	0.81	0.195
817	-0.00989	0.378	0.81	0.194
818	-0.00968	0.379	0.81	0.195
819	-0.00951	0.378	0.81	0.194
820	-0.00955	0.378	0.81	0.194
821	-0.00965	0.378	0.81	0.194
822	-0.00965	0.378	0.81	0.194
823	-0.00961	0.378	0.81	0.194
824	-0.00925	0.378	0.81	0.194
825	-0.00938	0.378	0.81	0.194
826	-0.00933	0.378	0.81	0.194
827	-0.00969	0.378	0.81	0.194
828	-0.00947	0.378	0.81	0.194
829	-0.00931	0.378	0.81	0.194
830	-0.00896	0.378	0.81	0.194
831	-0.00908	0.378	0.81	0.194
832	-0.00926	0.377	0.81	0.194
833	-0.00937	0.378	0.81	0.194
834	-0.00928	0.377	0.81	0.194
835	-0.00922	0.377	0.811	0.194
836	-0.0092	0.377	0.811	0.194
837	-0.00951	0.377	0.811	0.194
838	-0.00938	0.377	0.811	0.193
839	-0.00968	0.377	0.811	0.193
840	-0.00944	0.377	0.811	0.194
841	-0.00956	0.377	0.811	0.193
842	-0.00952	0.377	0.811	0.193
843	-0.0095	0.377	0.811	0.193
844	-0.00945	0.376	0.811	0.193
845	-0.00944	0.377	0.811	0.194
846	-0.00946	0.377	0.811	0.194
847	-0.00936	0.377	0.811	0.193
848	-0.00914	0.377	0.811	0.194
849	-0.00921	0.376	0.811	0.193
850	-0.00906	0.376	0.811	0.193
851	-0.00912	0.376	0.811	0.193
852	-0.00912	0.376	0.812	0.193
853	-0.00909	0.376	0.811	0.193
854	-0.00916	0.376	0.811	0.194
855	-0.0092	0.376	0.812	0.193
856	-0.0092	0.376	0.812	0.193
857	-0.00905	0.376	0.812	0.193
858	-0.00874	0.376	0.812	0.193
859	-0.00881	0.376	0.812	0.194
860	-0.00889	0.376	0.812	0.194
861	-0.00885	0.375	0.812	0.193
862	-0.00896	0.375	0.812	0.192
863	-0.00895	0.375	0.812	0.193
864	-0.00879	0.375	0.812	0.193
865	-0.00888	0.375	0.812	0.193
866	-0.00867	0.375	0.812	0.193
867	-0.00895	0.375	0.812	0.193
868	-0.00884	0.375	0.812	0.193
869	-0.00875	0.375	0.812	0.193
870	-0.00875	0.375	0.813	0.193
871	-0.00864	0.375	0.812	0.193
872	-0.00877	0.375	0.812	0.193
873	-0.00868	0.375	0.812	0.193
874	-0.00897	0.375	0.813	0.193
875	-0.00848	0.375	0.813	0.193
876	-0.0083	0.375	0.812	0.193
877	-0.00852	0.374	0.813	0.193
878	-0.00842	0.375	0.813	0.193
879	-0.00864	0.375	0.813	0.193
880	-0.00862	0.375	0.813	0.193
881	-0.00859	0.374	0.813	0.193
882	-0.00895	0.374	0.813	0.193
883	-0.0091	0.374	0.813	0.192
884	-0.00884	0.374	0.813	0.192
885	-0.00882	0.374	0.813	0.192
886	-0.00873	0.374	0.813	0.192
887	-0.00887	0.374	0.813	0.192
888	-0.00881	0.373	0.814	0.191
889	-0.00897	0.373	0.813	0.192
890	-0.00907	0.374	0.813	0.192
891	-0.00903	0.374	0.813	0.192
892	-0.00904	0.373	0.813	0.192
893	-0.00871	0.374	0.813	0.192
894	-0.00864	0.374	0.813	0.192
895	-0.00883	0.373	0.814	0.192
896	-0.00897	0.373	0.814	0.192
897	-0.00918	0.373	0.814	0.192
898	-0.00907	0.373	0.814	0.192
899	-0.00903	0.373	0.814	0.192
900	-0.00902	0.373	0.814	0.192
901	-0.00909	0.373	0.814	0.192
902	-0.00905	0.373	0.814	0.192
903	-0.00906	0.373	0.814	0.192
904	-0.00928	0.372	0.814	0.191
905	-0.0096	0.373	0.814	0.191
906	-0.00969	0.372	0.814	0.191
907	-0.00953	0.372	0.814	0.191
908	-0.00973	0.372	0.815	0.191
909	-0.00971	0.372	0.814	0.191
910	-0.00973	0.372	0.815	0.191
911	-0.00959	0.373	0.814	0.191
912	-0.00956	0.373	0.814	0.191
913	-0.00957	0.372	0.815	0.191
914	-0.00948	0.372	0.814	0.191
915	-0.00971	0.372	0.814	0.191
916	-0.00963	0.372	0.814	0.191
917	-0.00928	0.372	0.815	0.191
918	-0.00954	0.372	0.815	0.191
919	-0.00931	0.372	0.815	0.191
920	-0.00945	0.372	0.814	0.191
921	-0.00946	0.372	0.815	0.191
922	-0.00936	0.372	0.814	0.191
923	-0.00937	0.372	0.815	0.191
924	-0.00928	0.372	0.815	0.191
925	-0.00939	0.372	0.815	0.192
926	-0.00908	0.372	0.815	0.191
927	-0.00911	0.372	0.815	0.191
928	-0.00899	0.372	0.815	0.191
929	-0.00886	0.372	0.815	0.192
930	-0.00912	0.372	0.815	0.191
931	-0.00883	0.371	0.815	0.191
932	-0.00863	0.372	0.815	0.191
933	-0.00879	0.371	0.815	0.191
934	-0.00866	0.371	0.815	0.191
935	-0.00887	0.371	0.815	0.191
936	-0.00904	0.371	0.815	0.191
937	-0.00905	0.371	0.815	0.191
938	-0.00923	0.371	0.815	0.191
939	-0.00934	0.37	0.816	0.19
940	-0.00921	0.37	0.816	0.19
941	-0.00911	0.371	0.815	0.191
942	-0.00906	0.371	0.815	0.191
943	-0.0091	0.37	0.816	0.191
944	-0.00932	0.371	0.816	0.191
945	-0.00944	0.37	0.816	0.19
946	-0.0096	0.37	0.816	0.19
947	-0.00963	0.37	0.816	0.19
948	-0.00949	0.37	0.816	0.19
949	-0.00946	0.37	0.816	0.19
950	-0.00944	0.37	0.816	0.191
951	-0.00926	0.37	0.816	0.191
952	-0.00913	0.37	0.816	0.191
953	-0.00921	0.37	0.816	0.191
954	-0.00904	0.37	0.816	0.191
955	-0.00933	0.37	0.816	0.19
956	-0.00947	0.37	0.816	0.191
957	-0.00941	0.37	0.816	0.19
958	-0.00948	0.37	0.816	0.19
959	-0.0095	0.37	0.816	0.19
960	-0.00967	0.37	0.816	0.19
961	-0.00963	0.37	0.816	0.19
962	-0.00968	0.37	0.816	0.19
963	-0.00938	0.37	0.816	0.19
964	-0.00927	0.37	0.816	0.19
965	-0.00923	0.37	0.816	0.19
966	-0.00929	0.369	0.817	0.19
967	-0.00916	0.369	0.817	0.19
968	-0.00894	0.37	0.816	0.19
969	-0.00915	0.369	0.816	0.19
970	-0.00905	0.369	0.816	0.189
971	-0.00908	0.369	0.817	0.189
972	-0.00928	0.369	0.817	0.189
973	-0.0092	0.368	0.817	0.189
974	-0.00908	0.369	0.817	0.189
975	-0.009	0.369	0.817	0.189
976	-0.00881	0.368	0.817	0.188
977	-0.00864	0.369	0.817	0.188
978	-0.00851	0.368	0.817	0.189
979	-0.00849	0.368	0.817	0.188
980	-0.00834	0.369	0.817	0.189
981	-0.00871	0.368	0.817	0.188
982	-0.00868	0.368	0.817	0.188
983	-0.00868	0.368	0.817	0.188
984	-0.00873	0.368	0.817	0.189
985	-0.0088	0.368	0.817	0.189
986	-0.00887	0.369	0.817	0.189
987	-0.00885	0.368	0.817	0.188
988	-0.00873	0.368	0.817	0.188
989	-0.00878	0.368	0.817	0.189
990	-0.00877	0.368	0.817	0.188
991	-0.00871	0.368	0.817	0.189
992	-0.00852	0.369	0.816	0.189
993	-0.00873	0.368	0.817	0.189
994	-0.00857	0.368	0.817	0.188
995	-0.00854	0.368	0.817	0.189
996	-0.00849	0.368	0.817	0.188
997	-0.00845	0.368	0.817	0.189
998	-0.00858	0.369	0.817	0.189
999	-0.00864	0.368	0.817	0.189
1000	-0.00849	0.368	0.817	0.189
1001	-0.00866	0.368	0.817	0.189
1002	-0.00876	0.368	0.817	0.188
1003	-0.00848	0.368	0.817	0.188
1004	-0.00848	0.368	0.817	0.189
1005	-0.00855	0.368	0.817	0.188
1006	-0.00857	0.367	0.817	0.188
1007	-0.00882	0.368	0.817	0.188
1008	-0.00891	0.368	0.817	0.188
1009	-0.00893	0.368	0.817	0.188
1010	-0.00864	0.368	0.817	0.189
1011	-0.00869	0.368	0.817	0.188
1012	-0.00907	0.368	0.817	0.188
1013	-0.00902	0.368	0.817	0.188
1014	-0.00901	0.367	0.818	0.188
1015	-0.0088	0.367	0.817	0.188
1016	-0.00866	0.368	0.818	0.188
1017	-0.00887	0.367	0.818	0.188
1018	-0.00894	0.367	0.818	0.188
1019	-0.00917	0.368	0.818	0.188
1020	-0.00916	0.367	0.818	0.188
1021	-0.0092	0.367	0.818	0.188
1022	-0.00924	0.367	0.818	0.188
1023	-0.00913	0.367	0.818	0.188
1024	-0.00886	0.367	0.818	0.188
1025	-0.0091	0.367	0.818	0.188
1026	-0.00904	0.367	0.818	0.188
1027	-0.0091	0.366	0.818	0.187
1028	-0.00896	0.367	0.818	0.188
1029	-0.00904	0.367	0.818	0.188
1030	-0.00882	0.366	0.818	0.187
1031	-0.00872	0.367	0.818	0.188
1032	-0.00882	0.367	0.818	0.188
1033	-0.00855	0.366	0.818	0.187
1034	-0.00876	0.366	0.818	0.188
1035	-0.00884	0.366	0.818	0.188
1036	-0.009	0.366	0.818	0.188
1037	-0.00882	0.367	0.818	0.188
1038	-0.00876	0.366	0.818	0.188
1039	-0.00854	0.366	0.818	0.187
1040	-0.00841	0.366	0.818	0.188
1041	-0.00825	0.366	0.818	0.187
1042	-0.00831	0.366	0.818	0.187
1043	-0.00851	0.366	0.818	0.187
1044	-0.00843	0.366	0.818	0.187
1045	-0.00853	0.366	0.819	0.187
1046	-0.00846	0.366	0.818	0.187
1047	-0.00842	0.366	0.818	0.187
1048	-0.00855	0.366	0.819	0.187
1049	-0.00857	0.366	0.819	0.187
1050	-0.00878	0.366	0.818	0.187
1051	-0.00879	0.366	0.818	0.187
1052	-0.00877	0.366	0.819	0.187
1053	-0.00889	0.366	0.819	0.187
1054	-0.00887	0.366	0.819	0.187
1055	-0.00874	0.366	0.819	0.187
1056	-0.00861	0.366	0.819	0.187
1057	-0.00863	0.366	0.819	0.187
1058	-0.00851	0.366	0.819	0.187
1059	-0.00895	0.366	0.819	0.187
1060	-0.00899	0.365	0.819	0.187
1061	-0.00907	0.365	0.819	0.187
1062	-0.00896	0.365	0.819	0.186
1063	-0.00904	0.365	0.819	0.187
1064	-0.009	0.365	0.819	0.187
1065	-0.00905	0.365	0.819	0.187
1066	-0.00905	0.365	0.819	0.187
1067	-0.009	0.365	0.819	0.187
1068	-0.00927	0.365	0.819	0.187
1069	-0.00929	0.365	0.819	0.187
1070	-0.00902	0.365	0.819	0.187
1071	-0.0091	0.365	0.819	0.187
1072	-0.00913	0.365	0.819	0.187
1073	-0.00906	0.365	0.819	0.187
1074	-0.00939	0.365	0.819	0.187
1075	-0.00929	0.365	0.819	0.187
1076	-0.00931	0.365	0.819	0.187
1077	-0.00915	0.365	0.819	0.187
1078	-0.0092	0.364	0.82	0.186
1079	-0.00905	0.364	0.82	0.187
1080	-0.00879	0.365	0.82	0.187
1081	-0.00895	0.364	0.82	0.187
1082	-0.00906	0.364	0.82	0.186
1083	-0.00915	0.364	0.82	0.186
1084	-0.00914	0.364	0.82	0.186
1085	-0.00903	0.364	0.82	0.186
1086	-0.00908	0.364	0.82	0.186
1087	-0.0091	0.364	0.82	0.186
1088	-0.00912	0.364	0.82	0.186
1089	-0.00904	0.364	0.82	0.186
1090	-0.0092	0.364	0.82	0.187
1091	-0.00908	0.364	0.82	0.187
1092	-0.00922	0.364	0.82	0.187
1093	-0.0093	0.364	0.82	0.186
1094	-0.00928	0.364	0.82	0.186
1095	-0.00921	0.364	0.82	0.186
1096	-0.00924	0.363	0.82	0.186
1097	-0.0093	0.363	0.82	0.186
1098	-0.00925	0.363	0.82	0.186
1099	-0.00941	0.363	0.821	0.186
1100	-0.00918	0.363	0.82	0.186
1101	-0.00919	0.363	0.82	0.186
1102	-0.00926	0.363	0.82	0.186
1103	-0.0091	0.363	0.82	0.186
1104	-0.00917	0.363	0.821	0.186
1105	-0.00906	0.363	0.821	0.186
1106	-0.00921	0.363	0.821	0.186
1107	-0.00933	0.363	0.821	0.186
1108	-0.00933	0.363	0.821	0.186
1109	-0.00943	0.363	0.821	0.186
1110	-0.00935	0.363	0.821	0.186
1111	-0.00961	0.362	0.821	0.185
1112	-0.00951	0.362	0.821	0.185
1113	-0.0094	0.363	0.821	0.186
1114	-0.00938	0.362	0.821	0.186
1115	-0.00952	0.363	0.821	0.186
1116	-0.00966	0.363	0.821	0.186
1117	-0.00975	0.362	0.821	0.185
1118	-0.00974	0.362	0.821	0.186
1119	-0.00963	0.362	0.821	0.186
1120	-0.00959	0.363	0.821	0.186
1121	-0.00968	0.362	0.821	0.186
1122	-0.00969	0.362	0.821	0.185
1123	-0.00948	0.362	0.821	0.186
1124	-0.00969	0.362	0.821	0.186
1125	-0.00957	0.362	0.821	0.185
1126	-0.0095	0.362	0.821	0.186
1127	-0.00949	0.362	0.821	0.186
1128	-0.00952	0.362	0.821	0.185
1129	-0.00964	0.362	0.821	0.185
1130	-0.00954	0.362	0.821	0.185
1131	-0.00938	0.362	0.822	0.185
1132	-0.00943	0.362	0.821	0.185
1133	-0.00945	0.362	0.821	0.186
1134	-0.00936	0.362	0.821	0.186
1135	-0.00951	0.362	0.821	0.186
1136	-0.00935	0.362	0.821	0.185
1137	-0.00932	0.362	0.821	0.184
1138	-0.00908	0.362	0.821	0.185
1139	-0.00896	0.362	0.821	0.184
1140	-0.009	0.362	0.821	0.185
1141	-0.00895	0.362	0.821	0.185
1142	-0.00929	0.362	0.821	0.185
1143	-0.00912	0.362	0.821	0.185
1144	-0.0089	0.362	0.821	0.185
1145	-0.0088	0.362	0.821	0.185
1146	-0.00881	0.362	0.821	0.185
1147	-0.00868	0.362	0.821	0.185
1148	-0.00879	0.362	0.821	0.185
1149	-0.00873	0.362	0.821	0.185
1150	-0.00891	0.362	0.821	0.185
1151	-0.00893	0.362	0.821	0.185
1152	-0.0088	0.362	0.821	0.185
1153	-0.00883	0.362	0.821	0.185
1154	-0.00868	0.362	0.821	0.185
1155	-0.00872	0.362	0.821	0.185
1156	-0.00886	0.362	0.821	0.185
1157	-0.00876	0.362	0.821	0.185
1158	-0.00899	0.362	0.821	0.185
1159	-0.0088	0.362	0.821	0.185
1160	-0.00881	0.362	0.821	0.185
1161	-0.00858	0.361	0.821	0.184
1162	-0.00862	0.361	0.822	0.184
1163	-0.00862	0.361	0.822	0.184
1164	-0.00867	0.361	0.822	0.184
1165	-0.00873	0.361	0.822	0.184
1166	-0.00889	0.361	0.822	0.184
1167	-0.00882	0.361	0.822	0.184
1168	-0.00883	0.361	0.822	0.184
1169	-0.00898	0.361	0.822	0.184
1170	-0.00877	0.361	0.822	0.184
1171	-0.00845	0.361	0.822	0.184
1172	-0.00878	0.36	0.822	0.184
1173	-0.00891	0.36	0.822	0.184
1174	-0.00893	0.36	0.822	0.184
1175	-0.00896	0.36	0.822	0.184
1176	-0.00904	0.36	0.822	0.184
1177	-0.00918	0.36	0.822	0.184
1178	-0.0093	0.361	0.822	0.184
1179	-0.00915	0.36	0.822	0.184
1180	-0.00906	0.36	0.822	0.184
1181	-0.00913	0.361	0.822	0.184
1182	-0.00915	0.361	0.822	0.184
1183	-0.0093	0.36	0.822	0.184
1184	-0.00935	0.36	0.822	0.184
1185	-0.00933	0.361	0.822	0.184
1186	-0.00913	0.36	0.822	0.184
1187	-0.00927	0.36	0.822	0.184
1188	-0.00913	0.36	0.822	0.184
1189	-0.00913	0.36	0.822	0.184
1190	-0.0091	0.36	0.822	0.184
1191	-0.00934	0.36	0.822	0.184
1192	-0.00917	0.36	0.823	0.183
1193	-0.00913	0.36	0.822	0.184
1194	-0.00904	0.36	0.822	0.184
1195	-0.00911	0.36	0.822	0.184
1196	-0.00947	0.36	0.823	0.184
1197	-0.0093	0.36	0.823	0.184
1198	-0.00933	0.36	0.822	0.184
1199	-0.00932	0.36	0.823	0.184
1200	-0.0094	0.359	0.823	0.183
1201	-0.00932	0.359	0.823	0.183
1202	-0.00921	0.359	0.823	0.183
1203	-0.00915	0.359	0.823	0.183
1204	-0.00927	0.359	0.823	0.183
1205	-0.00915	0.359	0.823	0.183
1206	-0.00894	0.359	0.823	0.183
1207	-0.00895	0.359	0.823	0.183
1208	-0.00904	0.359	0.823	0.183
1209	-0.00895	0.359	0.823	0.183
1210	-0.00896	0.359	0.823	0.183
1211	-0.00896	0.359	0.823	0.183
1212	-0.00883	0.359	0.823	0.183
1213	-0.00912	0.359	0.823	0.183
1214	-0.00908	0.359	0.823	0.183
1215	-0.00918	0.359	0.823	0.183
1216	-0.00931	0.359	0.823	0.183
1217	-0.00926	0.359	0.823	0.183
1218	-0.00939	0.359	0.823	0.183
1219	-0.00924	0.358	0.823	0.183
1220	-0.00919	0.359	0.823	0.183
1221	-0.00923	0.358	0.824	0.183
1222	-0.00916	0.358	0.824	0.183
1223	-0.00939	0.358	0.824	0.182
1224	-0.00929	0.358	0.824	0.182
1225	-0.00934	0.358	0.824	0.182
1226	-0.00913	0.358	0.824	0.182
1227	-0.00915	0.358	0.824	0.182
1228	-0.00913	0.358	0.824	0.182
1229	-0.00913	0.358	0.824	0.182
1230	-0.00945	0.358	0.824	0.182
1231	-0.0093	0.357	0.824	0.182
1232	-0.00926	0.357	0.824	0.182
1233	-0.0094	0.358	0.824	0.182
1234	-0.00955	0.357	0.824	0.182
1235	-0.00939	0.357	0.824	0.182
1236	-0.00954	0.357	0.824	0.182
1237	-0.00953	0.357	0.824	0.182
1238	-0.00947	0.358	0.824	0.182
1239	-0.00937	0.357	0.824	0.182
1240	-0.00948	0.357	0.825	0.182
1241	-0.00964	0.357	0.824	0.182
1242	-0.00975	0.357	0.825	0.182
1243	-0.00971	0.357	0.825	0.182
1244	-0.00951	0.357	0.824	0.182
1245	-0.00933	0.357	0.824	0.182
1246	-0.00937	0.357	0.825	0.182
1247	-0.00927	0.357	0.824	0.182
1248	-0.00941	0.357	0.824	0.182
1249	-0.0094	0.357	0.824	0.182
1250	-0.00932	0.357	0.824	0.182
1251	-0.00939	0.357	0.825	0.182
1252	-0.00922	0.357	0.824	0.182
1253	-0.00941	0.357	0.824	0.182
1254	-0.00952	0.357	0.824	0.182
1255	-0.00965	0.357	0.825	0.182
1256	-0.00972	0.357	0.825	0.182
1257	-0.00964	0.356	0.825	0.182
1258	-0.00933	0.356	0.825	0.182
1259	-0.00924	0.357	0.825	0.182
1260	-0.00934	0.357	0.825	0.182
1261	-0.00921	0.356	0.825	0.181
1262	-0.00942	0.357	0.825	0.182
1263	-0.00943	0.357	0.825	0.182
1264	-0.0092	0.356	0.825	0.181
1265	-0.00939	0.356	0.825	0.181
1266	-0.00915	0.356	0.825	0.181
1267	-0.00907	0.356	0.825	0.181
1268	-0.00915	0.356	0.825	0.182
1269	-0.0091	0.356	0.825	0.181
1270	-0.0092	0.356	0.825	0.181
1271	-0.00935	0.356	0.826	0.181
1272	-0.00928	0.355	0.825	0.18
1273	-0.00928	0.355	0.825	0.18
1274	-0.0093	0.356	0.825	0.18
1275	-0.00929	0.355	0.825	0.18
1276	-0.00918	0.356	0.825	0.18
1277	-0.00903	0.356	0.825	0.18
1278	-0.00894	0.356	0.825	0.18
1279	-0.00901	0.356	0.825	0.18
1280	-0.00914	0.356	0.825	0.18
1281	-0.00898	0.356	0.825	0.18
1282	-0.00895	0.356	0.825	0.18
1283	-0.00903	0.356	0.825	0.18
1284	-0.00925	0.356	0.825	0.18
1285	-0.00941	0.356	0.825	0.18
1286	-0.0092	0.356	0.825	0.18
1287	-0.00918	0.356	0.825	0.18
1288	-0.00914	0.355	0.825	0.18
1289	-0.00902	0.356	0.825	0.18
1290	-0.00887	0.355	0.825	0.18
1291	-0.00885	0.356	0.825	0.18
1292	-0.0091	0.356	0.825	0.18
1293	-0.00914	0.355	0.825	0.18
1294	-0.00919	0.355	0.825	0.18
1295	-0.00917	0.356	0.825	0.18
1296	-0.00909	0.355	0.825	0.18
1297	-0.00913	0.355	0.825	0.18
1298	-0.00893	0.356	0.825	0.18
1299	-0.0092	0.356	0.825	0.18
1300	-0.00905	0.356	0.825	0.18
1301	-0.00895	0.356	0.825	0.18
1302	-0.0089	0.355	0.825	0.18
1303	-0.00888	0.355	0.825	0.18
1304	-0.00915	0.355	0.825	0.18
1305	-0.00903	0.355	0.825	0.18
1306	-0.009	0.355	0.825	0.18
1307	-0.00906	0.356	0.825	0.18
1308	-0.00917	0.355	0.825	0.18
1309	-0.00909	0.355	0.825	0.18
1310	-0.0089	0.355	0.825	0.18
1311	-0.00897	0.356	0.825	0.18
1312	-0.00896	0.355	0.825	0.18
1313	-0.00888	0.356	0.825	0.181
1314	-0.00903	0.355	0.825	0.18
1315	-0.00895	0.355	0.825	0.18
1316	-0.00904	0.356	0.825	0.18
1317	-0.00896	0.355	0.825	0.18
1318	-0.00909	0.355	0.825	0.18
1319	-0.009	0.355	0.825	0.18
1320	-0.00908	0.355	0.825	0.18
1321	-0.00909	0.355	0.825	0.18
1322	-0.00928	0.355	0.825	0.18
1323	-0.00931	0.355	0.826	0.18
1324	-0.00918	0.355	0.826	0.18
1325	-0.00944	0.355	0.826	0.18
1326	-0.00919	0.354	0.826	0.18
1327	-0.00925	0.354	0.826	0.18
1328	-0.00926	0.355	0.826	0.18
1329	-0.00932	0.354	0.826	0.18
1330	-0.00941	0.354	0.826	0.179
1331	-0.00922	0.355	0.826	0.18
1332	-0.0091	0.354	0.826	0.18
1333	-0.00913	0.354	0.826	0.18
1334	-0.00929	0.354	0.826	0.18
1335	-0.00934	0.354	0.826	0.18
1336	-0.00938	0.354	0.826	0.18
1337	-0.0093	0.354	0.826	0.18
1338	-0.00928	0.354	0.826	0.18
1339	-0.00909	0.354	0.826	0.18
1340	-0.00911	0.354	0.826	0.18
1341	-0.00898	0.354	0.826	0.18
1342	-0.00911	0.354	0.826	0.18
1343	-0.00916	0.354	0.826	0.18
1344	-0.00923	0.354	0.826	0.18
1345	-0.00931	0.354	0.826	0.18
1346	-0.00945	0.354	0.826	0.18
1347	-0.00928	0.354	0.826	0.18
1348	-0.00928	0.354	0.826	0.18
1349	-0.00924	0.354	0.826	0.18
1350	-0.00914	0.354	0.826	0.18
1351	-0.00911	0.354	0.826	0.18
1352	-0.00895	0.354	0.826	0.18
1353	-0.00895	0.354	0.826	0.18
1354	-0.0091	0.354	0.826	0.18
1355	-0.00907	0.354	0.826	0.18
1356	-0.009	0.353	0.827	0.179
1357	-0.00914	0.353	0.827	0.179
1358	-0.0092	0.354	0.827	0.179
1359	-0.00909	0.353	0.827	0.179
1360	-0.00897	0.353	0.827	0.18
1361	-0.00902	0.354	0.826	0.179
1362	-0.00917	0.353	0.827	0.18
1363	-0.00919	0.353	0.827	0.179
1364	-0.00901	0.354	0.826	0.18
1365	-0.00906	0.353	0.826	0.179
1366	-0.00911	0.353	0.827	0.179
1367	-0.00917	0.354	0.827	0.179
1368	-0.00905	0.353	0.827	0.179
1369	-0.00898	0.353	0.827	0.179
1370	-0.00892	0.354	0.827	0.18
1371	-0.00911	0.353	0.827	0.179
1372	-0.00909	0.353	0.827	0.179
1373	-0.00901	0.353	0.827	0.18
1374	-0.00912	0.353	0.827	0.179
1375	-0.00893	0.353	0.827	0.179
1376	-0.009	0.353	0.827	0.179
1377	-0.00898	0.352	0.827	0.179
1378	-0.00897	0.353	0.827	0.179
1379	-0.00906	0.353	0.827	0.179
1380	-0.00901	0.353	0.827	0.179
1381	-0.00915	0.353	0.827	0.179
1382	-0.00924	0.353	0.827	0.179
1383	-0.00931	0.352	0.827	0.179
1384	-0.00921	0.353	0.827	0.179
1385	-0.00942	0.353	0.827	0.179
1386	-0.00938	0.353	0.827	0.179
1387	-0.00955	0.353	0.827	0.179
1388	-0.00969	0.353	0.827	0.18
1389	-0.00964	0.353	0.827	0.179
1390	-0.00933	0.353	0.827	0.179
1391	-0.00937	0.353	0.827	0.18
1392	-0.00938	0.352	0.827	0.179
1393	-0.00937	0.352	0.827	0.179
1394	-0.00933	0.353	0.827	0.179
1395	-0.00915	0.353	0.827	0.179
1396	-0.00919	0.352	0.827	0.179
1397	-0.00916	0.353	0.827	0.18
1398	-0.00916	0.353	0.827	0.179
1399	-0.00917	0.353	0.827	0.179
1400	-0.00922	0.353	0.827	0.179
1401	-0.00926	0.352	0.827	0.179
1402	-0.00924	0.352	0.827	0.179
1403	-0.00917	0.353	0.827	0.179
1404	-0.0091	0.353	0.827	0.179
1405	-0.00904	0.352	0.827	0.179
1406	-0.00906	0.353	0.827	0.18
1407	-0.00941	0.352	0.827	0.179
1408	-0.00917	0.352	0.827	0.179
1409	-0.0092	0.352	0.827	0.179
1410	-0.00937	0.352	0.827	0.179
1411	-0.00935	0.352	0.827	0.179
1412	-0.00927	0.352	0.827	0.179
1413	-0.00955	0.352	0.827	0.179
1414	-0.00957	0.352	0.827	0.179
1415	-0.00954	0.352	0.828	0.179
1416	-0.0095	0.352	0.827	0.179
1417	-0.00942	0.352	0.827	0.179
1418	-0.00947	0.352	0.827	0.179
1419	-0.00947	0.352	0.828	0.179
1420	-0.00934	0.352	0.828	0.179
1421	-0.00948	0.352	0.828	0.179
1422	-0.00933	0.352	0.828	0.179
1423	-0.00936	0.352	0.828	0.179
1424	-0.00945	0.352	0.828	0.179
1425	-0.00963	0.352	0.828	0.179
1426	-0.00962	0.352	0.828	0.179
1427	-0.00965	0.352	0.828	0.179
1428	-0.0095	0.351	0.828	0.179
1429	-0.00922	0.351	0.828	0.179
1430	-0.00913	0.351	0.828	0.179
1431	-0.00934	0.351	0.828	0.179
1432	-0.00942	0.352	0.828	0.179
1433	-0.00952	0.352	0.828	0.179
1434	-0.00939	0.351	0.828	0.179
1435	-0.00952	0.351	0.828	0.179
1436	-0.00937	0.351	0.828	0.179
1437	-0.0094	0.351	0.828	0.179
1438	-0.00945	0.351	0.828	0.179
1439	-0.00934	0.351	0.828	0.179
1440	-0.00922	0.351	0.828	0.179
1441	-0.00904	0.351	0.828	0.178
1442	-0.00935	0.351	0.828	0.179
1443	-0.0096	0.351	0.828	0.179
1444	-0.00942	0.351	0.828	0.179
1445	-0.00935	0.351	0.828	0.179
1446	-0.00927	0.351	0.828	0.178
1447	-0.00923	0.351	0.828	0.177
1448	-0.00924	0.35	0.828	0.177
1449	-0.00915	0.351	0.828	0.177
1450	-0.00937	0.351	0.828	0.178
1451	-0.0093	0.351	0.828	0.177
1452	-0.00937	0.351	0.828	0.177
1453	-0.00956	0.351	0.828	0.178
1454	-0.00952	0.351	0.828	0.178
1455	-0.00949	0.351	0.828	0.178
1456	-0.00947	0.351	0.828	0.177
1457	-0.0094	0.351	0.828	0.177
1458	-0.00927	0.35	0.828	0.177
1459	-0.00924	0.351	0.828	0.177
1460	-0.00924	0.351	0.828	0.178
1461	-0.0091	0.351	0.828	0.178
1462	-0.00924	0.351	0.828	0.178
1463	-0.00925	0.351	0.828	0.178
1464	-0.00937	0.351	0.828	0.178
1465	-0.0093	0.35	0.828	0.177
1466	-0.00917	0.35	0.829	0.177
1467	-0.00921	0.35	0.828	0.177
1468	-0.00916	0.351	0.828	0.178
1469	-0.00931	0.351	0.828	0.178
1470	-0.00932	0.35	0.828	0.178
1471	-0.00939	0.35	0.828	0.178
1472	-0.00932	0.351	0.828	0.178
1473	-0.0094	0.351	0.828	0.178
1474	-0.00932	0.35	0.828	0.178
1475	-0.00939	0.351	0.828	0.178
1476	-0.00931	0.351	0.828	0.178
1477	-0.00913	0.35	0.828	0.177
1478	-0.00906	0.35	0.828	0.177
1479	-0.00892	0.35	0.828	0.177
1480	-0.00911	0.35	0.828	0.177
1481	-0.00917	0.35	0.828	0.177
1482	-0.00913	0.35	0.828	0.177
1483	-0.00914	0.35	0.829	0.177
1484	-0.00915	0.35	0.829	0.177
1485	-0.00907	0.35	0.829	0.177
1486	-0.0092	0.35	0.829	0.177
1487	-0.00927	0.35	0.829	0.177
1488	-0.00925	0.35	0.829	0.177
1489	-0.0094	0.35	0.829	0.177
1490	-0.00933	0.35	0.829	0.177
1491	-0.00916	0.35	0.829	0.178
1492	-0.00899	0.35	0.828	0.178
1493	-0.00907	0.35	0.828	0.178
1494	-0.00909	0.35	0.828	0.178
1495	-0.00919	0.35	0.828	0.178
1496	-0.00933	0.35	0.828	0.177
1497	-0.00927	0.35	0.828	0.178
1498	-0.0094	0.35	0.829	0.177
1499	-0.00947	0.349	0.829	0.177
1500	-0.00964	0.349	0.829	0.177
1501	-0.00969	0.349	0.829	0.176
1502	-0.00981	0.349	0.829	0.177
1503	-0.00978	0.35	0.829	0.177
1504	-0.00979	0.349	0.829	0.177
1505	-0.0098	0.349	0.829	0.177
1506	-0.00957	0.349	0.829	0.177
1507	-0.00955	0.349	0.829	0.177
1508	-0.00969	0.349	0.829	0.177
1509	-0.00977	0.349	0.829	0.177
1510	-0.00992	0.349	0.829	0.177
1511	-0.00969	0.349	0.829	0.177
1512	-0.00968	0.349	0.829	0.177
1513	-0.0094	0.349	0.829	0.177
1514	-0.00936	0.349	0.829	0.177
1515	-0.00941	0.349	0.829	0.177
1516	-0.00952	0.349	0.829	0.177
1517	-0.00949	0.349	0.829	0.177
1518	-0.00955	0.349	0.829	0.177
1519	-0.00941	0.349	0.829	0.177
1520	-0.00931	0.349	0.829	0.177
1521	-0.00942	0.349	0.829	0.177
1522	-0.00967	0.349	0.829	0.177
1523	-0.00951	0.349	0.829	0.177
1524	-0.00929	0.349	0.829	0.177
1525	-0.00932	0.349	0.829	0.177
1526	-0.00942	0.349	0.829	0.177
1527	-0.00951	0.349	0.829	0.177
1528	-0.00948	0.349	0.829	0.177
1529	-0.00933	0.349	0.829	0.177
1530	-0.00927	0.349	0.829	0.177
1531	-0.00936	0.349	0.829	0.177
1532	-0.00934	0.349	0.829	0.177
1533	-0.00931	0.349	0.829	0.177
1534	-0.00974	0.348	0.83	0.177
1535	-0.00953	0.348	0.83	0.176
1536	-0.00948	0.348	0.83	0.177
1537	-0.00949	0.348	0.83	0.177
1538	-0.00943	0.348	0.83	0.177
1539	-0.0095	0.348	0.83	0.177
1540	-0.00936	0.348	0.83	0.177
1541	-0.00921	0.348	0.83	0.176
1542	-0.00907	0.348	0.83	0.176
1543	-0.00903	0.348	0.83	0.176
1544	-0.00906	0.348	0.83	0.176
1545	-0.00917	0.348	0.83	0.176
1546	-0.0091	0.348	0.83	0.176
1547	-0.00912	0.347	0.83	0.176
1548	-0.00925	0.348	0.83	0.176
1549	-0.00916	0.347	0.83	0.176
1550	-0.00905	0.347	0.83	0.176
1551	-0.00902	0.348	0.83	0.177
1552	-0.00912	0.348	0.83	0.176
1553	-0.00927	0.347	0.83	0.176
1554	-0.00915	0.348	0.83	0.177
1555	-0.00917	0.347	0.83	0.176
1556	-0.00928	0.347	0.83	0.176
1557	-0.00934	0.347	0.83	0.176
1558	-0.00914	0.348	0.83	0.176
1559	-0.00918	0.347	0.83	0.176
1560	-0.00904	0.347	0.83	0.176
1561	-0.00901	0.347	0.83	0.176
1562	-0.00906	0.347	0.831	0.176
1563	-0.00913	0.347	0.831	0.176
1564	-0.00915	0.347	0.831	0.176
1565	-0.00899	0.347	0.831	0.176
1566	-0.00908	0.347	0.831	0.176
1567	-0.00919	0.347	0.831	0.176
1568	-0.00925	0.347	0.831	0.176
1569	-0.00915	0.347	0.831	0.176
1570	-0.00924	0.347	0.831	0.176
1571	-0.00913	0.347	0.831	0.176
1572	-0.00913	0.347	0.83	0.176
1573	-0.00931	0.347	0.83	0.176
1574	-0.00915	0.347	0.831	0.176
1575	-0.00894	0.347	0.831	0.176
1576	-0.00887	0.347	0.831	0.176
1577	-0.00886	0.347	0.831	0.176
1578	-0.00912	0.347	0.831	0.176
1579	-0.00927	0.346	0.831	0.176
1580	-0.00916	0.346	0.831	0.176
1581	-0.00908	0.347	0.831	0.176
1582	-0.00902	0.346	0.831	0.176
1583	-0.00937	0.347	0.831	0.176
1584	-0.00925	0.347	0.831	0.176
1585	-0.00937	0.347	0.831	0.176
1586	-0.00918	0.347	0.831	0.176
1587	-0.00931	0.347	0.831	0.176
1588	-0.00931	0.346	0.831	0.176
1589	-0.00931	0.346	0.831	0.176
1590	-0.00935	0.347	0.831	0.176
1591	-0.00943	0.346	0.831	0.176
1592	-0.00946	0.346	0.831	0.176
1593	-0.0093	0.347	0.831	0.176
1594	-0.00938	0.347	0.831	0.176
1595	-0.00952	0.346	0.831	0.176
