Iteration	ValueMean	ValueStddev	DerivMean	DerivStddev
3	-0.00334	0.56	0.623	0.302
4	-0.00249	0.559	0.64	0.292
5	-0.00127	0.539	0.636	0.271
6	-0.00139	0.521	0.65	0.255
7	0.00153	0.51	0.651	0.245
8	0.00362	0.507	0.653	0.242
9	0.00421	0.506	0.654	0.24
10	0.00283	0.5	0.657	0.237
11	0.00375	0.498	0.657	0.236
12	0.00368	0.496	0.658	0.235
13	0.00289	0.496	0.657	0.235
14	0.00104	0.493	0.658	0.233
15	0.002	0.491	0.66	0.232
16	0.000664	0.491	0.659	0.232
17	0.000485	0.492	0.658	0.233
18	0.000961	0.489	0.659	0.232
19	0.000738	0.489	0.659	0.232
20	-0.000142	0.489	0.659	0.232
21	0.000764	0.489	0.658	0.232
22	0.00142	0.488	0.658	0.232
23	0.000699	0.487	0.658	0.232
24	-6.52e-05	0.486	0.659	0.231
25	0.0012	0.486	0.658	0.231
26	0.0013	0.487	0.657	0.232
27	0.00109	0.486	0.658	0.232
28	0.000155	0.486	0.657	0.232
29	0.000726	0.486	0.658	0.232
30	0.000871	0.485	0.658	0.232
31	-0.000319	0.484	0.658	0.231
32	-0.000465	0.484	0.659	0.231
33	-0.000557	0.483	0.66	0.231
34	0.000326	0.483	0.66	0.231
35	0.000192	0.483	0.66	0.231
36	4e-05	0.482	0.66	0.231
37	-0.000539	0.482	0.66	0.231
38	0.000487	0.483	0.659	0.231
39	-0.00062	0.482	0.66	0.231
40	-0.000159	0.481	0.66	0.231
41	0.000134	0.481	0.66	0.231
42	0.000419	0.48	0.662	0.23
43	0.000425	0.48	0.662	0.231
44	0.000116	0.48	0.662	0.231
45	1.44e-05	0.48	0.662	0.231
46	0.000283	0.48	0.662	0.231
47	0.00157	0.479	0.663	0.231
48	0.000551	0.479	0.663	0.232
49	-0.000623	0.478	0.664	0.231
50	-0.000683	0.478	0.663	0.231
51	9.98e-05	0.478	0.663	0.231
52	0.000855	0.479	0.663	0.233
53	0.00149	0.479	0.663	0.233
54	0.00097	0.479	0.664	0.233
55	0.000432	0.479	0.664	0.233
56	0.000178	0.478	0.665	0.233
57	0.000553	0.477	0.665	0.232
58	0.000645	0.478	0.665	0.232
59	7.51e-05	0.477	0.665	0.232
60	-5.61e-05	0.477	0.666	0.232
61	-0.000577	0.477	0.666	0.233
62	0.0011	0.477	0.667	0.233
63	0.00034	0.476	0.667	0.233
64	0.000825	0.476	0.667	0.233
65	0.00065	0.477	0.667	0.234
66	0.000956	0.477	0.667	0.234
67	0.00116	0.476	0.668	0.232
68	0.000682	0.477	0.667	0.233
69	0.00102	0.477	0.667	0.233
70	0.00113	0.475	0.668	0.232
71	0.00127	0.475	0.669	0.233
72	0.000493	0.476	0.668	0.234
73	0.000261	0.474	0.67	0.232
74	0.000846	0.475	0.67	0.233
75	0.000508	0.475	0.669	0.233
76	0.0002	0.474	0.671	0.233
77	-1.02e-05	0.475	0.67	0.233
78	0.000327	0.475	0.67	0.234
79	-0.000365	0.474	0.671	0.233
80	-0.00043	0.475	0.67	0.234
81	0.000146	0.474	0.671	0.233
82	-0.00024	0.473	0.672	0.233
83	-0.000108	0.474	0.672	0.233
84	0.000296	0.474	0.672	0.233
85	0.000964	0.472	0.672	0.232
86	0.00122	0.473	0.672	0.233
87	0.00151	0.473	0.673	0.233
88	0.00158	0.472	0.673	0.233
89	0.000862	0.473	0.673	0.233
90	0.00131	0.472	0.673	0.233
91	0.00147	0.472	0.674	0.233
92	0.00156	0.474	0.673	0.235
93	0.00183	0.473	0.673	0.234
94	0.00195	0.473	0.675	0.234
95	0.00161	0.473	0.674	0.235
96	0.00121	0.474	0.674	0.236
97	0.000709	0.473	0.674	0.235
98	0.000107	0.474	0.674	0.236
99	-4.21e-05	0.473	0.675	0.235
100	5.86e-05	0.472	0.676	0.234
101	0.000194	0.472	0.676	0.235
102	0.000123	0.472	0.676	0.235
103	0.000568	0.471	0.677	0.234
104	0.00124	0.471	0.677	0.234
105	0.00179	0.471	0.677	0.235
106	0.00157	0.471	0.678	0.234
107	0.000364	0.471	0.678	0.234
108	0.000397	0.471	0.678	0.234
109	0.000945	0.471	0.677	0.234
110	0.00125	0.472	0.677	0.235
111	0.00122	0.472	0.677	0.235
112	0.00142	0.471	0.678	0.235
113	0.00118	0.471	0.678	0.235
114	0.00165	0.47	0.678	0.235
115	0.00189	0.47	0.679	0.235
116	0.00157	0.47	0.68	0.234
117	0.00117	0.47	0.679	0.235
118	0.00189	0.469	0.68	0.234
119	0.00171	0.469	0.68	0.235
120	0.0023	0.468	0.682	0.235
121	0.00251	0.468	0.682	0.234
122	0.00187	0.468	0.682	0.235
123	0.00208	0.468	0.682	0.235
124	0.00265	0.468	0.682	0.235
125	0.00219	0.468	0.682	0.235
126	0.000811	0.468	0.682	0.235
127	0.000945	0.468	0.683	0.234
128	0.00128	0.468	0.683	0.235
129	0.00185	0.468	0.683	0.235
130	0.00211	0.468	0.683	0.235
131	0.00165	0.467	0.684	0.235
132	0.00231	0.467	0.685	0.235
133	0.00222	0.466	0.685	0.234
134	0.00245	0.466	0.686	0.234
135	0.00244	0.466	0.686	0.234
136	0.00152	0.466	0.686	0.234
137	0.00175	0.466	0.686	0.234
138	0.00215	0.466	0.686	0.234
139	0.00209	0.466	0.686	0.234
140	0.00264	0.467	0.686	0.235
141	0.00278	0.466	0.686	0.235
142	0.00297	0.465	0.687	0.234
143	0.00321	0.466	0.686	0.235
144	0.003	0.465	0.687	0.234
145	0.0027	0.465	0.688	0.234
146	0.00305	0.466	0.687	0.236
147	0.00363	0.465	0.688	0.235
148	0.00313	0.464	0.688	0.235
149	0.00311	0.465	0.688	0.235
150	0.00299	0.464	0.689	0.235
151	0.00274	0.464	0.689	0.234
152	0.00264	0.464	0.689	0.234
153	0.00241	0.463	0.69	0.234
154	0.00251	0.463	0.69	0.234
155	0.0025	0.463	0.69	0.234
156	0.00331	0.463	0.691	0.234
157	0.00268	0.462	0.691	0.233
158	0.00331	0.462	0.691	0.234
159	0.00275	0.463	0.691	0.234
160	0.00236	0.462	0.691	0.234
161	0.0029	0.462	0.691	0.234
162	0.00333	0.463	0.691	0.235
163	0.00369	0.463	0.691	0.234
164	0.00356	0.462	0.692	0.234
165	0.00364	0.462	0.692	0.234
166	0.00305	0.461	0.693	0.233
167	0.0033	0.462	0.693	0.234
168	0.00335	0.462	0.693	0.234
169	0.00367	0.461	0.693	0.234
170	0.00325	0.461	0.694	0.234
171	0.00367	0.461	0.694	0.234
172	0.00393	0.46	0.695	0.233
173	0.00434	0.46	0.695	0.234
174	0.00461	0.46	0.695	0.234
175	0.00459	0.459	0.696	0.233
176	0.00509	0.459	0.696	0.233
177	0.00603	0.458	0.697	0.233
178	0.00547	0.458	0.697	0.233
179	0.00494	0.459	0.696	0.233
180	0.00502	0.458	0.697	0.233
181	0.00492	0.459	0.696	0.233
182	0.0049	0.46	0.696	0.234
183	0.00528	0.459	0.696	0.234
184	0.00499	0.458	0.697	0.233
185	0.00467	0.459	0.697	0.234
186	0.00484	0.459	0.697	0.234
187	0.00466	0.458	0.698	0.234
188	0.00433	0.458	0.697	0.234
189	0.00436	0.458	0.698	0.234
190	0.00428	0.458	0.697	0.234
191	0.00375	0.458	0.698	0.234
192	0.00367	0.457	0.698	0.233
193	0.00414	0.458	0.698	0.234
194	0.00447	0.457	0.698	0.233
195	0.00419	0.457	0.699	0.233
196	0.00432	0.457	0.699	0.233
197	0.00452	0.457	0.699	0.233
198	0.00479	0.457	0.699	0.233
199	0.00476	0.457	0.699	0.234
200	0.00454	0.457	0.699	0.234
201	0.00456	0.457	0.699	0.234
202	0.00491	0.456	0.7	0.233
203	0.00495	0.456	0.7	0.233
204	0.00511	0.456	0.7	0.233
205	0.00508	0.456	0.7	0.234
206	0.00541	0.455	0.701	0.233
207	0.00543	0.455	0.701	0.233
208	0.00478	0.455	0.702	0.233
209	0.00491	0.454	0.702	0.232
210	0.0048	0.454	0.702	0.233
211	0.00458	0.454	0.702	0.232
212	0.00433	0.454	0.702	0.232
213	0.00433	0.454	0.702	0.233
214	0.00437	0.455	0.701	0.234
215	0.00398	0.455	0.702	0.234
216	0.00412	0.455	0.702	0.234
217	0.00445	0.455	0.702	0.234
218	0.00447	0.456	0.702	0.234
219	0.00474	0.455	0.702	0.234
220	0.00432	0.455	0.702	0.234
221	0.00419	0.454	0.703	0.233
222	0.00434	0.453	0.704	0.233
223	0.00459	0.453	0.704	0.233
224	0.00491	0.453	0.704	0.233
225	0.00518	0.453	0.704	0.233
226	0.00504	0.453	0.704	0.233
227	0.00536	0.453	0.705	0.233
228	0.00539	0.452	0.705	0.232
229	0.00526	0.451	0.706	0.232
230	0.00533	0.45	0.706	0.231
231	0.00525	0.451	0.706	0.232
232	0.0052	0.45	0.706	0.232
233	0.00541	0.45	0.707	0.232
234	0.00538	0.451	0.706	0.232
235	0.00465	0.451	0.706	0.233
236	0.00468	0.452	0.706	0.233
237	0.00459	0.452	0.706	0.233
238	0.00483	0.452	0.706	0.233
239	0.00549	0.451	0.707	0.233
240	0.00608	0.45	0.708	0.232
241	0.0054	0.45	0.708	0.233
242	0.00493	0.449	0.709	0.232
243	0.00484	0.45	0.709	0.232
244	0.00498	0.45	0.708	0.232
245	0.00493	0.45	0.709	0.232
246	0.00497	0.45	0.708	0.233
247	0.00471	0.45	0.709	0.232
248	0.00503	0.45	0.708	0.233
249	0.0049	0.45	0.709	0.232
250	0.00472	0.45	0.708	0.233
251	0.00433	0.45	0.708	0.233
252	0.0046	0.45	0.709	0.232
253	0.00431	0.45	0.709	0.233
254	0.00516	0.449	0.709	0.232
255	0.00509	0.449	0.709	0.233
256	0.00489	0.449	0.71	0.233
257	0.00531	0.448	0.71	0.232
258	0.00528	0.449	0.71	0.232
259	0.00525	0.449	0.71	0.233
260	0.0048	0.448	0.71	0.232
261	0.00529	0.448	0.71	0.232
262	0.00553	0.449	0.71	0.232
263	0.0059	0.448	0.711	0.232
264	0.00615	0.448	0.711	0.232
265	0.00572	0.448	0.711	0.233
266	0.00594	0.447	0.712	0.232
267	0.00519	0.447	0.711	0.232
268	0.00531	0.448	0.711	0.233
269	0.00498	0.448	0.711	0.233
270	0.00518	0.448	0.711	0.233
271	0.00501	0.448	0.711	0.233
272	0.00535	0.448	0.711	0.233
273	0.00496	0.448	0.711	0.233
274	0.00481	0.448	0.711	0.233
275	0.0055	0.447	0.711	0.233
276	0.00571	0.447	0.712	0.232
277	0.00558	0.447	0.712	0.233
278	0.00533	0.446	0.713	0.232
279	0.00558	0.446	0.712	0.232
280	0.00537	0.447	0.712	0.232
281	0.00586	0.446	0.713	0.232
282	0.00589	0.446	0.713	0.232
283	0.00561	0.447	0.712	0.233
284	0.00636	0.446	0.713	0.232
285	0.006	0.446	0.714	0.232
286	0.00577	0.446	0.713	0.233
287	0.00622	0.445	0.714	0.232
288	0.00618	0.445	0.714	0.232
289	0.00589	0.445	0.714	0.232
290	0.006	0.444	0.715	0.231
291	0.00621	0.444	0.715	0.231
292	0.0065	0.444	0.715	0.232
293	0.00585	0.444	0.715	0.232
294	0.00549	0.445	0.715	0.232
295	0.00538	0.445	0.715	0.233
296	0.00539	0.445	0.715	0.233
297	0.00535	0.444	0.715	0.232
298	0.00621	0.444	0.715	0.232
299	0.0063	0.444	0.715	0.232
300	0.00624	0.444	0.715	0.232
301	0.00657	0.444	0.716	0.232
302	0.00592	0.444	0.716	0.232
303	0.00568	0.444	0.716	0.232
304	0.00553	0.444	0.716	0.232
305	0.00597	0.445	0.716	0.233
306	0.00607	0.444	0.716	0.232
307	0.00569	0.444	0.716	0.232
308	0.00615	0.443	0.717	0.232
309	0.00644	0.443	0.717	0.232
310	0.00637	0.444	0.716	0.232
311	0.00633	0.443	0.717	0.232
312	0.00629	0.443	0.718	0.232
313	0.00634	0.443	0.717	0.232
314	0.00616	0.442	0.718	0.232
315	0.00607	0.442	0.718	0.231
316	0.00571	0.441	0.719	0.231
317	0.00574	0.441	0.719	0.231
318	0.00579	0.441	0.719	0.231
319	0.00592	0.44	0.719	0.23
320	0.00627	0.44	0.72	0.23
321	0.00612	0.44	0.72	0.231
322	0.00614	0.441	0.72	0.231
323	0.00683	0.44	0.72	0.23
324	0.00666	0.44	0.72	0.231
325	0.00703	0.44	0.72	0.23
326	0.00699	0.439	0.72	0.23
327	0.00701	0.439	0.721	0.23
328	0.00714	0.44	0.721	0.231
329	0.00714	0.44	0.721	0.231
330	0.00736	0.439	0.721	0.23
331	0.00676	0.439	0.721	0.231
332	0.00633	0.439	0.721	0.231
333	0.00672	0.439	0.722	0.231
334	0.00661	0.439	0.722	0.231
335	0.00714	0.438	0.722	0.23
336	0.00692	0.438	0.722	0.231
337	0.00689	0.438	0.723	0.231
338	0.00696	0.438	0.722	0.231
339	0.0071	0.439	0.722	0.232
340	0.00737	0.439	0.722	0.231
341	0.00726	0.439	0.722	0.231
342	0.00762	0.438	0.722	0.23
343	0.00734	0.438	0.722	0.231
344	0.00815	0.438	0.723	0.23
345	0.00806	0.437	0.723	0.23
346	0.00776	0.438	0.723	0.23
347	0.00778	0.438	0.723	0.23
348	0.0076	0.438	0.723	0.23
349	0.00744	0.438	0.723	0.23
350	0.00704	0.437	0.723	0.23
351	0.00673	0.437	0.723	0.23
352	0.00717	0.437	0.724	0.23
353	0.0068	0.437	0.723	0.23
354	0.00657	0.437	0.724	0.23
355	0.00679	0.437	0.723	0.23
356	0.00657	0.438	0.724	0.231
357	0.00637	0.437	0.723	0.231
358	0.0064	0.437	0.724	0.23
359	0.00672	0.437	0.724	0.231
360	0.00666	0.436	0.724	0.23
361	0.00646	0.437	0.724	0.231
362	0.00627	0.437	0.724	0.231
363	0.00657	0.438	0.723	0.231
364	0.00619	0.437	0.724	0.231
365	0.006	0.437	0.724	0.231
366	0.00594	0.437	0.724	0.231
367	0.0059	0.437	0.724	0.231
368	0.00633	0.437	0.724	0.231
369	0.00614	0.437	0.724	0.231
370	0.00615	0.437	0.725	0.231
371	0.0063	0.436	0.725	0.231
372	0.00649	0.436	0.725	0.231
373	0.00618	0.437	0.725	0.231
374	0.0062	0.437	0.725	0.231
375	0.00631	0.436	0.725	0.23
376	0.0064	0.436	0.725	0.23
377	0.0065	0.435	0.726	0.23
378	0.0071	0.435	0.726	0.23
379	0.00653	0.436	0.726	0.231
380	0.00655	0.436	0.726	0.231
381	0.00658	0.435	0.726	0.231
382	0.00687	0.435	0.726	0.231
383	0.00673	0.435	0.726	0.231
384	0.00634	0.435	0.726	0.23
385	0.00663	0.434	0.727	0.23
386	0.00673	0.434	0.727	0.23
387	0.00686	0.435	0.726	0.231
388	0.00663	0.435	0.727	0.231
389	0.00657	0.434	0.727	0.23
390	0.00596	0.435	0.727	0.231
391	0.00614	0.435	0.727	0.231
392	0.00643	0.434	0.727	0.23
393	0.00658	0.434	0.727	0.23
394	0.0068	0.435	0.727	0.231
395	0.00665	0.435	0.727	0.231
396	0.00704	0.434	0.727	0.231
397	0.00709	0.434	0.727	0.231
398	0.00642	0.435	0.726	0.231
399	0.00637	0.435	0.727	0.231
400	0.00656	0.435	0.727	0.231
401	0.00654	0.435	0.726	0.231
402	0.00728	0.435	0.727	0.23
403	0.00715	0.434	0.727	0.23
404	0.00659	0.434	0.727	0.23
405	0.0069	0.434	0.727	0.23
406	0.00633	0.433	0.728	0.23
407	0.00629	0.434	0.727	0.23
408	0.00678	0.434	0.728	0.23
409	0.00631	0.434	0.728	0.23
410	0.0059	0.433	0.728	0.23
411	0.00576	0.433	0.729	0.23
412	0.00571	0.433	0.728	0.23
413	0.00503	0.433	0.729	0.23
414	0.00528	0.433	0.729	0.23
415	0.00588	0.432	0.729	0.23
416	0.00606	0.432	0.729	0.23
417	0.00585	0.433	0.729	0.23
418	0.00553	0.432	0.729	0.23
419	0.00568	0.432	0.73	0.23
420	0.00552	0.432	0.73	0.23
421	0.0054	0.432	0.73	0.23
422	0.00566	0.433	0.729	0.23
423	0.00571	0.433	0.729	0.23
424	0.00564	0.433	0.729	0.23
425	0.00615	0.432	0.73	0.229
426	0.00625	0.432	0.73	0.23
427	0.00608	0.432	0.73	0.23
428	0.00634	0.432	0.73	0.23
429	0.0062	0.431	0.73	0.23
430	0.0064	0.431	0.731	0.23
431	0.00612	0.431	0.73	0.23
432	0.00626	0.431	0.73	0.23
433	0.00648	0.432	0.73	0.23
434	0.0065	0.432	0.73	0.23
435	0.00668	0.431	0.731	0.23
436	0.00655	0.432	0.73	0.231
437	0.00677	0.432	0.73	0.23
438	0.00689	0.431	0.73	0.23
439	0.00687	0.431	0.731	0.23
440	0.00613	0.432	0.73	0.231
441	0.00607	0.432	0.73	0.23
442	0.00595	0.432	0.731	0.231
443	0.0056	0.431	0.731	0.23
444	0.00558	0.431	0.731	0.23
445	0.00534	0.431	0.731	0.23
446	0.00547	0.431	0.731	0.23
447	0.0058	0.431	0.731	0.23
448	0.00591	0.43	0.732	0.23
449	0.00618	0.43	0.732	0.23
450	0.00632	0.43	0.732	0.23
451	0.00652	0.43	0.732	0.23
452	0.00648	0.43	0.732	0.23
453	0.00652	0.43	0.732	0.23
454	0.0066	0.43	0.732	0.23
455	0.00641	0.43	0.732	0.23
456	0.00688	0.43	0.732	0.23
457	0.00706	0.43	0.732	0.23
458	0.00725	0.43	0.732	0.23
459	0.00735	0.429	0.733	0.23
460	0.0072	0.429	0.733	0.229
461	0.00691	0.429	0.733	0.23
462	0.00671	0.429	0.733	0.23
463	0.00652	0.43	0.732	0.23
464	0.00664	0.429	0.733	0.23
465	0.00662	0.429	0.733	0.23
466	0.00642	0.429	0.733	0.23
467	0.00659	0.429	0.733	0.23
468	0.0068	0.429	0.733	0.23
469	0.00705	0.428	0.733	0.229
470	0.00697	0.428	0.734	0.229
471	0.00723	0.428	0.734	0.23
472	0.00691	0.428	0.734	0.23
473	0.00654	0.428	0.734	0.229
474	0.00666	0.428	0.733	0.23
475	0.00653	0.428	0.734	0.23
476	0.00679	0.427	0.734	0.229
477	0.00648	0.428	0.734	0.229
478	0.00619	0.428	0.734	0.229
479	0.00605	0.428	0.734	0.229
480	0.00609	0.428	0.734	0.229
481	0.00671	0.428	0.734	0.229
482	0.00661	0.427	0.734	0.229
483	0.00678	0.427	0.735	0.229
484	0.00677	0.427	0.735	0.229
485	0.0067	0.427	0.735	0.229
486	0.00682	0.427	0.735	0.229
487	0.0071	0.427	0.735	0.229
488	0.00666	0.427	0.735	0.229
489	0.00698	0.426	0.735	0.229
490	0.00651	0.427	0.735	0.229
491	0.00627	0.427	0.735	0.23
492	0.00635	0.427	0.735	0.229
493	0.00628	0.427	0.735	0.23
494	0.0062	0.427	0.735	0.23
495	0.00621	0.427	0.736	0.23
496	0.00626	0.427	0.736	0.23
497	0.00606	0.426	0.736	0.229
498	0.00622	0.426	0.736	0.229
499	0.00625	0.426	0.736	0.229
500	0.00625	0.426	0.736	0.23
501	0.00652	0.426	0.737	0.229
502	0.00662	0.425	0.737	0.229
503	0.00661	0.425	0.737	0.229
504	0.00654	0.425	0.737	0.229
505	0.006	0.425	0.737	0.229
506	0.00633	0.424	0.738	0.229
507	0.00619	0.424	0.737	0.229
508	0.00607	0.425	0.737	0.229
509	0.00578	0.425	0.738	0.229
510	0.00598	0.425	0.737	0.229
511	0.00603	0.425	0.737	0.229
512	0.00595	0.425	0.737	0.229
513	0.00599	0.425	0.738	0.229
514	0.00637	0.425	0.737	0.229
515	0.00618	0.424	0.738	0.229
516	0.00614	0.424	0.738	0.229
517	0.00647	0.424	0.738	0.229
518	0.0067	0.424	0.738	0.229
519	0.00677	0.424	0.738	0.229
520	0.00659	0.424	0.739	0.229
521	0.00634	0.424	0.738	0.229
522	0.00599	0.424	0.739	0.229
523	0.00664	0.424	0.739	0.229
524	0.00655	0.423	0.739	0.229
525	0.00675	0.424	0.739	0.229
526	0.00657	0.424	0.739	0.229
527	0.00658	0.423	0.739	0.229
528	0.00653	0.424	0.739	0.229
529	0.00651	0.424	0.739	0.229
530	0.00649	0.424	0.739	0.23
531	0.00641	0.424	0.739	0.229
532	0.0065	0.424	0.739	0.23
533	0.00632	0.424	0.739	0.23
534	0.00611	0.424	0.738	0.23
535	0.00623	0.424	0.739	0.23
536	0.00596	0.423	0.739	0.229
537	0.00614	0.424	0.739	0.229
538	0.00552	0.424	0.739	0.23
539	0.00565	0.424	0.739	0.23
540	0.00587	0.424	0.739	0.23
541	0.00577	0.424	0.739	0.23
542	0.00589	0.423	0.739	0.23
543	0.00615	0.423	0.739	0.23
544	0.00705	0.423	0.739	0.23
545	0.00673	0.423	0.74	0.23
546	0.00677	0.423	0.74	0.23
547	0.0064	0.423	0.74	0.23
548	0.00627	0.423	0.74	0.229
549	0.00616	0.423	0.74	0.229
550	0.0058	0.422	0.741	0.229
551	0.00618	0.422	0.741	0.229
552	0.00635	0.422	0.741	0.229
553	0.00626	0.422	0.74	0.229
554	0.00619	0.422	0.741	0.229
555	0.00594	0.421	0.741	0.229
556	0.00586	0.422	0.741	0.229
557	0.00596	0.421	0.741	0.229
558	0.00607	0.421	0.741	0.229
559	0.00641	0.422	0.741	0.229
560	0.00638	0.421	0.742	0.229
561	0.00629	0.421	0.742	0.228
562	0.00632	0.421	0.742	0.229
563	0.00657	0.42	0.742	0.228
564	0.00667	0.42	0.743	0.228
565	0.00664	0.42	0.742	0.229
566	0.00652	0.42	0.743	0.228
567	0.00613	0.42	0.743	0.228
568	0.00621	0.42	0.742	0.229
569	0.00609	0.42	0.743	0.229
570	0.00612	0.419	0.743	0.228
571	0.00643	0.42	0.743	0.228
572	0.00654	0.419	0.743	0.228
573	0.00631	0.419	0.743	0.228
574	0.00584	0.419	0.743	0.228
575	0.00599	0.42	0.743	0.228
576	0.00589	0.419	0.743	0.228
577	0.00552	0.42	0.743	0.228
578	0.00567	0.419	0.743	0.228
579	0.00551	0.419	0.743	0.228
580	0.0052	0.42	0.743	0.229
581	0.00562	0.42	0.743	0.229
582	0.00582	0.42	0.743	0.229
583	0.00582	0.42	0.743	0.229
584	0.00553	0.42	0.743	0.229
585	0.00516	0.42	0.743	0.229
586	0.00557	0.419	0.743	0.228
587	0.00546	0.419	0.743	0.228
588	0.00548	0.419	0.743	0.228
589	0.00531	0.419	0.743	0.228
590	0.00486	0.419	0.743	0.228
591	0.00469	0.419	0.743	0.228
592	0.00486	0.419	0.743	0.229
593	0.00501	0.419	0.743	0.228
594	0.00472	0.419	0.744	0.229
595	0.00452	0.419	0.744	0.229
596	0.0047	0.419	0.744	0.228
597	0.00427	0.419	0.744	0.228
598	0.00457	0.419	0.743	0.229
599	0.00436	0.419	0.743	0.229
600	0.00431	0.419	0.743	0.229
601	0.0049	0.419	0.743	0.229
602	0.00484	0.419	0.744	0.229
603	0.00489	0.419	0.744	0.228
604	0.00487	0.419	0.744	0.229
605	0.00501	0.419	0.744	0.228
606	0.00498	0.418	0.744	0.228
607	0.00509	0.418	0.744	0.228
608	0.00519	0.418	0.745	0.228
609	0.00468	0.418	0.744	0.228
610	0.00496	0.418	0.744	0.229
611	0.00496	0.418	0.744	0.229
612	0.00493	0.418	0.745	0.229
613	0.00508	0.419	0.745	0.229
614	0.00482	0.418	0.745	0.229
615	0.00512	0.418	0.745	0.229
616	0.00497	0.418	0.745	0.229
617	0.00526	0.417	0.745	0.228
618	0.00573	0.417	0.745	0.228
619	0.00547	0.417	0.745	0.228
620	0.00594	0.417	0.746	0.228
621	0.00595	0.416	0.746	0.228
622	0.00601	0.417	0.745	0.229
623	0.00603	0.417	0.746	0.228
624	0.00627	0.417	0.746	0.228
625	0.00641	0.416	0.746	0.228
626	0.0061	0.416	0.746	0.228
627	0.00628	0.416	0.746	0.228
628	0.00619	0.416	0.746	0.228
629	0.00584	0.416	0.746	0.228
630	0.00571	0.416	0.746	0.227
631	0.00533	0.417	0.746	0.228
632	0.00519	0.416	0.746	0.228
633	0.00594	0.416	0.747	0.228
634	0.00573	0.416	0.747	0.228
635	0.00542	0.416	0.747	0.227
636	0.00604	0.416	0.747	0.227
637	0.00623	0.415	0.747	0.227
638	0.00595	0.415	0.747	0.227
639	0.00607	0.415	0.748	0.227
640	0.00566	0.415	0.747	0.227
641	0.00588	0.415	0.747	0.227
642	0.00588	0.415	0.747	0.228
643	0.00616	0.415	0.748	0.227
644	0.00605	0.415	0.747	0.227
645	0.00578	0.415	0.748	0.227
646	0.00573	0.414	0.748	0.227
647	0.00589	0.415	0.748	0.227
648	0.00644	0.415	0.748	0.227
649	0.00647	0.415	0.748	0.227
650	0.00651	0.414	0.748	0.227
651	0.00618	0.414	0.748	0.227
652	0.00608	0.414	0.748	0.227
653	0.00586	0.414	0.748	0.227
654	0.0064	0.414	0.749	0.226
655	0.00609	0.414	0.748	0.227
656	0.00621	0.414	0.748	0.227
657	0.00609	0.414	0.748	0.227
658	0.00587	0.414	0.748	0.227
659	0.00621	0.414	0.749	0.227
660	0.00618	0.414	0.749	0.227
661	0.00629	0.414	0.748	0.227
662	0.00609	0.414	0.749	0.227
663	0.00607	0.414	0.749	0.227
664	0.00601	0.414	0.749	0.227
665	0.0061	0.414	0.749	0.227
666	0.00598	0.414	0.749	0.227
667	0.00598	0.414	0.749	0.227
668	0.00612	0.413	0.749	0.227
669	0.00604	0.414	0.749	0.227
670	0.00605	0.414	0.749	0.227
671	0.00604	0.413	0.75	0.227
672	0.00561	0.413	0.75	0.227
673	0.00561	0.414	0.749	0.227
674	0.00585	0.413	0.75	0.227
675	0.00579	0.413	0.75	0.227
676	0.00574	0.413	0.75	0.227
677	0.00613	0.413	0.75	0.227
678	0.00605	0.412	0.75	0.226
679	0.00588	0.412	0.75	0.227
680	0.00583	0.412	0.75	0.227
681	0.00583	0.412	0.751	0.226
682	0.00576	0.411	0.751	0.226
683	0.00581	0.412	0.751	0.226
684	0.00587	0.412	0.751	0.226
685	0.00575	0.412	0.751	0.226
686	0.00593	0.412	0.751	0.226
687	0.00597	0.412	0.751	0.226
688	0.00596	0.412	0.751	0.227
689	0.00611	0.412	0.751	0.227
690	0.00599	0.412	0.751	0.226
691	0.006	0.412	0.751	0.227
692	0.00562	0.412	0.751	0.227
693	0.00611	0.412	0.751	0.227
694	0.00602	0.412	0.751	0.227
695	0.0061	0.412	0.751	0.227
696	0.00588	0.412	0.751	0.226
697	0.00574	0.412	0.751	0.227
698	0.0059	0.412	0.751	0.227
699	0.0059	0.412	0.751	0.227
700	0.00628	0.411	0.751	0.226
701	0.00668	0.411	0.751	0.226
702	0.00664	0.411	0.752	0.227
703	0.00656	0.412	0.751	0.227
704	0.00668	0.412	0.751	0.227
705	0.00667	0.411	0.752	0.226
706	0.00644	0.411	0.752	0.227
707	0.00644	0.411	0.751	0.227
708	0.00618	0.412	0.751	0.227
709	0.00598	0.412	0.751	0.227
710	0.00628	0.412	0.751	0.227
711	0.00614	0.412	0.751	0.227
712	0.00602	0.411	0.752	0.227
713	0.006	0.411	0.752	0.227
714	0.00584	0.412	0.751	0.227
715	0.00571	0.411	0.752	0.227
716	0.00591	0.411	0.752	0.227
717	0.00566	0.41	0.753	0.226
718	0.00614	0.41	0.752	0.226
719	0.00619	0.41	0.753	0.226
720	0.00636	0.41	0.753	0.226
721	0.00635	0.41	0.753	0.226
722	0.00614	0.41	0.753	0.226
723	0.00624	0.41	0.753	0.227
724	0.00663	0.41	0.753	0.227
725	0.00632	0.41	0.753	0.227
726	0.00595	0.41	0.753	0.226
727	0.00589	0.41	0.753	0.226
728	0.00623	0.41	0.753	0.226
729	0.00614	0.41	0.753	0.226
730	0.00612	0.409	0.753	0.226
731	0.00629	0.409	0.754	0.226
732	0.00599	0.409	0.754	0.226
733	0.00612	0.409	0.754	0.226
734	0.00618	0.409	0.753	0.226
735	0.00637	0.409	0.753	0.226
736	0.00624	0.409	0.753	0.226
737	0.00643	0.409	0.754	0.226
738	0.0066	0.409	0.754	0.226
739	0.00671	0.409	0.754	0.226
740	0.00662	0.409	0.754	0.226
741	0.00657	0.409	0.754	0.226
742	0.00644	0.409	0.754	0.226
743	0.00635	0.409	0.754	0.226
744	0.00668	0.409	0.754	0.226
745	0.00639	0.408	0.754	0.226
746	0.00623	0.408	0.754	0.226
747	0.00615	0.409	0.754	0.226
748	0.0064	0.408	0.755	0.226
749	0.00641	0.408	0.755	0.226
750	0.00656	0.409	0.754	0.226
751	0.00655	0.409	0.754	0.226
752	0.00657	0.409	0.754	0.226
753	0.00651	0.408	0.754	0.226
754	0.00643	0.408	0.755	0.226
755	0.00638	0.407	0.755	0.225
756	0.00595	0.407	0.755	0.225
757	0.00562	0.408	0.755	0.225
758	0.00611	0.408	0.755	0.225
759	0.00614	0.408	0.755	0.226
760	0.00601	0.408	0.755	0.226
761	0.00569	0.408	0.755	0.226
762	0.00613	0.408	0.755	0.226
763	0.0059	0.407	0.755	0.226
764	0.00582	0.408	0.755	0.226
765	0.00584	0.408	0.755	0.226
766	0.00625	0.407	0.756	0.225
767	0.00634	0.407	0.756	0.225
768	0.00605	0.407	0.756	0.225
769	0.00633	0.407	0.755	0.226
770	0.00628	0.408	0.755	0.226
771	0.00649	0.407	0.755	0.226
772	0.00643	0.407	0.756	0.226
773	0.00631	0.407	0.756	0.225
774	0.00603	0.407	0.756	0.225
775	0.00616	0.407	0.756	0.226
776	0.00593	0.407	0.756	0.225
777	0.00615	0.407	0.756	0.225
778	0.00664	0.407	0.756	0.225
779	0.00646	0.407	0.756	0.226
780	0.00609	0.406	0.756	0.225
781	0.00593	0.406	0.756	0.225
782	0.00633	0.407	0.756	0.225
783	0.00601	0.406	0.756	0.225
784	0.00619	0.406	0.756	0.225
785	0.00598	0.406	0.756	0.225
786	0.00608	0.407	0.756	0.225
787	0.00619	0.407	0.756	0.225
788	0.00597	0.406	0.756	0.225
789	0.00585	0.406	0.756	0.225
790	0.00558	0.406	0.756	0.225
791	0.00545	0.407	0.756	0.225
792	0.00553	0.406	0.756	0.225
793	0.0056	0.406	0.757	0.225
794	0.00554	0.406	0.756	0.225
795	0.00538	0.406	0.756	0.225
796	0.00546	0.406	0.757	0.225
797	0.00542	0.406	0.757	0.225
798	0.00534	0.406	0.757	0.225
799	0.00544	0.406	0.757	0.225
800	0.00533	0.406	0.757	0.225
801	0.00526	0.406	0.757	0.225
802	0.00546	0.406	0.757	0.225
803	0.00565	0.406	0.757	0.225
804	0.00573	0.405	0.757	0.225
805	0.00541	0.405	0.757	0.225
806	0.00544	0.406	0.757	0.225
807	0.00544	0.405	0.757	0.225
808	0.00548	0.405	0.757	0.225
809	0.00583	0.405	0.757	0.225
810	0.00606	0.405	0.758	0.225
811	0.00618	0.405	0.758	0.224
812	0.00602	0.405	0.758	0.224
813	0.00612	0.405	0.758	0.225
814	0.00617	0.405	0.758	0.225
815	0.00618	0.404	0.758	0.224
816	0.00629	0.404	0.758	0.224
817	0.0064	0.404	0.758	0.224
818	0.00652	0.404	0.759	0.224
819	0.00615	0.404	0.759	0.224
820	0.00597	0.404	0.758	0.224
821	0.00583	0.404	0.759	0.224
822	0.00581	0.404	0.759	0.224
823	0.00599	0.404	0.759	0.224
824	0.00593	0.404	0.759	0.224
825	0.00603	0.404	0.759	0.224
826	0.00601	0.404	0.759	0.224
827	0.00598	0.403	0.759	0.224
828	0.00569	0.404	0.759	0.224
829	0.00567	0.404	0.759	0.224
830	0.00608	0.403	0.759	0.224
831	0.00564	0.404	0.759	0.224
832	0.00547	0.404	0.759	0.224
833	0.00542	0.403	0.759	0.224
834	0.00583	0.404	0.759	0.224
835	0.00606	0.404	0.759	0.224
836	0.0061	0.403	0.759	0.224
837	0.0063	0.403	0.759	0.224
838	0.00583	0.403	0.759	0.224
839	0.0059	0.403	0.759	0.224
840	0.00604	0.403	0.759	0.224
841	0.00599	0.403	0.76	0.224
842	0.00621	0.403	0.759	0.224
843	0.00626	0.403	0.759	0.224
844	0.00603	0.403	0.759	0.224
845	0.00629	0.402	0.76	0.224
846	0.00613	0.403	0.76	0.224
847	0.00628	0.403	0.76	0.224
848	0.00604	0.403	0.76	0.224
849	0.0061	0.403	0.76	0.224
850	0.00618	0.403	0.76	0.224
851	0.00622	0.402	0.76	0.224
852	0.0065	0.402	0.761	0.224
853	0.00644	0.402	0.761	0.224
854	0.00607	0.402	0.76	0.224
855	0.00596	0.402	0.76	0.224
856	0.00575	0.402	0.76	0.224
857	0.00596	0.403	0.76	0.224
858	0.00613	0.403	0.76	0.224
859	0.00584	0.403	0.76	0.224
860	0.00585	0.403	0.76	0.224
861	0.00574	0.402	0.76	0.224
862	0.00575	0.402	0.76	0.224
863	0.00589	0.402	0.761	0.223
864	0.00595	0.402	0.761	0.223
865	0.0059	0.402	0.761	0.224
866	0.00589	0.402	0.761	0.224
867	0.00616	0.402	0.761	0.224
868	0.00618	0.402	0.761	0.223
869	0.00611	0.402	0.761	0.224
870	0.00631	0.402	0.761	0.224
871	0.00615	0.402	0.761	0.224
872	0.00598	0.401	0.761	0.224
873	0.00571	0.401	0.761	0.223
874	0.00558	0.402	0.761	0.224
875	0.00553	0.401	0.761	0.223
876	0.00567	0.402	0.761	0.224
877	0.00517	0.402	0.761	0.224
878	0.00503	0.402	0.761	0.224
879	0.00515	0.402	0.761	0.224
880	0.00525	0.401	0.761	0.224
881	0.00571	0.401	0.761	0.224
882	0.00555	0.402	0.761	0.224
883	0.00557	0.402	0.761	0.224
884	0.00533	0.402	0.761	0.224
885	0.00527	0.401	0.761	0.224
886	0.00512	0.402	0.761	0.224
887	0.00523	0.402	0.761	0.224
888	0.0049	0.402	0.761	0.225
889	0.00516	0.402	0.761	0.224
890	0.00526	0.402	0.76	0.225
891	0.00493	0.402	0.76	0.225
892	0.00505	0.402	0.761	0.225
893	0.00503	0.402	0.761	0.225
894	0.005	0.401	0.761	0.224
895	0.00452	0.402	0.761	0.224
896	0.00501	0.402	0.761	0.224
897	0.00497	0.401	0.761	0.224
898	0.00505	0.401	0.761	0.224
899	0.00519	0.402	0.761	0.225
900	0.00545	0.401	0.761	0.224
901	0.00554	0.401	0.761	0.224
902	0.00556	0.401	0.762	0.224
903	0.00541	0.401	0.762	0.224
904	0.00514	0.401	0.761	0.224
905	0.0049	0.401	0.762	0.224
906	0.00493	0.401	0.762	0.224
907	0.00477	0.401	0.762	0.224
908	0.00462	0.401	0.761	0.224
909	0.00477	0.401	0.761	0.224
910	0.00512	0.401	0.761	0.224
911	0.00493	0.401	0.762	0.224
912	0.00504	0.401	0.762	0.224
913	0.00505	0.401	0.762	0.224
914	0.00493	0.401	0.762	0.224
915	0.00551	0.401	0.762	0.224
916	0.00559	0.401	0.762	0.224
917	0.00566	0.401	0.762	0.224
918	0.0055	0.401	0.762	0.224
919	0.00533	0.401	0.762	0.224
920	0.00545	0.401	0.762	0.225
921	0.00542	0.401	0.762	0.224
922	0.00524	0.4	0.762	0.224
923	0.00514	0.4	0.763	0.224
924	0.00547	0.4	0.762	0.224
925	0.00528	0.4	0.763	0.224
926	0.00531	0.4	0.763	0.224
927	0.00519	0.4	0.763	0.224
928	0.00528	0.4	0.763	0.224
929	0.0053	0.4	0.763	0.224
930	0.00507	0.4	0.763	0.224
931	0.00515	0.4	0.763	0.224
932	0.00545	0.4	0.763	0.224
933	0.00528	0.4	0.763	0.224
934	0.00518	0.4	0.763	0.224
935	0.00543	0.399	0.763	0.223
936	0.0056	0.399	0.763	0.223
937	0.00533	0.399	0.764	0.223
938	0.00532	0.399	0.763	0.224
939	0.00529	0.399	0.763	0.224
940	0.00506	0.399	0.764	0.223
941	0.00556	0.398	0.764	0.223
942	0.00556	0.399	0.764	0.223
943	0.00532	0.399	0.764	0.223
944	0.00529	0.399	0.764	0.223
945	0.00533	0.399	0.764	0.223
946	0.00536	0.399	0.764	0.223
947	0.00524	0.399	0.764	0.223
948	0.00528	0.399	0.764	0.223
949	0.00536	0.399	0.764	0.223
950	0.00566	0.399	0.764	0.223
951	0.0053	0.399	0.764	0.223
952	0.00523	0.398	0.764	0.223
953	0.00527	0.398	0.764	0.223
954	0.00508	0.398	0.764	0.223
955	0.00526	0.399	0.763	0.223
956	0.00505	0.398	0.764	0.223
957	0.00494	0.398	0.764	0.223
958	0.0048	0.398	0.764	0.223
959	0.00474	0.398	0.764	0.223
960	0.00475	0.398	0.764	0.223
961	0.00453	0.399	0.764	0.223
962	0.00444	0.398	0.764	0.223
963	0.00463	0.398	0.764	0.223
964	0.00494	0.398	0.764	0.223
965	0.00501	0.398	0.764	0.223
966	0.00491	0.398	0.764	0.223
967	0.00486	0.397	0.765	0.223
968	0.00469	0.398	0.765	0.223
969	0.00482	0.398	0.765	0.223
970	0.00483	0.397	0.765	0.223
971	0.0053	0.397	0.765	0.222
972	0.00512	0.397	0.765	0.223
973	0.00501	0.397	0.765	0.223
974	0.00529	0.397	0.765	0.223
975	0.00506	0.397	0.765	0.221
976	0.00471	0.396	0.764	0.22
977	0.00463	0.397	0.764	0.221
978	0.00485	0.397	0.764	0.221
979	0.00482	0.397	0.764	0.221
980	0.00468	0.397	0.764	0.221
981	0.00459	0.397	0.764	0.221
982	0.00488	0.397	0.764	0.221
983	0.00507	0.397	0.764	0.221
984	0.00475	0.397	0.764	0.221
985	0.00479	0.398	0.764	0.222
986	0.00461	0.397	0.764	0.222
987	0.00456	0.397	0.764	0.222
988	0.00443	0.397	0.764	0.221
989	0.00457	0.397	0.764	0.222
990	0.00443	0.397	0.764	0.222
991	0.00417	0.398	0.763	0.222
992	0.0042	0.398	0.764	0.222
993	0.00436	0.397	0.764	0.222
994	0.00456	0.397	0.764	0.222
995	0.00447	0.397	0.764	0.222
996	0.00447	0.397	0.764	0.222
997	0.00443	0.397	0.764	0.222
998	0.00449	0.397	0.764	0.222
999	0.00484	0.397	0.764	0.222
1000	0.00507	0.397	0.764	0.221
1001	0.00503	0.397	0.764	0.221
1002	0.00496	0.397	0.764	0.221
1003	0.00484	0.396	0.765	0.221
1004	0.00474	0.397	0.764	0.221
1005	0.00436	0.397	0.764	0.222
1006	0.0046	0.397	0.764	0.222
1007	0.0046	0.397	0.764	0.222
1008	0.00468	0.398	0.764	0.222
1009	0.00442	0.397	0.764	0.222
1010	0.00472	0.397	0.764	0.222
1011	0.00483	0.397	0.764	0.222
1012	0.00484	0.397	0.764	0.222
1013	0.00477	0.397	0.765	0.222
1014	0.00495	0.397	0.764	0.222
1015	0.00482	0.397	0.765	0.222
1016	0.00481	0.397	0.765	0.222
1017	0.00517	0.397	0.764	0.222
1018	0.0053	0.397	0.765	0.222
1019	0.0052	0.397	0.765	0.221
1020	0.00473	0.397	0.764	0.222
1021	0.00484	0.396	0.765	0.221
1022	0.0047	0.396	0.765	0.221
1023	0.00491	0.396	0.765	0.221
1024	0.00458	0.396	0.765	0.221
1025	0.00462	0.396	0.765	0.221
1026	0.00488	0.397	0.765	0.222
1027	0.00487	0.396	0.765	0.221
1028	0.00482	0.396	0.766	0.221
1029	0.00458	0.397	0.765	0.222
1030	0.0046	0.396	0.765	0.221
1031	0.00465	0.396	0.765	0.221
1032	0.00453	0.396	0.765	0.222
1033	0.00451	0.396	0.765	0.221
1034	0.00468	0.396	0.765	0.222
1035	0.00473	0.396	0.765	0.222
1036	0.00464	0.396	0.765	0.222
1037	0.00409	0.396	0.765	0.221
1038	0.00418	0.396	0.765	0.221
1039	0.00438	0.396	0.765	0.221
1040	0.0044	0.396	0.765	0.221
1041	0.0041	0.396	0.765	0.222
1042	0.00409	0.396	0.765	0.222
1043	0.00464	0.396	0.766	0.222
1044	0.00467	0.396	0.765	0.222
1045	0.00455	0.396	0.766	0.221
1046	0.00454	0.396	0.765	0.222
1047	0.00456	0.396	0.766	0.221
1048	0.00474	0.396	0.766	0.222
1049	0.00459	0.396	0.766	0.222
1050	0.00483	0.396	0.766	0.222
1051	0.00455	0.395	0.766	0.221
1052	0.0047	0.395	0.766	0.221
1053	0.00509	0.395	0.766	0.221
1054	0.00508	0.395	0.766	0.221
1055	0.0048	0.395	0.767	0.221
1056	0.00495	0.395	0.767	0.221
1057	0.00488	0.395	0.767	0.221
1058	0.00467	0.394	0.767	0.221
1059	0.00447	0.395	0.767	0.221
1060	0.00474	0.394	0.767	0.221
1061	0.00481	0.395	0.767	0.221
1062	0.00463	0.395	0.767	0.221
1063	0.00476	0.395	0.767	0.221
1064	0.00473	0.394	0.767	0.221
1065	0.00449	0.394	0.767	0.221
1066	0.00451	0.394	0.767	0.221
1067	0.00465	0.394	0.767	0.22
1068	0.00472	0.394	0.767	0.221
1069	0.0045	0.394	0.767	0.221
1070	0.00478	0.394	0.767	0.221
1071	0.00445	0.394	0.767	0.221
1072	0.00443	0.394	0.767	0.221
1073	0.00431	0.394	0.767	0.221
1074	0.0045	0.394	0.767	0.221
1075	0.0047	0.393	0.768	0.22
1076	0.00488	0.393	0.768	0.22
1077	0.00532	0.394	0.768	0.221
1078	0.00514	0.393	0.768	0.22
1079	0.00524	0.393	0.768	0.22
1080	0.0051	0.393	0.768	0.22
1081	0.00496	0.393	0.768	0.22
1082	0.00484	0.393	0.768	0.22
1083	0.00488	0.393	0.768	0.22
1084	0.00484	0.393	0.768	0.22
1085	0.00479	0.393	0.768	0.22
1086	0.00509	0.393	0.768	0.221
1087	0.00484	0.393	0.768	0.221
1088	0.00495	0.394	0.768	0.221
1089	0.00518	0.394	0.768	0.221
1090	0.00514	0.394	0.768	0.221
1091	0.00531	0.393	0.768	0.221
1092	0.00499	0.393	0.768	0.22
1093	0.00492	0.393	0.768	0.22
1094	0.005	0.393	0.768	0.221
1095	0.00511	0.393	0.769	0.22
1096	0.00529	0.393	0.769	0.22
1097	0.00518	0.393	0.769	0.22
1098	0.00545	0.393	0.768	0.22
1099	0.00524	0.393	0.768	0.221
1100	0.0053	0.393	0.769	0.22
1101	0.00558	0.393	0.769	0.22
1102	0.00537	0.392	0.769	0.22
1103	0.00525	0.392	0.769	0.22
1104	0.00542	0.392	0.769	0.22
1105	0.0056	0.392	0.769	0.22
1106	0.00537	0.392	0.769	0.22
1107	0.00532	0.392	0.769	0.22
1108	0.0056	0.392	0.769	0.22
1109	0.00575	0.392	0.769	0.22
1110	0.00568	0.392	0.769	0.22
1111	0.00571	0.392	0.769	0.22
1112	0.00564	0.392	0.769	0.22
1113	0.00548	0.392	0.769	0.22
1114	0.00513	0.392	0.769	0.22
1115	0.00486	0.392	0.769	0.22
1116	0.00479	0.393	0.769	0.22
1117	0.00448	0.393	0.769	0.22
1118	0.00475	0.392	0.769	0.22
1119	0.00481	0.392	0.769	0.22
1120	0.00495	0.392	0.769	0.22
1121	0.00479	0.392	0.769	0.22
1122	0.00493	0.392	0.769	0.22
1123	0.00494	0.392	0.769	0.22
1124	0.00481	0.392	0.769	0.22
1125	0.00502	0.392	0.769	0.22
1126	0.00535	0.392	0.769	0.22
1127	0.00509	0.392	0.769	0.22
1128	0.005	0.392	0.769	0.22
1129	0.00477	0.392	0.77	0.22
1130	0.00496	0.391	0.77	0.22
1131	0.00484	0.391	0.77	0.22
1132	0.00508	0.391	0.77	0.219
1133	0.00492	0.391	0.77	0.22
1134	0.00483	0.391	0.77	0.22
1135	0.00472	0.391	0.77	0.22
1136	0.00462	0.391	0.77	0.219
1137	0.00459	0.39	0.769	0.218
1138	0.0047	0.39	0.769	0.218
1139	0.00462	0.391	0.769	0.218
1140	0.00476	0.391	0.769	0.218
1141	0.00497	0.391	0.769	0.218
1142	0.00518	0.391	0.769	0.218
1143	0.00505	0.391	0.769	0.219
1144	0.00498	0.391	0.769	0.218
1145	0.0051	0.391	0.769	0.218
1146	0.00489	0.391	0.769	0.218
1147	0.00461	0.391	0.769	0.218
1148	0.00471	0.391	0.769	0.218
1149	0.00487	0.391	0.769	0.219
1150	0.00503	0.391	0.769	0.218
1151	0.00494	0.391	0.769	0.218
1152	0.00488	0.391	0.769	0.218
1153	0.00477	0.391	0.769	0.218
1154	0.00449	0.391	0.769	0.219
1155	0.00464	0.391	0.769	0.219
1156	0.00462	0.391	0.769	0.218
1157	0.00434	0.391	0.769	0.219
1158	0.00447	0.391	0.769	0.219
1159	0.00443	0.391	0.769	0.219
1160	0.00444	0.391	0.769	0.219
1161	0.0046	0.391	0.769	0.219
1162	0.00438	0.391	0.769	0.219
1163	0.00436	0.392	0.769	0.219
1164	0.00428	0.391	0.769	0.219
1165	0.00425	0.391	0.769	0.219
1166	0.00412	0.391	0.769	0.219
1167	0.00433	0.391	0.769	0.219
1168	0.00431	0.391	0.769	0.219
1169	0.0045	0.391	0.769	0.219
1170	0.00422	0.391	0.769	0.219
1171	0.0041	0.391	0.769	0.219
1172	0.00433	0.391	0.769	0.219
1173	0.00442	0.391	0.769	0.219
1174	0.00422	0.391	0.769	0.219
1175	0.00436	0.391	0.769	0.219
1176	0.00432	0.391	0.769	0.219
1177	0.00458	0.39	0.77	0.219
1178	0.00453	0.391	0.769	0.219
1179	0.0044	0.391	0.769	0.219
1180	0.0043	0.39	0.77	0.219
1181	0.00416	0.391	0.77	0.219
1182	0.00397	0.391	0.769	0.219
1183	0.00383	0.39	0.77	0.219
1184	0.00431	0.39	0.77	0.219
1185	0.00433	0.39	0.77	0.219
1186	0.00441	0.39	0.77	0.219
1187	0.00429	0.391	0.77	0.219
1188	0.00426	0.391	0.77	0.219
1189	0.00475	0.39	0.77	0.219
1190	0.00481	0.391	0.769	0.219
1191	0.00478	0.391	0.77	0.219
1192	0.00481	0.391	0.77	0.219
1193	0.00465	0.391	0.769	0.219
1194	0.00454	0.391	0.769	0.219
1195	0.00451	0.391	0.769	0.219
1196	0.0046	0.391	0.77	0.219
1197	0.00458	0.39	0.77	0.219
1198	0.0046	0.39	0.77	0.219
1199	0.00462	0.39	0.77	0.219
1200	0.00488	0.39	0.77	0.219
1201	0.00474	0.39	0.77	0.219
1202	0.00477	0.39	0.77	0.219
1203	0.00468	0.39	0.77	0.219
1204	0.00442	0.39	0.77	0.219
1205	0.00454	0.39	0.77	0.219
1206	0.00463	0.389	0.771	0.218
1207	0.00441	0.39	0.77	0.218
1208	0.00441	0.39	0.771	0.218
1209	0.0044	0.389	0.771	0.218
1210	0.00442	0.389	0.77	0.218
1211	0.0045	0.389	0.771	0.218
1212	0.00461	0.389	0.771	0.218
1213	0.0046	0.389	0.771	0.218
1214	0.00454	0.389	0.771	0.218
1215	0.0044	0.389	0.771	0.218
1216	0.00421	0.389	0.771	0.219
1217	0.00436	0.39	0.77	0.219
1218	0.00447	0.39	0.771	0.219
1219	0.00461	0.39	0.771	0.219
1220	0.00448	0.389	0.771	0.219
1221	0.0045	0.389	0.771	0.219
1222	0.00492	0.389	0.771	0.218
1223	0.00502	0.389	0.771	0.219
1224	0.00487	0.389	0.771	0.218
1225	0.00511	0.389	0.771	0.219
1226	0.00546	0.389	0.771	0.219
1227	0.00547	0.389	0.771	0.219
1228	0.00534	0.389	0.771	0.219
1229	0.0052	0.389	0.771	0.218
1230	0.00519	0.389	0.771	0.218
1231	0.00499	0.389	0.771	0.218
1232	0.00498	0.388	0.772	0.218
1233	0.00501	0.388	0.772	0.218
1234	0.00488	0.388	0.772	0.218
1235	0.00485	0.388	0.772	0.218
1236	0.00483	0.388	0.772	0.218
1237	0.00473	0.388	0.772	0.218
1238	0.00476	0.388	0.772	0.218
1239	0.0049	0.389	0.772	0.218
1240	0.00499	0.388	0.772	0.218
1241	0.00486	0.389	0.772	0.219
1242	0.00472	0.388	0.772	0.218
1243	0.0048	0.388	0.772	0.218
1244	0.00479	0.388	0.772	0.218
1245	0.00435	0.388	0.772	0.218
1246	0.00421	0.388	0.772	0.218
1247	0.00419	0.388	0.772	0.218
1248	0.0044	0.388	0.772	0.218
1249	0.00425	0.388	0.772	0.218
1250	0.00428	0.388	0.772	0.218
1251	0.00429	0.388	0.772	0.218
1252	0.00445	0.388	0.772	0.218
1253	0.00456	0.388	0.772	0.218
1254	0.00431	0.388	0.772	0.218
1255	0.00399	0.388	0.772	0.218
1256	0.00393	0.388	0.772	0.218
1257	0.0043	0.388	0.772	0.218
1258	0.0044	0.388	0.772	0.218
1259	0.00446	0.388	0.772	0.218
1260	0.00426	0.388	0.772	0.218
1261	0.00423	0.388	0.772	0.218
1262	0.00446	0.387	0.773	0.218
1263	0.00458	0.388	0.772	0.218
1264	0.0045	0.388	0.772	0.218
1265	0.00461	0.388	0.772	0.218
1266	0.00483	0.388	0.772	0.218
1267	0.0046	0.387	0.773	0.218
1268	0.00452	0.388	0.772	0.218
1269	0.00447	0.388	0.772	0.218
1270	0.0044	0.388	0.772	0.218
1271	0.00417	0.388	0.773	0.218
1272	0.00404	0.387	0.772	0.216
1273	0.00387	0.387	0.771	0.216
1274	0.00397	0.387	0.772	0.216
1275	0.00362	0.388	0.771	0.216
1276	0.00341	0.387	0.771	0.216
1277	0.00391	0.387	0.771	0.216
1278	0.00398	0.387	0.771	0.216
1279	0.00384	0.388	0.771	0.217
1280	0.00373	0.387	0.771	0.216
1281	0.00395	0.387	0.772	0.216
1282	0.00358	0.387	0.771	0.216
1283	0.00384	0.388	0.771	0.217
1284	0.00399	0.388	0.771	0.217
1285	0.00391	0.388	0.771	0.217
1286	0.00403	0.388	0.771	0.217
1287	0.00421	0.388	0.771	0.217
1288	0.00413	0.388	0.771	0.217
1289	0.00407	0.388	0.772	0.217
1290	0.00398	0.388	0.771	0.217
1291	0.00396	0.388	0.771	0.217
1292	0.00395	0.388	0.771	0.217
1293	0.00417	0.388	0.771	0.217
1294	0.00423	0.387	0.771	0.217
1295	0.00409	0.388	0.771	0.217
1296	0.00412	0.387	0.772	0.217
1297	0.0042	0.387	0.772	0.217
1298	0.00437	0.387	0.772	0.217
1299	0.00425	0.387	0.772	0.217
1300	0.00441	0.387	0.772	0.217
1301	0.00433	0.387	0.772	0.217
1302	0.0043	0.387	0.772	0.217
1303	0.00428	0.387	0.772	0.217
1304	0.00421	0.387	0.772	0.217
1305	0.00425	0.387	0.772	0.217
1306	0.00425	0.387	0.772	0.217
1307	0.00431	0.387	0.772	0.217
1308	0.00439	0.387	0.772	0.217
1309	0.00449	0.387	0.772	0.217
1310	0.00451	0.387	0.772	0.216
1311	0.00426	0.387	0.772	0.217
1312	0.00404	0.387	0.772	0.217
1313	0.00423	0.387	0.772	0.217
1314	0.0041	0.387	0.772	0.217
1315	0.00403	0.387	0.772	0.217
1316	0.0041	0.387	0.772	0.217
1317	0.00411	0.387	0.772	0.217
1318	0.00427	0.387	0.772	0.217
1319	0.00436	0.387	0.772	0.217
1320	0.00424	0.387	0.772	0.217
1321	0.00446	0.387	0.772	0.217
1322	0.0043	0.387	0.772	0.217
1323	0.00426	0.387	0.772	0.217
1324	0.00422	0.387	0.772	0.217
1325	0.00436	0.387	0.772	0.217
1326	0.00451	0.386	0.773	0.217
1327	0.0046	0.386	0.772	0.217
1328	0.00448	0.386	0.773	0.216
1329	0.00412	0.387	0.772	0.217
1330	0.00406	0.386	0.773	0.217
1331	0.00401	0.386	0.773	0.217
1332	0.00399	0.387	0.772	0.217
1333	0.00415	0.387	0.772	0.217
1334	0.00433	0.387	0.773	0.217
1335	0.00424	0.387	0.773	0.217
1336	0.00422	0.386	0.773	0.217
1337	0.00426	0.386	0.773	0.217
1338	0.0041	0.386	0.773	0.217
1339	0.00394	0.386	0.773	0.216
1340	0.00427	0.386	0.773	0.217
1341	0.00439	0.386	0.773	0.217
1342	0.00441	0.386	0.773	0.216
1343	0.00427	0.385	0.773	0.216
1344	0.00426	0.386	0.773	0.217
1345	0.00436	0.386	0.773	0.217
1346	0.00457	0.386	0.773	0.217
1347	0.0045	0.386	0.773	0.217
1348	0.00434	0.386	0.773	0.217
1349	0.00431	0.386	0.774	0.217
1350	0.00415	0.386	0.773	0.217
1351	0.00426	0.385	0.774	0.216
1352	0.00407	0.385	0.774	0.216
1353	0.00408	0.386	0.773	0.217
1354	0.00388	0.386	0.773	0.217
1355	0.00387	0.385	0.774	0.216
1356	0.00377	0.386	0.773	0.217
1357	0.00372	0.386	0.774	0.217
1358	0.00387	0.385	0.774	0.216
1359	0.00368	0.385	0.774	0.217
1360	0.0034	0.385	0.774	0.217
1361	0.00374	0.385	0.774	0.216
1362	0.00382	0.385	0.774	0.216
1363	0.00375	0.385	0.774	0.216
1364	0.00399	0.385	0.774	0.216
1365	0.00408	0.385	0.774	0.217
1366	0.00412	0.385	0.774	0.217
1367	0.00384	0.386	0.774	0.217
1368	0.00401	0.386	0.774	0.217
1369	0.0042	0.385	0.774	0.217
1370	0.00409	0.385	0.774	0.217
1371	0.00399	0.385	0.774	0.217
1372	0.0039	0.385	0.774	0.217
1373	0.00387	0.385	0.774	0.216
1374	0.00393	0.385	0.774	0.217
1375	0.00386	0.385	0.774	0.216
1376	0.00397	0.385	0.774	0.216
1377	0.0039	0.385	0.774	0.217
1378	0.00386	0.385	0.774	0.216
1379	0.00391	0.385	0.774	0.216
1380	0.00376	0.385	0.774	0.217
1381	0.00368	0.385	0.774	0.217
1382	0.00361	0.385	0.774	0.217
1383	0.00373	0.385	0.774	0.217
1384	0.00374	0.384	0.775	0.216
1385	0.00389	0.384	0.775	0.216
1386	0.00365	0.384	0.775	0.216
1387	0.00406	0.384	0.775	0.216
1388	0.00412	0.384	0.775	0.216
1389	0.00399	0.384	0.775	0.216
1390	0.00385	0.384	0.775	0.216
1391	0.00402	0.384	0.775	0.216
1392	0.00396	0.384	0.775	0.216
1393	0.00422	0.384	0.775	0.216
1394	0.00406	0.384	0.775	0.216
1395	0.00387	0.384	0.775	0.216
1396	0.00418	0.384	0.775	0.216
1397	0.00426	0.384	0.775	0.216
1398	0.00395	0.384	0.775	0.216
1399	0.00411	0.384	0.775	0.216
1400	0.00417	0.384	0.775	0.216
1401	0.00386	0.384	0.775	0.216
1402	0.00368	0.384	0.775	0.216
1403	0.00377	0.384	0.775	0.217
1404	0.0036	0.385	0.775	0.217
1405	0.00354	0.384	0.775	0.216
1406	0.00388	0.384	0.775	0.216
1407	0.00403	0.384	0.775	0.216
1408	0.00434	0.384	0.775	0.216
1409	0.00451	0.384	0.775	0.216
1410	0.00429	0.384	0.775	0.216
1411	0.00453	0.384	0.775	0.216
1412	0.00437	0.384	0.775	0.216
1413	0.00442	0.384	0.775	0.216
1414	0.00426	0.384	0.775	0.216
1415	0.00448	0.384	0.775	0.216
1416	0.00446	0.384	0.775	0.216
1417	0.00439	0.384	0.775	0.216
1418	0.00416	0.384	0.775	0.216
1419	0.004	0.383	0.776	0.216
1420	0.00421	0.383	0.776	0.216
1421	0.00413	0.383	0.776	0.216
1422	0.00407	0.384	0.775	0.216
1423	0.00431	0.383	0.775	0.216
1424	0.00439	0.383	0.776	0.216
1425	0.00424	0.383	0.776	0.216
1426	0.00404	0.383	0.776	0.216
1427	0.00408	0.383	0.775	0.216
1428	0.0039	0.383	0.775	0.216
1429	0.00407	0.383	0.776	0.216
1430	0.00424	0.383	0.776	0.216
1431	0.00428	0.383	0.776	0.216
1432	0.00433	0.383	0.776	0.216
1433	0.00399	0.384	0.775	0.216
1434	0.00396	0.383	0.775	0.216
1435	0.004	0.383	0.776	0.216
1436	0.00377	0.383	0.776	0.216
1437	0.00375	0.383	0.776	0.216
1438	0.00392	0.383	0.776	0.216
1439	0.00407	0.383	0.776	0.216
1440	0.00396	0.383	0.776	0.216
1441	0.00395	0.383	0.776	0.216
1442	0.00383	0.383	0.776	0.216
1443	0.00392	0.383	0.776	0.216
1444	0.00417	0.383	0.776	0.216
1445	0.00422	0.383	0.776	0.216
1446	0.00423	0.382	0.776	0.215
1447	0.00378	0.382	0.775	0.214
1448	0.00371	0.383	0.775	0.215
1449	0.00369	0.383	0.774	0.215
1450	0.00348	0.383	0.774	0.215
1451	0.00362	0.383	0.775	0.215
1452	0.00373	0.383	0.774	0.215
1453	0.00355	0.383	0.774	0.215
1454	0.00343	0.384	0.774	0.215
1455	0.00345	0.383	0.774	0.215
1456	0.00337	0.383	0.774	0.215
1457	0.00337	0.383	0.774	0.215
1458	0.0034	0.383	0.774	0.215
1459	0.00326	0.383	0.775	0.215
1460	0.00342	0.383	0.775	0.215
1461	0.00362	0.383	0.775	0.215
1462	0.00362	0.383	0.775	0.215
1463	0.00373	0.383	0.775	0.215
1464	0.00393	0.383	0.775	0.215
1465	0.00412	0.383	0.775	0.215
1466	0.00411	0.383	0.775	0.215
1467	0.004	0.383	0.774	0.215
1468	0.00385	0.383	0.774	0.215
1469	0.00394	0.383	0.775	0.215
1470	0.0039	0.383	0.775	0.215
1471	0.00388	0.383	0.775	0.215
1472	0.00354	0.383	0.775	0.215
1473	0.00366	0.383	0.775	0.215
1474	0.00381	0.383	0.775	0.215
1475	0.00373	0.383	0.775	0.215
1476	0.00378	0.383	0.775	0.215
1477	0.00367	0.383	0.775	0.215
1478	0.00368	0.383	0.775	0.215
1479	0.00367	0.383	0.775	0.215
1480	0.0034	0.383	0.775	0.215
1481	0.00352	0.383	0.775	0.215
1482	0.00375	0.383	0.775	0.215
1483	0.00378	0.383	0.775	0.215
1484	0.00375	0.383	0.775	0.215
1485	0.00395	0.383	0.775	0.215
1486	0.00342	0.383	0.775	0.215
1487	0.00339	0.383	0.775	0.215
1488	0.00334	0.383	0.775	0.215
1489	0.00328	0.383	0.775	0.215
1490	0.00354	0.383	0.775	0.215
1491	0.0035	0.383	0.775	0.215
1492	0.00349	0.383	0.775	0.215
1493	0.00378	0.383	0.775	0.215
1494	0.00348	0.383	0.775	0.215
1495	0.00382	0.382	0.775	0.215
1496	0.0037	0.382	0.775	0.215
1497	0.00354	0.382	0.775	0.215
1498	0.00354	0.382	0.775	0.215
1499	0.00366	0.383	0.776	0.215
1500	0.00356	0.382	0.776	0.215
1501	0.00364	0.382	0.775	0.215
1502	0.00351	0.382	0.776	0.215
1503	0.00358	0.382	0.776	0.215
1504	0.00371	0.382	0.776	0.215
1505	0.00379	0.382	0.776	0.215
1506	0.00363	0.382	0.775	0.215
1507	0.00376	0.382	0.776	0.215
1508	0.00392	0.382	0.775	0.215
1509	0.00368	0.382	0.775	0.215
1510	0.00375	0.383	0.775	0.215
1511	0.00379	0.382	0.775	0.215
1512	0.00336	0.383	0.775	0.215
1513	0.00347	0.383	0.775	0.215
1514	0.00347	0.383	0.775	0.215
1515	0.00359	0.383	0.775	0.216
1516	0.00359	0.383	0.775	0.215
1517	0.00369	0.382	0.776	0.215
1518	0.00397	0.382	0.776	0.215
1519	0.00395	0.382	0.776	0.215
1520	0.0036	0.382	0.776	0.215
1521	0.00347	0.382	0.776	0.215
1522	0.0035	0.382	0.776	0.216
1523	0.00359	0.382	0.776	0.215
1524	0.00355	0.382	0.776	0.215
1525	0.00341	0.382	0.776	0.215
1526	0.00321	0.382	0.776	0.215
1527	0.00319	0.382	0.776	0.215
1528	0.00326	0.382	0.776	0.215
1529	0.00341	0.382	0.776	0.215
1530	0.00353	0.382	0.776	0.215
1531	0.00331	0.382	0.776	0.215
1532	0.00327	0.382	0.776	0.215
1533	0.00333	0.382	0.776	0.215
1534	0.00343	0.382	0.776	0.215
1535	0.00346	0.382	0.776	0.215
1536	0.00351	0.382	0.776	0.215
1537	0.00336	0.382	0.776	0.215
1538	0.00332	0.382	0.776	0.215
1539	0.00333	0.382	0.776	0.215
1540	0.00331	0.381	0.777	0.215
1541	0.00328	0.381	0.777	0.215
1542	0.00336	0.381	0.777	0.215
1543	0.00339	0.381	0.777	0.215
1544	0.00325	0.381	0.777	0.215
1545	0.00355	0.381	0.777	0.215
1546	0.00337	0.382	0.777	0.215
1547	0.00343	0.381	0.777	0.215
1548	0.00333	0.381	0.776	0.215
1549	0.00345	0.382	0.776	0.215
1550	0.00321	0.382	0.776	0.215
1551	0.00317	0.382	0.777	0.215
1552	0.00318	0.381	0.777	0.215
1553	0.0032	0.381	0.777	0.215
1554	0.00326	0.381	0.777	0.215
1555	0.0033	0.381	0.777	0.215
1556	0.00313	0.381	0.777	0.215
1557	0.00324	0.381	0.777	0.215
1558	0.00325	0.381	0.777	0.215
1559	0.00325	0.381	0.777	0.215
1560	0.00318	0.381	0.777	0.215
1561	0.00324	0.381	0.777	0.215
1562	0.00326	0.381	0.777	0.215
1563	0.0032	0.381	0.777	0.215
1564	0.00311	0.381	0.777	0.215
1565	0.00331	0.381	0.777	0.215
1566	0.00351	0.381	0.777	0.215
1567	0.00355	0.381	0.777	0.215
1568	0.00329	0.381	0.777	0.215
1569	0.0032	0.381	0.777	0.215
1570	0.0031	0.381	0.777	0.215
1571	0.00309	0.381	0.777	0.215
1572	0.00317	0.381	0.777	0.215
1573	0.00321	0.38	0.777	0.215
1574	0.00318	0.381	0.777	0.215
1575	0.00332	0.381	0.777	0.215
1576	0.00324	0.381	0.777	0.215
1577	0.00327	0.381	0.777	0.215
1578	0.00307	0.381	0.777	0.215
1579	0.00314	0.381	0.777	0.215
1580	0.00302	0.381	0.777	0.215
1581	0.00306	0.381	0.777	0.215
1582	0.00311	0.381	0.777	0.215
1583	0.00316	0.38	0.777	0.215
1584	0.00299	0.38	0.778	0.215
1585	0.00306	0.38	0.778	0.215
1586	0.00313	0.381	0.777	0.215
1587	0.00321	0.38	0.778	0.214
1588	0.00342	0.38	0.778	0.214
1589	0.0034	0.38	0.778	0.215
1590	0.00344	0.38	0.778	0.215
1591	0.00343	0.38	0.778	0.214
1592	0.00332	0.38	0.778	0.214
1593	0.00322	0.38	0.778	0.214
1594	0.00345	0.38	0.778	0.214
1595	0.00339	0.38	0.778	0.214
