Iteration	ValueMean	ValueStddev	DerivMean	DerivStddev
1	0.504	0.27	0.17	0.0689
2	0.508	0.257	0.178	0.0635
3	0.508	0.251	0.179	0.0592
4	0.509	0.249	0.18	0.0577
5	0.51	0.245	0.181	0.0557
6	0.511	0.243	0.182	0.0549
7	0.51	0.244	0.181	0.0547
8	0.509	0.244	0.181	0.0547
9	0.51	0.243	0.181	0.0544
10	0.508	0.243	0.181	0.0545
11	0.508	0.244	0.181	0.0543
12	0.508	0.244	0.181	0.0546
13	0.508	0.244	0.181	0.0544
14	0.507	0.244	0.181	0.0545
15	0.505	0.244	0.181	0.0545
16	0.504	0.244	0.181	0.0542
17	0.504	0.244	0.181	0.0542
18	0.503	0.243	0.181	0.0541
19	0.502	0.243	0.182	0.0541
20	0.502	0.243	0.182	0.0541
21	0.501	0.243	0.182	0.0542
22	0.501	0.243	0.182	0.0542
23	0.501	0.242	0.182	0.0542
24	0.499	0.242	0.182	0.054
25	0.498	0.242	0.183	0.054
26	0.497	0.242	0.183	0.0541
27	0.497	0.241	0.183	0.054
28	0.496	0.242	0.183	0.0541
29	0.495	0.242	0.183	0.0541
30	0.494	0.242	0.183	0.0542
31	0.494	0.242	0.183	0.0542
32	0.493	0.241	0.183	0.0543
33	0.493	0.241	0.183	0.0541
34	0.492	0.241	0.183	0.0539
35	0.492	0.241	0.183	0.0541
36	0.491	0.24	0.184	0.0539
37	0.49	0.241	0.184	0.0542
38	0.489	0.241	0.183	0.0545
39	0.488	0.24	0.184	0.054
40	0.488	0.24	0.184	0.054
41	0.486	0.24	0.184	0.0542
42	0.485	0.24	0.184	0.0541
43	0.485	0.24	0.184	0.0538
44	0.484	0.24	0.184	0.0538
45	0.484	0.24	0.184	0.0536
46	0.483	0.24	0.184	0.0536
47	0.481	0.24	0.184	0.0537
48	0.481	0.24	0.184	0.0536
49	0.48	0.24	0.184	0.0537
50	0.479	0.239	0.184	0.0536
51	0.478	0.239	0.184	0.0536
52	0.477	0.239	0.184	0.0535
53	0.477	0.239	0.184	0.0533
54	0.476	0.239	0.184	0.0535
55	0.475	0.239	0.184	0.0537
56	0.474	0.239	0.184	0.0536
57	0.474	0.239	0.184	0.0535
58	0.474	0.239	0.184	0.0534
59	0.472	0.239	0.184	0.0535
60	0.471	0.239	0.184	0.0537
61	0.471	0.239	0.184	0.0536
62	0.471	0.239	0.184	0.0533
63	0.47	0.239	0.184	0.0532
64	0.469	0.239	0.184	0.0531
65	0.469	0.239	0.184	0.0532
66	0.468	0.239	0.184	0.0533
67	0.468	0.239	0.184	0.0532
68	0.467	0.239	0.184	0.0532
69	0.466	0.239	0.184	0.0533
70	0.466	0.238	0.184	0.0532
71	0.465	0.239	0.184	0.0533
72	0.464	0.239	0.184	0.0534
73	0.463	0.238	0.184	0.0533
74	0.463	0.239	0.184	0.0534
75	0.462	0.238	0.184	0.0534
76	0.462	0.238	0.184	0.0532
77	0.461	0.238	0.184	0.0532
78	0.461	0.238	0.184	0.0532
79	0.46	0.238	0.184	0.0531
80	0.459	0.238	0.184	0.0531
81	0.459	0.238	0.184	0.053
82	0.459	0.238	0.184	0.0529
83	0.458	0.238	0.184	0.0529
84	0.457	0.238	0.184	0.0528
85	0.457	0.238	0.184	0.0528
86	0.456	0.238	0.184	0.0528
87	0.455	0.238	0.184	0.0529
88	0.455	0.238	0.184	0.0528
89	0.454	0.238	0.184	0.053
90	0.454	0.238	0.183	0.0531
91	0.453	0.238	0.183	0.0531
92	0.453	0.238	0.183	0.053
93	0.452	0.238	0.184	0.0529
94	0.452	0.237	0.184	0.0528
95	0.451	0.237	0.184	0.0528
96	0.45	0.238	0.183	0.0529
97	0.45	0.237	0.183	0.0528
98	0.45	0.238	0.183	0.0529
99	0.449	0.237	0.183	0.0528
100	0.449	0.237	0.183	0.0528
101	0.449	0.237	0.183	0.0529
102	0.448	0.238	0.183	0.0528
103	0.447	0.237	0.183	0.0528
104	0.447	0.237	0.183	0.0528
105	0.446	0.237	0.183	0.0526
106	0.446	0.237	0.183	0.0525
107	0.445	0.237	0.183	0.0525
108	0.445	0.237	0.183	0.0525
109	0.444	0.237	0.183	0.0526
110	0.444	0.237	0.183	0.0527
111	0.443	0.237	0.183	0.0527
112	0.443	0.236	0.183	0.0526
113	0.442	0.237	0.183	0.0527
114	0.442	0.237	0.183	0.0527
115	0.441	0.237	0.183	0.0528
116	0.441	0.237	0.183	0.0526
117	0.44	0.237	0.183	0.0527
118	0.439	0.237	0.183	0.0528
119	0.439	0.237	0.182	0.053
120	0.438	0.237	0.182	0.053
121	0.438	0.237	0.183	0.0529
122	0.437	0.237	0.182	0.0529
123	0.437	0.237	0.182	0.0529
124	0.437	0.237	0.182	0.0527
125	0.436	0.237	0.182	0.0527
126	0.436	0.236	0.182	0.0526
127	0.435	0.236	0.182	0.0526
128	0.435	0.236	0.182	0.0527
129	0.434	0.236	0.182	0.0528
130	0.434	0.236	0.182	0.0527
131	0.433	0.236	0.182	0.0527
132	0.433	0.236	0.182	0.0527
133	0.433	0.236	0.182	0.0527
134	0.432	0.236	0.182	0.0527
135	0.432	0.236	0.182	0.0526
136	0.431	0.236	0.182	0.0526
137	0.431	0.236	0.182	0.0527
138	0.43	0.236	0.182	0.0527
139	0.43	0.236	0.182	0.0527
140	0.429	0.236	0.182	0.0528
141	0.428	0.236	0.182	0.0528
142	0.428	0.236	0.182	0.0528
143	0.428	0.236	0.181	0.053
144	0.427	0.236	0.181	0.0529
145	0.427	0.236	0.182	0.0527
146	0.426	0.236	0.181	0.0529
147	0.426	0.236	0.181	0.0529
148	0.425	0.236	0.181	0.0528
149	0.425	0.236	0.181	0.0527
150	0.424	0.236	0.181	0.0527
151	0.424	0.236	0.181	0.0528
152	0.424	0.236	0.181	0.0528
153	0.423	0.236	0.181	0.0528
154	0.423	0.236	0.181	0.0527
155	0.422	0.236	0.181	0.0528
156	0.422	0.236	0.181	0.0529
157	0.422	0.236	0.181	0.0528
158	0.422	0.236	0.181	0.0528
159	0.421	0.236	0.181	0.0528
160	0.421	0.235	0.181	0.0527
161	0.42	0.236	0.181	0.0528
162	0.42	0.235	0.181	0.0527
163	0.42	0.235	0.181	0.0527
164	0.419	0.236	0.18	0.0529
165	0.418	0.236	0.18	0.0529
166	0.418	0.235	0.18	0.0528
167	0.418	0.236	0.18	0.053
168	0.417	0.236	0.18	0.053
169	0.417	0.235	0.18	0.0529
170	0.416	0.236	0.18	0.0531
171	0.416	0.236	0.18	0.0531
172	0.416	0.235	0.18	0.0529
173	0.415	0.235	0.18	0.053
174	0.415	0.235	0.18	0.0529
175	0.414	0.235	0.18	0.0529
176	0.414	0.235	0.18	0.0529
177	0.414	0.235	0.18	0.0531
178	0.413	0.235	0.18	0.053
179	0.413	0.235	0.179	0.0531
180	0.412	0.235	0.179	0.0531
181	0.412	0.235	0.179	0.053
182	0.411	0.235	0.179	0.0531
183	0.411	0.235	0.179	0.0531
184	0.411	0.235	0.179	0.0532
185	0.41	0.235	0.179	0.0533
186	0.41	0.235	0.179	0.0533
187	0.409	0.235	0.179	0.0533
188	0.409	0.235	0.179	0.0532
189	0.409	0.235	0.179	0.0533
190	0.408	0.236	0.179	0.0535
191	0.408	0.235	0.178	0.0535
192	0.408	0.236	0.178	0.0536
193	0.407	0.236	0.178	0.0536
194	0.407	0.235	0.178	0.0534
195	0.407	0.235	0.178	0.0534
196	0.406	0.235	0.178	0.0535
197	0.406	0.235	0.178	0.0534
198	0.406	0.235	0.178	0.0534
199	0.405	0.236	0.178	0.0536
200	0.405	0.235	0.178	0.0536
201	0.405	0.235	0.178	0.0536
202	0.404	0.236	0.178	0.0537
203	0.404	0.235	0.178	0.0536
204	0.404	0.235	0.178	0.0536
205	0.403	0.236	0.178	0.0537
206	0.403	0.235	0.178	0.0537
207	0.403	0.235	0.177	0.0537
208	0.403	0.235	0.178	0.0536
209	0.403	0.235	0.177	0.0537
210	0.402	0.235	0.177	0.0538
211	0.402	0.236	0.177	0.0538
212	0.401	0.235	0.177	0.0537
213	0.401	0.235	0.177	0.0536
214	0.401	0.235	0.177	0.0536
215	0.401	0.235	0.177	0.0535
216	0.401	0.235	0.177	0.0536
217	0.4	0.235	0.177	0.0537
218	0.4	0.235	0.177	0.0535
219	0.4	0.235	0.177	0.0536
220	0.399	0.235	0.177	0.0537
221	0.399	0.235	0.177	0.0536
222	0.399	0.235	0.177	0.0537
223	0.398	0.235	0.177	0.0537
224	0.398	0.235	0.177	0.0536
225	0.398	0.235	0.177	0.0537
226	0.397	0.235	0.176	0.0537
227	0.397	0.235	0.177	0.0535
228	0.397	0.235	0.177	0.0535
229	0.397	0.235	0.176	0.0537
230	0.396	0.235	0.176	0.0537
231	0.396	0.235	0.176	0.0537
232	0.395	0.235	0.176	0.0538
233	0.395	0.235	0.176	0.0538
234	0.395	0.235	0.176	0.0538
235	0.395	0.235	0.176	0.0538
236	0.395	0.234	0.176	0.0536
237	0.394	0.234	0.176	0.0538
238	0.394	0.235	0.176	0.0539
239	0.393	0.235	0.176	0.0539
240	0.393	0.235	0.176	0.0539
241	0.393	0.235	0.176	0.0539
242	0.393	0.235	0.176	0.0538
243	0.392	0.235	0.175	0.054
244	0.392	0.235	0.175	0.054
245	0.392	0.235	0.175	0.0538
246	0.391	0.235	0.175	0.0539
247	0.391	0.235	0.175	0.0539
248	0.391	0.235	0.175	0.054
249	0.391	0.234	0.175	0.0539
250	0.39	0.234	0.175	0.0539
251	0.39	0.235	0.175	0.054
252	0.39	0.235	0.175	0.0539
253	0.389	0.235	0.175	0.0541
254	0.389	0.235	0.175	0.0542
255	0.389	0.235	0.175	0.0542
256	0.389	0.235	0.175	0.0543
257	0.388	0.235	0.174	0.0544
258	0.388	0.235	0.174	0.0543
259	0.387	0.235	0.174	0.0543
260	0.387	0.235	0.174	0.0542
261	0.387	0.235	0.174	0.0543
262	0.387	0.235	0.174	0.0544
263	0.387	0.235	0.174	0.0543
264	0.386	0.235	0.174	0.0544
265	0.386	0.235	0.174	0.0544
266	0.386	0.235	0.174	0.0543
267	0.385	0.235	0.174	0.0544
268	0.385	0.235	0.174	0.0544
269	0.385	0.235	0.174	0.0544
270	0.385	0.234	0.174	0.0544
271	0.384	0.235	0.174	0.0545
272	0.385	0.234	0.174	0.0543
273	0.384	0.234	0.174	0.0545
274	0.383	0.235	0.174	0.0546
275	0.383	0.234	0.173	0.0545
276	0.383	0.235	0.173	0.0545
277	0.383	0.235	0.173	0.0547
278	0.383	0.235	0.173	0.0546
279	0.382	0.234	0.173	0.0546
280	0.382	0.234	0.173	0.0546
281	0.382	0.234	0.173	0.0545
282	0.382	0.234	0.173	0.0546
283	0.381	0.234	0.173	0.0547
284	0.381	0.234	0.173	0.0546
285	0.381	0.234	0.173	0.0546
286	0.381	0.234	0.173	0.0547
287	0.38	0.234	0.173	0.0546
288	0.38	0.234	0.173	0.0545
289	0.38	0.234	0.173	0.0546
290	0.38	0.234	0.173	0.0545
291	0.38	0.234	0.173	0.0546
292	0.379	0.234	0.173	0.0547
293	0.379	0.234	0.173	0.0547
294	0.379	0.234	0.173	0.0547
295	0.379	0.234	0.173	0.0548
296	0.378	0.234	0.173	0.0548
297	0.378	0.234	0.172	0.0547
298	0.378	0.234	0.172	0.0548
299	0.378	0.234	0.172	0.0547
300	0.377	0.234	0.172	0.0547
301	0.377	0.234	0.172	0.0549
302	0.377	0.234	0.172	0.0549
303	0.377	0.234	0.172	0.0548
304	0.376	0.234	0.172	0.0548
305	0.376	0.234	0.172	0.0548
306	0.376	0.234	0.172	0.0547
307	0.375	0.234	0.172	0.055
308	0.375	0.234	0.172	0.0549
309	0.375	0.234	0.172	0.0549
310	0.375	0.234	0.172	0.0549
311	0.375	0.234	0.172	0.0549
312	0.375	0.234	0.172	0.0549
313	0.374	0.234	0.172	0.055
314	0.374	0.234	0.171	0.0551
315	0.374	0.234	0.171	0.0551
316	0.374	0.234	0.171	0.055
317	0.373	0.234	0.171	0.0551
318	0.373	0.234	0.171	0.0551
319	0.373	0.233	0.171	0.055
320	0.373	0.234	0.171	0.0551
321	0.372	0.234	0.171	0.0551
322	0.372	0.234	0.171	0.055
323	0.372	0.234	0.171	0.0551
324	0.371	0.234	0.171	0.0552
325	0.371	0.233	0.171	0.0551
326	0.371	0.233	0.171	0.0551
327	0.371	0.234	0.171	0.0553
328	0.371	0.234	0.171	0.0553
329	0.371	0.234	0.171	0.0552
330	0.37	0.234	0.171	0.0552
331	0.37	0.234	0.17	0.0552
332	0.37	0.233	0.17	0.0552
333	0.37	0.234	0.17	0.0553
334	0.369	0.234	0.17	0.0554
335	0.369	0.234	0.17	0.0554
336	0.369	0.234	0.17	0.0555
337	0.369	0.233	0.17	0.0554
338	0.369	0.233	0.17	0.0554
339	0.369	0.233	0.17	0.0553
340	0.368	0.233	0.17	0.0553
341	0.368	0.233	0.17	0.0554
342	0.368	0.233	0.17	0.0553
343	0.368	0.233	0.17	0.0554
344	0.367	0.234	0.17	0.0556
345	0.367	0.233	0.17	0.0555
346	0.367	0.233	0.17	0.0555
347	0.367	0.233	0.17	0.0555
348	0.367	0.233	0.17	0.0556
349	0.366	0.233	0.169	0.0556
350	0.366	0.233	0.169	0.0556
351	0.366	0.233	0.169	0.0556
352	0.366	0.233	0.169	0.0556
353	0.366	0.233	0.169	0.0556
354	0.366	0.233	0.169	0.0556
355	0.365	0.233	0.169	0.0556
356	0.365	0.234	0.169	0.0558
357	0.365	0.233	0.169	0.0557
358	0.365	0.233	0.169	0.0557
359	0.364	0.233	0.169	0.0557
360	0.364	0.233	0.169	0.0557
361	0.364	0.233	0.169	0.0557
362	0.364	0.233	0.169	0.0557
363	0.364	0.233	0.169	0.0556
364	0.364	0.233	0.169	0.0556
365	0.363	0.233	0.169	0.0556
366	0.363	0.233	0.169	0.0556
367	0.363	0.233	0.169	0.0557
368	0.363	0.233	0.169	0.0556
369	0.363	0.233	0.169	0.0556
370	0.363	0.233	0.169	0.0556
371	0.362	0.233	0.168	0.0556
372	0.362	0.233	0.168	0.0557
373	0.362	0.233	0.168	0.0558
374	0.362	0.233	0.168	0.0558
375	0.362	0.233	0.168	0.0558
376	0.361	0.233	0.168	0.0558
377	0.361	0.233	0.168	0.0558
378	0.361	0.233	0.168	0.0559
379	0.361	0.233	0.168	0.0559
380	0.36	0.233	0.168	0.0559
381	0.361	0.233	0.168	0.0559
382	0.36	0.233	0.168	0.0559
383	0.36	0.233	0.168	0.0558
384	0.36	0.233	0.168	0.0559
385	0.36	0.233	0.168	0.0559
386	0.36	0.233	0.168	0.0559
387	0.359	0.233	0.168	0.0559
388	0.359	0.233	0.168	0.0559
389	0.359	0.233	0.168	0.056
390	0.359	0.233	0.168	0.056
391	0.359	0.233	0.168	0.056
392	0.359	0.233	0.167	0.056
393	0.358	0.233	0.167	0.056
394	0.358	0.233	0.167	0.056
395	0.358	0.233	0.167	0.0561
396	0.358	0.233	0.167	0.0561
397	0.358	0.233	0.167	0.056
398	0.357	0.233	0.167	0.0561
399	0.357	0.233	0.167	0.0561
400	0.357	0.233	0.167	0.0561
401	0.357	0.233	0.167	0.0562
402	0.357	0.233	0.167	0.0561
403	0.356	0.233	0.167	0.0563
404	0.356	0.233	0.167	0.0563
405	0.356	0.233	0.167	0.0563
406	0.356	0.233	0.167	0.0563
407	0.356	0.233	0.167	0.0563
408	0.355	0.233	0.167	0.0563
409	0.355	0.233	0.167	0.0564
410	0.355	0.232	0.167	0.0562
411	0.355	0.233	0.167	0.0563
412	0.355	0.233	0.167	0.0563
413	0.355	0.232	0.166	0.0562
414	0.355	0.232	0.167	0.0562
415	0.354	0.232	0.166	0.0562
416	0.354	0.233	0.166	0.0563
417	0.354	0.232	0.166	0.0563
418	0.354	0.232	0.166	0.0564
419	0.354	0.232	0.166	0.0564
420	0.353	0.232	0.166	0.0564
421	0.353	0.232	0.166	0.0564
422	0.353	0.233	0.166	0.0565
423	0.353	0.233	0.166	0.0565
424	0.353	0.232	0.166	0.0565
425	0.352	0.232	0.166	0.0565
426	0.352	0.233	0.166	0.0566
427	0.352	0.232	0.166	0.0565
428	0.352	0.232	0.166	0.0566
429	0.352	0.232	0.166	0.0566
430	0.351	0.232	0.165	0.0567
431	0.351	0.233	0.165	0.0567
432	0.351	0.232	0.165	0.0567
433	0.351	0.233	0.165	0.0567
434	0.351	0.232	0.165	0.0567
435	0.351	0.232	0.165	0.0567
436	0.35	0.232	0.165	0.0568
437	0.35	0.232	0.165	0.0567
438	0.35	0.232	0.165	0.0568
439	0.35	0.232	0.165	0.0568
440	0.35	0.232	0.165	0.0567
441	0.35	0.232	0.165	0.0567
442	0.35	0.232	0.165	0.0567
443	0.349	0.232	0.165	0.0568
444	0.349	0.232	0.165	0.0568
445	0.349	0.232	0.165	0.0568
446	0.349	0.232	0.165	0.0567
447	0.349	0.232	0.165	0.0567
448	0.349	0.232	0.165	0.0567
449	0.349	0.232	0.165	0.0566
450	0.349	0.232	0.165	0.0567
451	0.348	0.232	0.165	0.0568
452	0.348	0.232	0.165	0.0568
453	0.348	0.232	0.165	0.0568
454	0.348	0.232	0.165	0.0568
455	0.348	0.232	0.165	0.0568
456	0.348	0.232	0.165	0.0568
457	0.348	0.232	0.165	0.0568
458	0.347	0.232	0.164	0.0569
459	0.347	0.232	0.164	0.0569
460	0.347	0.232	0.164	0.0569
461	0.347	0.232	0.164	0.0568
462	0.347	0.231	0.164	0.0568
463	0.347	0.231	0.164	0.0569
464	0.347	0.231	0.164	0.0569
465	0.347	0.231	0.164	0.0568
466	0.346	0.231	0.164	0.0568
467	0.346	0.231	0.164	0.0568
468	0.346	0.231	0.164	0.0568
469	0.346	0.231	0.164	0.0568
470	0.346	0.231	0.164	0.0568
471	0.346	0.231	0.164	0.0568
472	0.345	0.231	0.164	0.0569
473	0.345	0.231	0.164	0.0568
474	0.345	0.231	0.164	0.0569
475	0.345	0.231	0.164	0.0569
476	0.345	0.231	0.164	0.0569
477	0.345	0.231	0.164	0.0569
478	0.345	0.231	0.164	0.0569
479	0.345	0.231	0.164	0.057
480	0.344	0.231	0.164	0.057
481	0.344	0.231	0.164	0.057
482	0.344	0.231	0.164	0.0569
483	0.344	0.231	0.164	0.057
484	0.344	0.231	0.164	0.057
485	0.344	0.231	0.164	0.0569
486	0.344	0.231	0.164	0.0569
487	0.344	0.231	0.164	0.0569
488	0.343	0.231	0.164	0.057
489	0.343	0.231	0.163	0.0571
490	0.343	0.231	0.163	0.057
491	0.343	0.231	0.163	0.057
492	0.343	0.231	0.163	0.0571
493	0.342	0.231	0.163	0.0571
494	0.342	0.231	0.163	0.0571
495	0.342	0.231	0.163	0.0571
496	0.342	0.231	0.163	0.0571
497	0.342	0.231	0.163	0.0571
498	0.342	0.231	0.163	0.0571
499	0.342	0.231	0.163	0.0572
500	0.341	0.231	0.163	0.0571
501	0.341	0.231	0.163	0.0571
502	0.341	0.231	0.163	0.0571
503	0.341	0.231	0.163	0.0571
504	0.341	0.231	0.163	0.0572
505	0.341	0.231	0.163	0.0572
506	0.341	0.231	0.163	0.0572
507	0.341	0.231	0.163	0.0572
508	0.341	0.231	0.163	0.0571
509	0.34	0.231	0.163	0.0571
510	0.34	0.23	0.163	0.0571
511	0.34	0.23	0.163	0.0572
512	0.34	0.231	0.163	0.0572
513	0.34	0.23	0.163	0.0572
514	0.34	0.23	0.163	0.0572
515	0.34	0.23	0.163	0.0572
516	0.34	0.23	0.163	0.0572
517	0.339	0.23	0.162	0.0573
518	0.339	0.23	0.162	0.0573
519	0.339	0.23	0.162	0.0573
520	0.339	0.23	0.162	0.0573
521	0.339	0.23	0.162	0.0573
522	0.339	0.23	0.162	0.0573
523	0.339	0.23	0.162	0.0573
524	0.338	0.23	0.162	0.0573
525	0.338	0.23	0.162	0.0574
526	0.338	0.23	0.162	0.0574
527	0.338	0.23	0.162	0.0574
528	0.337	0.23	0.162	0.0575
529	0.338	0.23	0.162	0.0575
530	0.337	0.23	0.162	0.0576
531	0.337	0.23	0.162	0.0576
532	0.337	0.23	0.162	0.0575
533	0.337	0.23	0.162	0.0576
534	0.337	0.23	0.162	0.0576
535	0.337	0.23	0.162	0.0576
536	0.337	0.23	0.162	0.0575
537	0.337	0.23	0.162	0.0576
538	0.337	0.23	0.162	0.0576
539	0.336	0.23	0.162	0.0577
540	0.336	0.23	0.162	0.0577
541	0.336	0.23	0.161	0.0576
542	0.336	0.23	0.161	0.0576
543	0.336	0.23	0.161	0.0576
544	0.336	0.23	0.161	0.0577
545	0.336	0.23	0.161	0.0576
546	0.336	0.23	0.161	0.0577
547	0.336	0.23	0.161	0.0577
548	0.335	0.23	0.161	0.0576
549	0.335	0.23	0.161	0.0576
550	0.335	0.23	0.161	0.0577
551	0.335	0.23	0.161	0.0577
552	0.335	0.23	0.161	0.0577
553	0.335	0.23	0.161	0.0577
554	0.334	0.23	0.161	0.0576
555	0.335	0.23	0.161	0.0576
556	0.334	0.23	0.161	0.0577
557	0.334	0.23	0.161	0.0576
558	0.334	0.23	0.161	0.0576
559	0.334	0.23	0.161	0.0576
560	0.334	0.23	0.161	0.0576
561	0.334	0.23	0.161	0.0577
562	0.334	0.23	0.161	0.0577
563	0.334	0.23	0.161	0.0577
564	0.334	0.23	0.161	0.0577
565	0.334	0.23	0.161	0.0577
566	0.333	0.23	0.161	0.0577
567	0.333	0.229	0.161	0.0577
568	0.333	0.23	0.161	0.0577
569	0.333	0.229	0.161	0.0576
570	0.333	0.229	0.161	0.0577
571	0.333	0.229	0.161	0.0577
572	0.333	0.229	0.161	0.0577
573	0.333	0.229	0.161	0.0577
574	0.333	0.229	0.161	0.0577
575	0.333	0.229	0.161	0.0576
576	0.332	0.229	0.16	0.0577
577	0.332	0.229	0.16	0.0577
578	0.332	0.229	0.16	0.0576
579	0.332	0.229	0.16	0.0577
580	0.332	0.229	0.16	0.0578
581	0.332	0.229	0.16	0.0578
582	0.332	0.229	0.16	0.0578
583	0.331	0.229	0.16	0.0579
584	0.331	0.229	0.16	0.0579
585	0.331	0.229	0.16	0.0578
586	0.331	0.229	0.16	0.0578
587	0.331	0.229	0.16	0.0578
588	0.331	0.229	0.16	0.0579
589	0.331	0.229	0.16	0.0579
590	0.331	0.229	0.16	0.0578
591	0.331	0.229	0.16	0.0578
592	0.33	0.229	0.16	0.0579
593	0.33	0.229	0.16	0.0579
594	0.33	0.229	0.16	0.0579
595	0.33	0.229	0.16	0.0579
596	0.33	0.229	0.16	0.058
597	0.33	0.229	0.16	0.058
598	0.33	0.229	0.16	0.058
599	0.33	0.229	0.16	0.0579
600	0.33	0.229	0.16	0.0579
601	0.329	0.229	0.16	0.0579
602	0.329	0.229	0.16	0.0579
603	0.329	0.229	0.16	0.0579
604	0.329	0.229	0.16	0.0579
605	0.329	0.229	0.16	0.0579
606	0.329	0.229	0.16	0.058
607	0.329	0.229	0.159	0.058
608	0.329	0.229	0.159	0.058
609	0.329	0.229	0.159	0.058
610	0.329	0.229	0.159	0.058
611	0.328	0.229	0.159	0.058
612	0.328	0.229	0.159	0.058
613	0.328	0.229	0.159	0.058
614	0.328	0.229	0.159	0.058
615	0.328	0.229	0.159	0.058
616	0.328	0.229	0.159	0.0581
617	0.328	0.229	0.159	0.058
618	0.328	0.229	0.159	0.058
619	0.328	0.229	0.159	0.0581
620	0.328	0.228	0.159	0.058
621	0.328	0.229	0.159	0.0581
622	0.327	0.229	0.159	0.0582
623	0.327	0.229	0.159	0.0581
624	0.327	0.228	0.159	0.058
625	0.327	0.228	0.159	0.0581
626	0.327	0.228	0.159	0.0581
627	0.327	0.228	0.159	0.0581
628	0.327	0.228	0.159	0.058
629	0.327	0.228	0.159	0.0581
630	0.327	0.228	0.159	0.0581
631	0.327	0.228	0.159	0.058
632	0.327	0.228	0.159	0.058
633	0.327	0.228	0.159	0.058
634	0.326	0.228	0.159	0.058
635	0.326	0.228	0.159	0.058
636	0.326	0.228	0.159	0.058
637	0.326	0.228	0.159	0.0581
638	0.326	0.228	0.159	0.0581
639	0.326	0.228	0.159	0.0581
640	0.325	0.228	0.159	0.0581
641	0.325	0.228	0.159	0.0581
642	0.325	0.228	0.159	0.0581
643	0.325	0.228	0.158	0.0582
644	0.325	0.228	0.159	0.0581
645	0.325	0.228	0.159	0.0581
646	0.325	0.228	0.158	0.0582
647	0.325	0.228	0.158	0.0582
648	0.325	0.228	0.159	0.0582
649	0.325	0.228	0.158	0.0582
650	0.325	0.228	0.158	0.0582
651	0.325	0.228	0.158	0.0581
652	0.325	0.228	0.158	0.0582
653	0.324	0.228	0.158	0.0583
654	0.325	0.228	0.158	0.0582
655	0.324	0.228	0.158	0.0583
656	0.324	0.228	0.158	0.0583
657	0.324	0.228	0.158	0.0583
658	0.324	0.228	0.158	0.0583
659	0.324	0.228	0.158	0.0584
660	0.324	0.228	0.158	0.0584
661	0.324	0.228	0.158	0.0584
662	0.324	0.228	0.158	0.0584
663	0.323	0.228	0.158	0.0583
664	0.323	0.228	0.158	0.0584
665	0.323	0.228	0.158	0.0583
666	0.323	0.228	0.158	0.0583
667	0.323	0.228	0.158	0.0583
668	0.323	0.228	0.158	0.0583
669	0.323	0.228	0.158	0.0583
670	0.323	0.228	0.158	0.0584
671	0.323	0.228	0.158	0.0583
672	0.323	0.227	0.158	0.0583
673	0.322	0.228	0.158	0.0584
674	0.323	0.228	0.158	0.0584
675	0.322	0.228	0.158	0.0584
676	0.322	0.228	0.158	0.0584
677	0.322	0.227	0.158	0.0583
678	0.322	0.227	0.158	0.0584
679	0.322	0.227	0.158	0.0584
680	0.322	0.227	0.158	0.0584
681	0.322	0.227	0.158	0.0585
682	0.322	0.227	0.158	0.0585
683	0.322	0.227	0.158	0.0584
684	0.322	0.227	0.158	0.0583
685	0.322	0.227	0.157	0.0584
686	0.322	0.227	0.157	0.0584
687	0.322	0.227	0.157	0.0584
688	0.321	0.227	0.157	0.0584
689	0.321	0.227	0.157	0.0585
690	0.321	0.227	0.157	0.0585
691	0.321	0.227	0.157	0.0584
692	0.321	0.227	0.157	0.0584
693	0.321	0.227	0.157	0.0584
694	0.321	0.227	0.157	0.0584
695	0.321	0.227	0.157	0.0584
696	0.321	0.227	0.157	0.0584
697	0.321	0.227	0.157	0.0584
698	0.321	0.227	0.157	0.0584
699	0.321	0.227	0.157	0.0585
700	0.321	0.227	0.157	0.0585
701	0.32	0.227	0.157	0.0585
702	0.32	0.227	0.157	0.0584
703	0.32	0.227	0.157	0.0585
704	0.32	0.227	0.157	0.0585
705	0.32	0.227	0.157	0.0585
706	0.32	0.227	0.157	0.0585
707	0.32	0.227	0.157	0.0585
708	0.32	0.227	0.157	0.0584
709	0.32	0.227	0.157	0.0585
710	0.32	0.227	0.157	0.0585
711	0.319	0.227	0.157	0.0586
712	0.319	0.227	0.157	0.0586
713	0.319	0.227	0.157	0.0585
714	0.319	0.227	0.157	0.0586
715	0.319	0.227	0.157	0.0585
716	0.319	0.227	0.157	0.0585
717	0.319	0.227	0.157	0.0585
718	0.319	0.227	0.157	0.0585
719	0.319	0.227	0.157	0.0585
720	0.319	0.227	0.157	0.0585
721	0.319	0.227	0.157	0.0585
722	0.319	0.227	0.157	0.0585
723	0.319	0.226	0.157	0.0585
724	0.319	0.227	0.157	0.0586
725	0.319	0.227	0.157	0.0586
726	0.319	0.227	0.157	0.0586
727	0.318	0.227	0.157	0.0586
728	0.319	0.226	0.157	0.0585
729	0.318	0.226	0.157	0.0585
730	0.318	0.226	0.157	0.0585
731	0.318	0.226	0.157	0.0585
732	0.318	0.226	0.156	0.0586
733	0.318	0.226	0.156	0.0585
734	0.318	0.226	0.156	0.0585
735	0.318	0.226	0.156	0.0586
736	0.318	0.226	0.156	0.0586
737	0.318	0.226	0.156	0.0586
738	0.318	0.226	0.156	0.0586
739	0.318	0.226	0.156	0.0586
740	0.318	0.226	0.156	0.0586
741	0.317	0.226	0.156	0.0586
742	0.317	0.226	0.156	0.0587
743	0.317	0.226	0.156	0.0586
744	0.317	0.226	0.156	0.0586
745	0.317	0.226	0.156	0.0586
746	0.317	0.226	0.156	0.0586
747	0.317	0.226	0.156	0.0586
748	0.317	0.226	0.156	0.0586
749	0.316	0.226	0.156	0.0587
750	0.317	0.226	0.156	0.0587
751	0.316	0.226	0.156	0.0587
752	0.316	0.226	0.156	0.0587
753	0.316	0.226	0.156	0.0587
754	0.316	0.226	0.156	0.0587
755	0.316	0.226	0.156	0.0587
756	0.316	0.226	0.156	0.0587
757	0.316	0.226	0.156	0.0587
758	0.316	0.226	0.156	0.0587
759	0.316	0.226	0.156	0.0587
760	0.316	0.226	0.156	0.0587
761	0.316	0.226	0.156	0.0587
762	0.316	0.226	0.156	0.0586
763	0.315	0.226	0.156	0.0587
764	0.316	0.226	0.156	0.0587
765	0.316	0.226	0.156	0.0586
766	0.315	0.226	0.156	0.0586
767	0.315	0.226	0.156	0.0586
768	0.315	0.226	0.156	0.0587
769	0.315	0.226	0.156	0.0587
770	0.315	0.226	0.156	0.0587
771	0.315	0.226	0.156	0.0587
772	0.315	0.226	0.156	0.0587
773	0.315	0.226	0.155	0.0587
774	0.315	0.226	0.156	0.0586
775	0.315	0.226	0.156	0.0587
776	0.315	0.225	0.156	0.0587
777	0.315	0.225	0.156	0.0587
778	0.315	0.225	0.156	0.0587
779	0.314	0.225	0.155	0.0587
780	0.314	0.225	0.155	0.0587
781	0.314	0.226	0.155	0.0587
782	0.314	0.225	0.155	0.0587
783	0.314	0.226	0.155	0.0588
784	0.314	0.226	0.155	0.0587
785	0.314	0.225	0.155	0.0587
786	0.314	0.225	0.155	0.0587
787	0.314	0.225	0.155	0.0587
788	0.314	0.225	0.155	0.0587
789	0.314	0.225	0.155	0.0587
790	0.314	0.225	0.155	0.0587
791	0.314	0.225	0.155	0.0587
792	0.314	0.225	0.155	0.0587
793	0.314	0.225	0.155	0.0587
794	0.313	0.225	0.155	0.0587
795	0.313	0.225	0.155	0.0587
796	0.313	0.225	0.155	0.0587
797	0.313	0.225	0.155	0.0587
798	0.313	0.225	0.155	0.0587
799	0.313	0.225	0.155	0.0587
800	0.313	0.225	0.155	0.0587
801	0.313	0.225	0.155	0.0587
802	0.313	0.225	0.155	0.0587
803	0.313	0.225	0.155	0.0587
804	0.313	0.225	0.155	0.0587
805	0.313	0.225	0.155	0.0588
806	0.313	0.225	0.155	0.0589
807	0.312	0.225	0.155	0.0589
808	0.313	0.225	0.155	0.0588
809	0.312	0.225	0.155	0.0588
810	0.313	0.225	0.155	0.0588
811	0.312	0.225	0.155	0.0588
812	0.312	0.225	0.155	0.0588
813	0.312	0.225	0.155	0.0588
814	0.312	0.225	0.155	0.0588
815	0.312	0.225	0.155	0.0588
816	0.312	0.225	0.155	0.0588
817	0.312	0.225	0.155	0.0588
818	0.312	0.225	0.155	0.0588
819	0.312	0.224	0.155	0.0588
820	0.312	0.224	0.155	0.0588
821	0.312	0.225	0.155	0.0587
822	0.312	0.225	0.155	0.0588
823	0.312	0.225	0.155	0.0588
824	0.311	0.225	0.155	0.0588
825	0.311	0.225	0.155	0.0588
826	0.311	0.225	0.155	0.0589
827	0.311	0.224	0.155	0.0588
828	0.311	0.225	0.155	0.0589
829	0.311	0.225	0.155	0.0589
830	0.311	0.224	0.155	0.0589
831	0.311	0.224	0.155	0.0588
832	0.311	0.224	0.155	0.0588
833	0.311	0.224	0.154	0.0589
834	0.311	0.224	0.154	0.0589
835	0.311	0.224	0.154	0.0589
836	0.311	0.224	0.154	0.0589
837	0.31	0.224	0.154	0.0589
838	0.311	0.224	0.154	0.0589
839	0.311	0.224	0.154	0.0589
840	0.311	0.224	0.154	0.0589
841	0.31	0.224	0.154	0.0589
842	0.311	0.224	0.154	0.0589
843	0.31	0.224	0.154	0.0589
844	0.31	0.224	0.154	0.059
845	0.31	0.224	0.154	0.059
846	0.31	0.224	0.154	0.059
847	0.31	0.224	0.154	0.059
848	0.31	0.224	0.154	0.059
849	0.31	0.224	0.154	0.059
850	0.31	0.224	0.154	0.059
851	0.31	0.224	0.154	0.059
852	0.31	0.224	0.154	0.0589
853	0.31	0.224	0.154	0.059
854	0.309	0.224	0.154	0.059
855	0.309	0.224	0.154	0.059
856	0.309	0.224	0.154	0.059
857	0.309	0.224	0.154	0.059
858	0.309	0.224	0.154	0.059
859	0.309	0.224	0.154	0.0591
860	0.309	0.224	0.154	0.0591
861	0.309	0.224	0.154	0.059
862	0.309	0.224	0.154	0.0589
863	0.309	0.224	0.154	0.059
864	0.309	0.224	0.154	0.059
865	0.309	0.224	0.154	0.059
866	0.309	0.224	0.154	0.059
867	0.309	0.224	0.154	0.0591
868	0.309	0.224	0.154	0.059
869	0.309	0.224	0.154	0.059
870	0.309	0.224	0.154	0.059
871	0.309	0.224	0.154	0.059
872	0.309	0.224	0.154	0.059
873	0.309	0.224	0.154	0.0591
874	0.308	0.224	0.154	0.0591
875	0.308	0.224	0.154	0.0591
876	0.308	0.224	0.154	0.0591
877	0.308	0.224	0.154	0.0591
878	0.308	0.224	0.154	0.0591
879	0.308	0.224	0.154	0.0591
880	0.308	0.224	0.154	0.0591
881	0.308	0.224	0.154	0.059
882	0.308	0.224	0.154	0.0591
883	0.308	0.224	0.154	0.059
884	0.308	0.224	0.154	0.059
885	0.308	0.224	0.154	0.059
886	0.307	0.223	0.154	0.059
887	0.307	0.224	0.153	0.0591
888	0.307	0.223	0.153	0.059
889	0.307	0.223	0.153	0.059
890	0.307	0.223	0.153	0.0591
891	0.307	0.223	0.153	0.059
892	0.307	0.223	0.153	0.0591
893	0.307	0.223	0.153	0.0591
894	0.307	0.223	0.153	0.0591
895	0.307	0.223	0.153	0.0591
896	0.307	0.223	0.153	0.059
897	0.307	0.223	0.153	0.0591
898	0.307	0.223	0.153	0.0591
899	0.307	0.223	0.153	0.0591
900	0.307	0.223	0.153	0.0592
901	0.307	0.223	0.153	0.0591
902	0.307	0.223	0.153	0.059
903	0.307	0.223	0.153	0.0592
904	0.307	0.223	0.153	0.0591
905	0.307	0.223	0.153	0.0591
906	0.307	0.223	0.153	0.0591
907	0.306	0.223	0.153	0.0591
908	0.306	0.223	0.153	0.0591
909	0.306	0.223	0.153	0.0591
910	0.306	0.223	0.153	0.0592
911	0.306	0.223	0.153	0.0591
912	0.306	0.223	0.153	0.0591
913	0.306	0.223	0.153	0.0591
914	0.306	0.223	0.153	0.0591
915	0.306	0.223	0.153	0.0592
916	0.306	0.223	0.153	0.0592
917	0.306	0.223	0.153	0.0592
918	0.306	0.223	0.153	0.0591
919	0.306	0.223	0.153	0.0592
920	0.306	0.223	0.153	0.0591
921	0.306	0.223	0.153	0.0591
922	0.306	0.223	0.153	0.0592
923	0.306	0.223	0.153	0.0591
924	0.306	0.223	0.153	0.0592
925	0.306	0.223	0.153	0.0592
926	0.306	0.223	0.153	0.0591
927	0.305	0.223	0.153	0.0592
928	0.305	0.223	0.153	0.0592
929	0.305	0.223	0.153	0.0591
930	0.305	0.223	0.153	0.0592
931	0.305	0.223	0.153	0.0592
932	0.305	0.223	0.153	0.0592
933	0.305	0.223	0.153	0.0592
934	0.305	0.223	0.153	0.0592
935	0.305	0.223	0.153	0.0592
936	0.305	0.223	0.153	0.0592
937	0.305	0.223	0.153	0.0592
938	0.305	0.223	0.153	0.0591
939	0.305	0.223	0.153	0.0592
940	0.305	0.223	0.153	0.0592
941	0.305	0.223	0.153	0.0592
942	0.304	0.223	0.153	0.0593
943	0.304	0.223	0.153	0.0593
944	0.305	0.223	0.153	0.0592
945	0.304	0.222	0.153	0.0592
946	0.304	0.223	0.153	0.0592
947	0.304	0.222	0.153	0.0592
948	0.304	0.222	0.153	0.0593
949	0.304	0.222	0.153	0.0591
950	0.304	0.222	0.153	0.0592
951	0.304	0.222	0.152	0.0593
952	0.304	0.222	0.152	0.0593
953	0.304	0.222	0.152	0.0593
954	0.304	0.222	0.152	0.0593
955	0.304	0.222	0.152	0.0593
956	0.304	0.222	0.152	0.0593
957	0.303	0.222	0.152	0.0594
958	0.304	0.222	0.152	0.0593
959	0.304	0.222	0.152	0.0593
960	0.303	0.222	0.152	0.0593
961	0.303	0.222	0.152	0.0593
962	0.303	0.222	0.152	0.0593
963	0.303	0.222	0.152	0.0593
964	0.303	0.222	0.152	0.0593
965	0.303	0.222	0.152	0.0593
966	0.303	0.222	0.152	0.0593
967	0.303	0.222	0.152	0.0593
968	0.303	0.222	0.152	0.0593
969	0.303	0.222	0.152	0.0593
970	0.303	0.222	0.152	0.0592
971	0.303	0.222	0.152	0.0592
972	0.303	0.222	0.152	0.0592
973	0.303	0.222	0.152	0.0593
974	0.303	0.222	0.152	0.0592
975	0.304	0.22	0.153	0.0589
976	0.306	0.219	0.155	0.0583
977	0.306	0.219	0.155	0.0584
978	0.305	0.219	0.155	0.0584
979	0.305	0.219	0.155	0.0584
980	0.305	0.219	0.155	0.0584
981	0.305	0.219	0.154	0.0584
982	0.305	0.219	0.155	0.0584
983	0.305	0.219	0.154	0.0584
984	0.305	0.219	0.154	0.0584
985	0.305	0.219	0.154	0.0585
986	0.305	0.219	0.154	0.0584
987	0.305	0.219	0.154	0.0585
988	0.305	0.219	0.154	0.0584
989	0.305	0.219	0.154	0.0584
990	0.305	0.219	0.154	0.0585
991	0.305	0.219	0.154	0.0585
992	0.305	0.219	0.154	0.0585
993	0.304	0.219	0.154	0.0586
994	0.305	0.219	0.154	0.0585
995	0.305	0.219	0.154	0.0585
996	0.304	0.219	0.154	0.0585
997	0.304	0.219	0.154	0.0585
998	0.304	0.219	0.154	0.0586
999	0.304	0.219	0.154	0.0586
1000	0.304	0.219	0.154	0.0586
1001	0.304	0.219	0.154	0.0585
1002	0.304	0.219	0.154	0.0586
1003	0.304	0.219	0.154	0.0585
1004	0.304	0.219	0.154	0.0586
1005	0.304	0.219	0.154	0.0586
1006	0.304	0.219	0.154	0.0585
1007	0.304	0.219	0.154	0.0585
1008	0.304	0.219	0.154	0.0586
1009	0.304	0.219	0.154	0.0586
1010	0.304	0.219	0.154	0.0586
1011	0.304	0.219	0.154	0.0586
1012	0.303	0.219	0.154	0.0586
1013	0.304	0.219	0.154	0.0586
1014	0.303	0.219	0.154	0.0586
1015	0.303	0.219	0.154	0.0586
1016	0.304	0.219	0.154	0.0585
1017	0.303	0.219	0.154	0.0586
1018	0.303	0.219	0.154	0.0586
1019	0.303	0.219	0.154	0.0586
1020	0.303	0.219	0.154	0.0586
1021	0.303	0.219	0.154	0.0587
1022	0.303	0.218	0.154	0.0586
1023	0.303	0.219	0.154	0.0586
1024	0.303	0.219	0.154	0.0586
1025	0.303	0.219	0.154	0.0586
1026	0.303	0.219	0.154	0.0587
1027	0.303	0.219	0.154	0.0586
1028	0.303	0.218	0.154	0.0586
1029	0.302	0.219	0.153	0.0586
1030	0.302	0.219	0.153	0.0586
1031	0.303	0.218	0.154	0.0586
1032	0.302	0.219	0.153	0.0586
1033	0.302	0.219	0.153	0.0587
1034	0.302	0.219	0.153	0.0587
1035	0.302	0.219	0.153	0.0587
1036	0.302	0.219	0.153	0.0587
1037	0.302	0.219	0.153	0.0587
1038	0.302	0.219	0.153	0.0587
1039	0.302	0.219	0.153	0.0587
1040	0.302	0.218	0.153	0.0587
1041	0.302	0.218	0.153	0.0587
1042	0.302	0.218	0.153	0.0587
1043	0.302	0.218	0.153	0.0586
1044	0.302	0.218	0.153	0.0587
1045	0.302	0.218	0.153	0.0587
1046	0.302	0.218	0.153	0.0587
1047	0.302	0.218	0.153	0.0588
1048	0.302	0.218	0.153	0.0587
1049	0.302	0.218	0.153	0.0587
1050	0.302	0.218	0.153	0.0587
1051	0.302	0.218	0.153	0.0587
1052	0.302	0.218	0.153	0.0587
1053	0.301	0.218	0.153	0.0587
1054	0.301	0.218	0.153	0.0587
1055	0.301	0.218	0.153	0.0587
1056	0.301	0.218	0.153	0.0587
1057	0.301	0.218	0.153	0.0588
1058	0.301	0.218	0.153	0.0588
1059	0.301	0.218	0.153	0.0587
1060	0.301	0.218	0.153	0.0587
1061	0.301	0.218	0.153	0.0587
1062	0.301	0.218	0.153	0.0587
1063	0.301	0.218	0.153	0.0588
1064	0.301	0.218	0.153	0.0587
1065	0.301	0.218	0.153	0.0588
1066	0.301	0.218	0.153	0.0588
1067	0.301	0.218	0.153	0.0588
1068	0.301	0.218	0.153	0.0588
1069	0.301	0.218	0.153	0.0589
1070	0.301	0.218	0.153	0.0588
1071	0.301	0.218	0.153	0.0588
1072	0.3	0.218	0.153	0.0588
1073	0.3	0.218	0.153	0.0588
1074	0.3	0.218	0.153	0.0588
1075	0.3	0.218	0.153	0.0588
1076	0.3	0.218	0.153	0.0588
1077	0.3	0.218	0.153	0.0588
1078	0.3	0.218	0.153	0.0588
1079	0.3	0.218	0.153	0.0589
1080	0.3	0.218	0.153	0.0589
1081	0.3	0.218	0.153	0.0589
1082	0.3	0.218	0.153	0.0588
1083	0.3	0.218	0.153	0.0588
1084	0.3	0.218	0.153	0.0588
1085	0.3	0.218	0.153	0.0588
1086	0.3	0.218	0.153	0.0588
1087	0.3	0.218	0.153	0.0588
1088	0.3	0.218	0.153	0.0588
1089	0.3	0.218	0.153	0.0588
1090	0.3	0.218	0.152	0.0588
1091	0.3	0.218	0.153	0.0588
1092	0.299	0.218	0.152	0.0589
1093	0.299	0.218	0.152	0.0588
1094	0.299	0.218	0.153	0.0588
1095	0.299	0.218	0.153	0.0588
1096	0.299	0.218	0.152	0.0588
1097	0.299	0.218	0.152	0.0588
1098	0.299	0.218	0.152	0.0588
1099	0.299	0.218	0.152	0.0588
1100	0.299	0.218	0.152	0.0588
1101	0.299	0.217	0.152	0.0588
1102	0.299	0.218	0.152	0.0589
1103	0.299	0.218	0.152	0.0589
1104	0.299	0.218	0.152	0.0589
1105	0.299	0.218	0.152	0.0589
1106	0.299	0.217	0.152	0.0589
1107	0.299	0.218	0.152	0.0589
1108	0.299	0.217	0.152	0.0589
1109	0.299	0.217	0.152	0.0589
1110	0.299	0.217	0.152	0.0589
1111	0.299	0.217	0.152	0.0589
1112	0.299	0.217	0.152	0.0588
1113	0.299	0.217	0.152	0.0589
1114	0.298	0.217	0.152	0.0589
1115	0.299	0.217	0.152	0.0588
1116	0.298	0.217	0.152	0.0589
1117	0.298	0.217	0.152	0.0589
1118	0.298	0.217	0.152	0.0589
1119	0.298	0.217	0.152	0.0589
1120	0.298	0.217	0.152	0.0589
1121	0.298	0.217	0.152	0.0589
1122	0.298	0.217	0.152	0.0588
1123	0.298	0.217	0.152	0.0589
1124	0.298	0.217	0.152	0.0589
1125	0.298	0.217	0.152	0.0589
1126	0.298	0.217	0.152	0.0589
1127	0.298	0.217	0.152	0.0589
1128	0.298	0.217	0.152	0.0589
1129	0.298	0.217	0.152	0.0589
1130	0.298	0.217	0.152	0.0589
1131	0.298	0.217	0.152	0.0589
1132	0.298	0.217	0.152	0.059
1133	0.298	0.217	0.152	0.059
1134	0.298	0.217	0.152	0.0589
1135	0.298	0.217	0.152	0.059
1136	0.299	0.216	0.153	0.0585
1137	0.3	0.214	0.154	0.058
1138	0.3	0.214	0.154	0.0581
1139	0.3	0.214	0.154	0.0581
1140	0.3	0.215	0.154	0.0581
1141	0.3	0.215	0.154	0.0582
1142	0.3	0.215	0.154	0.0581
1143	0.3	0.215	0.154	0.0581
1144	0.3	0.214	0.154	0.0582
1145	0.3	0.214	0.154	0.0582
1146	0.3	0.214	0.154	0.0582
1147	0.3	0.214	0.154	0.0581
1148	0.3	0.214	0.154	0.0581
1149	0.3	0.214	0.154	0.0581
1150	0.3	0.214	0.154	0.0582
1151	0.3	0.214	0.154	0.0582
1152	0.3	0.214	0.154	0.0582
1153	0.3	0.214	0.154	0.0582
1154	0.3	0.214	0.154	0.0582
1155	0.3	0.214	0.154	0.0582
1156	0.299	0.214	0.154	0.0582
1157	0.299	0.214	0.154	0.0583
1158	0.3	0.214	0.154	0.0582
1159	0.299	0.214	0.154	0.0582
1160	0.299	0.214	0.154	0.0583
1161	0.299	0.214	0.154	0.0582
1162	0.299	0.214	0.154	0.0582
1163	0.299	0.214	0.154	0.0583
1164	0.299	0.214	0.154	0.0582
1165	0.299	0.214	0.154	0.0582
1166	0.299	0.214	0.154	0.0582
1167	0.299	0.214	0.154	0.0582
1168	0.299	0.214	0.154	0.0582
1169	0.299	0.214	0.154	0.0583
1170	0.299	0.214	0.154	0.0582
1171	0.299	0.214	0.154	0.0583
1172	0.299	0.214	0.154	0.0582
1173	0.299	0.214	0.154	0.0583
1174	0.298	0.214	0.153	0.0583
1175	0.298	0.214	0.153	0.0584
1176	0.298	0.214	0.153	0.0583
1177	0.298	0.214	0.153	0.0583
1178	0.298	0.214	0.153	0.0583
1179	0.298	0.214	0.153	0.0583
1180	0.298	0.214	0.153	0.0584
1181	0.298	0.214	0.153	0.0584
1182	0.298	0.214	0.153	0.0584
1183	0.298	0.214	0.153	0.0584
1184	0.298	0.214	0.153	0.0584
1185	0.298	0.214	0.153	0.0584
1186	0.298	0.214	0.153	0.0584
1187	0.298	0.214	0.153	0.0584
1188	0.298	0.214	0.153	0.0584
1189	0.298	0.214	0.153	0.0584
1190	0.298	0.214	0.153	0.0584
1191	0.298	0.214	0.153	0.0585
1192	0.298	0.214	0.153	0.0584
1193	0.298	0.214	0.153	0.0584
1194	0.298	0.214	0.153	0.0585
1195	0.297	0.214	0.153	0.0585
1196	0.298	0.214	0.153	0.0584
1197	0.297	0.214	0.153	0.0585
1198	0.297	0.214	0.153	0.0584
1199	0.297	0.214	0.153	0.0584
1200	0.297	0.214	0.153	0.0584
1201	0.297	0.214	0.153	0.0584
1202	0.297	0.214	0.153	0.0584
1203	0.297	0.214	0.153	0.0584
1204	0.297	0.214	0.153	0.0584
1205	0.297	0.214	0.153	0.0584
1206	0.297	0.214	0.153	0.0584
1207	0.297	0.214	0.153	0.0584
1208	0.297	0.214	0.153	0.0584
1209	0.297	0.214	0.153	0.0584
1210	0.297	0.214	0.153	0.0585
1211	0.297	0.214	0.153	0.0584
1212	0.297	0.214	0.153	0.0584
1213	0.297	0.214	0.153	0.0584
1214	0.297	0.214	0.153	0.0584
1215	0.297	0.214	0.153	0.0584
1216	0.297	0.214	0.153	0.0585
1217	0.297	0.214	0.153	0.0585
1218	0.297	0.214	0.153	0.0584
1219	0.297	0.214	0.153	0.0585
1220	0.297	0.214	0.153	0.0585
1221	0.297	0.214	0.153	0.0585
1222	0.296	0.214	0.153	0.0585
1223	0.296	0.214	0.153	0.0585
1224	0.296	0.214	0.153	0.0585
1225	0.296	0.214	0.153	0.0585
1226	0.296	0.214	0.153	0.0585
1227	0.296	0.214	0.153	0.0584
1228	0.296	0.214	0.153	0.0585
1229	0.296	0.214	0.153	0.0585
1230	0.296	0.214	0.153	0.0585
1231	0.296	0.214	0.153	0.0584
1232	0.296	0.214	0.153	0.0585
1233	0.296	0.214	0.153	0.0585
1234	0.296	0.214	0.153	0.0585
1235	0.296	0.214	0.153	0.0584
1236	0.296	0.214	0.152	0.0585
1237	0.296	0.214	0.152	0.0585
1238	0.296	0.214	0.153	0.0585
1239	0.296	0.214	0.152	0.0585
1240	0.296	0.214	0.153	0.0585
1241	0.296	0.214	0.153	0.0585
1242	0.296	0.214	0.153	0.0585
1243	0.296	0.214	0.153	0.0585
1244	0.296	0.214	0.152	0.0585
1245	0.296	0.214	0.152	0.0585
1246	0.296	0.214	0.152	0.0585
1247	0.296	0.213	0.152	0.0585
1248	0.296	0.214	0.152	0.0585
1249	0.295	0.213	0.152	0.0586
1250	0.295	0.214	0.152	0.0586
1251	0.295	0.213	0.152	0.0586
1252	0.295	0.213	0.152	0.0586
1253	0.295	0.213	0.152	0.0586
1254	0.295	0.213	0.152	0.0586
1255	0.295	0.213	0.152	0.0586
1256	0.295	0.213	0.152	0.0586
1257	0.295	0.213	0.152	0.0586
1258	0.295	0.213	0.152	0.0586
1259	0.295	0.213	0.152	0.0586
1260	0.295	0.213	0.152	0.0586
1261	0.295	0.213	0.152	0.0586
1262	0.295	0.213	0.152	0.0586
1263	0.295	0.213	0.152	0.0586
1264	0.295	0.213	0.152	0.0586
1265	0.295	0.213	0.152	0.0586
1266	0.295	0.213	0.152	0.0586
1267	0.295	0.213	0.152	0.0586
1268	0.295	0.213	0.152	0.0586
1269	0.295	0.213	0.152	0.0586
1270	0.295	0.213	0.152	0.0586
1271	0.294	0.213	0.152	0.0586
1272	0.296	0.212	0.153	0.0582
1273	0.297	0.211	0.154	0.0577
1274	0.297	0.211	0.154	0.0578
1275	0.297	0.211	0.154	0.0578
1276	0.297	0.211	0.154	0.0578
1277	0.297	0.211	0.154	0.0578
1278	0.297	0.211	0.154	0.0577
1279	0.297	0.211	0.154	0.0578
1280	0.297	0.211	0.154	0.0578
1281	0.297	0.211	0.154	0.0578
1282	0.297	0.211	0.154	0.0578
1283	0.297	0.211	0.154	0.0578
1284	0.297	0.211	0.154	0.0578
1285	0.297	0.211	0.154	0.0578
1286	0.297	0.211	0.154	0.0578
1287	0.297	0.211	0.154	0.0578
1288	0.297	0.211	0.154	0.0578
1289	0.297	0.211	0.154	0.0578
1290	0.297	0.211	0.154	0.0578
1291	0.296	0.211	0.154	0.0579
1292	0.297	0.211	0.154	0.0579
1293	0.296	0.211	0.154	0.0579
1294	0.296	0.211	0.154	0.0579
1295	0.296	0.211	0.154	0.0579
1296	0.296	0.211	0.154	0.0579
1297	0.296	0.211	0.154	0.0579
1298	0.296	0.21	0.154	0.0579
1299	0.296	0.211	0.154	0.0579
1300	0.296	0.211	0.154	0.0579
1301	0.296	0.211	0.154	0.0579
1302	0.296	0.211	0.154	0.058
1303	0.296	0.211	0.154	0.0579
1304	0.296	0.211	0.154	0.0579
1305	0.296	0.211	0.154	0.058
1306	0.296	0.211	0.154	0.058
1307	0.296	0.21	0.154	0.0579
1308	0.296	0.211	0.154	0.058
1309	0.296	0.211	0.154	0.0579
1310	0.296	0.21	0.154	0.0579
1311	0.296	0.211	0.154	0.058
1312	0.296	0.211	0.154	0.058
1313	0.296	0.21	0.154	0.0579
1314	0.295	0.21	0.154	0.058
1315	0.295	0.21	0.154	0.058
1316	0.296	0.21	0.154	0.0579
1317	0.295	0.211	0.153	0.058
1318	0.295	0.21	0.154	0.0579
1319	0.296	0.21	0.154	0.0579
1320	0.295	0.21	0.153	0.058
1321	0.295	0.21	0.153	0.058
1322	0.296	0.21	0.154	0.0579
1323	0.295	0.211	0.153	0.058
1324	0.295	0.21	0.153	0.058
1325	0.295	0.21	0.153	0.058
1326	0.295	0.21	0.153	0.058
1327	0.295	0.21	0.153	0.058
1328	0.295	0.21	0.153	0.058
1329	0.295	0.211	0.153	0.058
1330	0.295	0.211	0.153	0.058
1331	0.295	0.21	0.153	0.058
1332	0.295	0.211	0.153	0.058
1333	0.295	0.21	0.153	0.058
1334	0.295	0.21	0.153	0.0581
1335	0.295	0.21	0.153	0.0581
1336	0.295	0.21	0.153	0.058
1337	0.295	0.21	0.153	0.058
1338	0.295	0.21	0.153	0.0581
1339	0.295	0.21	0.153	0.0581
1340	0.295	0.21	0.153	0.058
1341	0.295	0.21	0.153	0.058
1342	0.294	0.21	0.153	0.0581
1343	0.294	0.21	0.153	0.0581
1344	0.294	0.21	0.153	0.0582
1345	0.294	0.21	0.153	0.0581
1346	0.294	0.21	0.153	0.0581
1347	0.294	0.21	0.153	0.0582
1348	0.294	0.21	0.153	0.0581
1349	0.294	0.21	0.153	0.0581
1350	0.294	0.21	0.153	0.0581
1351	0.294	0.21	0.153	0.0581
1352	0.294	0.21	0.153	0.0581
1353	0.294	0.21	0.153	0.0582
1354	0.294	0.21	0.153	0.0581
1355	0.294	0.21	0.153	0.0581
1356	0.294	0.21	0.153	0.0581
1357	0.294	0.21	0.153	0.0581
1358	0.294	0.21	0.153	0.0581
1359	0.294	0.21	0.153	0.0582
1360	0.294	0.21	0.153	0.0582
1361	0.294	0.21	0.153	0.0581
1362	0.293	0.21	0.153	0.0581
1363	0.293	0.21	0.153	0.0581
1364	0.294	0.21	0.153	0.0581
1365	0.293	0.21	0.153	0.0582
1366	0.293	0.21	0.153	0.0581
1367	0.293	0.21	0.153	0.0581
1368	0.293	0.21	0.153	0.0582
1369	0.293	0.21	0.153	0.0582
1370	0.293	0.21	0.153	0.0582
1371	0.293	0.21	0.153	0.0582
1372	0.293	0.21	0.153	0.0583
1373	0.293	0.21	0.153	0.0583
1374	0.293	0.21	0.153	0.0582
1375	0.293	0.21	0.153	0.0582
1376	0.293	0.21	0.153	0.0582
1377	0.293	0.21	0.153	0.0582
1378	0.293	0.21	0.153	0.0582
1379	0.293	0.21	0.153	0.0582
1380	0.293	0.21	0.153	0.0582
1381	0.293	0.21	0.153	0.0582
1382	0.293	0.21	0.153	0.0582
1383	0.293	0.21	0.153	0.0583
1384	0.293	0.21	0.153	0.0582
1385	0.293	0.21	0.153	0.0582
1386	0.292	0.21	0.152	0.0583
1387	0.292	0.21	0.152	0.0583
1388	0.293	0.21	0.152	0.0583
1389	0.292	0.21	0.152	0.0583
1390	0.292	0.21	0.152	0.0583
1391	0.292	0.21	0.152	0.0583
1392	0.292	0.21	0.152	0.0583
1393	0.292	0.21	0.152	0.0583
1394	0.292	0.21	0.152	0.0583
1395	0.292	0.21	0.152	0.0583
1396	0.292	0.21	0.152	0.0583
1397	0.292	0.21	0.152	0.0583
1398	0.292	0.21	0.152	0.0584
1399	0.292	0.21	0.152	0.0583
1400	0.292	0.21	0.152	0.0583
1401	0.292	0.21	0.152	0.0583
1402	0.292	0.21	0.152	0.0583
1403	0.292	0.21	0.152	0.0583
1404	0.292	0.21	0.152	0.0583
1405	0.292	0.21	0.152	0.0584
1406	0.292	0.21	0.152	0.0583
1407	0.292	0.21	0.152	0.0584
1408	0.291	0.21	0.152	0.0583
1409	0.292	0.21	0.152	0.0583
1410	0.291	0.21	0.152	0.0583
1411	0.291	0.21	0.152	0.0583
1412	0.292	0.21	0.152	0.0583
1413	0.291	0.21	0.152	0.0583
1414	0.291	0.21	0.152	0.0583
1415	0.291	0.21	0.152	0.0583
1416	0.291	0.21	0.152	0.0583
1417	0.291	0.21	0.152	0.0583
1418	0.291	0.21	0.152	0.0583
1419	0.291	0.21	0.152	0.0583
1420	0.291	0.21	0.152	0.0584
1421	0.291	0.21	0.152	0.0583
1422	0.291	0.21	0.152	0.0584
1423	0.291	0.21	0.152	0.0584
1424	0.291	0.21	0.152	0.0584
1425	0.291	0.209	0.152	0.0583
1426	0.291	0.21	0.152	0.0584
1427	0.291	0.209	0.152	0.0584
1428	0.291	0.209	0.152	0.0583
1429	0.291	0.209	0.152	0.0583
1430	0.291	0.209	0.152	0.0583
1431	0.291	0.209	0.152	0.0584
1432	0.291	0.209	0.152	0.0583
1433	0.291	0.21	0.152	0.0584
1434	0.291	0.209	0.152	0.0583
1435	0.291	0.209	0.152	0.0584
1436	0.291	0.209	0.152	0.0583
1437	0.291	0.209	0.152	0.0583
1438	0.291	0.209	0.152	0.0583
1439	0.291	0.209	0.152	0.0584
1440	0.291	0.209	0.152	0.0584
1441	0.29	0.209	0.152	0.0584
1442	0.291	0.209	0.152	0.0584
1443	0.29	0.209	0.152	0.0584
1444	0.29	0.209	0.152	0.0584
1445	0.29	0.209	0.152	0.0584
1446	0.292	0.208	0.153	0.0579
1447	0.293	0.207	0.154	0.0575
1448	0.293	0.207	0.154	0.0575
1449	0.293	0.207	0.154	0.0575
1450	0.293	0.207	0.154	0.0575
1451	0.293	0.207	0.154	0.0575
1452	0.293	0.207	0.154	0.0575
1453	0.293	0.207	0.154	0.0576
1454	0.293	0.207	0.154	0.0576
1455	0.293	0.207	0.154	0.0576
1456	0.293	0.207	0.154	0.0576
1457	0.293	0.207	0.154	0.0575
1458	0.293	0.207	0.154	0.0575
1459	0.293	0.207	0.154	0.0576
1460	0.293	0.207	0.154	0.0576
1461	0.293	0.207	0.154	0.0575
1462	0.293	0.207	0.154	0.0576
1463	0.293	0.207	0.154	0.0576
1464	0.293	0.207	0.154	0.0576
1465	0.293	0.207	0.154	0.0576
1466	0.293	0.207	0.154	0.0576
1467	0.292	0.207	0.154	0.0576
1468	0.293	0.207	0.154	0.0576
1469	0.293	0.207	0.154	0.0576
1470	0.292	0.207	0.154	0.0576
1471	0.292	0.207	0.154	0.0576
1472	0.292	0.207	0.154	0.0577
1473	0.292	0.207	0.153	0.0577
1474	0.292	0.207	0.153	0.0576
1475	0.292	0.207	0.153	0.0576
1476	0.292	0.207	0.154	0.0576
1477	0.292	0.207	0.153	0.0576
1478	0.292	0.207	0.154	0.0576
1479	0.292	0.207	0.153	0.0577
1480	0.292	0.207	0.153	0.0576
1481	0.292	0.207	0.153	0.0576
1482	0.292	0.207	0.153	0.0577
1483	0.292	0.207	0.153	0.0577
1484	0.292	0.207	0.153	0.0576
1485	0.292	0.207	0.153	0.0576
1486	0.292	0.207	0.153	0.0577
1487	0.292	0.207	0.153	0.0577
1488	0.292	0.207	0.153	0.0577
1489	0.292	0.207	0.153	0.0577
1490	0.292	0.207	0.153	0.0577
1491	0.291	0.207	0.153	0.0577
1492	0.292	0.207	0.153	0.0577
1493	0.291	0.207	0.153	0.0577
1494	0.291	0.207	0.153	0.0578
1495	0.291	0.207	0.153	0.0578
1496	0.291	0.207	0.153	0.0577
1497	0.291	0.207	0.153	0.0578
1498	0.291	0.207	0.153	0.0578
1499	0.291	0.207	0.153	0.0577
1500	0.291	0.207	0.153	0.0577
1501	0.291	0.207	0.153	0.0577
1502	0.291	0.207	0.153	0.0577
1503	0.291	0.207	0.153	0.0577
1504	0.291	0.207	0.153	0.0577
1505	0.291	0.207	0.153	0.0578
1506	0.291	0.207	0.153	0.0578
1507	0.291	0.207	0.153	0.0578
1508	0.291	0.207	0.153	0.0578
1509	0.291	0.206	0.153	0.0578
1510	0.291	0.206	0.153	0.0578
1511	0.291	0.206	0.153	0.0577
1512	0.291	0.206	0.153	0.0577
1513	0.291	0.206	0.153	0.0578
1514	0.291	0.206	0.153	0.0577
1515	0.291	0.206	0.153	0.0578
1516	0.291	0.206	0.153	0.0578
1517	0.291	0.206	0.153	0.0578
1518	0.291	0.206	0.153	0.0578
1519	0.291	0.206	0.153	0.0578
1520	0.291	0.206	0.153	0.0578
1521	0.291	0.206	0.153	0.0578
1522	0.291	0.206	0.153	0.0578
1523	0.29	0.206	0.153	0.0578
1524	0.29	0.206	0.153	0.0578
1525	0.29	0.206	0.153	0.0578
1526	0.29	0.206	0.153	0.0579
1527	0.29	0.206	0.153	0.0578
1528	0.29	0.206	0.153	0.0579
1529	0.29	0.206	0.153	0.0578
1530	0.29	0.206	0.153	0.0578
1531	0.29	0.206	0.153	0.0579
1532	0.29	0.206	0.153	0.0579
1533	0.29	0.206	0.153	0.0579
1534	0.29	0.206	0.153	0.0579
1535	0.29	0.206	0.153	0.0578
1536	0.29	0.206	0.153	0.0579
1537	0.29	0.206	0.153	0.0578
1538	0.29	0.206	0.152	0.0579
1539	0.29	0.206	0.152	0.0579
1540	0.29	0.206	0.152	0.0579
1541	0.29	0.206	0.153	0.0578
1542	0.29	0.206	0.152	0.0579
1543	0.29	0.206	0.152	0.0579
1544	0.29	0.206	0.152	0.0579
1545	0.29	0.206	0.152	0.0578
1546	0.29	0.206	0.152	0.0579
1547	0.29	0.206	0.152	0.0578
1548	0.289	0.206	0.152	0.0579
1549	0.29	0.206	0.152	0.0579
1550	0.29	0.206	0.152	0.0578
1551	0.29	0.206	0.152	0.0579
1552	0.289	0.206	0.152	0.0579
1553	0.289	0.206	0.152	0.0579
1554	0.289	0.206	0.152	0.0579
1555	0.289	0.206	0.152	0.0578
1556	0.289	0.206	0.152	0.0578
1557	0.289	0.206	0.152	0.0578
1558	0.289	0.206	0.152	0.0578
1559	0.289	0.206	0.152	0.0579
1560	0.289	0.206	0.152	0.0579
1561	0.289	0.206	0.152	0.0579
1562	0.289	0.206	0.152	0.0579
1563	0.289	0.206	0.152	0.0578
1564	0.289	0.206	0.152	0.0579
1565	0.289	0.206	0.152	0.0579
1566	0.289	0.206	0.152	0.0579
1567	0.289	0.206	0.152	0.0578
1568	0.289	0.206	0.152	0.0579
1569	0.289	0.206	0.152	0.0579
1570	0.289	0.206	0.152	0.0579
1571	0.289	0.206	0.152	0.0579
1572	0.289	0.206	0.152	0.0579
1573	0.289	0.206	0.152	0.0579
1574	0.289	0.206	0.152	0.0579
1575	0.289	0.206	0.152	0.0579
1576	0.289	0.206	0.152	0.0578
1577	0.289	0.206	0.152	0.0579
1578	0.289	0.206	0.152	0.0578
1579	0.289	0.206	0.152	0.0579
1580	0.288	0.206	0.152	0.0579
1581	0.288	0.206	0.152	0.0579
1582	0.288	0.206	0.152	0.0579
1583	0.288	0.206	0.152	0.0579
1584	0.288	0.206	0.152	0.0579
1585	0.288	0.206	0.152	0.0579
1586	0.288	0.206	0.152	0.0579
1587	0.288	0.206	0.152	0.0579
1588	0.288	0.206	0.152	0.058
1589	0.288	0.206	0.152	0.058
1590	0.288	0.206	0.152	0.0579
1591	0.288	0.206	0.152	0.058
1592	0.288	0.206	0.152	0.058
1593	0.288	0.206	0.152	0.0579
1594	0.288	0.206	0.152	0.0579
1595	0.288	0.206	0.152	0.058
