Iteration	ValueMean	ValueStddev	DerivMean	DerivStddev
1	0.00852	0.588	0.629	0.318
2	0.0187	0.548	0.68	0.294
3	0.0186	0.524	0.688	0.273
4	0.0173	0.517	0.691	0.262
5	0.02	0.5	0.701	0.251
6	0.019	0.49	0.708	0.245
7	0.0163	0.488	0.708	0.242
8	0.0149	0.486	0.71	0.241
9	0.0153	0.485	0.711	0.24
10	0.0143	0.484	0.711	0.24
11	0.0124	0.483	0.712	0.239
12	0.012	0.483	0.712	0.24
13	0.0124	0.482	0.713	0.239
14	0.0125	0.48	0.714	0.237
15	0.0127	0.48	0.715	0.237
16	0.0122	0.481	0.714	0.237
17	0.0114	0.482	0.713	0.237
18	0.0103	0.481	0.714	0.237
19	0.00865	0.481	0.714	0.237
20	0.00813	0.481	0.713	0.236
21	0.00797	0.483	0.712	0.238
22	0.008	0.483	0.713	0.238
23	0.008	0.483	0.712	0.238
24	0.00926	0.482	0.714	0.237
25	0.00939	0.483	0.713	0.238
26	0.00959	0.482	0.714	0.237
27	0.00763	0.482	0.714	0.237
28	0.00829	0.482	0.714	0.236
29	0.00789	0.482	0.714	0.237
30	0.00728	0.481	0.715	0.236
31	0.00765	0.481	0.714	0.236
32	0.0077	0.482	0.714	0.236
33	0.00838	0.482	0.714	0.236
34	0.00871	0.481	0.715	0.235
35	0.00825	0.483	0.713	0.237
36	0.0084	0.483	0.713	0.237
37	0.00751	0.482	0.714	0.236
38	0.00754	0.483	0.714	0.237
39	0.00734	0.483	0.714	0.236
40	0.00686	0.483	0.714	0.236
41	0.00689	0.482	0.714	0.236
42	0.00884	0.481	0.715	0.235
43	0.00836	0.481	0.715	0.235
44	0.00722	0.481	0.715	0.235
45	0.00768	0.483	0.714	0.237
46	0.00789	0.483	0.714	0.237
47	0.00795	0.483	0.714	0.237
48	0.00774	0.483	0.714	0.237
49	0.00843	0.483	0.714	0.237
50	0.00845	0.482	0.715	0.236
51	0.00784	0.484	0.713	0.238
52	0.00722	0.484	0.713	0.238
53	0.00779	0.484	0.714	0.238
54	0.00746	0.485	0.713	0.238
55	0.0079	0.484	0.714	0.237
56	0.00763	0.484	0.714	0.237
57	0.00715	0.484	0.714	0.237
58	0.00709	0.484	0.714	0.237
59	0.00733	0.484	0.714	0.237
60	0.00761	0.484	0.715	0.236
61	0.00743	0.484	0.714	0.237
62	0.00671	0.485	0.714	0.237
63	0.00692	0.484	0.715	0.236
64	0.00761	0.483	0.715	0.236
65	0.00783	0.484	0.715	0.236
66	0.00834	0.483	0.716	0.235
67	0.00785	0.483	0.716	0.235
68	0.00734	0.483	0.716	0.235
69	0.00739	0.483	0.715	0.236
70	0.00739	0.484	0.715	0.236
71	0.00735	0.484	0.715	0.236
72	0.00742	0.484	0.715	0.237
73	0.00852	0.483	0.716	0.235
74	0.00821	0.483	0.717	0.235
75	0.00818	0.482	0.717	0.234
76	0.00797	0.483	0.716	0.235
77	0.00708	0.483	0.716	0.235
78	0.00613	0.483	0.717	0.235
79	0.00708	0.483	0.717	0.235
80	0.00693	0.483	0.717	0.235
81	0.00758	0.483	0.717	0.235
82	0.0074	0.483	0.718	0.235
83	0.0068	0.483	0.717	0.235
84	0.00737	0.484	0.717	0.236
85	0.00661	0.483	0.717	0.235
86	0.00729	0.483	0.717	0.236
87	0.00763	0.483	0.718	0.235
88	0.00762	0.483	0.717	0.236
89	0.00765	0.483	0.718	0.236
90	0.00731	0.483	0.717	0.236
91	0.00694	0.484	0.717	0.236
92	0.00749	0.483	0.718	0.235
93	0.00785	0.482	0.718	0.235
94	0.00731	0.482	0.718	0.235
95	0.00714	0.482	0.719	0.235
96	0.00678	0.481	0.719	0.234
97	0.0055	0.481	0.72	0.234
98	0.00623	0.481	0.719	0.235
99	0.00613	0.482	0.72	0.235
100	0.00673	0.481	0.72	0.235
101	0.00733	0.481	0.72	0.235
102	0.00743	0.481	0.72	0.235
103	0.00706	0.482	0.72	0.235
104	0.00689	0.481	0.72	0.234
105	0.00663	0.48	0.721	0.234
106	0.00656	0.48	0.721	0.234
107	0.00707	0.48	0.721	0.234
108	0.00739	0.481	0.721	0.234
109	0.00647	0.481	0.721	0.234
110	0.00592	0.481	0.721	0.235
111	0.00586	0.481	0.721	0.235
112	0.00622	0.481	0.721	0.236
113	0.00581	0.481	0.721	0.236
114	0.00569	0.481	0.721	0.236
115	0.00594	0.481	0.721	0.236
116	0.00635	0.48	0.722	0.236
117	0.00692	0.48	0.722	0.235
118	0.007	0.481	0.722	0.235
119	0.00675	0.48	0.722	0.235
120	0.00753	0.48	0.722	0.235
121	0.00792	0.479	0.723	0.234
122	0.00762	0.48	0.722	0.235
123	0.00769	0.48	0.723	0.235
124	0.0072	0.48	0.723	0.235
125	0.00743	0.48	0.722	0.236
126	0.00676	0.48	0.722	0.236
127	0.00709	0.48	0.723	0.235
128	0.00717	0.48	0.722	0.236
129	0.00665	0.479	0.723	0.235
130	0.00668	0.479	0.723	0.235
131	0.00617	0.479	0.723	0.235
132	0.00606	0.479	0.724	0.235
133	0.00585	0.479	0.724	0.235
134	0.00542	0.48	0.723	0.236
135	0.00581	0.479	0.724	0.236
136	0.00581	0.479	0.724	0.236
137	0.00537	0.479	0.724	0.236
138	0.00602	0.479	0.724	0.236
139	0.00598	0.478	0.724	0.235
140	0.00639	0.478	0.724	0.235
141	0.00656	0.479	0.724	0.236
142	0.00621	0.478	0.725	0.235
143	0.00637	0.478	0.725	0.235
144	0.00691	0.477	0.725	0.235
145	0.00638	0.478	0.725	0.235
146	0.00671	0.478	0.725	0.235
147	0.0069	0.477	0.726	0.235
148	0.00683	0.477	0.725	0.235
149	0.00684	0.477	0.726	0.235
150	0.0068	0.478	0.725	0.236
151	0.00698	0.477	0.726	0.235
152	0.00656	0.478	0.726	0.236
153	0.00653	0.477	0.726	0.235
154	0.00624	0.477	0.726	0.235
155	0.00657	0.477	0.726	0.235
156	0.00684	0.476	0.727	0.235
157	0.00601	0.477	0.727	0.235
158	0.0058	0.476	0.727	0.235
159	0.00603	0.476	0.727	0.235
160	0.00633	0.477	0.726	0.235
161	0.00644	0.477	0.727	0.235
162	0.00633	0.476	0.727	0.235
163	0.00681	0.476	0.727	0.235
164	0.0062	0.476	0.727	0.235
165	0.00625	0.477	0.727	0.236
166	0.00588	0.476	0.727	0.235
167	0.00557	0.477	0.726	0.237
168	0.00624	0.476	0.727	0.236
169	0.00621	0.476	0.727	0.235
170	0.00599	0.476	0.728	0.235
171	0.00532	0.476	0.728	0.235
172	0.006	0.476	0.728	0.235
173	0.0068	0.476	0.728	0.235
174	0.00692	0.475	0.729	0.235
175	0.00693	0.475	0.729	0.235
176	0.00661	0.474	0.729	0.235
177	0.00601	0.475	0.728	0.235
178	0.00576	0.474	0.729	0.235
179	0.00595	0.474	0.729	0.234
180	0.00575	0.474	0.73	0.235
181	0.0071	0.472	0.731	0.234
182	0.00734	0.472	0.731	0.234
183	0.00764	0.472	0.731	0.233
184	0.00738	0.472	0.731	0.233
185	0.00722	0.472	0.731	0.234
186	0.00769	0.472	0.731	0.233
187	0.00724	0.472	0.731	0.234
188	0.00707	0.472	0.731	0.234
189	0.00694	0.472	0.731	0.234
190	0.00664	0.472	0.731	0.233
191	0.00686	0.471	0.731	0.233
192	0.00736	0.472	0.731	0.233
193	0.00781	0.472	0.732	0.234
194	0.00788	0.472	0.732	0.234
195	0.00776	0.471	0.732	0.233
196	0.00807	0.471	0.732	0.233
197	0.00733	0.471	0.732	0.234
198	0.00726	0.471	0.732	0.233
199	0.00758	0.47	0.733	0.233
200	0.00714	0.47	0.733	0.233
201	0.00758	0.47	0.733	0.233
202	0.00663	0.47	0.733	0.233
203	0.00684	0.47	0.733	0.233
204	0.00698	0.47	0.733	0.233
205	0.00669	0.47	0.732	0.233
206	0.00693	0.469	0.733	0.232
207	0.00706	0.469	0.733	0.232
208	0.00701	0.47	0.733	0.233
209	0.00658	0.469	0.733	0.232
210	0.00737	0.469	0.734	0.232
211	0.00699	0.469	0.734	0.232
212	0.00697	0.469	0.734	0.232
213	0.00684	0.469	0.734	0.233
214	0.00687	0.469	0.734	0.233
215	0.00703	0.468	0.734	0.232
216	0.00676	0.469	0.734	0.233
217	0.00662	0.469	0.734	0.233
218	0.00688	0.468	0.735	0.232
219	0.00688	0.468	0.735	0.232
220	0.0067	0.468	0.735	0.232
221	0.00685	0.468	0.735	0.232
222	0.00699	0.467	0.735	0.232
223	0.00684	0.467	0.735	0.232
224	0.00645	0.467	0.735	0.233
225	0.00633	0.467	0.735	0.232
226	0.00686	0.467	0.735	0.233
227	0.00629	0.468	0.735	0.233
228	0.00643	0.467	0.735	0.233
229	0.00633	0.467	0.736	0.232
230	0.0064	0.467	0.736	0.232
231	0.00574	0.467	0.736	0.233
232	0.00569	0.467	0.736	0.233
233	0.00604	0.467	0.736	0.233
234	0.00588	0.467	0.736	0.233
235	0.00576	0.467	0.736	0.233
236	0.00602	0.467	0.736	0.233
237	0.00639	0.466	0.737	0.232
238	0.00582	0.466	0.737	0.232
239	0.00614	0.466	0.737	0.232
240	0.00607	0.466	0.737	0.233
241	0.00553	0.466	0.737	0.233
242	0.0058	0.466	0.737	0.233
243	0.00532	0.466	0.737	0.233
244	0.00519	0.466	0.737	0.232
245	0.00528	0.466	0.737	0.233
246	0.00532	0.466	0.737	0.233
247	0.00518	0.466	0.737	0.233
248	0.00566	0.465	0.738	0.233
249	0.00581	0.465	0.738	0.232
250	0.00598	0.465	0.738	0.232
251	0.00569	0.465	0.738	0.232
252	0.00498	0.465	0.738	0.233
253	0.00479	0.465	0.738	0.233
254	0.00487	0.465	0.738	0.233
255	0.00482	0.465	0.738	0.233
256	0.00543	0.465	0.738	0.233
257	0.00512	0.465	0.738	0.233
258	0.00533	0.465	0.738	0.233
259	0.00525	0.465	0.738	0.233
260	0.00479	0.464	0.739	0.233
261	0.00472	0.464	0.739	0.233
262	0.00491	0.464	0.739	0.232
263	0.00553	0.463	0.739	0.232
264	0.00569	0.463	0.739	0.232
265	0.00566	0.464	0.739	0.233
266	0.00551	0.463	0.739	0.232
267	0.00571	0.462	0.74	0.232
268	0.00627	0.462	0.74	0.232
269	0.00634	0.462	0.74	0.231
270	0.00626	0.462	0.74	0.231
271	0.00607	0.462	0.74	0.232
272	0.00565	0.463	0.74	0.233
273	0.00569	0.462	0.74	0.233
274	0.00565	0.462	0.74	0.232
275	0.00538	0.462	0.74	0.233
276	0.00553	0.461	0.741	0.232
277	0.00618	0.462	0.741	0.232
278	0.00642	0.461	0.741	0.232
279	0.00629	0.462	0.741	0.232
280	0.00642	0.461	0.741	0.232
281	0.00669	0.461	0.741	0.232
282	0.00597	0.461	0.742	0.232
283	0.00597	0.461	0.742	0.232
284	0.00619	0.46	0.742	0.232
285	0.0064	0.46	0.742	0.231
286	0.00669	0.46	0.743	0.231
287	0.0064	0.46	0.743	0.231
288	0.00598	0.46	0.742	0.231
289	0.00636	0.46	0.742	0.231
290	0.00593	0.46	0.742	0.232
291	0.00575	0.46	0.742	0.232
292	0.00595	0.459	0.743	0.231
293	0.00556	0.46	0.742	0.232
294	0.0057	0.459	0.743	0.231
295	0.00589	0.459	0.743	0.231
296	0.00531	0.46	0.743	0.231
297	0.00536	0.459	0.743	0.231
298	0.00538	0.46	0.743	0.232
299	0.00501	0.459	0.743	0.232
300	0.00512	0.459	0.743	0.232
301	0.00534	0.458	0.744	0.231
302	0.00509	0.458	0.744	0.231
303	0.00504	0.458	0.743	0.231
304	0.00531	0.458	0.744	0.231
305	0.00526	0.459	0.744	0.232
306	0.00542	0.458	0.744	0.231
307	0.00548	0.458	0.744	0.231
308	0.00549	0.458	0.744	0.231
309	0.00497	0.457	0.745	0.231
310	0.00499	0.457	0.745	0.231
311	0.00567	0.457	0.745	0.23
312	0.00565	0.457	0.745	0.231
313	0.00586	0.456	0.746	0.23
314	0.00556	0.456	0.746	0.23
315	0.00499	0.456	0.746	0.23
316	0.00518	0.456	0.746	0.23
317	0.00478	0.456	0.746	0.23
318	0.00492	0.456	0.746	0.23
319	0.00475	0.456	0.746	0.23
320	0.00465	0.456	0.746	0.23
321	0.00533	0.455	0.746	0.23
322	0.00556	0.455	0.746	0.23
323	0.0049	0.455	0.747	0.23
324	0.00509	0.455	0.747	0.23
325	0.00511	0.455	0.747	0.23
326	0.00532	0.455	0.747	0.23
327	0.00512	0.454	0.747	0.23
328	0.00509	0.455	0.747	0.23
329	0.00489	0.454	0.748	0.23
330	0.00512	0.454	0.747	0.23
331	0.0048	0.454	0.748	0.23
332	0.00474	0.455	0.747	0.231
333	0.00494	0.455	0.747	0.231
334	0.00472	0.455	0.747	0.231
335	0.00447	0.454	0.748	0.23
336	0.00448	0.454	0.748	0.23
337	0.00421	0.454	0.748	0.23
338	0.00454	0.453	0.748	0.23
339	0.00454	0.454	0.748	0.23
340	0.00431	0.453	0.748	0.23
341	0.00447	0.453	0.748	0.229
342	0.00439	0.453	0.749	0.23
343	0.00466	0.452	0.749	0.229
344	0.00479	0.452	0.749	0.229
345	0.0045	0.453	0.749	0.229
346	0.00431	0.452	0.749	0.229
347	0.00473	0.452	0.749	0.229
348	0.00439	0.452	0.75	0.229
349	0.0046	0.452	0.75	0.229
350	0.0042	0.452	0.749	0.229
351	0.00425	0.452	0.749	0.229
352	0.00397	0.453	0.749	0.23
353	0.00357	0.453	0.749	0.23
354	0.00339	0.452	0.749	0.23
355	0.00354	0.452	0.749	0.229
356	0.00329	0.452	0.75	0.229
357	0.0033	0.452	0.75	0.229
358	0.00357	0.451	0.75	0.229
359	0.00436	0.451	0.75	0.229
360	0.00449	0.451	0.75	0.229
361	0.00412	0.451	0.75	0.229
362	0.0038	0.451	0.75	0.229
363	0.00385	0.45	0.751	0.229
364	0.00427	0.45	0.751	0.229
365	0.0042	0.451	0.75	0.23
366	0.00406	0.451	0.75	0.23
367	0.00414	0.451	0.75	0.23
368	0.004	0.45	0.751	0.229
369	0.00396	0.45	0.751	0.229
370	0.00393	0.45	0.751	0.229
371	0.00369	0.449	0.751	0.229
372	0.00385	0.45	0.751	0.229
373	0.004	0.45	0.751	0.229
374	0.00388	0.45	0.751	0.229
375	0.00394	0.45	0.752	0.229
376	0.00372	0.449	0.752	0.229
377	0.00386	0.449	0.752	0.229
378	0.00374	0.449	0.752	0.229
379	0.00346	0.449	0.752	0.229
380	0.00358	0.449	0.752	0.229
381	0.00399	0.448	0.752	0.228
382	0.00362	0.448	0.752	0.228
383	0.00363	0.449	0.752	0.229
384	0.0037	0.449	0.752	0.229
385	0.00367	0.449	0.752	0.229
386	0.0039	0.448	0.752	0.229
387	0.0032	0.449	0.752	0.229
388	0.00296	0.449	0.752	0.229
389	0.00319	0.448	0.753	0.228
390	0.00304	0.448	0.753	0.228
391	0.00324	0.448	0.753	0.228
392	0.00335	0.448	0.753	0.229
393	0.00352	0.447	0.753	0.228
394	0.00382	0.447	0.754	0.228
395	0.00357	0.447	0.753	0.228
396	0.00342	0.447	0.754	0.228
397	0.00344	0.447	0.754	0.228
398	0.00343	0.447	0.754	0.228
399	0.00343	0.447	0.754	0.228
400	0.00352	0.447	0.754	0.227
401	0.00394	0.446	0.754	0.227
402	0.00393	0.446	0.754	0.228
403	0.00366	0.447	0.754	0.228
404	0.00324	0.447	0.754	0.228
405	0.00319	0.446	0.754	0.228
406	0.00338	0.446	0.754	0.228
407	0.00363	0.446	0.754	0.228
408	0.00305	0.446	0.754	0.228
409	0.0034	0.445	0.755	0.227
410	0.00346	0.446	0.754	0.228
411	0.00313	0.446	0.755	0.228
412	0.00319	0.446	0.755	0.228
413	0.00305	0.445	0.755	0.227
414	0.003	0.445	0.755	0.228
415	0.0033	0.445	0.755	0.228
416	0.00343	0.444	0.756	0.227
417	0.00332	0.444	0.756	0.227
418	0.00368	0.444	0.756	0.227
419	0.00349	0.444	0.756	0.227
420	0.00394	0.444	0.756	0.227
421	0.00378	0.444	0.756	0.227
422	0.0035	0.444	0.756	0.227
423	0.00349	0.444	0.756	0.227
424	0.00347	0.444	0.756	0.227
425	0.00317	0.444	0.757	0.227
426	0.0031	0.444	0.756	0.227
427	0.00294	0.444	0.756	0.227
428	0.00278	0.443	0.757	0.227
429	0.00323	0.443	0.757	0.227
430	0.00343	0.443	0.757	0.227
431	0.00329	0.443	0.757	0.227
432	0.00318	0.443	0.757	0.227
433	0.00315	0.443	0.757	0.227
434	0.00289	0.443	0.758	0.227
435	0.00299	0.442	0.758	0.226
436	0.0027	0.442	0.758	0.226
437	0.00287	0.442	0.758	0.226
438	0.00269	0.442	0.758	0.226
439	0.00318	0.443	0.757	0.227
440	0.00286	0.442	0.757	0.227
441	0.00269	0.442	0.758	0.226
442	0.00281	0.442	0.758	0.226
443	0.00274	0.442	0.758	0.226
444	0.00261	0.441	0.758	0.226
445	0.00299	0.441	0.759	0.226
446	0.00315	0.441	0.758	0.226
447	0.00319	0.441	0.758	0.226
448	0.00283	0.441	0.758	0.226
449	0.00235	0.441	0.759	0.226
450	0.00239	0.441	0.759	0.226
451	0.00243	0.44	0.759	0.226
452	0.00208	0.441	0.758	0.226
453	0.00242	0.441	0.759	0.226
454	0.00226	0.44	0.759	0.226
455	0.00205	0.44	0.759	0.226
456	0.00199	0.44	0.759	0.226
457	0.00175	0.44	0.759	0.226
458	0.002	0.44	0.759	0.226
459	0.0019	0.441	0.759	0.227
460	0.00194	0.44	0.759	0.227
461	0.00202	0.44	0.759	0.227
462	0.00178	0.44	0.76	0.227
463	0.00186	0.44	0.76	0.227
464	0.00169	0.44	0.76	0.226
465	0.00195	0.44	0.76	0.226
466	0.00177	0.44	0.76	0.226
467	0.00152	0.44	0.76	0.226
468	0.00176	0.439	0.76	0.226
469	0.00181	0.439	0.76	0.226
470	0.00199	0.439	0.76	0.226
471	0.00194	0.439	0.76	0.226
472	0.00196	0.439	0.76	0.226
473	0.00189	0.439	0.76	0.226
474	0.00167	0.439	0.76	0.226
475	0.00164	0.439	0.761	0.226
476	0.00162	0.439	0.761	0.225
477	0.00161	0.438	0.761	0.225
478	0.00175	0.438	0.761	0.225
479	0.00173	0.438	0.761	0.225
480	0.00191	0.438	0.761	0.226
481	0.002	0.438	0.761	0.226
482	0.00181	0.438	0.761	0.226
483	0.0017	0.438	0.761	0.226
484	0.00212	0.438	0.761	0.226
485	0.00216	0.438	0.761	0.225
486	0.00201	0.438	0.761	0.225
487	0.00224	0.437	0.762	0.225
488	0.00247	0.438	0.761	0.225
489	0.00221	0.437	0.762	0.225
490	0.0021	0.437	0.762	0.225
491	0.00226	0.437	0.762	0.225
492	0.00226	0.437	0.762	0.225
493	0.00182	0.437	0.762	0.225
494	0.00181	0.437	0.762	0.225
495	0.0015	0.437	0.762	0.225
496	0.00135	0.437	0.762	0.225
497	0.00146	0.437	0.762	0.225
498	0.00157	0.437	0.762	0.225
499	0.00129	0.437	0.762	0.225
500	0.00133	0.437	0.762	0.225
501	0.00182	0.437	0.762	0.226
502	0.00155	0.436	0.762	0.226
503	0.00162	0.437	0.762	0.226
504	0.00161	0.436	0.763	0.225
505	0.00126	0.436	0.763	0.225
506	0.00141	0.436	0.762	0.225
507	0.00151	0.436	0.763	0.225
508	0.00165	0.436	0.763	0.225
509	0.00182	0.436	0.763	0.225
510	0.00141	0.436	0.763	0.225
511	0.00136	0.436	0.763	0.225
512	0.00119	0.436	0.763	0.225
513	0.00155	0.436	0.763	0.226
514	0.00117	0.436	0.763	0.225
515	0.00143	0.436	0.763	0.225
516	0.00138	0.435	0.763	0.225
517	0.00147	0.435	0.764	0.225
518	0.00135	0.435	0.764	0.225
519	0.0011	0.435	0.763	0.225
520	0.00142	0.435	0.764	0.225
521	0.00134	0.435	0.764	0.225
522	0.00126	0.435	0.764	0.225
523	0.00109	0.435	0.764	0.225
524	0.000977	0.435	0.764	0.225
525	0.00101	0.435	0.764	0.225
526	0.00131	0.434	0.764	0.225
527	0.00108	0.434	0.764	0.225
528	0.00112	0.434	0.764	0.225
529	0.00131	0.434	0.765	0.225
530	0.0014	0.434	0.765	0.224
531	0.00122	0.434	0.765	0.224
532	0.000964	0.433	0.765	0.225
533	0.00088	0.433	0.765	0.225
534	0.000894	0.433	0.765	0.224
535	0.000993	0.433	0.765	0.225
536	0.00071	0.433	0.765	0.224
537	0.000807	0.433	0.765	0.224
538	0.000981	0.433	0.765	0.225
539	0.00112	0.433	0.766	0.224
540	0.00142	0.433	0.765	0.224
541	0.00157	0.433	0.766	0.224
542	0.00191	0.433	0.765	0.224
543	0.00153	0.433	0.766	0.224
544	0.00179	0.432	0.766	0.224
545	0.00195	0.432	0.766	0.224
546	0.00171	0.433	0.765	0.225
547	0.00161	0.432	0.766	0.224
548	0.00128	0.432	0.766	0.224
549	0.000921	0.432	0.766	0.224
550	0.00103	0.432	0.766	0.224
551	0.00149	0.431	0.767	0.224
552	0.00143	0.431	0.767	0.223
553	0.00153	0.431	0.767	0.223
554	0.00159	0.431	0.767	0.223
555	0.00129	0.431	0.767	0.223
556	0.00123	0.431	0.767	0.224
557	0.00136	0.431	0.767	0.223
558	0.00143	0.431	0.767	0.224
559	0.00122	0.431	0.767	0.224
560	0.00104	0.431	0.767	0.223
561	0.000898	0.431	0.767	0.224
562	0.000873	0.431	0.767	0.224
563	0.000947	0.431	0.767	0.223
564	0.0011	0.43	0.767	0.223
565	0.000929	0.43	0.768	0.223
566	0.000784	0.43	0.767	0.223
567	0.00068	0.43	0.767	0.223
568	0.000399	0.43	0.767	0.223
569	0.000597	0.43	0.767	0.224
570	0.000776	0.43	0.768	0.223
571	0.000998	0.43	0.768	0.223
572	0.000337	0.43	0.768	0.223
573	0.000509	0.43	0.768	0.223
574	0.000559	0.43	0.768	0.223
575	0.000282	0.43	0.768	0.223
576	-4.09e-06	0.43	0.768	0.223
577	0.000127	0.43	0.768	0.223
578	0.000356	0.429	0.768	0.223
579	0.000425	0.429	0.768	0.222
580	0.000512	0.429	0.768	0.223
581	0.000774	0.43	0.768	0.223
582	0.000971	0.429	0.768	0.223
583	0.00076	0.429	0.768	0.223
584	0.00056	0.43	0.768	0.223
585	0.000792	0.43	0.768	0.223
586	0.000987	0.429	0.768	0.223
587	0.000525	0.429	0.769	0.223
588	0.000456	0.429	0.769	0.223
589	0.000469	0.429	0.769	0.223
590	0.000649	0.429	0.769	0.223
591	0.000311	0.429	0.769	0.223
592	0.000499	0.429	0.769	0.223
593	0.000364	0.429	0.769	0.223
594	0.000412	0.429	0.769	0.223
595	0.000346	0.429	0.769	0.223
596	0.000402	0.428	0.769	0.223
597	0.000715	0.428	0.769	0.223
598	0.000627	0.428	0.77	0.223
599	0.00069	0.428	0.77	0.222
600	0.000856	0.427	0.77	0.222
601	0.000751	0.427	0.77	0.222
602	0.000547	0.427	0.77	0.222
603	0.000625	0.427	0.77	0.222
604	0.000727	0.427	0.77	0.222
605	0.000555	0.427	0.77	0.223
606	0.000467	0.427	0.77	0.222
607	0.000349	0.427	0.77	0.222
608	-0.000244	0.427	0.77	0.222
609	-0.000584	0.426	0.771	0.222
610	-0.000393	0.426	0.771	0.222
611	-0.000363	0.427	0.77	0.222
612	-0.000316	0.427	0.77	0.222
613	-1.72e-05	0.427	0.771	0.222
614	0.000119	0.426	0.771	0.222
615	-3.97e-05	0.426	0.771	0.222
616	7.34e-06	0.426	0.771	0.222
617	-7.68e-05	0.426	0.771	0.222
618	-0.000116	0.426	0.771	0.222
619	-8.62e-05	0.426	0.771	0.222
620	-0.000155	0.426	0.771	0.222
621	-0.000248	0.425	0.772	0.222
622	-0.000126	0.425	0.771	0.222
623	-0.000374	0.426	0.771	0.222
624	-0.000444	0.425	0.771	0.221
625	-0.00077	0.425	0.772	0.221
626	-0.000761	0.425	0.772	0.221
627	-0.000919	0.425	0.772	0.221
628	-0.000526	0.425	0.772	0.222
629	2.84e-05	0.425	0.772	0.221
630	-0.000491	0.425	0.772	0.222
631	-0.000165	0.425	0.772	0.222
632	-0.000273	0.425	0.772	0.222
633	-7.57e-05	0.425	0.772	0.222
634	0.000171	0.425	0.772	0.222
635	0.000262	0.424	0.773	0.221
636	-4.2e-06	0.424	0.773	0.221
637	-0.000239	0.424	0.773	0.221
638	-0.000245	0.424	0.773	0.221
639	-0.000488	0.424	0.773	0.221
640	-0.00033	0.424	0.773	0.221
641	-0.000203	0.424	0.773	0.221
642	-0.00014	0.424	0.773	0.221
643	-0.000149	0.424	0.772	0.221
644	-0.000683	0.424	0.773	0.221
645	-0.000557	0.424	0.773	0.221
646	-0.00023	0.424	0.773	0.221
647	-0.000279	0.424	0.773	0.221
648	-0.000324	0.423	0.773	0.221
649	-0.000451	0.423	0.773	0.221
650	-7.29e-05	0.423	0.774	0.221
651	-0.000347	0.423	0.774	0.221
652	-9.16e-05	0.423	0.774	0.221
653	-0.00039	0.422	0.774	0.221
654	-0.000286	0.423	0.774	0.221
655	4.09e-05	0.422	0.774	0.22
656	3.46e-05	0.422	0.774	0.22
657	-0.000161	0.423	0.774	0.221
658	-0.00015	0.423	0.774	0.221
659	-2.84e-05	0.423	0.774	0.221
660	-6.98e-05	0.423	0.774	0.221
661	-0.000104	0.422	0.774	0.221
662	-0.000188	0.423	0.774	0.221
663	-0.000127	0.423	0.774	0.221
664	-0.000192	0.423	0.774	0.221
665	-4.15e-05	0.422	0.774	0.221
666	-0.000221	0.423	0.774	0.221
667	-0.000116	0.422	0.774	0.221
668	-0.000223	0.422	0.774	0.221
669	-0.000293	0.422	0.774	0.221
670	-0.000711	0.422	0.774	0.221
671	-0.000784	0.422	0.774	0.221
672	-0.00102	0.422	0.774	0.221
673	-0.00105	0.422	0.775	0.221
674	-0.00093	0.422	0.775	0.22
675	-0.00107	0.422	0.774	0.221
676	-0.00115	0.422	0.774	0.221
677	-0.00128	0.422	0.774	0.221
678	-0.00148	0.422	0.774	0.221
679	-0.00136	0.422	0.774	0.221
680	-0.00113	0.422	0.774	0.221
681	-0.0011	0.421	0.775	0.221
682	-0.00114	0.422	0.774	0.221
683	-0.00128	0.422	0.775	0.221
684	-0.00119	0.421	0.775	0.221
685	-0.00124	0.421	0.775	0.221
686	-0.00124	0.421	0.775	0.221
687	-0.000878	0.421	0.775	0.221
688	-0.00103	0.421	0.775	0.221
689	-0.00131	0.421	0.775	0.22
690	-0.00137	0.421	0.775	0.221
691	-0.00122	0.421	0.775	0.22
692	-0.00102	0.42	0.775	0.22
693	-0.0014	0.42	0.775	0.22
694	-0.00136	0.42	0.775	0.22
695	-0.00117	0.42	0.776	0.22
696	-0.000847	0.42	0.776	0.22
697	-0.000822	0.42	0.776	0.22
698	-0.000697	0.42	0.776	0.22
699	-0.000763	0.42	0.776	0.22
700	-0.00066	0.42	0.776	0.219
701	-0.00088	0.42	0.776	0.22
702	-0.00106	0.42	0.776	0.22
703	-0.00097	0.419	0.776	0.22
704	-0.00113	0.419	0.776	0.219
705	-0.000607	0.419	0.777	0.219
706	-0.000483	0.419	0.777	0.219
707	-0.000472	0.419	0.776	0.219
708	-0.000507	0.419	0.776	0.219
709	-0.000973	0.419	0.776	0.22
710	-0.0012	0.419	0.776	0.22
711	-0.000912	0.419	0.776	0.22
712	-0.00112	0.42	0.776	0.22
713	-0.00153	0.419	0.776	0.22
714	-0.00134	0.419	0.777	0.219
715	-0.00119	0.419	0.777	0.219
716	-0.00104	0.418	0.777	0.219
717	-0.0012	0.418	0.777	0.219
718	-0.00113	0.419	0.777	0.219
719	-0.00127	0.419	0.777	0.219
720	-0.00101	0.418	0.777	0.219
721	-0.0014	0.419	0.777	0.219
722	-0.00132	0.419	0.777	0.219
723	-0.0011	0.419	0.777	0.219
724	-0.00125	0.418	0.777	0.219
725	-0.00122	0.418	0.777	0.219
726	-0.00125	0.418	0.777	0.219
727	-0.000919	0.418	0.777	0.219
728	-0.000693	0.417	0.777	0.219
729	-0.00079	0.417	0.778	0.219
730	-0.00086	0.417	0.778	0.218
731	-0.000753	0.418	0.777	0.219
732	-0.000848	0.418	0.777	0.219
733	-0.000891	0.418	0.777	0.219
734	-0.000905	0.418	0.777	0.219
735	-0.000784	0.418	0.777	0.219
736	-0.000832	0.418	0.778	0.219
737	-0.000858	0.418	0.778	0.219
738	-0.000868	0.418	0.778	0.219
739	-0.00132	0.418	0.777	0.219
740	-0.00134	0.417	0.778	0.219
741	-0.00137	0.417	0.778	0.219
742	-0.00136	0.417	0.778	0.219
743	-0.00144	0.417	0.778	0.219
744	-0.00127	0.417	0.778	0.219
745	-0.000975	0.417	0.778	0.219
746	-0.00112	0.417	0.778	0.219
747	-0.00114	0.417	0.778	0.219
748	-0.00121	0.417	0.778	0.219
749	-0.00134	0.417	0.778	0.219
750	-0.00126	0.417	0.778	0.219
751	-0.00164	0.417	0.778	0.219
752	-0.00159	0.416	0.779	0.219
753	-0.00188	0.417	0.778	0.219
754	-0.00189	0.416	0.778	0.219
755	-0.00193	0.416	0.779	0.218
756	-0.00206	0.417	0.778	0.219
757	-0.00214	0.416	0.779	0.218
758	-0.002	0.416	0.779	0.218
759	-0.00238	0.416	0.779	0.218
760	-0.00238	0.416	0.779	0.219
761	-0.00202	0.416	0.779	0.219
762	-0.00178	0.416	0.779	0.219
763	-0.00162	0.417	0.779	0.219
764	-0.00146	0.416	0.779	0.218
765	-0.00175	0.416	0.779	0.218
766	-0.00161	0.415	0.78	0.218
767	-0.00183	0.415	0.779	0.218
768	-0.00163	0.416	0.779	0.218
769	-0.00161	0.415	0.779	0.218
770	-0.00199	0.415	0.78	0.218
771	-0.00203	0.415	0.78	0.218
772	-0.00202	0.415	0.78	0.218
773	-0.0022	0.415	0.78	0.218
774	-0.00213	0.415	0.779	0.218
775	-0.00223	0.415	0.78	0.218
776	-0.00219	0.415	0.78	0.218
777	-0.00234	0.415	0.78	0.218
778	-0.00255	0.415	0.78	0.218
779	-0.00227	0.415	0.78	0.218
780	-0.00239	0.415	0.78	0.218
781	-0.00233	0.415	0.78	0.218
782	-0.00241	0.415	0.78	0.218
783	-0.00259	0.415	0.78	0.218
784	-0.00262	0.415	0.78	0.218
785	-0.00246	0.414	0.78	0.218
786	-0.00272	0.414	0.78	0.218
787	-0.00246	0.414	0.78	0.218
788	-0.00264	0.414	0.78	0.217
789	-0.00246	0.414	0.781	0.218
790	-0.00233	0.414	0.781	0.217
791	-0.00214	0.414	0.781	0.218
792	-0.00222	0.414	0.781	0.218
793	-0.00228	0.414	0.781	0.218
794	-0.00249	0.414	0.78	0.218
795	-0.00225	0.414	0.781	0.218
796	-0.00226	0.414	0.781	0.218
797	-0.00205	0.414	0.781	0.218
798	-0.00207	0.413	0.781	0.218
799	-0.00221	0.414	0.781	0.218
800	-0.00251	0.414	0.781	0.218
801	-0.00273	0.414	0.781	0.218
802	-0.00237	0.414	0.781	0.218
803	-0.00211	0.413	0.781	0.217
804	-0.00224	0.413	0.781	0.218
805	-0.00231	0.413	0.781	0.218
806	-0.00229	0.413	0.781	0.217
807	-0.00223	0.413	0.781	0.217
808	-0.00209	0.413	0.781	0.217
809	-0.00257	0.413	0.781	0.217
810	-0.00255	0.413	0.781	0.218
811	-0.00281	0.413	0.781	0.218
812	-0.00258	0.413	0.781	0.217
813	-0.00273	0.412	0.782	0.217
814	-0.00266	0.413	0.782	0.217
815	-0.00276	0.413	0.781	0.218
816	-0.00249	0.413	0.782	0.217
817	-0.002	0.413	0.782	0.218
818	-0.00193	0.412	0.782	0.217
819	-0.00199	0.412	0.782	0.217
820	-0.00218	0.412	0.782	0.217
821	-0.00247	0.412	0.782	0.217
822	-0.00263	0.412	0.782	0.217
823	-0.00247	0.412	0.782	0.217
824	-0.00266	0.412	0.782	0.217
825	-0.00248	0.412	0.782	0.217
826	-0.00251	0.412	0.782	0.217
827	-0.00231	0.412	0.782	0.217
828	-0.00218	0.411	0.783	0.217
829	-0.00229	0.411	0.783	0.217
830	-0.00263	0.412	0.782	0.217
831	-0.00234	0.412	0.782	0.217
832	-0.00237	0.412	0.782	0.217
833	-0.00238	0.412	0.782	0.217
834	-0.00216	0.412	0.783	0.217
835	-0.00217	0.412	0.783	0.217
836	-0.00214	0.411	0.783	0.217
837	-0.00226	0.411	0.783	0.217
838	-0.00251	0.411	0.783	0.217
839	-0.00286	0.411	0.783	0.217
840	-0.00252	0.411	0.783	0.217
841	-0.00275	0.411	0.783	0.217
842	-0.00254	0.411	0.783	0.217
843	-0.00258	0.411	0.783	0.217
844	-0.00283	0.411	0.783	0.217
845	-0.00304	0.411	0.783	0.217
846	-0.00288	0.41	0.783	0.217
847	-0.00267	0.411	0.783	0.217
848	-0.00271	0.41	0.783	0.217
849	-0.00288	0.41	0.784	0.216
850	-0.00273	0.41	0.784	0.216
851	-0.00269	0.41	0.784	0.216
852	-0.00304	0.41	0.784	0.216
853	-0.00301	0.41	0.784	0.216
854	-0.00302	0.41	0.783	0.216
855	-0.00294	0.41	0.784	0.216
856	-0.0028	0.41	0.784	0.216
857	-0.00268	0.41	0.784	0.216
858	-0.00309	0.41	0.784	0.216
859	-0.00303	0.41	0.784	0.216
860	-0.00279	0.41	0.784	0.216
861	-0.00295	0.41	0.784	0.216
862	-0.00316	0.41	0.784	0.216
863	-0.00266	0.409	0.784	0.216
864	-0.00258	0.41	0.784	0.216
865	-0.00284	0.41	0.784	0.216
866	-0.00263	0.41	0.784	0.216
867	-0.00247	0.409	0.784	0.216
868	-0.00244	0.409	0.784	0.216
869	-0.00252	0.409	0.784	0.216
870	-0.00242	0.409	0.785	0.215
871	-0.0027	0.409	0.785	0.216
872	-0.00279	0.409	0.785	0.215
873	-0.00275	0.408	0.785	0.215
874	-0.00276	0.409	0.784	0.216
875	-0.00278	0.409	0.785	0.215
876	-0.00283	0.409	0.785	0.215
877	-0.00257	0.409	0.785	0.215
878	-0.00245	0.409	0.785	0.215
879	-0.00245	0.409	0.785	0.215
880	-0.00225	0.409	0.785	0.215
881	-0.00246	0.409	0.785	0.216
882	-0.00266	0.409	0.785	0.215
883	-0.00236	0.408	0.785	0.215
884	-0.00236	0.408	0.785	0.215
885	-0.00259	0.409	0.785	0.216
886	-0.00261	0.409	0.785	0.216
887	-0.00274	0.409	0.785	0.215
888	-0.00267	0.409	0.785	0.215
889	-0.00282	0.408	0.785	0.215
890	-0.00255	0.409	0.785	0.215
891	-0.00269	0.408	0.785	0.215
892	-0.00257	0.408	0.785	0.215
893	-0.00256	0.408	0.785	0.215
894	-0.00276	0.408	0.785	0.215
895	-0.00239	0.408	0.785	0.215
896	-0.00238	0.408	0.786	0.215
897	-0.00245	0.408	0.786	0.215
898	-0.00245	0.407	0.786	0.215
899	-0.00268	0.408	0.786	0.215
900	-0.00271	0.408	0.786	0.215
901	-0.00303	0.407	0.786	0.215
902	-0.00298	0.407	0.786	0.215
903	-0.00279	0.407	0.786	0.215
904	-0.00259	0.407	0.786	0.215
905	-0.00274	0.407	0.786	0.215
906	-0.00274	0.407	0.786	0.215
907	-0.00287	0.407	0.787	0.214
908	-0.00285	0.407	0.786	0.215
909	-0.00255	0.407	0.786	0.214
910	-0.00267	0.407	0.786	0.214
911	-0.00277	0.407	0.786	0.214
912	-0.00293	0.407	0.786	0.214
913	-0.00262	0.407	0.786	0.215
914	-0.00277	0.407	0.786	0.215
915	-0.00273	0.407	0.786	0.214
916	-0.00279	0.407	0.786	0.214
917	-0.00276	0.406	0.787	0.214
918	-0.00286	0.406	0.787	0.215
919	-0.00282	0.407	0.786	0.214
920	-0.00302	0.406	0.787	0.214
921	-0.00313	0.406	0.787	0.215
922	-0.00296	0.406	0.787	0.214
923	-0.00308	0.406	0.787	0.214
924	-0.00285	0.406	0.787	0.214
925	-0.00299	0.406	0.787	0.214
926	-0.00303	0.406	0.787	0.214
927	-0.00294	0.406	0.787	0.214
928	-0.0029	0.406	0.787	0.214
929	-0.003	0.406	0.787	0.214
930	-0.00301	0.406	0.787	0.214
931	-0.00316	0.406	0.787	0.214
932	-0.00303	0.406	0.787	0.214
933	-0.00279	0.406	0.787	0.214
934	-0.00328	0.406	0.787	0.214
935	-0.00325	0.405	0.787	0.214
936	-0.00293	0.405	0.787	0.214
937	-0.00304	0.405	0.787	0.214
938	-0.00312	0.405	0.787	0.214
939	-0.00298	0.406	0.787	0.214
940	-0.00287	0.405	0.787	0.214
941	-0.00299	0.405	0.787	0.214
942	-0.00287	0.405	0.787	0.214
943	-0.00295	0.405	0.787	0.214
944	-0.00262	0.405	0.788	0.214
945	-0.003	0.405	0.788	0.214
946	-0.00327	0.405	0.788	0.214
947	-0.00319	0.404	0.788	0.214
948	-0.00291	0.404	0.788	0.214
949	-0.00315	0.404	0.788	0.214
950	-0.00298	0.404	0.788	0.214
951	-0.00306	0.404	0.788	0.214
952	-0.00298	0.404	0.788	0.214
953	-0.00311	0.404	0.788	0.214
954	-0.0029	0.404	0.788	0.214
955	-0.00297	0.405	0.788	0.214
956	-0.00278	0.404	0.788	0.213
957	-0.00295	0.404	0.788	0.213
958	-0.00285	0.404	0.788	0.213
959	-0.00298	0.404	0.789	0.213
960	-0.00296	0.404	0.788	0.213
961	-0.00294	0.404	0.788	0.213
962	-0.00302	0.404	0.788	0.213
963	-0.00309	0.404	0.789	0.213
964	-0.00319	0.404	0.789	0.213
965	-0.00332	0.404	0.789	0.213
966	-0.0034	0.404	0.789	0.213
967	-0.00346	0.403	0.789	0.213
968	-0.00344	0.404	0.789	0.213
969	-0.00326	0.404	0.789	0.213
970	-0.00326	0.403	0.789	0.213
971	-0.00311	0.403	0.789	0.213
972	-0.00271	0.403	0.789	0.212
973	-0.00284	0.403	0.789	0.213
974	-0.00303	0.403	0.789	0.213
975	-0.00327	0.403	0.789	0.212
976	-0.00295	0.402	0.79	0.211
977	-0.00292	0.403	0.789	0.211
978	-0.00292	0.403	0.789	0.212
979	-0.00295	0.403	0.789	0.212
980	-0.00287	0.404	0.789	0.212
981	-0.00269	0.404	0.789	0.212
982	-0.00284	0.404	0.789	0.212
983	-0.00297	0.404	0.789	0.212
984	-0.00277	0.404	0.789	0.212
985	-0.00285	0.404	0.789	0.212
986	-0.00277	0.404	0.789	0.212
987	-0.0027	0.404	0.789	0.212
988	-0.00267	0.403	0.789	0.212
989	-0.00263	0.403	0.789	0.212
990	-0.0028	0.404	0.789	0.212
991	-0.00311	0.403	0.789	0.212
992	-0.00311	0.403	0.789	0.212
993	-0.00293	0.403	0.789	0.212
994	-0.0028	0.403	0.789	0.212
995	-0.00278	0.403	0.789	0.212
996	-0.00268	0.403	0.789	0.212
997	-0.00262	0.403	0.789	0.212
998	-0.00279	0.403	0.789	0.212
999	-0.00269	0.403	0.789	0.212
1000	-0.00293	0.403	0.789	0.212
1001	-0.00296	0.403	0.789	0.212
1002	-0.00266	0.403	0.789	0.212
1003	-0.00299	0.403	0.789	0.213
1004	-0.00316	0.403	0.789	0.212
1005	-0.00332	0.403	0.789	0.212
1006	-0.0035	0.403	0.789	0.212
1007	-0.00323	0.403	0.789	0.212
1008	-0.00305	0.403	0.789	0.212
1009	-0.00291	0.403	0.789	0.212
1010	-0.00294	0.403	0.789	0.213
1011	-0.00279	0.403	0.789	0.213
1012	-0.00289	0.403	0.789	0.213
1013	-0.00287	0.403	0.789	0.212
1014	-0.00307	0.403	0.789	0.212
1015	-0.00295	0.403	0.789	0.213
1016	-0.00314	0.403	0.789	0.212
1017	-0.00333	0.403	0.789	0.212
1018	-0.00362	0.403	0.789	0.212
1019	-0.00347	0.403	0.789	0.212
1020	-0.00326	0.403	0.789	0.212
1021	-0.00332	0.403	0.789	0.212
1022	-0.00315	0.402	0.79	0.212
1023	-0.00329	0.403	0.789	0.212
1024	-0.00316	0.403	0.789	0.212
1025	-0.00332	0.402	0.79	0.212
1026	-0.00324	0.402	0.79	0.212
1027	-0.00329	0.402	0.79	0.212
1028	-0.00337	0.402	0.79	0.212
1029	-0.00331	0.402	0.79	0.212
1030	-0.00316	0.402	0.79	0.212
1031	-0.0034	0.402	0.79	0.212
1032	-0.00329	0.402	0.79	0.212
1033	-0.00347	0.402	0.79	0.212
1034	-0.00351	0.402	0.79	0.212
1035	-0.00326	0.401	0.79	0.211
1036	-0.00306	0.401	0.79	0.212
1037	-0.00304	0.401	0.791	0.211
1038	-0.0029	0.401	0.791	0.211
1039	-0.00301	0.401	0.791	0.211
1040	-0.00272	0.401	0.79	0.211
1041	-0.00286	0.401	0.791	0.211
1042	-0.00295	0.401	0.79	0.212
1043	-0.00289	0.401	0.79	0.212
1044	-0.00303	0.402	0.79	0.212
1045	-0.00299	0.401	0.791	0.211
1046	-0.00292	0.401	0.791	0.211
1047	-0.00281	0.401	0.791	0.211
1048	-0.00293	0.401	0.79	0.212
1049	-0.00307	0.401	0.791	0.212
1050	-0.00325	0.401	0.791	0.211
1051	-0.00331	0.401	0.791	0.211
1052	-0.00332	0.401	0.791	0.211
1053	-0.00329	0.4	0.791	0.211
1054	-0.00337	0.401	0.791	0.211
1055	-0.00324	0.4	0.791	0.211
1056	-0.00316	0.401	0.791	0.211
1057	-0.00332	0.401	0.791	0.211
1058	-0.00326	0.401	0.791	0.212
1059	-0.00338	0.401	0.791	0.212
1060	-0.00336	0.401	0.791	0.211
1061	-0.00347	0.401	0.791	0.212
1062	-0.00332	0.401	0.791	0.212
1063	-0.00345	0.401	0.791	0.211
1064	-0.00348	0.4	0.791	0.211
1065	-0.00352	0.4	0.791	0.211
1066	-0.00368	0.4	0.791	0.211
1067	-0.00358	0.4	0.791	0.211
1068	-0.00347	0.4	0.791	0.211
1069	-0.00321	0.4	0.792	0.211
1070	-0.00347	0.4	0.791	0.211
1071	-0.00346	0.4	0.792	0.211
1072	-0.00322	0.4	0.792	0.211
1073	-0.00335	0.4	0.791	0.211
1074	-0.00303	0.4	0.792	0.211
1075	-0.00317	0.4	0.792	0.211
1076	-0.00322	0.4	0.791	0.211
1077	-0.00304	0.4	0.792	0.211
1078	-0.00333	0.4	0.792	0.211
1079	-0.00331	0.4	0.792	0.211
1080	-0.00341	0.4	0.792	0.211
1081	-0.00345	0.4	0.792	0.211
1082	-0.00366	0.399	0.792	0.211
1083	-0.00361	0.4	0.792	0.211
1084	-0.00372	0.399	0.792	0.211
1085	-0.00361	0.399	0.792	0.211
1086	-0.00371	0.4	0.792	0.211
1087	-0.00384	0.4	0.792	0.211
1088	-0.00383	0.4	0.792	0.211
1089	-0.00374	0.399	0.792	0.211
1090	-0.00382	0.399	0.792	0.211
1091	-0.00389	0.399	0.792	0.211
1092	-0.00369	0.399	0.792	0.211
1093	-0.00392	0.399	0.792	0.211
1094	-0.00369	0.399	0.792	0.211
1095	-0.00362	0.399	0.792	0.21
1096	-0.00345	0.399	0.792	0.211
1097	-0.00324	0.399	0.792	0.21
1098	-0.00331	0.399	0.792	0.21
1099	-0.00321	0.398	0.793	0.21
1100	-0.00325	0.398	0.793	0.21
1101	-0.00364	0.399	0.792	0.21
1102	-0.00375	0.399	0.793	0.21
1103	-0.00368	0.399	0.793	0.21
1104	-0.00356	0.398	0.793	0.21
1105	-0.00348	0.399	0.793	0.21
1106	-0.00355	0.399	0.793	0.21
1107	-0.00341	0.399	0.793	0.21
1108	-0.00327	0.398	0.793	0.21
1109	-0.00348	0.399	0.793	0.21
1110	-0.00346	0.398	0.793	0.21
1111	-0.00336	0.398	0.793	0.21
1112	-0.00325	0.398	0.793	0.21
1113	-0.00346	0.398	0.793	0.21
1114	-0.00369	0.398	0.793	0.21
1115	-0.00362	0.398	0.793	0.21
1116	-0.00355	0.398	0.793	0.21
1117	-0.00332	0.398	0.793	0.21
1118	-0.00338	0.398	0.793	0.21
1119	-0.00356	0.398	0.793	0.21
1120	-0.00348	0.398	0.793	0.21
1121	-0.00326	0.397	0.793	0.209
1122	-0.00342	0.397	0.793	0.209
1123	-0.00354	0.397	0.793	0.209
1124	-0.00363	0.397	0.793	0.21
1125	-0.00388	0.397	0.793	0.21
1126	-0.00388	0.397	0.793	0.21
1127	-0.00399	0.397	0.793	0.21
1128	-0.00369	0.397	0.794	0.209
1129	-0.00358	0.398	0.793	0.21
1130	-0.00357	0.397	0.794	0.209
1131	-0.00361	0.397	0.794	0.209
1132	-0.00354	0.397	0.794	0.209
1133	-0.00367	0.397	0.794	0.209
1134	-0.00379	0.397	0.794	0.209
1135	-0.00369	0.397	0.794	0.209
1136	-0.00371	0.396	0.794	0.208
1137	-0.00379	0.396	0.794	0.208
1138	-0.00351	0.396	0.794	0.208
1139	-0.00345	0.396	0.794	0.207
1140	-0.00362	0.396	0.794	0.208
1141	-0.00365	0.397	0.794	0.208
1142	-0.0036	0.397	0.794	0.208
1143	-0.00373	0.397	0.794	0.208
1144	-0.00351	0.397	0.794	0.208
1145	-0.00328	0.397	0.794	0.208
1146	-0.00346	0.397	0.794	0.208
1147	-0.00336	0.397	0.794	0.208
1148	-0.00351	0.397	0.794	0.208
1149	-0.00347	0.397	0.794	0.208
1150	-0.00343	0.397	0.794	0.208
1151	-0.00339	0.397	0.794	0.208
1152	-0.00347	0.397	0.794	0.208
1153	-0.00356	0.397	0.794	0.208
1154	-0.00381	0.397	0.794	0.208
1155	-0.00401	0.397	0.794	0.208
1156	-0.00367	0.397	0.794	0.209
1157	-0.00353	0.396	0.794	0.208
1158	-0.00372	0.396	0.794	0.208
1159	-0.00355	0.397	0.794	0.208
1160	-0.00331	0.397	0.794	0.209
1161	-0.00368	0.397	0.794	0.209
1162	-0.00353	0.397	0.794	0.209
1163	-0.00348	0.397	0.793	0.209
1164	-0.0037	0.397	0.793	0.209
1165	-0.00376	0.397	0.794	0.209
1166	-0.00375	0.397	0.794	0.209
1167	-0.00359	0.397	0.794	0.209
1168	-0.00364	0.397	0.793	0.209
1169	-0.00387	0.397	0.794	0.209
1170	-0.00388	0.397	0.794	0.209
1171	-0.00402	0.397	0.794	0.209
1172	-0.0036	0.396	0.794	0.209
1173	-0.00368	0.396	0.794	0.209
1174	-0.00346	0.397	0.794	0.209
1175	-0.00335	0.396	0.794	0.209
1176	-0.00334	0.396	0.794	0.209
1177	-0.00343	0.396	0.794	0.209
1178	-0.00364	0.397	0.794	0.209
1179	-0.00361	0.396	0.794	0.208
1180	-0.00356	0.396	0.794	0.209
1181	-0.00365	0.396	0.794	0.208
1182	-0.00391	0.396	0.794	0.208
1183	-0.00387	0.396	0.794	0.209
1184	-0.00398	0.396	0.794	0.208
1185	-0.00392	0.396	0.794	0.209
1186	-0.0038	0.396	0.794	0.208
1187	-0.00382	0.396	0.794	0.208
1188	-0.00373	0.396	0.795	0.208
1189	-0.00396	0.396	0.794	0.209
1190	-0.00405	0.396	0.794	0.208
1191	-0.00389	0.396	0.794	0.208
1192	-0.00384	0.396	0.795	0.208
1193	-0.004	0.396	0.794	0.208
1194	-0.00389	0.396	0.794	0.208
1195	-0.00379	0.396	0.795	0.208
1196	-0.00396	0.396	0.795	0.208
1197	-0.00382	0.395	0.795	0.208
1198	-0.0038	0.396	0.795	0.208
1199	-0.00366	0.395	0.795	0.208
1200	-0.00346	0.395	0.795	0.208
1201	-0.00375	0.396	0.795	0.208
1202	-0.00378	0.395	0.795	0.208
1203	-0.00407	0.395	0.795	0.208
1204	-0.00398	0.395	0.795	0.208
1205	-0.00405	0.395	0.795	0.208
1206	-0.00402	0.395	0.795	0.208
1207	-0.00386	0.395	0.795	0.208
1208	-0.00389	0.395	0.795	0.208
1209	-0.0038	0.395	0.795	0.208
1210	-0.00379	0.395	0.795	0.208
1211	-0.00394	0.395	0.795	0.207
1212	-0.00377	0.395	0.795	0.207
1213	-0.00383	0.395	0.795	0.208
1214	-0.00397	0.395	0.795	0.208
1215	-0.00391	0.395	0.795	0.208
1216	-0.00386	0.395	0.795	0.208
1217	-0.00384	0.394	0.795	0.208
1218	-0.00378	0.395	0.795	0.208
1219	-0.00372	0.394	0.796	0.208
1220	-0.00374	0.394	0.796	0.208
1221	-0.00386	0.394	0.795	0.208
1222	-0.0039	0.394	0.795	0.207
1223	-0.00395	0.395	0.796	0.208
1224	-0.00379	0.395	0.795	0.208
1225	-0.00376	0.394	0.795	0.208
1226	-0.00394	0.394	0.795	0.208
1227	-0.00404	0.395	0.795	0.208
1228	-0.00412	0.394	0.795	0.208
1229	-0.00395	0.394	0.796	0.208
1230	-0.00374	0.394	0.796	0.208
1231	-0.00392	0.394	0.796	0.208
1232	-0.00393	0.394	0.796	0.207
1233	-0.00412	0.394	0.796	0.207
1234	-0.00421	0.394	0.796	0.208
1235	-0.00417	0.394	0.796	0.208
1236	-0.00404	0.394	0.796	0.207
1237	-0.00394	0.394	0.796	0.207
1238	-0.00393	0.394	0.796	0.207
1239	-0.00407	0.394	0.796	0.207
1240	-0.00409	0.394	0.796	0.207
1241	-0.0043	0.394	0.796	0.207
1242	-0.004	0.394	0.796	0.208
1243	-0.00408	0.394	0.796	0.207
1244	-0.00407	0.394	0.796	0.207
1245	-0.00399	0.394	0.796	0.208
1246	-0.00399	0.394	0.796	0.207
1247	-0.00382	0.394	0.796	0.207
1248	-0.00382	0.394	0.796	0.208
1249	-0.00408	0.394	0.796	0.207
1250	-0.00396	0.394	0.796	0.207
1251	-0.00394	0.394	0.796	0.207
1252	-0.00384	0.394	0.796	0.208
1253	-0.00417	0.393	0.796	0.207
1254	-0.00411	0.393	0.796	0.207
1255	-0.00377	0.393	0.796	0.207
1256	-0.00409	0.393	0.797	0.207
1257	-0.00403	0.393	0.796	0.207
1258	-0.00396	0.393	0.797	0.207
1259	-0.00394	0.393	0.797	0.207
1260	-0.00399	0.393	0.797	0.207
1261	-0.0039	0.393	0.797	0.207
1262	-0.00416	0.393	0.797	0.207
1263	-0.00422	0.393	0.797	0.207
1264	-0.00416	0.393	0.797	0.207
1265	-0.00427	0.393	0.796	0.207
1266	-0.0043	0.393	0.797	0.207
1267	-0.00419	0.393	0.797	0.207
1268	-0.00432	0.393	0.797	0.207
1269	-0.00434	0.393	0.797	0.207
1270	-0.00409	0.393	0.797	0.207
1271	-0.00389	0.393	0.797	0.207
1272	-0.00391	0.392	0.797	0.206
1273	-0.00399	0.392	0.797	0.205
1274	-0.00369	0.392	0.798	0.205
1275	-0.00383	0.392	0.797	0.205
1276	-0.00392	0.392	0.797	0.205
1277	-0.00383	0.392	0.797	0.205
1278	-0.00394	0.392	0.797	0.206
1279	-0.00406	0.393	0.797	0.206
1280	-0.0042	0.393	0.797	0.206
1281	-0.00417	0.393	0.797	0.206
1282	-0.00417	0.393	0.797	0.206
1283	-0.00414	0.392	0.797	0.206
1284	-0.00387	0.393	0.797	0.206
1285	-0.00408	0.393	0.797	0.206
1286	-0.0042	0.393	0.797	0.206
1287	-0.00421	0.393	0.797	0.206
1288	-0.00414	0.393	0.797	0.206
1289	-0.00401	0.393	0.797	0.206
1290	-0.00413	0.393	0.797	0.206
1291	-0.00425	0.393	0.797	0.206
1292	-0.00404	0.393	0.797	0.206
1293	-0.00401	0.392	0.797	0.206
1294	-0.00394	0.393	0.797	0.206
1295	-0.00404	0.392	0.797	0.206
1296	-0.00397	0.393	0.797	0.206
1297	-0.00387	0.392	0.797	0.206
1298	-0.00369	0.392	0.797	0.206
1299	-0.00375	0.393	0.797	0.206
1300	-0.00389	0.393	0.797	0.206
1301	-0.00418	0.392	0.797	0.206
1302	-0.00404	0.393	0.797	0.206
1303	-0.00358	0.392	0.797	0.206
1304	-0.00377	0.392	0.797	0.206
1305	-0.00379	0.392	0.797	0.206
1306	-0.00379	0.392	0.797	0.206
1307	-0.00385	0.392	0.797	0.206
1308	-0.00379	0.392	0.797	0.206
1309	-0.00394	0.392	0.797	0.206
1310	-0.00422	0.392	0.797	0.206
1311	-0.00415	0.392	0.797	0.206
1312	-0.00399	0.392	0.797	0.206
1313	-0.00399	0.392	0.797	0.206
1314	-0.00405	0.392	0.797	0.206
1315	-0.00425	0.392	0.797	0.206
1316	-0.00402	0.392	0.797	0.206
1317	-0.00408	0.392	0.797	0.206
1318	-0.0041	0.392	0.797	0.206
1319	-0.00413	0.392	0.797	0.206
1320	-0.00414	0.392	0.797	0.206
1321	-0.00427	0.392	0.797	0.206
1322	-0.00439	0.392	0.797	0.206
1323	-0.00414	0.392	0.797	0.206
1324	-0.00418	0.392	0.797	0.206
1325	-0.00422	0.392	0.797	0.206
1326	-0.00419	0.392	0.797	0.206
1327	-0.00392	0.392	0.797	0.206
1328	-0.00413	0.392	0.798	0.205
1329	-0.00413	0.392	0.798	0.206
1330	-0.00388	0.392	0.798	0.206
1331	-0.00387	0.391	0.798	0.206
1332	-0.00391	0.392	0.797	0.206
1333	-0.00404	0.392	0.797	0.206
1334	-0.00403	0.392	0.797	0.206
1335	-0.00414	0.392	0.797	0.206
1336	-0.00404	0.391	0.798	0.206
1337	-0.00406	0.391	0.798	0.206
1338	-0.00409	0.391	0.798	0.206
1339	-0.00409	0.391	0.797	0.206
1340	-0.00393	0.391	0.798	0.206
1341	-0.00402	0.391	0.798	0.206
1342	-0.00439	0.391	0.798	0.206
1343	-0.00421	0.391	0.798	0.206
1344	-0.00407	0.391	0.798	0.206
1345	-0.0042	0.391	0.798	0.206
1346	-0.00433	0.391	0.798	0.206
1347	-0.00419	0.391	0.798	0.206
1348	-0.00437	0.391	0.798	0.205
1349	-0.00433	0.391	0.798	0.205
1350	-0.00417	0.391	0.798	0.205
1351	-0.00415	0.391	0.798	0.205
1352	-0.00397	0.391	0.798	0.205
1353	-0.00404	0.391	0.798	0.205
1354	-0.0041	0.391	0.798	0.205
1355	-0.00414	0.391	0.798	0.205
1356	-0.00414	0.391	0.798	0.206
1357	-0.0042	0.391	0.798	0.205
1358	-0.00434	0.391	0.798	0.206
1359	-0.00446	0.391	0.798	0.206
1360	-0.00451	0.391	0.798	0.205
1361	-0.00439	0.391	0.798	0.205
1362	-0.00441	0.391	0.798	0.206
1363	-0.00403	0.391	0.798	0.206
1364	-0.00386	0.39	0.798	0.205
1365	-0.00382	0.39	0.798	0.205
1366	-0.00394	0.39	0.798	0.205
1367	-0.00396	0.39	0.798	0.205
1368	-0.00394	0.39	0.799	0.205
1369	-0.00409	0.39	0.799	0.205
1370	-0.00398	0.39	0.799	0.205
1371	-0.00396	0.39	0.799	0.205
1372	-0.00401	0.39	0.799	0.205
1373	-0.00391	0.39	0.799	0.205
1374	-0.00402	0.39	0.799	0.205
1375	-0.00407	0.39	0.799	0.205
1376	-0.00411	0.39	0.799	0.205
1377	-0.00435	0.39	0.799	0.205
1378	-0.00429	0.39	0.799	0.205
1379	-0.00418	0.39	0.799	0.205
1380	-0.00419	0.39	0.799	0.205
1381	-0.00421	0.39	0.799	0.205
1382	-0.00404	0.39	0.799	0.205
1383	-0.00408	0.39	0.799	0.205
1384	-0.00404	0.39	0.799	0.205
1385	-0.00408	0.39	0.799	0.205
1386	-0.00425	0.39	0.799	0.205
1387	-0.00417	0.39	0.799	0.205
1388	-0.00412	0.39	0.799	0.205
1389	-0.00416	0.39	0.799	0.205
1390	-0.0041	0.39	0.799	0.205
1391	-0.00433	0.39	0.799	0.205
1392	-0.00424	0.39	0.799	0.205
1393	-0.00408	0.39	0.799	0.205
1394	-0.00398	0.389	0.799	0.205
1395	-0.00412	0.389	0.799	0.204
1396	-0.00395	0.389	0.799	0.204
1397	-0.00391	0.39	0.799	0.204
1398	-0.00387	0.389	0.799	0.204
1399	-0.00402	0.389	0.799	0.204
1400	-0.00377	0.389	0.8	0.204
1401	-0.00395	0.389	0.799	0.204
1402	-0.00404	0.389	0.8	0.204
1403	-0.00399	0.389	0.8	0.204
1404	-0.00409	0.389	0.8	0.204
1405	-0.00422	0.389	0.8	0.204
1406	-0.00442	0.389	0.8	0.204
1407	-0.00422	0.389	0.8	0.204
1408	-0.00429	0.389	0.8	0.204
1409	-0.00426	0.389	0.8	0.204
1410	-0.00445	0.389	0.8	0.204
1411	-0.00456	0.389	0.8	0.204
1412	-0.00453	0.389	0.8	0.204
1413	-0.00435	0.389	0.8	0.204
1414	-0.00417	0.389	0.8	0.204
1415	-0.00415	0.389	0.8	0.204
1416	-0.00422	0.389	0.8	0.204
1417	-0.0043	0.389	0.8	0.204
1418	-0.00423	0.389	0.8	0.204
1419	-0.00414	0.389	0.8	0.204
1420	-0.00421	0.389	0.8	0.204
1421	-0.00418	0.389	0.8	0.204
1422	-0.00409	0.389	0.8	0.204
1423	-0.00416	0.388	0.8	0.204
1424	-0.0043	0.388	0.8	0.204
1425	-0.00431	0.388	0.8	0.204
1426	-0.0043	0.388	0.8	0.204
1427	-0.00413	0.388	0.8	0.204
1428	-0.00422	0.388	0.8	0.204
1429	-0.00421	0.388	0.8	0.204
1430	-0.00415	0.388	0.8	0.204
1431	-0.00427	0.388	0.8	0.204
1432	-0.00405	0.388	0.8	0.204
1433	-0.00396	0.388	0.8	0.204
1434	-0.00413	0.388	0.8	0.204
1435	-0.00405	0.388	0.8	0.204
1436	-0.00416	0.388	0.8	0.204
1437	-0.00411	0.388	0.8	0.204
1438	-0.00411	0.388	0.8	0.204
1439	-0.00389	0.388	0.801	0.204
1440	-0.00392	0.388	0.801	0.204
1441	-0.00372	0.388	0.8	0.204
1442	-0.00389	0.388	0.8	0.204
1443	-0.00395	0.388	0.8	0.204
1444	-0.00389	0.388	0.8	0.204
1445	-0.00394	0.388	0.8	0.204
1446	-0.00403	0.387	0.801	0.203
1447	-0.00398	0.387	0.801	0.202
1448	-0.00405	0.387	0.801	0.202
1449	-0.00414	0.387	0.801	0.202
1450	-0.004	0.387	0.801	0.203
1451	-0.00396	0.387	0.801	0.202
1452	-0.00371	0.387	0.801	0.203
1453	-0.00392	0.387	0.8	0.203
1454	-0.00397	0.388	0.8	0.203
1455	-0.00413	0.388	0.8	0.203
1456	-0.00425	0.388	0.8	0.203
1457	-0.00418	0.388	0.8	0.203
1458	-0.00405	0.388	0.8	0.203
1459	-0.00414	0.388	0.8	0.203
1460	-0.00424	0.388	0.8	0.203
1461	-0.00422	0.388	0.8	0.203
1462	-0.00409	0.387	0.8	0.203
1463	-0.00416	0.388	0.8	0.203
1464	-0.00415	0.388	0.8	0.203
1465	-0.00414	0.388	0.8	0.203
1466	-0.00427	0.388	0.8	0.203
1467	-0.0042	0.388	0.8	0.203
1468	-0.00421	0.388	0.8	0.203
1469	-0.0043	0.388	0.8	0.203
1470	-0.00415	0.387	0.801	0.203
1471	-0.00407	0.387	0.8	0.203
1472	-0.00394	0.387	0.8	0.203
1473	-0.00393	0.387	0.8	0.203
1474	-0.00407	0.387	0.8	0.203
1475	-0.00413	0.387	0.8	0.203
1476	-0.00429	0.387	0.8	0.203
1477	-0.00426	0.387	0.8	0.203
1478	-0.0043	0.387	0.8	0.203
1479	-0.00422	0.387	0.8	0.203
1480	-0.00426	0.387	0.8	0.203
1481	-0.00418	0.387	0.8	0.203
1482	-0.00426	0.387	0.801	0.203
1483	-0.0043	0.387	0.801	0.202
1484	-0.00409	0.387	0.801	0.202
1485	-0.00418	0.387	0.801	0.202
1486	-0.00434	0.387	0.801	0.202
1487	-0.00448	0.387	0.801	0.202
1488	-0.00425	0.387	0.801	0.202
1489	-0.00411	0.387	0.801	0.202
1490	-0.00436	0.387	0.801	0.203
1491	-0.00446	0.387	0.801	0.203
1492	-0.00458	0.387	0.801	0.202
1493	-0.00435	0.387	0.801	0.202
1494	-0.00432	0.387	0.801	0.202
1495	-0.00434	0.387	0.801	0.202
1496	-0.00448	0.387	0.801	0.203
1497	-0.00445	0.387	0.801	0.203
1498	-0.00434	0.387	0.801	0.203
1499	-0.0041	0.387	0.801	0.203
1500	-0.00412	0.387	0.801	0.203
1501	-0.00425	0.387	0.801	0.202
1502	-0.00441	0.387	0.801	0.202
1503	-0.00432	0.387	0.801	0.203
1504	-0.00438	0.387	0.801	0.203
1505	-0.0042	0.387	0.801	0.203
1506	-0.00426	0.387	0.801	0.203
1507	-0.00438	0.387	0.801	0.203
1508	-0.00447	0.387	0.801	0.203
1509	-0.00443	0.387	0.801	0.203
1510	-0.0044	0.386	0.801	0.203
1511	-0.00422	0.386	0.801	0.203
1512	-0.00424	0.386	0.801	0.203
1513	-0.00432	0.386	0.801	0.203
1514	-0.00431	0.387	0.801	0.203
1515	-0.0043	0.386	0.801	0.203
1516	-0.00445	0.386	0.801	0.203
1517	-0.00425	0.386	0.801	0.203
1518	-0.00429	0.386	0.801	0.203
1519	-0.00436	0.387	0.801	0.203
1520	-0.00437	0.386	0.801	0.203
1521	-0.00417	0.386	0.801	0.202
1522	-0.00429	0.386	0.801	0.202
1523	-0.00419	0.386	0.802	0.202
1524	-0.00418	0.386	0.802	0.202
1525	-0.0041	0.386	0.802	0.202
1526	-0.00411	0.386	0.802	0.202
1527	-0.00426	0.386	0.802	0.202
1528	-0.0042	0.386	0.801	0.202
1529	-0.00429	0.386	0.801	0.202
1530	-0.00431	0.386	0.801	0.202
1531	-0.00429	0.386	0.802	0.202
1532	-0.00456	0.385	0.802	0.202
1533	-0.00443	0.386	0.802	0.202
1534	-0.00433	0.386	0.802	0.202
1535	-0.00414	0.386	0.802	0.202
1536	-0.00412	0.386	0.802	0.202
1537	-0.00393	0.385	0.802	0.202
1538	-0.00399	0.385	0.802	0.202
1539	-0.0039	0.385	0.802	0.202
1540	-0.00428	0.386	0.802	0.202
1541	-0.00414	0.386	0.802	0.202
1542	-0.00425	0.385	0.802	0.202
1543	-0.0042	0.385	0.802	0.202
1544	-0.0043	0.385	0.802	0.202
1545	-0.00431	0.385	0.802	0.202
1546	-0.00422	0.385	0.802	0.202
1547	-0.00441	0.385	0.802	0.202
1548	-0.00435	0.385	0.802	0.202
1549	-0.00431	0.385	0.802	0.202
1550	-0.00425	0.385	0.802	0.202
1551	-0.00437	0.385	0.802	0.202
1552	-0.0043	0.385	0.802	0.202
1553	-0.00443	0.385	0.802	0.202
1554	-0.00429	0.385	0.802	0.202
1555	-0.00413	0.385	0.802	0.202
1556	-0.0041	0.385	0.802	0.202
1557	-0.00403	0.385	0.802	0.202
1558	-0.004	0.385	0.802	0.202
1559	-0.00428	0.385	0.802	0.202
1560	-0.00439	0.385	0.802	0.202
1561	-0.00419	0.385	0.802	0.202
1562	-0.00426	0.385	0.802	0.202
1563	-0.00447	0.385	0.802	0.202
1564	-0.00433	0.385	0.802	0.202
1565	-0.0043	0.385	0.803	0.202
1566	-0.00411	0.385	0.803	0.202
1567	-0.00431	0.385	0.803	0.202
1568	-0.00434	0.385	0.803	0.202
1569	-0.00432	0.384	0.803	0.202
1570	-0.00422	0.384	0.803	0.201
1571	-0.00431	0.384	0.803	0.201
1572	-0.0044	0.384	0.803	0.201
1573	-0.00443	0.384	0.803	0.201
1574	-0.00433	0.384	0.803	0.201
1575	-0.00423	0.384	0.803	0.201
1576	-0.00434	0.384	0.803	0.201
1577	-0.00427	0.384	0.803	0.201
1578	-0.00437	0.384	0.803	0.201
1579	-0.00422	0.384	0.803	0.201
1580	-0.00429	0.384	0.803	0.201
1581	-0.00417	0.384	0.803	0.202
1582	-0.00425	0.384	0.803	0.201
1583	-0.0044	0.384	0.803	0.201
1584	-0.00441	0.384	0.803	0.201
1585	-0.00438	0.384	0.803	0.201
1586	-0.00452	0.384	0.803	0.201
1587	-0.00449	0.384	0.803	0.201
1588	-0.0046	0.384	0.803	0.201
1589	-0.00461	0.384	0.803	0.201
1590	-0.00469	0.384	0.803	0.201
1591	-0.00469	0.384	0.803	0.201
1592	-0.00467	0.384	0.803	0.201
1593	-0.00476	0.384	0.803	0.201
1594	-0.00492	0.384	0.803	0.201
1595	-0.00481	0.384	0.803	0.201
