Iteration	ValueMean	ValueStddev	DerivMean	DerivStddev
3	0.496	0.269	0.166	0.0635
4	0.486	0.27	0.168	0.0614
5	0.489	0.262	0.169	0.0576
6	0.491	0.258	0.171	0.0554
7	0.494	0.256	0.171	0.0545
8	0.496	0.255	0.171	0.0542
9	0.497	0.255	0.171	0.0539
10	0.498	0.255	0.171	0.0537
11	0.498	0.254	0.171	0.0535
12	0.498	0.253	0.171	0.0531
13	0.498	0.253	0.171	0.053
14	0.498	0.252	0.171	0.0527
15	0.498	0.252	0.171	0.0527
16	0.498	0.252	0.171	0.0526
17	0.498	0.252	0.17	0.0523
18	0.497	0.251	0.171	0.0521
19	0.497	0.25	0.171	0.0521
20	0.497	0.25	0.171	0.0519
21	0.496	0.25	0.17	0.0518
22	0.497	0.249	0.17	0.0518
23	0.497	0.25	0.17	0.0517
24	0.496	0.249	0.17	0.0515
25	0.496	0.249	0.17	0.0513
26	0.496	0.249	0.17	0.0513
27	0.495	0.248	0.17	0.0511
28	0.494	0.249	0.17	0.0512
29	0.494	0.248	0.17	0.051
30	0.494	0.248	0.17	0.0509
31	0.494	0.247	0.17	0.0509
32	0.492	0.247	0.17	0.0509
33	0.492	0.247	0.17	0.0509
34	0.492	0.247	0.169	0.051
35	0.491	0.247	0.169	0.051
36	0.49	0.247	0.169	0.0509
37	0.49	0.247	0.169	0.0509
38	0.49	0.247	0.169	0.0509
39	0.489	0.246	0.169	0.0508
40	0.489	0.246	0.169	0.0507
41	0.488	0.246	0.169	0.0507
42	0.488	0.246	0.169	0.0505
43	0.488	0.246	0.169	0.0507
44	0.487	0.246	0.169	0.0507
45	0.486	0.245	0.169	0.0507
46	0.486	0.245	0.169	0.0506
47	0.485	0.245	0.169	0.0507
48	0.485	0.245	0.169	0.0506
49	0.485	0.244	0.169	0.0504
50	0.485	0.244	0.169	0.0505
51	0.483	0.244	0.169	0.0503
52	0.483	0.244	0.169	0.0503
53	0.482	0.244	0.169	0.0504
54	0.482	0.244	0.169	0.0503
55	0.481	0.244	0.169	0.0504
56	0.481	0.244	0.168	0.0504
57	0.48	0.244	0.168	0.0504
58	0.48	0.243	0.168	0.0504
59	0.479	0.243	0.169	0.0502
60	0.478	0.243	0.169	0.0502
61	0.478	0.243	0.169	0.0502
62	0.477	0.243	0.169	0.0502
63	0.476	0.243	0.169	0.0502
64	0.475	0.243	0.169	0.0501
65	0.475	0.243	0.168	0.0502
66	0.475	0.242	0.169	0.05
67	0.474	0.242	0.168	0.05
68	0.474	0.242	0.168	0.05
69	0.473	0.242	0.168	0.05
70	0.472	0.242	0.168	0.0501
71	0.472	0.242	0.168	0.0501
72	0.472	0.242	0.168	0.0501
73	0.471	0.242	0.168	0.05
74	0.47	0.242	0.168	0.0501
75	0.47	0.242	0.168	0.0499
76	0.469	0.242	0.168	0.05
77	0.469	0.241	0.168	0.0499
78	0.468	0.241	0.168	0.0499
79	0.468	0.241	0.168	0.0499
80	0.467	0.241	0.168	0.0499
81	0.467	0.241	0.168	0.0499
82	0.466	0.241	0.168	0.0498
83	0.466	0.241	0.168	0.0498
84	0.465	0.24	0.168	0.0497
85	0.465	0.24	0.168	0.0497
86	0.464	0.24	0.168	0.0497
87	0.463	0.24	0.168	0.0497
88	0.462	0.24	0.168	0.0498
89	0.462	0.24	0.168	0.0497
90	0.462	0.239	0.168	0.0496
91	0.461	0.239	0.168	0.0496
92	0.461	0.239	0.168	0.0496
93	0.461	0.239	0.168	0.0496
94	0.46	0.239	0.168	0.0497
95	0.459	0.239	0.168	0.0496
96	0.459	0.239	0.168	0.0497
97	0.458	0.239	0.168	0.0497
98	0.458	0.239	0.168	0.0497
99	0.457	0.238	0.168	0.0496
100	0.457	0.239	0.168	0.0497
101	0.456	0.238	0.168	0.0497
102	0.456	0.239	0.168	0.0498
103	0.455	0.238	0.168	0.0498
104	0.454	0.239	0.167	0.0498
105	0.454	0.239	0.167	0.0499
106	0.453	0.238	0.167	0.0498
107	0.453	0.238	0.167	0.0498
108	0.453	0.238	0.167	0.0499
109	0.452	0.238	0.167	0.0498
110	0.452	0.238	0.167	0.0497
111	0.451	0.238	0.167	0.0497
112	0.451	0.237	0.167	0.0497
113	0.45	0.237	0.167	0.0497
114	0.449	0.237	0.167	0.0497
115	0.449	0.237	0.167	0.0496
116	0.449	0.237	0.167	0.0496
117	0.448	0.237	0.167	0.0498
118	0.448	0.237	0.167	0.0498
119	0.447	0.237	0.167	0.0497
120	0.447	0.237	0.167	0.0497
121	0.447	0.236	0.167	0.0496
122	0.446	0.237	0.167	0.0497
123	0.446	0.237	0.167	0.0497
124	0.445	0.237	0.167	0.0498
125	0.445	0.236	0.167	0.0497
126	0.445	0.236	0.167	0.0497
127	0.444	0.236	0.167	0.0498
128	0.444	0.236	0.167	0.0498
129	0.443	0.236	0.167	0.0499
130	0.443	0.236	0.167	0.0499
131	0.442	0.236	0.167	0.0498
132	0.441	0.236	0.167	0.05
133	0.44	0.237	0.166	0.05
134	0.44	0.236	0.166	0.0499
135	0.44	0.237	0.167	0.0499
136	0.439	0.236	0.166	0.0499
137	0.439	0.236	0.166	0.0499
138	0.438	0.236	0.166	0.0501
139	0.438	0.236	0.166	0.05
140	0.438	0.236	0.166	0.05
141	0.437	0.236	0.166	0.05
142	0.437	0.236	0.166	0.0499
143	0.436	0.236	0.166	0.05
144	0.435	0.236	0.166	0.05
145	0.435	0.235	0.166	0.0499
146	0.434	0.236	0.166	0.0499
147	0.435	0.236	0.166	0.05
148	0.434	0.235	0.166	0.05
149	0.433	0.235	0.166	0.0498
150	0.433	0.235	0.166	0.0499
151	0.432	0.235	0.166	0.0499
152	0.432	0.235	0.166	0.0499
153	0.431	0.235	0.166	0.0499
154	0.431	0.235	0.166	0.0498
155	0.43	0.235	0.166	0.0498
156	0.43	0.235	0.166	0.0499
157	0.429	0.235	0.166	0.05
158	0.429	0.234	0.166	0.0499
159	0.429	0.235	0.166	0.0501
160	0.429	0.234	0.166	0.0499
161	0.427	0.235	0.166	0.0499
162	0.427	0.234	0.166	0.0499
163	0.427	0.234	0.166	0.0499
164	0.426	0.234	0.165	0.0499
165	0.426	0.234	0.165	0.0499
166	0.425	0.234	0.165	0.0498
167	0.425	0.234	0.165	0.0498
168	0.425	0.234	0.165	0.0499
169	0.424	0.234	0.165	0.0499
170	0.423	0.235	0.165	0.05
171	0.423	0.234	0.165	0.05
172	0.422	0.234	0.165	0.05
173	0.422	0.234	0.165	0.05
174	0.422	0.234	0.165	0.05
175	0.421	0.234	0.165	0.05
176	0.421	0.234	0.165	0.05
177	0.42	0.234	0.165	0.05
178	0.42	0.234	0.165	0.05
179	0.42	0.234	0.165	0.05
180	0.42	0.234	0.164	0.0501
181	0.419	0.234	0.164	0.0501
182	0.419	0.234	0.164	0.0502
183	0.419	0.234	0.164	0.0502
184	0.419	0.234	0.164	0.0502
185	0.418	0.234	0.164	0.0501
186	0.418	0.234	0.164	0.0501
187	0.417	0.234	0.164	0.0501
188	0.417	0.233	0.164	0.0501
189	0.416	0.234	0.164	0.0502
190	0.416	0.233	0.164	0.0502
191	0.416	0.233	0.164	0.0501
192	0.415	0.233	0.164	0.0502
193	0.415	0.234	0.164	0.0502
194	0.415	0.234	0.164	0.0503
195	0.414	0.234	0.164	0.0502
196	0.414	0.233	0.164	0.0502
197	0.413	0.233	0.164	0.0502
198	0.413	0.233	0.164	0.0502
199	0.413	0.233	0.164	0.0501
200	0.413	0.233	0.163	0.0501
201	0.412	0.233	0.163	0.0502
202	0.412	0.233	0.163	0.0502
203	0.411	0.233	0.163	0.0501
204	0.411	0.233	0.163	0.0502
205	0.411	0.233	0.163	0.0501
206	0.41	0.233	0.163	0.0501
207	0.41	0.233	0.163	0.0503
208	0.41	0.233	0.163	0.0502
209	0.41	0.233	0.163	0.0502
210	0.409	0.233	0.163	0.0503
211	0.409	0.233	0.163	0.0502
212	0.408	0.232	0.163	0.0502
213	0.408	0.232	0.163	0.0503
214	0.408	0.232	0.163	0.0503
215	0.408	0.232	0.163	0.0502
216	0.407	0.233	0.163	0.0503
217	0.407	0.233	0.163	0.0503
218	0.407	0.232	0.163	0.0503
219	0.406	0.232	0.163	0.0504
220	0.406	0.232	0.163	0.0503
221	0.405	0.232	0.162	0.0503
222	0.405	0.232	0.162	0.0504
223	0.405	0.232	0.162	0.0503
224	0.404	0.231	0.162	0.0503
225	0.404	0.232	0.162	0.0504
226	0.404	0.232	0.162	0.0504
227	0.403	0.232	0.162	0.0504
228	0.402	0.232	0.162	0.0505
229	0.403	0.232	0.162	0.0505
230	0.402	0.232	0.162	0.0505
231	0.401	0.232	0.162	0.0505
232	0.402	0.232	0.162	0.0505
233	0.401	0.232	0.162	0.0505
234	0.4	0.232	0.162	0.0506
235	0.401	0.232	0.162	0.0505
236	0.401	0.232	0.162	0.0505
237	0.4	0.232	0.162	0.0506
238	0.399	0.231	0.162	0.0505
239	0.399	0.231	0.162	0.0505
240	0.399	0.231	0.162	0.0506
241	0.399	0.231	0.162	0.0505
242	0.398	0.231	0.161	0.0506
243	0.398	0.231	0.161	0.0507
244	0.398	0.231	0.162	0.0506
245	0.397	0.231	0.161	0.0505
246	0.397	0.231	0.161	0.0506
247	0.397	0.23	0.162	0.0505
248	0.396	0.23	0.161	0.0506
249	0.396	0.231	0.161	0.0506
250	0.396	0.231	0.161	0.0506
251	0.395	0.231	0.161	0.0506
252	0.395	0.231	0.161	0.0507
253	0.395	0.231	0.161	0.0507
254	0.395	0.231	0.161	0.0507
255	0.394	0.23	0.161	0.0505
256	0.394	0.23	0.161	0.0506
257	0.393	0.23	0.161	0.0506
258	0.393	0.23	0.161	0.0507
259	0.393	0.23	0.161	0.0506
260	0.393	0.23	0.161	0.0507
261	0.392	0.23	0.161	0.0507
262	0.392	0.23	0.161	0.0507
263	0.392	0.23	0.161	0.0507
264	0.392	0.23	0.16	0.0508
265	0.392	0.23	0.161	0.0508
266	0.391	0.23	0.16	0.0508
267	0.391	0.23	0.16	0.0509
268	0.391	0.23	0.16	0.0509
269	0.39	0.23	0.16	0.0509
270	0.39	0.23	0.16	0.0511
271	0.39	0.23	0.16	0.051
272	0.389	0.23	0.16	0.0509
273	0.389	0.23	0.16	0.051
274	0.389	0.229	0.16	0.0509
275	0.388	0.229	0.16	0.0509
276	0.388	0.229	0.16	0.0509
277	0.388	0.229	0.16	0.0507
278	0.387	0.229	0.16	0.0508
279	0.387	0.229	0.16	0.0508
280	0.387	0.229	0.16	0.0508
281	0.386	0.229	0.16	0.0509
282	0.386	0.229	0.16	0.051
283	0.386	0.229	0.16	0.0509
284	0.385	0.229	0.16	0.0509
285	0.385	0.229	0.16	0.051
286	0.385	0.228	0.16	0.0509
287	0.385	0.229	0.16	0.051
288	0.384	0.229	0.16	0.051
289	0.384	0.228	0.16	0.0509
290	0.384	0.229	0.159	0.0511
291	0.384	0.229	0.159	0.0511
292	0.384	0.228	0.159	0.051
293	0.383	0.228	0.159	0.051
294	0.383	0.228	0.159	0.051
295	0.383	0.228	0.159	0.051
296	0.382	0.228	0.159	0.051
297	0.382	0.228	0.159	0.051
298	0.382	0.228	0.159	0.0509
299	0.381	0.228	0.159	0.0509
300	0.381	0.228	0.159	0.0511
301	0.381	0.228	0.159	0.0511
302	0.38	0.228	0.159	0.0512
303	0.38	0.228	0.159	0.0511
304	0.38	0.227	0.159	0.051
305	0.38	0.227	0.159	0.0511
306	0.379	0.227	0.159	0.0512
307	0.379	0.227	0.159	0.0512
308	0.379	0.227	0.159	0.0512
309	0.378	0.227	0.159	0.0512
310	0.378	0.227	0.159	0.0511
311	0.378	0.227	0.159	0.0512
312	0.378	0.227	0.159	0.0511
313	0.378	0.227	0.159	0.0512
314	0.377	0.227	0.159	0.0512
315	0.377	0.227	0.158	0.0512
316	0.377	0.227	0.158	0.0512
317	0.377	0.227	0.158	0.0512
318	0.376	0.227	0.158	0.0513
319	0.376	0.227	0.158	0.0513
320	0.376	0.227	0.158	0.0514
321	0.376	0.227	0.158	0.0514
322	0.376	0.227	0.158	0.0514
323	0.376	0.227	0.158	0.0514
324	0.375	0.227	0.158	0.0513
325	0.375	0.227	0.158	0.0514
326	0.375	0.227	0.158	0.0514
327	0.375	0.227	0.158	0.0515
328	0.375	0.227	0.158	0.0514
329	0.374	0.226	0.158	0.0514
330	0.374	0.227	0.158	0.0514
331	0.374	0.226	0.158	0.0513
332	0.373	0.226	0.158	0.0514
333	0.373	0.226	0.158	0.0513
334	0.373	0.226	0.158	0.0514
335	0.373	0.226	0.158	0.0514
336	0.372	0.226	0.158	0.0514
337	0.372	0.226	0.157	0.0514
338	0.372	0.226	0.158	0.0514
339	0.372	0.227	0.157	0.0515
340	0.372	0.226	0.157	0.0515
341	0.372	0.227	0.157	0.0515
342	0.372	0.226	0.157	0.0514
343	0.372	0.226	0.157	0.0515
344	0.371	0.227	0.157	0.0516
345	0.371	0.226	0.157	0.0515
346	0.371	0.226	0.157	0.0515
347	0.37	0.226	0.157	0.0515
348	0.37	0.226	0.157	0.0516
349	0.37	0.226	0.157	0.0515
350	0.369	0.226	0.157	0.0516
351	0.369	0.226	0.157	0.0516
352	0.369	0.225	0.157	0.0516
353	0.368	0.226	0.157	0.0517
354	0.368	0.225	0.157	0.0516
355	0.368	0.225	0.157	0.0517
356	0.368	0.226	0.157	0.0517
357	0.368	0.225	0.157	0.0517
358	0.368	0.226	0.157	0.0517
359	0.367	0.225	0.157	0.0517
360	0.367	0.225	0.157	0.0517
361	0.367	0.225	0.157	0.0516
362	0.367	0.226	0.157	0.0517
363	0.367	0.226	0.156	0.0518
364	0.366	0.226	0.156	0.0517
365	0.367	0.226	0.156	0.0517
366	0.366	0.226	0.156	0.0518
367	0.366	0.226	0.156	0.0518
368	0.365	0.225	0.156	0.0518
369	0.365	0.225	0.156	0.0518
370	0.365	0.226	0.156	0.0518
371	0.365	0.225	0.156	0.0518
372	0.365	0.225	0.156	0.0517
373	0.365	0.225	0.156	0.0517
374	0.364	0.225	0.156	0.0518
375	0.364	0.225	0.156	0.0518
376	0.364	0.225	0.156	0.0519
377	0.364	0.225	0.156	0.0519
378	0.363	0.225	0.156	0.0519
379	0.363	0.225	0.156	0.0519
380	0.363	0.225	0.156	0.052
381	0.363	0.225	0.156	0.052
382	0.362	0.225	0.156	0.052
383	0.362	0.225	0.156	0.0519
384	0.362	0.225	0.156	0.0519
385	0.362	0.225	0.156	0.052
386	0.361	0.225	0.155	0.052
387	0.361	0.225	0.155	0.052
388	0.361	0.225	0.155	0.052
389	0.361	0.224	0.155	0.052
390	0.361	0.224	0.155	0.052
391	0.36	0.224	0.155	0.052
392	0.36	0.224	0.155	0.052
393	0.36	0.224	0.155	0.052
394	0.36	0.224	0.155	0.052
395	0.36	0.224	0.155	0.052
396	0.359	0.224	0.155	0.0521
397	0.359	0.224	0.155	0.052
398	0.359	0.224	0.155	0.0521
399	0.359	0.224	0.155	0.0521
400	0.359	0.224	0.155	0.052
401	0.358	0.224	0.155	0.0521
402	0.358	0.224	0.155	0.0521
403	0.358	0.224	0.155	0.0522
404	0.358	0.224	0.155	0.0521
405	0.358	0.224	0.155	0.0522
406	0.357	0.224	0.155	0.0522
407	0.357	0.223	0.155	0.0522
408	0.357	0.223	0.155	0.0521
409	0.357	0.223	0.155	0.0521
410	0.357	0.223	0.155	0.052
411	0.356	0.223	0.155	0.0521
412	0.356	0.223	0.155	0.0521
413	0.356	0.223	0.155	0.0522
414	0.356	0.223	0.154	0.0522
415	0.355	0.223	0.155	0.0522
416	0.355	0.223	0.155	0.0521
417	0.355	0.223	0.155	0.0521
418	0.355	0.223	0.154	0.0522
419	0.355	0.223	0.154	0.0522
420	0.355	0.223	0.154	0.0522
421	0.354	0.223	0.154	0.0523
422	0.354	0.223	0.154	0.0522
423	0.354	0.223	0.154	0.0523
424	0.354	0.223	0.154	0.0522
425	0.354	0.223	0.154	0.0523
426	0.353	0.223	0.154	0.0523
427	0.354	0.223	0.154	0.0523
428	0.353	0.223	0.154	0.0522
429	0.353	0.223	0.154	0.0523
430	0.353	0.223	0.154	0.0523
431	0.352	0.222	0.154	0.0523
432	0.353	0.222	0.154	0.0522
433	0.352	0.222	0.154	0.0523
434	0.352	0.222	0.154	0.0523
435	0.352	0.222	0.154	0.0523
436	0.352	0.222	0.154	0.0523
437	0.352	0.222	0.154	0.0522
438	0.351	0.222	0.154	0.0522
439	0.351	0.222	0.154	0.0524
440	0.351	0.222	0.154	0.0523
441	0.351	0.222	0.154	0.0524
442	0.351	0.222	0.154	0.0525
443	0.351	0.222	0.154	0.0524
444	0.351	0.222	0.154	0.0524
445	0.35	0.222	0.153	0.0525
446	0.35	0.222	0.153	0.0524
447	0.35	0.222	0.153	0.0524
448	0.35	0.222	0.153	0.0524
449	0.35	0.222	0.153	0.0524
450	0.349	0.222	0.153	0.0525
451	0.349	0.222	0.153	0.0525
452	0.349	0.221	0.153	0.0524
453	0.349	0.221	0.153	0.0524
454	0.349	0.221	0.153	0.0524
455	0.349	0.221	0.153	0.0523
456	0.348	0.221	0.153	0.0524
457	0.348	0.221	0.153	0.0525
458	0.348	0.221	0.153	0.0524
459	0.348	0.221	0.153	0.0525
460	0.348	0.221	0.153	0.0524
461	0.347	0.221	0.153	0.0524
462	0.347	0.221	0.153	0.0525
463	0.347	0.221	0.153	0.0525
464	0.347	0.22	0.153	0.0525
465	0.347	0.221	0.153	0.0525
466	0.347	0.221	0.153	0.0525
467	0.347	0.22	0.153	0.0524
468	0.346	0.22	0.153	0.0525
469	0.346	0.22	0.153	0.0526
470	0.346	0.22	0.153	0.0525
471	0.346	0.22	0.153	0.0525
472	0.345	0.22	0.153	0.0525
473	0.345	0.22	0.153	0.0526
474	0.345	0.22	0.153	0.0526
475	0.345	0.22	0.152	0.0526
476	0.345	0.22	0.153	0.0525
477	0.345	0.22	0.152	0.0525
478	0.345	0.22	0.152	0.0525
479	0.345	0.22	0.152	0.0525
480	0.344	0.22	0.152	0.0527
481	0.345	0.22	0.152	0.0527
482	0.344	0.22	0.152	0.0526
483	0.344	0.22	0.152	0.0527
484	0.343	0.22	0.152	0.0527
485	0.343	0.22	0.152	0.0526
486	0.343	0.22	0.152	0.0526
487	0.343	0.22	0.152	0.0527
488	0.343	0.22	0.152	0.0527
489	0.343	0.22	0.152	0.0526
490	0.343	0.219	0.152	0.0526
491	0.343	0.22	0.152	0.0526
492	0.342	0.22	0.152	0.0527
493	0.343	0.22	0.152	0.0528
494	0.342	0.22	0.152	0.0527
495	0.342	0.22	0.152	0.0527
496	0.342	0.22	0.152	0.0528
497	0.341	0.22	0.152	0.0528
498	0.341	0.219	0.152	0.0528
499	0.341	0.219	0.152	0.0528
500	0.341	0.219	0.152	0.0528
501	0.341	0.219	0.152	0.0528
502	0.34	0.219	0.152	0.0529
503	0.341	0.219	0.152	0.0528
504	0.34	0.219	0.152	0.0528
505	0.341	0.219	0.152	0.0528
506	0.34	0.219	0.152	0.0528
507	0.34	0.219	0.151	0.0529
508	0.34	0.219	0.152	0.0528
509	0.34	0.219	0.151	0.0529
510	0.34	0.219	0.151	0.0528
511	0.34	0.219	0.151	0.0529
512	0.339	0.219	0.151	0.0529
513	0.339	0.219	0.151	0.0528
514	0.339	0.219	0.151	0.0529
515	0.339	0.218	0.151	0.0529
516	0.339	0.219	0.151	0.0529
517	0.338	0.219	0.151	0.0529
518	0.338	0.218	0.151	0.0529
519	0.338	0.218	0.151	0.0529
520	0.338	0.218	0.151	0.053
521	0.338	0.218	0.151	0.053
522	0.338	0.218	0.151	0.053
523	0.338	0.218	0.151	0.053
524	0.337	0.218	0.151	0.053
525	0.337	0.219	0.151	0.0531
526	0.337	0.219	0.151	0.0531
527	0.337	0.218	0.151	0.053
528	0.337	0.218	0.151	0.053
529	0.337	0.218	0.151	0.0531
530	0.336	0.218	0.151	0.053
531	0.337	0.218	0.151	0.053
532	0.337	0.218	0.151	0.053
533	0.336	0.218	0.151	0.0531
534	0.336	0.218	0.151	0.0531
535	0.336	0.218	0.151	0.0531
536	0.336	0.218	0.151	0.053
537	0.336	0.218	0.151	0.0531
538	0.336	0.218	0.151	0.0531
539	0.336	0.218	0.151	0.053
540	0.335	0.218	0.151	0.0531
541	0.335	0.218	0.151	0.0531
542	0.335	0.218	0.15	0.053
543	0.335	0.218	0.15	0.053
544	0.335	0.218	0.15	0.0531
545	0.334	0.218	0.15	0.0531
546	0.334	0.218	0.15	0.0531
547	0.334	0.218	0.15	0.0531
548	0.334	0.218	0.15	0.0531
549	0.334	0.218	0.15	0.0531
550	0.334	0.217	0.15	0.0531
551	0.333	0.217	0.15	0.0531
552	0.333	0.217	0.15	0.0531
553	0.333	0.218	0.15	0.0531
554	0.333	0.218	0.15	0.0532
555	0.333	0.218	0.15	0.0532
556	0.333	0.218	0.15	0.0532
557	0.333	0.218	0.15	0.0532
558	0.333	0.218	0.15	0.0532
559	0.333	0.218	0.15	0.0532
560	0.332	0.217	0.15	0.0532
561	0.332	0.217	0.15	0.0532
562	0.333	0.217	0.15	0.0532
563	0.332	0.217	0.15	0.0533
564	0.332	0.217	0.15	0.0532
565	0.332	0.217	0.15	0.0532
566	0.332	0.217	0.15	0.0533
567	0.331	0.217	0.15	0.0533
568	0.331	0.217	0.15	0.0532
569	0.331	0.217	0.15	0.0532
570	0.331	0.217	0.15	0.0533
571	0.331	0.217	0.15	0.0532
572	0.331	0.217	0.15	0.0532
573	0.33	0.217	0.149	0.0533
574	0.331	0.217	0.15	0.0532
575	0.33	0.216	0.15	0.0532
576	0.33	0.217	0.149	0.0532
577	0.331	0.216	0.149	0.0532
578	0.33	0.216	0.149	0.0532
579	0.33	0.216	0.149	0.0533
580	0.33	0.216	0.149	0.0532
581	0.33	0.216	0.149	0.0532
582	0.329	0.216	0.149	0.0532
583	0.33	0.216	0.149	0.0532
584	0.33	0.216	0.149	0.0533
585	0.329	0.216	0.149	0.0533
586	0.329	0.216	0.149	0.0533
587	0.329	0.216	0.149	0.0532
588	0.328	0.216	0.149	0.0533
589	0.329	0.216	0.149	0.0532
590	0.328	0.216	0.149	0.0533
591	0.328	0.216	0.149	0.0533
592	0.328	0.216	0.149	0.0533
593	0.328	0.216	0.149	0.0532
594	0.328	0.216	0.149	0.0533
595	0.328	0.216	0.149	0.0532
596	0.328	0.216	0.149	0.0532
597	0.327	0.215	0.149	0.0532
598	0.328	0.215	0.149	0.0531
599	0.327	0.215	0.149	0.0532
600	0.327	0.216	0.149	0.0533
601	0.327	0.215	0.149	0.0532
602	0.327	0.215	0.149	0.0532
603	0.327	0.215	0.149	0.0533
604	0.327	0.216	0.149	0.0533
605	0.327	0.216	0.148	0.0533
606	0.327	0.216	0.149	0.0534
607	0.327	0.215	0.149	0.0532
608	0.326	0.215	0.149	0.0532
609	0.326	0.215	0.149	0.0533
610	0.326	0.215	0.149	0.0532
611	0.326	0.215	0.148	0.0532
612	0.326	0.215	0.148	0.0533
613	0.326	0.215	0.149	0.0533
614	0.325	0.215	0.149	0.0533
615	0.325	0.215	0.148	0.0533
616	0.325	0.215	0.148	0.0533
617	0.325	0.215	0.148	0.0533
618	0.325	0.215	0.148	0.0533
619	0.325	0.215	0.148	0.0533
620	0.325	0.215	0.148	0.0533
621	0.324	0.215	0.148	0.0534
622	0.324	0.215	0.148	0.0534
623	0.324	0.215	0.148	0.0534
624	0.324	0.215	0.148	0.0534
625	0.324	0.215	0.148	0.0533
626	0.324	0.215	0.148	0.0534
627	0.324	0.215	0.148	0.0535
628	0.324	0.215	0.148	0.0534
629	0.323	0.215	0.148	0.0534
630	0.323	0.215	0.148	0.0534
631	0.323	0.214	0.148	0.0534
632	0.323	0.215	0.148	0.0535
633	0.323	0.215	0.148	0.0535
634	0.323	0.215	0.148	0.0535
635	0.322	0.214	0.148	0.0534
636	0.322	0.214	0.148	0.0534
637	0.322	0.214	0.148	0.0534
638	0.322	0.214	0.148	0.0535
639	0.322	0.214	0.148	0.0534
640	0.322	0.214	0.148	0.0535
641	0.322	0.214	0.148	0.0535
642	0.322	0.214	0.147	0.0536
643	0.322	0.214	0.148	0.0535
644	0.322	0.214	0.147	0.0535
645	0.322	0.214	0.147	0.0534
646	0.322	0.214	0.148	0.0534
647	0.321	0.214	0.147	0.0535
648	0.321	0.214	0.147	0.0536
649	0.321	0.214	0.147	0.0535
650	0.321	0.214	0.147	0.0535
651	0.321	0.214	0.147	0.0535
652	0.321	0.214	0.147	0.0535
653	0.321	0.214	0.147	0.0535
654	0.321	0.214	0.147	0.0536
655	0.321	0.214	0.147	0.0535
656	0.32	0.214	0.147	0.0535
657	0.32	0.214	0.147	0.0535
658	0.32	0.214	0.147	0.0536
659	0.32	0.214	0.147	0.0535
660	0.32	0.214	0.147	0.0535
661	0.32	0.214	0.147	0.0535
662	0.32	0.214	0.147	0.0536
663	0.319	0.214	0.147	0.0536
664	0.32	0.214	0.147	0.0535
665	0.319	0.214	0.147	0.0537
666	0.319	0.214	0.147	0.0537
667	0.319	0.213	0.147	0.0536
668	0.319	0.214	0.147	0.0536
669	0.319	0.214	0.147	0.0536
670	0.319	0.213	0.147	0.0536
671	0.319	0.213	0.147	0.0536
672	0.318	0.213	0.147	0.0536
673	0.318	0.213	0.147	0.0536
674	0.318	0.213	0.147	0.0536
675	0.318	0.213	0.147	0.0536
676	0.318	0.213	0.147	0.0535
677	0.318	0.213	0.147	0.0535
678	0.318	0.213	0.147	0.0536
679	0.318	0.213	0.147	0.0535
680	0.317	0.213	0.147	0.0536
681	0.317	0.213	0.147	0.0535
682	0.317	0.213	0.147	0.0536
683	0.317	0.213	0.147	0.0535
684	0.317	0.213	0.147	0.0536
685	0.317	0.213	0.147	0.0536
686	0.317	0.213	0.146	0.0536
687	0.317	0.213	0.146	0.0536
688	0.316	0.213	0.146	0.0536
689	0.316	0.212	0.146	0.0536
690	0.316	0.212	0.146	0.0535
691	0.316	0.212	0.146	0.0536
692	0.316	0.212	0.146	0.0536
693	0.316	0.212	0.146	0.0536
694	0.316	0.212	0.146	0.0535
695	0.316	0.212	0.146	0.0537
696	0.316	0.212	0.146	0.0536
697	0.316	0.212	0.146	0.0536
698	0.315	0.212	0.146	0.0536
699	0.315	0.212	0.146	0.0536
700	0.315	0.212	0.146	0.0536
701	0.315	0.212	0.146	0.0536
702	0.315	0.212	0.146	0.0536
703	0.315	0.212	0.146	0.0536
704	0.315	0.212	0.146	0.0536
705	0.315	0.212	0.146	0.0536
706	0.315	0.212	0.146	0.0536
707	0.315	0.212	0.146	0.0535
708	0.314	0.212	0.146	0.0536
709	0.314	0.212	0.146	0.0537
710	0.314	0.212	0.146	0.0536
711	0.314	0.212	0.146	0.0537
712	0.313	0.212	0.146	0.0537
713	0.314	0.212	0.146	0.0537
714	0.313	0.212	0.146	0.0537
715	0.314	0.211	0.146	0.0536
716	0.313	0.212	0.146	0.0537
717	0.314	0.212	0.146	0.0536
718	0.313	0.212	0.146	0.0537
719	0.313	0.212	0.146	0.0537
720	0.313	0.212	0.146	0.0537
721	0.313	0.212	0.146	0.0537
722	0.313	0.212	0.146	0.0537
723	0.313	0.212	0.146	0.0536
724	0.313	0.212	0.145	0.0536
725	0.313	0.211	0.145	0.0536
726	0.313	0.211	0.145	0.0536
727	0.313	0.211	0.145	0.0536
728	0.313	0.211	0.145	0.0536
729	0.312	0.212	0.145	0.0537
730	0.313	0.211	0.145	0.0536
731	0.312	0.211	0.145	0.0537
732	0.312	0.211	0.145	0.0536
733	0.312	0.211	0.145	0.0536
734	0.312	0.211	0.145	0.0537
735	0.312	0.211	0.145	0.0537
736	0.312	0.211	0.145	0.0537
737	0.311	0.211	0.145	0.0538
738	0.311	0.211	0.145	0.0537
739	0.311	0.211	0.145	0.0537
740	0.311	0.211	0.145	0.0537
741	0.311	0.211	0.145	0.0537
742	0.311	0.211	0.145	0.0537
743	0.311	0.211	0.145	0.0537
744	0.311	0.211	0.145	0.0537
745	0.311	0.211	0.145	0.0537
746	0.311	0.211	0.145	0.0536
747	0.311	0.211	0.145	0.0536
748	0.31	0.211	0.145	0.0536
749	0.31	0.211	0.145	0.0537
750	0.31	0.211	0.145	0.0537
751	0.31	0.211	0.145	0.0537
752	0.31	0.211	0.145	0.0538
753	0.31	0.211	0.145	0.0538
754	0.31	0.211	0.145	0.0537
755	0.31	0.211	0.145	0.0538
756	0.31	0.211	0.145	0.0538
757	0.309	0.211	0.145	0.0537
758	0.309	0.211	0.145	0.0537
759	0.309	0.211	0.145	0.0538
760	0.309	0.211	0.145	0.0538
761	0.309	0.211	0.145	0.0538
762	0.309	0.211	0.145	0.0538
763	0.309	0.21	0.145	0.0537
764	0.309	0.21	0.145	0.0537
765	0.309	0.211	0.144	0.0538
766	0.309	0.21	0.144	0.0537
767	0.309	0.21	0.144	0.0538
768	0.309	0.21	0.145	0.0537
769	0.308	0.21	0.144	0.0537
770	0.308	0.21	0.144	0.0537
771	0.308	0.21	0.144	0.0537
772	0.308	0.21	0.144	0.0537
773	0.308	0.21	0.144	0.0537
774	0.308	0.21	0.144	0.0537
775	0.308	0.21	0.144	0.0537
776	0.308	0.21	0.144	0.0537
777	0.308	0.21	0.144	0.0537
778	0.308	0.21	0.144	0.0537
779	0.307	0.21	0.144	0.0538
780	0.307	0.21	0.144	0.0537
781	0.307	0.21	0.144	0.0538
782	0.307	0.21	0.144	0.0537
783	0.307	0.21	0.144	0.0537
784	0.307	0.21	0.144	0.0537
785	0.307	0.21	0.144	0.0537
786	0.307	0.21	0.144	0.0537
787	0.307	0.21	0.144	0.0538
788	0.307	0.21	0.144	0.0537
789	0.307	0.21	0.144	0.0537
790	0.307	0.21	0.144	0.0537
791	0.306	0.21	0.144	0.0538
792	0.306	0.21	0.144	0.0538
793	0.306	0.21	0.144	0.0537
794	0.306	0.21	0.144	0.0537
795	0.306	0.209	0.144	0.0537
796	0.306	0.21	0.144	0.0537
797	0.306	0.21	0.144	0.0537
798	0.306	0.21	0.144	0.0537
799	0.306	0.209	0.144	0.0537
800	0.306	0.209	0.144	0.0537
801	0.306	0.209	0.144	0.0537
802	0.306	0.209	0.144	0.0537
803	0.305	0.209	0.144	0.0537
804	0.305	0.209	0.144	0.0537
805	0.305	0.209	0.144	0.0537
806	0.305	0.209	0.144	0.0538
807	0.305	0.209	0.144	0.0537
808	0.305	0.209	0.144	0.0537
809	0.305	0.209	0.143	0.0537
810	0.305	0.209	0.144	0.0537
811	0.305	0.209	0.144	0.0537
812	0.305	0.209	0.143	0.0537
813	0.305	0.209	0.143	0.0537
814	0.305	0.209	0.143	0.0537
815	0.305	0.209	0.143	0.0537
816	0.304	0.209	0.143	0.0537
817	0.305	0.209	0.143	0.0537
818	0.304	0.209	0.143	0.0537
819	0.304	0.209	0.143	0.0537
820	0.304	0.209	0.143	0.0537
821	0.304	0.209	0.143	0.0538
822	0.304	0.209	0.143	0.0537
823	0.304	0.209	0.143	0.0537
824	0.304	0.208	0.143	0.0537
825	0.303	0.208	0.143	0.0537
826	0.303	0.209	0.143	0.0537
827	0.303	0.208	0.143	0.0537
828	0.303	0.208	0.143	0.0538
829	0.303	0.208	0.143	0.0538
830	0.303	0.209	0.143	0.0538
831	0.304	0.209	0.143	0.0538
832	0.303	0.209	0.143	0.0538
833	0.303	0.209	0.143	0.0538
834	0.303	0.209	0.143	0.0538
835	0.303	0.208	0.143	0.0538
836	0.303	0.208	0.143	0.0538
837	0.303	0.208	0.143	0.0537
838	0.303	0.209	0.143	0.0538
839	0.302	0.209	0.143	0.0538
840	0.302	0.208	0.143	0.0538
841	0.302	0.208	0.143	0.0538
842	0.302	0.208	0.143	0.0538
843	0.302	0.208	0.143	0.0539
844	0.302	0.208	0.143	0.0538
845	0.302	0.209	0.143	0.0539
846	0.302	0.208	0.143	0.0539
847	0.302	0.208	0.143	0.0538
848	0.302	0.208	0.143	0.0539
849	0.301	0.208	0.143	0.0539
850	0.301	0.208	0.143	0.0538
851	0.301	0.208	0.143	0.0539
852	0.301	0.208	0.143	0.054
853	0.301	0.208	0.142	0.0539
854	0.301	0.208	0.142	0.0539
855	0.301	0.208	0.143	0.0538
856	0.301	0.208	0.142	0.0539
857	0.301	0.208	0.142	0.0539
858	0.301	0.208	0.142	0.0539
859	0.3	0.208	0.142	0.0539
860	0.301	0.208	0.142	0.0538
861	0.301	0.208	0.142	0.0538
862	0.3	0.208	0.142	0.0539
863	0.3	0.208	0.142	0.0538
864	0.3	0.208	0.142	0.0539
865	0.3	0.208	0.142	0.0538
866	0.3	0.208	0.142	0.0539
867	0.3	0.208	0.142	0.0539
868	0.3	0.208	0.142	0.0538
869	0.3	0.208	0.142	0.0539
870	0.3	0.208	0.142	0.0538
871	0.299	0.208	0.142	0.0538
872	0.299	0.207	0.142	0.0538
873	0.299	0.207	0.142	0.0538
874	0.299	0.207	0.142	0.0538
875	0.299	0.207	0.142	0.0538
876	0.299	0.207	0.142	0.0538
877	0.299	0.207	0.142	0.0538
878	0.299	0.207	0.142	0.0537
879	0.299	0.208	0.142	0.0538
880	0.299	0.207	0.142	0.0538
881	0.299	0.207	0.142	0.0538
882	0.299	0.207	0.142	0.0538
883	0.298	0.207	0.142	0.0538
884	0.298	0.207	0.142	0.0538
885	0.299	0.207	0.142	0.0538
886	0.298	0.208	0.142	0.0539
887	0.299	0.208	0.142	0.0538
888	0.299	0.208	0.142	0.0538
889	0.298	0.208	0.142	0.0538
890	0.298	0.208	0.142	0.0539
891	0.298	0.208	0.142	0.0539
892	0.298	0.207	0.142	0.0538
893	0.298	0.207	0.142	0.0538
894	0.298	0.207	0.142	0.0538
895	0.298	0.207	0.142	0.0538
896	0.298	0.207	0.142	0.0538
897	0.298	0.207	0.142	0.0538
898	0.298	0.207	0.142	0.0538
899	0.297	0.207	0.142	0.0538
900	0.297	0.207	0.142	0.0538
901	0.297	0.207	0.142	0.0538
902	0.297	0.207	0.141	0.0538
903	0.297	0.207	0.142	0.0538
904	0.297	0.207	0.142	0.0538
905	0.297	0.207	0.141	0.0538
906	0.297	0.207	0.141	0.0538
907	0.297	0.207	0.141	0.0538
908	0.297	0.207	0.141	0.0539
909	0.296	0.207	0.141	0.0539
910	0.296	0.207	0.141	0.0538
911	0.296	0.207	0.141	0.0538
912	0.296	0.207	0.141	0.0538
913	0.296	0.206	0.141	0.0538
914	0.296	0.207	0.141	0.0539
915	0.296	0.207	0.141	0.0538
916	0.296	0.207	0.141	0.0538
917	0.296	0.207	0.141	0.0538
918	0.296	0.207	0.141	0.0539
919	0.296	0.207	0.141	0.0538
920	0.296	0.207	0.141	0.0538
921	0.295	0.206	0.141	0.0538
922	0.295	0.206	0.141	0.0538
923	0.295	0.206	0.141	0.0539
924	0.296	0.206	0.141	0.0538
925	0.295	0.206	0.141	0.0538
926	0.295	0.207	0.141	0.0539
927	0.295	0.206	0.141	0.0538
928	0.295	0.206	0.141	0.0537
929	0.295	0.206	0.141	0.0539
930	0.295	0.206	0.141	0.0539
931	0.295	0.206	0.141	0.0539
932	0.295	0.206	0.141	0.0539
933	0.295	0.206	0.141	0.0538
934	0.295	0.206	0.141	0.0538
935	0.295	0.206	0.141	0.0538
936	0.295	0.206	0.141	0.0538
937	0.294	0.206	0.141	0.0538
938	0.294	0.206	0.141	0.0538
939	0.295	0.206	0.141	0.0538
940	0.294	0.206	0.141	0.0538
941	0.294	0.206	0.141	0.0538
942	0.294	0.206	0.141	0.0538
943	0.294	0.206	0.141	0.0537
944	0.294	0.206	0.141	0.0538
945	0.294	0.205	0.141	0.0538
946	0.294	0.205	0.141	0.0538
947	0.293	0.205	0.141	0.0538
948	0.294	0.205	0.141	0.0538
949	0.294	0.205	0.141	0.0538
950	0.293	0.205	0.141	0.0538
951	0.294	0.205	0.141	0.0537
952	0.294	0.205	0.141	0.0538
953	0.294	0.205	0.141	0.0538
954	0.294	0.205	0.141	0.0538
955	0.293	0.205	0.141	0.0538
956	0.293	0.205	0.141	0.0538
957	0.294	0.205	0.141	0.0538
958	0.293	0.205	0.141	0.0538
959	0.293	0.205	0.141	0.0538
960	0.293	0.205	0.141	0.0537
961	0.293	0.205	0.14	0.0538
962	0.292	0.205	0.14	0.0538
963	0.293	0.205	0.14	0.0538
964	0.293	0.205	0.14	0.0538
965	0.292	0.205	0.14	0.0539
966	0.292	0.205	0.14	0.0538
967	0.292	0.205	0.14	0.0539
968	0.292	0.205	0.14	0.0539
969	0.292	0.205	0.14	0.0538
970	0.292	0.205	0.14	0.0538
971	0.292	0.205	0.14	0.0539
972	0.292	0.205	0.14	0.0538
973	0.292	0.205	0.14	0.0538
974	0.292	0.205	0.14	0.0538
975	0.293	0.203	0.141	0.0534
976	0.295	0.203	0.143	0.0531
977	0.295	0.203	0.143	0.0532
978	0.295	0.203	0.142	0.0532
979	0.295	0.203	0.142	0.0532
980	0.295	0.203	0.142	0.0533
981	0.295	0.203	0.142	0.0533
982	0.295	0.203	0.142	0.0533
983	0.295	0.203	0.142	0.0533
984	0.295	0.203	0.142	0.0533
985	0.295	0.203	0.142	0.0533
986	0.294	0.203	0.142	0.0534
987	0.295	0.203	0.142	0.0533
988	0.294	0.203	0.142	0.0534
989	0.294	0.203	0.142	0.0534
990	0.294	0.203	0.142	0.0534
991	0.294	0.203	0.142	0.0534
992	0.294	0.203	0.142	0.0535
993	0.294	0.203	0.142	0.0535
994	0.294	0.203	0.142	0.0534
995	0.294	0.203	0.142	0.0535
996	0.294	0.203	0.142	0.0534
997	0.294	0.203	0.142	0.0535
998	0.294	0.203	0.142	0.0534
999	0.294	0.203	0.142	0.0534
1000	0.294	0.203	0.142	0.0535
1001	0.293	0.203	0.142	0.0535
1002	0.293	0.203	0.142	0.0534
1003	0.293	0.203	0.141	0.0535
1004	0.293	0.203	0.141	0.0535
1005	0.293	0.203	0.142	0.0534
1006	0.293	0.203	0.141	0.0534
1007	0.293	0.203	0.141	0.0535
1008	0.293	0.203	0.142	0.0534
1009	0.293	0.203	0.141	0.0534
1010	0.293	0.203	0.141	0.0534
1011	0.293	0.203	0.141	0.0533
1012	0.293	0.203	0.141	0.0534
1013	0.292	0.203	0.141	0.0534
1014	0.293	0.203	0.141	0.0534
1015	0.292	0.203	0.141	0.0534
1016	0.292	0.203	0.141	0.0535
1017	0.292	0.203	0.141	0.0534
1018	0.292	0.203	0.141	0.0534
1019	0.292	0.203	0.141	0.0534
1020	0.292	0.203	0.141	0.0534
1021	0.292	0.202	0.141	0.0534
1022	0.292	0.203	0.141	0.0535
1023	0.292	0.203	0.141	0.0534
1024	0.292	0.202	0.141	0.0534
1025	0.292	0.202	0.141	0.0535
1026	0.292	0.202	0.141	0.0534
1027	0.291	0.202	0.141	0.0534
1028	0.291	0.203	0.141	0.0535
1029	0.291	0.203	0.141	0.0535
1030	0.291	0.203	0.141	0.0535
1031	0.291	0.203	0.141	0.0535
1032	0.291	0.202	0.141	0.0535
1033	0.291	0.202	0.141	0.0535
1034	0.291	0.202	0.141	0.0536
1035	0.291	0.202	0.141	0.0534
1036	0.291	0.202	0.141	0.0535
1037	0.291	0.202	0.141	0.0535
1038	0.291	0.202	0.141	0.0535
1039	0.29	0.202	0.141	0.0535
1040	0.29	0.202	0.141	0.0535
1041	0.29	0.202	0.141	0.0535
1042	0.29	0.202	0.141	0.0535
1043	0.29	0.202	0.141	0.0535
1044	0.29	0.202	0.141	0.0535
1045	0.29	0.202	0.141	0.0535
1046	0.29	0.202	0.14	0.0535
1047	0.29	0.202	0.14	0.0535
1048	0.29	0.202	0.14	0.0535
1049	0.29	0.202	0.14	0.0535
1050	0.29	0.202	0.14	0.0535
1051	0.29	0.202	0.14	0.0535
1052	0.29	0.202	0.14	0.0535
1053	0.29	0.202	0.14	0.0535
1054	0.29	0.202	0.14	0.0535
1055	0.289	0.202	0.14	0.0535
1056	0.289	0.202	0.14	0.0535
1057	0.289	0.202	0.14	0.0535
1058	0.289	0.202	0.14	0.0535
1059	0.289	0.202	0.14	0.0535
1060	0.289	0.202	0.14	0.0535
1061	0.289	0.202	0.14	0.0535
1062	0.289	0.202	0.14	0.0535
1063	0.289	0.202	0.14	0.0535
1064	0.289	0.202	0.14	0.0535
1065	0.288	0.202	0.14	0.0535
1066	0.289	0.202	0.14	0.0535
1067	0.289	0.202	0.14	0.0535
1068	0.288	0.202	0.14	0.0535
1069	0.288	0.202	0.14	0.0536
1070	0.288	0.202	0.14	0.0534
1071	0.288	0.202	0.14	0.0535
1072	0.288	0.202	0.14	0.0535
1073	0.288	0.202	0.14	0.0535
1074	0.288	0.202	0.14	0.0535
1075	0.288	0.202	0.14	0.0535
1076	0.288	0.202	0.14	0.0535
1077	0.288	0.202	0.14	0.0536
1078	0.288	0.202	0.14	0.0535
1079	0.288	0.202	0.14	0.0536
1080	0.287	0.202	0.14	0.0536
1081	0.288	0.202	0.14	0.0536
1082	0.288	0.202	0.14	0.0536
1083	0.287	0.202	0.14	0.0536
1084	0.287	0.202	0.14	0.0536
1085	0.287	0.202	0.14	0.0536
1086	0.287	0.202	0.14	0.0536
1087	0.287	0.202	0.14	0.0536
1088	0.287	0.202	0.14	0.0536
1089	0.287	0.202	0.14	0.0535
1090	0.287	0.202	0.14	0.0535
1091	0.287	0.201	0.14	0.0535
1092	0.287	0.201	0.14	0.0535
1093	0.287	0.202	0.14	0.0536
1094	0.287	0.201	0.14	0.0535
1095	0.286	0.201	0.139	0.0536
1096	0.287	0.201	0.14	0.0535
1097	0.287	0.201	0.14	0.0536
1098	0.286	0.201	0.139	0.0536
1099	0.287	0.201	0.14	0.0535
1100	0.286	0.201	0.139	0.0535
1101	0.286	0.201	0.139	0.0535
1102	0.286	0.201	0.139	0.0535
1103	0.286	0.201	0.139	0.0535
1104	0.286	0.201	0.139	0.0535
1105	0.286	0.201	0.139	0.0535
1106	0.286	0.201	0.139	0.0535
1107	0.286	0.201	0.139	0.0535
1108	0.286	0.201	0.139	0.0536
1109	0.286	0.201	0.139	0.0535
1110	0.286	0.201	0.139	0.0535
1111	0.285	0.201	0.139	0.0536
1112	0.286	0.201	0.139	0.0536
1113	0.285	0.201	0.139	0.0536
1114	0.286	0.201	0.139	0.0535
1115	0.286	0.201	0.139	0.0535
1116	0.285	0.201	0.139	0.0536
1117	0.285	0.201	0.139	0.0536
1118	0.285	0.201	0.139	0.0535
1119	0.285	0.201	0.139	0.0535
1120	0.285	0.201	0.139	0.0535
1121	0.285	0.201	0.139	0.0535
1122	0.285	0.201	0.139	0.0535
1123	0.285	0.201	0.139	0.0535
1124	0.285	0.201	0.139	0.0536
1125	0.285	0.201	0.139	0.0535
1126	0.285	0.201	0.139	0.0536
1127	0.285	0.201	0.139	0.0535
1128	0.285	0.201	0.139	0.0536
1129	0.285	0.201	0.139	0.0536
1130	0.285	0.201	0.139	0.0536
1131	0.284	0.201	0.139	0.0536
1132	0.285	0.201	0.139	0.0535
1133	0.284	0.201	0.139	0.0536
1134	0.284	0.2	0.139	0.0535
1135	0.284	0.2	0.139	0.0535
1136	0.286	0.199	0.14	0.0531
1137	0.288	0.198	0.141	0.0528
1138	0.288	0.199	0.141	0.0529
1139	0.288	0.199	0.141	0.0529
1140	0.288	0.199	0.141	0.053
1141	0.288	0.199	0.141	0.0529
1142	0.288	0.199	0.141	0.053
1143	0.288	0.199	0.141	0.053
1144	0.288	0.199	0.141	0.053
1145	0.287	0.199	0.141	0.053
1146	0.287	0.199	0.141	0.053
1147	0.287	0.199	0.141	0.053
1148	0.287	0.199	0.141	0.053
1149	0.287	0.199	0.141	0.053
1150	0.287	0.199	0.14	0.0531
1151	0.287	0.199	0.14	0.0531
1152	0.287	0.199	0.14	0.0531
1153	0.287	0.199	0.14	0.0531
1154	0.287	0.199	0.14	0.0531
1155	0.287	0.199	0.14	0.0531
1156	0.287	0.199	0.14	0.0531
1157	0.287	0.199	0.14	0.0531
1158	0.287	0.199	0.14	0.0532
1159	0.287	0.199	0.14	0.0531
1160	0.286	0.199	0.14	0.0531
1161	0.286	0.199	0.14	0.0531
1162	0.286	0.199	0.14	0.0531
1163	0.286	0.199	0.14	0.0532
1164	0.286	0.199	0.14	0.0531
1165	0.286	0.199	0.14	0.0532
1166	0.286	0.199	0.14	0.0531
1167	0.286	0.199	0.14	0.0532
1168	0.286	0.199	0.14	0.0532
1169	0.286	0.199	0.14	0.0531
1170	0.286	0.199	0.14	0.0531
1171	0.286	0.199	0.14	0.0531
1172	0.285	0.199	0.14	0.0532
1173	0.285	0.199	0.14	0.0532
1174	0.286	0.199	0.14	0.0531
1175	0.286	0.199	0.14	0.0531
1176	0.285	0.199	0.14	0.0532
1177	0.285	0.199	0.14	0.0531
1178	0.285	0.199	0.14	0.0532
1179	0.285	0.198	0.14	0.0532
1180	0.285	0.198	0.14	0.0531
1181	0.285	0.199	0.14	0.0532
1182	0.285	0.198	0.14	0.0532
1183	0.285	0.198	0.14	0.0531
1184	0.285	0.198	0.14	0.0532
1185	0.285	0.198	0.14	0.0532
1186	0.285	0.198	0.14	0.0531
1187	0.285	0.198	0.14	0.0532
1188	0.285	0.198	0.14	0.0532
1189	0.285	0.198	0.14	0.0531
1190	0.284	0.198	0.139	0.0532
1191	0.284	0.198	0.14	0.0532
1192	0.284	0.198	0.139	0.0532
1193	0.284	0.198	0.139	0.0532
1194	0.284	0.199	0.139	0.0532
1195	0.284	0.198	0.139	0.0532
1196	0.284	0.199	0.139	0.0532
1197	0.284	0.198	0.139	0.0531
1198	0.284	0.198	0.139	0.0532
1199	0.284	0.198	0.139	0.0532
1200	0.284	0.198	0.139	0.0532
1201	0.284	0.198	0.139	0.0532
1202	0.284	0.198	0.139	0.0532
1203	0.284	0.198	0.139	0.0532
1204	0.284	0.198	0.139	0.0532
1205	0.284	0.198	0.139	0.0533
1206	0.283	0.198	0.139	0.0532
1207	0.284	0.198	0.139	0.0532
1208	0.283	0.198	0.139	0.0532
1209	0.283	0.198	0.139	0.0531
1210	0.283	0.198	0.139	0.0531
1211	0.283	0.198	0.139	0.0531
1212	0.283	0.198	0.139	0.0532
1213	0.283	0.198	0.139	0.0532
1214	0.283	0.198	0.139	0.0532
1215	0.283	0.198	0.139	0.0532
1216	0.283	0.198	0.139	0.0532
1217	0.283	0.198	0.139	0.0533
1218	0.283	0.198	0.139	0.0533
1219	0.283	0.198	0.139	0.0532
1220	0.283	0.198	0.139	0.0532
1221	0.283	0.198	0.139	0.0533
1222	0.283	0.198	0.139	0.0532
1223	0.283	0.198	0.139	0.0532
1224	0.283	0.198	0.139	0.0532
1225	0.283	0.198	0.139	0.0532
1226	0.283	0.198	0.139	0.0532
1227	0.282	0.198	0.139	0.0533
1228	0.282	0.198	0.139	0.0532
1229	0.282	0.198	0.139	0.0533
1230	0.282	0.198	0.139	0.0533
1231	0.282	0.198	0.139	0.0532
1232	0.282	0.198	0.139	0.0532
1233	0.282	0.198	0.139	0.0533
1234	0.282	0.198	0.139	0.0532
1235	0.282	0.198	0.139	0.0532
1236	0.282	0.198	0.139	0.0533
1237	0.282	0.198	0.139	0.0532
1238	0.281	0.198	0.139	0.0532
1239	0.281	0.198	0.138	0.0533
1240	0.281	0.198	0.139	0.0532
1241	0.281	0.198	0.138	0.0532
1242	0.281	0.198	0.138	0.0533
1243	0.281	0.198	0.138	0.0532
1244	0.281	0.198	0.138	0.0532
1245	0.281	0.198	0.139	0.0531
1246	0.281	0.198	0.138	0.0532
1247	0.281	0.198	0.138	0.0532
1248	0.281	0.198	0.138	0.0533
1249	0.281	0.198	0.138	0.0532
1250	0.281	0.198	0.138	0.0533
1251	0.281	0.198	0.138	0.0532
1252	0.281	0.197	0.138	0.0532
1253	0.281	0.197	0.138	0.0532
1254	0.28	0.197	0.138	0.0533
1255	0.281	0.197	0.138	0.0532
1256	0.28	0.197	0.138	0.0533
1257	0.281	0.197	0.138	0.0532
1258	0.281	0.197	0.138	0.0532
1259	0.28	0.197	0.138	0.0532
1260	0.28	0.197	0.138	0.0532
1261	0.28	0.197	0.138	0.0532
1262	0.28	0.197	0.138	0.0532
1263	0.28	0.197	0.138	0.0532
1264	0.28	0.197	0.138	0.0532
1265	0.28	0.197	0.138	0.0533
1266	0.28	0.197	0.138	0.0532
1267	0.28	0.197	0.138	0.0531
1268	0.28	0.197	0.138	0.0532
1269	0.28	0.197	0.138	0.0532
1270	0.28	0.197	0.138	0.0532
1271	0.28	0.197	0.138	0.0532
1272	0.282	0.196	0.139	0.0529
1273	0.283	0.195	0.14	0.0526
1274	0.283	0.195	0.14	0.0526
1275	0.283	0.195	0.14	0.0526
1276	0.283	0.195	0.14	0.0526
1277	0.283	0.196	0.14	0.0527
1278	0.283	0.196	0.14	0.0527
1279	0.283	0.196	0.14	0.0527
1280	0.283	0.196	0.14	0.0528
1281	0.283	0.196	0.14	0.0528
1282	0.283	0.196	0.14	0.0527
1283	0.283	0.196	0.14	0.0528
1284	0.283	0.196	0.14	0.0528
1285	0.283	0.195	0.14	0.0528
1286	0.282	0.196	0.14	0.0528
1287	0.282	0.196	0.14	0.0528
1288	0.282	0.196	0.14	0.0528
1289	0.282	0.196	0.14	0.0529
1290	0.282	0.196	0.139	0.0529
1291	0.282	0.196	0.139	0.0529
1292	0.282	0.196	0.139	0.0529
1293	0.282	0.196	0.139	0.0529
1294	0.282	0.196	0.139	0.0529
1295	0.282	0.196	0.139	0.0529
1296	0.282	0.196	0.139	0.0529
1297	0.282	0.195	0.139	0.0529
1298	0.282	0.195	0.139	0.0529
1299	0.282	0.195	0.139	0.0528
1300	0.282	0.195	0.139	0.0529
1301	0.281	0.196	0.139	0.053
1302	0.281	0.196	0.139	0.0529
1303	0.281	0.196	0.139	0.0529
1304	0.281	0.196	0.139	0.053
1305	0.282	0.195	0.139	0.0529
1306	0.282	0.196	0.139	0.0529
1307	0.281	0.196	0.139	0.0529
1308	0.281	0.195	0.139	0.0529
1309	0.281	0.196	0.139	0.053
1310	0.281	0.196	0.139	0.053
1311	0.281	0.196	0.139	0.053
1312	0.281	0.196	0.139	0.0529
1313	0.281	0.196	0.139	0.053
1314	0.281	0.195	0.139	0.0529
1315	0.281	0.195	0.139	0.0529
1316	0.28	0.196	0.139	0.053
1317	0.281	0.196	0.139	0.0529
1318	0.28	0.196	0.139	0.053
1319	0.28	0.196	0.139	0.053
1320	0.28	0.195	0.139	0.0529
1321	0.281	0.195	0.139	0.0529
1322	0.28	0.196	0.139	0.053
1323	0.28	0.195	0.139	0.053
1324	0.28	0.195	0.139	0.0529
1325	0.28	0.195	0.139	0.053
1326	0.28	0.195	0.139	0.0529
1327	0.28	0.195	0.139	0.0529
1328	0.28	0.195	0.139	0.053
1329	0.28	0.195	0.139	0.0529
1330	0.28	0.195	0.139	0.053
1331	0.28	0.195	0.139	0.053
1332	0.28	0.195	0.139	0.0529
1333	0.28	0.195	0.139	0.0529
1334	0.28	0.195	0.139	0.053
1335	0.28	0.195	0.139	0.053
1336	0.28	0.195	0.138	0.053
1337	0.279	0.195	0.138	0.053
1338	0.28	0.195	0.138	0.053
1339	0.28	0.195	0.138	0.053
1340	0.279	0.195	0.138	0.053
1341	0.28	0.195	0.138	0.053
1342	0.28	0.195	0.138	0.053
1343	0.279	0.195	0.138	0.0531
1344	0.279	0.195	0.138	0.053
1345	0.279	0.195	0.138	0.0529
1346	0.279	0.195	0.138	0.053
1347	0.279	0.195	0.138	0.053
1348	0.279	0.195	0.138	0.053
1349	0.279	0.195	0.138	0.053
1350	0.279	0.195	0.138	0.053
1351	0.279	0.195	0.138	0.053
1352	0.279	0.195	0.138	0.053
1353	0.279	0.195	0.138	0.0529
1354	0.279	0.195	0.138	0.0529
1355	0.278	0.195	0.138	0.053
1356	0.278	0.195	0.138	0.0529
1357	0.278	0.195	0.138	0.053
1358	0.278	0.195	0.138	0.053
1359	0.278	0.195	0.138	0.0529
1360	0.278	0.195	0.138	0.053
1361	0.278	0.195	0.138	0.053
1362	0.278	0.195	0.138	0.053
1363	0.278	0.195	0.138	0.0529
1364	0.278	0.195	0.138	0.053
1365	0.278	0.195	0.138	0.053
1366	0.278	0.195	0.138	0.053
1367	0.278	0.195	0.138	0.053
1368	0.278	0.195	0.138	0.053
1369	0.278	0.195	0.138	0.0529
1370	0.277	0.195	0.138	0.053
1371	0.278	0.195	0.138	0.053
1372	0.278	0.195	0.138	0.053
1373	0.277	0.195	0.138	0.053
1374	0.278	0.195	0.138	0.053
1375	0.277	0.195	0.138	0.0529
1376	0.277	0.195	0.138	0.053
1377	0.277	0.195	0.138	0.0529
1378	0.277	0.195	0.138	0.053
1379	0.277	0.195	0.138	0.053
1380	0.277	0.195	0.138	0.0529
1381	0.277	0.195	0.138	0.053
1382	0.277	0.195	0.138	0.053
1383	0.277	0.195	0.138	0.053
1384	0.277	0.195	0.138	0.0529
1385	0.277	0.195	0.138	0.053
1386	0.277	0.194	0.138	0.0529
1387	0.277	0.194	0.138	0.053
1388	0.276	0.194	0.138	0.053
1389	0.277	0.194	0.138	0.053
1390	0.276	0.194	0.138	0.053
1391	0.276	0.194	0.138	0.053
1392	0.277	0.194	0.138	0.053
1393	0.276	0.194	0.137	0.053
1394	0.276	0.194	0.137	0.053
1395	0.276	0.194	0.138	0.0529
1396	0.276	0.194	0.138	0.0529
1397	0.276	0.194	0.137	0.053
1398	0.276	0.194	0.138	0.053
1399	0.276	0.194	0.137	0.053
1400	0.276	0.194	0.137	0.0531
1401	0.276	0.194	0.137	0.053
1402	0.276	0.194	0.137	0.053
1403	0.276	0.194	0.137	0.0531
1404	0.276	0.194	0.137	0.053
1405	0.276	0.194	0.137	0.053
1406	0.276	0.194	0.137	0.053
1407	0.276	0.194	0.137	0.0529
1408	0.276	0.194	0.137	0.053
1409	0.276	0.194	0.137	0.053
1410	0.276	0.194	0.137	0.053
1411	0.276	0.194	0.137	0.0529
1412	0.276	0.194	0.137	0.053
1413	0.276	0.194	0.137	0.053
1414	0.275	0.194	0.137	0.053
1415	0.276	0.194	0.137	0.053
1416	0.275	0.194	0.137	0.053
1417	0.275	0.194	0.137	0.053
1418	0.275	0.194	0.137	0.053
1419	0.275	0.194	0.137	0.0529
1420	0.275	0.194	0.137	0.053
1421	0.275	0.194	0.137	0.053
1422	0.275	0.194	0.137	0.053
1423	0.275	0.194	0.137	0.053
1424	0.275	0.194	0.137	0.053
1425	0.275	0.194	0.137	0.053
1426	0.275	0.194	0.137	0.053
1427	0.275	0.194	0.137	0.053
1428	0.275	0.194	0.137	0.053
1429	0.275	0.194	0.137	0.053
1430	0.275	0.194	0.137	0.053
1431	0.275	0.194	0.137	0.0529
1432	0.275	0.194	0.137	0.053
1433	0.274	0.194	0.137	0.0529
1434	0.274	0.194	0.137	0.053
1435	0.274	0.194	0.137	0.053
1436	0.274	0.194	0.137	0.053
1437	0.274	0.194	0.137	0.053
1438	0.274	0.194	0.137	0.0529
1439	0.274	0.194	0.137	0.053
1440	0.274	0.194	0.137	0.053
1441	0.274	0.194	0.137	0.053
1442	0.274	0.194	0.137	0.053
1443	0.274	0.193	0.137	0.053
1444	0.274	0.194	0.137	0.053
1445	0.274	0.194	0.137	0.053
1446	0.276	0.192	0.138	0.0526
1447	0.278	0.191	0.139	0.0522
1448	0.277	0.192	0.139	0.0524
1449	0.277	0.192	0.139	0.0524
1450	0.277	0.192	0.139	0.0525
1451	0.277	0.192	0.139	0.0525
1452	0.277	0.192	0.139	0.0525
1453	0.277	0.192	0.139	0.0525
1454	0.277	0.192	0.139	0.0525
1455	0.277	0.192	0.139	0.0525
1456	0.277	0.192	0.139	0.0525
1457	0.277	0.192	0.138	0.0526
1458	0.277	0.192	0.138	0.0526
1459	0.277	0.192	0.138	0.0526
1460	0.277	0.192	0.138	0.0525
1461	0.277	0.192	0.138	0.0525
1462	0.276	0.192	0.138	0.0526
1463	0.277	0.192	0.138	0.0525
1464	0.277	0.192	0.138	0.0526
1465	0.276	0.192	0.138	0.0526
1466	0.276	0.192	0.138	0.0526
1467	0.276	0.192	0.138	0.0526
1468	0.276	0.192	0.138	0.0526
1469	0.276	0.192	0.138	0.0526
1470	0.276	0.192	0.138	0.0526
1471	0.276	0.192	0.138	0.0527
1472	0.276	0.192	0.138	0.0527
1473	0.276	0.192	0.138	0.0527
1474	0.276	0.192	0.138	0.0527
1475	0.276	0.192	0.138	0.0527
1476	0.276	0.192	0.138	0.0527
1477	0.276	0.192	0.138	0.0527
1478	0.276	0.192	0.138	0.0527
1479	0.276	0.192	0.138	0.0527
1480	0.275	0.192	0.138	0.0527
1481	0.275	0.192	0.138	0.0527
1482	0.275	0.192	0.138	0.0527
1483	0.275	0.192	0.138	0.0527
1484	0.275	0.192	0.138	0.0527
1485	0.275	0.192	0.138	0.0527
1486	0.275	0.192	0.138	0.0527
1487	0.275	0.192	0.138	0.0528
1488	0.275	0.192	0.138	0.0527
1489	0.275	0.192	0.138	0.0528
1490	0.275	0.192	0.138	0.0527
1491	0.275	0.192	0.138	0.0527
1492	0.275	0.192	0.138	0.0527
1493	0.275	0.192	0.138	0.0527
1494	0.275	0.192	0.138	0.0527
1495	0.275	0.192	0.138	0.0527
1496	0.275	0.192	0.138	0.0527
1497	0.275	0.192	0.138	0.0528
1498	0.275	0.192	0.138	0.0528
1499	0.275	0.192	0.137	0.0527
1500	0.274	0.192	0.137	0.0528
1501	0.275	0.192	0.138	0.0527
1502	0.274	0.192	0.137	0.0528
1503	0.274	0.191	0.138	0.0527
1504	0.274	0.192	0.137	0.0528
1505	0.274	0.192	0.137	0.0527
1506	0.274	0.192	0.137	0.0527
1507	0.274	0.192	0.137	0.0528
1508	0.274	0.192	0.137	0.0527
1509	0.274	0.192	0.137	0.0527
1510	0.274	0.192	0.137	0.0527
1511	0.274	0.192	0.137	0.0528
1512	0.274	0.192	0.137	0.0527
1513	0.274	0.192	0.137	0.0528
1514	0.274	0.192	0.137	0.0527
1515	0.274	0.192	0.137	0.0528
1516	0.274	0.192	0.137	0.0527
1517	0.274	0.192	0.137	0.0527
1518	0.274	0.192	0.137	0.0528
1519	0.274	0.192	0.137	0.0528
1520	0.273	0.192	0.137	0.0528
1521	0.274	0.192	0.137	0.0527
1522	0.273	0.192	0.137	0.0528
1523	0.273	0.191	0.137	0.0528
1524	0.273	0.191	0.137	0.0527
1525	0.273	0.191	0.137	0.0528
1526	0.273	0.191	0.137	0.0528
1527	0.273	0.191	0.137	0.0527
1528	0.273	0.191	0.137	0.0528
1529	0.273	0.191	0.137	0.0528
1530	0.273	0.191	0.137	0.0528
1531	0.273	0.191	0.137	0.0528
1532	0.273	0.191	0.137	0.0528
1533	0.273	0.191	0.137	0.0528
1534	0.273	0.191	0.137	0.0528
1535	0.273	0.191	0.137	0.0528
1536	0.273	0.191	0.137	0.0528
1537	0.272	0.191	0.137	0.0528
1538	0.272	0.191	0.137	0.0527
1539	0.272	0.191	0.137	0.0528
1540	0.272	0.191	0.137	0.0528
1541	0.272	0.191	0.137	0.0527
1542	0.272	0.191	0.137	0.0528
1543	0.272	0.191	0.137	0.0527
1544	0.272	0.191	0.137	0.0527
1545	0.272	0.191	0.137	0.0528
1546	0.272	0.191	0.137	0.0528
1547	0.272	0.191	0.137	0.0527
1548	0.272	0.191	0.137	0.0527
1549	0.272	0.191	0.137	0.0528
1550	0.272	0.191	0.137	0.0527
1551	0.272	0.191	0.137	0.0528
1552	0.272	0.191	0.137	0.0528
1553	0.272	0.191	0.137	0.0528
1554	0.272	0.191	0.137	0.0527
1555	0.272	0.191	0.137	0.0527
1556	0.272	0.191	0.137	0.0527
1557	0.272	0.191	0.137	0.0528
1558	0.272	0.191	0.137	0.0528
1559	0.272	0.191	0.137	0.0528
1560	0.272	0.191	0.137	0.0528
1561	0.271	0.191	0.136	0.0528
1562	0.272	0.191	0.136	0.0528
1563	0.272	0.191	0.137	0.0528
1564	0.271	0.191	0.136	0.0528
1565	0.271	0.191	0.137	0.0528
1566	0.271	0.191	0.137	0.0528
1567	0.271	0.191	0.136	0.0528
1568	0.271	0.191	0.136	0.0528
1569	0.271	0.191	0.136	0.0528
1570	0.271	0.191	0.136	0.0528
1571	0.271	0.191	0.136	0.0528
1572	0.271	0.191	0.136	0.0528
1573	0.271	0.191	0.136	0.0528
1574	0.271	0.191	0.136	0.0527
1575	0.271	0.191	0.136	0.0528
1576	0.271	0.191	0.136	0.0527
1577	0.271	0.191	0.136	0.0527
1578	0.271	0.191	0.136	0.0528
1579	0.271	0.191	0.136	0.0528
1580	0.271	0.19	0.136	0.0528
1581	0.271	0.19	0.136	0.0528
1582	0.271	0.191	0.136	0.0527
1583	0.271	0.19	0.136	0.0527
1584	0.27	0.19	0.136	0.0527
1585	0.27	0.19	0.136	0.0528
1586	0.27	0.19	0.136	0.0527
1587	0.27	0.191	0.136	0.0528
1588	0.27	0.191	0.136	0.0528
1589	0.27	0.19	0.136	0.0527
1590	0.27	0.191	0.136	0.0528
1591	0.27	0.191	0.136	0.0528
1592	0.27	0.191	0.136	0.0528
1593	0.27	0.191	0.136	0.0528
1594	0.27	0.191	0.136	0.0528
1595	0.27	0.191	0.136	0.0528
