Iteration	ValueMean	ValueStddev	DerivMean	DerivStddev
5	0.0111	0.555	0.614	0.292
6	0.00888	0.562	0.625	0.288
7	0.0061	0.542	0.627	0.27
8	0.0058	0.536	0.631	0.264
9	0.00349	0.533	0.635	0.26
10	0.00352	0.528	0.639	0.255
11	0.00435	0.522	0.643	0.251
12	0.00372	0.519	0.644	0.249
13	0.00482	0.515	0.645	0.246
14	0.0048	0.514	0.644	0.245
15	0.00508	0.511	0.647	0.244
16	0.00509	0.51	0.648	0.244
17	0.00417	0.508	0.647	0.243
18	0.00462	0.508	0.647	0.242
19	0.00454	0.507	0.647	0.243
20	0.00364	0.507	0.647	0.242
21	0.00452	0.505	0.646	0.242
22	0.00474	0.504	0.647	0.241
23	0.0047	0.504	0.646	0.241
24	0.00485	0.503	0.646	0.24
25	0.00473	0.502	0.646	0.239
26	0.00425	0.501	0.647	0.239
27	0.00506	0.5	0.647	0.239
28	0.00573	0.501	0.646	0.24
29	0.00466	0.502	0.645	0.24
30	0.0049	0.5	0.646	0.239
31	0.00514	0.5	0.646	0.238
32	0.00546	0.5	0.646	0.238
33	0.00576	0.5	0.646	0.239
34	0.00539	0.499	0.646	0.238
35	0.00487	0.499	0.646	0.238
36	0.0053	0.498	0.646	0.238
37	0.00567	0.499	0.646	0.238
38	0.0064	0.499	0.645	0.238
39	0.00647	0.499	0.645	0.238
40	0.00713	0.498	0.645	0.238
41	0.00735	0.498	0.644	0.238
42	0.00721	0.499	0.644	0.238
43	0.00731	0.499	0.644	0.239
44	0.00749	0.498	0.645	0.238
45	0.00772	0.498	0.644	0.239
46	0.00709	0.498	0.644	0.238
47	0.00743	0.498	0.644	0.239
48	0.00752	0.498	0.644	0.238
49	0.0069	0.498	0.644	0.239
50	0.00661	0.498	0.644	0.238
51	0.00605	0.498	0.644	0.238
52	0.00597	0.498	0.644	0.239
53	0.00604	0.497	0.645	0.238
54	0.0065	0.497	0.645	0.238
55	0.00657	0.498	0.644	0.239
56	0.0069	0.497	0.645	0.239
57	0.00646	0.497	0.645	0.239
58	0.00705	0.497	0.645	0.239
59	0.00649	0.496	0.646	0.238
60	0.00635	0.496	0.647	0.239
61	0.00653	0.496	0.647	0.239
62	0.00648	0.496	0.647	0.239
63	0.00672	0.496	0.646	0.24
64	0.00713	0.496	0.646	0.24
65	0.00754	0.495	0.647	0.239
66	0.00776	0.495	0.647	0.239
67	0.00774	0.495	0.646	0.239
68	0.00811	0.495	0.647	0.239
69	0.00787	0.495	0.647	0.239
70	0.00778	0.495	0.646	0.24
71	0.00765	0.495	0.647	0.24
72	0.00759	0.495	0.647	0.24
73	0.00835	0.494	0.648	0.24
74	0.00794	0.494	0.648	0.24
75	0.00789	0.495	0.647	0.24
76	0.00832	0.495	0.647	0.24
77	0.00794	0.495	0.647	0.241
78	0.00833	0.495	0.647	0.24
79	0.0087	0.494	0.647	0.24
80	0.0088	0.494	0.648	0.24
81	0.00932	0.494	0.648	0.24
82	0.00943	0.493	0.648	0.24
83	0.00934	0.493	0.649	0.24
84	0.00968	0.493	0.649	0.24
85	0.00956	0.493	0.649	0.24
86	0.00927	0.494	0.648	0.241
87	0.00925	0.493	0.649	0.241
88	0.00909	0.494	0.649	0.241
89	0.00941	0.493	0.649	0.241
90	0.00972	0.493	0.65	0.241
91	0.00944	0.493	0.649	0.241
92	0.00963	0.493	0.65	0.242
93	0.00962	0.492	0.65	0.241
94	0.00981	0.493	0.651	0.241
95	0.0101	0.492	0.651	0.241
96	0.0104	0.492	0.651	0.241
97	0.0112	0.491	0.652	0.241
98	0.0108	0.491	0.652	0.241
99	0.0104	0.492	0.652	0.241
100	0.0105	0.492	0.652	0.242
101	0.0102	0.492	0.652	0.242
102	0.0101	0.491	0.653	0.241
103	0.0105	0.491	0.653	0.242
104	0.0103	0.491	0.653	0.241
105	0.0101	0.49	0.653	0.241
106	0.0101	0.491	0.653	0.241
107	0.01	0.49	0.653	0.241
108	0.0106	0.489	0.654	0.241
109	0.0106	0.49	0.654	0.241
110	0.0109	0.489	0.654	0.24
111	0.0108	0.489	0.654	0.241
112	0.0105	0.49	0.654	0.241
113	0.0106	0.489	0.654	0.24
114	0.0109	0.489	0.655	0.24
115	0.0115	0.49	0.654	0.241
116	0.0114	0.489	0.654	0.241
117	0.0116	0.49	0.655	0.241
118	0.0119	0.49	0.655	0.242
119	0.0117	0.489	0.655	0.242
120	0.0114	0.489	0.656	0.242
121	0.0112	0.49	0.655	0.242
122	0.0116	0.489	0.655	0.242
123	0.0116	0.489	0.656	0.242
124	0.0115	0.489	0.655	0.242
125	0.0114	0.489	0.656	0.242
126	0.0113	0.489	0.656	0.243
127	0.0118	0.488	0.657	0.242
128	0.0118	0.488	0.657	0.242
129	0.0113	0.489	0.657	0.243
130	0.012	0.489	0.657	0.243
131	0.0117	0.488	0.657	0.242
132	0.0115	0.488	0.657	0.242
133	0.0112	0.488	0.657	0.242
134	0.0113	0.487	0.658	0.242
135	0.0117	0.487	0.658	0.242
136	0.012	0.488	0.658	0.242
137	0.0119	0.487	0.658	0.243
138	0.0116	0.487	0.658	0.242
139	0.0121	0.488	0.658	0.243
140	0.012	0.487	0.659	0.243
141	0.0122	0.487	0.659	0.243
142	0.0122	0.487	0.659	0.243
143	0.0123	0.487	0.659	0.243
144	0.0125	0.486	0.66	0.243
145	0.0127	0.487	0.66	0.243
146	0.0127	0.486	0.66	0.243
147	0.0129	0.486	0.66	0.242
148	0.0126	0.486	0.66	0.243
149	0.0124	0.485	0.661	0.243
150	0.0126	0.485	0.661	0.243
151	0.0128	0.486	0.66	0.243
152	0.013	0.486	0.661	0.243
153	0.0129	0.485	0.661	0.243
154	0.0131	0.485	0.661	0.243
155	0.013	0.485	0.661	0.243
156	0.0129	0.485	0.661	0.243
157	0.0135	0.485	0.662	0.243
158	0.0132	0.484	0.662	0.243
159	0.0132	0.484	0.662	0.243
160	0.0136	0.484	0.662	0.242
161	0.0136	0.485	0.662	0.243
162	0.0138	0.484	0.662	0.243
163	0.0139	0.484	0.663	0.242
164	0.0135	0.483	0.663	0.243
165	0.0134	0.483	0.664	0.243
166	0.0141	0.483	0.664	0.242
167	0.0137	0.483	0.664	0.243
168	0.0138	0.483	0.664	0.242
169	0.0141	0.483	0.664	0.243
170	0.0139	0.482	0.665	0.242
171	0.0135	0.482	0.665	0.242
172	0.0139	0.483	0.665	0.243
173	0.0138	0.482	0.666	0.243
174	0.0139	0.482	0.665	0.243
175	0.0138	0.482	0.665	0.243
176	0.0138	0.482	0.666	0.243
177	0.0136	0.482	0.666	0.243
178	0.0137	0.482	0.666	0.243
179	0.014	0.481	0.666	0.243
180	0.0132	0.482	0.666	0.243
181	0.0131	0.482	0.667	0.243
182	0.0129	0.481	0.667	0.243
183	0.0135	0.481	0.667	0.243
184	0.014	0.481	0.667	0.243
185	0.0146	0.481	0.668	0.243
186	0.0145	0.481	0.667	0.243
187	0.0146	0.481	0.667	0.243
188	0.0146	0.481	0.667	0.243
189	0.0149	0.481	0.667	0.243
190	0.0145	0.481	0.668	0.243
191	0.0141	0.481	0.668	0.243
192	0.0143	0.48	0.668	0.243
193	0.0148	0.48	0.668	0.243
194	0.0152	0.48	0.669	0.243
195	0.0152	0.479	0.669	0.243
196	0.0154	0.48	0.669	0.243
197	0.0155	0.48	0.669	0.243
198	0.0155	0.479	0.67	0.243
199	0.0156	0.479	0.669	0.243
200	0.0156	0.479	0.669	0.243
201	0.0156	0.479	0.669	0.243
202	0.0162	0.48	0.669	0.243
203	0.0159	0.479	0.669	0.243
204	0.0158	0.479	0.67	0.243
205	0.0157	0.48	0.67	0.243
206	0.0158	0.479	0.67	0.243
207	0.0156	0.478	0.671	0.243
208	0.0157	0.478	0.671	0.243
209	0.0159	0.478	0.671	0.243
210	0.0158	0.478	0.671	0.242
211	0.0156	0.478	0.671	0.243
212	0.0158	0.478	0.671	0.243
213	0.0155	0.477	0.672	0.243
214	0.0157	0.478	0.672	0.243
215	0.0158	0.478	0.672	0.243
216	0.0154	0.477	0.672	0.243
217	0.016	0.477	0.672	0.243
218	0.016	0.477	0.673	0.243
219	0.0158	0.477	0.673	0.243
220	0.0162	0.477	0.672	0.243
221	0.0158	0.477	0.673	0.243
222	0.0157	0.477	0.673	0.242
223	0.0162	0.477	0.673	0.243
224	0.0159	0.477	0.673	0.243
225	0.0153	0.476	0.674	0.242
226	0.0151	0.477	0.674	0.243
227	0.0156	0.476	0.674	0.243
228	0.0154	0.476	0.675	0.242
229	0.0156	0.475	0.675	0.242
230	0.0156	0.476	0.675	0.242
231	0.0161	0.476	0.675	0.242
232	0.0159	0.476	0.675	0.243
233	0.0158	0.475	0.675	0.242
234	0.0157	0.475	0.675	0.242
235	0.0162	0.475	0.675	0.243
236	0.0159	0.475	0.675	0.243
237	0.0159	0.475	0.675	0.243
238	0.0158	0.475	0.675	0.243
239	0.0161	0.475	0.675	0.243
240	0.016	0.474	0.676	0.242
241	0.0158	0.474	0.676	0.242
242	0.0163	0.474	0.676	0.242
243	0.0162	0.474	0.677	0.242
244	0.016	0.474	0.677	0.243
245	0.0156	0.474	0.677	0.242
246	0.0157	0.473	0.678	0.242
247	0.0157	0.473	0.678	0.242
248	0.0157	0.473	0.678	0.242
249	0.0156	0.473	0.678	0.242
250	0.0158	0.473	0.678	0.242
251	0.016	0.473	0.678	0.243
252	0.016	0.472	0.679	0.242
253	0.0163	0.473	0.678	0.243
254	0.0168	0.473	0.678	0.243
255	0.0165	0.472	0.679	0.242
256	0.0163	0.473	0.679	0.242
257	0.0162	0.473	0.679	0.243
258	0.0163	0.472	0.679	0.242
259	0.016	0.472	0.679	0.242
260	0.0166	0.473	0.679	0.242
261	0.0165	0.472	0.68	0.242
262	0.0165	0.472	0.68	0.242
263	0.0167	0.472	0.68	0.242
264	0.0164	0.472	0.68	0.242
265	0.0169	0.472	0.68	0.242
266	0.0168	0.472	0.68	0.242
267	0.0166	0.471	0.68	0.242
268	0.0163	0.472	0.68	0.243
269	0.0169	0.472	0.68	0.243
270	0.0167	0.471	0.68	0.242
271	0.0169	0.472	0.68	0.242
272	0.0166	0.471	0.681	0.242
273	0.0164	0.471	0.681	0.242
274	0.0167	0.471	0.681	0.242
275	0.0163	0.471	0.681	0.242
276	0.0163	0.47	0.682	0.242
277	0.0163	0.47	0.682	0.242
278	0.0164	0.47	0.682	0.242
279	0.0171	0.469	0.683	0.242
280	0.0168	0.47	0.682	0.242
281	0.0171	0.47	0.682	0.242
282	0.0166	0.469	0.683	0.242
283	0.0169	0.469	0.683	0.242
284	0.0168	0.469	0.683	0.242
285	0.0166	0.469	0.684	0.242
286	0.0166	0.469	0.684	0.242
287	0.0165	0.469	0.684	0.242
288	0.0166	0.468	0.684	0.242
289	0.0167	0.469	0.684	0.242
290	0.0171	0.469	0.684	0.242
291	0.017	0.469	0.684	0.242
292	0.0167	0.469	0.684	0.242
293	0.0173	0.468	0.684	0.242
294	0.0173	0.468	0.684	0.242
295	0.0176	0.468	0.685	0.242
296	0.0175	0.468	0.685	0.242
297	0.0171	0.467	0.686	0.242
298	0.0171	0.468	0.685	0.242
299	0.0169	0.468	0.685	0.242
300	0.0172	0.467	0.686	0.242
301	0.017	0.467	0.686	0.242
302	0.017	0.467	0.686	0.242
303	0.0171	0.467	0.686	0.242
304	0.0171	0.467	0.686	0.242
305	0.017	0.468	0.686	0.243
306	0.0172	0.467	0.686	0.242
307	0.0171	0.467	0.686	0.242
308	0.0171	0.468	0.686	0.243
309	0.0174	0.467	0.686	0.242
310	0.0174	0.467	0.686	0.242
311	0.0175	0.467	0.686	0.242
312	0.0176	0.467	0.686	0.242
313	0.018	0.466	0.687	0.242
314	0.0177	0.466	0.687	0.242
315	0.0178	0.466	0.687	0.242
316	0.0178	0.466	0.687	0.242
317	0.0175	0.466	0.688	0.242
318	0.0173	0.466	0.688	0.242
319	0.0172	0.466	0.688	0.242
320	0.0174	0.466	0.688	0.242
321	0.0175	0.465	0.689	0.242
322	0.0173	0.465	0.689	0.242
323	0.0172	0.465	0.689	0.242
324	0.0171	0.465	0.689	0.242
325	0.0175	0.465	0.689	0.242
326	0.0177	0.465	0.689	0.242
327	0.0177	0.465	0.689	0.242
328	0.0173	0.464	0.689	0.242
329	0.0172	0.464	0.69	0.242
330	0.0171	0.464	0.689	0.242
331	0.0173	0.464	0.69	0.242
332	0.0174	0.464	0.69	0.242
333	0.0171	0.464	0.689	0.242
334	0.0171	0.465	0.69	0.242
335	0.0175	0.464	0.69	0.242
336	0.0177	0.464	0.69	0.242
337	0.0174	0.463	0.69	0.242
338	0.0175	0.464	0.69	0.242
339	0.0177	0.464	0.69	0.242
340	0.0177	0.464	0.69	0.242
341	0.0178	0.463	0.691	0.242
342	0.0179	0.463	0.691	0.242
343	0.0176	0.463	0.691	0.242
344	0.0179	0.463	0.691	0.242
345	0.018	0.463	0.691	0.242
346	0.0182	0.463	0.691	0.242
347	0.0181	0.463	0.692	0.242
348	0.0182	0.462	0.692	0.242
349	0.0181	0.462	0.692	0.242
350	0.018	0.462	0.692	0.242
351	0.0181	0.463	0.692	0.242
352	0.0183	0.463	0.692	0.242
353	0.0184	0.463	0.692	0.242
354	0.0184	0.462	0.692	0.242
355	0.0182	0.462	0.692	0.242
356	0.0183	0.462	0.693	0.242
357	0.0187	0.461	0.693	0.242
358	0.0186	0.461	0.693	0.242
359	0.0187	0.462	0.693	0.242
360	0.0186	0.462	0.693	0.242
361	0.0184	0.462	0.693	0.242
362	0.0186	0.462	0.694	0.242
363	0.0187	0.461	0.694	0.242
364	0.0188	0.461	0.694	0.242
365	0.0186	0.461	0.694	0.242
366	0.0184	0.461	0.694	0.242
367	0.0182	0.46	0.694	0.242
368	0.0182	0.46	0.695	0.241
369	0.018	0.46	0.695	0.242
370	0.0183	0.46	0.695	0.241
371	0.0184	0.46	0.695	0.242
372	0.0187	0.46	0.695	0.242
373	0.0186	0.46	0.695	0.242
374	0.0187	0.459	0.695	0.241
375	0.0186	0.459	0.695	0.242
376	0.0186	0.46	0.696	0.242
377	0.0185	0.459	0.696	0.241
378	0.0186	0.459	0.696	0.241
379	0.0187	0.459	0.696	0.242
380	0.0188	0.459	0.696	0.242
381	0.0191	0.459	0.696	0.242
382	0.0189	0.459	0.696	0.241
383	0.0188	0.459	0.696	0.241
384	0.0189	0.458	0.697	0.241
385	0.0188	0.459	0.696	0.241
386	0.0191	0.458	0.697	0.241
387	0.019	0.458	0.697	0.241
388	0.0191	0.459	0.697	0.241
389	0.0192	0.458	0.697	0.241
390	0.0192	0.458	0.697	0.241
391	0.0194	0.458	0.697	0.242
392	0.0193	0.458	0.697	0.242
393	0.0188	0.458	0.697	0.242
394	0.019	0.458	0.697	0.242
395	0.0194	0.458	0.698	0.242
396	0.0189	0.457	0.698	0.241
397	0.019	0.457	0.698	0.241
398	0.019	0.457	0.698	0.241
399	0.0188	0.457	0.699	0.241
400	0.0189	0.456	0.699	0.241
401	0.019	0.457	0.699	0.241
402	0.0192	0.457	0.699	0.241
403	0.0193	0.456	0.699	0.241
404	0.0193	0.456	0.699	0.241
405	0.0193	0.457	0.699	0.241
406	0.0192	0.457	0.699	0.242
407	0.0186	0.456	0.7	0.241
408	0.0189	0.456	0.699	0.241
409	0.0189	0.456	0.7	0.241
410	0.0187	0.456	0.7	0.242
411	0.0184	0.456	0.7	0.242
412	0.0188	0.456	0.7	0.242
413	0.0187	0.456	0.7	0.241
414	0.019	0.455	0.701	0.241
415	0.0191	0.455	0.701	0.241
416	0.0189	0.456	0.701	0.242
417	0.0187	0.455	0.701	0.242
418	0.0191	0.455	0.701	0.242
419	0.0188	0.455	0.701	0.241
420	0.0189	0.455	0.701	0.242
421	0.0191	0.455	0.701	0.242
422	0.0189	0.455	0.701	0.241
423	0.0188	0.455	0.702	0.241
424	0.0191	0.455	0.701	0.241
425	0.0192	0.455	0.701	0.241
426	0.0191	0.454	0.702	0.241
427	0.0191	0.454	0.702	0.241
428	0.0188	0.454	0.702	0.241
429	0.019	0.454	0.702	0.241
430	0.019	0.454	0.702	0.241
431	0.019	0.454	0.702	0.241
432	0.0185	0.454	0.702	0.241
433	0.0185	0.454	0.703	0.241
434	0.0186	0.454	0.703	0.241
435	0.0192	0.453	0.703	0.241
436	0.0195	0.454	0.703	0.241
437	0.0193	0.454	0.703	0.242
438	0.019	0.453	0.703	0.241
439	0.019	0.453	0.703	0.241
440	0.019	0.454	0.703	0.241
441	0.0189	0.453	0.703	0.241
442	0.0191	0.453	0.703	0.241
443	0.0191	0.453	0.703	0.241
444	0.0194	0.453	0.704	0.241
445	0.0193	0.453	0.704	0.241
446	0.0192	0.453	0.703	0.242
447	0.0191	0.453	0.704	0.241
448	0.0191	0.453	0.704	0.241
449	0.0192	0.453	0.704	0.241
450	0.019	0.452	0.704	0.241
451	0.0193	0.452	0.705	0.241
452	0.0195	0.452	0.704	0.241
453	0.0191	0.452	0.704	0.241
454	0.0191	0.452	0.705	0.241
455	0.0189	0.452	0.704	0.241
456	0.0193	0.452	0.705	0.241
457	0.0191	0.452	0.705	0.241
458	0.0191	0.452	0.705	0.241
459	0.0192	0.452	0.705	0.241
460	0.0192	0.451	0.705	0.241
461	0.0196	0.452	0.705	0.241
462	0.0196	0.451	0.705	0.241
463	0.0193	0.451	0.706	0.241
464	0.0193	0.451	0.705	0.241
465	0.0196	0.451	0.706	0.241
466	0.0196	0.451	0.706	0.241
467	0.0197	0.451	0.706	0.241
468	0.0195	0.451	0.706	0.241
469	0.0193	0.45	0.707	0.241
470	0.0195	0.451	0.706	0.241
471	0.0195	0.45	0.706	0.241
472	0.0193	0.45	0.707	0.241
473	0.0194	0.45	0.707	0.241
474	0.0194	0.45	0.707	0.241
475	0.0193	0.45	0.707	0.241
476	0.0194	0.45	0.707	0.241
477	0.0193	0.45	0.707	0.241
478	0.0194	0.45	0.707	0.241
479	0.0196	0.45	0.707	0.241
480	0.0195	0.449	0.708	0.241
481	0.0196	0.449	0.708	0.241
482	0.0197	0.45	0.707	0.241
483	0.0196	0.449	0.708	0.241
484	0.0193	0.449	0.708	0.241
485	0.0194	0.449	0.708	0.24
486	0.0197	0.448	0.708	0.24
487	0.0197	0.449	0.709	0.24
488	0.0196	0.448	0.709	0.24
489	0.0195	0.448	0.709	0.24
490	0.0193	0.449	0.709	0.241
491	0.0192	0.449	0.709	0.24
492	0.0193	0.449	0.709	0.241
493	0.0196	0.448	0.709	0.24
494	0.0197	0.448	0.709	0.24
495	0.0195	0.448	0.709	0.241
496	0.0194	0.448	0.709	0.24
497	0.0196	0.448	0.71	0.241
498	0.0196	0.448	0.71	0.241
499	0.0195	0.448	0.71	0.24
500	0.0198	0.448	0.71	0.241
501	0.0196	0.448	0.71	0.24
502	0.0196	0.448	0.71	0.24
503	0.0195	0.448	0.71	0.241
504	0.0195	0.447	0.71	0.24
505	0.0196	0.447	0.71	0.24
506	0.0197	0.447	0.71	0.241
507	0.0196	0.447	0.71	0.241
508	0.0198	0.447	0.711	0.24
509	0.0197	0.447	0.71	0.241
510	0.0199	0.447	0.711	0.241
511	0.0199	0.447	0.711	0.241
512	0.0199	0.447	0.711	0.241
513	0.02	0.447	0.711	0.241
514	0.0197	0.446	0.711	0.24
515	0.0198	0.447	0.711	0.241
516	0.02	0.447	0.711	0.241
517	0.0197	0.446	0.711	0.24
518	0.0198	0.447	0.711	0.241
519	0.0198	0.446	0.711	0.241
520	0.0198	0.446	0.712	0.241
521	0.0198	0.447	0.711	0.241
522	0.0198	0.446	0.712	0.241
523	0.0196	0.446	0.712	0.241
524	0.0199	0.446	0.712	0.241
525	0.0198	0.446	0.712	0.241
526	0.0197	0.446	0.712	0.241
527	0.0198	0.446	0.712	0.241
528	0.0196	0.446	0.713	0.241
529	0.0198	0.446	0.712	0.241
530	0.0201	0.446	0.712	0.241
531	0.02	0.445	0.713	0.24
532	0.0201	0.445	0.713	0.24
533	0.02	0.446	0.712	0.241
534	0.0198	0.445	0.713	0.241
535	0.02	0.445	0.713	0.241
536	0.0201	0.445	0.713	0.241
537	0.0201	0.445	0.713	0.241
538	0.0201	0.445	0.713	0.241
539	0.0199	0.445	0.713	0.241
540	0.0197	0.445	0.713	0.241
541	0.0195	0.445	0.713	0.241
542	0.0196	0.445	0.713	0.241
543	0.0195	0.445	0.713	0.241
544	0.0196	0.445	0.713	0.241
545	0.0198	0.444	0.714	0.24
546	0.0197	0.444	0.714	0.24
547	0.0195	0.444	0.714	0.241
548	0.0196	0.444	0.714	0.24
549	0.0196	0.444	0.714	0.24
550	0.0198	0.444	0.714	0.24
551	0.0198	0.444	0.714	0.241
552	0.0196	0.444	0.714	0.24
553	0.0195	0.444	0.714	0.241
554	0.0197	0.444	0.714	0.241
555	0.0196	0.444	0.715	0.24
556	0.0196	0.444	0.715	0.241
557	0.0196	0.444	0.715	0.24
558	0.0195	0.443	0.715	0.24
559	0.0195	0.444	0.715	0.241
560	0.0199	0.443	0.715	0.24
561	0.0198	0.443	0.716	0.24
562	0.0196	0.443	0.715	0.24
563	0.0195	0.443	0.716	0.24
564	0.0194	0.443	0.716	0.24
565	0.0194	0.443	0.716	0.24
566	0.0196	0.443	0.716	0.24
567	0.0195	0.443	0.716	0.24
568	0.0195	0.443	0.716	0.241
569	0.0196	0.443	0.716	0.241
570	0.0196	0.443	0.716	0.24
571	0.0195	0.443	0.716	0.241
572	0.0198	0.443	0.716	0.241
573	0.0197	0.442	0.716	0.24
574	0.0198	0.443	0.716	0.24
575	0.0199	0.442	0.716	0.24
576	0.0196	0.442	0.716	0.24
577	0.0198	0.442	0.716	0.24
578	0.0198	0.442	0.716	0.241
579	0.0198	0.442	0.717	0.24
580	0.02	0.442	0.717	0.24
581	0.0201	0.442	0.717	0.24
582	0.0198	0.442	0.717	0.24
583	0.0196	0.442	0.717	0.24
584	0.0197	0.442	0.717	0.24
585	0.0196	0.441	0.717	0.24
586	0.0194	0.442	0.717	0.24
587	0.0195	0.442	0.717	0.24
588	0.0194	0.441	0.718	0.24
589	0.0194	0.442	0.717	0.24
590	0.0195	0.442	0.717	0.24
591	0.0197	0.441	0.718	0.24
592	0.0194	0.441	0.718	0.24
593	0.0195	0.441	0.718	0.24
594	0.0195	0.441	0.718	0.24
595	0.0195	0.441	0.718	0.24
596	0.0195	0.441	0.718	0.24
597	0.0195	0.441	0.718	0.24
598	0.0195	0.441	0.718	0.24
599	0.0198	0.441	0.718	0.24
600	0.0197	0.44	0.719	0.239
601	0.0194	0.441	0.719	0.24
602	0.0196	0.44	0.719	0.24
603	0.0196	0.44	0.719	0.24
604	0.0197	0.44	0.718	0.24
605	0.0195	0.441	0.718	0.24
606	0.0194	0.44	0.719	0.24
607	0.0193	0.44	0.719	0.24
608	0.0196	0.44	0.719	0.24
609	0.0197	0.44	0.719	0.239
610	0.0196	0.44	0.719	0.239
611	0.0195	0.44	0.719	0.24
612	0.0195	0.44	0.719	0.239
613	0.0196	0.44	0.719	0.24
614	0.0196	0.44	0.719	0.24
615	0.0194	0.439	0.72	0.239
616	0.0195	0.44	0.72	0.239
617	0.0198	0.44	0.719	0.24
618	0.0194	0.439	0.72	0.239
619	0.0197	0.439	0.72	0.239
620	0.0197	0.439	0.72	0.239
621	0.0196	0.439	0.72	0.239
622	0.0198	0.439	0.72	0.24
623	0.0198	0.439	0.72	0.239
624	0.0197	0.439	0.721	0.239
625	0.0196	0.439	0.72	0.239
626	0.0197	0.439	0.72	0.24
627	0.0197	0.439	0.72	0.239
628	0.0197	0.439	0.72	0.24
629	0.0197	0.439	0.72	0.24
630	0.0197	0.438	0.721	0.239
631	0.0199	0.438	0.721	0.239
632	0.0199	0.438	0.721	0.239
633	0.0198	0.438	0.721	0.239
634	0.0199	0.438	0.721	0.239
635	0.0198	0.438	0.721	0.239
636	0.0197	0.438	0.722	0.239
637	0.0197	0.438	0.721	0.239
638	0.02	0.438	0.721	0.239
639	0.02	0.438	0.722	0.239
640	0.0199	0.438	0.722	0.239
641	0.0197	0.438	0.722	0.239
642	0.0195	0.437	0.722	0.239
643	0.0196	0.438	0.722	0.239
644	0.0197	0.438	0.722	0.24
645	0.0198	0.437	0.722	0.239
646	0.0199	0.437	0.722	0.239
647	0.0198	0.437	0.722	0.239
648	0.0196	0.437	0.723	0.239
649	0.0199	0.437	0.723	0.239
650	0.02	0.437	0.723	0.239
651	0.0199	0.436	0.723	0.238
652	0.0199	0.436	0.723	0.239
653	0.0201	0.436	0.723	0.239
654	0.0201	0.436	0.724	0.238
655	0.0201	0.437	0.723	0.239
656	0.0197	0.436	0.723	0.239
657	0.0196	0.436	0.723	0.239
658	0.0198	0.437	0.723	0.239
659	0.0196	0.437	0.723	0.239
660	0.0197	0.436	0.723	0.239
661	0.0197	0.436	0.723	0.239
662	0.0199	0.436	0.724	0.239
663	0.0199	0.436	0.724	0.238
664	0.02	0.436	0.724	0.239
665	0.02	0.436	0.724	0.239
666	0.0196	0.436	0.724	0.238
667	0.0196	0.436	0.724	0.239
668	0.0197	0.436	0.724	0.239
669	0.0198	0.435	0.724	0.238
670	0.0201	0.436	0.724	0.239
671	0.0201	0.436	0.724	0.239
672	0.02	0.435	0.725	0.238
673	0.02	0.435	0.724	0.239
674	0.02	0.435	0.725	0.238
675	0.0198	0.435	0.725	0.238
676	0.0198	0.435	0.725	0.238
677	0.0199	0.435	0.725	0.238
678	0.02	0.435	0.725	0.238
679	0.0201	0.435	0.725	0.238
680	0.0199	0.434	0.725	0.238
681	0.02	0.434	0.726	0.238
682	0.02	0.434	0.726	0.238
683	0.0199	0.434	0.726	0.238
684	0.0198	0.434	0.726	0.238
685	0.0198	0.434	0.726	0.238
686	0.0196	0.434	0.726	0.238
687	0.0196	0.435	0.726	0.239
688	0.0195	0.434	0.726	0.239
689	0.0196	0.434	0.726	0.239
690	0.0197	0.434	0.726	0.238
691	0.0197	0.434	0.726	0.238
692	0.0195	0.434	0.726	0.238
693	0.0194	0.434	0.726	0.238
694	0.0195	0.434	0.726	0.238
695	0.0198	0.434	0.726	0.239
696	0.0197	0.434	0.726	0.238
697	0.0199	0.434	0.726	0.238
698	0.0198	0.434	0.726	0.238
699	0.0197	0.434	0.726	0.238
700	0.02	0.434	0.726	0.239
701	0.0199	0.434	0.726	0.238
702	0.0198	0.434	0.726	0.239
703	0.0197	0.434	0.726	0.238
704	0.0197	0.434	0.727	0.238
705	0.0196	0.433	0.727	0.238
706	0.0196	0.433	0.727	0.238
707	0.0194	0.433	0.727	0.238
708	0.0194	0.433	0.727	0.238
709	0.0195	0.433	0.727	0.238
710	0.0194	0.433	0.727	0.238
711	0.0195	0.433	0.727	0.238
712	0.0193	0.433	0.727	0.238
713	0.0195	0.433	0.727	0.238
714	0.0198	0.432	0.728	0.238
715	0.0197	0.433	0.728	0.238
716	0.0197	0.432	0.728	0.238
717	0.0196	0.433	0.727	0.238
718	0.0197	0.433	0.728	0.238
719	0.0197	0.433	0.728	0.238
720	0.0196	0.432	0.728	0.238
721	0.0197	0.432	0.728	0.238
722	0.0195	0.433	0.728	0.238
723	0.0197	0.432	0.728	0.238
724	0.0197	0.432	0.728	0.238
725	0.0197	0.432	0.728	0.238
726	0.0196	0.432	0.728	0.238
727	0.0197	0.432	0.728	0.238
728	0.0196	0.432	0.728	0.238
729	0.0196	0.432	0.729	0.238
730	0.0197	0.432	0.729	0.238
731	0.0197	0.432	0.728	0.238
732	0.0197	0.432	0.729	0.238
733	0.0199	0.432	0.728	0.238
734	0.0198	0.432	0.728	0.238
735	0.0199	0.432	0.729	0.238
736	0.0199	0.432	0.729	0.238
737	0.0196	0.432	0.729	0.238
738	0.0195	0.432	0.729	0.238
739	0.0194	0.432	0.729	0.238
740	0.0194	0.432	0.729	0.238
741	0.0197	0.431	0.729	0.238
742	0.0195	0.431	0.729	0.238
743	0.0195	0.431	0.729	0.238
744	0.0194	0.431	0.729	0.238
745	0.0194	0.431	0.729	0.238
746	0.0195	0.431	0.729	0.238
747	0.0193	0.431	0.729	0.238
748	0.0193	0.431	0.73	0.238
749	0.0195	0.431	0.73	0.238
750	0.0195	0.431	0.73	0.238
751	0.0195	0.431	0.73	0.238
752	0.0195	0.431	0.73	0.238
753	0.0195	0.431	0.73	0.238
754	0.0193	0.431	0.73	0.238
755	0.0193	0.431	0.73	0.238
756	0.0195	0.43	0.73	0.237
757	0.0193	0.43	0.731	0.237
758	0.0191	0.43	0.73	0.237
759	0.0191	0.43	0.731	0.237
760	0.0191	0.43	0.73	0.238
761	0.0193	0.43	0.731	0.238
762	0.0193	0.43	0.731	0.237
763	0.0193	0.43	0.731	0.237
764	0.0193	0.43	0.731	0.237
765	0.0192	0.43	0.731	0.238
766	0.0193	0.43	0.731	0.237
767	0.0192	0.43	0.731	0.237
768	0.0192	0.43	0.731	0.237
769	0.0192	0.43	0.731	0.238
770	0.0193	0.43	0.731	0.238
771	0.0194	0.43	0.731	0.237
772	0.0194	0.43	0.731	0.238
773	0.0194	0.43	0.731	0.237
774	0.0194	0.43	0.731	0.237
775	0.0195	0.43	0.731	0.237
776	0.0194	0.43	0.731	0.237
777	0.0194	0.43	0.732	0.237
778	0.0195	0.429	0.732	0.237
779	0.0193	0.429	0.732	0.237
780	0.0195	0.429	0.731	0.237
781	0.0191	0.429	0.732	0.237
782	0.0193	0.429	0.732	0.237
783	0.0194	0.429	0.732	0.237
784	0.0191	0.429	0.732	0.237
785	0.0191	0.429	0.732	0.237
786	0.0188	0.429	0.732	0.237
787	0.019	0.429	0.732	0.237
788	0.019	0.429	0.732	0.238
789	0.0191	0.429	0.732	0.237
790	0.0191	0.429	0.732	0.237
791	0.0191	0.429	0.732	0.237
792	0.0192	0.429	0.732	0.237
793	0.0193	0.429	0.732	0.237
794	0.0191	0.429	0.732	0.237
795	0.0194	0.429	0.732	0.237
796	0.0194	0.428	0.733	0.237
797	0.0197	0.429	0.732	0.237
798	0.0193	0.428	0.733	0.237
799	0.0193	0.428	0.733	0.237
800	0.0191	0.428	0.733	0.237
801	0.0191	0.429	0.733	0.237
802	0.0192	0.429	0.733	0.237
803	0.0192	0.428	0.733	0.237
804	0.0192	0.428	0.733	0.237
805	0.0193	0.428	0.733	0.237
806	0.0191	0.428	0.733	0.237
807	0.0192	0.428	0.733	0.237
808	0.0188	0.428	0.733	0.237
809	0.0189	0.428	0.733	0.237
810	0.0191	0.428	0.733	0.237
811	0.0194	0.428	0.733	0.237
812	0.0192	0.428	0.733	0.237
813	0.0192	0.428	0.733	0.237
814	0.0192	0.428	0.733	0.237
815	0.0192	0.428	0.733	0.237
816	0.0191	0.428	0.734	0.237
817	0.0192	0.428	0.733	0.237
818	0.0189	0.427	0.734	0.237
819	0.019	0.427	0.734	0.237
820	0.019	0.427	0.734	0.237
821	0.0188	0.427	0.734	0.237
822	0.0189	0.427	0.734	0.237
823	0.0189	0.427	0.734	0.237
824	0.0189	0.427	0.734	0.237
825	0.0187	0.427	0.734	0.237
826	0.0186	0.428	0.734	0.237
827	0.0187	0.427	0.735	0.237
828	0.0188	0.427	0.735	0.236
829	0.0187	0.427	0.735	0.237
830	0.0187	0.427	0.735	0.236
831	0.0188	0.427	0.735	0.237
832	0.0191	0.427	0.734	0.237
833	0.019	0.427	0.735	0.237
834	0.0189	0.427	0.735	0.237
835	0.0188	0.427	0.735	0.237
836	0.0189	0.427	0.735	0.237
837	0.0189	0.427	0.735	0.237
838	0.0189	0.427	0.735	0.237
839	0.0188	0.426	0.735	0.237
840	0.0189	0.426	0.735	0.237
841	0.0189	0.426	0.735	0.237
842	0.0188	0.426	0.735	0.236
843	0.0186	0.426	0.735	0.236
844	0.0187	0.426	0.735	0.237
845	0.0188	0.426	0.735	0.237
846	0.0189	0.426	0.736	0.236
847	0.0186	0.426	0.735	0.237
848	0.0188	0.426	0.735	0.237
849	0.0189	0.426	0.736	0.236
850	0.0189	0.426	0.736	0.237
851	0.0188	0.426	0.736	0.236
852	0.0188	0.426	0.736	0.236
853	0.019	0.426	0.736	0.237
854	0.019	0.426	0.736	0.237
855	0.019	0.426	0.736	0.236
856	0.019	0.426	0.736	0.237
857	0.0188	0.426	0.736	0.237
858	0.019	0.426	0.736	0.237
859	0.0189	0.426	0.736	0.236
860	0.0189	0.425	0.736	0.236
861	0.019	0.426	0.736	0.237
862	0.019	0.426	0.736	0.236
863	0.0191	0.425	0.737	0.236
864	0.0192	0.426	0.736	0.236
865	0.0191	0.425	0.737	0.236
866	0.0191	0.425	0.736	0.236
867	0.0193	0.425	0.737	0.236
868	0.0191	0.425	0.737	0.236
869	0.019	0.425	0.737	0.236
870	0.0189	0.425	0.737	0.236
871	0.019	0.425	0.737	0.236
872	0.0188	0.425	0.737	0.236
873	0.019	0.424	0.737	0.236
874	0.019	0.425	0.737	0.236
875	0.0187	0.424	0.737	0.236
876	0.0189	0.424	0.737	0.236
877	0.0191	0.424	0.737	0.236
878	0.0189	0.424	0.737	0.236
879	0.0189	0.424	0.737	0.236
880	0.0191	0.425	0.737	0.236
881	0.0191	0.424	0.738	0.236
882	0.019	0.424	0.738	0.236
883	0.019	0.424	0.738	0.236
884	0.0189	0.425	0.737	0.236
885	0.0189	0.425	0.737	0.236
886	0.0191	0.424	0.738	0.236
887	0.019	0.424	0.738	0.236
888	0.0188	0.424	0.738	0.236
889	0.0188	0.424	0.738	0.236
890	0.0187	0.424	0.738	0.236
891	0.0188	0.424	0.738	0.236
892	0.019	0.424	0.738	0.236
893	0.019	0.424	0.738	0.236
894	0.0191	0.424	0.738	0.236
895	0.0188	0.424	0.738	0.236
896	0.019	0.424	0.738	0.236
897	0.0188	0.424	0.738	0.236
898	0.0189	0.424	0.738	0.236
899	0.0188	0.424	0.738	0.236
900	0.0187	0.424	0.738	0.236
901	0.0188	0.424	0.738	0.236
902	0.0187	0.424	0.739	0.236
903	0.0188	0.423	0.739	0.236
904	0.0189	0.423	0.739	0.236
905	0.0186	0.423	0.739	0.236
906	0.0185	0.423	0.739	0.236
907	0.0188	0.423	0.739	0.236
908	0.0186	0.423	0.739	0.236
909	0.0186	0.423	0.739	0.236
910	0.0186	0.423	0.739	0.236
911	0.0188	0.423	0.739	0.236
912	0.0186	0.423	0.739	0.236
913	0.0186	0.423	0.739	0.236
914	0.0185	0.423	0.739	0.236
915	0.0184	0.423	0.739	0.236
916	0.0185	0.423	0.739	0.236
917	0.0183	0.423	0.739	0.236
918	0.0189	0.423	0.739	0.236
919	0.0188	0.423	0.74	0.236
920	0.0186	0.423	0.74	0.236
921	0.0186	0.422	0.74	0.236
922	0.0189	0.422	0.74	0.236
923	0.0187	0.422	0.74	0.235
924	0.0186	0.422	0.74	0.236
925	0.0185	0.422	0.74	0.235
926	0.0184	0.422	0.74	0.235
927	0.0184	0.422	0.74	0.236
928	0.0184	0.422	0.74	0.236
929	0.0185	0.422	0.74	0.235
930	0.0185	0.422	0.74	0.236
931	0.0187	0.422	0.74	0.236
932	0.0185	0.422	0.741	0.235
933	0.0184	0.422	0.741	0.235
934	0.0183	0.422	0.74	0.236
935	0.0182	0.422	0.74	0.235
936	0.0183	0.422	0.74	0.236
937	0.0184	0.422	0.74	0.236
938	0.0184	0.422	0.741	0.235
939	0.0185	0.422	0.74	0.236
940	0.0184	0.422	0.74	0.236
941	0.0185	0.422	0.74	0.236
942	0.0185	0.422	0.74	0.236
943	0.0185	0.422	0.741	0.236
944	0.0184	0.422	0.741	0.236
945	0.0183	0.422	0.741	0.236
946	0.0183	0.422	0.741	0.235
947	0.0184	0.422	0.741	0.236
948	0.0183	0.422	0.74	0.236
949	0.0184	0.422	0.74	0.236
950	0.0184	0.422	0.741	0.236
951	0.0182	0.421	0.741	0.235
952	0.0184	0.422	0.741	0.236
953	0.0183	0.421	0.741	0.235
954	0.0183	0.421	0.741	0.236
955	0.0186	0.422	0.741	0.236
956	0.0185	0.421	0.741	0.235
957	0.0183	0.421	0.741	0.235
958	0.0183	0.421	0.741	0.236
959	0.0184	0.421	0.741	0.235
960	0.0185	0.421	0.741	0.236
961	0.0184	0.421	0.741	0.236
962	0.0184	0.421	0.741	0.235
963	0.0185	0.421	0.742	0.235
964	0.0185	0.421	0.741	0.235
965	0.0182	0.421	0.741	0.235
966	0.0183	0.421	0.741	0.236
967	0.0185	0.421	0.742	0.236
968	0.0183	0.421	0.741	0.235
969	0.0182	0.421	0.741	0.236
970	0.0183	0.421	0.742	0.235
971	0.0184	0.421	0.742	0.235
972	0.0186	0.421	0.742	0.235
973	0.0185	0.421	0.742	0.235
974	0.0185	0.421	0.742	0.235
975	0.0184	0.421	0.741	0.235
976	0.0183	0.421	0.74	0.234
977	0.0181	0.421	0.74	0.234
978	0.0183	0.422	0.74	0.235
979	0.0184	0.421	0.74	0.235
980	0.0185	0.421	0.74	0.234
981	0.0184	0.421	0.74	0.234
982	0.0183	0.422	0.74	0.235
983	0.0183	0.421	0.74	0.235
984	0.0185	0.421	0.74	0.235
985	0.0186	0.421	0.74	0.235
986	0.0184	0.421	0.74	0.235
987	0.0184	0.421	0.74	0.235
988	0.0184	0.421	0.74	0.235
989	0.0183	0.421	0.741	0.234
990	0.0183	0.421	0.741	0.235
991	0.0183	0.421	0.74	0.235
992	0.0182	0.421	0.741	0.234
993	0.0183	0.421	0.741	0.235
994	0.0183	0.421	0.741	0.235
995	0.0182	0.421	0.741	0.234
996	0.0182	0.421	0.741	0.235
997	0.0182	0.421	0.741	0.235
998	0.018	0.42	0.741	0.234
999	0.0181	0.421	0.741	0.234
1000	0.0182	0.421	0.741	0.235
1001	0.0182	0.42	0.741	0.234
1002	0.0183	0.421	0.741	0.235
1003	0.0181	0.421	0.741	0.235
1004	0.0181	0.42	0.741	0.234
1005	0.0183	0.42	0.741	0.234
1006	0.0182	0.42	0.741	0.235
1007	0.018	0.42	0.742	0.234
1008	0.018	0.42	0.741	0.235
1009	0.0181	0.42	0.741	0.235
1010	0.018	0.42	0.742	0.234
1011	0.0182	0.42	0.742	0.235
1012	0.0181	0.421	0.741	0.235
1013	0.0181	0.42	0.742	0.234
1014	0.0181	0.42	0.741	0.235
1015	0.0182	0.42	0.741	0.235
1016	0.0181	0.42	0.741	0.235
1017	0.0181	0.42	0.741	0.235
1018	0.0182	0.421	0.741	0.235
1019	0.0181	0.42	0.742	0.234
1020	0.0183	0.42	0.742	0.235
1021	0.0183	0.42	0.742	0.235
1022	0.0181	0.42	0.742	0.234
1023	0.0181	0.42	0.742	0.235
1024	0.018	0.42	0.742	0.234
1025	0.018	0.42	0.742	0.234
1026	0.0181	0.42	0.742	0.234
1027	0.018	0.42	0.742	0.234
1028	0.0178	0.419	0.742	0.234
1029	0.0178	0.42	0.742	0.235
1030	0.0176	0.42	0.742	0.235
1031	0.0177	0.42	0.743	0.234
1032	0.0177	0.42	0.742	0.235
1033	0.0175	0.42	0.742	0.235
1034	0.0177	0.42	0.743	0.234
1035	0.0178	0.42	0.743	0.234
1036	0.0179	0.419	0.743	0.234
1037	0.0177	0.419	0.743	0.234
1038	0.018	0.419	0.743	0.234
1039	0.0181	0.419	0.743	0.234
1040	0.0177	0.419	0.743	0.234
1041	0.0175	0.419	0.743	0.234
1042	0.0177	0.419	0.743	0.234
1043	0.0176	0.419	0.743	0.234
1044	0.0176	0.419	0.743	0.234
1045	0.0178	0.419	0.743	0.234
1046	0.0177	0.419	0.743	0.234
1047	0.0177	0.419	0.744	0.234
1048	0.0176	0.419	0.743	0.234
1049	0.0176	0.419	0.744	0.234
1050	0.0177	0.419	0.744	0.234
1051	0.0177	0.418	0.744	0.234
1052	0.0177	0.419	0.744	0.234
1053	0.0177	0.418	0.744	0.234
1054	0.0179	0.419	0.743	0.234
1055	0.0178	0.419	0.743	0.234
1056	0.0177	0.419	0.743	0.234
1057	0.0177	0.419	0.744	0.234
1058	0.0179	0.419	0.744	0.234
1059	0.0177	0.419	0.744	0.234
1060	0.0177	0.419	0.744	0.234
1061	0.0178	0.419	0.744	0.234
1062	0.0178	0.419	0.744	0.234
1063	0.0177	0.419	0.744	0.234
1064	0.0178	0.418	0.744	0.234
1065	0.0178	0.418	0.744	0.234
1066	0.0178	0.418	0.744	0.234
1067	0.0178	0.418	0.744	0.234
1068	0.0178	0.418	0.744	0.234
1069	0.0177	0.418	0.744	0.234
1070	0.0176	0.418	0.744	0.234
1071	0.0178	0.418	0.744	0.234
1072	0.0178	0.418	0.744	0.234
1073	0.0178	0.418	0.744	0.234
1074	0.0178	0.418	0.744	0.234
1075	0.0178	0.418	0.744	0.234
1076	0.0177	0.418	0.744	0.234
1077	0.0177	0.418	0.744	0.234
1078	0.0177	0.418	0.744	0.234
1079	0.0178	0.418	0.745	0.234
1080	0.0177	0.418	0.745	0.234
1081	0.0177	0.418	0.745	0.234
1082	0.0179	0.418	0.745	0.234
1083	0.0179	0.418	0.745	0.234
1084	0.0177	0.417	0.745	0.234
1085	0.0179	0.418	0.745	0.234
1086	0.0177	0.418	0.745	0.234
1087	0.0177	0.418	0.745	0.234
1088	0.0176	0.418	0.745	0.234
1089	0.0176	0.418	0.745	0.234
1090	0.0177	0.418	0.745	0.234
1091	0.0177	0.418	0.745	0.234
1092	0.0176	0.418	0.745	0.234
1093	0.0176	0.418	0.745	0.234
1094	0.0175	0.417	0.745	0.234
1095	0.0176	0.417	0.745	0.234
1096	0.0178	0.418	0.745	0.234
1097	0.0177	0.417	0.745	0.234
1098	0.0177	0.417	0.745	0.234
1099	0.0175	0.417	0.745	0.234
1100	0.0176	0.417	0.746	0.234
1101	0.0175	0.417	0.745	0.234
1102	0.0177	0.417	0.746	0.234
1103	0.0176	0.417	0.746	0.234
1104	0.0176	0.417	0.746	0.234
1105	0.0176	0.417	0.746	0.234
1106	0.0176	0.417	0.746	0.234
1107	0.0174	0.417	0.746	0.234
1108	0.0175	0.417	0.746	0.234
1109	0.0174	0.417	0.746	0.234
1110	0.0172	0.416	0.746	0.233
1111	0.0174	0.417	0.746	0.234
1112	0.0173	0.417	0.746	0.234
1113	0.0173	0.417	0.746	0.234
1114	0.0173	0.416	0.746	0.234
1115	0.0174	0.417	0.746	0.234
1116	0.0173	0.417	0.746	0.234
1117	0.0172	0.417	0.746	0.234
1118	0.0171	0.417	0.746	0.234
1119	0.0173	0.417	0.746	0.234
1120	0.0173	0.417	0.746	0.234
1121	0.0174	0.416	0.746	0.234
1122	0.0173	0.416	0.746	0.234
1123	0.0174	0.416	0.746	0.234
1124	0.0173	0.416	0.746	0.234
1125	0.0172	0.417	0.746	0.234
1126	0.0174	0.416	0.746	0.234
1127	0.0173	0.416	0.746	0.234
1128	0.0172	0.416	0.746	0.234
1129	0.0172	0.416	0.746	0.234
1130	0.0172	0.416	0.747	0.234
1131	0.0172	0.416	0.747	0.233
1132	0.0173	0.416	0.747	0.234
1133	0.0173	0.416	0.747	0.233
1134	0.0174	0.416	0.747	0.233
1135	0.0171	0.416	0.747	0.233
1136	0.0171	0.416	0.746	0.233
1137	0.0171	0.416	0.745	0.232
1138	0.0172	0.416	0.745	0.233
1139	0.0172	0.417	0.745	0.233
1140	0.0172	0.417	0.745	0.233
1141	0.0173	0.417	0.745	0.233
1142	0.0173	0.416	0.745	0.233
1143	0.0171	0.416	0.745	0.233
1144	0.0171	0.416	0.745	0.232
1145	0.0169	0.416	0.745	0.233
1146	0.017	0.416	0.745	0.232
1147	0.017	0.416	0.745	0.233
1148	0.017	0.416	0.746	0.232
1149	0.017	0.416	0.745	0.232
1150	0.0169	0.416	0.746	0.233
1151	0.0169	0.416	0.746	0.233
1152	0.0169	0.416	0.746	0.233
1153	0.0168	0.416	0.746	0.233
1154	0.0168	0.416	0.746	0.233
1155	0.0168	0.416	0.746	0.233
1156	0.017	0.416	0.746	0.233
1157	0.017	0.416	0.746	0.233
1158	0.0171	0.416	0.746	0.233
1159	0.0171	0.416	0.746	0.233
1160	0.017	0.416	0.746	0.233
1161	0.0172	0.416	0.746	0.233
1162	0.0171	0.416	0.746	0.233
1163	0.0171	0.416	0.746	0.233
1164	0.0172	0.416	0.746	0.233
1165	0.0171	0.416	0.746	0.233
1166	0.0172	0.416	0.746	0.233
1167	0.0172	0.416	0.746	0.233
1168	0.0171	0.416	0.746	0.233
1169	0.0171	0.416	0.746	0.233
1170	0.0171	0.416	0.746	0.233
1171	0.017	0.416	0.746	0.233
1172	0.017	0.416	0.746	0.233
1173	0.0173	0.416	0.746	0.233
1174	0.0174	0.416	0.746	0.233
1175	0.017	0.416	0.746	0.233
1176	0.0172	0.416	0.746	0.233
1177	0.0173	0.416	0.746	0.233
1178	0.0171	0.416	0.746	0.233
1179	0.0172	0.416	0.746	0.233
1180	0.0172	0.415	0.747	0.233
1181	0.017	0.415	0.747	0.233
1182	0.017	0.415	0.747	0.233
1183	0.0172	0.415	0.747	0.233
1184	0.017	0.415	0.747	0.233
1185	0.017	0.415	0.747	0.233
1186	0.0172	0.415	0.747	0.233
1187	0.0173	0.415	0.747	0.233
1188	0.0171	0.415	0.747	0.233
1189	0.0172	0.415	0.747	0.233
1190	0.017	0.415	0.747	0.233
1191	0.0171	0.415	0.747	0.233
1192	0.0171	0.415	0.747	0.233
1193	0.0171	0.415	0.747	0.233
1194	0.0171	0.415	0.747	0.233
1195	0.0172	0.415	0.747	0.233
1196	0.017	0.415	0.747	0.233
1197	0.0172	0.415	0.747	0.233
1198	0.0173	0.415	0.747	0.233
1199	0.0172	0.415	0.747	0.233
1200	0.017	0.415	0.747	0.233
1201	0.017	0.415	0.747	0.233
1202	0.0169	0.415	0.747	0.233
1203	0.017	0.415	0.747	0.233
1204	0.017	0.415	0.747	0.233
1205	0.0173	0.415	0.747	0.233
1206	0.0171	0.415	0.747	0.232
1207	0.0171	0.415	0.747	0.232
1208	0.017	0.415	0.747	0.233
1209	0.017	0.414	0.748	0.232
1210	0.0169	0.415	0.748	0.233
1211	0.0168	0.414	0.748	0.232
1212	0.0169	0.414	0.748	0.232
1213	0.017	0.415	0.748	0.233
1214	0.0169	0.414	0.748	0.232
1215	0.017	0.414	0.748	0.232
1216	0.0171	0.414	0.748	0.232
1217	0.017	0.414	0.748	0.232
1218	0.0169	0.414	0.748	0.232
1219	0.0168	0.414	0.748	0.232
1220	0.0168	0.414	0.748	0.232
1221	0.0167	0.414	0.748	0.232
1222	0.0168	0.414	0.748	0.233
1223	0.0167	0.414	0.748	0.232
1224	0.0167	0.414	0.748	0.232
1225	0.0168	0.414	0.748	0.232
1226	0.0167	0.414	0.748	0.232
1227	0.0165	0.414	0.748	0.232
1228	0.0167	0.414	0.748	0.232
1229	0.0166	0.414	0.748	0.232
1230	0.0167	0.414	0.749	0.232
1231	0.0167	0.414	0.748	0.232
1232	0.0168	0.414	0.748	0.232
1233	0.0168	0.414	0.748	0.232
1234	0.0169	0.414	0.748	0.232
1235	0.0167	0.414	0.748	0.232
1236	0.0166	0.414	0.748	0.232
1237	0.0166	0.414	0.748	0.233
1238	0.0165	0.414	0.748	0.233
1239	0.0166	0.414	0.748	0.233
1240	0.0167	0.414	0.748	0.232
1241	0.0167	0.414	0.749	0.232
1242	0.0168	0.413	0.749	0.232
1243	0.0168	0.413	0.749	0.232
1244	0.0167	0.414	0.749	0.232
1245	0.0166	0.413	0.749	0.232
1246	0.0166	0.414	0.749	0.232
1247	0.0165	0.413	0.749	0.232
1248	0.0166	0.413	0.749	0.232
1249	0.0165	0.414	0.749	0.232
1250	0.0165	0.413	0.749	0.232
1251	0.0164	0.413	0.749	0.232
1252	0.0164	0.413	0.749	0.232
1253	0.0163	0.413	0.749	0.232
1254	0.0164	0.413	0.75	0.232
1255	0.0164	0.413	0.749	0.232
1256	0.0165	0.413	0.75	0.232
1257	0.0166	0.413	0.75	0.232
1258	0.0166	0.413	0.749	0.232
1259	0.0166	0.413	0.749	0.232
1260	0.0165	0.413	0.75	0.232
1261	0.0166	0.413	0.75	0.232
1262	0.0166	0.413	0.75	0.232
1263	0.0165	0.413	0.75	0.232
1264	0.0166	0.413	0.75	0.232
1265	0.0166	0.413	0.75	0.232
1266	0.0165	0.413	0.75	0.232
1267	0.0167	0.413	0.75	0.232
1268	0.0167	0.413	0.75	0.232
1269	0.0166	0.413	0.75	0.232
1270	0.0168	0.413	0.75	0.232
1271	0.0167	0.413	0.75	0.232
1272	0.0166	0.412	0.749	0.231
1273	0.0166	0.413	0.748	0.231
1274	0.0165	0.413	0.748	0.231
1275	0.0165	0.413	0.748	0.231
1276	0.0165	0.413	0.748	0.231
1277	0.0165	0.413	0.748	0.231
1278	0.0164	0.413	0.748	0.231
1279	0.0164	0.413	0.748	0.231
1280	0.0165	0.413	0.748	0.231
1281	0.0164	0.413	0.748	0.231
1282	0.0164	0.413	0.748	0.231
1283	0.0165	0.413	0.748	0.231
1284	0.0164	0.413	0.748	0.231
1285	0.0163	0.413	0.748	0.231
1286	0.0164	0.413	0.749	0.231
1287	0.0163	0.413	0.748	0.232
1288	0.0164	0.413	0.748	0.231
1289	0.0163	0.413	0.749	0.231
1290	0.0164	0.413	0.748	0.231
1291	0.0166	0.413	0.748	0.231
1292	0.0164	0.413	0.748	0.231
1293	0.0165	0.413	0.748	0.231
1294	0.0165	0.413	0.748	0.231
1295	0.0164	0.413	0.749	0.231
1296	0.0165	0.413	0.748	0.232
1297	0.0164	0.413	0.748	0.231
1298	0.0163	0.413	0.749	0.231
1299	0.0163	0.413	0.749	0.231
1300	0.0162	0.413	0.749	0.231
1301	0.0164	0.413	0.749	0.231
1302	0.0164	0.413	0.749	0.231
1303	0.0164	0.413	0.749	0.231
1304	0.0164	0.413	0.749	0.231
1305	0.0164	0.413	0.749	0.231
1306	0.0163	0.413	0.749	0.231
1307	0.0163	0.412	0.749	0.231
1308	0.0163	0.413	0.749	0.231
1309	0.0163	0.413	0.749	0.231
1310	0.0164	0.412	0.749	0.231
1311	0.0164	0.412	0.749	0.231
1312	0.0165	0.412	0.749	0.231
1313	0.0165	0.412	0.749	0.231
1314	0.0165	0.412	0.75	0.231
1315	0.0164	0.412	0.75	0.231
1316	0.0163	0.412	0.749	0.231
1317	0.0164	0.412	0.75	0.231
1318	0.0163	0.412	0.749	0.231
1319	0.0163	0.412	0.75	0.231
1320	0.0163	0.412	0.749	0.231
1321	0.0162	0.413	0.749	0.231
1322	0.0164	0.412	0.75	0.231
1323	0.0163	0.412	0.75	0.231
1324	0.0164	0.412	0.749	0.232
1325	0.0165	0.412	0.75	0.231
1326	0.0165	0.412	0.75	0.231
1327	0.0165	0.412	0.75	0.231
1328	0.0164	0.412	0.75	0.231
1329	0.0162	0.412	0.75	0.231
1330	0.0162	0.412	0.75	0.231
1331	0.0162	0.412	0.75	0.231
1332	0.0161	0.412	0.75	0.231
1333	0.0162	0.412	0.75	0.232
1334	0.0162	0.412	0.75	0.231
1335	0.0163	0.412	0.75	0.231
1336	0.0162	0.412	0.75	0.231
1337	0.0163	0.412	0.75	0.231
1338	0.0162	0.412	0.75	0.231
1339	0.0162	0.412	0.75	0.231
1340	0.0162	0.411	0.75	0.231
1341	0.0162	0.411	0.751	0.231
1342	0.0163	0.412	0.75	0.231
1343	0.0162	0.411	0.751	0.231
1344	0.0162	0.411	0.751	0.231
1345	0.0162	0.411	0.751	0.231
1346	0.0162	0.411	0.751	0.231
1347	0.0162	0.411	0.751	0.231
1348	0.0163	0.411	0.751	0.231
1349	0.0164	0.411	0.751	0.231
1350	0.0163	0.411	0.751	0.231
1351	0.0163	0.411	0.751	0.231
1352	0.0163	0.411	0.751	0.231
1353	0.0164	0.411	0.751	0.231
1354	0.0164	0.411	0.751	0.231
1355	0.0163	0.411	0.751	0.231
1356	0.0163	0.411	0.751	0.231
1357	0.0163	0.411	0.751	0.231
1358	0.0162	0.411	0.751	0.231
1359	0.0163	0.411	0.751	0.231
1360	0.0164	0.411	0.751	0.231
1361	0.0162	0.411	0.751	0.231
1362	0.0164	0.411	0.751	0.231
1363	0.0164	0.411	0.751	0.231
1364	0.0164	0.411	0.751	0.231
1365	0.0165	0.411	0.751	0.231
1366	0.0166	0.411	0.751	0.231
1367	0.0163	0.41	0.752	0.231
1368	0.0164	0.411	0.752	0.231
1369	0.0163	0.411	0.752	0.231
1370	0.0162	0.41	0.752	0.231
1371	0.0162	0.411	0.752	0.231
1372	0.0161	0.41	0.752	0.231
1373	0.0161	0.41	0.752	0.231
1374	0.0162	0.41	0.752	0.231
1375	0.0163	0.41	0.752	0.231
1376	0.0162	0.41	0.752	0.23
1377	0.0162	0.41	0.752	0.231
1378	0.0161	0.41	0.752	0.231
1379	0.0161	0.41	0.752	0.231
1380	0.0161	0.41	0.752	0.231
1381	0.0161	0.41	0.752	0.231
1382	0.0161	0.41	0.752	0.23
1383	0.0161	0.41	0.752	0.231
1384	0.016	0.41	0.752	0.231
1385	0.0162	0.41	0.752	0.231
1386	0.0162	0.41	0.752	0.231
1387	0.0162	0.41	0.752	0.231
1388	0.016	0.41	0.753	0.23
1389	0.016	0.41	0.752	0.231
1390	0.0158	0.41	0.753	0.231
1391	0.0158	0.41	0.753	0.23
1392	0.016	0.41	0.753	0.231
1393	0.016	0.41	0.753	0.231
1394	0.016	0.41	0.753	0.23
1395	0.0159	0.41	0.753	0.231
1396	0.016	0.41	0.753	0.231
1397	0.0159	0.409	0.753	0.23
1398	0.0158	0.41	0.753	0.23
1399	0.0158	0.41	0.753	0.231
1400	0.0158	0.409	0.753	0.23
1401	0.0159	0.41	0.753	0.23
1402	0.0159	0.41	0.753	0.231
1403	0.0159	0.409	0.753	0.23
1404	0.016	0.409	0.753	0.23
1405	0.0161	0.41	0.753	0.231
1406	0.0161	0.409	0.753	0.23
1407	0.016	0.409	0.753	0.231
1408	0.0161	0.409	0.753	0.23
1409	0.0163	0.409	0.753	0.23
1410	0.0161	0.409	0.753	0.231
1411	0.0162	0.41	0.753	0.231
1412	0.0162	0.409	0.753	0.23
1413	0.0163	0.409	0.753	0.23
1414	0.0161	0.409	0.753	0.23
1415	0.016	0.409	0.754	0.23
1416	0.016	0.409	0.753	0.23
1417	0.0161	0.409	0.753	0.23
1418	0.016	0.409	0.753	0.23
1419	0.0159	0.409	0.753	0.23
1420	0.0159	0.409	0.753	0.23
1421	0.0159	0.409	0.754	0.23
1422	0.016	0.409	0.753	0.23
1423	0.016	0.409	0.753	0.23
1424	0.016	0.409	0.754	0.23
1425	0.016	0.409	0.754	0.23
1426	0.0159	0.409	0.754	0.23
1427	0.0158	0.409	0.753	0.23
1428	0.0157	0.409	0.754	0.23
1429	0.0158	0.409	0.754	0.23
1430	0.0157	0.408	0.754	0.23
1431	0.0157	0.408	0.754	0.23
1432	0.0158	0.408	0.754	0.23
1433	0.0157	0.408	0.754	0.23
1434	0.0158	0.408	0.754	0.23
1435	0.0156	0.408	0.754	0.23
1436	0.0157	0.408	0.754	0.23
1437	0.0157	0.408	0.754	0.23
1438	0.016	0.408	0.754	0.23
1439	0.016	0.408	0.754	0.23
1440	0.0159	0.408	0.754	0.23
1441	0.0159	0.408	0.754	0.23
1442	0.016	0.408	0.755	0.23
1443	0.0159	0.408	0.755	0.23
1444	0.0159	0.408	0.755	0.23
1445	0.0158	0.408	0.754	0.23
1446	0.0158	0.408	0.754	0.229
1447	0.0158	0.408	0.753	0.228
1448	0.0158	0.409	0.753	0.229
1449	0.0157	0.409	0.752	0.229
1450	0.0159	0.409	0.752	0.229
1451	0.0158	0.409	0.752	0.229
1452	0.0158	0.409	0.753	0.229
1453	0.0159	0.409	0.752	0.229
1454	0.0157	0.409	0.752	0.229
1455	0.0158	0.409	0.753	0.229
1456	0.0157	0.409	0.753	0.229
1457	0.0156	0.409	0.752	0.229
1458	0.0158	0.409	0.753	0.23
1459	0.0157	0.409	0.753	0.23
1460	0.0157	0.409	0.753	0.229
1461	0.0158	0.409	0.753	0.229
1462	0.0159	0.409	0.753	0.229
1463	0.0158	0.409	0.753	0.23
1464	0.0158	0.409	0.753	0.23
1465	0.0158	0.409	0.753	0.23
1466	0.0157	0.409	0.753	0.23
1467	0.0158	0.409	0.753	0.229
1468	0.0157	0.408	0.753	0.229
1469	0.0158	0.409	0.753	0.229
1470	0.0157	0.408	0.753	0.229
1471	0.0156	0.409	0.753	0.229
1472	0.0157	0.409	0.753	0.23
1473	0.0157	0.409	0.753	0.23
1474	0.0157	0.408	0.753	0.229
1475	0.0156	0.409	0.753	0.23
1476	0.0157	0.409	0.753	0.23
1477	0.0157	0.408	0.753	0.229
1478	0.0157	0.408	0.753	0.229
1479	0.0156	0.408	0.754	0.229
1480	0.0157	0.408	0.753	0.23
1481	0.0157	0.408	0.754	0.229
1482	0.0157	0.408	0.754	0.229
1483	0.0157	0.408	0.754	0.229
1484	0.0156	0.408	0.754	0.229
1485	0.0156	0.408	0.754	0.229
1486	0.0158	0.408	0.754	0.229
1487	0.0158	0.408	0.754	0.229
1488	0.0158	0.408	0.754	0.229
1489	0.0159	0.408	0.754	0.229
1490	0.0158	0.408	0.754	0.229
1491	0.0159	0.408	0.754	0.23
1492	0.0158	0.408	0.754	0.229
1493	0.0158	0.408	0.754	0.229
1494	0.0158	0.408	0.754	0.23
1495	0.0159	0.408	0.754	0.229
1496	0.0159	0.408	0.754	0.229
1497	0.0158	0.408	0.754	0.229
1498	0.0158	0.408	0.754	0.229
1499	0.0158	0.408	0.754	0.229
1500	0.0157	0.408	0.754	0.229
1501	0.0158	0.408	0.754	0.229
1502	0.0159	0.408	0.754	0.229
1503	0.0157	0.408	0.754	0.229
1504	0.0157	0.408	0.754	0.229
1505	0.0156	0.408	0.754	0.229
1506	0.0158	0.408	0.754	0.229
1507	0.0157	0.408	0.754	0.229
1508	0.0157	0.408	0.754	0.229
1509	0.0157	0.407	0.755	0.229
1510	0.0158	0.407	0.754	0.229
1511	0.0158	0.407	0.755	0.229
1512	0.0158	0.407	0.755	0.229
1513	0.0157	0.407	0.755	0.229
1514	0.0156	0.407	0.755	0.229
1515	0.0157	0.407	0.755	0.229
1516	0.0157	0.407	0.755	0.229
1517	0.0157	0.407	0.755	0.229
1518	0.0158	0.407	0.755	0.229
1519	0.0157	0.407	0.755	0.229
1520	0.0157	0.407	0.755	0.229
1521	0.0159	0.407	0.755	0.229
1522	0.0159	0.407	0.755	0.229
1523	0.0158	0.407	0.755	0.229
1524	0.0157	0.407	0.755	0.229
1525	0.0157	0.407	0.755	0.229
1526	0.0158	0.407	0.755	0.229
1527	0.0158	0.407	0.755	0.229
1528	0.0157	0.407	0.755	0.229
1529	0.0157	0.407	0.755	0.229
1530	0.0154	0.407	0.755	0.229
1531	0.0155	0.407	0.755	0.229
1532	0.0157	0.407	0.755	0.229
1533	0.0155	0.407	0.755	0.229
1534	0.0156	0.407	0.755	0.229
1535	0.0157	0.407	0.755	0.229
1536	0.0156	0.407	0.755	0.229
1537	0.0156	0.407	0.755	0.229
1538	0.0156	0.407	0.755	0.229
1539	0.0154	0.407	0.756	0.229
1540	0.0154	0.406	0.756	0.229
1541	0.0155	0.407	0.756	0.229
1542	0.0154	0.407	0.756	0.229
1543	0.0155	0.407	0.756	0.229
1544	0.0155	0.406	0.756	0.229
1545	0.0155	0.406	0.756	0.229
1546	0.0155	0.406	0.756	0.229
1547	0.0155	0.406	0.756	0.229
1548	0.0155	0.406	0.756	0.229
1549	0.0155	0.406	0.756	0.229
1550	0.0155	0.406	0.756	0.229
1551	0.0154	0.406	0.756	0.229
1552	0.0154	0.406	0.756	0.229
1553	0.0155	0.406	0.756	0.229
1554	0.0154	0.406	0.756	0.229
1555	0.0155	0.406	0.756	0.229
1556	0.0155	0.406	0.756	0.229
1557	0.0153	0.406	0.756	0.229
1558	0.0154	0.406	0.756	0.228
1559	0.0153	0.406	0.756	0.229
1560	0.0153	0.406	0.757	0.228
1561	0.0153	0.406	0.757	0.228
1562	0.0154	0.406	0.757	0.229
1563	0.0153	0.406	0.757	0.228
1564	0.0153	0.406	0.757	0.228
1565	0.0154	0.405	0.757	0.228
1566	0.0153	0.405	0.757	0.228
1567	0.0152	0.405	0.757	0.228
1568	0.0153	0.406	0.757	0.229
1569	0.0152	0.405	0.757	0.228
1570	0.0152	0.405	0.757	0.228
1571	0.0151	0.406	0.757	0.229
1572	0.0151	0.405	0.757	0.229
1573	0.015	0.405	0.757	0.229
1574	0.0152	0.405	0.757	0.229
1575	0.0152	0.405	0.757	0.228
1576	0.0151	0.406	0.756	0.229
1577	0.0152	0.406	0.757	0.229
1578	0.0153	0.406	0.757	0.229
1579	0.0153	0.406	0.757	0.229
1580	0.0153	0.405	0.757	0.229
1581	0.0152	0.405	0.757	0.228
1582	0.0152	0.405	0.757	0.229
1583	0.0153	0.405	0.757	0.229
1584	0.0152	0.405	0.757	0.229
1585	0.0151	0.405	0.757	0.229
1586	0.0151	0.405	0.757	0.229
1587	0.0151	0.405	0.757	0.229
1588	0.0152	0.405	0.757	0.229
1589	0.0154	0.405	0.757	0.229
1590	0.0153	0.405	0.757	0.228
1591	0.0153	0.405	0.757	0.228
1592	0.0153	0.405	0.757	0.228
1593	0.0152	0.405	0.757	0.228
1594	0.0153	0.405	0.758	0.228
1595	0.0152	0.405	0.758	0.228
