Iteration	ValueMean	ValueStddev	DerivMean	DerivStddev
3	-0.00412	0.679	0.481	0.294
4	-0.00316	0.689	0.459	0.275
5	-0.00113	0.668	0.448	0.245
6	0.000161	0.647	0.456	0.23
7	0.0025	0.637	0.455	0.219
8	0.00377	0.632	0.458	0.212
9	0.00429	0.629	0.458	0.206
10	0.00305	0.624	0.459	0.2
11	0.00338	0.62	0.459	0.194
12	0.00274	0.618	0.458	0.191
13	0.00265	0.617	0.455	0.187
14	0.00123	0.614	0.455	0.184
15	0.00101	0.614	0.454	0.182
16	0.000222	0.613	0.452	0.18
17	0.000104	0.613	0.449	0.178
18	-0.000229	0.611	0.449	0.176
19	-0.000818	0.61	0.447	0.174
20	-0.00193	0.61	0.445	0.173
21	-0.0018	0.611	0.442	0.172
22	-0.00123	0.61	0.441	0.171
23	-0.00225	0.61	0.439	0.17
24	-0.00339	0.61	0.438	0.17
25	-0.00215	0.608	0.436	0.169
26	-0.00248	0.609	0.436	0.169
27	-0.00254	0.608	0.434	0.168
28	-0.00336	0.609	0.431	0.167
29	-0.00357	0.609	0.43	0.167
30	-0.00389	0.609	0.428	0.166
31	-0.00454	0.608	0.428	0.166
32	-0.00497	0.608	0.427	0.166
33	-0.00504	0.609	0.426	0.166
34	-0.00442	0.608	0.425	0.165
35	-0.00485	0.608	0.423	0.165
36	-0.00483	0.608	0.422	0.164
37	-0.0058	0.608	0.422	0.165
38	-0.00458	0.607	0.42	0.165
39	-0.00592	0.608	0.419	0.164
40	-0.00566	0.607	0.418	0.164
41	-0.00557	0.608	0.417	0.164
42	-0.00613	0.607	0.417	0.164
43	-0.00636	0.608	0.416	0.164
44	-0.00678	0.608	0.415	0.164
45	-0.00698	0.608	0.414	0.164
46	-0.00707	0.608	0.413	0.164
47	-0.00577	0.609	0.412	0.164
48	-0.00639	0.609	0.411	0.164
49	-0.00773	0.608	0.41	0.164
50	-0.00824	0.608	0.409	0.164
51	-0.00795	0.608	0.408	0.164
52	-0.00691	0.609	0.408	0.164
53	-0.00627	0.61	0.406	0.165
54	-0.00714	0.61	0.406	0.165
55	-0.00766	0.611	0.405	0.165
56	-0.00806	0.611	0.404	0.165
57	-0.00721	0.61	0.404	0.165
58	-0.00659	0.61	0.404	0.165
59	-0.00735	0.61	0.403	0.164
60	-0.00725	0.611	0.402	0.165
61	-0.00764	0.611	0.402	0.164
62	-0.00616	0.61	0.402	0.165
63	-0.00642	0.61	0.401	0.164
64	-0.006	0.61	0.401	0.165
65	-0.00676	0.611	0.4	0.165
66	-0.00693	0.611	0.399	0.165
67	-0.0063	0.611	0.399	0.165
68	-0.00684	0.612	0.398	0.165
69	-0.00678	0.611	0.398	0.166
70	-0.00676	0.611	0.398	0.165
71	-0.00713	0.611	0.397	0.165
72	-0.00828	0.612	0.397	0.166
73	-0.00803	0.611	0.397	0.165
74	-0.00719	0.612	0.396	0.166
75	-0.00758	0.611	0.396	0.166
76	-0.00768	0.611	0.396	0.166
77	-0.00786	0.612	0.395	0.166
78	-0.00754	0.612	0.394	0.166
79	-0.00772	0.612	0.394	0.166
80	-0.00775	0.612	0.393	0.166
81	-0.00736	0.612	0.393	0.167
82	-0.00779	0.611	0.393	0.166
83	-0.00757	0.612	0.393	0.167
84	-0.00707	0.612	0.393	0.167
85	-0.00671	0.611	0.392	0.167
86	-0.00676	0.611	0.392	0.166
87	-0.00696	0.612	0.391	0.167
88	-0.00699	0.612	0.391	0.166
89	-0.00736	0.612	0.39	0.167
90	-0.00666	0.612	0.39	0.166
91	-0.00652	0.612	0.39	0.167
92	-0.00666	0.613	0.39	0.167
93	-0.00621	0.612	0.389	0.167
94	-0.0064	0.613	0.389	0.167
95	-0.00653	0.613	0.389	0.167
96	-0.00667	0.613	0.388	0.167
97	-0.00709	0.612	0.388	0.167
98	-0.00706	0.613	0.388	0.167
99	-0.00751	0.612	0.388	0.167
100	-0.00775	0.612	0.388	0.167
101	-0.0076	0.613	0.388	0.167
102	-0.00732	0.613	0.387	0.167
103	-0.00725	0.613	0.387	0.167
104	-0.00627	0.613	0.387	0.167
105	-0.00639	0.613	0.386	0.167
106	-0.00652	0.614	0.386	0.168
107	-0.00753	0.613	0.387	0.167
108	-0.00735	0.613	0.386	0.168
109	-0.00687	0.613	0.386	0.168
110	-0.00681	0.613	0.386	0.167
111	-0.00723	0.613	0.385	0.167
112	-0.00695	0.613	0.385	0.168
113	-0.00706	0.613	0.385	0.168
114	-0.00646	0.612	0.385	0.168
115	-0.00662	0.612	0.384	0.168
116	-0.00636	0.612	0.385	0.168
117	-0.00678	0.612	0.385	0.168
118	-0.00656	0.613	0.385	0.168
119	-0.0065	0.613	0.385	0.168
120	-0.00617	0.613	0.384	0.168
121	-0.00635	0.613	0.384	0.168
122	-0.00683	0.613	0.384	0.168
123	-0.00637	0.613	0.384	0.168
124	-0.00589	0.613	0.384	0.168
125	-0.00634	0.613	0.383	0.168
126	-0.00765	0.613	0.383	0.168
127	-0.0079	0.613	0.383	0.168
128	-0.00747	0.614	0.383	0.168
129	-0.00652	0.614	0.382	0.168
130	-0.00658	0.614	0.382	0.168
131	-0.00706	0.613	0.382	0.168
132	-0.00644	0.613	0.382	0.168
133	-0.00646	0.613	0.382	0.168
134	-0.00646	0.613	0.382	0.168
135	-0.00635	0.613	0.382	0.168
136	-0.00749	0.613	0.382	0.168
137	-0.00742	0.613	0.382	0.168
138	-0.00702	0.613	0.381	0.168
139	-0.00718	0.614	0.381	0.168
140	-0.00661	0.614	0.381	0.168
141	-0.00609	0.613	0.38	0.168
142	-0.00616	0.613	0.381	0.168
143	-0.00568	0.614	0.38	0.168
144	-0.00634	0.614	0.38	0.168
145	-0.00668	0.614	0.38	0.168
146	-0.00637	0.614	0.38	0.168
147	-0.00608	0.614	0.38	0.169
148	-0.00621	0.614	0.379	0.169
149	-0.00637	0.614	0.379	0.168
150	-0.00654	0.614	0.38	0.169
151	-0.00667	0.614	0.379	0.169
152	-0.0067	0.613	0.379	0.168
153	-0.00697	0.613	0.379	0.168
154	-0.00703	0.613	0.379	0.168
155	-0.00701	0.613	0.379	0.169
156	-0.00605	0.613	0.379	0.169
157	-0.00651	0.613	0.379	0.169
158	-0.00583	0.613	0.379	0.169
159	-0.00664	0.614	0.379	0.169
160	-0.0072	0.613	0.379	0.169
161	-0.00676	0.613	0.378	0.169
162	-0.00616	0.613	0.378	0.169
163	-0.00631	0.613	0.379	0.169
164	-0.00663	0.613	0.378	0.169
165	-0.00613	0.613	0.378	0.169
166	-0.00682	0.612	0.378	0.169
167	-0.00658	0.613	0.378	0.169
168	-0.00647	0.613	0.378	0.169
169	-0.00668	0.613	0.377	0.169
170	-0.00732	0.613	0.377	0.169
171	-0.0067	0.613	0.378	0.169
172	-0.00647	0.613	0.377	0.169
173	-0.00643	0.613	0.378	0.169
174	-0.006	0.612	0.378	0.169
175	-0.00621	0.612	0.378	0.169
176	-0.00557	0.612	0.378	0.169
177	-0.00448	0.612	0.378	0.169
178	-0.00503	0.612	0.378	0.169
179	-0.00541	0.612	0.377	0.169
180	-0.00563	0.611	0.377	0.169
181	-0.00572	0.612	0.377	0.17
182	-0.00579	0.613	0.376	0.17
183	-0.00524	0.612	0.377	0.169
184	-0.00548	0.612	0.377	0.169
185	-0.00581	0.612	0.377	0.169
186	-0.00539	0.612	0.376	0.169
187	-0.00587	0.612	0.376	0.169
188	-0.00631	0.612	0.376	0.169
189	-0.00621	0.612	0.376	0.169
190	-0.00603	0.613	0.376	0.169
191	-0.00679	0.612	0.376	0.169
192	-0.00683	0.612	0.376	0.169
193	-0.00641	0.613	0.376	0.169
194	-0.00591	0.612	0.376	0.169
195	-0.00585	0.612	0.376	0.169
196	-0.00548	0.612	0.376	0.169
197	-0.00552	0.612	0.376	0.169
198	-0.00521	0.611	0.376	0.169
199	-0.0052	0.612	0.375	0.169
200	-0.0057	0.612	0.375	0.169
201	-0.00561	0.611	0.375	0.169
202	-0.00526	0.612	0.375	0.169
203	-0.00542	0.611	0.375	0.169
204	-0.00516	0.611	0.375	0.169
205	-0.00536	0.612	0.375	0.169
206	-0.00529	0.611	0.375	0.169
207	-0.00512	0.611	0.375	0.169
208	-0.00565	0.611	0.375	0.169
209	-0.00561	0.61	0.375	0.168
210	-0.00559	0.611	0.375	0.169
211	-0.00579	0.611	0.374	0.169
212	-0.00615	0.611	0.375	0.168
213	-0.00645	0.61	0.375	0.169
214	-0.00651	0.612	0.374	0.169
215	-0.00687	0.611	0.374	0.169
216	-0.00659	0.611	0.374	0.168
217	-0.00621	0.612	0.374	0.169
218	-0.00603	0.612	0.374	0.169
219	-0.00582	0.611	0.374	0.168
220	-0.00613	0.611	0.374	0.168
221	-0.0065	0.61	0.374	0.168
222	-0.00625	0.61	0.374	0.169
223	-0.00559	0.61	0.374	0.169
224	-0.00549	0.61	0.374	0.169
225	-0.0053	0.609	0.374	0.169
226	-0.00511	0.61	0.374	0.169
227	-0.0052	0.611	0.374	0.169
228	-0.00503	0.609	0.374	0.169
229	-0.00491	0.609	0.374	0.169
230	-0.00525	0.61	0.374	0.169
231	-0.00537	0.61	0.374	0.169
232	-0.00532	0.609	0.374	0.169
233	-0.00531	0.61	0.373	0.169
234	-0.00536	0.61	0.373	0.169
235	-0.00598	0.609	0.373	0.168
236	-0.00583	0.61	0.374	0.169
237	-0.00575	0.61	0.373	0.169
238	-0.00578	0.61	0.373	0.169
239	-0.00519	0.609	0.373	0.168
240	-0.00475	0.609	0.374	0.168
241	-0.00495	0.609	0.374	0.168
242	-0.00547	0.609	0.374	0.168
243	-0.00553	0.609	0.373	0.168
244	-0.00529	0.609	0.373	0.169
245	-0.00591	0.609	0.373	0.169
246	-0.00566	0.61	0.373	0.169
247	-0.0057	0.609	0.373	0.169
248	-0.00545	0.609	0.373	0.169
249	-0.00569	0.609	0.373	0.168
250	-0.00567	0.609	0.372	0.169
251	-0.00582	0.609	0.372	0.168
252	-0.00558	0.609	0.373	0.168
253	-0.00637	0.609	0.373	0.168
254	-0.0058	0.609	0.373	0.168
255	-0.00596	0.608	0.373	0.168
256	-0.00622	0.608	0.372	0.168
257	-0.00555	0.609	0.373	0.168
258	-0.00583	0.608	0.373	0.168
259	-0.0055	0.609	0.372	0.168
260	-0.00605	0.609	0.372	0.168
261	-0.00575	0.608	0.372	0.167
262	-0.00536	0.609	0.372	0.168
263	-0.00522	0.609	0.372	0.168
264	-0.00507	0.609	0.371	0.168
265	-0.0054	0.609	0.372	0.168
266	-0.0052	0.608	0.372	0.168
267	-0.00583	0.608	0.372	0.167
268	-0.00539	0.608	0.372	0.168
269	-0.00599	0.608	0.372	0.168
270	-0.00603	0.609	0.371	0.168
271	-0.00591	0.609	0.371	0.168
272	-0.0057	0.609	0.371	0.168
273	-0.00612	0.609	0.371	0.167
274	-0.00599	0.608	0.372	0.167
275	-0.00578	0.607	0.372	0.167
276	-0.00562	0.607	0.372	0.167
277	-0.00551	0.608	0.371	0.167
278	-0.00586	0.607	0.372	0.167
279	-0.00579	0.607	0.371	0.167
280	-0.00618	0.608	0.371	0.167
281	-0.00576	0.607	0.371	0.167
282	-0.00579	0.607	0.372	0.167
283	-0.00632	0.607	0.371	0.167
284	-0.00554	0.607	0.371	0.167
285	-0.00609	0.607	0.371	0.167
286	-0.00618	0.607	0.371	0.167
287	-0.00593	0.607	0.372	0.168
288	-0.00588	0.606	0.371	0.167
289	-0.00601	0.607	0.371	0.167
290	-0.00601	0.606	0.371	0.167
291	-0.0062	0.606	0.371	0.167
292	-0.00572	0.607	0.371	0.167
293	-0.00615	0.607	0.371	0.167
294	-0.0067	0.607	0.371	0.167
295	-0.0063	0.607	0.371	0.167
296	-0.00614	0.607	0.371	0.167
297	-0.00608	0.606	0.371	0.167
298	-0.00538	0.606	0.371	0.167
299	-0.00539	0.607	0.371	0.167
300	-0.00556	0.607	0.371	0.167
301	-0.0054	0.607	0.37	0.167
302	-0.00584	0.606	0.371	0.167
303	-0.00597	0.606	0.371	0.167
304	-0.00611	0.606	0.371	0.167
305	-0.00594	0.606	0.37	0.167
306	-0.00557	0.606	0.371	0.166
307	-0.0062	0.607	0.37	0.167
308	-0.0051	0.606	0.37	0.166
309	-0.00513	0.606	0.37	0.167
310	-0.00547	0.606	0.37	0.167
311	-0.00531	0.606	0.37	0.167
312	-0.0055	0.606	0.37	0.167
313	-0.00527	0.606	0.37	0.167
314	-0.00552	0.606	0.37	0.167
315	-0.00549	0.605	0.371	0.167
316	-0.0062	0.605	0.371	0.167
317	-0.00595	0.605	0.37	0.167
318	-0.00586	0.605	0.37	0.167
319	-0.00581	0.605	0.37	0.167
320	-0.00556	0.605	0.371	0.167
321	-0.00573	0.605	0.37	0.167
322	-0.00582	0.605	0.37	0.167
323	-0.00493	0.605	0.37	0.167
324	-0.00534	0.604	0.371	0.166
325	-0.00533	0.605	0.37	0.166
326	-0.00534	0.604	0.37	0.166
327	-0.00575	0.605	0.371	0.166
328	-0.00554	0.605	0.371	0.167
329	-0.00541	0.605	0.371	0.167
330	-0.00532	0.604	0.37	0.167
331	-0.0058	0.604	0.37	0.167
332	-0.0063	0.605	0.37	0.167
333	-0.00596	0.604	0.37	0.167
334	-0.00599	0.604	0.371	0.167
335	-0.00556	0.604	0.37	0.166
336	-0.00599	0.603	0.37	0.166
337	-0.00564	0.603	0.371	0.166
338	-0.0058	0.603	0.37	0.166
339	-0.00554	0.604	0.37	0.166
340	-0.00507	0.604	0.37	0.166
341	-0.00537	0.604	0.37	0.166
342	-0.00508	0.603	0.37	0.166
343	-0.00531	0.603	0.37	0.166
344	-0.00462	0.603	0.37	0.166
345	-0.00487	0.603	0.37	0.166
346	-0.00523	0.604	0.37	0.166
347	-0.00536	0.603	0.37	0.166
348	-0.00568	0.603	0.37	0.166
349	-0.00587	0.603	0.37	0.166
350	-0.00556	0.603	0.37	0.166
351	-0.0056	0.603	0.37	0.166
352	-0.0052	0.603	0.37	0.166
353	-0.00544	0.602	0.37	0.165
354	-0.00599	0.603	0.37	0.165
355	-0.00575	0.603	0.37	0.165
356	-0.00598	0.603	0.37	0.165
357	-0.00635	0.602	0.37	0.165
358	-0.00624	0.602	0.37	0.165
359	-0.00614	0.603	0.371	0.166
360	-0.00621	0.602	0.37	0.165
361	-0.00646	0.602	0.37	0.166
362	-0.00632	0.603	0.369	0.166
363	-0.00601	0.603	0.369	0.165
364	-0.00632	0.602	0.369	0.165
365	-0.00652	0.603	0.369	0.165
366	-0.00669	0.602	0.37	0.165
367	-0.00683	0.602	0.369	0.165
368	-0.00665	0.603	0.369	0.165
369	-0.00701	0.602	0.369	0.165
370	-0.00709	0.602	0.37	0.165
371	-0.00691	0.602	0.369	0.165
372	-0.00681	0.602	0.369	0.165
373	-0.00693	0.603	0.369	0.165
374	-0.00678	0.602	0.369	0.165
375	-0.00667	0.602	0.369	0.165
376	-0.0065	0.603	0.369	0.165
377	-0.00619	0.602	0.369	0.165
378	-0.00582	0.602	0.369	0.165
379	-0.00629	0.602	0.369	0.165
380	-0.00632	0.602	0.369	0.165
381	-0.00634	0.602	0.369	0.165
382	-0.00619	0.602	0.369	0.165
383	-0.00605	0.601	0.37	0.165
384	-0.00631	0.601	0.37	0.165
385	-0.00607	0.601	0.369	0.165
386	-0.00563	0.601	0.369	0.165
387	-0.00572	0.601	0.369	0.165
388	-0.00556	0.601	0.369	0.165
389	-0.0055	0.601	0.369	0.165
390	-0.00616	0.601	0.369	0.165
391	-0.00625	0.601	0.369	0.165
392	-0.00632	0.6	0.369	0.165
393	-0.00609	0.6	0.369	0.164
394	-0.00594	0.601	0.369	0.164
395	-0.00618	0.601	0.369	0.164
396	-0.00596	0.601	0.369	0.164
397	-0.00539	0.601	0.368	0.164
398	-0.0062	0.601	0.368	0.164
399	-0.00612	0.601	0.368	0.164
400	-0.00582	0.601	0.368	0.164
401	-0.0058	0.601	0.368	0.163
402	-0.00522	0.6	0.368	0.164
403	-0.00546	0.601	0.368	0.164
404	-0.00588	0.601	0.368	0.164
405	-0.00597	0.601	0.368	0.164
406	-0.00612	0.601	0.368	0.164
407	-0.00642	0.6	0.369	0.164
408	-0.00578	0.601	0.369	0.164
409	-0.00635	0.6	0.368	0.164
410	-0.00693	0.599	0.369	0.164
411	-0.00668	0.6	0.369	0.164
412	-0.00682	0.6	0.368	0.164
413	-0.00745	0.599	0.369	0.164
414	-0.00707	0.6	0.369	0.164
415	-0.00675	0.599	0.369	0.164
416	-0.00664	0.6	0.369	0.164
417	-0.00683	0.6	0.369	0.164
418	-0.00709	0.599	0.369	0.163
419	-0.00718	0.599	0.369	0.163
420	-0.00736	0.6	0.368	0.164
421	-0.00798	0.6	0.368	0.164
422	-0.00747	0.599	0.368	0.163
423	-0.00706	0.6	0.368	0.163
424	-0.00741	0.6	0.368	0.163
425	-0.00708	0.599	0.369	0.163
426	-0.00705	0.6	0.368	0.163
427	-0.00706	0.599	0.369	0.163
428	-0.00707	0.599	0.368	0.163
429	-0.00752	0.599	0.368	0.163
430	-0.00742	0.599	0.368	0.163
431	-0.00785	0.599	0.368	0.163
432	-0.00761	0.599	0.368	0.163
433	-0.00739	0.599	0.368	0.163
434	-0.00758	0.6	0.368	0.163
435	-0.00725	0.599	0.368	0.163
436	-0.00729	0.599	0.368	0.163
437	-0.00733	0.6	0.367	0.163
438	-0.0072	0.599	0.368	0.163
439	-0.00706	0.599	0.368	0.163
440	-0.00773	0.6	0.367	0.163
441	-0.0079	0.599	0.367	0.163
442	-0.00777	0.599	0.368	0.163
443	-0.00806	0.599	0.368	0.163
444	-0.00799	0.598	0.368	0.163
445	-0.00819	0.598	0.368	0.163
446	-0.00811	0.599	0.367	0.163
447	-0.00783	0.598	0.368	0.163
448	-0.00778	0.598	0.368	0.163
449	-0.00756	0.598	0.368	0.163
450	-0.0074	0.598	0.368	0.163
451	-0.0075	0.598	0.368	0.163
452	-0.00762	0.598	0.368	0.163
453	-0.00751	0.598	0.368	0.163
454	-0.00775	0.597	0.368	0.163
455	-0.00754	0.598	0.368	0.163
456	-0.00706	0.598	0.368	0.163
457	-0.00699	0.598	0.368	0.163
458	-0.0068	0.598	0.368	0.163
459	-0.00668	0.597	0.368	0.163
460	-0.00693	0.597	0.368	0.163
461	-0.00719	0.597	0.368	0.163
462	-0.00707	0.597	0.368	0.163
463	-0.00731	0.597	0.368	0.162
464	-0.00751	0.597	0.368	0.163
465	-0.00779	0.597	0.368	0.163
466	-0.0077	0.597	0.368	0.163
467	-0.00764	0.597	0.368	0.163
468	-0.0075	0.596	0.368	0.163
469	-0.00722	0.597	0.368	0.162
470	-0.00789	0.597	0.368	0.163
471	-0.00752	0.596	0.368	0.163
472	-0.00787	0.597	0.368	0.163
473	-0.00776	0.597	0.368	0.162
474	-0.00737	0.596	0.368	0.162
475	-0.00763	0.596	0.368	0.163
476	-0.00749	0.596	0.368	0.163
477	-0.00756	0.596	0.368	0.162
478	-0.00752	0.596	0.368	0.162
479	-0.0079	0.596	0.368	0.163
480	-0.00782	0.596	0.368	0.163
481	-0.0073	0.596	0.367	0.162
482	-0.00751	0.596	0.368	0.163
483	-0.0075	0.596	0.368	0.162
484	-0.00751	0.596	0.368	0.162
485	-0.00733	0.595	0.368	0.162
486	-0.00736	0.595	0.368	0.162
487	-0.00733	0.595	0.368	0.162
488	-0.00812	0.595	0.368	0.162
489	-0.0074	0.595	0.368	0.162
490	-0.00793	0.595	0.368	0.162
491	-0.00811	0.595	0.368	0.162
492	-0.00813	0.595	0.368	0.162
493	-0.00856	0.595	0.368	0.162
494	-0.00843	0.595	0.368	0.162
495	-0.00843	0.595	0.368	0.162
496	-0.00872	0.595	0.368	0.161
497	-0.00899	0.595	0.368	0.162
498	-0.00855	0.595	0.368	0.162
499	-0.00851	0.594	0.368	0.162
500	-0.00846	0.595	0.368	0.162
501	-0.00814	0.595	0.368	0.162
502	-0.00821	0.593	0.368	0.162
503	-0.00805	0.594	0.368	0.162
504	-0.00814	0.594	0.368	0.162
505	-0.00851	0.594	0.368	0.162
506	-0.00831	0.594	0.368	0.162
507	-0.00854	0.593	0.368	0.162
508	-0.00896	0.593	0.368	0.162
509	-0.00934	0.594	0.368	0.162
510	-0.00887	0.593	0.368	0.162
511	-0.00909	0.594	0.368	0.162
512	-0.00856	0.594	0.368	0.162
513	-0.00889	0.594	0.368	0.162
514	-0.00859	0.593	0.368	0.162
515	-0.00869	0.593	0.369	0.162
516	-0.00868	0.593	0.368	0.162
517	-0.00881	0.593	0.368	0.161
518	-0.00859	0.593	0.368	0.162
519	-0.00847	0.593	0.368	0.161
520	-0.00849	0.593	0.368	0.161
521	-0.00884	0.594	0.368	0.161
522	-0.00929	0.593	0.368	0.161
523	-0.00874	0.593	0.368	0.161
524	-0.00862	0.593	0.368	0.161
525	-0.00837	0.593	0.368	0.161
526	-0.00841	0.593	0.368	0.161
527	-0.00832	0.592	0.368	0.161
528	-0.0089	0.593	0.368	0.161
529	-0.00885	0.593	0.368	0.161
530	-0.00891	0.593	0.368	0.161
531	-0.00899	0.593	0.368	0.161
532	-0.00906	0.593	0.368	0.161
533	-0.00872	0.593	0.368	0.162
534	-0.00877	0.593	0.368	0.161
535	-0.00892	0.592	0.368	0.161
536	-0.0093	0.592	0.368	0.161
537	-0.00897	0.592	0.368	0.161
538	-0.00976	0.592	0.368	0.161
539	-0.00929	0.592	0.368	0.161
540	-0.00927	0.592	0.368	0.161
541	-0.00966	0.592	0.368	0.161
542	-0.00967	0.593	0.367	0.161
543	-0.00932	0.592	0.368	0.161
544	-0.00869	0.592	0.368	0.161
545	-0.00884	0.592	0.368	0.161
546	-0.00897	0.592	0.368	0.161
547	-0.00943	0.592	0.368	0.161
548	-0.00957	0.592	0.368	0.161
549	-0.00954	0.592	0.368	0.161
550	-0.0096	0.591	0.368	0.161
551	-0.00949	0.592	0.368	0.161
552	-0.00947	0.592	0.368	0.161
553	-0.00932	0.592	0.368	0.161
554	-0.00948	0.592	0.368	0.161
555	-0.00981	0.591	0.368	0.161
556	-0.00974	0.592	0.368	0.161
557	-0.00991	0.592	0.368	0.161
558	-0.00993	0.591	0.368	0.161
559	-0.00934	0.592	0.368	0.161
560	-0.00926	0.592	0.368	0.161
561	-0.00912	0.591	0.368	0.161
562	-0.0091	0.592	0.367	0.161
563	-0.00899	0.592	0.368	0.161
564	-0.00923	0.591	0.368	0.161
565	-0.00894	0.591	0.368	0.161
566	-0.0093	0.59	0.368	0.161
567	-0.00973	0.59	0.368	0.161
568	-0.00968	0.591	0.368	0.161
569	-0.00923	0.59	0.368	0.161
570	-0.00968	0.59	0.368	0.161
571	-0.00919	0.59	0.368	0.161
572	-0.00911	0.59	0.368	0.161
573	-0.00951	0.59	0.368	0.161
574	-0.00962	0.59	0.368	0.161
575	-0.00974	0.59	0.368	0.16
576	-0.00978	0.589	0.368	0.16
577	-0.00977	0.59	0.368	0.161
578	-0.00972	0.59	0.368	0.161
579	-0.00958	0.589	0.368	0.161
580	-0.00992	0.589	0.368	0.161
581	-0.00945	0.59	0.368	0.161
582	-0.00928	0.59	0.368	0.161
583	-0.0092	0.59	0.368	0.161
584	-0.0096	0.59	0.368	0.161
585	-0.0101	0.589	0.368	0.16
586	-0.00954	0.589	0.368	0.161
587	-0.00963	0.59	0.368	0.161
588	-0.0098	0.59	0.368	0.161
589	-0.00997	0.59	0.368	0.161
590	-0.0105	0.59	0.368	0.161
591	-0.0109	0.59	0.368	0.161
592	-0.0105	0.59	0.368	0.161
593	-0.0102	0.59	0.367	0.161
594	-0.0107	0.59	0.368	0.161
595	-0.011	0.59	0.368	0.161
596	-0.0106	0.59	0.367	0.16
597	-0.0112	0.589	0.367	0.16
598	-0.0109	0.59	0.367	0.16
599	-0.0111	0.59	0.367	0.16
600	-0.0114	0.59	0.367	0.16
601	-0.0108	0.59	0.367	0.16
602	-0.011	0.589	0.367	0.16
603	-0.011	0.589	0.367	0.16
604	-0.0109	0.589	0.367	0.16
605	-0.011	0.59	0.367	0.16
606	-0.0111	0.589	0.368	0.16
607	-0.0108	0.589	0.368	0.16
608	-0.0108	0.589	0.368	0.16
609	-0.0112	0.589	0.367	0.16
610	-0.0109	0.589	0.368	0.16
611	-0.0112	0.589	0.367	0.16
612	-0.011	0.589	0.367	0.16
613	-0.0106	0.589	0.367	0.16
614	-0.011	0.589	0.367	0.16
615	-0.0108	0.588	0.368	0.16
616	-0.0108	0.588	0.367	0.16
617	-0.011	0.588	0.367	0.16
618	-0.0106	0.588	0.368	0.16
619	-0.0107	0.588	0.367	0.16
620	-0.0101	0.588	0.368	0.16
621	-0.00984	0.587	0.368	0.16
622	-0.0102	0.588	0.368	0.16
623	-0.0103	0.588	0.368	0.16
624	-0.00982	0.587	0.368	0.16
625	-0.00962	0.587	0.367	0.16
626	-0.00975	0.587	0.368	0.16
627	-0.00972	0.587	0.367	0.159
628	-0.00962	0.588	0.367	0.16
629	-0.0101	0.588	0.367	0.16
630	-0.0102	0.587	0.367	0.159
631	-0.0106	0.588	0.367	0.16
632	-0.0105	0.588	0.368	0.159
633	-0.01	0.587	0.367	0.16
634	-0.0103	0.588	0.367	0.16
635	-0.0107	0.587	0.367	0.159
636	-0.00999	0.587	0.367	0.159
637	-0.00986	0.587	0.367	0.16
638	-0.0104	0.587	0.367	0.159
639	-0.0103	0.587	0.367	0.16
640	-0.0104	0.587	0.366	0.16
641	-0.0102	0.587	0.367	0.159
642	-0.01	0.587	0.366	0.159
643	-0.0101	0.588	0.367	0.159
644	-0.0102	0.587	0.367	0.159
645	-0.0104	0.587	0.367	0.159
646	-0.0104	0.587	0.366	0.159
647	-0.0104	0.588	0.367	0.159
648	-0.01	0.588	0.367	0.159
649	-0.01	0.588	0.366	0.159
650	-0.00976	0.587	0.366	0.159
651	-0.00975	0.587	0.367	0.159
652	-0.00982	0.587	0.367	0.159
653	-0.0103	0.587	0.367	0.159
654	-0.00983	0.586	0.367	0.158
655	-0.0102	0.586	0.367	0.158
656	-0.00996	0.586	0.367	0.158
657	-0.0101	0.586	0.367	0.158
658	-0.0104	0.587	0.367	0.159
659	-0.0106	0.587	0.367	0.159
660	-0.0102	0.587	0.367	0.158
661	-0.01	0.587	0.366	0.158
662	-0.0104	0.587	0.366	0.158
663	-0.0102	0.586	0.366	0.158
664	-0.0102	0.586	0.367	0.158
665	-0.0101	0.587	0.367	0.159
666	-0.0104	0.586	0.367	0.158
667	-0.0103	0.586	0.367	0.158
668	-0.00996	0.586	0.367	0.158
669	-0.0102	0.586	0.367	0.159
670	-0.0102	0.587	0.366	0.158
671	-0.0105	0.587	0.366	0.159
672	-0.0108	0.586	0.367	0.158
673	-0.0107	0.587	0.366	0.159
674	-0.0105	0.586	0.367	0.158
675	-0.0105	0.586	0.367	0.159
676	-0.0105	0.586	0.366	0.158
677	-0.0104	0.586	0.367	0.158
678	-0.0101	0.585	0.367	0.158
679	-0.0104	0.585	0.367	0.158
680	-0.0105	0.585	0.367	0.158
681	-0.0106	0.585	0.367	0.158
682	-0.0104	0.585	0.367	0.158
683	-0.0105	0.585	0.367	0.158
684	-0.0106	0.585	0.367	0.158
685	-0.0104	0.585	0.367	0.158
686	-0.00994	0.585	0.367	0.158
687	-0.0099	0.585	0.367	0.158
688	-0.00976	0.585	0.367	0.158
689	-0.0102	0.585	0.367	0.158
690	-0.0104	0.585	0.367	0.158
691	-0.0105	0.585	0.367	0.158
692	-0.0108	0.586	0.366	0.158
693	-0.0104	0.585	0.366	0.158
694	-0.0103	0.585	0.367	0.158
695	-0.0102	0.585	0.366	0.158
696	-0.0103	0.584	0.366	0.158
697	-0.0105	0.585	0.366	0.158
698	-0.0104	0.585	0.366	0.158
699	-0.00995	0.585	0.366	0.158
700	-0.00992	0.584	0.366	0.158
701	-0.0093	0.584	0.367	0.158
702	-0.00934	0.584	0.366	0.158
703	-0.00931	0.585	0.366	0.158
704	-0.00947	0.584	0.366	0.158
705	-0.00951	0.584	0.367	0.158
706	-0.0101	0.585	0.366	0.158
707	-0.01	0.585	0.366	0.158
708	-0.0103	0.585	0.367	0.158
709	-0.0103	0.585	0.366	0.158
710	-0.0103	0.584	0.367	0.158
711	-0.0102	0.584	0.366	0.158
712	-0.0104	0.584	0.367	0.158
713	-0.0103	0.585	0.366	0.158
714	-0.0103	0.584	0.366	0.158
715	-0.0101	0.584	0.366	0.158
716	-0.0102	0.584	0.366	0.158
717	-0.0105	0.583	0.367	0.158
718	-0.00987	0.584	0.366	0.158
719	-0.0099	0.583	0.366	0.158
720	-0.01	0.584	0.366	0.158
721	-0.0101	0.583	0.367	0.158
722	-0.0102	0.583	0.367	0.158
723	-0.0101	0.583	0.367	0.158
724	-0.00957	0.583	0.367	0.158
725	-0.00994	0.584	0.367	0.158
726	-0.0103	0.583	0.367	0.157
727	-0.0101	0.583	0.366	0.158
728	-0.00962	0.582	0.367	0.157
729	-0.00984	0.583	0.367	0.158
730	-0.0101	0.582	0.366	0.158
731	-0.00992	0.583	0.366	0.157
732	-0.0103	0.583	0.366	0.158
733	-0.0103	0.582	0.366	0.157
734	-0.00994	0.583	0.366	0.157
735	-0.00956	0.583	0.366	0.157
736	-0.00976	0.582	0.366	0.157
737	-0.00975	0.582	0.367	0.157
738	-0.00967	0.583	0.366	0.157
739	-0.00981	0.582	0.367	0.157
740	-0.0101	0.582	0.366	0.157
741	-0.00998	0.582	0.367	0.158
742	-0.00997	0.582	0.367	0.157
743	-0.01	0.582	0.367	0.157
744	-0.00955	0.582	0.366	0.157
745	-0.00989	0.582	0.366	0.158
746	-0.00993	0.582	0.366	0.157
747	-0.00994	0.582	0.366	0.157
748	-0.00981	0.582	0.366	0.157
749	-0.00999	0.582	0.366	0.157
750	-0.00975	0.582	0.366	0.157
751	-0.00979	0.582	0.366	0.157
752	-0.0097	0.582	0.366	0.157
753	-0.00991	0.582	0.366	0.157
754	-0.00993	0.582	0.366	0.157
755	-0.00998	0.581	0.366	0.157
756	-0.0102	0.582	0.367	0.157
757	-0.0105	0.581	0.366	0.157
758	-0.0101	0.582	0.366	0.157
759	-0.0104	0.582	0.366	0.157
760	-0.0104	0.582	0.366	0.157
761	-0.0109	0.582	0.366	0.157
762	-0.00986	0.582	0.366	0.157
763	-0.0102	0.581	0.367	0.157
764	-0.0103	0.582	0.366	0.157
765	-0.0103	0.581	0.366	0.157
766	-0.00986	0.581	0.366	0.157
767	-0.00969	0.581	0.366	0.157
768	-0.0104	0.581	0.366	0.157
769	-0.00994	0.581	0.366	0.156
770	-0.00967	0.581	0.366	0.157
771	-0.00984	0.581	0.366	0.156
772	-0.00971	0.581	0.367	0.156
773	-0.00997	0.58	0.366	0.156
774	-0.00989	0.581	0.366	0.156
775	-0.00987	0.581	0.366	0.157
776	-0.0102	0.58	0.366	0.157
777	-0.00979	0.581	0.366	0.157
778	-0.00927	0.581	0.366	0.157
779	-0.00965	0.581	0.366	0.156
780	-0.00993	0.581	0.366	0.156
781	-0.0102	0.581	0.366	0.157
782	-0.0099	0.581	0.366	0.156
783	-0.0103	0.581	0.366	0.156
784	-0.01	0.581	0.366	0.156
785	-0.0104	0.58	0.366	0.156
786	-0.0102	0.581	0.366	0.156
787	-0.0102	0.581	0.366	0.156
788	-0.0103	0.58	0.366	0.156
789	-0.0103	0.58	0.366	0.156
790	-0.0106	0.58	0.366	0.156
791	-0.011	0.581	0.366	0.156
792	-0.0107	0.58	0.366	0.156
793	-0.0106	0.58	0.366	0.156
794	-0.0105	0.58	0.366	0.156
795	-0.0105	0.58	0.366	0.156
796	-0.0105	0.58	0.366	0.156
797	-0.0106	0.58	0.366	0.156
798	-0.0108	0.58	0.366	0.156
799	-0.0106	0.579	0.366	0.156
800	-0.0108	0.58	0.366	0.156
801	-0.011	0.58	0.366	0.156
802	-0.0106	0.58	0.366	0.156
803	-0.0105	0.579	0.366	0.155
804	-0.0104	0.58	0.366	0.156
805	-0.0107	0.58	0.366	0.156
806	-0.0104	0.58	0.366	0.156
807	-0.0107	0.58	0.366	0.156
808	-0.0107	0.58	0.366	0.156
809	-0.0101	0.58	0.366	0.156
810	-0.0103	0.58	0.366	0.156
811	-0.0103	0.58	0.366	0.156
812	-0.0104	0.58	0.366	0.156
813	-0.0101	0.58	0.365	0.156
814	-0.0101	0.58	0.366	0.156
815	-0.0101	0.579	0.365	0.155
816	-0.01	0.579	0.366	0.156
817	-0.00979	0.579	0.366	0.156
818	-0.00989	0.579	0.366	0.155
819	-0.0103	0.579	0.366	0.155
820	-0.0106	0.58	0.366	0.155
821	-0.0108	0.579	0.366	0.155
822	-0.0108	0.579	0.366	0.155
823	-0.0108	0.579	0.366	0.156
824	-0.0108	0.579	0.366	0.155
825	-0.0105	0.579	0.366	0.155
826	-0.0106	0.579	0.366	0.155
827	-0.0106	0.579	0.366	0.155
828	-0.0108	0.579	0.366	0.155
829	-0.0108	0.58	0.366	0.155
830	-0.0103	0.579	0.366	0.155
831	-0.0105	0.578	0.366	0.155
832	-0.0106	0.579	0.366	0.155
833	-0.0108	0.579	0.366	0.155
834	-0.0103	0.579	0.365	0.155
835	-0.0102	0.579	0.366	0.155
836	-0.01	0.579	0.366	0.155
837	-0.00967	0.579	0.366	0.155
838	-0.0101	0.579	0.366	0.155
839	-0.0102	0.578	0.366	0.155
840	-0.01	0.579	0.366	0.155
841	-0.0102	0.579	0.366	0.155
842	-0.0101	0.579	0.366	0.155
843	-0.0102	0.579	0.366	0.155
844	-0.0105	0.579	0.366	0.155
845	-0.0102	0.578	0.366	0.155
846	-0.01	0.578	0.365	0.155
847	-0.01	0.578	0.365	0.155
848	-0.0105	0.578	0.366	0.155
849	-0.00992	0.578	0.366	0.155
850	-0.00989	0.579	0.365	0.155
851	-0.00989	0.578	0.366	0.155
852	-0.00952	0.578	0.366	0.155
853	-0.00965	0.578	0.366	0.155
854	-0.0101	0.578	0.365	0.155
855	-0.00988	0.578	0.365	0.155
856	-0.0103	0.578	0.366	0.155
857	-0.00999	0.578	0.366	0.155
858	-0.00955	0.578	0.365	0.154
859	-0.0103	0.578	0.365	0.154
860	-0.0103	0.578	0.365	0.154
861	-0.0103	0.578	0.365	0.154
862	-0.0103	0.578	0.366	0.154
863	-0.0102	0.577	0.365	0.154
864	-0.0102	0.578	0.365	0.154
865	-0.0102	0.578	0.366	0.154
866	-0.0102	0.577	0.366	0.154
867	-0.00985	0.578	0.365	0.154
868	-0.00967	0.577	0.365	0.154
869	-0.0098	0.577	0.365	0.154
870	-0.00941	0.577	0.365	0.154
871	-0.00988	0.578	0.365	0.154
872	-0.0102	0.577	0.366	0.154
873	-0.0104	0.577	0.365	0.154
874	-0.0104	0.578	0.365	0.154
875	-0.0108	0.577	0.365	0.154
876	-0.0106	0.577	0.365	0.154
877	-0.011	0.578	0.365	0.154
878	-0.011	0.577	0.365	0.154
879	-0.0107	0.577	0.365	0.154
880	-0.0107	0.578	0.365	0.154
881	-0.0104	0.578	0.365	0.154
882	-0.0104	0.578	0.365	0.154
883	-0.0103	0.578	0.365	0.154
884	-0.0105	0.577	0.365	0.154
885	-0.0108	0.577	0.365	0.154
886	-0.0107	0.577	0.365	0.154
887	-0.0106	0.577	0.365	0.154
888	-0.0109	0.578	0.365	0.154
889	-0.0106	0.577	0.365	0.154
890	-0.0107	0.578	0.365	0.154
891	-0.0108	0.578	0.364	0.154
892	-0.0105	0.577	0.365	0.154
893	-0.0109	0.577	0.365	0.154
894	-0.011	0.577	0.365	0.154
895	-0.0111	0.577	0.365	0.154
896	-0.0105	0.577	0.365	0.154
897	-0.0106	0.577	0.365	0.153
898	-0.0108	0.577	0.365	0.154
899	-0.0106	0.577	0.365	0.154
900	-0.0105	0.577	0.365	0.154
901	-0.0103	0.576	0.365	0.154
902	-0.0106	0.577	0.365	0.154
903	-0.0104	0.577	0.365	0.154
904	-0.0106	0.577	0.365	0.153
905	-0.0106	0.577	0.365	0.154
906	-0.0105	0.577	0.365	0.153
907	-0.0106	0.577	0.364	0.153
908	-0.011	0.577	0.364	0.153
909	-0.0106	0.576	0.364	0.153
910	-0.0105	0.577	0.364	0.153
911	-0.0109	0.577	0.364	0.153
912	-0.0109	0.577	0.364	0.153
913	-0.0109	0.577	0.365	0.153
914	-0.0107	0.577	0.364	0.153
915	-0.0098	0.576	0.365	0.153
916	-0.00966	0.576	0.365	0.153
917	-0.00957	0.576	0.365	0.153
918	-0.00979	0.576	0.365	0.153
919	-0.0101	0.577	0.364	0.153
920	-0.01	0.576	0.364	0.153
921	-0.00985	0.576	0.365	0.153
922	-0.0101	0.576	0.365	0.153
923	-0.0106	0.576	0.365	0.153
924	-0.0101	0.576	0.365	0.153
925	-0.0104	0.576	0.365	0.153
926	-0.0105	0.575	0.365	0.153
927	-0.0105	0.576	0.365	0.153
928	-0.0104	0.576	0.365	0.153
929	-0.0104	0.576	0.365	0.153
930	-0.0105	0.576	0.365	0.153
931	-0.0106	0.575	0.365	0.153
932	-0.0101	0.575	0.365	0.153
933	-0.0102	0.576	0.365	0.153
934	-0.0104	0.576	0.365	0.153
935	-0.0103	0.575	0.365	0.153
936	-0.0103	0.576	0.365	0.153
937	-0.0107	0.575	0.364	0.153
938	-0.0104	0.575	0.365	0.153
939	-0.0102	0.575	0.365	0.153
940	-0.0104	0.575	0.365	0.153
941	-0.00988	0.574	0.365	0.153
942	-0.01	0.575	0.365	0.153
943	-0.0103	0.575	0.365	0.152
944	-0.0102	0.575	0.365	0.153
945	-0.0104	0.575	0.365	0.153
946	-0.0103	0.575	0.365	0.153
947	-0.0103	0.575	0.365	0.153
948	-0.0102	0.575	0.365	0.153
949	-0.0103	0.574	0.365	0.153
950	-0.0101	0.574	0.365	0.153
951	-0.0103	0.574	0.365	0.153
952	-0.0105	0.574	0.365	0.153
953	-0.0104	0.574	0.365	0.153
954	-0.0104	0.574	0.365	0.152
955	-0.0102	0.575	0.365	0.153
956	-0.0104	0.574	0.365	0.152
957	-0.0104	0.574	0.365	0.153
958	-0.0108	0.574	0.365	0.153
959	-0.0106	0.574	0.365	0.152
960	-0.0105	0.574	0.365	0.152
961	-0.011	0.575	0.365	0.153
962	-0.0112	0.574	0.365	0.153
963	-0.0111	0.574	0.365	0.153
964	-0.0105	0.574	0.365	0.153
965	-0.0107	0.574	0.365	0.153
966	-0.0108	0.574	0.365	0.153
967	-0.0108	0.574	0.365	0.153
968	-0.011	0.574	0.365	0.152
969	-0.0108	0.574	0.365	0.153
970	-0.0107	0.574	0.365	0.152
971	-0.0102	0.574	0.365	0.152
972	-0.0105	0.574	0.365	0.152
973	-0.0105	0.573	0.365	0.152
974	-0.0102	0.574	0.365	0.153
975	-0.0103	0.571	0.367	0.152
976	-0.0102	0.568	0.371	0.152
977	-0.0105	0.568	0.37	0.152
978	-0.0102	0.569	0.37	0.153
979	-0.0102	0.569	0.369	0.152
980	-0.0107	0.569	0.369	0.152
981	-0.0107	0.569	0.369	0.152
982	-0.0105	0.57	0.369	0.152
983	-0.0102	0.569	0.369	0.152
984	-0.0104	0.57	0.368	0.152
985	-0.0103	0.57	0.368	0.152
986	-0.0107	0.57	0.368	0.152
987	-0.0107	0.57	0.368	0.152
988	-0.0106	0.57	0.368	0.152
989	-0.0105	0.57	0.368	0.152
990	-0.0105	0.57	0.368	0.152
991	-0.0109	0.57	0.367	0.152
992	-0.011	0.57	0.367	0.152
993	-0.011	0.57	0.368	0.152
994	-0.0107	0.57	0.368	0.152
995	-0.0109	0.57	0.367	0.152
996	-0.0109	0.57	0.367	0.152
997	-0.0106	0.571	0.367	0.152
998	-0.0107	0.57	0.367	0.152
999	-0.0103	0.571	0.367	0.152
1000	-0.0102	0.57	0.367	0.152
1001	-0.0102	0.57	0.367	0.152
1002	-0.0101	0.57	0.367	0.152
1003	-0.0101	0.57	0.367	0.152
1004	-0.0103	0.57	0.367	0.152
1005	-0.0104	0.571	0.367	0.152
1006	-0.0104	0.57	0.367	0.152
1007	-0.0102	0.57	0.367	0.152
1008	-0.0101	0.571	0.367	0.152
1009	-0.0104	0.571	0.367	0.152
1010	-0.0102	0.57	0.367	0.152
1011	-0.01	0.571	0.366	0.152
1012	-0.00981	0.571	0.367	0.152
1013	-0.00991	0.57	0.366	0.152
1014	-0.0099	0.571	0.366	0.152
1015	-0.0101	0.571	0.367	0.152
1016	-0.0102	0.57	0.366	0.152
1017	-0.01	0.57	0.366	0.152
1018	-0.00988	0.57	0.366	0.152
1019	-0.0101	0.57	0.367	0.152
1020	-0.0101	0.57	0.366	0.152
1021	-0.01	0.57	0.366	0.151
1022	-0.0103	0.57	0.366	0.151
1023	-0.0101	0.571	0.366	0.152
1024	-0.0104	0.57	0.366	0.151
1025	-0.0104	0.57	0.366	0.151
1026	-0.0102	0.57	0.366	0.151
1027	-0.0102	0.57	0.366	0.151
1028	-0.0103	0.57	0.366	0.151
1029	-0.0105	0.571	0.366	0.151
1030	-0.0107	0.57	0.366	0.152
1031	-0.0105	0.57	0.366	0.151
1032	-0.0105	0.57	0.366	0.151
1033	-0.0104	0.57	0.366	0.151
1034	-0.0103	0.57	0.366	0.152
1035	-0.0102	0.57	0.365	0.151
1036	-0.0102	0.571	0.366	0.151
1037	-0.0108	0.57	0.366	0.151
1038	-0.0109	0.57	0.366	0.151
1039	-0.0106	0.57	0.366	0.151
1040	-0.0108	0.57	0.366	0.151
1041	-0.0111	0.57	0.366	0.152
1042	-0.011	0.57	0.366	0.151
1043	-0.0104	0.57	0.366	0.151
1044	-0.0105	0.57	0.366	0.151
1045	-0.0105	0.57	0.366	0.151
1046	-0.0104	0.57	0.366	0.151
1047	-0.0107	0.57	0.366	0.151
1048	-0.0103	0.57	0.366	0.151
1049	-0.0105	0.57	0.366	0.151
1050	-0.0104	0.57	0.366	0.151
1051	-0.0107	0.57	0.366	0.151
1052	-0.0104	0.569	0.366	0.151
1053	-0.00984	0.57	0.365	0.151
1054	-0.00987	0.569	0.366	0.151
1055	-0.0102	0.569	0.366	0.151
1056	-0.01	0.569	0.366	0.151
1057	-0.0101	0.569	0.366	0.151
1058	-0.0103	0.569	0.366	0.151
1059	-0.0106	0.569	0.366	0.151
1060	-0.0102	0.569	0.366	0.151
1061	-0.0102	0.57	0.365	0.151
1062	-0.0103	0.569	0.366	0.151
1063	-0.0104	0.569	0.366	0.151
1064	-0.0105	0.569	0.366	0.151
1065	-0.0109	0.569	0.365	0.151
1066	-0.011	0.569	0.366	0.151
1067	-0.0109	0.569	0.366	0.151
1068	-0.0107	0.569	0.366	0.151
1069	-0.0109	0.569	0.366	0.151
1070	-0.0107	0.569	0.366	0.151
1071	-0.0109	0.569	0.366	0.151
1072	-0.0107	0.568	0.366	0.151
1073	-0.0111	0.569	0.366	0.151
1074	-0.0106	0.569	0.366	0.151
1075	-0.0103	0.569	0.366	0.151
1076	-0.0104	0.569	0.366	0.151
1077	-0.00991	0.569	0.366	0.151
1078	-0.0102	0.568	0.366	0.151
1079	-0.0101	0.569	0.366	0.151
1080	-0.00994	0.569	0.366	0.151
1081	-0.0101	0.568	0.366	0.151
1082	-0.0101	0.568	0.366	0.151
1083	-0.01	0.569	0.366	0.151
1084	-0.0101	0.569	0.366	0.151
1085	-0.0102	0.569	0.366	0.151
1086	-0.00969	0.568	0.365	0.151
1087	-0.01	0.569	0.365	0.151
1088	-0.00995	0.569	0.366	0.151
1089	-0.00991	0.569	0.365	0.151
1090	-0.00982	0.569	0.365	0.151
1091	-0.00978	0.569	0.365	0.151
1092	-0.00996	0.569	0.365	0.15
1093	-0.00978	0.568	0.366	0.15
1094	-0.0101	0.568	0.365	0.15
1095	-0.00998	0.568	0.365	0.15
1096	-0.00994	0.568	0.365	0.15
1097	-0.0103	0.568	0.365	0.15
1098	-0.00961	0.568	0.365	0.15
1099	-0.01	0.568	0.365	0.15
1100	-0.0102	0.568	0.365	0.15
1101	-0.00979	0.568	0.365	0.15
1102	-0.0101	0.568	0.365	0.15
1103	-0.0103	0.568	0.365	0.15
1104	-0.01	0.568	0.365	0.151
1105	-0.00989	0.567	0.365	0.15
1106	-0.00991	0.568	0.365	0.151
1107	-0.00988	0.568	0.365	0.15
1108	-0.00969	0.568	0.365	0.15
1109	-0.00937	0.568	0.365	0.15
1110	-0.0095	0.568	0.365	0.15
1111	-0.00922	0.568	0.365	0.15
1112	-0.00936	0.568	0.365	0.15
1113	-0.0094	0.568	0.365	0.15
1114	-0.00983	0.568	0.365	0.15
1115	-0.0103	0.568	0.365	0.15
1116	-0.0102	0.568	0.364	0.15
1117	-0.0105	0.568	0.365	0.15
1118	-0.0101	0.568	0.365	0.149
1119	-0.0101	0.568	0.365	0.149
1120	-0.01	0.568	0.365	0.15
1121	-0.01	0.568	0.365	0.15
1122	-0.00981	0.568	0.365	0.15
1123	-0.01	0.568	0.365	0.15
1124	-0.0103	0.568	0.365	0.15
1125	-0.0104	0.568	0.365	0.15
1126	-0.00987	0.568	0.365	0.15
1127	-0.0102	0.567	0.365	0.15
1128	-0.0105	0.567	0.365	0.149
1129	-0.0107	0.568	0.365	0.149
1130	-0.0106	0.568	0.365	0.149
1131	-0.0106	0.568	0.364	0.149
1132	-0.0103	0.567	0.364	0.149
1133	-0.0105	0.568	0.364	0.15
1134	-0.0108	0.568	0.364	0.149
1135	-0.0109	0.568	0.364	0.149
1136	-0.0108	0.565	0.367	0.149
1137	-0.0103	0.562	0.37	0.149
1138	-0.0103	0.562	0.369	0.149
1139	-0.0102	0.563	0.369	0.149
1140	-0.0102	0.563	0.369	0.149
1141	-0.0102	0.563	0.368	0.15
1142	-0.0097	0.563	0.369	0.149
1143	-0.00979	0.564	0.368	0.149
1144	-0.0101	0.563	0.368	0.149
1145	-0.0101	0.564	0.368	0.149
1146	-0.0102	0.563	0.368	0.149
1147	-0.0104	0.564	0.368	0.149
1148	-0.0102	0.564	0.368	0.149
1149	-0.00998	0.564	0.368	0.149
1150	-0.00982	0.564	0.367	0.149
1151	-0.0101	0.564	0.368	0.149
1152	-0.0101	0.564	0.368	0.149
1153	-0.0103	0.564	0.367	0.149
1154	-0.0105	0.564	0.367	0.149
1155	-0.0103	0.564	0.367	0.149
1156	-0.0104	0.564	0.367	0.149
1157	-0.0104	0.565	0.367	0.149
1158	-0.0103	0.565	0.367	0.15
1159	-0.0103	0.565	0.367	0.149
1160	-0.01	0.564	0.367	0.149
1161	-0.00984	0.564	0.367	0.149
1162	-0.0102	0.564	0.367	0.149
1163	-0.0102	0.565	0.367	0.149
1164	-0.0106	0.564	0.367	0.149
1165	-0.0109	0.564	0.367	0.149
1166	-0.0108	0.564	0.367	0.15
1167	-0.0107	0.564	0.367	0.149
1168	-0.0108	0.564	0.367	0.149
1169	-0.0106	0.564	0.367	0.15
1170	-0.0108	0.564	0.367	0.15
1171	-0.0107	0.565	0.367	0.15
1172	-0.0107	0.564	0.367	0.149
1173	-0.0108	0.564	0.367	0.149
1174	-0.0106	0.565	0.367	0.15
1175	-0.0107	0.565	0.367	0.15
1176	-0.0108	0.564	0.366	0.149
1177	-0.0104	0.564	0.366	0.149
1178	-0.0104	0.564	0.367	0.15
1179	-0.0106	0.564	0.366	0.15
1180	-0.0107	0.564	0.367	0.15
1181	-0.0108	0.564	0.366	0.149
1182	-0.0112	0.564	0.366	0.149
1183	-0.0113	0.564	0.367	0.149
1184	-0.0105	0.564	0.366	0.149
1185	-0.0107	0.564	0.366	0.149
1186	-0.0103	0.564	0.367	0.149
1187	-0.0105	0.564	0.366	0.149
1188	-0.0106	0.564	0.366	0.15
1189	-0.00996	0.564	0.366	0.149
1190	-0.00993	0.564	0.366	0.149
1191	-0.00985	0.564	0.366	0.149
1192	-0.00985	0.564	0.366	0.149
1193	-0.0103	0.564	0.366	0.149
1194	-0.0104	0.564	0.366	0.149
1195	-0.0105	0.564	0.366	0.149
1196	-0.0103	0.564	0.366	0.149
1197	-0.0102	0.564	0.366	0.149
1198	-0.0101	0.564	0.366	0.149
1199	-0.0101	0.564	0.366	0.149
1200	-0.00977	0.564	0.366	0.149
1201	-0.00966	0.564	0.366	0.149
1202	-0.00971	0.564	0.366	0.149
1203	-0.0101	0.563	0.366	0.149
1204	-0.0101	0.564	0.366	0.149
1205	-0.0102	0.564	0.366	0.149
1206	-0.0104	0.564	0.366	0.149
1207	-0.0105	0.564	0.366	0.149
1208	-0.0106	0.564	0.366	0.149
1209	-0.0106	0.563	0.366	0.149
1210	-0.0106	0.564	0.366	0.149
1211	-0.0104	0.563	0.366	0.149
1212	-0.0104	0.563	0.366	0.149
1213	-0.0101	0.563	0.366	0.149
1214	-0.0102	0.563	0.366	0.149
1215	-0.0103	0.563	0.366	0.149
1216	-0.0105	0.563	0.366	0.149
1217	-0.0103	0.563	0.365	0.149
1218	-0.0103	0.564	0.365	0.149
1219	-0.0102	0.564	0.366	0.149
1220	-0.0104	0.563	0.366	0.149
1221	-0.01	0.563	0.366	0.149
1222	-0.00966	0.564	0.366	0.149
1223	-0.00968	0.563	0.366	0.149
1224	-0.00984	0.563	0.366	0.149
1225	-0.00986	0.563	0.366	0.149
1226	-0.00955	0.563	0.366	0.149
1227	-0.00929	0.563	0.366	0.149
1228	-0.00927	0.563	0.365	0.149
1229	-0.00937	0.563	0.366	0.149
1230	-0.00922	0.564	0.365	0.149
1231	-0.00959	0.564	0.366	0.149
1232	-0.00997	0.563	0.365	0.148
1233	-0.00999	0.563	0.365	0.148
1234	-0.0103	0.563	0.366	0.148
1235	-0.0103	0.563	0.365	0.148
1236	-0.01	0.563	0.365	0.148
1237	-0.0101	0.563	0.365	0.148
1238	-0.0102	0.563	0.365	0.148
1239	-0.0101	0.563	0.365	0.148
1240	-0.0098	0.563	0.365	0.149
1241	-0.00996	0.563	0.365	0.148
1242	-0.0102	0.563	0.365	0.148
1243	-0.0103	0.563	0.365	0.148
1244	-0.0101	0.563	0.365	0.148
1245	-0.0108	0.563	0.366	0.148
1246	-0.0107	0.563	0.366	0.148
1247	-0.0106	0.563	0.366	0.148
1248	-0.0104	0.563	0.365	0.148
1249	-0.0106	0.563	0.365	0.148
1250	-0.0105	0.563	0.365	0.148
1251	-0.0104	0.563	0.365	0.148
1252	-0.0102	0.563	0.365	0.148
1253	-0.0102	0.563	0.365	0.148
1254	-0.0103	0.563	0.365	0.148
1255	-0.0106	0.563	0.365	0.148
1256	-0.0104	0.563	0.365	0.148
1257	-0.0103	0.563	0.365	0.148
1258	-0.0101	0.563	0.365	0.148
1259	-0.0101	0.563	0.365	0.148
1260	-0.0106	0.562	0.365	0.148
1261	-0.0106	0.563	0.365	0.148
1262	-0.0107	0.563	0.365	0.148
1263	-0.0104	0.563	0.365	0.148
1264	-0.0102	0.563	0.365	0.148
1265	-0.0101	0.563	0.365	0.148
1266	-0.01	0.562	0.365	0.148
1267	-0.0104	0.563	0.365	0.148
1268	-0.0104	0.563	0.365	0.148
1269	-0.0105	0.562	0.365	0.148
1270	-0.0107	0.563	0.365	0.148
1271	-0.0109	0.563	0.365	0.148
1272	-0.0107	0.56	0.368	0.148
1273	-0.0105	0.558	0.37	0.148
1274	-0.0103	0.558	0.37	0.148
1275	-0.0106	0.559	0.369	0.148
1276	-0.011	0.559	0.369	0.148
1277	-0.0105	0.558	0.369	0.148
1278	-0.0105	0.559	0.369	0.148
1279	-0.0105	0.559	0.369	0.148
1280	-0.0106	0.559	0.369	0.148
1281	-0.0104	0.559	0.369	0.148
1282	-0.0106	0.559	0.369	0.148
1283	-0.0103	0.559	0.368	0.148
1284	-0.0101	0.56	0.368	0.148
1285	-0.0104	0.559	0.368	0.148
1286	-0.0103	0.559	0.368	0.148
1287	-0.0101	0.559	0.368	0.148
1288	-0.00995	0.559	0.368	0.148
1289	-0.0103	0.559	0.368	0.148
1290	-0.0102	0.559	0.368	0.148
1291	-0.0104	0.559	0.368	0.148
1292	-0.0103	0.559	0.367	0.148
1293	-0.0101	0.559	0.367	0.148
1294	-0.01	0.559	0.367	0.148
1295	-0.0104	0.559	0.367	0.148
1296	-0.0105	0.559	0.368	0.148
1297	-0.0104	0.559	0.367	0.148
1298	-0.01	0.559	0.367	0.148
1299	-0.0102	0.559	0.367	0.148
1300	-0.0102	0.559	0.368	0.148
1301	-0.0102	0.559	0.367	0.148
1302	-0.0103	0.559	0.367	0.148
1303	-0.0105	0.559	0.367	0.148
1304	-0.0105	0.559	0.367	0.148
1305	-0.0103	0.559	0.367	0.148
1306	-0.0103	0.559	0.367	0.147
1307	-0.0104	0.559	0.367	0.147
1308	-0.0101	0.56	0.367	0.147
1309	-0.00982	0.559	0.367	0.147
1310	-0.00975	0.559	0.367	0.147
1311	-0.00976	0.56	0.367	0.147
1312	-0.0102	0.559	0.367	0.147
1313	-0.01	0.559	0.367	0.147
1314	-0.0101	0.56	0.367	0.147
1315	-0.0102	0.56	0.366	0.147
1316	-0.0104	0.559	0.367	0.147
1317	-0.0102	0.56	0.366	0.147
1318	-0.0103	0.559	0.367	0.147
1319	-0.0102	0.559	0.367	0.147
1320	-0.01	0.559	0.367	0.147
1321	-0.00981	0.56	0.367	0.147
1322	-0.0099	0.559	0.367	0.147
1323	-0.00978	0.559	0.366	0.147
1324	-0.00986	0.559	0.367	0.147
1325	-0.00986	0.559	0.366	0.147
1326	-0.00989	0.559	0.366	0.147
1327	-0.00981	0.559	0.366	0.147
1328	-0.01	0.559	0.367	0.147
1329	-0.0105	0.56	0.366	0.147
1330	-0.0107	0.559	0.366	0.147
1331	-0.0104	0.559	0.366	0.147
1332	-0.0105	0.559	0.366	0.147
1333	-0.0103	0.559	0.366	0.147
1334	-0.0102	0.56	0.366	0.147
1335	-0.0103	0.559	0.366	0.147
1336	-0.0104	0.559	0.366	0.147
1337	-0.0104	0.559	0.366	0.147
1338	-0.0106	0.559	0.366	0.147
1339	-0.0107	0.559	0.366	0.147
1340	-0.0103	0.558	0.366	0.147
1341	-0.0101	0.559	0.366	0.147
1342	-0.0105	0.559	0.366	0.147
1343	-0.0106	0.559	0.366	0.147
1344	-0.0104	0.559	0.366	0.147
1345	-0.0103	0.559	0.366	0.147
1346	-0.0102	0.559	0.366	0.147
1347	-0.0103	0.559	0.366	0.147
1348	-0.0105	0.559	0.366	0.147
1349	-0.0102	0.559	0.366	0.147
1350	-0.0104	0.559	0.366	0.147
1351	-0.0103	0.559	0.366	0.147
1352	-0.0106	0.558	0.366	0.147
1353	-0.0104	0.559	0.366	0.147
1354	-0.0109	0.559	0.366	0.147
1355	-0.0108	0.558	0.366	0.147
1356	-0.0106	0.559	0.366	0.147
1357	-0.0107	0.558	0.366	0.147
1358	-0.0106	0.558	0.366	0.147
1359	-0.0109	0.559	0.366	0.147
1360	-0.0112	0.559	0.366	0.147
1361	-0.011	0.558	0.366	0.147
1362	-0.0106	0.559	0.366	0.147
1363	-0.0107	0.559	0.366	0.147
1364	-0.0106	0.558	0.366	0.147
1365	-0.0103	0.559	0.366	0.147
1366	-0.0103	0.559	0.366	0.147
1367	-0.0106	0.558	0.365	0.147
1368	-0.0103	0.559	0.366	0.147
1369	-0.0104	0.559	0.366	0.147
1370	-0.0104	0.558	0.366	0.147
1371	-0.0105	0.558	0.366	0.147
1372	-0.0105	0.559	0.366	0.147
1373	-0.0105	0.558	0.366	0.147
1374	-0.01	0.558	0.366	0.147
1375	-0.0104	0.558	0.365	0.147
1376	-0.0101	0.558	0.366	0.147
1377	-0.0101	0.559	0.365	0.147
1378	-0.0103	0.559	0.366	0.147
1379	-0.00998	0.558	0.366	0.147
1380	-0.0101	0.558	0.366	0.147
1381	-0.0103	0.559	0.366	0.147
1382	-0.0106	0.558	0.365	0.147
1383	-0.0102	0.559	0.366	0.147
1384	-0.0104	0.558	0.366	0.147
1385	-0.0101	0.557	0.365	0.147
1386	-0.0105	0.558	0.366	0.147
1387	-0.00982	0.557	0.366	0.147
1388	-0.0096	0.557	0.366	0.147
1389	-0.00994	0.558	0.366	0.147
1390	-0.0104	0.558	0.366	0.147
1391	-0.0103	0.557	0.366	0.146
1392	-0.0103	0.558	0.366	0.147
1393	-0.0103	0.558	0.366	0.147
1394	-0.0106	0.557	0.366	0.147
1395	-0.0107	0.558	0.366	0.147
1396	-0.0103	0.558	0.366	0.147
1397	-0.0102	0.557	0.365	0.146
1398	-0.0104	0.558	0.365	0.147
1399	-0.0102	0.558	0.365	0.147
1400	-0.0101	0.558	0.365	0.146
1401	-0.0102	0.558	0.365	0.146
1402	-0.0106	0.558	0.365	0.146
1403	-0.0106	0.558	0.365	0.146
1404	-0.0105	0.559	0.365	0.146
1405	-0.0106	0.558	0.366	0.146
1406	-0.0104	0.558	0.365	0.146
1407	-0.0103	0.558	0.365	0.146
1408	-0.00994	0.558	0.365	0.146
1409	-0.00992	0.558	0.365	0.146
1410	-0.0101	0.558	0.365	0.146
1411	-0.0101	0.558	0.365	0.146
1412	-0.0103	0.557	0.365	0.146
1413	-0.0102	0.557	0.365	0.146
1414	-0.0105	0.557	0.365	0.146
1415	-0.0103	0.558	0.365	0.146
1416	-0.0105	0.558	0.365	0.146
1417	-0.0104	0.558	0.365	0.146
1418	-0.0107	0.558	0.365	0.146
1419	-0.0111	0.557	0.365	0.146
1420	-0.0106	0.557	0.365	0.146
1421	-0.0106	0.557	0.365	0.146
1422	-0.0107	0.557	0.365	0.146
1423	-0.0105	0.557	0.365	0.146
1424	-0.0105	0.557	0.365	0.146
1425	-0.0105	0.557	0.365	0.146
1426	-0.0108	0.557	0.365	0.146
1427	-0.0107	0.557	0.365	0.146
1428	-0.0107	0.557	0.365	0.146
1429	-0.0105	0.557	0.365	0.146
1430	-0.00995	0.557	0.365	0.146
1431	-0.0101	0.557	0.365	0.146
1432	-0.0103	0.557	0.365	0.146
1433	-0.0105	0.558	0.364	0.146
1434	-0.0104	0.557	0.365	0.146
1435	-0.0103	0.557	0.365	0.146
1436	-0.0107	0.557	0.365	0.146
1437	-0.0106	0.557	0.365	0.146
1438	-0.0105	0.557	0.365	0.146
1439	-0.0102	0.557	0.365	0.146
1440	-0.0105	0.557	0.365	0.146
1441	-0.0106	0.557	0.365	0.146
1442	-0.0108	0.557	0.365	0.146
1443	-0.0107	0.557	0.365	0.146
1444	-0.0103	0.557	0.365	0.146
1445	-0.0102	0.557	0.365	0.146
1446	-0.0102	0.554	0.368	0.146
1447	-0.0104	0.552	0.37	0.146
1448	-0.0107	0.552	0.37	0.146
1449	-0.0107	0.553	0.369	0.146
1450	-0.0107	0.553	0.369	0.146
1451	-0.0106	0.553	0.369	0.146
1452	-0.0106	0.553	0.368	0.146
1453	-0.0106	0.553	0.368	0.146
1454	-0.0109	0.553	0.368	0.146
1455	-0.0109	0.553	0.368	0.146
1456	-0.0109	0.554	0.368	0.146
1457	-0.0108	0.553	0.368	0.146
1458	-0.011	0.553	0.368	0.146
1459	-0.011	0.553	0.368	0.146
1460	-0.0105	0.554	0.368	0.146
1461	-0.0103	0.554	0.368	0.146
1462	-0.0104	0.553	0.368	0.146
1463	-0.0102	0.553	0.367	0.146
1464	-0.00994	0.554	0.367	0.146
1465	-0.0098	0.553	0.367	0.146
1466	-0.00984	0.553	0.368	0.146
1467	-0.0101	0.553	0.368	0.146
1468	-0.0102	0.553	0.367	0.146
1469	-0.0101	0.554	0.367	0.146
1470	-0.0101	0.553	0.367	0.145
1471	-0.0102	0.554	0.367	0.146
1472	-0.0105	0.554	0.367	0.145
1473	-0.0102	0.554	0.367	0.146
1474	-0.0099	0.553	0.367	0.145
1475	-0.0101	0.553	0.367	0.145
1476	-0.0103	0.553	0.367	0.145
1477	-0.0104	0.553	0.367	0.145
1478	-0.0105	0.553	0.367	0.146
1479	-0.0107	0.553	0.367	0.146
1480	-0.0108	0.553	0.367	0.146
1481	-0.0107	0.553	0.367	0.146
1482	-0.0105	0.553	0.367	0.146
1483	-0.0103	0.553	0.366	0.145
1484	-0.0104	0.553	0.367	0.145
1485	-0.0102	0.554	0.367	0.145
1486	-0.0105	0.554	0.367	0.145
1487	-0.0107	0.553	0.367	0.145
1488	-0.0107	0.553	0.367	0.145
1489	-0.0107	0.554	0.366	0.145
1490	-0.0102	0.554	0.367	0.145
1491	-0.0103	0.554	0.367	0.145
1492	-0.0103	0.553	0.366	0.145
1493	-0.0102	0.554	0.367	0.145
1494	-0.0107	0.553	0.366	0.145
1495	-0.0103	0.553	0.366	0.145
1496	-0.0103	0.553	0.367	0.145
1497	-0.0106	0.553	0.367	0.145
1498	-0.0105	0.553	0.366	0.145
1499	-0.0103	0.554	0.366	0.145
1500	-0.0104	0.554	0.366	0.145
1501	-0.0103	0.554	0.366	0.145
1502	-0.0106	0.554	0.366	0.145
1503	-0.0105	0.554	0.366	0.145
1504	-0.0102	0.554	0.366	0.145
1505	-0.0102	0.553	0.366	0.145
1506	-0.0102	0.554	0.366	0.145
1507	-0.0102	0.554	0.366	0.145
1508	-0.00974	0.554	0.366	0.145
1509	-0.0101	0.554	0.366	0.145
1510	-0.0102	0.554	0.366	0.145
1511	-0.0106	0.553	0.366	0.145
1512	-0.0109	0.554	0.366	0.145
1513	-0.0106	0.554	0.366	0.145
1514	-0.0106	0.554	0.366	0.145
1515	-0.0105	0.553	0.366	0.145
1516	-0.0106	0.554	0.366	0.145
1517	-0.0106	0.553	0.366	0.145
1518	-0.0101	0.554	0.366	0.145
1519	-0.0101	0.554	0.366	0.146
1520	-0.0107	0.553	0.366	0.145
1521	-0.0105	0.554	0.366	0.146
1522	-0.0104	0.554	0.366	0.146
1523	-0.0104	0.554	0.366	0.145
1524	-0.0102	0.553	0.366	0.145
1525	-0.0104	0.553	0.366	0.145
1526	-0.0107	0.554	0.366	0.145
1527	-0.0107	0.553	0.366	0.145
1528	-0.0104	0.554	0.365	0.145
1529	-0.0102	0.553	0.366	0.145
1530	-0.0102	0.553	0.366	0.145
1531	-0.0106	0.554	0.365	0.145
1532	-0.0108	0.554	0.366	0.145
1533	-0.0109	0.554	0.365	0.145
1534	-0.0107	0.554	0.365	0.145
1535	-0.0106	0.554	0.365	0.145
1536	-0.0105	0.554	0.365	0.145
1537	-0.0105	0.553	0.365	0.145
1538	-0.0108	0.554	0.365	0.145
1539	-0.0105	0.554	0.365	0.145
1540	-0.0105	0.554	0.366	0.145
1541	-0.0107	0.554	0.365	0.145
1542	-0.0106	0.554	0.365	0.145
1543	-0.0105	0.554	0.365	0.145
1544	-0.0107	0.554	0.365	0.145
1545	-0.0101	0.553	0.365	0.145
1546	-0.0105	0.553	0.365	0.145
1547	-0.0105	0.554	0.365	0.145
1548	-0.0107	0.553	0.365	0.145
1549	-0.0105	0.553	0.365	0.145
1550	-0.0107	0.553	0.365	0.145
1551	-0.0109	0.553	0.365	0.145
1552	-0.0108	0.553	0.365	0.145
1553	-0.0108	0.553	0.365	0.145
1554	-0.0107	0.553	0.365	0.145
1555	-0.0109	0.553	0.365	0.145
1556	-0.0107	0.553	0.365	0.145
1557	-0.0106	0.553	0.365	0.145
1558	-0.0107	0.553	0.365	0.145
1559	-0.0105	0.553	0.366	0.145
1560	-0.0107	0.553	0.365	0.145
1561	-0.0108	0.553	0.365	0.145
1562	-0.0108	0.553	0.365	0.145
1563	-0.0108	0.553	0.365	0.145
1564	-0.0109	0.553	0.365	0.145
1565	-0.0107	0.553	0.365	0.145
1566	-0.0104	0.553	0.365	0.144
1567	-0.0103	0.553	0.365	0.144
1568	-0.0105	0.553	0.365	0.144
1569	-0.0108	0.552	0.365	0.144
1570	-0.011	0.553	0.365	0.144
1571	-0.0109	0.553	0.365	0.144
1572	-0.0109	0.553	0.365	0.144
1573	-0.0108	0.552	0.365	0.144
1574	-0.0106	0.553	0.365	0.144
1575	-0.0107	0.553	0.365	0.144
1576	-0.0107	0.552	0.365	0.144
1577	-0.0106	0.553	0.365	0.144
1578	-0.0109	0.552	0.365	0.144
1579	-0.0109	0.553	0.365	0.144
1580	-0.0107	0.553	0.365	0.144
1581	-0.0107	0.553	0.365	0.144
1582	-0.0106	0.553	0.365	0.144
1583	-0.0106	0.553	0.365	0.144
1584	-0.0107	0.553	0.365	0.144
1585	-0.0109	0.553	0.365	0.144
1586	-0.0108	0.553	0.365	0.144
1587	-0.0105	0.552	0.365	0.144
1588	-0.0104	0.553	0.365	0.144
1589	-0.0106	0.553	0.365	0.144
1590	-0.0104	0.552	0.365	0.144
1591	-0.0107	0.552	0.365	0.144
1592	-0.0107	0.552	0.365	0.144
1593	-0.0105	0.552	0.365	0.144
1594	-0.0103	0.552	0.365	0.144
1595	-0.0103	0.553	0.365	0.145
